15:55:20.496 [main                     ] DEBUG Logger               - Configured Logger
15:55:20.513 [main                     ] DEBUG GameApplication      - Logging settings
Title: BOMBERMAN
Version: 1.0
Width: 1080
Height: 720
Fullscreen: false
Intro: false
Profiling: false
Single step:false
App Mode: DEVELOPER
Menu Key: ESCAPE
Stage Style: DECORATED
Scene Factory: class com.almasb.fxgl.app.scene.SceneFactory

15:55:21.128 [JavaFX Application Thread] DEBUG FXGLApplication      - Initializing FXGL
15:55:21.131 [JavaFX Application Thread] INFO  Engine               - FXGL-17.1 (24.03.2022 17.34) on WINDOWS (J:19 FX:19-ea)
15:55:21.132 [JavaFX Application Thread] DEBUG Engine               - JRE Vendor Name: Oracle Corporation
15:55:21.132 [JavaFX Application Thread] DEBUG Engine               - Running on OS: Windows 11 version 10.0
15:55:21.132 [JavaFX Application Thread] DEBUG Engine               - Architecture: amd64
15:55:21.132 [JavaFX Application Thread] INFO  Engine               - Source code and latest versions at: https://github.com/AlmasB/FXGL
15:55:21.132 [JavaFX Application Thread] INFO  Engine               -       Ask questions and discuss at: https://github.com/AlmasB/FXGL/discussions
15:55:21.132 [JavaFX Application Thread] INFO  Engine               -              Join the FXGL chat at: https://gitter.im/AlmasB/FXGL
15:55:21.221 [JavaFX Application Thread] DEBUG PrimaryStageWindow   - Creating a JavaFX scene
15:55:21.355 [JavaFX Application Thread] DEBUG PrimaryStageWindow   - Target settings size: 1080.0 x 720.0
15:55:21.355 [JavaFX Application Thread] DEBUG PrimaryStageWindow   - Scaled scene size:    1080.0 x 720.0
15:55:21.355 [JavaFX Application Thread] DEBUG PrimaryStageWindow   - Scaled ratio: (1.0, 1.0)
15:55:21.356 [JavaFX Application Thread] DEBUG PrimaryStageWindow   - Set initial scene to FXGLStartupScene
15:55:21.363 [JavaFX Application Thread] DEBUG PrimaryStageWindow   - Opening main window
15:55:21.522 [JavaFX Application Thread] DEBUG PrimaryStageWindow   - Window border size: (14.4000244140625, 37.5999755859375)
15:55:21.522 [JavaFX Application Thread] DEBUG PrimaryStageWindow   - Scaled size: 1080.0 x 720.0
15:55:21.523 [JavaFX Application Thread] DEBUG PrimaryStageWindow   - Scaled ratio: (1.0, 1.0)
15:55:21.524 [JavaFX Application Thread] DEBUG PrimaryStageWindow   - Scene size: 1080.0 x 720.0
15:55:21.524 [JavaFX Application Thread] DEBUG PrimaryStageWindow   - Stage size: 1094.4000244140625 x 757.5999755859375
15:55:21.535 [FXGL Background Thread 1 ] DEBUG Engine               - Initializing environment variables
15:55:21.594 [FXGL Background Thread 1 ] DEBUG FXGLAssetLoaderServi - User app class for loading assets: class com.bomberman.bombermanplus.BombermanApp
15:55:21.595 [FXGL Background Thread 1 ] DEBUG GameApplicationServi - Applying CSS: fxgl_dark.css
15:55:21.595 [FXGL Background Thread 1 ] DEBUG FXGLAssetLoaderServi - Loading from file system: jar:file:///C:/Users/ADMIN/.m2/repository/com/github/almasb/fxgl/17.1/fxgl-17.1.jar!/fxglassets/ui/css/fxgl_dark.css
15:55:21.626 [FXGL Background Thread 1 ] DEBUG GameApplicationServi - Initializing application scenes
15:55:21.674 [FXGL Background Thread 1 ] DEBUG GameWorld            - Game world initialized
15:55:21.712 [FXGL Background Thread 1 ] DEBUG PhysicsWorld         - Physics world initialized: appHeight=720, physics.ppm=50.0
15:55:21.712 [FXGL Background Thread 1 ] DEBUG PhysicsWorld         - Using strategy: BRUTE_FORCE
15:55:21.716 [FXGL Background Thread 1 ] DEBUG GameScene            - Game scene initialized: 1080x720
15:55:21.726 [FXGL Background Thread 1 ] DEBUG FXGL.DefaultMenu     - createMenuBodyMainMenu()
15:55:21.738 [FXGL Background Thread 1 ] DEBUG FXGL.DefaultMenu     - createOptionsMenu()
15:55:21.746 [FXGL Background Thread 1 ] DEBUG FXGLAssetLoaderServi - Loading from file system: jar:file:///C:/Users/ADMIN/.m2/repository/com/github/almasb/fxgl/17.1/fxgl-17.1.jar!/fxglassets/textures/particles/smoke.png
15:55:21.813 [FXGL Background Thread 1 ] DEBUG FXGLAssetLoaderServi - Loading from file system: jar:file:///C:/Users/ADMIN/.m2/repository/com/github/almasb/fxgl/17.1/fxgl-17.1.jar!/fxglassets/textures/particles/trace_horizontal.png
15:55:21.841 [FXGL Background Thread 1 ] DEBUG GameApplicationServi - Application scenes initialized
15:55:21.856 [FXGL Background Thread 1 ] DEBUG SystemBundleService  - Loading FXGL system data
15:55:21.871 [FXGL Background Thread 1 ] DEBUG FileSystemAccess     - Reading from: C:\Users\ADMIN\IdeaProjects\BombermanPlus\system\fxgl.bundle
15:55:21.889 [FXGL Background Thread 1 ] DEBUG SystemBundleService  - Bundle FXGL: {}
15:55:21.889 [FXGL Background Thread 1 ] DEBUG UpdaterService       - Checking for updates
15:55:21.894 [FXGL Background Thread 4 ] DEBUG FXGLApplication      - Loading fonts
15:55:21.894 [FXGL Background Thread 1 ] DEBUG FXGLApplication      - Loading default localization
15:55:21.894 [FXGL Background Thread 4 ] DEBUG FXGLAssetLoaderServi - Loading from file system: jar:file:///C:/Users/ADMIN/.m2/repository/com/github/almasb/fxgl/17.1/fxgl-17.1.jar!/fxglassets/ui/fonts/VarelaRound-Regular.ttf
15:55:21.894 [FXGL Background Thread 1 ] DEBUG FXGLAssetLoaderServi - Loading from file system: jar:file:///C:/Users/ADMIN/.m2/repository/com/github/almasb/fxgl/17.1/fxgl-17.1.jar!/fxglassets/languages/english.lang
15:55:21.906 [FXGL Background Thread 1 ] INFO  FXGLApplication      - FXGL initialization took: 0.372 sec
15:55:21.912 [JavaFX Application Thread] DEBUG Input                - Registered new binding: Move Right - D
15:55:21.913 [JavaFX Application Thread] DEBUG Input                - Registered new binding: Move Up - W
15:55:21.913 [JavaFX Application Thread] DEBUG Input                - Registered new binding: Move Down - S
15:55:21.913 [JavaFX Application Thread] DEBUG Input                - Registered new binding: Move Left - A
15:55:21.913 [JavaFX Application Thread] DEBUG Input                - Registered new binding: Place bomb - Space
15:55:21.913 [JavaFX Application Thread] DEBUG FXGLAssetLoaderServi - Loading from file system: jar:file:///C:/Users/ADMIN/.m2/repository/com/github/almasb/fxgl/17.1/fxgl-17.1.jar!/fxglassets/textures/fxgl_icon.png
15:55:21.933 [JavaFX Application Thread] DEBUG FXGLAssetLoaderServi - Loading from file system: jar:file:///C:/Users/ADMIN/.m2/repository/com/github/almasb/fxgl/17.1/fxgl-17.1.jar!/fxglassets/textures/fxgl_default_cursor.png
15:55:21.934 [JavaFX Application Thread] DEBUG Input                - Registered new binding: Screenshot - CTRL+8
15:55:21.934 [JavaFX Application Thread] DEBUG Input                - Registered new binding: System info dump - CTRL+9
15:55:21.934 [JavaFX Application Thread] DEBUG Input                - Registered new binding: Restart - CTRL+R
15:55:21.935 [JavaFX Application Thread] DEBUG Input                - Registered new binding: Toggle Debug Camera - CTRL+7
15:55:21.936 [JavaFX Application Thread] DEBUG LoopRunner           - Starting loop
15:55:21.936 [JavaFX Application Thread] DEBUG LoopRunner           - Initializing JavaFX AnimationTimerLoop
15:55:21.939 [JavaFX Application Thread] DEBUG Input                - Clearing active input actions
15:55:21.945 [JavaFX Application Thread] DEBUG GameApplicationServi - Removing overlay from FXGLStartupScene and adding to FXGLMainMenuDummyScene
15:55:21.945 [JavaFX Application Thread] DEBUG PrimaryStageWindow   - FXGLStartupScene -> FXGLMainMenuDummyScene
15:55:21.945 [JavaFX Application Thread] DEBUG PrimaryStageWindow   - Push state: FXGLDefaultMenu
15:55:21.948 [JavaFX Application Thread] DEBUG Input                - Clearing active input actions
15:55:21.953 [JavaFX Application Thread] DEBUG GameApplicationServi - Removing overlay from FXGLMainMenuDummyScene and adding to FXGLDefaultMenu
15:55:21.953 [JavaFX Application Thread] DEBUG PrimaryStageWindow   - FXGLMainMenuDummyScene -> FXGLDefaultMenu
15:55:21.958 [FXGL Background Thread 4 ] DEBUG FXGLAssetLoaderServi - Loading from file system: jar:file:///C:/Users/ADMIN/.m2/repository/com/github/almasb/fxgl/17.1/fxgl-17.1.jar!/fxglassets/ui/fonts/Abel-Regular.ttf
15:55:21.968 [FXGL Background Thread 4 ] DEBUG FXGLAssetLoaderServi - Loading from file system: jar:file:///C:/Users/ADMIN/.m2/repository/com/github/almasb/fxgl/17.1/fxgl-17.1.jar!/fxglassets/ui/fonts/TerminalLandMono-Regular.otf
15:55:21.980 [FXGL Background Thread 4 ] DEBUG FXGLAssetLoaderServi - Loading from file system: jar:file:///C:/Users/ADMIN/.m2/repository/com/github/almasb/fxgl/17.1/fxgl-17.1.jar!/fxglassets/ui/fonts/Courier-Prime.ttf
15:55:22.008 [JavaFX Application Thread] DEBUG FXGLApplication      - Registering font factories with UI factory
15:55:22.899 [FXGL Background Thread 2 ] INFO  UpdaterService       - Your current version:  17.1
15:55:22.899 [FXGL Background Thread 2 ] INFO  UpdaterService       - Latest stable version: 17.2
15:55:23.121 [JavaFX Application Thread] DEBUG Menu                 - fireNewGame()
15:55:23.121 [JavaFX Application Thread] DEBUG GameApplicationServi - Starting new game
15:55:23.124 [JavaFX Application Thread] DEBUG PrimaryStageWindow   - Pop state: FXGLDefaultMenu
15:55:23.124 [JavaFX Application Thread] DEBUG Input                - Clearing active input actions
15:55:23.126 [JavaFX Application Thread] DEBUG GameApplicationServi - Removing overlay from FXGLDefaultMenu and adding to FXGLMainMenuDummyScene
15:55:23.126 [JavaFX Application Thread] DEBUG PrimaryStageWindow   - FXGLMainMenuDummyScene <- FXGLDefaultMenu
15:55:23.126 [JavaFX Application Thread] DEBUG Input                - Clearing active input actions
15:55:23.132 [JavaFX Application Thread] DEBUG GameApplicationServi - Removing overlay from FXGLMainMenuDummyScene and adding to FXGLLoadingScene
15:55:23.133 [JavaFX Application Thread] DEBUG PrimaryStageWindow   - FXGLMainMenuDummyScene -> FXGLLoadingScene
15:55:23.133 [JavaFX Application Thread] DEBUG GameApplicationServi - Clearing previous game
15:55:23.133 [JavaFX Application Thread] DEBUG GameScene            - Clearing game scene
15:55:23.133 [JavaFX Application Thread] DEBUG GameWorld            - Clearing game world
15:55:23.133 [JavaFX Application Thread] DEBUG PhysicsWorld         - Clearing physics world
15:55:23.134 [FXGL Background Thread 2 ] DEBUG FXGLApplication      - Initializing game
15:55:23.195 [FXGL Background Thread 2 ] WARN  TMXLevelLoader       - TiledMap generated from 1.9.2. Supported version: 1.4.2. Some features may not be parsed fully.
15:55:23.202 [FXGL Background Thread 2 ] DEBUG TMXLevelLoader       - Parsed TiledMap: file:/C:/Users/ADMIN/IdeaProjects/BombermanPlus/target/classes/assets/levels/lv1demo.tmx
15:55:23.203 [FXGL Background Thread 2 ] DEBUG TMXLevelLoader       - Creating tile layer entities
15:55:23.205 [FXGL Background Thread 2 ] DEBUG TilesetLoader        - Loading view for layer Tile Layer 1
15:55:23.207 [FXGL Background Thread 2 ] DEBUG TilesetLoader        - Created buffer with size 1488.0x720.0
15:55:23.225 [FXGL Background Thread 2 ] DEBUG TMXLevelLoader       - Creating object layer entities
15:55:23.262 [FXGL Background Thread 2 ] DEBUG FXGLAssetLoaderServi - Loading from file system: file:/C:/Users/ADMIN/IdeaProjects/BombermanPlus/target/classes/assets/textures/sprites.png
15:55:23.288 [FXGL Background Thread 2 ] DEBUG GameWorld            - Clearing removable entities
15:55:23.289 [FXGL Background Thread 2 ] DEBUG GameWorld            - Setting level: com.almasb.fxgl.entity.level.Level@7383ab72
15:55:23.295 [FXGL Background Thread 2 ] INFO  FXGLApplication      - Game initialization took: 0.160 sec
15:55:23.296 [JavaFX Application Thread] DEBUG Input                - Clearing active input actions
15:55:23.301 [JavaFX Application Thread] DEBUG GameApplicationServi - Removing overlay from FXGLLoadingScene and adding to GameScene
15:55:23.301 [JavaFX Application Thread] DEBUG PrimaryStageWindow   - FXGLLoadingScene -> GameScene
15:55:24.893 [FXGL Background Thread 3 ] DEBUG Engine               - Logging environment variables
15:55:24.894 [FXGL Background Thread 3 ] DEBUG Engine               - achievements: []
15:55:24.894 [FXGL Background Thread 3 ] DEBUG Engine               - actualHeight: 720.0
15:55:24.894 [FXGL Background Thread 3 ] DEBUG Engine               - actualHeightProperty: ReadOnlyDoubleProperty [value: 720.0]
15:55:24.894 [FXGL Background Thread 3 ] DEBUG Engine               - actualWidth: 1080.0
15:55:24.894 [FXGL Background Thread 3 ] DEBUG Engine               - actualWidthProperty: ReadOnlyDoubleProperty [value: 1080.0]
15:55:24.894 [FXGL Background Thread 3 ] DEBUG Engine               - appIcon: fxgl_icon.png
15:55:24.894 [FXGL Background Thread 3 ] DEBUG Engine               - applicationMode: DEVELOPER
15:55:24.894 [FXGL Background Thread 3 ] DEBUG Engine               - cSSList: [fxgl_dark.css]
15:55:24.894 [FXGL Background Thread 3 ] DEBUG Engine               - collisionDetectionStrategy: BRUTE_FORCE
15:55:24.894 [FXGL Background Thread 3 ] DEBUG Engine               - configClass: Optional.empty
15:55:24.894 [FXGL Background Thread 3 ] DEBUG Engine               - credits: []
15:55:24.894 [FXGL Background Thread 3 ] DEBUG Engine               - defaultCursor: CursorInfo(imageName=fxgl_default_cursor.png, hotspotX=7.0, hotspotY=6.0)
15:55:24.894 [FXGL Background Thread 3 ] DEBUG Engine               - devBBoxColorProperty: ObjectProperty [value: 0xff0000ff]
15:55:24.895 [FXGL Background Thread 3 ] DEBUG Engine               - devEnableDebugCameraProperty: BooleanProperty [value: false]
15:55:24.895 [FXGL Background Thread 3 ] DEBUG Engine               - devSensorColorProperty: ObjectProperty [value: 0xffff00ff]
15:55:24.895 [FXGL Background Thread 3 ] DEBUG Engine               - devShowBBoxProperty: BooleanProperty [value: false]
15:55:24.895 [FXGL Background Thread 3 ] DEBUG Engine               - devShowPositionProperty: BooleanProperty [value: false]
15:55:24.895 [FXGL Background Thread 3 ] DEBUG Engine               - enabledMenuItems: []
15:55:24.895 [FXGL Background Thread 3 ] DEBUG Engine               - engineServices: [class com.almasb.fxgl.app.services.FXGLAssetLoaderService, class com.almasb.fxgl.app.FXGLApplication$GameApplicationService, class com.almasb.fxgl.app.services.FXGLDialogService, class com.almasb.fxgl.app.services.IOTaskExecutorService, class com.almasb.fxgl.io.FileSystemService, class com.almasb.fxgl.localization.LocalizationService, class com.almasb.fxgl.app.services.SystemBundleService, class com.almasb.fxgl.profile.SaveLoadService, class com.almasb.fxgl.ui.FXGLUIFactoryServiceProvider, class com.almasb.fxgl.ui.FXGLDialogFactoryServiceProvider, class com.almasb.fxgl.audio.AudioPlayer, class com.almasb.fxgl.notification.impl.NotificationServiceProvider, class com.almasb.fxgl.achievement.AchievementService, class com.almasb.fxgl.cutscene.CutsceneService, class com.almasb.fxgl.minigames.MiniGameService, class com.almasb.fxgl.net.NetService, class com.almasb.fxgl.app.services.UpdaterService, class com.almasb.fxgl.dev.DevService]
15:55:24.895 [FXGL Background Thread 3 ] DEBUG Engine               - fontGame: Abel-Regular.ttf
15:55:24.895 [FXGL Background Thread 3 ] DEBUG Engine               - fontMono: TerminalLandMono-Regular.otf
15:55:24.895 [FXGL Background Thread 3 ] DEBUG Engine               - fontText: Courier-Prime.ttf
15:55:24.895 [FXGL Background Thread 3 ] DEBUG Engine               - fontUI: VarelaRound-Regular.ttf
15:55:24.895 [FXGL Background Thread 3 ] DEBUG Engine               - fullScreen: BooleanProperty [value: false]
15:55:24.895 [FXGL Background Thread 3 ] DEBUG Engine               - gameDifficulty: MEDIUM
15:55:24.895 [FXGL Background Thread 3 ] DEBUG Engine               - gameDifficultyProperty: ObjectProperty [value: MEDIUM]
15:55:24.895 [FXGL Background Thread 3 ] DEBUG Engine               - globalMusicVolume: 0.5
15:55:24.895 [FXGL Background Thread 3 ] DEBUG Engine               - globalMusicVolumeProperty: DoubleProperty [value: 0.5]
15:55:24.895 [FXGL Background Thread 3 ] DEBUG Engine               - globalSoundVolume: 0.5
15:55:24.895 [FXGL Background Thread 3 ] DEBUG Engine               - globalSoundVolumeProperty: DoubleProperty [value: 0.5]
15:55:24.895 [FXGL Background Thread 3 ] DEBUG Engine               - height: 720
15:55:24.896 [FXGL Background Thread 3 ] DEBUG Engine               - is3D: false
15:55:24.896 [FXGL Background Thread 3 ] DEBUG Engine               - isAndroid: false
15:55:24.896 [FXGL Background Thread 3 ] DEBUG Engine               - isBrowser: false
15:55:24.896 [FXGL Background Thread 3 ] DEBUG Engine               - isClickFeedbackEnabled: false
15:55:24.896 [FXGL Background Thread 3 ] DEBUG Engine               - isCloseConfirmation: false
15:55:24.896 [FXGL Background Thread 3 ] DEBUG Engine               - isDesktop: true
15:55:24.896 [FXGL Background Thread 3 ] DEBUG Engine               - isDeveloperMenuEnabled: false
15:55:24.896 [FXGL Background Thread 3 ] DEBUG Engine               - isEmbedded: false
15:55:24.896 [FXGL Background Thread 3 ] DEBUG Engine               - isEntityPreloadEnabled: true
15:55:24.896 [FXGL Background Thread 3 ] DEBUG Engine               - isExperimentalTiledLargeMap: false
15:55:24.896 [FXGL Background Thread 3 ] DEBUG Engine               - isFileSystemWriteAllowed: true
15:55:24.896 [FXGL Background Thread 3 ] DEBUG Engine               - isFullScreenAllowed: false
15:55:24.896 [FXGL Background Thread 3 ] DEBUG Engine               - isFullScreenFromStart: false
15:55:24.896 [FXGL Background Thread 3 ] DEBUG Engine               - isGameMenuEnabled: false
15:55:24.896 [FXGL Background Thread 3 ] DEBUG Engine               - isIOS: false
15:55:24.896 [FXGL Background Thread 3 ] DEBUG Engine               - isIntroEnabled: false
15:55:24.896 [FXGL Background Thread 3 ] DEBUG Engine               - isLinux: false
15:55:24.896 [FXGL Background Thread 3 ] DEBUG Engine               - isMac: false
15:55:24.896 [FXGL Background Thread 3 ] DEBUG Engine               - isMainMenuEnabled: true
15:55:24.896 [FXGL Background Thread 3 ] DEBUG Engine               - isManualResizeEnabled: false
15:55:24.896 [FXGL Background Thread 3 ] DEBUG Engine               - isMobile: false
15:55:24.896 [FXGL Background Thread 3 ] DEBUG Engine               - isNative: false
15:55:24.896 [FXGL Background Thread 3 ] DEBUG Engine               - isPauseMusicWhenMinimized: true
15:55:24.896 [FXGL Background Thread 3 ] DEBUG Engine               - isPreserveResizeRatio: false
15:55:24.896 [FXGL Background Thread 3 ] DEBUG Engine               - isProfilingEnabled: false
15:55:24.896 [FXGL Background Thread 3 ] DEBUG Engine               - isScaleAffectedOnResize: true
15:55:24.896 [FXGL Background Thread 3 ] DEBUG Engine               - isSingleStep: false
15:55:24.896 [FXGL Background Thread 3 ] DEBUG Engine               - isUserProfileEnabled: false
15:55:24.896 [FXGL Background Thread 3 ] DEBUG Engine               - isWindows: true
15:55:24.896 [FXGL Background Thread 3 ] DEBUG Engine               - language: ObjectProperty [value: ENGLISH]
15:55:24.897 [FXGL Background Thread 3 ] DEBUG Engine               - menuKey: ESCAPE
15:55:24.897 [FXGL Background Thread 3 ] DEBUG Engine               - mouseSensitivity: 0.2
15:55:24.897 [FXGL Background Thread 3 ] DEBUG Engine               - notificationViewClass: class com.almasb.fxgl.notification.view.XboxNotificationView
15:55:24.897 [FXGL Background Thread 3 ] DEBUG Engine               - pixelsPerMeter: 50.0
15:55:24.897 [FXGL Background Thread 3 ] DEBUG Engine               - platform: WINDOWS
15:55:24.897 [FXGL Background Thread 3 ] DEBUG Engine               - prefHeightProperty: ReadOnlyDoubleProperty [value: 720.0]
15:55:24.897 [FXGL Background Thread 3 ] DEBUG Engine               - prefWidthProperty: ReadOnlyDoubleProperty [value: 1080.0]
15:55:24.897 [FXGL Background Thread 3 ] DEBUG Engine               - profileDir: profiles/
15:55:24.897 [FXGL Background Thread 3 ] DEBUG Engine               - profileName: StringProperty [value: DEFAULT]
15:55:24.897 [FXGL Background Thread 3 ] DEBUG Engine               - randomSeed: -1
15:55:24.897 [FXGL Background Thread 3 ] DEBUG Engine               - runtimeInfo: RuntimeInfo(platform=WINDOWS, version=17.1, build=24.03.2022 17.34)
15:55:24.897 [FXGL Background Thread 3 ] DEBUG Engine               - saveFileExt: sav
15:55:24.897 [FXGL Background Thread 3 ] DEBUG Engine               - scaledHeightProp$fxgl: DoubleProperty [bound, value: 720.0]
15:55:24.897 [FXGL Background Thread 3 ] DEBUG Engine               - scaledWidthProp$fxgl: DoubleProperty [bound, value: 1080.0]
15:55:24.897 [FXGL Background Thread 3 ] DEBUG Engine               - sceneFactory: com.almasb.fxgl.app.scene.SceneFactory@ac99b8e
15:55:24.897 [FXGL Background Thread 3 ] DEBUG Engine               - secondsIn24h: 60
15:55:24.897 [FXGL Background Thread 3 ] DEBUG Engine               - soundMenuBack: menu/back.wav
15:55:24.897 [FXGL Background Thread 3 ] DEBUG Engine               - soundMenuPress: menu/press.wav
15:55:24.897 [FXGL Background Thread 3 ] DEBUG Engine               - soundMenuSelect: menu/select.wav
15:55:24.897 [FXGL Background Thread 3 ] DEBUG Engine               - soundNotification: core/notification.wav
15:55:24.897 [FXGL Background Thread 3 ] DEBUG Engine               - stageStyle: DECORATED
15:55:24.897 [FXGL Background Thread 3 ] DEBUG Engine               - supportedLanguages: [ENGLISH, FRENCH, GERMAN, HUNGARIAN, RUSSIAN]
15:55:24.898 [FXGL Background Thread 3 ] DEBUG Engine               - ticksPerSecond: -1
15:55:24.898 [FXGL Background Thread 3 ] DEBUG Engine               - title: BOMBERMAN
15:55:24.898 [FXGL Background Thread 3 ] DEBUG Engine               - urlGithub: https://github.com/AlmasB/FXGL
15:55:24.898 [FXGL Background Thread 3 ] DEBUG Engine               - urlLeaderboard: http://fxgl-top.herokuapp.com/
15:55:24.898 [FXGL Background Thread 3 ] DEBUG Engine               - urlPOM: https://raw.githubusercontent.com/AlmasB/FXGL/release/README.md
15:55:24.898 [FXGL Background Thread 3 ] DEBUG Engine               - userAppClass: class com.bomberman.bombermanplus.BombermanApp
15:55:24.898 [FXGL Background Thread 3 ] DEBUG Engine               - version: 1.0
15:55:24.898 [FXGL Background Thread 3 ] DEBUG Engine               - versionCheckDays: 7
15:55:24.898 [FXGL Background Thread 3 ] DEBUG Engine               - width: 1080
15:55:24.898 [FXGL Background Thread 3 ] DEBUG Engine               - Logging services
15:55:24.898 [FXGL Background Thread 3 ] DEBUG Engine               - class com.almasb.fxgl.app.services.FXGLAssetLoaderService
15:55:24.898 [FXGL Background Thread 3 ] DEBUG Engine               - class com.almasb.fxgl.app.FXGLApplication$GameApplicationService
15:55:24.898 [FXGL Background Thread 3 ] DEBUG Engine               - class com.almasb.fxgl.app.services.FXGLDialogService
15:55:24.898 [FXGL Background Thread 3 ] DEBUG Engine               - class com.almasb.fxgl.app.services.IOTaskExecutorService
15:55:24.898 [FXGL Background Thread 3 ] DEBUG Engine               - class com.almasb.fxgl.io.FileSystemService
15:55:24.898 [FXGL Background Thread 3 ] DEBUG Engine               - class com.almasb.fxgl.localization.LocalizationService
15:55:24.898 [FXGL Background Thread 3 ] DEBUG Engine               - class com.almasb.fxgl.app.services.SystemBundleService
15:55:24.898 [FXGL Background Thread 3 ] DEBUG Engine               - class com.almasb.fxgl.profile.SaveLoadService
15:55:24.898 [FXGL Background Thread 3 ] DEBUG Engine               - class com.almasb.fxgl.ui.FXGLUIFactoryServiceProvider
15:55:24.898 [FXGL Background Thread 3 ] DEBUG Engine               - class com.almasb.fxgl.ui.FXGLDialogFactoryServiceProvider
15:55:24.898 [FXGL Background Thread 3 ] DEBUG Engine               - class com.almasb.fxgl.audio.AudioPlayer
15:55:24.898 [FXGL Background Thread 3 ] DEBUG Engine               - class com.almasb.fxgl.notification.impl.NotificationServiceProvider
15:55:24.898 [FXGL Background Thread 3 ] DEBUG Engine               - class com.almasb.fxgl.achievement.AchievementService
15:55:24.898 [FXGL Background Thread 3 ] DEBUG Engine               - class com.almasb.fxgl.cutscene.CutsceneService
15:55:24.898 [FXGL Background Thread 3 ] DEBUG Engine               - class com.almasb.fxgl.minigames.MiniGameService
15:55:24.898 [FXGL Background Thread 3 ] DEBUG Engine               - class com.almasb.fxgl.net.NetService
15:55:24.898 [FXGL Background Thread 3 ] DEBUG Engine               - class com.almasb.fxgl.app.services.UpdaterService
15:55:24.898 [FXGL Background Thread 3 ] DEBUG Engine               - class com.almasb.fxgl.dev.DevService
15:55:46.968 [JavaFX Application Thread] DEBUG FXGLApplication      - Exiting FXGL
15:55:46.968 [JavaFX Application Thread] DEBUG LoopRunner           - Stopping loop
15:55:46.968 [JavaFX Application Thread] DEBUG SystemBundleService  - Saving FXGL system data
15:55:46.974 [JavaFX Application Thread] DEBUG FileSystemAccess     - Writing to: C:\Users\ADMIN\IdeaProjects\BombermanPlus\system\fxgl.bundle
15:55:46.975 [JavaFX Application Thread] DEBUG Async                - Shutting down background threads
15:55:46.976 [JavaFX Application Thread] DEBUG PrimaryStageWindow   - Closing main window
15:55:46.985 [JavaFX Application Thread] DEBUG Logger               - Closing Logger
