16:41:30.148 [main                     ] DEBUG Logger               - Configured Logger
16:41:30.168 [main                     ] DEBUG GameApplication      - Logging settings
Title: BOMBERMAN
Version: 1.0
Width: 1080
Height: 720
Fullscreen: false
Intro: false
Profiling: false
Single step:false
App Mode: DEVELOPER
Menu Key: ESCAPE
Stage Style: DECORATED
Scene Factory: class com.bomberman.bombermanplus.BombermanApp$1

16:41:30.508 [JavaFX Application Thread] DEBUG FXGLApplication      - Initializing FXGL
16:41:30.511 [JavaFX Application Thread] INFO  Engine               - FXGL-17.1 (24.03.2022 17.34) on WINDOWS (J:19 FX:19-ea)
16:41:30.513 [JavaFX Application Thread] DEBUG Engine               - JRE Vendor Name: Oracle Corporation
16:41:30.513 [JavaFX Application Thread] DEBUG Engine               - Running on OS: Windows 11 version 10.0
16:41:30.513 [JavaFX Application Thread] DEBUG Engine               - Architecture: amd64
16:41:30.513 [JavaFX Application Thread] INFO  Engine               - Source code and latest versions at: https://github.com/AlmasB/FXGL
16:41:30.513 [JavaFX Application Thread] INFO  Engine               -       Ask questions and discuss at: https://github.com/AlmasB/FXGL/discussions
16:41:30.513 [JavaFX Application Thread] INFO  Engine               -              Join the FXGL chat at: https://gitter.im/AlmasB/FXGL
16:41:30.595 [JavaFX Application Thread] DEBUG PrimaryStageWindow   - Creating a JavaFX scene
16:41:30.633 [JavaFX Application Thread] DEBUG PrimaryStageWindow   - Target settings size: 1080.0 x 720.0
16:41:30.633 [JavaFX Application Thread] DEBUG PrimaryStageWindow   - Scaled scene size:    1080.0 x 720.0
16:41:30.633 [JavaFX Application Thread] DEBUG PrimaryStageWindow   - Scaled ratio: (1.0, 1.0)
16:41:30.634 [JavaFX Application Thread] DEBUG PrimaryStageWindow   - Set initial scene to FXGLStartupScene
16:41:30.640 [JavaFX Application Thread] DEBUG PrimaryStageWindow   - Opening main window
16:41:30.726 [JavaFX Application Thread] DEBUG PrimaryStageWindow   - Window border size: (14.4000244140625, 37.5999755859375)
16:41:30.728 [JavaFX Application Thread] DEBUG PrimaryStageWindow   - Scaled size: 1080.0 x 720.0
16:41:30.729 [JavaFX Application Thread] DEBUG PrimaryStageWindow   - Scaled ratio: (1.0, 1.0)
16:41:30.729 [JavaFX Application Thread] DEBUG PrimaryStageWindow   - Scene size: 1080.0 x 720.0
16:41:30.730 [JavaFX Application Thread] DEBUG PrimaryStageWindow   - Stage size: 1094.4000244140625 x 757.5999755859375
16:41:30.746 [FXGL Background Thread 1 ] DEBUG Engine               - Initializing environment variables
16:41:30.830 [FXGL Background Thread 1 ] DEBUG FXGLAssetLoaderServi - User app class for loading assets: class com.bomberman.bombermanplus.BombermanApp
16:41:30.830 [FXGL Background Thread 1 ] DEBUG GameApplicationServi - Applying CSS: fxgl_dark.css
16:41:30.831 [FXGL Background Thread 1 ] DEBUG FXGLAssetLoaderServi - Loading from file system: jar:file:///C:/Users/ADMIN/.m2/repository/com/github/almasb/fxgl/17.1/fxgl-17.1.jar!/fxglassets/ui/css/fxgl_dark.css
16:41:30.881 [FXGL Background Thread 1 ] DEBUG GameApplicationServi - Initializing application scenes
16:41:30.924 [FXGL Background Thread 1 ] DEBUG GameWorld            - Game world initialized
16:41:31.006 [FXGL Background Thread 1 ] DEBUG PhysicsWorld         - Physics world initialized: appHeight=720, physics.ppm=50.0
16:41:31.007 [FXGL Background Thread 1 ] DEBUG PhysicsWorld         - Using strategy: BRUTE_FORCE
16:41:31.015 [FXGL Background Thread 1 ] DEBUG GameScene            - Game scene initialized: 1080x720
16:41:31.064 [FXGL Background Thread 1 ] DEBUG GameApplicationServi - Application scenes initialized
16:41:31.091 [FXGL Background Thread 1 ] DEBUG SystemBundleService  - Loading FXGL system data
16:41:31.104 [FXGL Background Thread 1 ] DEBUG FileSystemAccess     - Reading from: C:\Users\ADMIN\IdeaProjects\BombermanPlus\system\fxgl.bundle
16:41:31.129 [FXGL Background Thread 1 ] DEBUG SystemBundleService  - Bundle FXGL: {}
16:41:31.129 [FXGL Background Thread 1 ] DEBUG UpdaterService       - Checking for updates
16:41:31.141 [FXGL Background Thread 1 ] DEBUG FXGLApplication      - Loading default localization
16:41:31.141 [FXGL Background Thread 4 ] DEBUG FXGLApplication      - Loading fonts
16:41:31.143 [FXGL Background Thread 1 ] DEBUG FXGLAssetLoaderServi - Loading from file system: jar:file:///C:/Users/ADMIN/.m2/repository/com/github/almasb/fxgl/17.1/fxgl-17.1.jar!/fxglassets/languages/english.lang
16:41:31.143 [FXGL Background Thread 4 ] DEBUG FXGLAssetLoaderServi - Loading from file system: jar:file:///C:/Users/ADMIN/.m2/repository/com/github/almasb/fxgl/17.1/fxgl-17.1.jar!/fxglassets/ui/fonts/VarelaRound-Regular.ttf
16:41:31.178 [FXGL Background Thread 1 ] INFO  FXGLApplication      - FXGL initialization took: 0.432 sec
16:41:31.197 [JavaFX Application Thread] DEBUG Input                - Registered new binding: Move Right - D
16:41:31.197 [JavaFX Application Thread] DEBUG Input                - Registered new binding: Move Up - W
16:41:31.197 [JavaFX Application Thread] DEBUG Input                - Registered new binding: Move Down - S
16:41:31.198 [JavaFX Application Thread] DEBUG Input                - Registered new binding: Move Left - A
16:41:31.198 [JavaFX Application Thread] DEBUG Input                - Registered new binding: Place bomb - Space
16:41:31.199 [JavaFX Application Thread] DEBUG FXGLAssetLoaderServi - Loading from file system: jar:file:///C:/Users/ADMIN/.m2/repository/com/github/almasb/fxgl/17.1/fxgl-17.1.jar!/fxglassets/textures/fxgl_icon.png
16:41:31.254 [JavaFX Application Thread] DEBUG FXGLAssetLoaderServi - Loading from file system: jar:file:///C:/Users/ADMIN/.m2/repository/com/github/almasb/fxgl/17.1/fxgl-17.1.jar!/fxglassets/textures/fxgl_default_cursor.png
16:41:31.259 [JavaFX Application Thread] DEBUG Input                - Registered new binding: Screenshot - CTRL+8
16:41:31.259 [JavaFX Application Thread] DEBUG Input                - Registered new binding: System info dump - CTRL+9
16:41:31.260 [JavaFX Application Thread] DEBUG Input                - Registered new binding: Restart - CTRL+R
16:41:31.260 [JavaFX Application Thread] DEBUG Input                - Registered new binding: Toggle Debug Camera - CTRL+7
16:41:31.264 [JavaFX Application Thread] DEBUG LoopRunner           - Starting loop
16:41:31.265 [JavaFX Application Thread] DEBUG LoopRunner           - Initializing JavaFX AnimationTimerLoop
16:41:31.271 [JavaFX Application Thread] DEBUG Input                - Clearing active input actions
16:41:31.279 [JavaFX Application Thread] DEBUG GameApplicationServi - Removing overlay from FXGLStartupScene and adding to FXGLMainMenuDummyScene
16:41:31.279 [JavaFX Application Thread] DEBUG PrimaryStageWindow   - FXGLStartupScene -> FXGLMainMenuDummyScene
16:41:31.279 [JavaFX Application Thread] DEBUG PrimaryStageWindow   - Push state: BombermanMenu
16:41:31.279 [JavaFX Application Thread] DEBUG Input                - Clearing active input actions
16:41:31.283 [JavaFX Application Thread] DEBUG GameApplicationServi - Removing overlay from FXGLMainMenuDummyScene and adding to BombermanMenu
16:41:31.284 [JavaFX Application Thread] DEBUG PrimaryStageWindow   - FXGLMainMenuDummyScene -> BombermanMenu
16:41:31.289 [FXGL Background Thread 4 ] DEBUG FXGLAssetLoaderServi - Loading from file system: jar:file:///C:/Users/ADMIN/.m2/repository/com/github/almasb/fxgl/17.1/fxgl-17.1.jar!/fxglassets/ui/fonts/Abel-Regular.ttf
16:41:31.314 [FXGL Background Thread 4 ] DEBUG FXGLAssetLoaderServi - Loading from file system: jar:file:///C:/Users/ADMIN/.m2/repository/com/github/almasb/fxgl/17.1/fxgl-17.1.jar!/fxglassets/ui/fonts/TerminalLandMono-Regular.otf
16:41:31.332 [FXGL Background Thread 4 ] DEBUG FXGLAssetLoaderServi - Loading from file system: jar:file:///C:/Users/ADMIN/.m2/repository/com/github/almasb/fxgl/17.1/fxgl-17.1.jar!/fxglassets/ui/fonts/Courier-Prime.ttf
16:41:31.358 [JavaFX Application Thread] DEBUG FXGLApplication      - Registering font factories with UI factory
16:41:31.800 [FXGL Background Thread 2 ] INFO  UpdaterService       - Your current version:  17.1
16:41:31.801 [FXGL Background Thread 2 ] INFO  UpdaterService       - Latest stable version: 17.2
16:41:32.781 [JavaFX Application Thread] DEBUG Menu                 - fireNewGame()
16:41:32.781 [JavaFX Application Thread] DEBUG GameApplicationServi - Starting new game
16:41:32.781 [JavaFX Application Thread] DEBUG PrimaryStageWindow   - Pop state: BombermanMenu
16:41:32.781 [JavaFX Application Thread] DEBUG Input                - Clearing active input actions
16:41:32.782 [JavaFX Application Thread] DEBUG GameApplicationServi - Removing overlay from BombermanMenu and adding to FXGLMainMenuDummyScene
16:41:32.782 [JavaFX Application Thread] DEBUG PrimaryStageWindow   - FXGLMainMenuDummyScene <- BombermanMenu
16:41:32.783 [JavaFX Application Thread] DEBUG Input                - Clearing active input actions
16:41:32.791 [JavaFX Application Thread] DEBUG GameApplicationServi - Removing overlay from FXGLMainMenuDummyScene and adding to FXGLLoadingScene
16:41:32.791 [JavaFX Application Thread] DEBUG PrimaryStageWindow   - FXGLMainMenuDummyScene -> FXGLLoadingScene
16:41:32.792 [JavaFX Application Thread] DEBUG GameApplicationServi - Clearing previous game
16:41:32.792 [JavaFX Application Thread] DEBUG GameScene            - Clearing game scene
16:41:32.792 [JavaFX Application Thread] DEBUG GameWorld            - Clearing game world
16:41:32.792 [JavaFX Application Thread] DEBUG PhysicsWorld         - Clearing physics world
16:41:32.794 [FXGL Background Thread 2 ] DEBUG FXGLApplication      - Initializing game
16:41:32.828 [FXGL Background Thread 2 ] WARN  TMXLevelLoader       - TiledMap generated from 1.9.2. Supported version: 1.4.2. Some features may not be parsed fully.
16:41:32.853 [FXGL Background Thread 2 ] DEBUG TMXLevelLoader       - Parsed TiledMap: file:/C:/Users/ADMIN/IdeaProjects/BombermanPlus/target/classes/assets/levels/bbm_level1.tmx
16:41:32.854 [FXGL Background Thread 2 ] DEBUG TMXLevelLoader       - Creating tile layer entities
16:41:32.857 [FXGL Background Thread 2 ] DEBUG TilesetLoader        - Loading view for layer Tile Layer 1
16:41:32.867 [FXGL Background Thread 2 ] DEBUG TilesetLoader        - Created buffer with size 1488.0x720.0
16:41:33.105 [FXGL Background Thread 2 ] DEBUG TMXLevelLoader       - Creating object layer entities
16:41:33.110 [FXGL Background Thread 2 ] DEBUG FXGLAssetLoaderServi - Loading from file system: file:/C:/Users/ADMIN/IdeaProjects/BombermanPlus/target/classes/assets/textures/items/powerup_speed.png
16:41:33.128 [FXGL Background Thread 2 ] DEBUG FXGLAssetLoaderServi - Loading from file system: file:/C:/Users/ADMIN/IdeaProjects/BombermanPlus/target/classes/assets/textures/items/powerup_flames.png
16:41:33.135 [FXGL Background Thread 2 ] DEBUG FXGLAssetLoaderServi - Loading from file system: file:/C:/Users/ADMIN/IdeaProjects/BombermanPlus/target/classes/assets/textures/items/powerup_bombs.png
16:41:33.141 [FXGL Background Thread 2 ] DEBUG FXGLAssetLoaderServi - Loading from file system: file:/C:/Users/ADMIN/IdeaProjects/BombermanPlus/target/classes/assets/textures/items/powerup_flamepass.png
16:41:33.151 [FXGL Background Thread 2 ] DEBUG FXGLAssetLoaderServi - Loading from file system: file:/C:/Users/ADMIN/IdeaProjects/BombermanPlus/target/classes/assets/textures/items/portal.png
16:41:33.156 [FXGL Background Thread 2 ] DEBUG FXGLAssetLoaderServi - Loading from file system: file:/C:/Users/ADMIN/IdeaProjects/BombermanPlus/target/classes/assets/textures/sprites.png
16:41:33.325 [FXGL Background Thread 2 ] DEBUG GameWorld            - Clearing removable entities
16:41:33.327 [FXGL Background Thread 2 ] DEBUG GameWorld            - Setting level: com.almasb.fxgl.entity.level.Level@640c2bc4
16:41:33.391 [FXGL Background Thread 2 ] INFO  FXGLApplication      - Game initialization took: 0.596 sec
16:41:33.393 [JavaFX Application Thread] DEBUG Input                - Clearing active input actions
16:41:33.409 [JavaFX Application Thread] DEBUG GameApplicationServi - Removing overlay from FXGLLoadingScene and adding to GameScene
16:41:33.409 [JavaFX Application Thread] DEBUG PrimaryStageWindow   - FXGLLoadingScene -> GameScene
16:41:34.139 [FXGL Background Thread 3 ] DEBUG Engine               - Logging environment variables
16:41:34.141 [FXGL Background Thread 3 ] DEBUG Engine               - achievements: []
16:41:34.141 [FXGL Background Thread 3 ] DEBUG Engine               - actualHeight: 720.0
16:41:34.141 [FXGL Background Thread 3 ] DEBUG Engine               - actualHeightProperty: ReadOnlyDoubleProperty [value: 720.0]
16:41:34.141 [FXGL Background Thread 3 ] DEBUG Engine               - actualWidth: 1080.0
16:41:34.141 [FXGL Background Thread 3 ] DEBUG Engine               - actualWidthProperty: ReadOnlyDoubleProperty [value: 1080.0]
16:41:34.141 [FXGL Background Thread 3 ] DEBUG Engine               - appIcon: fxgl_icon.png
16:41:34.141 [FXGL Background Thread 3 ] DEBUG Engine               - applicationMode: DEVELOPER
16:41:34.141 [FXGL Background Thread 3 ] DEBUG Engine               - cSSList: [fxgl_dark.css]
16:41:34.141 [FXGL Background Thread 3 ] DEBUG Engine               - collisionDetectionStrategy: BRUTE_FORCE
16:41:34.141 [FXGL Background Thread 3 ] DEBUG Engine               - configClass: Optional.empty
16:41:34.141 [FXGL Background Thread 3 ] DEBUG Engine               - credits: []
16:41:34.141 [FXGL Background Thread 3 ] DEBUG Engine               - defaultCursor: CursorInfo(imageName=fxgl_default_cursor.png, hotspotX=7.0, hotspotY=6.0)
16:41:34.142 [FXGL Background Thread 3 ] DEBUG Engine               - devBBoxColorProperty: ObjectProperty [value: 0xff0000ff]
16:41:34.142 [FXGL Background Thread 3 ] DEBUG Engine               - devEnableDebugCameraProperty: BooleanProperty [value: false]
16:41:34.142 [FXGL Background Thread 3 ] DEBUG Engine               - devSensorColorProperty: ObjectProperty [value: 0xffff00ff]
16:41:34.142 [FXGL Background Thread 3 ] DEBUG Engine               - devShowBBoxProperty: BooleanProperty [value: false]
16:41:34.142 [FXGL Background Thread 3 ] DEBUG Engine               - devShowPositionProperty: BooleanProperty [value: false]
16:41:34.142 [FXGL Background Thread 3 ] DEBUG Engine               - enabledMenuItems: []
16:41:34.142 [FXGL Background Thread 3 ] DEBUG Engine               - engineServices: [class com.almasb.fxgl.app.services.FXGLAssetLoaderService, class com.almasb.fxgl.app.FXGLApplication$GameApplicationService, class com.almasb.fxgl.app.services.FXGLDialogService, class com.almasb.fxgl.app.services.IOTaskExecutorService, class com.almasb.fxgl.io.FileSystemService, class com.almasb.fxgl.localization.LocalizationService, class com.almasb.fxgl.app.services.SystemBundleService, class com.almasb.fxgl.profile.SaveLoadService, class com.almasb.fxgl.ui.FXGLUIFactoryServiceProvider, class com.almasb.fxgl.ui.FXGLDialogFactoryServiceProvider, class com.almasb.fxgl.audio.AudioPlayer, class com.almasb.fxgl.notification.impl.NotificationServiceProvider, class com.almasb.fxgl.achievement.AchievementService, class com.almasb.fxgl.cutscene.CutsceneService, class com.almasb.fxgl.minigames.MiniGameService, class com.almasb.fxgl.net.NetService, class com.almasb.fxgl.app.services.UpdaterService, class com.almasb.fxgl.dev.DevService]
16:41:34.142 [FXGL Background Thread 3 ] DEBUG Engine               - fontGame: Abel-Regular.ttf
16:41:34.142 [FXGL Background Thread 3 ] DEBUG Engine               - fontMono: TerminalLandMono-Regular.otf
16:41:34.142 [FXGL Background Thread 3 ] DEBUG Engine               - fontText: Courier-Prime.ttf
16:41:34.142 [FXGL Background Thread 3 ] DEBUG Engine               - fontUI: VarelaRound-Regular.ttf
16:41:34.142 [FXGL Background Thread 3 ] DEBUG Engine               - fullScreen: BooleanProperty [value: false]
16:41:34.142 [FXGL Background Thread 3 ] DEBUG Engine               - gameDifficulty: MEDIUM
16:41:34.142 [FXGL Background Thread 3 ] DEBUG Engine               - gameDifficultyProperty: ObjectProperty [value: MEDIUM]
16:41:34.142 [FXGL Background Thread 3 ] DEBUG Engine               - globalMusicVolume: 0.5
16:41:34.142 [FXGL Background Thread 3 ] DEBUG Engine               - globalMusicVolumeProperty: DoubleProperty [value: 0.5]
16:41:34.142 [FXGL Background Thread 3 ] DEBUG Engine               - globalSoundVolume: 0.5
16:41:34.142 [FXGL Background Thread 3 ] DEBUG Engine               - globalSoundVolumeProperty: DoubleProperty [value: 0.5]
16:41:34.142 [FXGL Background Thread 3 ] DEBUG Engine               - height: 720
16:41:34.143 [FXGL Background Thread 3 ] DEBUG Engine               - is3D: false
16:41:34.143 [FXGL Background Thread 3 ] DEBUG Engine               - isAndroid: false
16:41:34.143 [FXGL Background Thread 3 ] DEBUG Engine               - isBrowser: false
16:41:34.143 [FXGL Background Thread 3 ] DEBUG Engine               - isClickFeedbackEnabled: false
16:41:34.143 [FXGL Background Thread 3 ] DEBUG Engine               - isCloseConfirmation: false
16:41:34.143 [FXGL Background Thread 3 ] DEBUG Engine               - isDesktop: true
16:41:34.143 [FXGL Background Thread 3 ] DEBUG Engine               - isDeveloperMenuEnabled: false
16:41:34.143 [FXGL Background Thread 3 ] DEBUG Engine               - isEmbedded: false
16:41:34.143 [FXGL Background Thread 3 ] DEBUG Engine               - isEntityPreloadEnabled: true
16:41:34.143 [FXGL Background Thread 3 ] DEBUG Engine               - isExperimentalTiledLargeMap: false
16:41:34.143 [FXGL Background Thread 3 ] DEBUG Engine               - isFileSystemWriteAllowed: true
16:41:34.143 [FXGL Background Thread 3 ] DEBUG Engine               - isFullScreenAllowed: false
16:41:34.143 [FXGL Background Thread 3 ] DEBUG Engine               - isFullScreenFromStart: false
16:41:34.143 [FXGL Background Thread 3 ] DEBUG Engine               - isGameMenuEnabled: false
16:41:34.143 [FXGL Background Thread 3 ] DEBUG Engine               - isIOS: false
16:41:34.143 [FXGL Background Thread 3 ] DEBUG Engine               - isIntroEnabled: false
16:41:34.143 [FXGL Background Thread 3 ] DEBUG Engine               - isLinux: false
16:41:34.143 [FXGL Background Thread 3 ] DEBUG Engine               - isMac: false
16:41:34.143 [FXGL Background Thread 3 ] DEBUG Engine               - isMainMenuEnabled: true
16:41:34.143 [FXGL Background Thread 3 ] DEBUG Engine               - isManualResizeEnabled: false
16:41:34.143 [FXGL Background Thread 3 ] DEBUG Engine               - isMobile: false
16:41:34.143 [FXGL Background Thread 3 ] DEBUG Engine               - isNative: false
16:41:34.143 [FXGL Background Thread 3 ] DEBUG Engine               - isPauseMusicWhenMinimized: true
16:41:34.143 [FXGL Background Thread 3 ] DEBUG Engine               - isPreserveResizeRatio: false
16:41:34.143 [FXGL Background Thread 3 ] DEBUG Engine               - isProfilingEnabled: false
16:41:34.143 [FXGL Background Thread 3 ] DEBUG Engine               - isScaleAffectedOnResize: true
16:41:34.143 [FXGL Background Thread 3 ] DEBUG Engine               - isSingleStep: false
16:41:34.143 [FXGL Background Thread 3 ] DEBUG Engine               - isUserProfileEnabled: false
16:41:34.143 [FXGL Background Thread 3 ] DEBUG Engine               - isWindows: true
16:41:34.143 [FXGL Background Thread 3 ] DEBUG Engine               - language: ObjectProperty [value: ENGLISH]
16:41:34.143 [FXGL Background Thread 3 ] DEBUG Engine               - menuKey: ESCAPE
16:41:34.143 [FXGL Background Thread 3 ] DEBUG Engine               - mouseSensitivity: 0.2
16:41:34.143 [FXGL Background Thread 3 ] DEBUG Engine               - notificationViewClass: class com.almasb.fxgl.notification.view.XboxNotificationView
16:41:34.143 [FXGL Background Thread 3 ] DEBUG Engine               - pixelsPerMeter: 50.0
16:41:34.143 [FXGL Background Thread 3 ] DEBUG Engine               - platform: WINDOWS
16:41:34.144 [FXGL Background Thread 3 ] DEBUG Engine               - prefHeightProperty: ReadOnlyDoubleProperty [value: 720.0]
16:41:34.144 [FXGL Background Thread 3 ] DEBUG Engine               - prefWidthProperty: ReadOnlyDoubleProperty [value: 1080.0]
16:41:34.144 [FXGL Background Thread 3 ] DEBUG Engine               - profileDir: profiles/
16:41:34.144 [FXGL Background Thread 3 ] DEBUG Engine               - profileName: StringProperty [value: DEFAULT]
16:41:34.144 [FXGL Background Thread 3 ] DEBUG Engine               - randomSeed: -1
16:41:34.144 [FXGL Background Thread 3 ] DEBUG Engine               - runtimeInfo: RuntimeInfo(platform=WINDOWS, version=17.1, build=24.03.2022 17.34)
16:41:34.144 [FXGL Background Thread 3 ] DEBUG Engine               - saveFileExt: sav
16:41:34.144 [FXGL Background Thread 3 ] DEBUG Engine               - scaledHeightProp$fxgl: DoubleProperty [bound, value: 720.0]
16:41:34.144 [FXGL Background Thread 3 ] DEBUG Engine               - scaledWidthProp$fxgl: DoubleProperty [bound, value: 1080.0]
16:41:34.144 [FXGL Background Thread 3 ] DEBUG Engine               - sceneFactory: com.bomberman.bombermanplus.BombermanApp$1@39dbaf6f
16:41:34.144 [FXGL Background Thread 3 ] DEBUG Engine               - secondsIn24h: 60
16:41:34.144 [FXGL Background Thread 3 ] DEBUG Engine               - soundMenuBack: menu/back.wav
16:41:34.144 [FXGL Background Thread 3 ] DEBUG Engine               - soundMenuPress: menu/press.wav
16:41:34.144 [FXGL Background Thread 3 ] DEBUG Engine               - soundMenuSelect: menu/select.wav
16:41:34.144 [FXGL Background Thread 3 ] DEBUG Engine               - soundNotification: core/notification.wav
16:41:34.144 [FXGL Background Thread 3 ] DEBUG Engine               - stageStyle: DECORATED
16:41:34.144 [FXGL Background Thread 3 ] DEBUG Engine               - supportedLanguages: [ENGLISH, FRENCH, GERMAN, HUNGARIAN, RUSSIAN]
16:41:34.144 [FXGL Background Thread 3 ] DEBUG Engine               - ticksPerSecond: -1
16:41:34.144 [FXGL Background Thread 3 ] DEBUG Engine               - title: BOMBERMAN
16:41:34.144 [FXGL Background Thread 3 ] DEBUG Engine               - urlGithub: https://github.com/AlmasB/FXGL
16:41:34.145 [FXGL Background Thread 3 ] DEBUG Engine               - urlLeaderboard: http://fxgl-top.herokuapp.com/
16:41:34.145 [FXGL Background Thread 3 ] DEBUG Engine               - urlPOM: https://raw.githubusercontent.com/AlmasB/FXGL/release/README.md
16:41:34.145 [FXGL Background Thread 3 ] DEBUG Engine               - userAppClass: class com.bomberman.bombermanplus.BombermanApp
16:41:34.145 [FXGL Background Thread 3 ] DEBUG Engine               - version: 1.0
16:41:34.145 [FXGL Background Thread 3 ] DEBUG Engine               - versionCheckDays: 7
16:41:34.145 [FXGL Background Thread 3 ] DEBUG Engine               - width: 1080
16:41:34.145 [FXGL Background Thread 3 ] DEBUG Engine               - Logging services
16:41:34.145 [FXGL Background Thread 3 ] DEBUG Engine               - class com.almasb.fxgl.app.services.FXGLAssetLoaderService
16:41:34.145 [FXGL Background Thread 3 ] DEBUG Engine               - class com.almasb.fxgl.app.FXGLApplication$GameApplicationService
16:41:34.145 [FXGL Background Thread 3 ] DEBUG Engine               - class com.almasb.fxgl.app.services.FXGLDialogService
16:41:34.145 [FXGL Background Thread 3 ] DEBUG Engine               - class com.almasb.fxgl.app.services.IOTaskExecutorService
16:41:34.145 [FXGL Background Thread 3 ] DEBUG Engine               - class com.almasb.fxgl.io.FileSystemService
16:41:34.145 [FXGL Background Thread 3 ] DEBUG Engine               - class com.almasb.fxgl.localization.LocalizationService
16:41:34.145 [FXGL Background Thread 3 ] DEBUG Engine               - class com.almasb.fxgl.app.services.SystemBundleService
16:41:34.145 [FXGL Background Thread 3 ] DEBUG Engine               - class com.almasb.fxgl.profile.SaveLoadService
16:41:34.145 [FXGL Background Thread 3 ] DEBUG Engine               - class com.almasb.fxgl.ui.FXGLUIFactoryServiceProvider
16:41:34.145 [FXGL Background Thread 3 ] DEBUG Engine               - class com.almasb.fxgl.ui.FXGLDialogFactoryServiceProvider
16:41:34.145 [FXGL Background Thread 3 ] DEBUG Engine               - class com.almasb.fxgl.audio.AudioPlayer
16:41:34.145 [FXGL Background Thread 3 ] DEBUG Engine               - class com.almasb.fxgl.notification.impl.NotificationServiceProvider
16:41:34.145 [FXGL Background Thread 3 ] DEBUG Engine               - class com.almasb.fxgl.achievement.AchievementService
16:41:34.145 [FXGL Background Thread 3 ] DEBUG Engine               - class com.almasb.fxgl.cutscene.CutsceneService
16:41:34.145 [FXGL Background Thread 3 ] DEBUG Engine               - class com.almasb.fxgl.minigames.MiniGameService
16:41:34.145 [FXGL Background Thread 3 ] DEBUG Engine               - class com.almasb.fxgl.net.NetService
16:41:34.145 [FXGL Background Thread 3 ] DEBUG Engine               - class com.almasb.fxgl.app.services.UpdaterService
16:41:34.145 [FXGL Background Thread 3 ] DEBUG Engine               - class com.almasb.fxgl.dev.DevService
16:41:43.221 [JavaFX Application Thread] DEBUG FXGLApplication      - Exiting FXGL
16:41:43.221 [JavaFX Application Thread] DEBUG LoopRunner           - Stopping loop
16:41:43.221 [JavaFX Application Thread] DEBUG SystemBundleService  - Saving FXGL system data
16:41:43.235 [JavaFX Application Thread] DEBUG FileSystemAccess     - Writing to: C:\Users\ADMIN\IdeaProjects\BombermanPlus\system\fxgl.bundle
16:41:43.237 [JavaFX Application Thread] DEBUG Async                - Shutting down background threads
16:41:43.238 [JavaFX Application Thread] DEBUG PrimaryStageWindow   - Closing main window
16:41:43.247 [JavaFX Application Thread] DEBUG Logger               - Closing Logger
