22:44:21.494 [main                     ] DEBUG Logger               - Configured Logger
22:44:21.510 [main                     ] DEBUG GameApplication      - Logging settings
Title: BOMBERMAN
Version: 1.0
Width: 1080
Height: 720
Fullscreen: false
Intro: false
Profiling: false
Single step:false
App Mode: DEVELOPER
Menu Key: ESCAPE
Stage Style: DECORATED
Scene Factory: class com.bomberman.bombermanplus.BombermanApp$1

22:44:21.921 [JavaFX Application Thread] DEBUG FXGLApplication      - Initializing FXGL
22:44:21.924 [JavaFX Application Thread] INFO  Engine               - FXGL-17.1 (24.03.2022 17.34) on WINDOWS (J:19 FX:19-ea)
22:44:21.925 [JavaFX Application Thread] DEBUG Engine               - JRE Vendor Name: Oracle Corporation
22:44:21.925 [JavaFX Application Thread] DEBUG Engine               - Running on OS: Windows 11 version 10.0
22:44:21.925 [JavaFX Application Thread] DEBUG Engine               - Architecture: amd64
22:44:21.925 [JavaFX Application Thread] INFO  Engine               - Source code and latest versions at: https://github.com/AlmasB/FXGL
22:44:21.925 [JavaFX Application Thread] INFO  Engine               -       Ask questions and discuss at: https://github.com/AlmasB/FXGL/discussions
22:44:21.925 [JavaFX Application Thread] INFO  Engine               -              Join the FXGL chat at: https://gitter.im/AlmasB/FXGL
22:44:22.008 [JavaFX Application Thread] DEBUG PrimaryStageWindow   - Creating a JavaFX scene
22:44:22.049 [JavaFX Application Thread] DEBUG PrimaryStageWindow   - Target settings size: 1080.0 x 720.0
22:44:22.049 [JavaFX Application Thread] DEBUG PrimaryStageWindow   - Scaled scene size:    1080.0 x 720.0
22:44:22.050 [JavaFX Application Thread] DEBUG PrimaryStageWindow   - Scaled ratio: (1.0, 1.0)
22:44:22.050 [JavaFX Application Thread] DEBUG PrimaryStageWindow   - Set initial scene to FXGLStartupScene
22:44:22.055 [JavaFX Application Thread] DEBUG PrimaryStageWindow   - Opening main window
22:44:22.126 [JavaFX Application Thread] DEBUG PrimaryStageWindow   - Window border size: (14.4000244140625, 37.5999755859375)
22:44:22.127 [JavaFX Application Thread] DEBUG PrimaryStageWindow   - Scaled size: 1080.0 x 720.0
22:44:22.127 [JavaFX Application Thread] DEBUG PrimaryStageWindow   - Scaled ratio: (1.0, 1.0)
22:44:22.127 [JavaFX Application Thread] DEBUG PrimaryStageWindow   - Scene size: 1080.0 x 720.0
22:44:22.128 [JavaFX Application Thread] DEBUG PrimaryStageWindow   - Stage size: 1094.4000244140625 x 757.5999755859375
22:44:22.137 [FXGL Background Thread 1 ] DEBUG Engine               - Initializing environment variables
22:44:22.184 [FXGL Background Thread 1 ] DEBUG FXGLAssetLoaderServi - User app class for loading assets: class com.bomberman.bombermanplus.BombermanApp
22:44:22.184 [FXGL Background Thread 1 ] DEBUG GameApplicationServi - Applying CSS: fxgl_dark.css
22:44:22.184 [FXGL Background Thread 1 ] DEBUG FXGLAssetLoaderServi - Loading from file system: jar:file:///C:/Users/ADMIN/.m2/repository/com/github/almasb/fxgl/17.1/fxgl-17.1.jar!/fxglassets/ui/css/fxgl_dark.css
22:44:22.217 [FXGL Background Thread 1 ] DEBUG GameApplicationServi - Initializing application scenes
22:44:22.249 [FXGL Background Thread 1 ] DEBUG GameWorld            - Game world initialized
22:44:22.306 [FXGL Background Thread 1 ] DEBUG PhysicsWorld         - Physics world initialized: appHeight=720, physics.ppm=50.0
22:44:22.306 [FXGL Background Thread 1 ] DEBUG PhysicsWorld         - Using strategy: BRUTE_FORCE
22:44:22.309 [FXGL Background Thread 1 ] DEBUG GameScene            - Game scene initialized: 1080x720
22:44:22.333 [FXGL Background Thread 1 ] DEBUG GameApplicationServi - Application scenes initialized
22:44:22.341 [FXGL Background Thread 1 ] DEBUG SystemBundleService  - Loading FXGL system data
22:44:22.348 [FXGL Background Thread 1 ] DEBUG FileSystemAccess     - Reading from: C:\Users\ADMIN\IdeaProjects\BombermanPlus\system\fxgl.bundle
22:44:22.358 [FXGL Background Thread 1 ] DEBUG SystemBundleService  - Bundle FXGL: {}
22:44:22.358 [FXGL Background Thread 1 ] DEBUG UpdaterService       - Checking for updates
22:44:22.362 [FXGL Background Thread 4 ] DEBUG FXGLApplication      - Loading fonts
22:44:22.362 [FXGL Background Thread 1 ] DEBUG FXGLApplication      - Loading default localization
22:44:22.362 [FXGL Background Thread 4 ] DEBUG FXGLAssetLoaderServi - Loading from file system: jar:file:///C:/Users/ADMIN/.m2/repository/com/github/almasb/fxgl/17.1/fxgl-17.1.jar!/fxglassets/ui/fonts/VarelaRound-Regular.ttf
22:44:22.362 [FXGL Background Thread 1 ] DEBUG FXGLAssetLoaderServi - Loading from file system: jar:file:///C:/Users/ADMIN/.m2/repository/com/github/almasb/fxgl/17.1/fxgl-17.1.jar!/fxglassets/languages/english.lang
22:44:22.376 [FXGL Background Thread 1 ] INFO  FXGLApplication      - FXGL initialization took: 0.239 sec
22:44:22.383 [JavaFX Application Thread] DEBUG Input                - Registered new binding: Move Right - D
22:44:22.384 [JavaFX Application Thread] DEBUG Input                - Registered new binding: Move Up - W
22:44:22.384 [JavaFX Application Thread] DEBUG Input                - Registered new binding: Move Down - S
22:44:22.384 [JavaFX Application Thread] DEBUG Input                - Registered new binding: Move Left - A
22:44:22.384 [JavaFX Application Thread] DEBUG Input                - Registered new binding: Place bomb - Space
22:44:22.384 [JavaFX Application Thread] DEBUG FXGLAssetLoaderServi - Loading from file system: jar:file:///C:/Users/ADMIN/.m2/repository/com/github/almasb/fxgl/17.1/fxgl-17.1.jar!/fxglassets/textures/fxgl_icon.png
22:44:22.416 [JavaFX Application Thread] DEBUG FXGLAssetLoaderServi - Loading from file system: jar:file:///C:/Users/ADMIN/.m2/repository/com/github/almasb/fxgl/17.1/fxgl-17.1.jar!/fxglassets/textures/fxgl_default_cursor.png
22:44:22.417 [JavaFX Application Thread] DEBUG Input                - Registered new binding: Screenshot - CTRL+8
22:44:22.418 [JavaFX Application Thread] DEBUG Input                - Registered new binding: System info dump - CTRL+9
22:44:22.418 [JavaFX Application Thread] DEBUG Input                - Registered new binding: Restart - CTRL+R
22:44:22.418 [JavaFX Application Thread] DEBUG Input                - Registered new binding: Toggle Debug Camera - CTRL+7
22:44:22.420 [JavaFX Application Thread] DEBUG LoopRunner           - Starting loop
22:44:22.420 [JavaFX Application Thread] DEBUG LoopRunner           - Initializing JavaFX AnimationTimerLoop
22:44:22.422 [JavaFX Application Thread] DEBUG Input                - Clearing active input actions
22:44:22.427 [JavaFX Application Thread] DEBUG GameApplicationServi - Removing overlay from FXGLStartupScene and adding to FXGLMainMenuDummyScene
22:44:22.428 [JavaFX Application Thread] DEBUG PrimaryStageWindow   - FXGLStartupScene -> FXGLMainMenuDummyScene
22:44:22.428 [JavaFX Application Thread] DEBUG PrimaryStageWindow   - Push state: BombermanMenu
22:44:22.428 [JavaFX Application Thread] DEBUG Input                - Clearing active input actions
22:44:22.432 [JavaFX Application Thread] DEBUG GameApplicationServi - Removing overlay from FXGLMainMenuDummyScene and adding to BombermanMenu
22:44:22.432 [JavaFX Application Thread] DEBUG PrimaryStageWindow   - FXGLMainMenuDummyScene -> BombermanMenu
22:44:22.436 [FXGL Background Thread 4 ] DEBUG FXGLAssetLoaderServi - Loading from file system: jar:file:///C:/Users/ADMIN/.m2/repository/com/github/almasb/fxgl/17.1/fxgl-17.1.jar!/fxglassets/ui/fonts/Abel-Regular.ttf
22:44:22.455 [FXGL Background Thread 4 ] DEBUG FXGLAssetLoaderServi - Loading from file system: jar:file:///C:/Users/ADMIN/.m2/repository/com/github/almasb/fxgl/17.1/fxgl-17.1.jar!/fxglassets/ui/fonts/TerminalLandMono-Regular.otf
22:44:22.473 [FXGL Background Thread 4 ] DEBUG FXGLAssetLoaderServi - Loading from file system: jar:file:///C:/Users/ADMIN/.m2/repository/com/github/almasb/fxgl/17.1/fxgl-17.1.jar!/fxglassets/ui/fonts/Courier-Prime.ttf
22:44:22.498 [JavaFX Application Thread] DEBUG FXGLApplication      - Registering font factories with UI factory
22:44:23.115 [JavaFX Application Thread] DEBUG Menu                 - fireNewGame()
22:44:23.115 [JavaFX Application Thread] DEBUG GameApplicationServi - Starting new game
22:44:23.115 [JavaFX Application Thread] DEBUG PrimaryStageWindow   - Pop state: BombermanMenu
22:44:23.115 [JavaFX Application Thread] DEBUG Input                - Clearing active input actions
22:44:23.115 [JavaFX Application Thread] DEBUG GameApplicationServi - Removing overlay from BombermanMenu and adding to FXGLMainMenuDummyScene
22:44:23.116 [JavaFX Application Thread] DEBUG PrimaryStageWindow   - FXGLMainMenuDummyScene <- BombermanMenu
22:44:23.116 [JavaFX Application Thread] DEBUG Input                - Clearing active input actions
22:44:23.121 [JavaFX Application Thread] DEBUG GameApplicationServi - Removing overlay from FXGLMainMenuDummyScene and adding to FXGLLoadingScene
22:44:23.121 [JavaFX Application Thread] DEBUG PrimaryStageWindow   - FXGLMainMenuDummyScene -> FXGLLoadingScene
22:44:23.121 [JavaFX Application Thread] DEBUG GameApplicationServi - Clearing previous game
22:44:23.121 [JavaFX Application Thread] DEBUG GameScene            - Clearing game scene
22:44:23.121 [JavaFX Application Thread] DEBUG GameWorld            - Clearing game world
22:44:23.122 [JavaFX Application Thread] DEBUG PhysicsWorld         - Clearing physics world
22:44:23.123 [FXGL Background Thread 4 ] DEBUG FXGLApplication      - Initializing game
22:44:23.128 [FXGL Background Thread 4 ] DEBUG FXGLAssetLoaderServi - Loading from file system: file:/C:/Users/ADMIN/IdeaProjects/BombermanPlus/target/classes/assets/sounds/stage_start.wav
22:44:23.223 [FXGL Background Thread 2 ] INFO  UpdaterService       - Your current version:  17.1
22:44:23.224 [FXGL Background Thread 2 ] INFO  UpdaterService       - Latest stable version: 17.2
22:44:23.243 [FXGL Background Thread 4 ] INFO  FXGLApplication      - Game initialization took: 0.120 sec
22:44:23.246 [JavaFX Application Thread] DEBUG Input                - Clearing active input actions
22:44:23.251 [JavaFX Application Thread] DEBUG GameApplicationServi - Removing overlay from FXGLLoadingScene and adding to GameScene
22:44:23.251 [JavaFX Application Thread] DEBUG PrimaryStageWindow   - FXGLLoadingScene -> GameScene
22:44:23.258 [JavaFX Application Thread] DEBUG LoopRunner           - Stopping loop
22:44:23.259 [JavaFX Application Thread] FATAL FXGLApplication      - Uncaught Exception:
java.lang.IllegalArgumentException: Property time does not exist
	at com.almasb.fxgl.core@17.1/com.almasb.fxgl.core.collection.PropertyMap.get(PropertyMap.kt:251)
	at com.almasb.fxgl.core@17.1/com.almasb.fxgl.core.collection.PropertyMap.intProperty(PropertyMap.kt:162)
	at com.almasb.fxgl.core@17.1/com.almasb.fxgl.core.collection.PropertyMap.getInt(PropertyMap.kt:152)
	at com.almasb.fxgl.all@17.1/com.almasb.fxgl.dsl.FXGL$Companion.geti(FXGL.kt:306)
	at com.almasb.fxgl.all@17.1/com.almasb.fxgl.dsl.FXGL.geti(FXGL.kt)
	at BombermanPlus/com.bomberman.bombermanplus.BombermanApp.onUpdate(BombermanApp.java:305)
	at com.almasb.fxgl.all@17.1/com.almasb.fxgl.app.FXGLApplication$GameApplicationService.onGameUpdate(FXGLApplication.kt:421)
	at com.almasb.fxgl.all@17.1/com.almasb.fxgl.app.Engine.onGameUpdate(Engine.kt:138)
	at com.almasb.fxgl.all@17.1/com.almasb.fxgl.app.FXGLApplication.postServicesInit$lambda-7(FXGLApplication.kt:182)
	at com.almasb.fxgl.scene@17.1/com.almasb.fxgl.scene.Scene.update(Scene.kt:113)
	at com.almasb.fxgl.all@17.1/com.almasb.fxgl.app.MainWindow$update$1.invoke(MainWindow.kt:115)
	at com.almasb.fxgl.all@17.1/com.almasb.fxgl.app.MainWindow$update$1.invoke(MainWindow.kt:115)
	at com.almasb.fxgl.core@17.1/com.almasb.fxgl.core.fsm.StateMachine.runOnActiveStates(StateMachine.kt:69)
	at com.almasb.fxgl.all@17.1/com.almasb.fxgl.app.MainWindow.update(MainWindow.kt:115)
	at com.almasb.fxgl.all@17.1/com.almasb.fxgl.app.FXGLApplication$GameApplicationService.onUpdate(FXGLApplication.kt:426)
	at com.almasb.fxgl.all@17.1/com.almasb.fxgl.app.Engine.loop(Engine.kt:134)
	at com.almasb.fxgl.all@17.1/com.almasb.fxgl.app.Engine.access$loop(Engine.kt:24)
	at com.almasb.fxgl.all@17.1/com.almasb.fxgl.app.Engine$loop$1.invoke(Engine.kt:28)
	at com.almasb.fxgl.all@17.1/com.almasb.fxgl.app.Engine$loop$1.invoke(Engine.kt:28)
	at com.almasb.fxgl.all@17.1/com.almasb.fxgl.app.LoopRunner.frame(LoopRunner.kt:103)
	at com.almasb.fxgl.all@17.1/com.almasb.fxgl.app.LoopRunner.access$frame(LoopRunner.kt:23)
	at com.almasb.fxgl.all@17.1/com.almasb.fxgl.app.LoopRunner$impl$2$1.onTick(LoopRunner.kt:57)
	at com.almasb.fxgl.all@17.1/com.almasb.fxgl.app.AnimationTimerLoop$timer$1.handle(LoopRunner.kt:137)
	at javafx.graphics@19-ea/javafx.animation.AnimationTimer$AnimationTimerReceiver.lambda$handle$0(AnimationTimer.java:58)
	at java.base/java.security.AccessController.doPrivileged(AccessController.java:399)
	at javafx.graphics@19-ea/javafx.animation.AnimationTimer$AnimationTimerReceiver.handle(AnimationTimer.java:57)
	at javafx.graphics@19-ea/com.sun.scenario.animation.AbstractPrimaryTimer.timePulseImpl(AbstractPrimaryTimer.java:356)
	at javafx.graphics@19-ea/com.sun.scenario.animation.AbstractPrimaryTimer$MainLoop.run(AbstractPrimaryTimer.java:266)
	at javafx.graphics@19-ea/com.sun.javafx.tk.quantum.QuantumToolkit.pulse(QuantumToolkit.java:571)
	at javafx.graphics@19-ea/com.sun.javafx.tk.quantum.QuantumToolkit.pulse(QuantumToolkit.java:555)
	at javafx.graphics@19-ea/com.sun.javafx.tk.quantum.QuantumToolkit.pulseFromQueue(QuantumToolkit.java:548)
	at javafx.graphics@19-ea/com.sun.javafx.tk.quantum.QuantumToolkit.lambda$runToolkit$11(QuantumToolkit.java:352)
	at javafx.graphics@19-ea/com.sun.glass.ui.InvokeLaterDispatcher$Future.run(InvokeLaterDispatcher.java:96)
	at javafx.graphics@19-ea/com.sun.glass.ui.win.WinApplication._runLoop(Native Method)
	at javafx.graphics@19-ea/com.sun.glass.ui.win.WinApplication.lambda$runLoop$3(WinApplication.java:184)
	at java.base/java.lang.Thread.run(Thread.java:1589)

22:44:23.260 [JavaFX Application Thread] FATAL FXGLApplication      - Application will now exit
22:44:23.279 [JavaFX Application Thread] DEBUG PrimaryStageWindow   - Push state: ErrorSubScene
22:44:23.280 [JavaFX Application Thread] DEBUG Input                - Clearing active input actions
22:44:23.284 [JavaFX Application Thread] DEBUG GameApplicationServi - Removing overlay from GameScene and adding to ErrorSubScene
22:44:23.284 [JavaFX Application Thread] DEBUG PrimaryStageWindow   - GameScene -> ErrorSubScene
22:44:25.362 [FXGL Background Thread 3 ] DEBUG Engine               - Logging environment variables
22:44:25.362 [FXGL Background Thread 3 ] DEBUG Engine               - achievements: []
22:44:25.362 [FXGL Background Thread 3 ] DEBUG Engine               - actualHeight: 720.0
22:44:25.363 [FXGL Background Thread 3 ] DEBUG Engine               - actualHeightProperty: ReadOnlyDoubleProperty [value: 720.0]
22:44:25.363 [FXGL Background Thread 3 ] DEBUG Engine               - actualWidth: 1080.0
22:44:25.363 [FXGL Background Thread 3 ] DEBUG Engine               - actualWidthProperty: ReadOnlyDoubleProperty [value: 1080.0]
22:44:25.363 [FXGL Background Thread 3 ] DEBUG Engine               - appIcon: fxgl_icon.png
22:44:25.363 [FXGL Background Thread 3 ] DEBUG Engine               - applicationMode: DEVELOPER
22:44:25.363 [FXGL Background Thread 3 ] DEBUG Engine               - cSSList: [fxgl_dark.css]
22:44:25.363 [FXGL Background Thread 3 ] DEBUG Engine               - collisionDetectionStrategy: BRUTE_FORCE
22:44:25.363 [FXGL Background Thread 3 ] DEBUG Engine               - configClass: Optional.empty
22:44:25.363 [FXGL Background Thread 3 ] DEBUG Engine               - credits: []
22:44:25.364 [FXGL Background Thread 3 ] DEBUG Engine               - defaultCursor: CursorInfo(imageName=fxgl_default_cursor.png, hotspotX=7.0, hotspotY=6.0)
22:44:25.364 [FXGL Background Thread 3 ] DEBUG Engine               - devBBoxColorProperty: ObjectProperty [value: 0xff0000ff]
22:44:25.364 [FXGL Background Thread 3 ] DEBUG Engine               - devEnableDebugCameraProperty: BooleanProperty [value: false]
22:44:25.364 [FXGL Background Thread 3 ] DEBUG Engine               - devSensorColorProperty: ObjectProperty [value: 0xffff00ff]
22:44:25.364 [FXGL Background Thread 3 ] DEBUG Engine               - devShowBBoxProperty: BooleanProperty [value: false]
22:44:25.364 [FXGL Background Thread 3 ] DEBUG Engine               - devShowPositionProperty: BooleanProperty [value: false]
22:44:25.364 [FXGL Background Thread 3 ] DEBUG Engine               - enabledMenuItems: []
22:44:25.364 [FXGL Background Thread 3 ] DEBUG Engine               - engineServices: [class com.almasb.fxgl.app.services.FXGLAssetLoaderService, class com.almasb.fxgl.app.FXGLApplication$GameApplicationService, class com.almasb.fxgl.app.services.FXGLDialogService, class com.almasb.fxgl.app.services.IOTaskExecutorService, class com.almasb.fxgl.io.FileSystemService, class com.almasb.fxgl.localization.LocalizationService, class com.almasb.fxgl.app.services.SystemBundleService, class com.almasb.fxgl.profile.SaveLoadService, class com.almasb.fxgl.ui.FXGLUIFactoryServiceProvider, class com.almasb.fxgl.ui.FXGLDialogFactoryServiceProvider, class com.almasb.fxgl.audio.AudioPlayer, class com.almasb.fxgl.notification.impl.NotificationServiceProvider, class com.almasb.fxgl.achievement.AchievementService, class com.almasb.fxgl.cutscene.CutsceneService, class com.almasb.fxgl.minigames.MiniGameService, class com.almasb.fxgl.net.NetService, class com.almasb.fxgl.app.services.UpdaterService, class com.almasb.fxgl.dev.DevService]
22:44:25.364 [FXGL Background Thread 3 ] DEBUG Engine               - fontGame: Abel-Regular.ttf
22:44:25.364 [FXGL Background Thread 3 ] DEBUG Engine               - fontMono: TerminalLandMono-Regular.otf
22:44:25.364 [FXGL Background Thread 3 ] DEBUG Engine               - fontText: Courier-Prime.ttf
22:44:25.364 [FXGL Background Thread 3 ] DEBUG Engine               - fontUI: VarelaRound-Regular.ttf
22:44:25.364 [FXGL Background Thread 3 ] DEBUG Engine               - fullScreen: BooleanProperty [value: false]
22:44:25.364 [FXGL Background Thread 3 ] DEBUG Engine               - gameDifficulty: MEDIUM
22:44:25.364 [FXGL Background Thread 3 ] DEBUG Engine               - gameDifficultyProperty: ObjectProperty [value: MEDIUM]
22:44:25.364 [FXGL Background Thread 3 ] DEBUG Engine               - globalMusicVolume: 0.5
22:44:25.365 [FXGL Background Thread 3 ] DEBUG Engine               - globalMusicVolumeProperty: DoubleProperty [value: 0.0]
22:44:25.365 [FXGL Background Thread 3 ] DEBUG Engine               - globalSoundVolume: 0.5
22:44:25.365 [FXGL Background Thread 3 ] DEBUG Engine               - globalSoundVolumeProperty: DoubleProperty [value: 0.5]
22:44:25.365 [FXGL Background Thread 3 ] DEBUG Engine               - height: 720
22:44:25.365 [FXGL Background Thread 3 ] DEBUG Engine               - is3D: false
22:44:25.365 [FXGL Background Thread 3 ] DEBUG Engine               - isAndroid: false
22:44:25.365 [FXGL Background Thread 3 ] DEBUG Engine               - isBrowser: false
22:44:25.365 [FXGL Background Thread 3 ] DEBUG Engine               - isClickFeedbackEnabled: false
22:44:25.365 [FXGL Background Thread 3 ] DEBUG Engine               - isCloseConfirmation: false
22:44:25.365 [FXGL Background Thread 3 ] DEBUG Engine               - isDesktop: true
22:44:25.365 [FXGL Background Thread 3 ] DEBUG Engine               - isDeveloperMenuEnabled: false
22:44:25.365 [FXGL Background Thread 3 ] DEBUG Engine               - isEmbedded: false
22:44:25.365 [FXGL Background Thread 3 ] DEBUG Engine               - isEntityPreloadEnabled: true
22:44:25.365 [FXGL Background Thread 3 ] DEBUG Engine               - isExperimentalTiledLargeMap: false
22:44:25.365 [FXGL Background Thread 3 ] DEBUG Engine               - isFileSystemWriteAllowed: true
22:44:25.365 [FXGL Background Thread 3 ] DEBUG Engine               - isFullScreenAllowed: false
22:44:25.365 [FXGL Background Thread 3 ] DEBUG Engine               - isFullScreenFromStart: false
22:44:25.365 [FXGL Background Thread 3 ] DEBUG Engine               - isGameMenuEnabled: false
22:44:25.365 [FXGL Background Thread 3 ] DEBUG Engine               - isIOS: false
22:44:25.365 [FXGL Background Thread 3 ] DEBUG Engine               - isIntroEnabled: false
22:44:25.365 [FXGL Background Thread 3 ] DEBUG Engine               - isLinux: false
22:44:25.365 [FXGL Background Thread 3 ] DEBUG Engine               - isMac: false
22:44:25.365 [FXGL Background Thread 3 ] DEBUG Engine               - isMainMenuEnabled: true
22:44:25.365 [FXGL Background Thread 3 ] DEBUG Engine               - isManualResizeEnabled: false
22:44:25.365 [FXGL Background Thread 3 ] DEBUG Engine               - isMobile: false
22:44:25.365 [FXGL Background Thread 3 ] DEBUG Engine               - isNative: false
22:44:25.366 [FXGL Background Thread 3 ] DEBUG Engine               - isPauseMusicWhenMinimized: true
22:44:25.366 [FXGL Background Thread 3 ] DEBUG Engine               - isPreserveResizeRatio: false
22:44:25.366 [FXGL Background Thread 3 ] DEBUG Engine               - isProfilingEnabled: false
22:44:25.366 [FXGL Background Thread 3 ] DEBUG Engine               - isScaleAffectedOnResize: true
22:44:25.366 [FXGL Background Thread 3 ] DEBUG Engine               - isSingleStep: false
22:44:25.366 [FXGL Background Thread 3 ] DEBUG Engine               - isUserProfileEnabled: false
22:44:25.366 [FXGL Background Thread 3 ] DEBUG Engine               - isWindows: true
22:44:25.366 [FXGL Background Thread 3 ] DEBUG Engine               - language: ObjectProperty [value: ENGLISH]
22:44:25.366 [FXGL Background Thread 3 ] DEBUG Engine               - menuKey: ESCAPE
22:44:25.366 [FXGL Background Thread 3 ] DEBUG Engine               - mouseSensitivity: 0.2
22:44:25.366 [FXGL Background Thread 3 ] DEBUG Engine               - notificationViewClass: class com.almasb.fxgl.notification.view.XboxNotificationView
22:44:25.366 [FXGL Background Thread 3 ] DEBUG Engine               - pixelsPerMeter: 50.0
22:44:25.366 [FXGL Background Thread 3 ] DEBUG Engine               - platform: WINDOWS
22:44:25.366 [FXGL Background Thread 3 ] DEBUG Engine               - prefHeightProperty: ReadOnlyDoubleProperty [value: 720.0]
22:44:25.366 [FXGL Background Thread 3 ] DEBUG Engine               - prefWidthProperty: ReadOnlyDoubleProperty [value: 1080.0]
22:44:25.366 [FXGL Background Thread 3 ] DEBUG Engine               - profileDir: profiles/
22:44:25.366 [FXGL Background Thread 3 ] DEBUG Engine               - profileName: StringProperty [value: DEFAULT]
22:44:25.366 [FXGL Background Thread 3 ] DEBUG Engine               - randomSeed: -1
22:44:25.366 [FXGL Background Thread 3 ] DEBUG Engine               - runtimeInfo: RuntimeInfo(platform=WINDOWS, version=17.1, build=24.03.2022 17.34)
22:44:25.366 [FXGL Background Thread 3 ] DEBUG Engine               - saveFileExt: sav
22:44:25.366 [FXGL Background Thread 3 ] DEBUG Engine               - scaledHeightProp$fxgl: DoubleProperty [bound, value: 720.0]
22:44:25.367 [FXGL Background Thread 3 ] DEBUG Engine               - scaledWidthProp$fxgl: DoubleProperty [bound, value: 1080.0]
22:44:25.367 [FXGL Background Thread 3 ] DEBUG Engine               - sceneFactory: com.bomberman.bombermanplus.BombermanApp$1@3db508aa
22:44:25.367 [FXGL Background Thread 3 ] DEBUG Engine               - secondsIn24h: 60
22:44:25.367 [FXGL Background Thread 3 ] DEBUG Engine               - soundMenuBack: menu/back.wav
22:44:25.367 [FXGL Background Thread 3 ] DEBUG Engine               - soundMenuPress: menu/press.wav
22:44:25.367 [FXGL Background Thread 3 ] DEBUG Engine               - soundMenuSelect: menu/select.wav
22:44:25.367 [FXGL Background Thread 3 ] DEBUG Engine               - soundNotification: core/notification.wav
22:44:25.367 [FXGL Background Thread 3 ] DEBUG Engine               - stageStyle: DECORATED
22:44:25.367 [FXGL Background Thread 3 ] DEBUG Engine               - supportedLanguages: [ENGLISH, FRENCH, GERMAN, HUNGARIAN, RUSSIAN]
22:44:25.367 [FXGL Background Thread 3 ] DEBUG Engine               - ticksPerSecond: -1
22:44:25.367 [FXGL Background Thread 3 ] DEBUG Engine               - title: BOMBERMAN
22:44:25.367 [FXGL Background Thread 3 ] DEBUG Engine               - urlGithub: https://github.com/AlmasB/FXGL
22:44:25.367 [FXGL Background Thread 3 ] DEBUG Engine               - urlLeaderboard: http://fxgl-top.herokuapp.com/
22:44:25.367 [FXGL Background Thread 3 ] DEBUG Engine               - urlPOM: https://raw.githubusercontent.com/AlmasB/FXGL/release/README.md
22:44:25.367 [FXGL Background Thread 3 ] DEBUG Engine               - userAppClass: class com.bomberman.bombermanplus.BombermanApp
22:44:25.367 [FXGL Background Thread 3 ] DEBUG Engine               - version: 1.0
22:44:25.367 [FXGL Background Thread 3 ] DEBUG Engine               - versionCheckDays: 7
22:44:25.367 [FXGL Background Thread 3 ] DEBUG Engine               - width: 1080
22:44:25.367 [FXGL Background Thread 3 ] DEBUG Engine               - Logging services
22:44:25.367 [FXGL Background Thread 3 ] DEBUG Engine               - class com.almasb.fxgl.app.services.FXGLAssetLoaderService
22:44:25.367 [FXGL Background Thread 3 ] DEBUG Engine               - class com.almasb.fxgl.app.FXGLApplication$GameApplicationService
22:44:25.367 [FXGL Background Thread 3 ] DEBUG Engine               - class com.almasb.fxgl.app.services.FXGLDialogService
22:44:25.367 [FXGL Background Thread 3 ] DEBUG Engine               - class com.almasb.fxgl.app.services.IOTaskExecutorService
22:44:25.367 [FXGL Background Thread 3 ] DEBUG Engine               - class com.almasb.fxgl.io.FileSystemService
22:44:25.367 [FXGL Background Thread 3 ] DEBUG Engine               - class com.almasb.fxgl.localization.LocalizationService
22:44:25.367 [FXGL Background Thread 3 ] DEBUG Engine               - class com.almasb.fxgl.app.services.SystemBundleService
22:44:25.367 [FXGL Background Thread 3 ] DEBUG Engine               - class com.almasb.fxgl.profile.SaveLoadService
22:44:25.367 [FXGL Background Thread 3 ] DEBUG Engine               - class com.almasb.fxgl.ui.FXGLUIFactoryServiceProvider
22:44:25.367 [FXGL Background Thread 3 ] DEBUG Engine               - class com.almasb.fxgl.ui.FXGLDialogFactoryServiceProvider
22:44:25.367 [FXGL Background Thread 3 ] DEBUG Engine               - class com.almasb.fxgl.audio.AudioPlayer
22:44:25.367 [FXGL Background Thread 3 ] DEBUG Engine               - class com.almasb.fxgl.notification.impl.NotificationServiceProvider
22:44:25.367 [FXGL Background Thread 3 ] DEBUG Engine               - class com.almasb.fxgl.achievement.AchievementService
22:44:25.367 [FXGL Background Thread 3 ] DEBUG Engine               - class com.almasb.fxgl.cutscene.CutsceneService
22:44:25.367 [FXGL Background Thread 3 ] DEBUG Engine               - class com.almasb.fxgl.minigames.MiniGameService
22:44:25.367 [FXGL Background Thread 3 ] DEBUG Engine               - class com.almasb.fxgl.net.NetService
22:44:25.367 [FXGL Background Thread 3 ] DEBUG Engine               - class com.almasb.fxgl.app.services.UpdaterService
22:44:25.367 [FXGL Background Thread 3 ] DEBUG Engine               - class com.almasb.fxgl.dev.DevService
22:44:26.479 [JavaFX Application Thread] DEBUG FXGLApplication      - Exiting FXGL
22:44:26.479 [JavaFX Application Thread] DEBUG Async                - Shutting down background threads
22:44:26.479 [JavaFX Application Thread] DEBUG PrimaryStageWindow   - Closing main window
22:44:26.489 [JavaFX Application Thread] DEBUG Logger               - Closing Logger
