17:00:11.976 [main                     ] DEBUG Logger               - Configured Logger
17:00:11.991 [main                     ] DEBUG GameApplication      - Logging settings
Title: BOMBERMAN
Version: 1.0
Width: 1080
Height: 720
Fullscreen: false
Intro: false
Profiling: false
Single step:false
App Mode: DEVELOPER
Menu Key: ESCAPE
Stage Style: DECORATED
Scene Factory: class com.almasb.fxgl.app.scene.SceneFactory

17:00:12.387 [JavaFX Application Thread] DEBUG FXGLApplication      - Initializing FXGL
17:00:12.390 [JavaFX Application Thread] INFO  Engine               - FXGL-17.1 (24.03.2022 17.34) on WINDOWS (J:19 FX:19-ea)
17:00:12.391 [JavaFX Application Thread] DEBUG Engine               - JRE Vendor Name: Oracle Corporation
17:00:12.391 [JavaFX Application Thread] DEBUG Engine               - Running on OS: Windows 11 version 10.0
17:00:12.391 [JavaFX Application Thread] DEBUG Engine               - Architecture: amd64
17:00:12.391 [JavaFX Application Thread] INFO  Engine               - Source code and latest versions at: https://github.com/AlmasB/FXGL
17:00:12.391 [JavaFX Application Thread] INFO  Engine               -       Ask questions and discuss at: https://github.com/AlmasB/FXGL/discussions
17:00:12.391 [JavaFX Application Thread] INFO  Engine               -              Join the FXGL chat at: https://gitter.im/AlmasB/FXGL
17:00:12.472 [JavaFX Application Thread] DEBUG PrimaryStageWindow   - Creating a JavaFX scene
17:00:12.513 [JavaFX Application Thread] DEBUG PrimaryStageWindow   - Target settings size: 1080.0 x 720.0
17:00:12.514 [JavaFX Application Thread] DEBUG PrimaryStageWindow   - Scaled scene size:    1080.0 x 720.0
17:00:12.514 [JavaFX Application Thread] DEBUG PrimaryStageWindow   - Scaled ratio: (1.0, 1.0)
17:00:12.514 [JavaFX Application Thread] DEBUG PrimaryStageWindow   - Set initial scene to FXGLStartupScene
17:00:12.519 [JavaFX Application Thread] DEBUG PrimaryStageWindow   - Opening main window
17:00:12.603 [JavaFX Application Thread] DEBUG PrimaryStageWindow   - Window border size: (14.4000244140625, 37.5999755859375)
17:00:12.603 [JavaFX Application Thread] DEBUG PrimaryStageWindow   - Scaled size: 1080.0 x 720.0
17:00:12.604 [JavaFX Application Thread] DEBUG PrimaryStageWindow   - Scaled ratio: (1.0, 1.0)
17:00:12.604 [JavaFX Application Thread] DEBUG PrimaryStageWindow   - Scene size: 1080.0 x 720.0
17:00:12.604 [JavaFX Application Thread] DEBUG PrimaryStageWindow   - Stage size: 1094.4000244140625 x 757.5999755859375
17:00:12.618 [FXGL Background Thread 1 ] DEBUG Engine               - Initializing environment variables
17:00:12.669 [FXGL Background Thread 1 ] DEBUG FXGLAssetLoaderServi - User app class for loading assets: class com.bomberman.bombermanplus.BombermanApp
17:00:12.669 [FXGL Background Thread 1 ] DEBUG GameApplicationServi - Applying CSS: fxgl_dark.css
17:00:12.670 [FXGL Background Thread 1 ] DEBUG FXGLAssetLoaderServi - Loading from file system: jar:file:///C:/Users/ADMIN/.m2/repository/com/github/almasb/fxgl/17.1/fxgl-17.1.jar!/fxglassets/ui/css/fxgl_dark.css
17:00:12.704 [FXGL Background Thread 1 ] DEBUG GameApplicationServi - Initializing application scenes
17:00:12.740 [FXGL Background Thread 1 ] DEBUG GameWorld            - Game world initialized
17:00:12.802 [FXGL Background Thread 1 ] DEBUG PhysicsWorld         - Physics world initialized: appHeight=720, physics.ppm=50.0
17:00:12.802 [FXGL Background Thread 1 ] DEBUG PhysicsWorld         - Using strategy: BRUTE_FORCE
17:00:12.807 [FXGL Background Thread 1 ] DEBUG GameScene            - Game scene initialized: 1080x720
17:00:12.808 [FXGL Background Thread 1 ] DEBUG GameApplicationServi - Application scenes initialized
17:00:12.823 [FXGL Background Thread 1 ] DEBUG SystemBundleService  - Loading FXGL system data
17:00:12.829 [FXGL Background Thread 1 ] DEBUG FileSystemAccess     - Reading from: C:\Users\ADMIN\IdeaProjects\BombermanPlus\system\fxgl.bundle
17:00:12.842 [FXGL Background Thread 1 ] DEBUG SystemBundleService  - Bundle FXGL: {}
17:00:12.842 [FXGL Background Thread 1 ] DEBUG UpdaterService       - Checking for updates
17:00:12.848 [FXGL Background Thread 4 ] DEBUG FXGLApplication      - Loading fonts
17:00:12.848 [FXGL Background Thread 1 ] DEBUG FXGLApplication      - Loading default localization
17:00:12.848 [FXGL Background Thread 4 ] DEBUG FXGLAssetLoaderServi - Loading from file system: jar:file:///C:/Users/ADMIN/.m2/repository/com/github/almasb/fxgl/17.1/fxgl-17.1.jar!/fxglassets/ui/fonts/VarelaRound-Regular.ttf
17:00:12.848 [FXGL Background Thread 1 ] DEBUG FXGLAssetLoaderServi - Loading from file system: jar:file:///C:/Users/ADMIN/.m2/repository/com/github/almasb/fxgl/17.1/fxgl-17.1.jar!/fxglassets/languages/english.lang
17:00:12.864 [FXGL Background Thread 1 ] INFO  FXGLApplication      - FXGL initialization took: 0.246 sec
17:00:12.873 [JavaFX Application Thread] DEBUG Input                - Registered new binding: Move Right - D
17:00:12.873 [JavaFX Application Thread] DEBUG Input                - Registered new binding: Move Up - W
17:00:12.873 [JavaFX Application Thread] DEBUG Input                - Registered new binding: Move Down - S
17:00:12.873 [JavaFX Application Thread] DEBUG Input                - Registered new binding: Move Left - A
17:00:12.874 [JavaFX Application Thread] DEBUG FXGLAssetLoaderServi - Loading from file system: jar:file:///C:/Users/ADMIN/.m2/repository/com/github/almasb/fxgl/17.1/fxgl-17.1.jar!/fxglassets/textures/fxgl_icon.png
17:00:12.909 [JavaFX Application Thread] DEBUG FXGLAssetLoaderServi - Loading from file system: jar:file:///C:/Users/ADMIN/.m2/repository/com/github/almasb/fxgl/17.1/fxgl-17.1.jar!/fxglassets/textures/fxgl_default_cursor.png
17:00:12.911 [JavaFX Application Thread] DEBUG Input                - Registered new binding: Screenshot - CTRL+8
17:00:12.912 [JavaFX Application Thread] DEBUG Input                - Registered new binding: System info dump - CTRL+9
17:00:12.912 [JavaFX Application Thread] DEBUG Input                - Registered new binding: Restart - CTRL+R
17:00:12.913 [JavaFX Application Thread] DEBUG Input                - Registered new binding: Toggle Debug Camera - CTRL+7
17:00:12.916 [JavaFX Application Thread] DEBUG LoopRunner           - Starting loop
17:00:12.916 [JavaFX Application Thread] DEBUG LoopRunner           - Initializing JavaFX AnimationTimerLoop
17:00:12.919 [JavaFX Application Thread] DEBUG GameApplicationServi - Starting new game
17:00:12.919 [JavaFX Application Thread] DEBUG Input                - Clearing active input actions
17:00:12.931 [JavaFX Application Thread] DEBUG GameApplicationServi - Removing overlay from FXGLStartupScene and adding to FXGLLoadingScene
17:00:12.932 [JavaFX Application Thread] DEBUG PrimaryStageWindow   - FXGLStartupScene -> FXGLLoadingScene
17:00:12.932 [JavaFX Application Thread] DEBUG GameApplicationServi - Clearing previous game
17:00:12.932 [JavaFX Application Thread] DEBUG GameScene            - Clearing game scene
17:00:12.932 [JavaFX Application Thread] DEBUG GameWorld            - Clearing game world
17:00:12.932 [JavaFX Application Thread] DEBUG PhysicsWorld         - Clearing physics world
17:00:12.935 [FXGL Background Thread 1 ] DEBUG FXGLApplication      - Initializing game
17:00:12.955 [FXGL Background Thread 4 ] DEBUG FXGLAssetLoaderServi - Loading from file system: jar:file:///C:/Users/ADMIN/.m2/repository/com/github/almasb/fxgl/17.1/fxgl-17.1.jar!/fxglassets/ui/fonts/Abel-Regular.ttf
17:00:12.978 [FXGL Background Thread 4 ] DEBUG FXGLAssetLoaderServi - Loading from file system: jar:file:///C:/Users/ADMIN/.m2/repository/com/github/almasb/fxgl/17.1/fxgl-17.1.jar!/fxglassets/ui/fonts/TerminalLandMono-Regular.otf
17:00:12.985 [FXGL Background Thread 1 ] DEBUG FXGLAssetLoaderServi - Loading from file system: file:/C:/Users/ADMIN/IdeaProjects/BombermanPlus/target/classes/assets/textures/brick.png
17:00:13.005 [FXGL Background Thread 4 ] DEBUG FXGLAssetLoaderServi - Loading from file system: jar:file:///C:/Users/ADMIN/.m2/repository/com/github/almasb/fxgl/17.1/fxgl-17.1.jar!/fxglassets/ui/fonts/Courier-Prime.ttf
17:00:13.069 [JavaFX Application Thread] DEBUG LoopRunner           - Stopping loop
17:00:13.075 [JavaFX Application Thread] FATAL FXGLApplication      - Uncaught Exception:
java.lang.RuntimeException: Initialization failed
	at com.almasb.fxgl.all@17.1/com.almasb.fxgl.app.FXGLApplication$InitAppTask.failed(FXGLApplication.kt:343)
	at javafx.graphics@19-ea/javafx.concurrent.Task.setState(Task.java:710)
	at javafx.graphics@19-ea/javafx.concurrent.Task$TaskCallable.lambda$call$2(Task.java:1456)
	at javafx.graphics@19-ea/com.sun.javafx.application.PlatformImpl.lambda$runLater$10(PlatformImpl.java:457)
	at java.base/java.security.AccessController.doPrivileged(AccessController.java:399)
	at javafx.graphics@19-ea/com.sun.javafx.application.PlatformImpl.lambda$runLater$11(PlatformImpl.java:456)
	at javafx.graphics@19-ea/com.sun.glass.ui.InvokeLaterDispatcher$Future.run(InvokeLaterDispatcher.java:96)
	at javafx.graphics@19-ea/com.sun.glass.ui.win.WinApplication._runLoop(Native Method)
	at javafx.graphics@19-ea/com.sun.glass.ui.win.WinApplication.lambda$runLoop$3(WinApplication.java:184)
	at java.base/java.lang.Thread.run(Thread.java:1589)
Caused by: java.lang.IllegalArgumentException: Key width has no associated value!
	at com.almasb.fxgl.entity@17.1/com.almasb.fxgl.entity.SpawnData.get(SpawnData.kt:35)
	at BombermanPlus/com.bomberman.bombermanplus.BombermanFactory.spawnWall(BombermanFactory.java:55)
	at java.base/jdk.internal.reflect.DirectMethodHandleAccessor.invoke(DirectMethodHandleAccessor.java:104)
	at java.base/java.lang.reflect.Method.invoke(Method.java:578)
	at com.almasb.fxgl.core@17.1/com.almasb.fxgl.core.reflect.ReflectionUtils.call(ReflectionUtils.java:104)
	at com.almasb.fxgl.core@17.1/com.almasb.fxgl.core.reflect.ReflectionUtils.lambda$mapToFunction$3(ReflectionUtils.java:111)
	at com.almasb.fxgl.entity@17.1/com.almasb.fxgl.entity.GameWorld$create$2.invoke(GameWorld.kt:430)
	at com.almasb.fxgl.entity@17.1/com.almasb.fxgl.entity.GameWorld$create$2.invoke(GameWorld.kt:430)
	at com.almasb.fxgl.core@17.1/com.almasb.fxgl.core.util.DSLKt.tryCatchRoot(DSL.kt:34)
	at com.almasb.fxgl.entity@17.1/com.almasb.fxgl.entity.GameWorld.create(GameWorld.kt:430)
	at com.almasb.fxgl.entity@17.1/com.almasb.fxgl.entity.level.text.TextLevelLoader.load(TextLevelLoader.kt:41)
	at com.almasb.fxgl.all@17.1/com.almasb.fxgl.app.services.FXGLAssetLoaderService.loadLevel(FXGLAssetLoaderService.kt:446)
	at BombermanPlus/com.bomberman.bombermanplus.BombermanApp.initGame(BombermanApp.java:81)
	at com.almasb.fxgl.all@17.1/com.almasb.fxgl.app.FXGLApplication$InitAppTask.initGame(FXGLApplication.kt:339)
	at com.almasb.fxgl.all@17.1/com.almasb.fxgl.app.FXGLApplication$InitAppTask.call(FXGLApplication.kt:319)
	at com.almasb.fxgl.all@17.1/com.almasb.fxgl.app.FXGLApplication$InitAppTask.call(FXGLApplication.kt:311)
	at javafx.graphics@19-ea/javafx.concurrent.Task$TaskCallable.call(Task.java:1426)
	at java.base/java.util.concurrent.FutureTask.run(FutureTask.java:317)
	at java.base/java.util.concurrent.Executors$RunnableAdapter.call(Executors.java:577)
	at java.base/java.util.concurrent.FutureTask.run(FutureTask.java:317)
	at java.base/java.util.concurrent.ThreadPoolExecutor.runWorker(ThreadPoolExecutor.java:1144)
	at java.base/java.util.concurrent.ThreadPoolExecutor$Worker.run(ThreadPoolExecutor.java:642)
	... 1 more

17:00:13.076 [JavaFX Application Thread] FATAL FXGLApplication      - Application will now exit
17:00:13.105 [JavaFX Application Thread] DEBUG PrimaryStageWindow   - Push state: ErrorSubScene
17:00:13.105 [JavaFX Application Thread] DEBUG Input                - Clearing active input actions
17:00:13.111 [JavaFX Application Thread] DEBUG GameApplicationServi - Removing overlay from FXGLLoadingScene and adding to ErrorSubScene
17:00:13.112 [JavaFX Application Thread] DEBUG PrimaryStageWindow   - FXGLLoadingScene -> ErrorSubScene
17:00:13.114 [JavaFX Application Thread] DEBUG FXGLApplication      - Registering font factories with UI factory
17:00:13.440 [FXGL Background Thread 2 ] INFO  UpdaterService       - Your current version:  17.1
17:00:13.441 [FXGL Background Thread 2 ] INFO  UpdaterService       - Latest stable version: 17.2
17:00:15.847 [FXGL Background Thread 3 ] DEBUG Engine               - Logging environment variables
17:00:15.848 [FXGL Background Thread 3 ] DEBUG Engine               - achievements: []
17:00:15.848 [FXGL Background Thread 3 ] DEBUG Engine               - actualHeight: 720.0
17:00:15.848 [FXGL Background Thread 3 ] DEBUG Engine               - actualHeightProperty: ReadOnlyDoubleProperty [value: 720.0]
17:00:15.848 [FXGL Background Thread 3 ] DEBUG Engine               - actualWidth: 1080.0
17:00:15.848 [FXGL Background Thread 3 ] DEBUG Engine               - actualWidthProperty: ReadOnlyDoubleProperty [value: 1080.0]
17:00:15.848 [FXGL Background Thread 3 ] DEBUG Engine               - appIcon: fxgl_icon.png
17:00:15.848 [FXGL Background Thread 3 ] DEBUG Engine               - applicationMode: DEVELOPER
17:00:15.848 [FXGL Background Thread 3 ] DEBUG Engine               - cSSList: [fxgl_dark.css]
17:00:15.848 [FXGL Background Thread 3 ] DEBUG Engine               - collisionDetectionStrategy: BRUTE_FORCE
17:00:15.848 [FXGL Background Thread 3 ] DEBUG Engine               - configClass: Optional.empty
17:00:15.848 [FXGL Background Thread 3 ] DEBUG Engine               - credits: []
17:00:15.849 [FXGL Background Thread 3 ] DEBUG Engine               - defaultCursor: CursorInfo(imageName=fxgl_default_cursor.png, hotspotX=7.0, hotspotY=6.0)
17:00:15.849 [FXGL Background Thread 3 ] DEBUG Engine               - devBBoxColorProperty: ObjectProperty [value: 0xff0000ff]
17:00:15.849 [FXGL Background Thread 3 ] DEBUG Engine               - devEnableDebugCameraProperty: BooleanProperty [value: false]
17:00:15.849 [FXGL Background Thread 3 ] DEBUG Engine               - devSensorColorProperty: ObjectProperty [value: 0xffff00ff]
17:00:15.849 [FXGL Background Thread 3 ] DEBUG Engine               - devShowBBoxProperty: BooleanProperty [value: false]
17:00:15.849 [FXGL Background Thread 3 ] DEBUG Engine               - devShowPositionProperty: BooleanProperty [value: false]
17:00:15.849 [FXGL Background Thread 3 ] DEBUG Engine               - enabledMenuItems: []
17:00:15.849 [FXGL Background Thread 3 ] DEBUG Engine               - engineServices: [class com.almasb.fxgl.app.services.FXGLAssetLoaderService, class com.almasb.fxgl.app.FXGLApplication$GameApplicationService, class com.almasb.fxgl.app.services.FXGLDialogService, class com.almasb.fxgl.app.services.IOTaskExecutorService, class com.almasb.fxgl.io.FileSystemService, class com.almasb.fxgl.localization.LocalizationService, class com.almasb.fxgl.app.services.SystemBundleService, class com.almasb.fxgl.profile.SaveLoadService, class com.almasb.fxgl.ui.FXGLUIFactoryServiceProvider, class com.almasb.fxgl.ui.FXGLDialogFactoryServiceProvider, class com.almasb.fxgl.audio.AudioPlayer, class com.almasb.fxgl.notification.impl.NotificationServiceProvider, class com.almasb.fxgl.achievement.AchievementService, class com.almasb.fxgl.cutscene.CutsceneService, class com.almasb.fxgl.minigames.MiniGameService, class com.almasb.fxgl.net.NetService, class com.almasb.fxgl.app.services.UpdaterService, class com.almasb.fxgl.dev.DevService]
17:00:15.849 [FXGL Background Thread 3 ] DEBUG Engine               - fontGame: Abel-Regular.ttf
17:00:15.850 [FXGL Background Thread 3 ] DEBUG Engine               - fontMono: TerminalLandMono-Regular.otf
17:00:15.850 [FXGL Background Thread 3 ] DEBUG Engine               - fontText: Courier-Prime.ttf
17:00:15.850 [FXGL Background Thread 3 ] DEBUG Engine               - fontUI: VarelaRound-Regular.ttf
17:00:15.850 [FXGL Background Thread 3 ] DEBUG Engine               - fullScreen: BooleanProperty [value: false]
17:00:15.850 [FXGL Background Thread 3 ] DEBUG Engine               - gameDifficulty: MEDIUM
17:00:15.850 [FXGL Background Thread 3 ] DEBUG Engine               - gameDifficultyProperty: ObjectProperty [value: MEDIUM]
17:00:15.850 [FXGL Background Thread 3 ] DEBUG Engine               - globalMusicVolume: 0.5
17:00:15.850 [FXGL Background Thread 3 ] DEBUG Engine               - globalMusicVolumeProperty: DoubleProperty [value: 0.5]
17:00:15.850 [FXGL Background Thread 3 ] DEBUG Engine               - globalSoundVolume: 0.5
17:00:15.850 [FXGL Background Thread 3 ] DEBUG Engine               - globalSoundVolumeProperty: DoubleProperty [value: 0.5]
17:00:15.850 [FXGL Background Thread 3 ] DEBUG Engine               - height: 720
17:00:15.850 [FXGL Background Thread 3 ] DEBUG Engine               - is3D: false
17:00:15.850 [FXGL Background Thread 3 ] DEBUG Engine               - isAndroid: false
17:00:15.850 [FXGL Background Thread 3 ] DEBUG Engine               - isBrowser: false
17:00:15.850 [FXGL Background Thread 3 ] DEBUG Engine               - isClickFeedbackEnabled: false
17:00:15.850 [FXGL Background Thread 3 ] DEBUG Engine               - isCloseConfirmation: false
17:00:15.850 [FXGL Background Thread 3 ] DEBUG Engine               - isDesktop: true
17:00:15.850 [FXGL Background Thread 3 ] DEBUG Engine               - isDeveloperMenuEnabled: false
17:00:15.851 [FXGL Background Thread 3 ] DEBUG Engine               - isEmbedded: false
17:00:15.851 [FXGL Background Thread 3 ] DEBUG Engine               - isEntityPreloadEnabled: true
17:00:15.851 [FXGL Background Thread 3 ] DEBUG Engine               - isExperimentalTiledLargeMap: false
17:00:15.851 [FXGL Background Thread 3 ] DEBUG Engine               - isFileSystemWriteAllowed: true
17:00:15.851 [FXGL Background Thread 3 ] DEBUG Engine               - isFullScreenAllowed: false
17:00:15.851 [FXGL Background Thread 3 ] DEBUG Engine               - isFullScreenFromStart: false
17:00:15.851 [FXGL Background Thread 3 ] DEBUG Engine               - isGameMenuEnabled: false
17:00:15.851 [FXGL Background Thread 3 ] DEBUG Engine               - isIOS: false
17:00:15.851 [FXGL Background Thread 3 ] DEBUG Engine               - isIntroEnabled: false
17:00:15.851 [FXGL Background Thread 3 ] DEBUG Engine               - isLinux: false
17:00:15.851 [FXGL Background Thread 3 ] DEBUG Engine               - isMac: false
17:00:15.851 [FXGL Background Thread 3 ] DEBUG Engine               - isMainMenuEnabled: false
17:00:15.851 [FXGL Background Thread 3 ] DEBUG Engine               - isManualResizeEnabled: false
17:00:15.851 [FXGL Background Thread 3 ] DEBUG Engine               - isMobile: false
17:00:15.851 [FXGL Background Thread 3 ] DEBUG Engine               - isNative: false
17:00:15.851 [FXGL Background Thread 3 ] DEBUG Engine               - isPauseMusicWhenMinimized: true
17:00:15.851 [FXGL Background Thread 3 ] DEBUG Engine               - isPreserveResizeRatio: false
17:00:15.851 [FXGL Background Thread 3 ] DEBUG Engine               - isProfilingEnabled: false
17:00:15.851 [FXGL Background Thread 3 ] DEBUG Engine               - isScaleAffectedOnResize: true
17:00:15.851 [FXGL Background Thread 3 ] DEBUG Engine               - isSingleStep: false
17:00:15.851 [FXGL Background Thread 3 ] DEBUG Engine               - isUserProfileEnabled: false
17:00:15.851 [FXGL Background Thread 3 ] DEBUG Engine               - isWindows: true
17:00:15.851 [FXGL Background Thread 3 ] DEBUG Engine               - language: ObjectProperty [value: ENGLISH]
17:00:15.852 [FXGL Background Thread 3 ] DEBUG Engine               - menuKey: ESCAPE
17:00:15.852 [FXGL Background Thread 3 ] DEBUG Engine               - mouseSensitivity: 0.2
17:00:15.852 [FXGL Background Thread 3 ] DEBUG Engine               - notificationViewClass: class com.almasb.fxgl.notification.view.XboxNotificationView
17:00:15.852 [FXGL Background Thread 3 ] DEBUG Engine               - pixelsPerMeter: 50.0
17:00:15.852 [FXGL Background Thread 3 ] DEBUG Engine               - platform: WINDOWS
17:00:15.852 [FXGL Background Thread 3 ] DEBUG Engine               - prefHeightProperty: ReadOnlyDoubleProperty [value: 720.0]
17:00:15.852 [FXGL Background Thread 3 ] DEBUG Engine               - prefWidthProperty: ReadOnlyDoubleProperty [value: 1080.0]
17:00:15.852 [FXGL Background Thread 3 ] DEBUG Engine               - profileDir: profiles/
17:00:15.852 [FXGL Background Thread 3 ] DEBUG Engine               - profileName: StringProperty [value: DEFAULT]
17:00:15.852 [FXGL Background Thread 3 ] DEBUG Engine               - randomSeed: -1
17:00:15.852 [FXGL Background Thread 3 ] DEBUG Engine               - runtimeInfo: RuntimeInfo(platform=WINDOWS, version=17.1, build=24.03.2022 17.34)
17:00:15.852 [FXGL Background Thread 3 ] DEBUG Engine               - saveFileExt: sav
17:00:15.852 [FXGL Background Thread 3 ] DEBUG Engine               - scaledHeightProp$fxgl: DoubleProperty [bound, value: 720.0]
17:00:15.852 [FXGL Background Thread 3 ] DEBUG Engine               - scaledWidthProp$fxgl: DoubleProperty [bound, value: 1080.0]
17:00:15.852 [FXGL Background Thread 3 ] DEBUG Engine               - sceneFactory: com.almasb.fxgl.app.scene.SceneFactory@2be4eeed
17:00:15.852 [FXGL Background Thread 3 ] DEBUG Engine               - secondsIn24h: 60
17:00:15.853 [FXGL Background Thread 3 ] DEBUG Engine               - soundMenuBack: menu/back.wav
17:00:15.853 [FXGL Background Thread 3 ] DEBUG Engine               - soundMenuPress: menu/press.wav
17:00:15.853 [FXGL Background Thread 3 ] DEBUG Engine               - soundMenuSelect: menu/select.wav
17:00:15.853 [FXGL Background Thread 3 ] DEBUG Engine               - soundNotification: core/notification.wav
17:00:15.853 [FXGL Background Thread 3 ] DEBUG Engine               - stageStyle: DECORATED
17:00:15.854 [FXGL Background Thread 3 ] DEBUG Engine               - supportedLanguages: [ENGLISH, FRENCH, GERMAN, HUNGARIAN, RUSSIAN]
17:00:15.854 [FXGL Background Thread 3 ] DEBUG Engine               - ticksPerSecond: -1
17:00:15.854 [FXGL Background Thread 3 ] DEBUG Engine               - title: BOMBERMAN
17:00:15.854 [FXGL Background Thread 3 ] DEBUG Engine               - urlGithub: https://github.com/AlmasB/FXGL
17:00:15.854 [FXGL Background Thread 3 ] DEBUG Engine               - urlLeaderboard: http://fxgl-top.herokuapp.com/
17:00:15.854 [FXGL Background Thread 3 ] DEBUG Engine               - urlPOM: https://raw.githubusercontent.com/AlmasB/FXGL/release/README.md
17:00:15.854 [FXGL Background Thread 3 ] DEBUG Engine               - userAppClass: class com.bomberman.bombermanplus.BombermanApp
17:00:15.854 [FXGL Background Thread 3 ] DEBUG Engine               - version: 1.0
17:00:15.854 [FXGL Background Thread 3 ] DEBUG Engine               - versionCheckDays: 7
17:00:15.854 [FXGL Background Thread 3 ] DEBUG Engine               - width: 1080
17:00:15.854 [FXGL Background Thread 3 ] DEBUG Engine               - Logging services
17:00:15.854 [FXGL Background Thread 3 ] DEBUG Engine               - class com.almasb.fxgl.app.services.FXGLAssetLoaderService
17:00:15.854 [FXGL Background Thread 3 ] DEBUG Engine               - class com.almasb.fxgl.app.FXGLApplication$GameApplicationService
17:00:15.854 [FXGL Background Thread 3 ] DEBUG Engine               - class com.almasb.fxgl.app.services.FXGLDialogService
17:00:15.854 [FXGL Background Thread 3 ] DEBUG Engine               - class com.almasb.fxgl.app.services.IOTaskExecutorService
17:00:15.854 [FXGL Background Thread 3 ] DEBUG Engine               - class com.almasb.fxgl.io.FileSystemService
17:00:15.854 [FXGL Background Thread 3 ] DEBUG Engine               - class com.almasb.fxgl.localization.LocalizationService
17:00:15.854 [FXGL Background Thread 3 ] DEBUG Engine               - class com.almasb.fxgl.app.services.SystemBundleService
17:00:15.854 [FXGL Background Thread 3 ] DEBUG Engine               - class com.almasb.fxgl.profile.SaveLoadService
17:00:15.854 [FXGL Background Thread 3 ] DEBUG Engine               - class com.almasb.fxgl.ui.FXGLUIFactoryServiceProvider
17:00:15.854 [FXGL Background Thread 3 ] DEBUG Engine               - class com.almasb.fxgl.ui.FXGLDialogFactoryServiceProvider
17:00:15.854 [FXGL Background Thread 3 ] DEBUG Engine               - class com.almasb.fxgl.audio.AudioPlayer
17:00:15.854 [FXGL Background Thread 3 ] DEBUG Engine               - class com.almasb.fxgl.notification.impl.NotificationServiceProvider
17:00:15.854 [FXGL Background Thread 3 ] DEBUG Engine               - class com.almasb.fxgl.achievement.AchievementService
17:00:15.854 [FXGL Background Thread 3 ] DEBUG Engine               - class com.almasb.fxgl.cutscene.CutsceneService
17:00:15.854 [FXGL Background Thread 3 ] DEBUG Engine               - class com.almasb.fxgl.minigames.MiniGameService
17:00:15.854 [FXGL Background Thread 3 ] DEBUG Engine               - class com.almasb.fxgl.net.NetService
17:00:15.854 [FXGL Background Thread 3 ] DEBUG Engine               - class com.almasb.fxgl.app.services.UpdaterService
17:00:15.854 [FXGL Background Thread 3 ] DEBUG Engine               - class com.almasb.fxgl.dev.DevService
17:00:26.364 [JavaFX Application Thread] DEBUG FXGLApplication      - Exiting FXGL
17:00:26.364 [JavaFX Application Thread] DEBUG Async                - Shutting down background threads
17:00:26.364 [JavaFX Application Thread] DEBUG PrimaryStageWindow   - Closing main window
17:00:26.373 [JavaFX Application Thread] DEBUG Logger               - Closing Logger
