15:21:13.542 [main                     ] DEBUG Logger               - Configured Logger
15:21:13.557 [main                     ] DEBUG GameApplication      - Logging settings
Title: BOMBERMAN
Version: 1.0
Width: 1080
Height: 720
Fullscreen: false
Intro: false
Profiling: false
Single step:false
App Mode: DEVELOPER
Menu Key: ESCAPE
Stage Style: DECORATED
Scene Factory: class com.bomberman.bombermanplus.BombermanApp$1

15:21:13.836 [JavaFX Application Thread] DEBUG FXGLApplication      - Initializing FXGL
15:21:13.840 [JavaFX Application Thread] INFO  Engine               - FXGL-17.1 (24.03.2022 17.34) on WINDOWS (J:19 FX:19-ea)
15:21:13.841 [JavaFX Application Thread] DEBUG Engine               - JRE Vendor Name: Oracle Corporation
15:21:13.841 [JavaFX Application Thread] DEBUG Engine               - Running on OS: Windows 11 version 10.0
15:21:13.841 [JavaFX Application Thread] DEBUG Engine               - Architecture: amd64
15:21:13.841 [JavaFX Application Thread] INFO  Engine               - Source code and latest versions at: https://github.com/AlmasB/FXGL
15:21:13.841 [JavaFX Application Thread] INFO  Engine               -       Ask questions and discuss at: https://github.com/AlmasB/FXGL/discussions
15:21:13.841 [JavaFX Application Thread] INFO  Engine               -              Join the FXGL chat at: https://gitter.im/AlmasB/FXGL
15:21:13.900 [JavaFX Application Thread] DEBUG PrimaryStageWindow   - Creating a JavaFX scene
15:21:13.931 [JavaFX Application Thread] DEBUG PrimaryStageWindow   - Target settings size: 1080.0 x 720.0
15:21:13.932 [JavaFX Application Thread] DEBUG PrimaryStageWindow   - Scaled scene size:    1080.0 x 720.0
15:21:13.932 [JavaFX Application Thread] DEBUG PrimaryStageWindow   - Scaled ratio: (1.0, 1.0)
15:21:13.932 [JavaFX Application Thread] DEBUG PrimaryStageWindow   - Set initial scene to FXGLStartupScene
15:21:13.937 [JavaFX Application Thread] DEBUG PrimaryStageWindow   - Opening main window
15:21:14.007 [JavaFX Application Thread] DEBUG PrimaryStageWindow   - Window border size: (14.4000244140625, 37.5999755859375)
15:21:14.007 [JavaFX Application Thread] DEBUG PrimaryStageWindow   - Scaled size: 1080.0 x 720.0
15:21:14.008 [JavaFX Application Thread] DEBUG PrimaryStageWindow   - Scaled ratio: (1.0, 1.0)
15:21:14.008 [JavaFX Application Thread] DEBUG PrimaryStageWindow   - Scene size: 1080.0 x 720.0
15:21:14.008 [JavaFX Application Thread] DEBUG PrimaryStageWindow   - Stage size: 1094.4000244140625 x 757.5999755859375
15:21:14.017 [FXGL Background Thread 1 ] DEBUG Engine               - Initializing environment variables
15:21:14.070 [FXGL Background Thread 1 ] DEBUG FXGLAssetLoaderServi - User app class for loading assets: class com.bomberman.bombermanplus.BombermanApp
15:21:14.070 [FXGL Background Thread 1 ] DEBUG GameApplicationServi - Applying CSS: fxgl_dark.css
15:21:14.070 [FXGL Background Thread 1 ] DEBUG FXGLAssetLoaderServi - Loading from file system: jar:file:///C:/Users/ADMIN/.m2/repository/com/github/almasb/fxgl/17.1/fxgl-17.1.jar!/fxglassets/ui/css/fxgl_dark.css
15:21:14.105 [FXGL Background Thread 1 ] DEBUG GameApplicationServi - Initializing application scenes
15:21:14.134 [FXGL Background Thread 1 ] DEBUG GameWorld            - Game world initialized
15:21:14.192 [FXGL Background Thread 1 ] DEBUG PhysicsWorld         - Physics world initialized: appHeight=720, physics.ppm=50.0
15:21:14.192 [FXGL Background Thread 1 ] DEBUG PhysicsWorld         - Using strategy: BRUTE_FORCE
15:21:14.196 [FXGL Background Thread 1 ] DEBUG GameScene            - Game scene initialized: 1080x720
15:21:14.226 [FXGL Background Thread 1 ] DEBUG GameApplicationServi - Application scenes initialized
15:21:14.238 [FXGL Background Thread 1 ] DEBUG SystemBundleService  - Loading FXGL system data
15:21:14.244 [FXGL Background Thread 1 ] DEBUG FileSystemAccess     - Reading from: C:\Users\ADMIN\IdeaProjects\BombermanPlus\system\fxgl.bundle
15:21:14.253 [FXGL Background Thread 1 ] DEBUG SystemBundleService  - Bundle FXGL: {}
15:21:14.253 [FXGL Background Thread 1 ] DEBUG UpdaterService       - Checking for updates
15:21:14.258 [FXGL Background Thread 4 ] DEBUG FXGLApplication      - Loading fonts
15:21:14.258 [FXGL Background Thread 1 ] DEBUG FXGLApplication      - Loading default localization
15:21:14.258 [FXGL Background Thread 4 ] DEBUG FXGLAssetLoaderServi - Loading from file system: jar:file:///C:/Users/ADMIN/.m2/repository/com/github/almasb/fxgl/17.1/fxgl-17.1.jar!/fxglassets/ui/fonts/VarelaRound-Regular.ttf
15:21:14.259 [FXGL Background Thread 1 ] DEBUG FXGLAssetLoaderServi - Loading from file system: jar:file:///C:/Users/ADMIN/.m2/repository/com/github/almasb/fxgl/17.1/fxgl-17.1.jar!/fxglassets/languages/english.lang
15:21:14.271 [FXGL Background Thread 1 ] INFO  FXGLApplication      - FXGL initialization took: 0.255 sec
15:21:14.282 [JavaFX Application Thread] DEBUG Input                - Registered new binding: Move Right - D
15:21:14.282 [JavaFX Application Thread] DEBUG Input                - Registered new binding: Move Up - W
15:21:14.282 [JavaFX Application Thread] DEBUG Input                - Registered new binding: Move Down - S
15:21:14.282 [JavaFX Application Thread] DEBUG Input                - Registered new binding: Move Left - A
15:21:14.282 [JavaFX Application Thread] DEBUG Input                - Registered new binding: Place bomb - Space
15:21:14.283 [JavaFX Application Thread] DEBUG FXGLAssetLoaderServi - Loading from file system: jar:file:///C:/Users/ADMIN/.m2/repository/com/github/almasb/fxgl/17.1/fxgl-17.1.jar!/fxglassets/textures/fxgl_icon.png
15:21:14.327 [JavaFX Application Thread] DEBUG FXGLAssetLoaderServi - Loading from file system: jar:file:///C:/Users/ADMIN/.m2/repository/com/github/almasb/fxgl/17.1/fxgl-17.1.jar!/fxglassets/textures/fxgl_default_cursor.png
15:21:14.330 [JavaFX Application Thread] DEBUG Input                - Registered new binding: Screenshot - CTRL+8
15:21:14.330 [JavaFX Application Thread] DEBUG Input                - Registered new binding: System info dump - CTRL+9
15:21:14.330 [JavaFX Application Thread] DEBUG Input                - Registered new binding: Restart - CTRL+R
15:21:14.331 [JavaFX Application Thread] DEBUG Input                - Registered new binding: Toggle Debug Camera - CTRL+7
15:21:14.335 [JavaFX Application Thread] DEBUG LoopRunner           - Starting loop
15:21:14.335 [JavaFX Application Thread] DEBUG LoopRunner           - Initializing JavaFX AnimationTimerLoop
15:21:14.339 [JavaFX Application Thread] DEBUG Input                - Clearing active input actions
15:21:14.347 [JavaFX Application Thread] DEBUG GameApplicationServi - Removing overlay from FXGLStartupScene and adding to FXGLMainMenuDummyScene
15:21:14.347 [FXGL Background Thread 4 ] DEBUG FXGLAssetLoaderServi - Loading from file system: jar:file:///C:/Users/ADMIN/.m2/repository/com/github/almasb/fxgl/17.1/fxgl-17.1.jar!/fxglassets/ui/fonts/Abel-Regular.ttf
15:21:14.348 [JavaFX Application Thread] DEBUG PrimaryStageWindow   - FXGLStartupScene -> FXGLMainMenuDummyScene
15:21:14.348 [JavaFX Application Thread] DEBUG PrimaryStageWindow   - Push state: BombermanMenu
15:21:14.348 [JavaFX Application Thread] DEBUG Input                - Clearing active input actions
15:21:14.351 [JavaFX Application Thread] DEBUG GameApplicationServi - Removing overlay from FXGLMainMenuDummyScene and adding to BombermanMenu
15:21:14.352 [JavaFX Application Thread] DEBUG PrimaryStageWindow   - FXGLMainMenuDummyScene -> BombermanMenu
15:21:14.365 [FXGL Background Thread 4 ] DEBUG FXGLAssetLoaderServi - Loading from file system: jar:file:///C:/Users/ADMIN/.m2/repository/com/github/almasb/fxgl/17.1/fxgl-17.1.jar!/fxglassets/ui/fonts/TerminalLandMono-Regular.otf
15:21:14.386 [FXGL Background Thread 4 ] DEBUG FXGLAssetLoaderServi - Loading from file system: jar:file:///C:/Users/ADMIN/.m2/repository/com/github/almasb/fxgl/17.1/fxgl-17.1.jar!/fxglassets/ui/fonts/Courier-Prime.ttf
15:21:14.408 [JavaFX Application Thread] DEBUG FXGLApplication      - Registering font factories with UI factory
15:21:14.762 [FXGL Background Thread 2 ] INFO  UpdaterService       - Your current version:  17.1
15:21:14.762 [FXGL Background Thread 2 ] INFO  UpdaterService       - Latest stable version: 17.2
15:21:15.062 [JavaFX Application Thread] DEBUG Menu                 - fireNewGame()
15:21:15.062 [JavaFX Application Thread] DEBUG GameApplicationServi - Starting new game
15:21:15.062 [JavaFX Application Thread] DEBUG PrimaryStageWindow   - Pop state: BombermanMenu
15:21:15.062 [JavaFX Application Thread] DEBUG Input                - Clearing active input actions
15:21:15.062 [JavaFX Application Thread] DEBUG GameApplicationServi - Removing overlay from BombermanMenu and adding to FXGLMainMenuDummyScene
15:21:15.063 [JavaFX Application Thread] DEBUG PrimaryStageWindow   - FXGLMainMenuDummyScene <- BombermanMenu
15:21:15.063 [JavaFX Application Thread] DEBUG Input                - Clearing active input actions
15:21:15.070 [JavaFX Application Thread] DEBUG GameApplicationServi - Removing overlay from FXGLMainMenuDummyScene and adding to FXGLLoadingScene
15:21:15.071 [JavaFX Application Thread] DEBUG PrimaryStageWindow   - FXGLMainMenuDummyScene -> FXGLLoadingScene
15:21:15.071 [JavaFX Application Thread] DEBUG GameApplicationServi - Clearing previous game
15:21:15.071 [JavaFX Application Thread] DEBUG GameScene            - Clearing game scene
15:21:15.071 [JavaFX Application Thread] DEBUG GameWorld            - Clearing game world
15:21:15.071 [JavaFX Application Thread] DEBUG PhysicsWorld         - Clearing physics world
15:21:15.072 [FXGL Background Thread 2 ] DEBUG FXGLApplication      - Initializing game
15:21:15.093 [FXGL Background Thread 2 ] WARN  TMXLevelLoader       - TiledMap generated from 1.9.2. Supported version: 1.4.2. Some features may not be parsed fully.
15:21:15.102 [FXGL Background Thread 2 ] DEBUG TMXLevelLoader       - Parsed TiledMap: file:/C:/Users/ADMIN/IdeaProjects/BombermanPlus/target/classes/assets/levels/lv1.tmx
15:21:15.103 [FXGL Background Thread 2 ] DEBUG TMXLevelLoader       - Creating tile layer entities
15:21:15.105 [FXGL Background Thread 2 ] DEBUG TilesetLoader        - Loading view for layer Tile Layer 1
15:21:15.110 [FXGL Background Thread 2 ] DEBUG TilesetLoader        - Created buffer with size 1056.0x720.0
15:21:15.141 [FXGL Background Thread 2 ] DEBUG TMXLevelLoader       - Creating object layer entities
15:21:15.147 [FXGL Background Thread 2 ] DEBUG FXGLAssetLoaderServi - Loading from file system: file:/C:/Users/ADMIN/IdeaProjects/BombermanPlus/target/classes/assets/textures/items/portal.png
15:21:15.157 [FXGL Background Thread 2 ] DEBUG FXGLAssetLoaderServi - Loading from file system: file:/C:/Users/ADMIN/IdeaProjects/BombermanPlus/target/classes/assets/textures/items/powerup_speed.png
15:21:15.160 [FXGL Background Thread 2 ] DEBUG FXGLAssetLoaderServi - Loading from file system: file:/C:/Users/ADMIN/IdeaProjects/BombermanPlus/target/classes/assets/textures/items/powerup_bombs.png
15:21:15.162 [FXGL Background Thread 2 ] DEBUG FXGLAssetLoaderServi - Loading from file system: file:/C:/Users/ADMIN/IdeaProjects/BombermanPlus/target/classes/assets/textures/items/powerup_flamepass.png
15:21:15.168 [FXGL Background Thread 2 ] DEBUG FXGLAssetLoaderServi - Loading from file system: file:/C:/Users/ADMIN/IdeaProjects/BombermanPlus/target/classes/assets/textures/items/powerup_flames.png
15:21:15.188 [FXGL Background Thread 2 ] DEBUG FXGLAssetLoaderServi - Loading from file system: file:/C:/Users/ADMIN/IdeaProjects/BombermanPlus/target/classes/assets/textures/sprites.png
15:21:15.218 [FXGL Background Thread 2 ] DEBUG GameWorld            - Clearing removable entities
15:21:15.218 [FXGL Background Thread 2 ] DEBUG GameWorld            - Setting level: com.almasb.fxgl.entity.level.Level@123673fb
15:21:15.241 [FXGL Background Thread 2 ] INFO  FXGLApplication      - Game initialization took: 0.169 sec
15:21:15.242 [JavaFX Application Thread] DEBUG Input                - Clearing active input actions
15:21:15.250 [JavaFX Application Thread] DEBUG GameApplicationServi - Removing overlay from FXGLLoadingScene and adding to GameScene
15:21:15.251 [JavaFX Application Thread] DEBUG PrimaryStageWindow   - FXGLLoadingScene -> GameScene
15:21:17.257 [FXGL Background Thread 3 ] DEBUG Engine               - Logging environment variables
15:21:17.257 [FXGL Background Thread 3 ] DEBUG Engine               - achievements: []
15:21:17.257 [FXGL Background Thread 3 ] DEBUG Engine               - actualHeight: 720.0
15:21:17.258 [FXGL Background Thread 3 ] DEBUG Engine               - actualHeightProperty: ReadOnlyDoubleProperty [value: 720.0]
15:21:17.258 [FXGL Background Thread 3 ] DEBUG Engine               - actualWidth: 1080.0
15:21:17.259 [FXGL Background Thread 3 ] DEBUG Engine               - actualWidthProperty: ReadOnlyDoubleProperty [value: 1080.0]
15:21:17.259 [FXGL Background Thread 3 ] DEBUG Engine               - appIcon: fxgl_icon.png
15:21:17.259 [FXGL Background Thread 3 ] DEBUG Engine               - applicationMode: DEVELOPER
15:21:17.259 [FXGL Background Thread 3 ] DEBUG Engine               - cSSList: [fxgl_dark.css]
15:21:17.259 [FXGL Background Thread 3 ] DEBUG Engine               - collisionDetectionStrategy: BRUTE_FORCE
15:21:17.259 [FXGL Background Thread 3 ] DEBUG Engine               - configClass: Optional.empty
15:21:17.259 [FXGL Background Thread 3 ] DEBUG Engine               - credits: []
15:21:17.260 [FXGL Background Thread 3 ] DEBUG Engine               - defaultCursor: CursorInfo(imageName=fxgl_default_cursor.png, hotspotX=7.0, hotspotY=6.0)
15:21:17.260 [FXGL Background Thread 3 ] DEBUG Engine               - devBBoxColorProperty: ObjectProperty [value: 0xff0000ff]
15:21:17.260 [FXGL Background Thread 3 ] DEBUG Engine               - devEnableDebugCameraProperty: BooleanProperty [value: false]
15:21:17.260 [FXGL Background Thread 3 ] DEBUG Engine               - devSensorColorProperty: ObjectProperty [value: 0xffff00ff]
15:21:17.260 [FXGL Background Thread 3 ] DEBUG Engine               - devShowBBoxProperty: BooleanProperty [value: false]
15:21:17.260 [FXGL Background Thread 3 ] DEBUG Engine               - devShowPositionProperty: BooleanProperty [value: false]
15:21:17.260 [FXGL Background Thread 3 ] DEBUG Engine               - enabledMenuItems: []
15:21:17.260 [FXGL Background Thread 3 ] DEBUG Engine               - engineServices: [class com.almasb.fxgl.app.services.FXGLAssetLoaderService, class com.almasb.fxgl.app.FXGLApplication$GameApplicationService, class com.almasb.fxgl.app.services.FXGLDialogService, class com.almasb.fxgl.app.services.IOTaskExecutorService, class com.almasb.fxgl.io.FileSystemService, class com.almasb.fxgl.localization.LocalizationService, class com.almasb.fxgl.app.services.SystemBundleService, class com.almasb.fxgl.profile.SaveLoadService, class com.almasb.fxgl.ui.FXGLUIFactoryServiceProvider, class com.almasb.fxgl.ui.FXGLDialogFactoryServiceProvider, class com.almasb.fxgl.audio.AudioPlayer, class com.almasb.fxgl.notification.impl.NotificationServiceProvider, class com.almasb.fxgl.achievement.AchievementService, class com.almasb.fxgl.cutscene.CutsceneService, class com.almasb.fxgl.minigames.MiniGameService, class com.almasb.fxgl.net.NetService, class com.almasb.fxgl.app.services.UpdaterService, class com.almasb.fxgl.dev.DevService]
15:21:17.260 [FXGL Background Thread 3 ] DEBUG Engine               - fontGame: Abel-Regular.ttf
15:21:17.260 [FXGL Background Thread 3 ] DEBUG Engine               - fontMono: TerminalLandMono-Regular.otf
15:21:17.260 [FXGL Background Thread 3 ] DEBUG Engine               - fontText: Courier-Prime.ttf
15:21:17.260 [FXGL Background Thread 3 ] DEBUG Engine               - fontUI: VarelaRound-Regular.ttf
15:21:17.261 [FXGL Background Thread 3 ] DEBUG Engine               - fullScreen: BooleanProperty [value: false]
15:21:17.261 [FXGL Background Thread 3 ] DEBUG Engine               - gameDifficulty: MEDIUM
15:21:17.261 [FXGL Background Thread 3 ] DEBUG Engine               - gameDifficultyProperty: ObjectProperty [value: MEDIUM]
15:21:17.261 [FXGL Background Thread 3 ] DEBUG Engine               - globalMusicVolume: 0.5
15:21:17.261 [FXGL Background Thread 3 ] DEBUG Engine               - globalMusicVolumeProperty: DoubleProperty [value: 0.5]
15:21:17.261 [FXGL Background Thread 3 ] DEBUG Engine               - globalSoundVolume: 0.5
15:21:17.261 [FXGL Background Thread 3 ] DEBUG Engine               - globalSoundVolumeProperty: DoubleProperty [value: 0.5]
15:21:17.261 [FXGL Background Thread 3 ] DEBUG Engine               - height: 720
15:21:17.261 [FXGL Background Thread 3 ] DEBUG Engine               - is3D: false
15:21:17.261 [FXGL Background Thread 3 ] DEBUG Engine               - isAndroid: false
15:21:17.261 [FXGL Background Thread 3 ] DEBUG Engine               - isBrowser: false
15:21:17.261 [FXGL Background Thread 3 ] DEBUG Engine               - isClickFeedbackEnabled: false
15:21:17.261 [FXGL Background Thread 3 ] DEBUG Engine               - isCloseConfirmation: false
15:21:17.261 [FXGL Background Thread 3 ] DEBUG Engine               - isDesktop: true
15:21:17.261 [FXGL Background Thread 3 ] DEBUG Engine               - isDeveloperMenuEnabled: false
15:21:17.261 [FXGL Background Thread 3 ] DEBUG Engine               - isEmbedded: false
15:21:17.261 [FXGL Background Thread 3 ] DEBUG Engine               - isEntityPreloadEnabled: true
15:21:17.261 [FXGL Background Thread 3 ] DEBUG Engine               - isExperimentalTiledLargeMap: false
15:21:17.261 [FXGL Background Thread 3 ] DEBUG Engine               - isFileSystemWriteAllowed: true
15:21:17.261 [FXGL Background Thread 3 ] DEBUG Engine               - isFullScreenAllowed: false
15:21:17.261 [FXGL Background Thread 3 ] DEBUG Engine               - isFullScreenFromStart: false
15:21:17.261 [FXGL Background Thread 3 ] DEBUG Engine               - isGameMenuEnabled: false
15:21:17.261 [FXGL Background Thread 3 ] DEBUG Engine               - isIOS: false
15:21:17.261 [FXGL Background Thread 3 ] DEBUG Engine               - isIntroEnabled: false
15:21:17.261 [FXGL Background Thread 3 ] DEBUG Engine               - isLinux: false
15:21:17.261 [FXGL Background Thread 3 ] DEBUG Engine               - isMac: false
15:21:17.262 [FXGL Background Thread 3 ] DEBUG Engine               - isMainMenuEnabled: true
15:21:17.262 [FXGL Background Thread 3 ] DEBUG Engine               - isManualResizeEnabled: false
15:21:17.262 [FXGL Background Thread 3 ] DEBUG Engine               - isMobile: false
15:21:17.262 [FXGL Background Thread 3 ] DEBUG Engine               - isNative: false
15:21:17.262 [FXGL Background Thread 3 ] DEBUG Engine               - isPauseMusicWhenMinimized: true
15:21:17.262 [FXGL Background Thread 3 ] DEBUG Engine               - isPreserveResizeRatio: false
15:21:17.262 [FXGL Background Thread 3 ] DEBUG Engine               - isProfilingEnabled: false
15:21:17.262 [FXGL Background Thread 3 ] DEBUG Engine               - isScaleAffectedOnResize: true
15:21:17.262 [FXGL Background Thread 3 ] DEBUG Engine               - isSingleStep: false
15:21:17.262 [FXGL Background Thread 3 ] DEBUG Engine               - isUserProfileEnabled: false
15:21:17.262 [FXGL Background Thread 3 ] DEBUG Engine               - isWindows: true
15:21:17.262 [FXGL Background Thread 3 ] DEBUG Engine               - language: ObjectProperty [value: ENGLISH]
15:21:17.262 [FXGL Background Thread 3 ] DEBUG Engine               - menuKey: ESCAPE
15:21:17.262 [FXGL Background Thread 3 ] DEBUG Engine               - mouseSensitivity: 0.2
15:21:17.262 [FXGL Background Thread 3 ] DEBUG Engine               - notificationViewClass: class com.almasb.fxgl.notification.view.XboxNotificationView
15:21:17.262 [FXGL Background Thread 3 ] DEBUG Engine               - pixelsPerMeter: 50.0
15:21:17.262 [FXGL Background Thread 3 ] DEBUG Engine               - platform: WINDOWS
15:21:17.262 [FXGL Background Thread 3 ] DEBUG Engine               - prefHeightProperty: ReadOnlyDoubleProperty [value: 720.0]
15:21:17.262 [FXGL Background Thread 3 ] DEBUG Engine               - prefWidthProperty: ReadOnlyDoubleProperty [value: 1080.0]
15:21:17.262 [FXGL Background Thread 3 ] DEBUG Engine               - profileDir: profiles/
15:21:17.262 [FXGL Background Thread 3 ] DEBUG Engine               - profileName: StringProperty [value: DEFAULT]
15:21:17.262 [FXGL Background Thread 3 ] DEBUG Engine               - randomSeed: -1
15:21:17.262 [FXGL Background Thread 3 ] DEBUG Engine               - runtimeInfo: RuntimeInfo(platform=WINDOWS, version=17.1, build=24.03.2022 17.34)
15:21:17.263 [FXGL Background Thread 3 ] DEBUG Engine               - saveFileExt: sav
15:21:17.263 [FXGL Background Thread 3 ] DEBUG Engine               - scaledHeightProp$fxgl: DoubleProperty [bound, value: 720.0]
15:21:17.263 [FXGL Background Thread 3 ] DEBUG Engine               - scaledWidthProp$fxgl: DoubleProperty [bound, value: 1080.0]
15:21:17.263 [FXGL Background Thread 3 ] DEBUG Engine               - sceneFactory: com.bomberman.bombermanplus.BombermanApp$1@1b7cfa94
15:21:17.263 [FXGL Background Thread 3 ] DEBUG Engine               - secondsIn24h: 60
15:21:17.263 [FXGL Background Thread 3 ] DEBUG Engine               - soundMenuBack: menu/back.wav
15:21:17.263 [FXGL Background Thread 3 ] DEBUG Engine               - soundMenuPress: menu/press.wav
15:21:17.263 [FXGL Background Thread 3 ] DEBUG Engine               - soundMenuSelect: menu/select.wav
15:21:17.263 [FXGL Background Thread 3 ] DEBUG Engine               - soundNotification: core/notification.wav
15:21:17.263 [FXGL Background Thread 3 ] DEBUG Engine               - stageStyle: DECORATED
15:21:17.263 [FXGL Background Thread 3 ] DEBUG Engine               - supportedLanguages: [ENGLISH, FRENCH, GERMAN, HUNGARIAN, RUSSIAN]
15:21:17.263 [FXGL Background Thread 3 ] DEBUG Engine               - ticksPerSecond: -1
15:21:17.263 [FXGL Background Thread 3 ] DEBUG Engine               - title: BOMBERMAN
15:21:17.263 [FXGL Background Thread 3 ] DEBUG Engine               - urlGithub: https://github.com/AlmasB/FXGL
15:21:17.263 [FXGL Background Thread 3 ] DEBUG Engine               - urlLeaderboard: http://fxgl-top.herokuapp.com/
15:21:17.263 [FXGL Background Thread 3 ] DEBUG Engine               - urlPOM: https://raw.githubusercontent.com/AlmasB/FXGL/release/README.md
15:21:17.263 [FXGL Background Thread 3 ] DEBUG Engine               - userAppClass: class com.bomberman.bombermanplus.BombermanApp
15:21:17.263 [FXGL Background Thread 3 ] DEBUG Engine               - version: 1.0
15:21:17.263 [FXGL Background Thread 3 ] DEBUG Engine               - versionCheckDays: 7
15:21:17.263 [FXGL Background Thread 3 ] DEBUG Engine               - width: 1080
15:21:17.263 [FXGL Background Thread 3 ] DEBUG Engine               - Logging services
15:21:17.263 [FXGL Background Thread 3 ] DEBUG Engine               - class com.almasb.fxgl.app.services.FXGLAssetLoaderService
15:21:17.263 [FXGL Background Thread 3 ] DEBUG Engine               - class com.almasb.fxgl.app.FXGLApplication$GameApplicationService
15:21:17.263 [FXGL Background Thread 3 ] DEBUG Engine               - class com.almasb.fxgl.app.services.FXGLDialogService
15:21:17.263 [FXGL Background Thread 3 ] DEBUG Engine               - class com.almasb.fxgl.app.services.IOTaskExecutorService
15:21:17.263 [FXGL Background Thread 3 ] DEBUG Engine               - class com.almasb.fxgl.io.FileSystemService
15:21:17.263 [FXGL Background Thread 3 ] DEBUG Engine               - class com.almasb.fxgl.localization.LocalizationService
15:21:17.263 [FXGL Background Thread 3 ] DEBUG Engine               - class com.almasb.fxgl.app.services.SystemBundleService
15:21:17.263 [FXGL Background Thread 3 ] DEBUG Engine               - class com.almasb.fxgl.profile.SaveLoadService
15:21:17.263 [FXGL Background Thread 3 ] DEBUG Engine               - class com.almasb.fxgl.ui.FXGLUIFactoryServiceProvider
15:21:17.263 [FXGL Background Thread 3 ] DEBUG Engine               - class com.almasb.fxgl.ui.FXGLDialogFactoryServiceProvider
15:21:17.264 [FXGL Background Thread 3 ] DEBUG Engine               - class com.almasb.fxgl.audio.AudioPlayer
15:21:17.264 [FXGL Background Thread 3 ] DEBUG Engine               - class com.almasb.fxgl.notification.impl.NotificationServiceProvider
15:21:17.264 [FXGL Background Thread 3 ] DEBUG Engine               - class com.almasb.fxgl.achievement.AchievementService
15:21:17.264 [FXGL Background Thread 3 ] DEBUG Engine               - class com.almasb.fxgl.cutscene.CutsceneService
15:21:17.264 [FXGL Background Thread 3 ] DEBUG Engine               - class com.almasb.fxgl.minigames.MiniGameService
15:21:17.264 [FXGL Background Thread 3 ] DEBUG Engine               - class com.almasb.fxgl.net.NetService
15:21:17.264 [FXGL Background Thread 3 ] DEBUG Engine               - class com.almasb.fxgl.app.services.UpdaterService
15:21:17.264 [FXGL Background Thread 3 ] DEBUG Engine               - class com.almasb.fxgl.dev.DevService
15:22:23.632 [JavaFX Application Thread] DEBUG FXGLApplication      - Exiting FXGL
15:22:23.632 [JavaFX Application Thread] DEBUG LoopRunner           - Stopping loop
15:22:23.632 [JavaFX Application Thread] DEBUG SystemBundleService  - Saving FXGL system data
15:22:23.634 [JavaFX Application Thread] DEBUG FileSystemAccess     - Writing to: C:\Users\ADMIN\IdeaProjects\BombermanPlus\system\fxgl.bundle
15:22:23.636 [JavaFX Application Thread] DEBUG Async                - Shutting down background threads
15:22:23.636 [JavaFX Application Thread] DEBUG PrimaryStageWindow   - Closing main window
15:22:23.645 [JavaFX Application Thread] DEBUG Logger               - Closing Logger
