15:16:12.693 [main                     ] DEBUG Logger               - Configured Logger
15:16:12.707 [main                     ] DEBUG GameApplication      - Logging settings
Title: BOMBERMAN
Version: 1.0
Width: 1080
Height: 720
Fullscreen: false
Intro: false
Profiling: false
Single step:false
App Mode: DEVELOPER
Menu Key: ESCAPE
Stage Style: DECORATED
Scene Factory: class com.almasb.fxgl.app.scene.SceneFactory

15:16:12.976 [JavaFX Application Thread] DEBUG FXGLApplication      - Initializing FXGL
15:16:12.979 [JavaFX Application Thread] INFO  Engine               - FXGL-17.1 (24.03.2022 17.34) on WINDOWS (J:19 FX:19-ea)
15:16:12.979 [JavaFX Application Thread] DEBUG Engine               - JRE Vendor Name: Oracle Corporation
15:16:12.979 [JavaFX Application Thread] DEBUG Engine               - Running on OS: Windows 11 version 10.0
15:16:12.979 [JavaFX Application Thread] DEBUG Engine               - Architecture: amd64
15:16:12.980 [JavaFX Application Thread] INFO  Engine               - Source code and latest versions at: https://github.com/AlmasB/FXGL
15:16:12.980 [JavaFX Application Thread] INFO  Engine               -       Ask questions and discuss at: https://github.com/AlmasB/FXGL/discussions
15:16:12.980 [JavaFX Application Thread] INFO  Engine               -              Join the FXGL chat at: https://gitter.im/AlmasB/FXGL
15:16:13.039 [JavaFX Application Thread] DEBUG PrimaryStageWindow   - Creating a JavaFX scene
15:16:13.071 [JavaFX Application Thread] DEBUG PrimaryStageWindow   - Target settings size: 1080.0 x 720.0
15:16:13.071 [JavaFX Application Thread] DEBUG PrimaryStageWindow   - Scaled scene size:    1080.0 x 720.0
15:16:13.071 [JavaFX Application Thread] DEBUG PrimaryStageWindow   - Scaled ratio: (1.0, 1.0)
15:16:13.072 [JavaFX Application Thread] DEBUG PrimaryStageWindow   - Set initial scene to FXGLStartupScene
15:16:13.077 [JavaFX Application Thread] DEBUG PrimaryStageWindow   - Opening main window
15:16:13.143 [JavaFX Application Thread] DEBUG PrimaryStageWindow   - Window border size: (14.4000244140625, 37.5999755859375)
15:16:13.143 [JavaFX Application Thread] DEBUG PrimaryStageWindow   - Scaled size: 1080.0 x 720.0
15:16:13.144 [JavaFX Application Thread] DEBUG PrimaryStageWindow   - Scaled ratio: (1.0, 1.0)
15:16:13.144 [JavaFX Application Thread] DEBUG PrimaryStageWindow   - Scene size: 1080.0 x 720.0
15:16:13.145 [JavaFX Application Thread] DEBUG PrimaryStageWindow   - Stage size: 1094.4000244140625 x 757.5999755859375
15:16:13.152 [FXGL Background Thread 1 ] DEBUG Engine               - Initializing environment variables
15:16:13.200 [FXGL Background Thread 1 ] DEBUG FXGLAssetLoaderServi - User app class for loading assets: class com.bomberman.bombermanplus.BombermanApp
15:16:13.200 [FXGL Background Thread 1 ] DEBUG GameApplicationServi - Applying CSS: fxgl_dark.css
15:16:13.201 [FXGL Background Thread 1 ] DEBUG FXGLAssetLoaderServi - Loading from file system: jar:file:///C:/Users/ADMIN/.m2/repository/com/github/almasb/fxgl/17.1/fxgl-17.1.jar!/fxglassets/ui/css/fxgl_dark.css
15:16:13.233 [FXGL Background Thread 1 ] DEBUG GameApplicationServi - Initializing application scenes
15:16:13.261 [FXGL Background Thread 1 ] DEBUG GameWorld            - Game world initialized
15:16:13.309 [FXGL Background Thread 1 ] DEBUG PhysicsWorld         - Physics world initialized: appHeight=720, physics.ppm=50.0
15:16:13.309 [FXGL Background Thread 1 ] DEBUG PhysicsWorld         - Using strategy: BRUTE_FORCE
15:16:13.312 [FXGL Background Thread 1 ] DEBUG GameScene            - Game scene initialized: 1080x720
15:16:13.312 [FXGL Background Thread 1 ] DEBUG GameApplicationServi - Application scenes initialized
15:16:13.329 [FXGL Background Thread 1 ] DEBUG SystemBundleService  - Loading FXGL system data
15:16:13.333 [FXGL Background Thread 1 ] DEBUG FileSystemAccess     - Reading from: C:\Users\ADMIN\IdeaProjects\BombermanPlus\system\fxgl.bundle
15:16:13.342 [FXGL Background Thread 1 ] DEBUG SystemBundleService  - Bundle FXGL: {}
15:16:13.342 [FXGL Background Thread 1 ] DEBUG UpdaterService       - Checking for updates
15:16:13.347 [FXGL Background Thread 4 ] DEBUG FXGLApplication      - Loading fonts
15:16:13.347 [FXGL Background Thread 1 ] DEBUG FXGLApplication      - Loading default localization
15:16:13.348 [FXGL Background Thread 4 ] DEBUG FXGLAssetLoaderServi - Loading from file system: jar:file:///C:/Users/ADMIN/.m2/repository/com/github/almasb/fxgl/17.1/fxgl-17.1.jar!/fxglassets/ui/fonts/VarelaRound-Regular.ttf
15:16:13.348 [FXGL Background Thread 1 ] DEBUG FXGLAssetLoaderServi - Loading from file system: jar:file:///C:/Users/ADMIN/.m2/repository/com/github/almasb/fxgl/17.1/fxgl-17.1.jar!/fxglassets/languages/english.lang
15:16:13.360 [FXGL Background Thread 1 ] INFO  FXGLApplication      - FXGL initialization took: 0.209 sec
15:16:13.369 [JavaFX Application Thread] DEBUG Input                - Registered new binding: Move Right - D
15:16:13.370 [JavaFX Application Thread] DEBUG Input                - Registered new binding: Move Up - W
15:16:13.370 [JavaFX Application Thread] DEBUG Input                - Registered new binding: Move Down - S
15:16:13.370 [JavaFX Application Thread] DEBUG Input                - Registered new binding: Move Left - A
15:16:13.371 [JavaFX Application Thread] DEBUG FXGLAssetLoaderServi - Loading from file system: jar:file:///C:/Users/ADMIN/.m2/repository/com/github/almasb/fxgl/17.1/fxgl-17.1.jar!/fxglassets/textures/fxgl_icon.png
15:16:13.403 [JavaFX Application Thread] DEBUG FXGLAssetLoaderServi - Loading from file system: jar:file:///C:/Users/ADMIN/.m2/repository/com/github/almasb/fxgl/17.1/fxgl-17.1.jar!/fxglassets/textures/fxgl_default_cursor.png
15:16:13.405 [JavaFX Application Thread] DEBUG Input                - Registered new binding: Screenshot - CTRL+8
15:16:13.405 [JavaFX Application Thread] DEBUG Input                - Registered new binding: System info dump - CTRL+9
15:16:13.406 [JavaFX Application Thread] DEBUG Input                - Registered new binding: Restart - CTRL+R
15:16:13.406 [JavaFX Application Thread] DEBUG Input                - Registered new binding: Toggle Debug Camera - CTRL+7
15:16:13.407 [JavaFX Application Thread] DEBUG LoopRunner           - Starting loop
15:16:13.407 [JavaFX Application Thread] DEBUG LoopRunner           - Initializing JavaFX AnimationTimerLoop
15:16:13.408 [JavaFX Application Thread] DEBUG GameApplicationServi - Starting new game
15:16:13.408 [JavaFX Application Thread] DEBUG Input                - Clearing active input actions
15:16:13.410 [FXGL Background Thread 4 ] DEBUG FXGLAssetLoaderServi - Loading from file system: jar:file:///C:/Users/ADMIN/.m2/repository/com/github/almasb/fxgl/17.1/fxgl-17.1.jar!/fxglassets/ui/fonts/Abel-Regular.ttf
15:16:13.416 [JavaFX Application Thread] DEBUG GameApplicationServi - Removing overlay from FXGLStartupScene and adding to FXGLLoadingScene
15:16:13.416 [JavaFX Application Thread] DEBUG PrimaryStageWindow   - FXGLStartupScene -> FXGLLoadingScene
15:16:13.416 [JavaFX Application Thread] DEBUG GameApplicationServi - Clearing previous game
15:16:13.416 [JavaFX Application Thread] DEBUG GameScene            - Clearing game scene
15:16:13.416 [JavaFX Application Thread] DEBUG GameWorld            - Clearing game world
15:16:13.416 [JavaFX Application Thread] DEBUG PhysicsWorld         - Clearing physics world
15:16:13.418 [FXGL Background Thread 1 ] DEBUG FXGLApplication      - Initializing game
15:16:13.421 [FXGL Background Thread 4 ] DEBUG FXGLAssetLoaderServi - Loading from file system: jar:file:///C:/Users/ADMIN/.m2/repository/com/github/almasb/fxgl/17.1/fxgl-17.1.jar!/fxglassets/ui/fonts/TerminalLandMono-Regular.otf
15:16:13.426 [FXGL Background Thread 4 ] DEBUG FXGLAssetLoaderServi - Loading from file system: jar:file:///C:/Users/ADMIN/.m2/repository/com/github/almasb/fxgl/17.1/fxgl-17.1.jar!/fxglassets/ui/fonts/Courier-Prime.ttf
15:16:13.468 [JavaFX Application Thread] DEBUG LoopRunner           - Stopping loop
15:16:13.487 [JavaFX Application Thread] FATAL FXGLApplication      - Uncaught Exception:
java.lang.RuntimeException: Initialization failed
	at com.almasb.fxgl.all@17.1/com.almasb.fxgl.app.FXGLApplication$InitAppTask.failed(FXGLApplication.kt:343)
	at javafx.graphics@19-ea/javafx.concurrent.Task.setState(Task.java:710)
	at javafx.graphics@19-ea/javafx.concurrent.Task$TaskCallable.lambda$call$2(Task.java:1456)
	at javafx.graphics@19-ea/com.sun.javafx.application.PlatformImpl.lambda$runLater$10(PlatformImpl.java:457)
	at java.base/java.security.AccessController.doPrivileged(AccessController.java:399)
	at javafx.graphics@19-ea/com.sun.javafx.application.PlatformImpl.lambda$runLater$11(PlatformImpl.java:456)
	at javafx.graphics@19-ea/com.sun.glass.ui.InvokeLaterDispatcher$Future.run(InvokeLaterDispatcher.java:96)
	at javafx.graphics@19-ea/com.sun.glass.ui.win.WinApplication._runLoop(Native Method)
	at javafx.graphics@19-ea/com.sun.glass.ui.win.WinApplication.lambda$runLoop$3(WinApplication.java:184)
	at java.base/java.lang.Thread.run(Thread.java:1589)
Caused by: java.lang.IllegalArgumentException: No EntityFactory has a method annotated @Spawns(b)
	at com.almasb.fxgl.entity@17.1/com.almasb.fxgl.entity.GameWorld.create(GameWorld.kt:413)
	at com.almasb.fxgl.entity@17.1/com.almasb.fxgl.entity.level.text.TextLevelLoader.load(TextLevelLoader.kt:41)
	at com.almasb.fxgl.all@17.1/com.almasb.fxgl.app.services.FXGLAssetLoaderService.loadLevel(FXGLAssetLoaderService.kt:446)
	at bombermanplus/com.bomberman.bombermanplus.BombermanApp.initGame(BombermanApp.java:80)
	at com.almasb.fxgl.all@17.1/com.almasb.fxgl.app.FXGLApplication$InitAppTask.initGame(FXGLApplication.kt:339)
	at com.almasb.fxgl.all@17.1/com.almasb.fxgl.app.FXGLApplication$InitAppTask.call(FXGLApplication.kt:319)
	at com.almasb.fxgl.all@17.1/com.almasb.fxgl.app.FXGLApplication$InitAppTask.call(FXGLApplication.kt:311)
	at javafx.graphics@19-ea/javafx.concurrent.Task$TaskCallable.call(Task.java:1426)
	at java.base/java.util.concurrent.FutureTask.run(FutureTask.java:317)
	at java.base/java.util.concurrent.Executors$RunnableAdapter.call(Executors.java:577)
	at java.base/java.util.concurrent.FutureTask.run(FutureTask.java:317)
	at java.base/java.util.concurrent.ThreadPoolExecutor.runWorker(ThreadPoolExecutor.java:1144)
	at java.base/java.util.concurrent.ThreadPoolExecutor$Worker.run(ThreadPoolExecutor.java:642)
	... 1 more

15:16:13.487 [JavaFX Application Thread] FATAL FXGLApplication      - Application will now exit
15:16:13.524 [JavaFX Application Thread] DEBUG PrimaryStageWindow   - Push state: ErrorSubScene
15:16:13.524 [JavaFX Application Thread] DEBUG Input                - Clearing active input actions
15:16:13.530 [JavaFX Application Thread] DEBUG GameApplicationServi - Removing overlay from FXGLLoadingScene and adding to ErrorSubScene
15:16:13.531 [JavaFX Application Thread] DEBUG PrimaryStageWindow   - FXGLLoadingScene -> ErrorSubScene
15:16:13.532 [JavaFX Application Thread] DEBUG FXGLApplication      - Registering font factories with UI factory
15:16:13.765 [FXGL Background Thread 2 ] INFO  UpdaterService       - Your current version:  17.1
15:16:13.765 [FXGL Background Thread 2 ] INFO  UpdaterService       - Latest stable version: 17.2
15:16:16.347 [FXGL Background Thread 3 ] DEBUG Engine               - Logging environment variables
15:16:16.347 [FXGL Background Thread 3 ] DEBUG Engine               - achievements: []
15:16:16.347 [FXGL Background Thread 3 ] DEBUG Engine               - actualHeight: 720.0
15:16:16.348 [FXGL Background Thread 3 ] DEBUG Engine               - actualHeightProperty: ReadOnlyDoubleProperty [value: 720.0]
15:16:16.348 [FXGL Background Thread 3 ] DEBUG Engine               - actualWidth: 1080.0
15:16:16.348 [FXGL Background Thread 3 ] DEBUG Engine               - actualWidthProperty: ReadOnlyDoubleProperty [value: 1080.0]
15:16:16.348 [FXGL Background Thread 3 ] DEBUG Engine               - appIcon: fxgl_icon.png
15:16:16.348 [FXGL Background Thread 3 ] DEBUG Engine               - applicationMode: DEVELOPER
15:16:16.348 [FXGL Background Thread 3 ] DEBUG Engine               - cSSList: [fxgl_dark.css]
15:16:16.348 [FXGL Background Thread 3 ] DEBUG Engine               - collisionDetectionStrategy: BRUTE_FORCE
15:16:16.348 [FXGL Background Thread 3 ] DEBUG Engine               - configClass: Optional.empty
15:16:16.348 [FXGL Background Thread 3 ] DEBUG Engine               - credits: []
15:16:16.349 [FXGL Background Thread 3 ] DEBUG Engine               - defaultCursor: CursorInfo(imageName=fxgl_default_cursor.png, hotspotX=7.0, hotspotY=6.0)
15:16:16.349 [FXGL Background Thread 3 ] DEBUG Engine               - devBBoxColorProperty: ObjectProperty [value: 0xff0000ff]
15:16:16.350 [FXGL Background Thread 3 ] DEBUG Engine               - devEnableDebugCameraProperty: BooleanProperty [value: false]
15:16:16.350 [FXGL Background Thread 3 ] DEBUG Engine               - devSensorColorProperty: ObjectProperty [value: 0xffff00ff]
15:16:16.350 [FXGL Background Thread 3 ] DEBUG Engine               - devShowBBoxProperty: BooleanProperty [value: false]
15:16:16.350 [FXGL Background Thread 3 ] DEBUG Engine               - devShowPositionProperty: BooleanProperty [value: false]
15:16:16.350 [FXGL Background Thread 3 ] DEBUG Engine               - enabledMenuItems: []
15:16:16.350 [FXGL Background Thread 3 ] DEBUG Engine               - engineServices: [class com.almasb.fxgl.app.services.FXGLAssetLoaderService, class com.almasb.fxgl.app.FXGLApplication$GameApplicationService, class com.almasb.fxgl.app.services.FXGLDialogService, class com.almasb.fxgl.app.services.IOTaskExecutorService, class com.almasb.fxgl.io.FileSystemService, class com.almasb.fxgl.localization.LocalizationService, class com.almasb.fxgl.app.services.SystemBundleService, class com.almasb.fxgl.profile.SaveLoadService, class com.almasb.fxgl.ui.FXGLUIFactoryServiceProvider, class com.almasb.fxgl.ui.FXGLDialogFactoryServiceProvider, class com.almasb.fxgl.audio.AudioPlayer, class com.almasb.fxgl.notification.impl.NotificationServiceProvider, class com.almasb.fxgl.achievement.AchievementService, class com.almasb.fxgl.cutscene.CutsceneService, class com.almasb.fxgl.minigames.MiniGameService, class com.almasb.fxgl.net.NetService, class com.almasb.fxgl.app.services.UpdaterService, class com.almasb.fxgl.dev.DevService]
15:16:16.350 [FXGL Background Thread 3 ] DEBUG Engine               - fontGame: Abel-Regular.ttf
15:16:16.350 [FXGL Background Thread 3 ] DEBUG Engine               - fontMono: TerminalLandMono-Regular.otf
15:16:16.350 [FXGL Background Thread 3 ] DEBUG Engine               - fontText: Courier-Prime.ttf
15:16:16.350 [FXGL Background Thread 3 ] DEBUG Engine               - fontUI: VarelaRound-Regular.ttf
15:16:16.350 [FXGL Background Thread 3 ] DEBUG Engine               - fullScreen: BooleanProperty [value: false]
15:16:16.350 [FXGL Background Thread 3 ] DEBUG Engine               - gameDifficulty: MEDIUM
15:16:16.350 [FXGL Background Thread 3 ] DEBUG Engine               - gameDifficultyProperty: ObjectProperty [value: MEDIUM]
15:16:16.350 [FXGL Background Thread 3 ] DEBUG Engine               - globalMusicVolume: 0.5
15:16:16.350 [FXGL Background Thread 3 ] DEBUG Engine               - globalMusicVolumeProperty: DoubleProperty [value: 0.5]
15:16:16.350 [FXGL Background Thread 3 ] DEBUG Engine               - globalSoundVolume: 0.5
15:16:16.350 [FXGL Background Thread 3 ] DEBUG Engine               - globalSoundVolumeProperty: DoubleProperty [value: 0.5]
15:16:16.351 [FXGL Background Thread 3 ] DEBUG Engine               - height: 720
15:16:16.351 [FXGL Background Thread 3 ] DEBUG Engine               - is3D: false
15:16:16.351 [FXGL Background Thread 3 ] DEBUG Engine               - isAndroid: false
15:16:16.351 [FXGL Background Thread 3 ] DEBUG Engine               - isBrowser: false
15:16:16.351 [FXGL Background Thread 3 ] DEBUG Engine               - isClickFeedbackEnabled: false
15:16:16.351 [FXGL Background Thread 3 ] DEBUG Engine               - isCloseConfirmation: false
15:16:16.351 [FXGL Background Thread 3 ] DEBUG Engine               - isDesktop: true
15:16:16.351 [FXGL Background Thread 3 ] DEBUG Engine               - isDeveloperMenuEnabled: false
15:16:16.351 [FXGL Background Thread 3 ] DEBUG Engine               - isEmbedded: false
15:16:16.351 [FXGL Background Thread 3 ] DEBUG Engine               - isEntityPreloadEnabled: true
15:16:16.351 [FXGL Background Thread 3 ] DEBUG Engine               - isExperimentalTiledLargeMap: false
15:16:16.351 [FXGL Background Thread 3 ] DEBUG Engine               - isFileSystemWriteAllowed: true
15:16:16.351 [FXGL Background Thread 3 ] DEBUG Engine               - isFullScreenAllowed: false
15:16:16.351 [FXGL Background Thread 3 ] DEBUG Engine               - isFullScreenFromStart: false
15:16:16.351 [FXGL Background Thread 3 ] DEBUG Engine               - isGameMenuEnabled: false
15:16:16.351 [FXGL Background Thread 3 ] DEBUG Engine               - isIOS: false
15:16:16.351 [FXGL Background Thread 3 ] DEBUG Engine               - isIntroEnabled: false
15:16:16.351 [FXGL Background Thread 3 ] DEBUG Engine               - isLinux: false
15:16:16.351 [FXGL Background Thread 3 ] DEBUG Engine               - isMac: false
15:16:16.351 [FXGL Background Thread 3 ] DEBUG Engine               - isMainMenuEnabled: false
15:16:16.351 [FXGL Background Thread 3 ] DEBUG Engine               - isManualResizeEnabled: false
15:16:16.351 [FXGL Background Thread 3 ] DEBUG Engine               - isMobile: false
15:16:16.351 [FXGL Background Thread 3 ] DEBUG Engine               - isNative: false
15:16:16.351 [FXGL Background Thread 3 ] DEBUG Engine               - isPauseMusicWhenMinimized: true
15:16:16.352 [FXGL Background Thread 3 ] DEBUG Engine               - isPreserveResizeRatio: false
15:16:16.352 [FXGL Background Thread 3 ] DEBUG Engine               - isProfilingEnabled: false
15:16:16.352 [FXGL Background Thread 3 ] DEBUG Engine               - isScaleAffectedOnResize: true
15:16:16.352 [FXGL Background Thread 3 ] DEBUG Engine               - isSingleStep: false
15:16:16.352 [FXGL Background Thread 3 ] DEBUG Engine               - isUserProfileEnabled: false
15:16:16.352 [FXGL Background Thread 3 ] DEBUG Engine               - isWindows: true
15:16:16.352 [FXGL Background Thread 3 ] DEBUG Engine               - language: ObjectProperty [value: ENGLISH]
15:16:16.352 [FXGL Background Thread 3 ] DEBUG Engine               - menuKey: ESCAPE
15:16:16.352 [FXGL Background Thread 3 ] DEBUG Engine               - mouseSensitivity: 0.2
15:16:16.352 [FXGL Background Thread 3 ] DEBUG Engine               - notificationViewClass: class com.almasb.fxgl.notification.view.XboxNotificationView
15:16:16.352 [FXGL Background Thread 3 ] DEBUG Engine               - pixelsPerMeter: 50.0
15:16:16.352 [FXGL Background Thread 3 ] DEBUG Engine               - platform: WINDOWS
15:16:16.352 [FXGL Background Thread 3 ] DEBUG Engine               - prefHeightProperty: ReadOnlyDoubleProperty [value: 720.0]
15:16:16.352 [FXGL Background Thread 3 ] DEBUG Engine               - prefWidthProperty: ReadOnlyDoubleProperty [value: 1080.0]
15:16:16.352 [FXGL Background Thread 3 ] DEBUG Engine               - profileDir: profiles/
15:16:16.352 [FXGL Background Thread 3 ] DEBUG Engine               - profileName: StringProperty [value: DEFAULT]
15:16:16.353 [FXGL Background Thread 3 ] DEBUG Engine               - randomSeed: -1
15:16:16.353 [FXGL Background Thread 3 ] DEBUG Engine               - runtimeInfo: RuntimeInfo(platform=WINDOWS, version=17.1, build=24.03.2022 17.34)
15:16:16.353 [FXGL Background Thread 3 ] DEBUG Engine               - saveFileExt: sav
15:16:16.353 [FXGL Background Thread 3 ] DEBUG Engine               - scaledHeightProp$fxgl: DoubleProperty [bound, value: 720.0]
15:16:16.353 [FXGL Background Thread 3 ] DEBUG Engine               - scaledWidthProp$fxgl: DoubleProperty [bound, value: 1080.0]
15:16:16.353 [FXGL Background Thread 3 ] DEBUG Engine               - sceneFactory: com.almasb.fxgl.app.scene.SceneFactory@5c274e01
15:16:16.353 [FXGL Background Thread 3 ] DEBUG Engine               - secondsIn24h: 60
15:16:16.353 [FXGL Background Thread 3 ] DEBUG Engine               - soundMenuBack: menu/back.wav
15:16:16.353 [FXGL Background Thread 3 ] DEBUG Engine               - soundMenuPress: menu/press.wav
15:16:16.353 [FXGL Background Thread 3 ] DEBUG Engine               - soundMenuSelect: menu/select.wav
15:16:16.353 [FXGL Background Thread 3 ] DEBUG Engine               - soundNotification: core/notification.wav
15:16:16.353 [FXGL Background Thread 3 ] DEBUG Engine               - stageStyle: DECORATED
15:16:16.353 [FXGL Background Thread 3 ] DEBUG Engine               - supportedLanguages: [ENGLISH, FRENCH, GERMAN, HUNGARIAN, RUSSIAN]
15:16:16.353 [FXGL Background Thread 3 ] DEBUG Engine               - ticksPerSecond: -1
15:16:16.353 [FXGL Background Thread 3 ] DEBUG Engine               - title: BOMBERMAN
15:16:16.353 [FXGL Background Thread 3 ] DEBUG Engine               - urlGithub: https://github.com/AlmasB/FXGL
15:16:16.353 [FXGL Background Thread 3 ] DEBUG Engine               - urlLeaderboard: http://fxgl-top.herokuapp.com/
15:16:16.353 [FXGL Background Thread 3 ] DEBUG Engine               - urlPOM: https://raw.githubusercontent.com/AlmasB/FXGL/release/README.md
15:16:16.353 [FXGL Background Thread 3 ] DEBUG Engine               - userAppClass: class com.bomberman.bombermanplus.BombermanApp
15:16:16.353 [FXGL Background Thread 3 ] DEBUG Engine               - version: 1.0
15:16:16.353 [FXGL Background Thread 3 ] DEBUG Engine               - versionCheckDays: 7
15:16:16.353 [FXGL Background Thread 3 ] DEBUG Engine               - width: 1080
15:16:16.353 [FXGL Background Thread 3 ] DEBUG Engine               - Logging services
15:16:16.353 [FXGL Background Thread 3 ] DEBUG Engine               - class com.almasb.fxgl.app.services.FXGLAssetLoaderService
15:16:16.353 [FXGL Background Thread 3 ] DEBUG Engine               - class com.almasb.fxgl.app.FXGLApplication$GameApplicationService
15:16:16.353 [FXGL Background Thread 3 ] DEBUG Engine               - class com.almasb.fxgl.app.services.FXGLDialogService
15:16:16.353 [FXGL Background Thread 3 ] DEBUG Engine               - class com.almasb.fxgl.app.services.IOTaskExecutorService
15:16:16.354 [FXGL Background Thread 3 ] DEBUG Engine               - class com.almasb.fxgl.io.FileSystemService
15:16:16.354 [FXGL Background Thread 3 ] DEBUG Engine               - class com.almasb.fxgl.localization.LocalizationService
15:16:16.354 [FXGL Background Thread 3 ] DEBUG Engine               - class com.almasb.fxgl.app.services.SystemBundleService
15:16:16.354 [FXGL Background Thread 3 ] DEBUG Engine               - class com.almasb.fxgl.profile.SaveLoadService
15:16:16.354 [FXGL Background Thread 3 ] DEBUG Engine               - class com.almasb.fxgl.ui.FXGLUIFactoryServiceProvider
15:16:16.354 [FXGL Background Thread 3 ] DEBUG Engine               - class com.almasb.fxgl.ui.FXGLDialogFactoryServiceProvider
15:16:16.354 [FXGL Background Thread 3 ] DEBUG Engine               - class com.almasb.fxgl.audio.AudioPlayer
15:16:16.354 [FXGL Background Thread 3 ] DEBUG Engine               - class com.almasb.fxgl.notification.impl.NotificationServiceProvider
15:16:16.354 [FXGL Background Thread 3 ] DEBUG Engine               - class com.almasb.fxgl.achievement.AchievementService
15:16:16.354 [FXGL Background Thread 3 ] DEBUG Engine               - class com.almasb.fxgl.cutscene.CutsceneService
15:16:16.354 [FXGL Background Thread 3 ] DEBUG Engine               - class com.almasb.fxgl.minigames.MiniGameService
15:16:16.354 [FXGL Background Thread 3 ] DEBUG Engine               - class com.almasb.fxgl.net.NetService
15:16:16.354 [FXGL Background Thread 3 ] DEBUG Engine               - class com.almasb.fxgl.app.services.UpdaterService
15:16:16.354 [FXGL Background Thread 3 ] DEBUG Engine               - class com.almasb.fxgl.dev.DevService
15:16:36.051 [JavaFX Application Thread] DEBUG FXGLApplication      - Exiting FXGL
15:16:36.052 [JavaFX Application Thread] DEBUG Async                - Shutting down background threads
15:16:36.052 [JavaFX Application Thread] DEBUG PrimaryStageWindow   - Closing main window
15:16:36.060 [JavaFX Application Thread] DEBUG Logger               - Closing Logger
