08:58:37.565 [main                     ] DEBUG Logger               - Configured Logger
08:58:37.581 [main                     ] DEBUG GameApplication      - Logging settings
Title: BOMBERMAN
Version: 1.0
Width: 1080
Height: 720
Fullscreen: false
Intro: false
Profiling: false
Single step:false
App Mode: DEVELOPER
Menu Key: ESCAPE
Stage Style: DECORATED
Scene Factory: class com.bomberman.bombermanplus.BombermanApp$1

08:58:37.863 [JavaFX Application Thread] DEBUG FXGLApplication      - Initializing FXGL
08:58:37.869 [JavaFX Application Thread] INFO  Engine               - FXGL-17.1 (24.03.2022 17.34) on WINDOWS (J:19 FX:19-ea)
08:58:37.869 [JavaFX Application Thread] DEBUG Engine               - JRE Vendor Name: Oracle Corporation
08:58:37.870 [JavaFX Application Thread] DEBUG Engine               - Running on OS: Windows 11 version 10.0
08:58:37.870 [JavaFX Application Thread] DEBUG Engine               - Architecture: amd64
08:58:37.870 [JavaFX Application Thread] INFO  Engine               - Source code and latest versions at: https://github.com/AlmasB/FXGL
08:58:37.870 [JavaFX Application Thread] INFO  Engine               -       Ask questions and discuss at: https://github.com/AlmasB/FXGL/discussions
08:58:37.870 [JavaFX Application Thread] INFO  Engine               -              Join the FXGL chat at: https://gitter.im/AlmasB/FXGL
08:58:37.952 [JavaFX Application Thread] DEBUG PrimaryStageWindow   - Creating a JavaFX scene
08:58:37.999 [JavaFX Application Thread] DEBUG PrimaryStageWindow   - Target settings size: 1080.0 x 720.0
08:58:37.999 [JavaFX Application Thread] DEBUG PrimaryStageWindow   - Scaled scene size:    1080.0 x 720.0
08:58:37.999 [JavaFX Application Thread] DEBUG PrimaryStageWindow   - Scaled ratio: (1.0, 1.0)
08:58:38.000 [JavaFX Application Thread] DEBUG PrimaryStageWindow   - Set initial scene to FXGLStartupScene
08:58:38.005 [JavaFX Application Thread] DEBUG PrimaryStageWindow   - Opening main window
08:58:38.088 [JavaFX Application Thread] DEBUG PrimaryStageWindow   - Window border size: (14.4000244140625, 37.5999755859375)
08:58:38.088 [JavaFX Application Thread] DEBUG PrimaryStageWindow   - Scaled size: 1080.0 x 720.0
08:58:38.088 [JavaFX Application Thread] DEBUG PrimaryStageWindow   - Scaled ratio: (1.0, 1.0)
08:58:38.088 [JavaFX Application Thread] DEBUG PrimaryStageWindow   - Scene size: 1080.0 x 720.0
08:58:38.089 [JavaFX Application Thread] DEBUG PrimaryStageWindow   - Stage size: 1094.4000244140625 x 757.5999755859375
08:58:38.097 [FXGL Background Thread 1 ] DEBUG Engine               - Initializing environment variables
08:58:38.156 [FXGL Background Thread 1 ] DEBUG FXGLAssetLoaderServi - User app class for loading assets: class com.bomberman.bombermanplus.BombermanApp
08:58:38.156 [FXGL Background Thread 1 ] DEBUG GameApplicationServi - Applying CSS: fxgl_dark.css
08:58:38.157 [FXGL Background Thread 1 ] DEBUG FXGLAssetLoaderServi - Loading from file system: jar:file:///C:/Users/ADMIN/.m2/repository/com/github/almasb/fxgl/17.1/fxgl-17.1.jar!/fxglassets/ui/css/fxgl_dark.css
08:58:38.200 [FXGL Background Thread 1 ] DEBUG GameApplicationServi - Initializing application scenes
08:58:38.234 [FXGL Background Thread 1 ] DEBUG GameWorld            - Game world initialized
08:58:38.317 [FXGL Background Thread 1 ] DEBUG PhysicsWorld         - Physics world initialized: appHeight=720, physics.ppm=50.0
08:58:38.317 [FXGL Background Thread 1 ] DEBUG PhysicsWorld         - Using strategy: BRUTE_FORCE
08:58:38.322 [FXGL Background Thread 1 ] DEBUG GameScene            - Game scene initialized: 1080x720
08:58:38.409 [FXGL Background Thread 1 ] DEBUG GameApplicationServi - Application scenes initialized
08:58:38.434 [FXGL Background Thread 1 ] DEBUG SystemBundleService  - Loading FXGL system data
08:58:38.451 [FXGL Background Thread 1 ] DEBUG FileSystemAccess     - Reading from: C:\Users\ADMIN\IdeaProjects\BombermanPlus\system\fxgl.bundle
08:58:38.475 [FXGL Background Thread 1 ] DEBUG SystemBundleService  - Bundle FXGL: {}
08:58:38.476 [FXGL Background Thread 1 ] DEBUG UpdaterService       - Checking for updates
08:58:38.511 [FXGL Background Thread 4 ] DEBUG FXGLApplication      - Loading fonts
08:58:38.511 [FXGL Background Thread 1 ] DEBUG FXGLApplication      - Loading default localization
08:58:38.512 [FXGL Background Thread 4 ] WARN  FXGLAssetLoaderServi - Asset "/assets/ui/fonts/Retro Gaming.ttf" was not found!
08:58:38.512 [FXGL Background Thread 1 ] DEBUG FXGLAssetLoaderServi - Loading from file system: jar:file:///C:/Users/ADMIN/.m2/repository/com/github/almasb/fxgl/17.1/fxgl-17.1.jar!/fxglassets/languages/english.lang
08:58:38.512 [FXGL Background Thread 4 ] WARN  FXGLAssetLoaderServi - Failed to load FONT
08:58:38.512 [FXGL Background Thread 4 ] DEBUG FXGLAssetLoaderServi - Loading from file system: jar:file:///C:/Users/ADMIN/.m2/repository/com/github/almasb/fxgl/17.1/fxgl-17.1.jar!/fxglassets/ui/fonts/Abel-Regular.ttf
08:58:38.530 [FXGL Background Thread 1 ] INFO  FXGLApplication      - FXGL initialization took: 0.432 sec
08:58:38.538 [JavaFX Application Thread] DEBUG Input                - Registered new binding: Move Right - D
08:58:38.539 [JavaFX Application Thread] DEBUG Input                - Registered new binding: Move Up - W
08:58:38.539 [JavaFX Application Thread] DEBUG Input                - Registered new binding: Move Down - S
08:58:38.539 [JavaFX Application Thread] DEBUG Input                - Registered new binding: Move Left - A
08:58:38.539 [JavaFX Application Thread] DEBUG Input                - Registered new binding: Place bomb - Space
08:58:38.539 [JavaFX Application Thread] DEBUG FXGLAssetLoaderServi - Loading from file system: file:/C:/Users/ADMIN/IdeaProjects/BombermanPlus/target/classes/assets/music/title_screen.mp3
08:58:38.595 [FXGL Background Thread 4 ] DEBUG FXGLAssetLoaderServi - Loading from file system: jar:file:///C:/Users/ADMIN/.m2/repository/com/github/almasb/fxgl/17.1/fxgl-17.1.jar!/fxglassets/ui/fonts/TerminalLandMono-Regular.otf
08:58:38.606 [FXGL Background Thread 4 ] DEBUG FXGLAssetLoaderServi - Loading from file system: jar:file:///C:/Users/ADMIN/.m2/repository/com/github/almasb/fxgl/17.1/fxgl-17.1.jar!/fxglassets/ui/fonts/Courier-Prime.ttf
08:58:39.356 [JavaFX Application Thread] DEBUG AudioPlayer          - Playing music com.almasb.fxgl.audio.Music@4cd5b693
08:58:39.357 [JavaFX Application Thread] DEBUG FXGLAssetLoaderServi - Loading from file system: jar:file:///C:/Users/ADMIN/.m2/repository/com/github/almasb/fxgl/17.1/fxgl-17.1.jar!/fxglassets/textures/fxgl_icon.png
08:58:39.377 [JavaFX Application Thread] DEBUG FXGLAssetLoaderServi - Loading from file system: jar:file:///C:/Users/ADMIN/.m2/repository/com/github/almasb/fxgl/17.1/fxgl-17.1.jar!/fxglassets/textures/fxgl_default_cursor.png
08:58:39.379 [JavaFX Application Thread] DEBUG Input                - Registered new binding: Screenshot - CTRL+8
08:58:39.379 [JavaFX Application Thread] DEBUG Input                - Registered new binding: Dev Options - 1
08:58:39.380 [JavaFX Application Thread] DEBUG Input                - Registered new binding: Dev Console - 2
08:58:39.380 [JavaFX Application Thread] DEBUG Input                - Registered new binding: System info dump - CTRL+9
08:58:39.380 [JavaFX Application Thread] DEBUG Input                - Registered new binding: Restart - CTRL+R
08:58:39.380 [JavaFX Application Thread] DEBUG Input                - Registered new binding: Toggle Debug Camera - CTRL+7
08:58:39.381 [JavaFX Application Thread] DEBUG LoopRunner           - Starting loop
08:58:39.390 [JavaFX Application Thread] DEBUG LoopRunner           - Initializing JavaFX AnimationTimerLoop
08:58:39.391 [JavaFX Application Thread] DEBUG Input                - Clearing active input actions
08:58:39.398 [JavaFX Application Thread] DEBUG GameApplicationServi - Removing overlay from FXGLStartupScene and adding to FXGLMainMenuDummyScene
08:58:39.400 [JavaFX Application Thread] DEBUG PrimaryStageWindow   - FXGLStartupScene -> FXGLMainMenuDummyScene
08:58:39.400 [JavaFX Application Thread] DEBUG PrimaryStageWindow   - Push state: BombermanMenu
08:58:39.400 [JavaFX Application Thread] DEBUG Input                - Clearing active input actions
08:58:39.402 [JavaFX Application Thread] DEBUG GameApplicationServi - Removing overlay from FXGLMainMenuDummyScene and adding to BombermanMenu
08:58:39.402 [JavaFX Application Thread] DEBUG PrimaryStageWindow   - FXGLMainMenuDummyScene -> BombermanMenu
08:58:39.408 [JavaFX Application Thread] DEBUG FXGLApplication      - Registering font factories with UI factory
08:58:39.450 [FXGL Background Thread 2 ] INFO  UpdaterService       - Your current version:  17.1
08:58:39.450 [FXGL Background Thread 2 ] INFO  UpdaterService       - Latest stable version: 17.2
08:58:41.511 [FXGL Background Thread 3 ] DEBUG Engine               - Logging environment variables
08:58:41.511 [FXGL Background Thread 3 ] DEBUG Engine               - achievements: []
08:58:41.512 [FXGL Background Thread 3 ] DEBUG Engine               - actualHeight: 720.0
08:58:41.512 [FXGL Background Thread 3 ] DEBUG Engine               - actualHeightProperty: ReadOnlyDoubleProperty [value: 720.0]
08:58:41.512 [FXGL Background Thread 3 ] DEBUG Engine               - actualWidth: 1080.0
08:58:41.512 [FXGL Background Thread 3 ] DEBUG Engine               - actualWidthProperty: ReadOnlyDoubleProperty [value: 1080.0]
08:58:41.512 [FXGL Background Thread 3 ] DEBUG Engine               - appIcon: fxgl_icon.png
08:58:41.512 [FXGL Background Thread 3 ] DEBUG Engine               - applicationMode: DEVELOPER
08:58:41.512 [FXGL Background Thread 3 ] DEBUG Engine               - cSSList: [fxgl_dark.css]
08:58:41.512 [FXGL Background Thread 3 ] DEBUG Engine               - collisionDetectionStrategy: BRUTE_FORCE
08:58:41.512 [FXGL Background Thread 3 ] DEBUG Engine               - configClass: Optional.empty
08:58:41.512 [FXGL Background Thread 3 ] DEBUG Engine               - credits: []
08:58:41.513 [FXGL Background Thread 3 ] DEBUG Engine               - defaultCursor: CursorInfo(imageName=fxgl_default_cursor.png, hotspotX=7.0, hotspotY=6.0)
08:58:41.513 [FXGL Background Thread 3 ] DEBUG Engine               - devBBoxColorProperty: ObjectProperty [value: 0xff0000ff]
08:58:41.513 [FXGL Background Thread 3 ] DEBUG Engine               - devEnableDebugCameraProperty: BooleanProperty [value: false]
08:58:41.513 [FXGL Background Thread 3 ] DEBUG Engine               - devSensorColorProperty: ObjectProperty [value: 0xffff00ff]
08:58:41.513 [FXGL Background Thread 3 ] DEBUG Engine               - devShowBBoxProperty: BooleanProperty [value: false]
08:58:41.513 [FXGL Background Thread 3 ] DEBUG Engine               - devShowPositionProperty: BooleanProperty [value: false]
08:58:41.513 [FXGL Background Thread 3 ] DEBUG Engine               - enabledMenuItems: []
08:58:41.513 [FXGL Background Thread 3 ] DEBUG Engine               - engineServices: [class com.almasb.fxgl.app.services.FXGLAssetLoaderService, class com.almasb.fxgl.app.FXGLApplication$GameApplicationService, class com.almasb.fxgl.app.services.FXGLDialogService, class com.almasb.fxgl.app.services.IOTaskExecutorService, class com.almasb.fxgl.io.FileSystemService, class com.almasb.fxgl.localization.LocalizationService, class com.almasb.fxgl.app.services.SystemBundleService, class com.almasb.fxgl.profile.SaveLoadService, class com.almasb.fxgl.ui.FXGLUIFactoryServiceProvider, class com.almasb.fxgl.ui.FXGLDialogFactoryServiceProvider, class com.almasb.fxgl.audio.AudioPlayer, class com.almasb.fxgl.notification.impl.NotificationServiceProvider, class com.almasb.fxgl.achievement.AchievementService, class com.almasb.fxgl.cutscene.CutsceneService, class com.almasb.fxgl.minigames.MiniGameService, class com.almasb.fxgl.net.NetService, class com.almasb.fxgl.app.services.UpdaterService, class com.almasb.fxgl.dev.DevService]
08:58:41.513 [FXGL Background Thread 3 ] DEBUG Engine               - fontGame: Abel-Regular.ttf
08:58:41.513 [FXGL Background Thread 3 ] DEBUG Engine               - fontMono: TerminalLandMono-Regular.otf
08:58:41.514 [FXGL Background Thread 3 ] DEBUG Engine               - fontText: Courier-Prime.ttf
08:58:41.514 [FXGL Background Thread 3 ] DEBUG Engine               - fontUI: Retro Gaming.ttf
08:58:41.514 [FXGL Background Thread 3 ] DEBUG Engine               - fullScreen: BooleanProperty [value: false]
08:58:41.514 [FXGL Background Thread 3 ] DEBUG Engine               - gameDifficulty: MEDIUM
08:58:41.514 [FXGL Background Thread 3 ] DEBUG Engine               - gameDifficultyProperty: ObjectProperty [value: MEDIUM]
08:58:41.514 [FXGL Background Thread 3 ] DEBUG Engine               - globalMusicVolume: 0.5
08:58:41.514 [FXGL Background Thread 3 ] DEBUG Engine               - globalMusicVolumeProperty: DoubleProperty [value: 0.05]
08:58:41.514 [FXGL Background Thread 3 ] DEBUG Engine               - globalSoundVolume: 0.5
08:58:41.514 [FXGL Background Thread 3 ] DEBUG Engine               - globalSoundVolumeProperty: DoubleProperty [value: 0.4]
08:58:41.514 [FXGL Background Thread 3 ] DEBUG Engine               - height: 720
08:58:41.514 [FXGL Background Thread 3 ] DEBUG Engine               - is3D: false
08:58:41.514 [FXGL Background Thread 3 ] DEBUG Engine               - isAndroid: false
08:58:41.514 [FXGL Background Thread 3 ] DEBUG Engine               - isBrowser: false
08:58:41.514 [FXGL Background Thread 3 ] DEBUG Engine               - isClickFeedbackEnabled: false
08:58:41.514 [FXGL Background Thread 3 ] DEBUG Engine               - isCloseConfirmation: false
08:58:41.514 [FXGL Background Thread 3 ] DEBUG Engine               - isDesktop: true
08:58:41.515 [FXGL Background Thread 3 ] DEBUG Engine               - isDeveloperMenuEnabled: true
08:58:41.515 [FXGL Background Thread 3 ] DEBUG Engine               - isEmbedded: false
08:58:41.515 [FXGL Background Thread 3 ] DEBUG Engine               - isEntityPreloadEnabled: true
08:58:41.515 [FXGL Background Thread 3 ] DEBUG Engine               - isExperimentalTiledLargeMap: false
08:58:41.515 [FXGL Background Thread 3 ] DEBUG Engine               - isFileSystemWriteAllowed: true
08:58:41.515 [FXGL Background Thread 3 ] DEBUG Engine               - isFullScreenAllowed: false
08:58:41.515 [FXGL Background Thread 3 ] DEBUG Engine               - isFullScreenFromStart: false
08:58:41.515 [FXGL Background Thread 3 ] DEBUG Engine               - isGameMenuEnabled: true
08:58:41.515 [FXGL Background Thread 3 ] DEBUG Engine               - isIOS: false
08:58:41.515 [FXGL Background Thread 3 ] DEBUG Engine               - isIntroEnabled: false
08:58:41.515 [FXGL Background Thread 3 ] DEBUG Engine               - isLinux: false
08:58:41.515 [FXGL Background Thread 3 ] DEBUG Engine               - isMac: false
08:58:41.515 [FXGL Background Thread 3 ] DEBUG Engine               - isMainMenuEnabled: true
08:58:41.515 [FXGL Background Thread 3 ] DEBUG Engine               - isManualResizeEnabled: true
08:58:41.516 [FXGL Background Thread 3 ] DEBUG Engine               - isMobile: false
08:58:41.516 [FXGL Background Thread 3 ] DEBUG Engine               - isNative: false
08:58:41.516 [FXGL Background Thread 3 ] DEBUG Engine               - isPauseMusicWhenMinimized: true
08:58:41.516 [FXGL Background Thread 3 ] DEBUG Engine               - isPreserveResizeRatio: true
08:58:41.516 [FXGL Background Thread 3 ] DEBUG Engine               - isProfilingEnabled: false
08:58:41.516 [FXGL Background Thread 3 ] DEBUG Engine               - isScaleAffectedOnResize: true
08:58:41.516 [FXGL Background Thread 3 ] DEBUG Engine               - isSingleStep: false
08:58:41.516 [FXGL Background Thread 3 ] DEBUG Engine               - isUserProfileEnabled: false
08:58:41.516 [FXGL Background Thread 3 ] DEBUG Engine               - isWindows: true
08:58:41.516 [FXGL Background Thread 3 ] DEBUG Engine               - language: ObjectProperty [value: ENGLISH]
08:58:41.516 [FXGL Background Thread 3 ] DEBUG Engine               - menuKey: ESCAPE
08:58:41.516 [FXGL Background Thread 3 ] DEBUG Engine               - mouseSensitivity: 0.2
08:58:41.516 [FXGL Background Thread 3 ] DEBUG Engine               - notificationViewClass: class com.almasb.fxgl.notification.view.XboxNotificationView
08:58:41.516 [FXGL Background Thread 3 ] DEBUG Engine               - pixelsPerMeter: 50.0
08:58:41.516 [FXGL Background Thread 3 ] DEBUG Engine               - platform: WINDOWS
08:58:41.516 [FXGL Background Thread 3 ] DEBUG Engine               - prefHeightProperty: ReadOnlyDoubleProperty [value: 720.0]
08:58:41.516 [FXGL Background Thread 3 ] DEBUG Engine               - prefWidthProperty: ReadOnlyDoubleProperty [value: 1080.0]
08:58:41.516 [FXGL Background Thread 3 ] DEBUG Engine               - profileDir: profiles/
08:58:41.516 [FXGL Background Thread 3 ] DEBUG Engine               - profileName: StringProperty [value: DEFAULT]
08:58:41.516 [FXGL Background Thread 3 ] DEBUG Engine               - randomSeed: -1
08:58:41.516 [FXGL Background Thread 3 ] DEBUG Engine               - runtimeInfo: RuntimeInfo(platform=WINDOWS, version=17.1, build=24.03.2022 17.34)
08:58:41.517 [FXGL Background Thread 3 ] DEBUG Engine               - saveFileExt: sav
08:58:41.517 [FXGL Background Thread 3 ] DEBUG Engine               - scaledHeightProp$fxgl: DoubleProperty [bound, value: 720.0]
08:58:41.517 [FXGL Background Thread 3 ] DEBUG Engine               - scaledWidthProp$fxgl: DoubleProperty [bound, value: 1080.0]
08:58:41.517 [FXGL Background Thread 3 ] DEBUG Engine               - sceneFactory: com.bomberman.bombermanplus.BombermanApp$1@2e2bebda
08:58:41.517 [FXGL Background Thread 3 ] DEBUG Engine               - secondsIn24h: 60
08:58:41.517 [FXGL Background Thread 3 ] DEBUG Engine               - soundMenuBack: menu/back.wav
08:58:41.517 [FXGL Background Thread 3 ] DEBUG Engine               - soundMenuPress: menu/press.wav
08:58:41.517 [FXGL Background Thread 3 ] DEBUG Engine               - soundMenuSelect: menu/select.wav
08:58:41.517 [FXGL Background Thread 3 ] DEBUG Engine               - soundNotification: core/notification.wav
08:58:41.517 [FXGL Background Thread 3 ] DEBUG Engine               - stageStyle: DECORATED
08:58:41.517 [FXGL Background Thread 3 ] DEBUG Engine               - supportedLanguages: [ENGLISH, FRENCH, GERMAN, HUNGARIAN, RUSSIAN]
08:58:41.517 [FXGL Background Thread 3 ] DEBUG Engine               - ticksPerSecond: -1
08:58:41.517 [FXGL Background Thread 3 ] DEBUG Engine               - title: BOMBERMAN
08:58:41.517 [FXGL Background Thread 3 ] DEBUG Engine               - urlGithub: https://github.com/AlmasB/FXGL
08:58:41.517 [FXGL Background Thread 3 ] DEBUG Engine               - urlLeaderboard: http://fxgl-top.herokuapp.com/
08:58:41.517 [FXGL Background Thread 3 ] DEBUG Engine               - urlPOM: https://raw.githubusercontent.com/AlmasB/FXGL/release/README.md
08:58:41.517 [FXGL Background Thread 3 ] DEBUG Engine               - userAppClass: class com.bomberman.bombermanplus.BombermanApp
08:58:41.517 [FXGL Background Thread 3 ] DEBUG Engine               - version: 1.0
08:58:41.517 [FXGL Background Thread 3 ] DEBUG Engine               - versionCheckDays: 7
08:58:41.517 [FXGL Background Thread 3 ] DEBUG Engine               - width: 1080
08:58:41.518 [FXGL Background Thread 3 ] DEBUG Engine               - Logging services
08:58:41.518 [FXGL Background Thread 3 ] DEBUG Engine               - class com.almasb.fxgl.app.services.FXGLAssetLoaderService
08:58:41.518 [FXGL Background Thread 3 ] DEBUG Engine               - class com.almasb.fxgl.app.FXGLApplication$GameApplicationService
08:58:41.518 [FXGL Background Thread 3 ] DEBUG Engine               - class com.almasb.fxgl.app.services.FXGLDialogService
08:58:41.518 [FXGL Background Thread 3 ] DEBUG Engine               - class com.almasb.fxgl.app.services.IOTaskExecutorService
08:58:41.518 [FXGL Background Thread 3 ] DEBUG Engine               - class com.almasb.fxgl.io.FileSystemService
08:58:41.518 [FXGL Background Thread 3 ] DEBUG Engine               - class com.almasb.fxgl.localization.LocalizationService
08:58:41.518 [FXGL Background Thread 3 ] DEBUG Engine               - class com.almasb.fxgl.app.services.SystemBundleService
08:58:41.518 [FXGL Background Thread 3 ] DEBUG Engine               - class com.almasb.fxgl.profile.SaveLoadService
08:58:41.518 [FXGL Background Thread 3 ] DEBUG Engine               - class com.almasb.fxgl.ui.FXGLUIFactoryServiceProvider
08:58:41.518 [FXGL Background Thread 3 ] DEBUG Engine               - class com.almasb.fxgl.ui.FXGLDialogFactoryServiceProvider
08:58:41.518 [FXGL Background Thread 3 ] DEBUG Engine               - class com.almasb.fxgl.audio.AudioPlayer
08:58:41.518 [FXGL Background Thread 3 ] DEBUG Engine               - class com.almasb.fxgl.notification.impl.NotificationServiceProvider
08:58:41.518 [FXGL Background Thread 3 ] DEBUG Engine               - class com.almasb.fxgl.achievement.AchievementService
08:58:41.518 [FXGL Background Thread 3 ] DEBUG Engine               - class com.almasb.fxgl.cutscene.CutsceneService
08:58:41.518 [FXGL Background Thread 3 ] DEBUG Engine               - class com.almasb.fxgl.minigames.MiniGameService
08:58:41.518 [FXGL Background Thread 3 ] DEBUG Engine               - class com.almasb.fxgl.net.NetService
08:58:41.518 [FXGL Background Thread 3 ] DEBUG Engine               - class com.almasb.fxgl.app.services.UpdaterService
08:58:41.518 [FXGL Background Thread 3 ] DEBUG Engine               - class com.almasb.fxgl.dev.DevService
08:58:47.162 [JavaFX Application Thread] DEBUG Menu                 - fireNewGame()
08:58:47.162 [JavaFX Application Thread] DEBUG GameApplicationServi - Starting new game
08:58:47.162 [JavaFX Application Thread] DEBUG PrimaryStageWindow   - Pop state: BombermanMenu
08:58:47.162 [JavaFX Application Thread] DEBUG Input                - Clearing active input actions
08:58:47.163 [JavaFX Application Thread] DEBUG GameApplicationServi - Removing overlay from BombermanMenu and adding to FXGLMainMenuDummyScene
08:58:47.164 [JavaFX Application Thread] DEBUG PrimaryStageWindow   - FXGLMainMenuDummyScene <- BombermanMenu
08:58:47.164 [JavaFX Application Thread] DEBUG Input                - Clearing active input actions
08:58:47.168 [JavaFX Application Thread] DEBUG GameApplicationServi - Removing overlay from FXGLMainMenuDummyScene and adding to FXGLLoadingScene
08:58:47.168 [JavaFX Application Thread] DEBUG PrimaryStageWindow   - FXGLMainMenuDummyScene -> FXGLLoadingScene
08:58:47.169 [JavaFX Application Thread] DEBUG GameApplicationServi - Clearing previous game
08:58:47.169 [JavaFX Application Thread] DEBUG GameScene            - Clearing game scene
08:58:47.169 [JavaFX Application Thread] DEBUG GameWorld            - Clearing game world
08:58:47.169 [JavaFX Application Thread] DEBUG PhysicsWorld         - Clearing physics world
08:58:47.170 [FXGL Background Thread 2 ] DEBUG FXGLApplication      - Initializing game
08:58:47.176 [FXGL Background Thread 2 ] DEBUG FXGLAssetLoaderServi - Loading from file system: file:/C:/Users/ADMIN/IdeaProjects/BombermanPlus/target/classes/assets/sounds/stage_start.wav
08:58:47.209 [FXGL Background Thread 2 ] INFO  FXGLApplication      - Game initialization took: 0.039 sec
08:58:47.210 [JavaFX Application Thread] DEBUG Input                - Clearing active input actions
08:58:47.213 [JavaFX Application Thread] DEBUG GameApplicationServi - Removing overlay from FXGLLoadingScene and adding to GameScene
08:58:47.216 [JavaFX Application Thread] DEBUG PrimaryStageWindow   - FXGLLoadingScene -> GameScene
08:58:50.282 [JavaFX Application Thread] WARN  TMXLevelLoader       - TiledMap generated from 1.9.2. Supported version: 1.4.2. Some features may not be parsed fully.
08:58:50.298 [JavaFX Application Thread] DEBUG TMXLevelLoader       - Parsed TiledMap: file:/C:/Users/ADMIN/IdeaProjects/BombermanPlus/target/classes/assets/levels/bbm_level1.tmx
08:58:50.299 [JavaFX Application Thread] DEBUG TMXLevelLoader       - Creating tile layer entities
08:58:50.299 [JavaFX Application Thread] DEBUG TilesetLoader        - Loading view for layer Tile Layer 1
08:58:50.302 [JavaFX Application Thread] DEBUG TilesetLoader        - Created buffer with size 1488.0x720.0
08:58:50.370 [JavaFX Application Thread] DEBUG TMXLevelLoader       - Creating object layer entities
08:58:50.371 [JavaFX Application Thread] DEBUG FXGLAssetLoaderServi - Loading from file system: file:/C:/Users/ADMIN/IdeaProjects/BombermanPlus/target/classes/assets/textures/items/powerup_speed.png
08:58:50.377 [JavaFX Application Thread] DEBUG FXGLAssetLoaderServi - Loading from file system: file:/C:/Users/ADMIN/IdeaProjects/BombermanPlus/target/classes/assets/textures/items/powerup_flames.png
08:58:50.379 [JavaFX Application Thread] DEBUG FXGLAssetLoaderServi - Loading from file system: file:/C:/Users/ADMIN/IdeaProjects/BombermanPlus/target/classes/assets/textures/items/powerup_bombs.png
08:58:50.381 [JavaFX Application Thread] DEBUG FXGLAssetLoaderServi - Loading from file system: file:/C:/Users/ADMIN/IdeaProjects/BombermanPlus/target/classes/assets/textures/items/powerup_flamepass.png
08:58:50.384 [JavaFX Application Thread] DEBUG FXGLAssetLoaderServi - Loading from file system: file:/C:/Users/ADMIN/IdeaProjects/BombermanPlus/target/classes/assets/textures/items/portal.png
08:58:50.391 [JavaFX Application Thread] DEBUG FXGLAssetLoaderServi - Loading from file system: file:/C:/Users/ADMIN/IdeaProjects/BombermanPlus/target/classes/assets/textures/sprites.png
08:58:50.487 [JavaFX Application Thread] DEBUG GameWorld            - Clearing removable entities
08:58:50.488 [JavaFX Application Thread] DEBUG GameWorld            - Setting level: com.almasb.fxgl.entity.level.Level@6444a3c4
08:58:54.333 [JavaFX Application Thread] DEBUG FXGLAssetLoaderServi - Loading from file system: file:/C:/Users/ADMIN/IdeaProjects/BombermanPlus/target/classes/assets/sounds/bomb_explored.wav
09:00:43.016 [JavaFX Application Thread] WARN  GameWorld            - Attempted to remove entity which is not active
09:01:35.385 [JavaFX Application Thread] WARN  TMXLevelLoader       - TiledMap generated from 1.9.2. Supported version: 1.4.2. Some features may not be parsed fully.
09:01:35.394 [JavaFX Application Thread] DEBUG TMXLevelLoader       - Parsed TiledMap: file:/C:/Users/ADMIN/IdeaProjects/BombermanPlus/target/classes/assets/levels/bbm_level1.tmx
09:01:35.394 [JavaFX Application Thread] DEBUG TMXLevelLoader       - Creating tile layer entities
09:01:35.394 [JavaFX Application Thread] DEBUG TilesetLoader        - Loading view for layer Tile Layer 1
09:01:35.395 [JavaFX Application Thread] DEBUG TilesetLoader        - Created buffer with size 1488.0x720.0
09:01:35.455 [JavaFX Application Thread] DEBUG TMXLevelLoader       - Creating object layer entities
09:01:35.478 [JavaFX Application Thread] DEBUG GameWorld            - Clearing removable entities
09:01:35.481 [JavaFX Application Thread] DEBUG GameWorld            - Setting level: com.almasb.fxgl.entity.level.Level@69fbf187
09:01:37.463 [JavaFX Application Thread] DEBUG FXGLApplication      - Exiting FXGL
09:01:37.463 [JavaFX Application Thread] DEBUG LoopRunner           - Stopping loop
09:01:37.463 [JavaFX Application Thread] DEBUG SystemBundleService  - Saving FXGL system data
09:01:37.476 [JavaFX Application Thread] DEBUG FileSystemAccess     - Writing to: C:\Users\ADMIN\IdeaProjects\BombermanPlus\system\fxgl.bundle
09:01:37.478 [JavaFX Application Thread] DEBUG Async                - Shutting down background threads
09:01:37.478 [JavaFX Application Thread] DEBUG PrimaryStageWindow   - Closing main window
09:01:37.484 [JavaFX Application Thread] DEBUG Logger               - Closing Logger
