23:05:13.656 [main                     ] DEBUG Logger               - Configured Logger
23:05:13.672 [main                     ] DEBUG GameApplication      - Logging settings
Title: BOMBERMAN
Version: 1.0
Width: 1080
Height: 720
Fullscreen: false
Intro: false
Profiling: false
Single step:false
App Mode: DEVELOPER
Menu Key: ESCAPE
Stage Style: DECORATED
Scene Factory: class com.bomberman.bombermanplus.BombermanApp$1

23:05:14.088 [JavaFX Application Thread] DEBUG FXGLApplication      - Initializing FXGL
23:05:14.090 [JavaFX Application Thread] INFO  Engine               - FXGL-17.1 (24.03.2022 17.34) on WINDOWS (J:19 FX:19-ea)
23:05:14.091 [JavaFX Application Thread] DEBUG Engine               - JRE Vendor Name: Oracle Corporation
23:05:14.091 [JavaFX Application Thread] DEBUG Engine               - Running on OS: Windows 11 version 10.0
23:05:14.091 [JavaFX Application Thread] DEBUG Engine               - Architecture: amd64
23:05:14.091 [JavaFX Application Thread] INFO  Engine               - Source code and latest versions at: https://github.com/AlmasB/FXGL
23:05:14.091 [JavaFX Application Thread] INFO  Engine               -       Ask questions and discuss at: https://github.com/AlmasB/FXGL/discussions
23:05:14.092 [JavaFX Application Thread] INFO  Engine               -              Join the FXGL chat at: https://gitter.im/AlmasB/FXGL
23:05:14.183 [JavaFX Application Thread] DEBUG PrimaryStageWindow   - Creating a JavaFX scene
23:05:14.224 [JavaFX Application Thread] DEBUG PrimaryStageWindow   - Target settings size: 1080.0 x 720.0
23:05:14.224 [JavaFX Application Thread] DEBUG PrimaryStageWindow   - Scaled scene size:    1080.0 x 720.0
23:05:14.225 [JavaFX Application Thread] DEBUG PrimaryStageWindow   - Scaled ratio: (1.0, 1.0)
23:05:14.225 [JavaFX Application Thread] DEBUG PrimaryStageWindow   - Set initial scene to FXGLStartupScene
23:05:14.230 [JavaFX Application Thread] DEBUG PrimaryStageWindow   - Opening main window
23:05:14.304 [JavaFX Application Thread] DEBUG PrimaryStageWindow   - Window border size: (14.4000244140625, 37.5999755859375)
23:05:14.304 [JavaFX Application Thread] DEBUG PrimaryStageWindow   - Scaled size: 1080.0 x 720.0
23:05:14.305 [JavaFX Application Thread] DEBUG PrimaryStageWindow   - Scaled ratio: (1.0, 1.0)
23:05:14.305 [JavaFX Application Thread] DEBUG PrimaryStageWindow   - Scene size: 1080.0 x 720.0
23:05:14.305 [JavaFX Application Thread] DEBUG PrimaryStageWindow   - Stage size: 1094.4000244140625 x 757.5999755859375
23:05:14.316 [FXGL Background Thread 1 ] DEBUG Engine               - Initializing environment variables
23:05:14.361 [FXGL Background Thread 1 ] DEBUG FXGLAssetLoaderServi - User app class for loading assets: class com.bomberman.bombermanplus.BombermanApp
23:05:14.361 [FXGL Background Thread 1 ] DEBUG GameApplicationServi - Applying CSS: fxgl_dark.css
23:05:14.362 [FXGL Background Thread 1 ] DEBUG FXGLAssetLoaderServi - Loading from file system: jar:file:///C:/Users/ADMIN/.m2/repository/com/github/almasb/fxgl/17.1/fxgl-17.1.jar!/fxglassets/ui/css/fxgl_dark.css
23:05:14.399 [FXGL Background Thread 1 ] DEBUG GameApplicationServi - Initializing application scenes
23:05:14.435 [FXGL Background Thread 1 ] DEBUG GameWorld            - Game world initialized
23:05:14.507 [FXGL Background Thread 1 ] DEBUG PhysicsWorld         - Physics world initialized: appHeight=720, physics.ppm=50.0
23:05:14.508 [FXGL Background Thread 1 ] DEBUG PhysicsWorld         - Using strategy: BRUTE_FORCE
23:05:14.512 [FXGL Background Thread 1 ] DEBUG GameScene            - Game scene initialized: 1080x720
23:05:14.545 [FXGL Background Thread 1 ] DEBUG GameApplicationServi - Application scenes initialized
23:05:14.558 [FXGL Background Thread 1 ] DEBUG SystemBundleService  - Loading FXGL system data
23:05:14.572 [FXGL Background Thread 1 ] DEBUG FileSystemAccess     - Reading from: C:\Users\ADMIN\IdeaProjects\BombermanPlus\system\fxgl.bundle
23:05:14.589 [FXGL Background Thread 1 ] DEBUG SystemBundleService  - Bundle FXGL: {}
23:05:14.589 [FXGL Background Thread 1 ] DEBUG UpdaterService       - Checking for updates
23:05:14.594 [FXGL Background Thread 4 ] DEBUG FXGLApplication      - Loading fonts
23:05:14.595 [FXGL Background Thread 1 ] DEBUG FXGLApplication      - Loading default localization
23:05:14.595 [FXGL Background Thread 4 ] DEBUG FXGLAssetLoaderServi - Loading from file system: jar:file:///C:/Users/ADMIN/.m2/repository/com/github/almasb/fxgl/17.1/fxgl-17.1.jar!/fxglassets/ui/fonts/VarelaRound-Regular.ttf
23:05:14.595 [FXGL Background Thread 1 ] DEBUG FXGLAssetLoaderServi - Loading from file system: jar:file:///C:/Users/ADMIN/.m2/repository/com/github/almasb/fxgl/17.1/fxgl-17.1.jar!/fxglassets/languages/english.lang
23:05:14.629 [FXGL Background Thread 1 ] INFO  FXGLApplication      - FXGL initialization took: 0.313 sec
23:05:14.643 [JavaFX Application Thread] DEBUG Input                - Registered new binding: Move Right - D
23:05:14.643 [JavaFX Application Thread] DEBUG Input                - Registered new binding: Move Up - W
23:05:14.644 [JavaFX Application Thread] DEBUG Input                - Registered new binding: Move Down - S
23:05:14.644 [JavaFX Application Thread] DEBUG Input                - Registered new binding: Move Left - A
23:05:14.645 [JavaFX Application Thread] DEBUG FXGLAssetLoaderServi - Loading from file system: jar:file:///C:/Users/ADMIN/.m2/repository/com/github/almasb/fxgl/17.1/fxgl-17.1.jar!/fxglassets/textures/fxgl_icon.png
23:05:14.694 [JavaFX Application Thread] DEBUG FXGLAssetLoaderServi - Loading from file system: jar:file:///C:/Users/ADMIN/.m2/repository/com/github/almasb/fxgl/17.1/fxgl-17.1.jar!/fxglassets/textures/fxgl_default_cursor.png
23:05:14.697 [JavaFX Application Thread] DEBUG Input                - Registered new binding: Screenshot - CTRL+8
23:05:14.697 [JavaFX Application Thread] DEBUG Input                - Registered new binding: System info dump - CTRL+9
23:05:14.698 [JavaFX Application Thread] DEBUG Input                - Registered new binding: Restart - CTRL+R
23:05:14.699 [JavaFX Application Thread] DEBUG Input                - Registered new binding: Toggle Debug Camera - CTRL+7
23:05:14.701 [JavaFX Application Thread] DEBUG LoopRunner           - Starting loop
23:05:14.701 [JavaFX Application Thread] DEBUG LoopRunner           - Initializing JavaFX AnimationTimerLoop
23:05:14.705 [JavaFX Application Thread] DEBUG Input                - Clearing active input actions
23:05:14.712 [JavaFX Application Thread] DEBUG GameApplicationServi - Removing overlay from FXGLStartupScene and adding to FXGLMainMenuDummyScene
23:05:14.714 [JavaFX Application Thread] DEBUG PrimaryStageWindow   - FXGLStartupScene -> FXGLMainMenuDummyScene
23:05:14.714 [JavaFX Application Thread] DEBUG PrimaryStageWindow   - Push state: BombermanMenu
23:05:14.715 [JavaFX Application Thread] DEBUG Input                - Clearing active input actions
23:05:14.722 [JavaFX Application Thread] DEBUG GameApplicationServi - Removing overlay from FXGLMainMenuDummyScene and adding to BombermanMenu
23:05:14.724 [JavaFX Application Thread] DEBUG PrimaryStageWindow   - FXGLMainMenuDummyScene -> BombermanMenu
23:05:14.725 [FXGL Background Thread 4 ] DEBUG FXGLAssetLoaderServi - Loading from file system: jar:file:///C:/Users/ADMIN/.m2/repository/com/github/almasb/fxgl/17.1/fxgl-17.1.jar!/fxglassets/ui/fonts/Abel-Regular.ttf
23:05:14.745 [FXGL Background Thread 4 ] DEBUG FXGLAssetLoaderServi - Loading from file system: jar:file:///C:/Users/ADMIN/.m2/repository/com/github/almasb/fxgl/17.1/fxgl-17.1.jar!/fxglassets/ui/fonts/TerminalLandMono-Regular.otf
23:05:14.759 [FXGL Background Thread 4 ] DEBUG FXGLAssetLoaderServi - Loading from file system: jar:file:///C:/Users/ADMIN/.m2/repository/com/github/almasb/fxgl/17.1/fxgl-17.1.jar!/fxglassets/ui/fonts/Courier-Prime.ttf
23:05:14.773 [JavaFX Application Thread] DEBUG FXGLApplication      - Registering font factories with UI factory
23:05:15.536 [FXGL Background Thread 2 ] INFO  UpdaterService       - Your current version:  17.1
23:05:15.536 [FXGL Background Thread 2 ] INFO  UpdaterService       - Latest stable version: 17.2
23:05:15.777 [JavaFX Application Thread] DEBUG Menu                 - fireNewGame()
23:05:15.777 [JavaFX Application Thread] DEBUG GameApplicationServi - Starting new game
23:05:15.777 [JavaFX Application Thread] DEBUG PrimaryStageWindow   - Pop state: BombermanMenu
23:05:15.777 [JavaFX Application Thread] DEBUG Input                - Clearing active input actions
23:05:15.778 [JavaFX Application Thread] DEBUG GameApplicationServi - Removing overlay from BombermanMenu and adding to FXGLMainMenuDummyScene
23:05:15.778 [JavaFX Application Thread] DEBUG PrimaryStageWindow   - FXGLMainMenuDummyScene <- BombermanMenu
23:05:15.778 [JavaFX Application Thread] DEBUG Input                - Clearing active input actions
23:05:15.784 [JavaFX Application Thread] DEBUG GameApplicationServi - Removing overlay from FXGLMainMenuDummyScene and adding to FXGLLoadingScene
23:05:15.784 [JavaFX Application Thread] DEBUG PrimaryStageWindow   - FXGLMainMenuDummyScene -> FXGLLoadingScene
23:05:15.784 [JavaFX Application Thread] DEBUG GameApplicationServi - Clearing previous game
23:05:15.784 [JavaFX Application Thread] DEBUG GameScene            - Clearing game scene
23:05:15.784 [JavaFX Application Thread] DEBUG GameWorld            - Clearing game world
23:05:15.784 [JavaFX Application Thread] DEBUG PhysicsWorld         - Clearing physics world
23:05:15.785 [FXGL Background Thread 2 ] DEBUG FXGLApplication      - Initializing game
23:05:15.820 [FXGL Background Thread 2 ] WARN  TMXLevelLoader       - TiledMap generated from 1.9.2. Supported version: 1.4.2. Some features may not be parsed fully.
23:05:15.825 [FXGL Background Thread 2 ] DEBUG TMXLevelLoader       - Parsed TiledMap: file:/C:/Users/ADMIN/IdeaProjects/BombermanPlus/target/classes/assets/levels/lv1demo.tmx
23:05:15.827 [FXGL Background Thread 2 ] DEBUG TMXLevelLoader       - Creating tile layer entities
23:05:15.828 [FXGL Background Thread 2 ] DEBUG TilesetLoader        - Loading view for layer Tile Layer 1
23:05:15.831 [FXGL Background Thread 2 ] DEBUG TilesetLoader        - Created buffer with size 1488.0x720.0
23:05:15.860 [FXGL Background Thread 2 ] DEBUG TMXLevelLoader       - Creating object layer entities
23:05:15.873 [FXGL Background Thread 2 ] DEBUG GameWorld            - Clearing removable entities
23:05:15.873 [FXGL Background Thread 2 ] DEBUG GameWorld            - Setting level: com.almasb.fxgl.entity.level.Level@346f24
23:05:15.887 [FXGL Background Thread 2 ] DEBUG FXGLAssetLoaderServi - Loading from file system: file:/C:/Users/ADMIN/IdeaProjects/BombermanPlus/target/classes/assets/textures/sprites.png
23:05:15.921 [FXGL Background Thread 2 ] INFO  FXGLApplication      - Game initialization took: 0.135 sec
23:05:15.924 [JavaFX Application Thread] DEBUG Input                - Clearing active input actions
23:05:15.928 [JavaFX Application Thread] DEBUG GameApplicationServi - Removing overlay from FXGLLoadingScene and adding to GameScene
23:05:15.928 [JavaFX Application Thread] DEBUG PrimaryStageWindow   - FXGLLoadingScene -> GameScene
23:05:17.594 [FXGL Background Thread 3 ] DEBUG Engine               - Logging environment variables
23:05:17.595 [FXGL Background Thread 3 ] DEBUG Engine               - achievements: []
23:05:17.595 [FXGL Background Thread 3 ] DEBUG Engine               - actualHeight: 720.0
23:05:17.595 [FXGL Background Thread 3 ] DEBUG Engine               - actualHeightProperty: ReadOnlyDoubleProperty [value: 720.0]
23:05:17.595 [FXGL Background Thread 3 ] DEBUG Engine               - actualWidth: 1080.0
23:05:17.595 [FXGL Background Thread 3 ] DEBUG Engine               - actualWidthProperty: ReadOnlyDoubleProperty [value: 1080.0]
23:05:17.595 [FXGL Background Thread 3 ] DEBUG Engine               - appIcon: fxgl_icon.png
23:05:17.595 [FXGL Background Thread 3 ] DEBUG Engine               - applicationMode: DEVELOPER
23:05:17.595 [FXGL Background Thread 3 ] DEBUG Engine               - cSSList: [fxgl_dark.css]
23:05:17.595 [FXGL Background Thread 3 ] DEBUG Engine               - collisionDetectionStrategy: BRUTE_FORCE
23:05:17.595 [FXGL Background Thread 3 ] DEBUG Engine               - configClass: Optional.empty
23:05:17.595 [FXGL Background Thread 3 ] DEBUG Engine               - credits: []
23:05:17.597 [FXGL Background Thread 3 ] DEBUG Engine               - defaultCursor: CursorInfo(imageName=fxgl_default_cursor.png, hotspotX=7.0, hotspotY=6.0)
23:05:17.597 [FXGL Background Thread 3 ] DEBUG Engine               - devBBoxColorProperty: ObjectProperty [value: 0xff0000ff]
23:05:17.597 [FXGL Background Thread 3 ] DEBUG Engine               - devEnableDebugCameraProperty: BooleanProperty [value: false]
23:05:17.597 [FXGL Background Thread 3 ] DEBUG Engine               - devSensorColorProperty: ObjectProperty [value: 0xffff00ff]
23:05:17.597 [FXGL Background Thread 3 ] DEBUG Engine               - devShowBBoxProperty: BooleanProperty [value: false]
23:05:17.597 [FXGL Background Thread 3 ] DEBUG Engine               - devShowPositionProperty: BooleanProperty [value: false]
23:05:17.597 [FXGL Background Thread 3 ] DEBUG Engine               - enabledMenuItems: []
23:05:17.597 [FXGL Background Thread 3 ] DEBUG Engine               - engineServices: [class com.almasb.fxgl.app.services.FXGLAssetLoaderService, class com.almasb.fxgl.app.FXGLApplication$GameApplicationService, class com.almasb.fxgl.app.services.FXGLDialogService, class com.almasb.fxgl.app.services.IOTaskExecutorService, class com.almasb.fxgl.io.FileSystemService, class com.almasb.fxgl.localization.LocalizationService, class com.almasb.fxgl.app.services.SystemBundleService, class com.almasb.fxgl.profile.SaveLoadService, class com.almasb.fxgl.ui.FXGLUIFactoryServiceProvider, class com.almasb.fxgl.ui.FXGLDialogFactoryServiceProvider, class com.almasb.fxgl.audio.AudioPlayer, class com.almasb.fxgl.notification.impl.NotificationServiceProvider, class com.almasb.fxgl.achievement.AchievementService, class com.almasb.fxgl.cutscene.CutsceneService, class com.almasb.fxgl.minigames.MiniGameService, class com.almasb.fxgl.net.NetService, class com.almasb.fxgl.app.services.UpdaterService, class com.almasb.fxgl.dev.DevService]
23:05:17.597 [FXGL Background Thread 3 ] DEBUG Engine               - fontGame: Abel-Regular.ttf
23:05:17.597 [FXGL Background Thread 3 ] DEBUG Engine               - fontMono: TerminalLandMono-Regular.otf
23:05:17.597 [FXGL Background Thread 3 ] DEBUG Engine               - fontText: Courier-Prime.ttf
23:05:17.597 [FXGL Background Thread 3 ] DEBUG Engine               - fontUI: VarelaRound-Regular.ttf
23:05:17.597 [FXGL Background Thread 3 ] DEBUG Engine               - fullScreen: BooleanProperty [value: false]
23:05:17.597 [FXGL Background Thread 3 ] DEBUG Engine               - gameDifficulty: MEDIUM
23:05:17.597 [FXGL Background Thread 3 ] DEBUG Engine               - gameDifficultyProperty: ObjectProperty [value: MEDIUM]
23:05:17.597 [FXGL Background Thread 3 ] DEBUG Engine               - globalMusicVolume: 0.5
23:05:17.597 [FXGL Background Thread 3 ] DEBUG Engine               - globalMusicVolumeProperty: DoubleProperty [value: 0.5]
23:05:17.597 [FXGL Background Thread 3 ] DEBUG Engine               - globalSoundVolume: 0.5
23:05:17.597 [FXGL Background Thread 3 ] DEBUG Engine               - globalSoundVolumeProperty: DoubleProperty [value: 0.5]
23:05:17.597 [FXGL Background Thread 3 ] DEBUG Engine               - height: 720
23:05:17.597 [FXGL Background Thread 3 ] DEBUG Engine               - is3D: false
23:05:17.597 [FXGL Background Thread 3 ] DEBUG Engine               - isAndroid: false
23:05:17.597 [FXGL Background Thread 3 ] DEBUG Engine               - isBrowser: false
23:05:17.597 [FXGL Background Thread 3 ] DEBUG Engine               - isClickFeedbackEnabled: false
23:05:17.597 [FXGL Background Thread 3 ] DEBUG Engine               - isCloseConfirmation: false
23:05:17.597 [FXGL Background Thread 3 ] DEBUG Engine               - isDesktop: true
23:05:17.597 [FXGL Background Thread 3 ] DEBUG Engine               - isDeveloperMenuEnabled: false
23:05:17.597 [FXGL Background Thread 3 ] DEBUG Engine               - isEmbedded: false
23:05:17.597 [FXGL Background Thread 3 ] DEBUG Engine               - isEntityPreloadEnabled: true
23:05:17.598 [FXGL Background Thread 3 ] DEBUG Engine               - isExperimentalTiledLargeMap: false
23:05:17.598 [FXGL Background Thread 3 ] DEBUG Engine               - isFileSystemWriteAllowed: true
23:05:17.598 [FXGL Background Thread 3 ] DEBUG Engine               - isFullScreenAllowed: false
23:05:17.598 [FXGL Background Thread 3 ] DEBUG Engine               - isFullScreenFromStart: false
23:05:17.598 [FXGL Background Thread 3 ] DEBUG Engine               - isGameMenuEnabled: false
23:05:17.598 [FXGL Background Thread 3 ] DEBUG Engine               - isIOS: false
23:05:17.598 [FXGL Background Thread 3 ] DEBUG Engine               - isIntroEnabled: false
23:05:17.598 [FXGL Background Thread 3 ] DEBUG Engine               - isLinux: false
23:05:17.598 [FXGL Background Thread 3 ] DEBUG Engine               - isMac: false
23:05:17.598 [FXGL Background Thread 3 ] DEBUG Engine               - isMainMenuEnabled: true
23:05:17.598 [FXGL Background Thread 3 ] DEBUG Engine               - isManualResizeEnabled: false
23:05:17.598 [FXGL Background Thread 3 ] DEBUG Engine               - isMobile: false
23:05:17.598 [FXGL Background Thread 3 ] DEBUG Engine               - isNative: false
23:05:17.598 [FXGL Background Thread 3 ] DEBUG Engine               - isPauseMusicWhenMinimized: true
23:05:17.598 [FXGL Background Thread 3 ] DEBUG Engine               - isPreserveResizeRatio: false
23:05:17.598 [FXGL Background Thread 3 ] DEBUG Engine               - isProfilingEnabled: false
23:05:17.598 [FXGL Background Thread 3 ] DEBUG Engine               - isScaleAffectedOnResize: true
23:05:17.598 [FXGL Background Thread 3 ] DEBUG Engine               - isSingleStep: false
23:05:17.598 [FXGL Background Thread 3 ] DEBUG Engine               - isUserProfileEnabled: false
23:05:17.598 [FXGL Background Thread 3 ] DEBUG Engine               - isWindows: true
23:05:17.598 [FXGL Background Thread 3 ] DEBUG Engine               - language: ObjectProperty [value: ENGLISH]
23:05:17.598 [FXGL Background Thread 3 ] DEBUG Engine               - menuKey: ESCAPE
23:05:17.598 [FXGL Background Thread 3 ] DEBUG Engine               - mouseSensitivity: 0.2
23:05:17.598 [FXGL Background Thread 3 ] DEBUG Engine               - notificationViewClass: class com.almasb.fxgl.notification.view.XboxNotificationView
23:05:17.598 [FXGL Background Thread 3 ] DEBUG Engine               - pixelsPerMeter: 50.0
23:05:17.598 [FXGL Background Thread 3 ] DEBUG Engine               - platform: WINDOWS
23:05:17.598 [FXGL Background Thread 3 ] DEBUG Engine               - prefHeightProperty: ReadOnlyDoubleProperty [value: 720.0]
23:05:17.598 [FXGL Background Thread 3 ] DEBUG Engine               - prefWidthProperty: ReadOnlyDoubleProperty [value: 1080.0]
23:05:17.598 [FXGL Background Thread 3 ] DEBUG Engine               - profileDir: profiles/
23:05:17.598 [FXGL Background Thread 3 ] DEBUG Engine               - profileName: StringProperty [value: DEFAULT]
23:05:17.598 [FXGL Background Thread 3 ] DEBUG Engine               - randomSeed: -1
23:05:17.599 [FXGL Background Thread 3 ] DEBUG Engine               - runtimeInfo: RuntimeInfo(platform=WINDOWS, version=17.1, build=24.03.2022 17.34)
23:05:17.599 [FXGL Background Thread 3 ] DEBUG Engine               - saveFileExt: sav
23:05:17.599 [FXGL Background Thread 3 ] DEBUG Engine               - scaledHeightProp$fxgl: DoubleProperty [bound, value: 720.0]
23:05:17.599 [FXGL Background Thread 3 ] DEBUG Engine               - scaledWidthProp$fxgl: DoubleProperty [bound, value: 1080.0]
23:05:17.599 [FXGL Background Thread 3 ] DEBUG Engine               - sceneFactory: com.bomberman.bombermanplus.BombermanApp$1@1f78fd64
23:05:17.599 [FXGL Background Thread 3 ] DEBUG Engine               - secondsIn24h: 60
23:05:17.599 [FXGL Background Thread 3 ] DEBUG Engine               - soundMenuBack: menu/back.wav
23:05:17.599 [FXGL Background Thread 3 ] DEBUG Engine               - soundMenuPress: menu/press.wav
23:05:17.599 [FXGL Background Thread 3 ] DEBUG Engine               - soundMenuSelect: menu/select.wav
23:05:17.599 [FXGL Background Thread 3 ] DEBUG Engine               - soundNotification: core/notification.wav
23:05:17.599 [FXGL Background Thread 3 ] DEBUG Engine               - stageStyle: DECORATED
23:05:17.599 [FXGL Background Thread 3 ] DEBUG Engine               - supportedLanguages: [ENGLISH, FRENCH, GERMAN, HUNGARIAN, RUSSIAN]
23:05:17.599 [FXGL Background Thread 3 ] DEBUG Engine               - ticksPerSecond: -1
23:05:17.599 [FXGL Background Thread 3 ] DEBUG Engine               - title: BOMBERMAN
23:05:17.599 [FXGL Background Thread 3 ] DEBUG Engine               - urlGithub: https://github.com/AlmasB/FXGL
23:05:17.599 [FXGL Background Thread 3 ] DEBUG Engine               - urlLeaderboard: http://fxgl-top.herokuapp.com/
23:05:17.599 [FXGL Background Thread 3 ] DEBUG Engine               - urlPOM: https://raw.githubusercontent.com/AlmasB/FXGL/release/README.md
23:05:17.599 [FXGL Background Thread 3 ] DEBUG Engine               - userAppClass: class com.bomberman.bombermanplus.BombermanApp
23:05:17.599 [FXGL Background Thread 3 ] DEBUG Engine               - version: 1.0
23:05:17.599 [FXGL Background Thread 3 ] DEBUG Engine               - versionCheckDays: 7
23:05:17.599 [FXGL Background Thread 3 ] DEBUG Engine               - width: 1080
23:05:17.599 [FXGL Background Thread 3 ] DEBUG Engine               - Logging services
23:05:17.599 [FXGL Background Thread 3 ] DEBUG Engine               - class com.almasb.fxgl.app.services.FXGLAssetLoaderService
23:05:17.599 [FXGL Background Thread 3 ] DEBUG Engine               - class com.almasb.fxgl.app.FXGLApplication$GameApplicationService
23:05:17.599 [FXGL Background Thread 3 ] DEBUG Engine               - class com.almasb.fxgl.app.services.FXGLDialogService
23:05:17.599 [FXGL Background Thread 3 ] DEBUG Engine               - class com.almasb.fxgl.app.services.IOTaskExecutorService
23:05:17.599 [FXGL Background Thread 3 ] DEBUG Engine               - class com.almasb.fxgl.io.FileSystemService
23:05:17.599 [FXGL Background Thread 3 ] DEBUG Engine               - class com.almasb.fxgl.localization.LocalizationService
23:05:17.600 [FXGL Background Thread 3 ] DEBUG Engine               - class com.almasb.fxgl.app.services.SystemBundleService
23:05:17.600 [FXGL Background Thread 3 ] DEBUG Engine               - class com.almasb.fxgl.profile.SaveLoadService
23:05:17.600 [FXGL Background Thread 3 ] DEBUG Engine               - class com.almasb.fxgl.ui.FXGLUIFactoryServiceProvider
23:05:17.600 [FXGL Background Thread 3 ] DEBUG Engine               - class com.almasb.fxgl.ui.FXGLDialogFactoryServiceProvider
23:05:17.600 [FXGL Background Thread 3 ] DEBUG Engine               - class com.almasb.fxgl.audio.AudioPlayer
23:05:17.600 [FXGL Background Thread 3 ] DEBUG Engine               - class com.almasb.fxgl.notification.impl.NotificationServiceProvider
23:05:17.600 [FXGL Background Thread 3 ] DEBUG Engine               - class com.almasb.fxgl.achievement.AchievementService
23:05:17.600 [FXGL Background Thread 3 ] DEBUG Engine               - class com.almasb.fxgl.cutscene.CutsceneService
23:05:17.600 [FXGL Background Thread 3 ] DEBUG Engine               - class com.almasb.fxgl.minigames.MiniGameService
23:05:17.600 [FXGL Background Thread 3 ] DEBUG Engine               - class com.almasb.fxgl.net.NetService
23:05:17.600 [FXGL Background Thread 3 ] DEBUG Engine               - class com.almasb.fxgl.app.services.UpdaterService
23:05:17.600 [FXGL Background Thread 3 ] DEBUG Engine               - class com.almasb.fxgl.dev.DevService
23:05:27.948 [JavaFX Application Thread] DEBUG FXGLApplication      - Exiting FXGL
23:05:27.949 [JavaFX Application Thread] DEBUG LoopRunner           - Stopping loop
23:05:27.949 [JavaFX Application Thread] DEBUG SystemBundleService  - Saving FXGL system data
23:05:27.952 [JavaFX Application Thread] DEBUG FileSystemAccess     - Writing to: C:\Users\ADMIN\IdeaProjects\BombermanPlus\system\fxgl.bundle
23:05:27.954 [JavaFX Application Thread] DEBUG Async                - Shutting down background threads
23:05:27.954 [JavaFX Application Thread] DEBUG PrimaryStageWindow   - Closing main window
23:05:27.962 [JavaFX Application Thread] DEBUG Logger               - Closing Logger
