09:54:52.147 [main                     ] DEBUG Logger               - Configured Logger
09:54:52.167 [main                     ] DEBUG GameApplication      - Logging settings
Title: BOMBERMAN
Version: 1.0
Width: 1080
Height: 720
Fullscreen: false
Intro: false
Profiling: false
Single step:false
App Mode: DEVELOPER
Menu Key: ESCAPE
Stage Style: DECORATED
Scene Factory: class com.almasb.fxgl.app.scene.SceneFactory

09:54:52.474 [JavaFX Application Thread] DEBUG FXGLApplication      - Initializing FXGL
09:54:52.477 [JavaFX Application Thread] INFO  Engine               - FXGL-17.1 (24.03.2022 17.34) on WINDOWS (J:19 FX:19-ea)
09:54:52.477 [JavaFX Application Thread] DEBUG Engine               - JRE Vendor Name: Oracle Corporation
09:54:52.477 [JavaFX Application Thread] DEBUG Engine               - Running on OS: Windows 11 version 10.0
09:54:52.477 [JavaFX Application Thread] DEBUG Engine               - Architecture: amd64
09:54:52.477 [JavaFX Application Thread] INFO  Engine               - Source code and latest versions at: https://github.com/AlmasB/FXGL
09:54:52.477 [JavaFX Application Thread] INFO  Engine               -       Ask questions and discuss at: https://github.com/AlmasB/FXGL/discussions
09:54:52.477 [JavaFX Application Thread] INFO  Engine               -              Join the FXGL chat at: https://gitter.im/AlmasB/FXGL
09:54:52.550 [JavaFX Application Thread] DEBUG PrimaryStageWindow   - Creating a JavaFX scene
09:54:52.589 [JavaFX Application Thread] DEBUG PrimaryStageWindow   - Target settings size: 1080.0 x 720.0
09:54:52.589 [JavaFX Application Thread] DEBUG PrimaryStageWindow   - Scaled scene size:    1080.0 x 720.0
09:54:52.589 [JavaFX Application Thread] DEBUG PrimaryStageWindow   - Scaled ratio: (1.0, 1.0)
09:54:52.590 [JavaFX Application Thread] DEBUG PrimaryStageWindow   - Set initial scene to FXGLStartupScene
09:54:52.594 [JavaFX Application Thread] DEBUG PrimaryStageWindow   - Opening main window
09:54:52.663 [JavaFX Application Thread] DEBUG PrimaryStageWindow   - Window border size: (14.4000244140625, 37.5999755859375)
09:54:52.664 [JavaFX Application Thread] DEBUG PrimaryStageWindow   - Scaled size: 1080.0 x 720.0
09:54:52.664 [JavaFX Application Thread] DEBUG PrimaryStageWindow   - Scaled ratio: (1.0, 1.0)
09:54:52.665 [JavaFX Application Thread] DEBUG PrimaryStageWindow   - Scene size: 1080.0 x 720.0
09:54:52.665 [JavaFX Application Thread] DEBUG PrimaryStageWindow   - Stage size: 1094.4000244140625 x 757.5999755859375
09:54:52.678 [FXGL Background Thread 1 ] DEBUG Engine               - Initializing environment variables
09:54:52.734 [FXGL Background Thread 1 ] DEBUG FXGLAssetLoaderServi - User app class for loading assets: class com.bomberman.bombermanplus.BombermanApp
09:54:52.734 [FXGL Background Thread 1 ] DEBUG GameApplicationServi - Applying CSS: fxgl_dark.css
09:54:52.734 [FXGL Background Thread 1 ] DEBUG FXGLAssetLoaderServi - Loading from file system: jar:file:///C:/Users/ADMIN/.m2/repository/com/github/almasb/fxgl/17.1/fxgl-17.1.jar!/fxglassets/ui/css/fxgl_dark.css
09:54:52.769 [FXGL Background Thread 1 ] DEBUG GameApplicationServi - Initializing application scenes
09:54:52.804 [FXGL Background Thread 1 ] DEBUG GameWorld            - Game world initialized
09:54:52.851 [FXGL Background Thread 1 ] DEBUG PhysicsWorld         - Physics world initialized: appHeight=720, physics.ppm=50.0
09:54:52.851 [FXGL Background Thread 1 ] DEBUG PhysicsWorld         - Using strategy: BRUTE_FORCE
09:54:52.854 [FXGL Background Thread 1 ] DEBUG GameScene            - Game scene initialized: 1080x720
09:54:52.864 [FXGL Background Thread 1 ] DEBUG FXGL.DefaultMenu     - createMenuBodyMainMenu()
09:54:52.876 [FXGL Background Thread 1 ] DEBUG FXGL.DefaultMenu     - createOptionsMenu()
09:54:52.883 [FXGL Background Thread 1 ] DEBUG FXGLAssetLoaderServi - Loading from file system: jar:file:///C:/Users/ADMIN/.m2/repository/com/github/almasb/fxgl/17.1/fxgl-17.1.jar!/fxglassets/textures/particles/smoke.png
09:54:52.947 [FXGL Background Thread 1 ] DEBUG FXGLAssetLoaderServi - Loading from file system: jar:file:///C:/Users/ADMIN/.m2/repository/com/github/almasb/fxgl/17.1/fxgl-17.1.jar!/fxglassets/textures/particles/trace_horizontal.png
09:54:52.974 [FXGL Background Thread 1 ] DEBUG GameApplicationServi - Application scenes initialized
09:54:52.987 [FXGL Background Thread 1 ] DEBUG SystemBundleService  - Loading FXGL system data
09:54:52.994 [FXGL Background Thread 1 ] DEBUG FileSystemAccess     - Reading from: C:\Users\ADMIN\IdeaProjects\BombermanPlus\system\fxgl.bundle
09:54:53.008 [FXGL Background Thread 1 ] DEBUG SystemBundleService  - Bundle FXGL: {}
09:54:53.009 [FXGL Background Thread 1 ] DEBUG UpdaterService       - Checking for updates
09:54:53.014 [FXGL Background Thread 4 ] DEBUG FXGLApplication      - Loading fonts
09:54:53.014 [FXGL Background Thread 1 ] DEBUG FXGLApplication      - Loading default localization
09:54:53.015 [FXGL Background Thread 4 ] DEBUG FXGLAssetLoaderServi - Loading from file system: jar:file:///C:/Users/ADMIN/.m2/repository/com/github/almasb/fxgl/17.1/fxgl-17.1.jar!/fxglassets/ui/fonts/VarelaRound-Regular.ttf
09:54:53.015 [FXGL Background Thread 1 ] DEBUG FXGLAssetLoaderServi - Loading from file system: jar:file:///C:/Users/ADMIN/.m2/repository/com/github/almasb/fxgl/17.1/fxgl-17.1.jar!/fxglassets/languages/english.lang
09:54:53.035 [FXGL Background Thread 1 ] INFO  FXGLApplication      - FXGL initialization took: 0.357 sec
09:54:53.044 [JavaFX Application Thread] DEBUG Input                - Registered new binding: Move Right - D
09:54:53.044 [JavaFX Application Thread] DEBUG Input                - Registered new binding: Move Up - W
09:54:53.045 [JavaFX Application Thread] DEBUG Input                - Registered new binding: Move Down - S
09:54:53.045 [JavaFX Application Thread] DEBUG Input                - Registered new binding: Move Left - A
09:54:53.045 [JavaFX Application Thread] DEBUG Input                - Registered new binding: Place bomb - Space
09:54:53.045 [JavaFX Application Thread] DEBUG FXGLAssetLoaderServi - Loading from file system: jar:file:///C:/Users/ADMIN/.m2/repository/com/github/almasb/fxgl/17.1/fxgl-17.1.jar!/fxglassets/textures/fxgl_icon.png
09:54:53.062 [JavaFX Application Thread] DEBUG FXGLAssetLoaderServi - Loading from file system: jar:file:///C:/Users/ADMIN/.m2/repository/com/github/almasb/fxgl/17.1/fxgl-17.1.jar!/fxglassets/textures/fxgl_default_cursor.png
09:54:53.064 [JavaFX Application Thread] DEBUG Input                - Registered new binding: Screenshot - CTRL+8
09:54:53.065 [JavaFX Application Thread] DEBUG Input                - Registered new binding: System info dump - CTRL+9
09:54:53.065 [JavaFX Application Thread] DEBUG Input                - Registered new binding: Restart - CTRL+R
09:54:53.066 [JavaFX Application Thread] DEBUG Input                - Registered new binding: Toggle Debug Camera - CTRL+7
09:54:53.068 [JavaFX Application Thread] DEBUG LoopRunner           - Starting loop
09:54:53.068 [JavaFX Application Thread] DEBUG LoopRunner           - Initializing JavaFX AnimationTimerLoop
09:54:53.071 [JavaFX Application Thread] DEBUG Input                - Clearing active input actions
09:54:53.079 [JavaFX Application Thread] DEBUG GameApplicationServi - Removing overlay from FXGLStartupScene and adding to FXGLMainMenuDummyScene
09:54:53.080 [JavaFX Application Thread] DEBUG PrimaryStageWindow   - FXGLStartupScene -> FXGLMainMenuDummyScene
09:54:53.080 [JavaFX Application Thread] DEBUG PrimaryStageWindow   - Push state: FXGLDefaultMenu
09:54:53.084 [JavaFX Application Thread] DEBUG Input                - Clearing active input actions
09:54:53.090 [JavaFX Application Thread] DEBUG GameApplicationServi - Removing overlay from FXGLMainMenuDummyScene and adding to FXGLDefaultMenu
09:54:53.092 [JavaFX Application Thread] DEBUG PrimaryStageWindow   - FXGLMainMenuDummyScene -> FXGLDefaultMenu
09:54:53.101 [FXGL Background Thread 4 ] DEBUG FXGLAssetLoaderServi - Loading from file system: jar:file:///C:/Users/ADMIN/.m2/repository/com/github/almasb/fxgl/17.1/fxgl-17.1.jar!/fxglassets/ui/fonts/Abel-Regular.ttf
09:54:53.111 [FXGL Background Thread 4 ] DEBUG FXGLAssetLoaderServi - Loading from file system: jar:file:///C:/Users/ADMIN/.m2/repository/com/github/almasb/fxgl/17.1/fxgl-17.1.jar!/fxglassets/ui/fonts/TerminalLandMono-Regular.otf
09:54:53.120 [FXGL Background Thread 4 ] DEBUG FXGLAssetLoaderServi - Loading from file system: jar:file:///C:/Users/ADMIN/.m2/repository/com/github/almasb/fxgl/17.1/fxgl-17.1.jar!/fxglassets/ui/fonts/Courier-Prime.ttf
09:54:53.156 [JavaFX Application Thread] DEBUG FXGLApplication      - Registering font factories with UI factory
09:54:53.631 [FXGL Background Thread 2 ] INFO  UpdaterService       - Your current version:  17.1
09:54:53.631 [FXGL Background Thread 2 ] INFO  UpdaterService       - Latest stable version: 17.2
09:54:54.128 [JavaFX Application Thread] DEBUG Menu                 - fireNewGame()
09:54:54.128 [JavaFX Application Thread] DEBUG GameApplicationServi - Starting new game
09:54:54.130 [JavaFX Application Thread] DEBUG PrimaryStageWindow   - Pop state: FXGLDefaultMenu
09:54:54.130 [JavaFX Application Thread] DEBUG Input                - Clearing active input actions
09:54:54.131 [JavaFX Application Thread] DEBUG GameApplicationServi - Removing overlay from FXGLDefaultMenu and adding to FXGLMainMenuDummyScene
09:54:54.131 [JavaFX Application Thread] DEBUG PrimaryStageWindow   - FXGLMainMenuDummyScene <- FXGLDefaultMenu
09:54:54.132 [JavaFX Application Thread] DEBUG Input                - Clearing active input actions
09:54:54.139 [JavaFX Application Thread] DEBUG GameApplicationServi - Removing overlay from FXGLMainMenuDummyScene and adding to FXGLLoadingScene
09:54:54.139 [JavaFX Application Thread] DEBUG PrimaryStageWindow   - FXGLMainMenuDummyScene -> FXGLLoadingScene
09:54:54.139 [JavaFX Application Thread] DEBUG GameApplicationServi - Clearing previous game
09:54:54.139 [JavaFX Application Thread] DEBUG GameScene            - Clearing game scene
09:54:54.139 [JavaFX Application Thread] DEBUG GameWorld            - Clearing game world
09:54:54.140 [JavaFX Application Thread] DEBUG PhysicsWorld         - Clearing physics world
09:54:54.141 [FXGL Background Thread 2 ] DEBUG FXGLApplication      - Initializing game
09:54:54.165 [FXGL Background Thread 2 ] WARN  TMXLevelLoader       - TiledMap generated from 1.9.2. Supported version: 1.4.2. Some features may not be parsed fully.
09:54:54.184 [FXGL Background Thread 2 ] WARN  TMXLevelLoader       - Parse error
javax.xml.stream.XMLStreamException: ParseError at [row,col]:[97,23]
Message: Attribute name "type" associated with an element type "object" must be followed by the ' = ' character.
	at java.xml/com.sun.org.apache.xerces.internal.impl.XMLStreamReaderImpl.next(XMLStreamReaderImpl.java:652)
	at java.xml/com.sun.xml.internal.stream.XMLEventReaderImpl.nextEvent(XMLEventReaderImpl.java:83)
	at com.almasb.fxgl.entity@17.1/com.almasb.fxgl.entity.level.tiled.TMXLevelLoader.parse(TMXLevelLoader.kt:191)
	at com.almasb.fxgl.entity@17.1/com.almasb.fxgl.entity.level.tiled.TMXLevelLoader.load(TMXLevelLoader.kt:52)
	at com.almasb.fxgl.all@17.1/com.almasb.fxgl.app.services.FXGLAssetLoaderService.loadLevel(FXGLAssetLoaderService.kt:446)
	at BombermanPlus/com.bomberman.bombermanplus.BombermanApp.initGame(BombermanApp.java:99)
	at com.almasb.fxgl.all@17.1/com.almasb.fxgl.app.FXGLApplication$InitAppTask.initGame(FXGLApplication.kt:339)
	at com.almasb.fxgl.all@17.1/com.almasb.fxgl.app.FXGLApplication$InitAppTask.call(FXGLApplication.kt:319)
	at com.almasb.fxgl.all@17.1/com.almasb.fxgl.app.FXGLApplication$InitAppTask.call(FXGLApplication.kt:311)
	at javafx.graphics@19-ea/javafx.concurrent.Task$TaskCallable.call(Task.java:1426)
	at java.base/java.util.concurrent.FutureTask.run(FutureTask.java:317)
	at java.base/java.util.concurrent.Executors$RunnableAdapter.call(Executors.java:577)
	at java.base/java.util.concurrent.FutureTask.run(FutureTask.java:317)
	at java.base/java.util.concurrent.ThreadPoolExecutor.runWorker(ThreadPoolExecutor.java:1144)
	at java.base/java.util.concurrent.ThreadPoolExecutor$Worker.run(ThreadPoolExecutor.java:642)
	at java.base/java.lang.Thread.run(Thread.java:1589)

09:54:54.186 [JavaFX Application Thread] DEBUG LoopRunner           - Stopping loop
09:54:54.187 [JavaFX Application Thread] FATAL FXGLApplication      - Uncaught Exception:
java.lang.RuntimeException: Initialization failed
	at com.almasb.fxgl.all@17.1/com.almasb.fxgl.app.FXGLApplication$InitAppTask.failed(FXGLApplication.kt:343)
	at javafx.graphics@19-ea/javafx.concurrent.Task.setState(Task.java:710)
	at javafx.graphics@19-ea/javafx.concurrent.Task$TaskCallable.lambda$call$2(Task.java:1456)
	at javafx.graphics@19-ea/com.sun.javafx.application.PlatformImpl.lambda$runLater$10(PlatformImpl.java:457)
	at java.base/java.security.AccessController.doPrivileged(AccessController.java:399)
	at javafx.graphics@19-ea/com.sun.javafx.application.PlatformImpl.lambda$runLater$11(PlatformImpl.java:456)
	at javafx.graphics@19-ea/com.sun.glass.ui.InvokeLaterDispatcher$Future.run(InvokeLaterDispatcher.java:96)
	at javafx.graphics@19-ea/com.sun.glass.ui.win.WinApplication._runLoop(Native Method)
	at javafx.graphics@19-ea/com.sun.glass.ui.win.WinApplication.lambda$runLoop$3(WinApplication.java:184)
	at java.base/java.lang.Thread.run(Thread.java:1589)
Caused by: com.almasb.fxgl.entity.level.LevelLoadingException: ParseError at [row,col]:[97,23]
Message: Attribute name "type" associated with an element type "object" must be followed by the ' = ' character.
	at com.almasb.fxgl.entity@17.1/com.almasb.fxgl.entity.level.tiled.TMXLevelLoader.load(TMXLevelLoader.kt:78)
	at com.almasb.fxgl.all@17.1/com.almasb.fxgl.app.services.FXGLAssetLoaderService.loadLevel(FXGLAssetLoaderService.kt:446)
	at BombermanPlus/com.bomberman.bombermanplus.BombermanApp.initGame(BombermanApp.java:99)
	at com.almasb.fxgl.all@17.1/com.almasb.fxgl.app.FXGLApplication$InitAppTask.initGame(FXGLApplication.kt:339)
	at com.almasb.fxgl.all@17.1/com.almasb.fxgl.app.FXGLApplication$InitAppTask.call(FXGLApplication.kt:319)
	at com.almasb.fxgl.all@17.1/com.almasb.fxgl.app.FXGLApplication$InitAppTask.call(FXGLApplication.kt:311)
	at javafx.graphics@19-ea/javafx.concurrent.Task$TaskCallable.call(Task.java:1426)
	at java.base/java.util.concurrent.FutureTask.run(FutureTask.java:317)
	at java.base/java.util.concurrent.Executors$RunnableAdapter.call(Executors.java:577)
	at java.base/java.util.concurrent.FutureTask.run(FutureTask.java:317)
	at java.base/java.util.concurrent.ThreadPoolExecutor.runWorker(ThreadPoolExecutor.java:1144)
	at java.base/java.util.concurrent.ThreadPoolExecutor$Worker.run(ThreadPoolExecutor.java:642)
	... 1 more
Caused by: javax.xml.stream.XMLStreamException: ParseError at [row,col]:[97,23]
Message: Attribute name "type" associated with an element type "object" must be followed by the ' = ' character.
	at java.xml/com.sun.org.apache.xerces.internal.impl.XMLStreamReaderImpl.next(XMLStreamReaderImpl.java:652)
	at java.xml/com.sun.xml.internal.stream.XMLEventReaderImpl.nextEvent(XMLEventReaderImpl.java:83)
	at com.almasb.fxgl.entity@17.1/com.almasb.fxgl.entity.level.tiled.TMXLevelLoader.parse(TMXLevelLoader.kt:191)
	at com.almasb.fxgl.entity@17.1/com.almasb.fxgl.entity.level.tiled.TMXLevelLoader.load(TMXLevelLoader.kt:52)
	... 12 more

09:54:54.187 [JavaFX Application Thread] FATAL FXGLApplication      - Application will now exit
09:54:54.201 [JavaFX Application Thread] DEBUG PrimaryStageWindow   - Push state: ErrorSubScene
09:54:54.202 [JavaFX Application Thread] DEBUG Input                - Clearing active input actions
09:54:54.203 [JavaFX Application Thread] DEBUG GameApplicationServi - Removing overlay from FXGLLoadingScene and adding to ErrorSubScene
09:54:54.203 [JavaFX Application Thread] DEBUG PrimaryStageWindow   - FXGLLoadingScene -> ErrorSubScene
09:54:56.013 [FXGL Background Thread 3 ] DEBUG Engine               - Logging environment variables
09:54:56.013 [FXGL Background Thread 3 ] DEBUG Engine               - achievements: []
09:54:56.013 [FXGL Background Thread 3 ] DEBUG Engine               - actualHeight: 720.0
09:54:56.013 [FXGL Background Thread 3 ] DEBUG Engine               - actualHeightProperty: ReadOnlyDoubleProperty [value: 720.0]
09:54:56.013 [FXGL Background Thread 3 ] DEBUG Engine               - actualWidth: 1080.0
09:54:56.014 [FXGL Background Thread 3 ] DEBUG Engine               - actualWidthProperty: ReadOnlyDoubleProperty [value: 1080.0]
09:54:56.014 [FXGL Background Thread 3 ] DEBUG Engine               - appIcon: fxgl_icon.png
09:54:56.014 [FXGL Background Thread 3 ] DEBUG Engine               - applicationMode: DEVELOPER
09:54:56.014 [FXGL Background Thread 3 ] DEBUG Engine               - cSSList: [fxgl_dark.css]
09:54:56.014 [FXGL Background Thread 3 ] DEBUG Engine               - collisionDetectionStrategy: BRUTE_FORCE
09:54:56.014 [FXGL Background Thread 3 ] DEBUG Engine               - configClass: Optional.empty
09:54:56.014 [FXGL Background Thread 3 ] DEBUG Engine               - credits: []
09:54:56.014 [FXGL Background Thread 3 ] DEBUG Engine               - defaultCursor: CursorInfo(imageName=fxgl_default_cursor.png, hotspotX=7.0, hotspotY=6.0)
09:54:56.014 [FXGL Background Thread 3 ] DEBUG Engine               - devBBoxColorProperty: ObjectProperty [value: 0xff0000ff]
09:54:56.014 [FXGL Background Thread 3 ] DEBUG Engine               - devEnableDebugCameraProperty: BooleanProperty [value: false]
09:54:56.014 [FXGL Background Thread 3 ] DEBUG Engine               - devSensorColorProperty: ObjectProperty [value: 0xffff00ff]
09:54:56.015 [FXGL Background Thread 3 ] DEBUG Engine               - devShowBBoxProperty: BooleanProperty [value: false]
09:54:56.015 [FXGL Background Thread 3 ] DEBUG Engine               - devShowPositionProperty: BooleanProperty [value: false]
09:54:56.015 [FXGL Background Thread 3 ] DEBUG Engine               - enabledMenuItems: []
09:54:56.015 [FXGL Background Thread 3 ] DEBUG Engine               - engineServices: [class com.almasb.fxgl.app.services.FXGLAssetLoaderService, class com.almasb.fxgl.app.FXGLApplication$GameApplicationService, class com.almasb.fxgl.app.services.FXGLDialogService, class com.almasb.fxgl.app.services.IOTaskExecutorService, class com.almasb.fxgl.io.FileSystemService, class com.almasb.fxgl.localization.LocalizationService, class com.almasb.fxgl.app.services.SystemBundleService, class com.almasb.fxgl.profile.SaveLoadService, class com.almasb.fxgl.ui.FXGLUIFactoryServiceProvider, class com.almasb.fxgl.ui.FXGLDialogFactoryServiceProvider, class com.almasb.fxgl.audio.AudioPlayer, class com.almasb.fxgl.notification.impl.NotificationServiceProvider, class com.almasb.fxgl.achievement.AchievementService, class com.almasb.fxgl.cutscene.CutsceneService, class com.almasb.fxgl.minigames.MiniGameService, class com.almasb.fxgl.net.NetService, class com.almasb.fxgl.app.services.UpdaterService, class com.almasb.fxgl.dev.DevService]
09:54:56.015 [FXGL Background Thread 3 ] DEBUG Engine               - fontGame: Abel-Regular.ttf
09:54:56.015 [FXGL Background Thread 3 ] DEBUG Engine               - fontMono: TerminalLandMono-Regular.otf
09:54:56.015 [FXGL Background Thread 3 ] DEBUG Engine               - fontText: Courier-Prime.ttf
09:54:56.015 [FXGL Background Thread 3 ] DEBUG Engine               - fontUI: VarelaRound-Regular.ttf
09:54:56.015 [FXGL Background Thread 3 ] DEBUG Engine               - fullScreen: BooleanProperty [value: false]
09:54:56.015 [FXGL Background Thread 3 ] DEBUG Engine               - gameDifficulty: MEDIUM
09:54:56.015 [FXGL Background Thread 3 ] DEBUG Engine               - gameDifficultyProperty: ObjectProperty [value: MEDIUM]
09:54:56.015 [FXGL Background Thread 3 ] DEBUG Engine               - globalMusicVolume: 0.5
09:54:56.015 [FXGL Background Thread 3 ] DEBUG Engine               - globalMusicVolumeProperty: DoubleProperty [value: 0.5]
09:54:56.015 [FXGL Background Thread 3 ] DEBUG Engine               - globalSoundVolume: 0.5
09:54:56.015 [FXGL Background Thread 3 ] DEBUG Engine               - globalSoundVolumeProperty: DoubleProperty [value: 0.5]
09:54:56.015 [FXGL Background Thread 3 ] DEBUG Engine               - height: 720
09:54:56.015 [FXGL Background Thread 3 ] DEBUG Engine               - is3D: false
09:54:56.015 [FXGL Background Thread 3 ] DEBUG Engine               - isAndroid: false
09:54:56.015 [FXGL Background Thread 3 ] DEBUG Engine               - isBrowser: false
09:54:56.015 [FXGL Background Thread 3 ] DEBUG Engine               - isClickFeedbackEnabled: false
09:54:56.015 [FXGL Background Thread 3 ] DEBUG Engine               - isCloseConfirmation: false
09:54:56.016 [FXGL Background Thread 3 ] DEBUG Engine               - isDesktop: true
09:54:56.016 [FXGL Background Thread 3 ] DEBUG Engine               - isDeveloperMenuEnabled: false
09:54:56.016 [FXGL Background Thread 3 ] DEBUG Engine               - isEmbedded: false
09:54:56.016 [FXGL Background Thread 3 ] DEBUG Engine               - isEntityPreloadEnabled: true
09:54:56.016 [FXGL Background Thread 3 ] DEBUG Engine               - isExperimentalTiledLargeMap: false
09:54:56.016 [FXGL Background Thread 3 ] DEBUG Engine               - isFileSystemWriteAllowed: true
09:54:56.016 [FXGL Background Thread 3 ] DEBUG Engine               - isFullScreenAllowed: false
09:54:56.016 [FXGL Background Thread 3 ] DEBUG Engine               - isFullScreenFromStart: false
09:54:56.016 [FXGL Background Thread 3 ] DEBUG Engine               - isGameMenuEnabled: false
09:54:56.016 [FXGL Background Thread 3 ] DEBUG Engine               - isIOS: false
09:54:56.016 [FXGL Background Thread 3 ] DEBUG Engine               - isIntroEnabled: false
09:54:56.016 [FXGL Background Thread 3 ] DEBUG Engine               - isLinux: false
09:54:56.016 [FXGL Background Thread 3 ] DEBUG Engine               - isMac: false
09:54:56.016 [FXGL Background Thread 3 ] DEBUG Engine               - isMainMenuEnabled: true
09:54:56.016 [FXGL Background Thread 3 ] DEBUG Engine               - isManualResizeEnabled: false
09:54:56.016 [FXGL Background Thread 3 ] DEBUG Engine               - isMobile: false
09:54:56.016 [FXGL Background Thread 3 ] DEBUG Engine               - isNative: false
09:54:56.016 [FXGL Background Thread 3 ] DEBUG Engine               - isPauseMusicWhenMinimized: true
09:54:56.016 [FXGL Background Thread 3 ] DEBUG Engine               - isPreserveResizeRatio: false
09:54:56.016 [FXGL Background Thread 3 ] DEBUG Engine               - isProfilingEnabled: false
09:54:56.016 [FXGL Background Thread 3 ] DEBUG Engine               - isScaleAffectedOnResize: true
09:54:56.016 [FXGL Background Thread 3 ] DEBUG Engine               - isSingleStep: false
09:54:56.016 [FXGL Background Thread 3 ] DEBUG Engine               - isUserProfileEnabled: false
09:54:56.016 [FXGL Background Thread 3 ] DEBUG Engine               - isWindows: true
09:54:56.016 [FXGL Background Thread 3 ] DEBUG Engine               - language: ObjectProperty [value: ENGLISH]
09:54:56.016 [FXGL Background Thread 3 ] DEBUG Engine               - menuKey: ESCAPE
09:54:56.016 [FXGL Background Thread 3 ] DEBUG Engine               - mouseSensitivity: 0.2
09:54:56.016 [FXGL Background Thread 3 ] DEBUG Engine               - notificationViewClass: class com.almasb.fxgl.notification.view.XboxNotificationView
09:54:56.016 [FXGL Background Thread 3 ] DEBUG Engine               - pixelsPerMeter: 50.0
09:54:56.016 [FXGL Background Thread 3 ] DEBUG Engine               - platform: WINDOWS
09:54:56.016 [FXGL Background Thread 3 ] DEBUG Engine               - prefHeightProperty: ReadOnlyDoubleProperty [value: 720.0]
09:54:56.016 [FXGL Background Thread 3 ] DEBUG Engine               - prefWidthProperty: ReadOnlyDoubleProperty [value: 1080.0]
09:54:56.016 [FXGL Background Thread 3 ] DEBUG Engine               - profileDir: profiles/
09:54:56.017 [FXGL Background Thread 3 ] DEBUG Engine               - profileName: StringProperty [value: DEFAULT]
09:54:56.017 [FXGL Background Thread 3 ] DEBUG Engine               - randomSeed: -1
09:54:56.017 [FXGL Background Thread 3 ] DEBUG Engine               - runtimeInfo: RuntimeInfo(platform=WINDOWS, version=17.1, build=24.03.2022 17.34)
09:54:56.017 [FXGL Background Thread 3 ] DEBUG Engine               - saveFileExt: sav
09:54:56.017 [FXGL Background Thread 3 ] DEBUG Engine               - scaledHeightProp$fxgl: DoubleProperty [bound, value: 720.0]
09:54:56.017 [FXGL Background Thread 3 ] DEBUG Engine               - scaledWidthProp$fxgl: DoubleProperty [bound, value: 1080.0]
09:54:56.017 [FXGL Background Thread 3 ] DEBUG Engine               - sceneFactory: com.almasb.fxgl.app.scene.SceneFactory@69899c67
09:54:56.017 [FXGL Background Thread 3 ] DEBUG Engine               - secondsIn24h: 60
09:54:56.017 [FXGL Background Thread 3 ] DEBUG Engine               - soundMenuBack: menu/back.wav
09:54:56.017 [FXGL Background Thread 3 ] DEBUG Engine               - soundMenuPress: menu/press.wav
09:54:56.017 [FXGL Background Thread 3 ] DEBUG Engine               - soundMenuSelect: menu/select.wav
09:54:56.017 [FXGL Background Thread 3 ] DEBUG Engine               - soundNotification: core/notification.wav
09:54:56.017 [FXGL Background Thread 3 ] DEBUG Engine               - stageStyle: DECORATED
09:54:56.017 [FXGL Background Thread 3 ] DEBUG Engine               - supportedLanguages: [ENGLISH, FRENCH, GERMAN, HUNGARIAN, RUSSIAN]
09:54:56.017 [FXGL Background Thread 3 ] DEBUG Engine               - ticksPerSecond: -1
09:54:56.017 [FXGL Background Thread 3 ] DEBUG Engine               - title: BOMBERMAN
09:54:56.017 [FXGL Background Thread 3 ] DEBUG Engine               - urlGithub: https://github.com/AlmasB/FXGL
09:54:56.017 [FXGL Background Thread 3 ] DEBUG Engine               - urlLeaderboard: http://fxgl-top.herokuapp.com/
09:54:56.017 [FXGL Background Thread 3 ] DEBUG Engine               - urlPOM: https://raw.githubusercontent.com/AlmasB/FXGL/release/README.md
09:54:56.017 [FXGL Background Thread 3 ] DEBUG Engine               - userAppClass: class com.bomberman.bombermanplus.BombermanApp
09:54:56.017 [FXGL Background Thread 3 ] DEBUG Engine               - version: 1.0
09:54:56.017 [FXGL Background Thread 3 ] DEBUG Engine               - versionCheckDays: 7
09:54:56.017 [FXGL Background Thread 3 ] DEBUG Engine               - width: 1080
09:54:56.018 [FXGL Background Thread 3 ] DEBUG Engine               - Logging services
09:54:56.018 [FXGL Background Thread 3 ] DEBUG Engine               - class com.almasb.fxgl.app.services.FXGLAssetLoaderService
09:54:56.018 [FXGL Background Thread 3 ] DEBUG Engine               - class com.almasb.fxgl.app.FXGLApplication$GameApplicationService
09:54:56.018 [FXGL Background Thread 3 ] DEBUG Engine               - class com.almasb.fxgl.app.services.FXGLDialogService
09:54:56.018 [FXGL Background Thread 3 ] DEBUG Engine               - class com.almasb.fxgl.app.services.IOTaskExecutorService
09:54:56.018 [FXGL Background Thread 3 ] DEBUG Engine               - class com.almasb.fxgl.io.FileSystemService
09:54:56.018 [FXGL Background Thread 3 ] DEBUG Engine               - class com.almasb.fxgl.localization.LocalizationService
09:54:56.018 [FXGL Background Thread 3 ] DEBUG Engine               - class com.almasb.fxgl.app.services.SystemBundleService
09:54:56.018 [FXGL Background Thread 3 ] DEBUG Engine               - class com.almasb.fxgl.profile.SaveLoadService
09:54:56.018 [FXGL Background Thread 3 ] DEBUG Engine               - class com.almasb.fxgl.ui.FXGLUIFactoryServiceProvider
09:54:56.018 [FXGL Background Thread 3 ] DEBUG Engine               - class com.almasb.fxgl.ui.FXGLDialogFactoryServiceProvider
09:54:56.018 [FXGL Background Thread 3 ] DEBUG Engine               - class com.almasb.fxgl.audio.AudioPlayer
09:54:56.018 [FXGL Background Thread 3 ] DEBUG Engine               - class com.almasb.fxgl.notification.impl.NotificationServiceProvider
09:54:56.018 [FXGL Background Thread 3 ] DEBUG Engine               - class com.almasb.fxgl.achievement.AchievementService
09:54:56.018 [FXGL Background Thread 3 ] DEBUG Engine               - class com.almasb.fxgl.cutscene.CutsceneService
09:54:56.018 [FXGL Background Thread 3 ] DEBUG Engine               - class com.almasb.fxgl.minigames.MiniGameService
09:54:56.018 [FXGL Background Thread 3 ] DEBUG Engine               - class com.almasb.fxgl.net.NetService
09:54:56.018 [FXGL Background Thread 3 ] DEBUG Engine               - class com.almasb.fxgl.app.services.UpdaterService
09:54:56.018 [FXGL Background Thread 3 ] DEBUG Engine               - class com.almasb.fxgl.dev.DevService
09:55:00.536 [JavaFX Application Thread] DEBUG FXGLApplication      - Exiting FXGL
09:55:00.536 [JavaFX Application Thread] DEBUG Async                - Shutting down background threads
09:55:00.536 [JavaFX Application Thread] DEBUG PrimaryStageWindow   - Closing main window
09:55:00.542 [JavaFX Application Thread] DEBUG Logger               - Closing Logger
