10:21:17.222 [main                     ] DEBUG Logger               - Configured Logger
10:21:17.238 [main                     ] DEBUG GameApplication      - Logging settings
Title: BOMBERMAN
Version: 1.0
Width: 1080
Height: 720
Fullscreen: false
Intro: false
Profiling: false
Single step:false
App Mode: DEVELOPER
Menu Key: ESCAPE
Stage Style: DECORATED
Scene Factory: class com.almasb.fxgl.app.scene.SceneFactory

10:21:17.512 [JavaFX Application Thread] DEBUG FXGLApplication      - Initializing FXGL
10:21:17.515 [JavaFX Application Thread] INFO  Engine               - FXGL-17.1 (24.03.2022 17.34) on WINDOWS (J:19 FX:19-ea)
10:21:17.516 [JavaFX Application Thread] DEBUG Engine               - JRE Vendor Name: Oracle Corporation
10:21:17.516 [JavaFX Application Thread] DEBUG Engine               - Running on OS: Windows 11 version 10.0
10:21:17.516 [JavaFX Application Thread] DEBUG Engine               - Architecture: amd64
10:21:17.516 [JavaFX Application Thread] INFO  Engine               - Source code and latest versions at: https://github.com/AlmasB/FXGL
10:21:17.516 [JavaFX Application Thread] INFO  Engine               -       Ask questions and discuss at: https://github.com/AlmasB/FXGL/discussions
10:21:17.516 [JavaFX Application Thread] INFO  Engine               -              Join the FXGL chat at: https://gitter.im/AlmasB/FXGL
10:21:17.577 [JavaFX Application Thread] DEBUG PrimaryStageWindow   - Creating a JavaFX scene
10:21:17.610 [JavaFX Application Thread] DEBUG PrimaryStageWindow   - Target settings size: 1080.0 x 720.0
10:21:17.610 [JavaFX Application Thread] DEBUG PrimaryStageWindow   - Scaled scene size:    1080.0 x 720.0
10:21:17.610 [JavaFX Application Thread] DEBUG PrimaryStageWindow   - Scaled ratio: (1.0, 1.0)
10:21:17.611 [JavaFX Application Thread] DEBUG PrimaryStageWindow   - Set initial scene to FXGLStartupScene
10:21:17.615 [JavaFX Application Thread] DEBUG PrimaryStageWindow   - Opening main window
10:21:17.675 [JavaFX Application Thread] DEBUG PrimaryStageWindow   - Window border size: (14.4000244140625, 37.5999755859375)
10:21:17.676 [JavaFX Application Thread] DEBUG PrimaryStageWindow   - Scaled size: 1080.0 x 720.0
10:21:17.676 [JavaFX Application Thread] DEBUG PrimaryStageWindow   - Scaled ratio: (1.0, 1.0)
10:21:17.676 [JavaFX Application Thread] DEBUG PrimaryStageWindow   - Scene size: 1080.0 x 720.0
10:21:17.676 [JavaFX Application Thread] DEBUG PrimaryStageWindow   - Stage size: 1094.4000244140625 x 757.5999755859375
10:21:17.684 [FXGL Background Thread 1 ] DEBUG Engine               - Initializing environment variables
10:21:17.734 [FXGL Background Thread 1 ] DEBUG FXGLAssetLoaderServi - User app class for loading assets: class com.bomberman.bombermanplus.BombermanApp
10:21:17.734 [FXGL Background Thread 1 ] DEBUG GameApplicationServi - Applying CSS: fxgl_dark.css
10:21:17.734 [FXGL Background Thread 1 ] DEBUG FXGLAssetLoaderServi - Loading from file system: jar:file:///C:/Users/ADMIN/.m2/repository/com/github/almasb/fxgl/17.1/fxgl-17.1.jar!/fxglassets/ui/css/fxgl_dark.css
10:21:17.765 [FXGL Background Thread 1 ] DEBUG GameApplicationServi - Initializing application scenes
10:21:17.794 [FXGL Background Thread 1 ] DEBUG GameWorld            - Game world initialized
10:21:17.854 [FXGL Background Thread 1 ] DEBUG PhysicsWorld         - Physics world initialized: appHeight=720, physics.ppm=50.0
10:21:17.854 [FXGL Background Thread 1 ] DEBUG PhysicsWorld         - Using strategy: BRUTE_FORCE
10:21:17.860 [FXGL Background Thread 1 ] DEBUG GameScene            - Game scene initialized: 1080x720
10:21:17.860 [FXGL Background Thread 1 ] DEBUG GameApplicationServi - Application scenes initialized
10:21:17.876 [FXGL Background Thread 1 ] DEBUG SystemBundleService  - Loading FXGL system data
10:21:17.880 [FXGL Background Thread 1 ] DEBUG FileSystemAccess     - Reading from: C:\Users\ADMIN\IdeaProjects\BombermanPlus\system\fxgl.bundle
10:21:17.890 [FXGL Background Thread 1 ] DEBUG SystemBundleService  - Bundle FXGL: {}
10:21:17.890 [FXGL Background Thread 1 ] DEBUG UpdaterService       - Checking for updates
10:21:17.894 [FXGL Background Thread 4 ] DEBUG FXGLApplication      - Loading fonts
10:21:17.896 [FXGL Background Thread 1 ] DEBUG FXGLApplication      - Loading default localization
10:21:17.896 [FXGL Background Thread 4 ] DEBUG FXGLAssetLoaderServi - Loading from file system: jar:file:///C:/Users/ADMIN/.m2/repository/com/github/almasb/fxgl/17.1/fxgl-17.1.jar!/fxglassets/ui/fonts/VarelaRound-Regular.ttf
10:21:17.896 [FXGL Background Thread 1 ] DEBUG FXGLAssetLoaderServi - Loading from file system: jar:file:///C:/Users/ADMIN/.m2/repository/com/github/almasb/fxgl/17.1/fxgl-17.1.jar!/fxglassets/languages/english.lang
10:21:17.909 [FXGL Background Thread 1 ] INFO  FXGLApplication      - FXGL initialization took: 0.224 sec
10:21:17.919 [JavaFX Application Thread] DEBUG Input                - Registered new binding: Move Right - D
10:21:17.919 [JavaFX Application Thread] DEBUG Input                - Registered new binding: Move Up - W
10:21:17.919 [JavaFX Application Thread] DEBUG Input                - Registered new binding: Move Down - S
10:21:17.919 [JavaFX Application Thread] DEBUG Input                - Registered new binding: Move Left - A
10:21:17.920 [JavaFX Application Thread] DEBUG FXGLAssetLoaderServi - Loading from file system: jar:file:///C:/Users/ADMIN/.m2/repository/com/github/almasb/fxgl/17.1/fxgl-17.1.jar!/fxglassets/textures/fxgl_icon.png
10:21:17.956 [JavaFX Application Thread] DEBUG FXGLAssetLoaderServi - Loading from file system: jar:file:///C:/Users/ADMIN/.m2/repository/com/github/almasb/fxgl/17.1/fxgl-17.1.jar!/fxglassets/textures/fxgl_default_cursor.png
10:21:17.959 [JavaFX Application Thread] DEBUG Input                - Registered new binding: Screenshot - CTRL+8
10:21:17.959 [JavaFX Application Thread] DEBUG Input                - Registered new binding: System info dump - CTRL+9
10:21:17.959 [JavaFX Application Thread] DEBUG Input                - Registered new binding: Restart - CTRL+R
10:21:17.959 [JavaFX Application Thread] DEBUG Input                - Registered new binding: Toggle Debug Camera - CTRL+7
10:21:17.961 [JavaFX Application Thread] DEBUG LoopRunner           - Starting loop
10:21:17.961 [JavaFX Application Thread] DEBUG LoopRunner           - Initializing JavaFX AnimationTimerLoop
10:21:17.962 [JavaFX Application Thread] DEBUG GameApplicationServi - Starting new game
10:21:17.964 [JavaFX Application Thread] DEBUG Input                - Clearing active input actions
10:21:17.965 [FXGL Background Thread 4 ] DEBUG FXGLAssetLoaderServi - Loading from file system: jar:file:///C:/Users/ADMIN/.m2/repository/com/github/almasb/fxgl/17.1/fxgl-17.1.jar!/fxglassets/ui/fonts/Abel-Regular.ttf
10:21:17.972 [JavaFX Application Thread] DEBUG GameApplicationServi - Removing overlay from FXGLStartupScene and adding to FXGLLoadingScene
10:21:17.973 [JavaFX Application Thread] DEBUG PrimaryStageWindow   - FXGLStartupScene -> FXGLLoadingScene
10:21:17.974 [JavaFX Application Thread] DEBUG GameApplicationServi - Clearing previous game
10:21:17.974 [JavaFX Application Thread] DEBUG GameScene            - Clearing game scene
10:21:17.974 [JavaFX Application Thread] DEBUG GameWorld            - Clearing game world
10:21:17.974 [JavaFX Application Thread] DEBUG PhysicsWorld         - Clearing physics world
10:21:17.975 [FXGL Background Thread 1 ] DEBUG FXGLApplication      - Initializing game
10:21:17.976 [FXGL Background Thread 4 ] DEBUG FXGLAssetLoaderServi - Loading from file system: jar:file:///C:/Users/ADMIN/.m2/repository/com/github/almasb/fxgl/17.1/fxgl-17.1.jar!/fxglassets/ui/fonts/TerminalLandMono-Regular.otf
10:21:17.987 [FXGL Background Thread 4 ] DEBUG FXGLAssetLoaderServi - Loading from file system: jar:file:///C:/Users/ADMIN/.m2/repository/com/github/almasb/fxgl/17.1/fxgl-17.1.jar!/fxglassets/ui/fonts/Courier-Prime.ttf
10:21:18.010 [FXGL Background Thread 1 ] WARN  TMXLevelLoader       - TiledMap generated from 1.9.2. Supported version: 1.4.2. Some features may not be parsed fully.
10:21:18.017 [FXGL Background Thread 1 ] DEBUG TMXLevelLoader       - Parsed TiledMap: file:/C:/Users/ADMIN/IdeaProjects/BombermanPlus/target/classes/assets/levels/lv1demo.tmx
10:21:18.018 [FXGL Background Thread 1 ] DEBUG TMXLevelLoader       - Creating tile layer entities
10:21:18.021 [FXGL Background Thread 1 ] DEBUG TilesetLoader        - Loading view for layer Tile Layer 1
10:21:18.029 [FXGL Background Thread 1 ] DEBUG TilesetLoader        - Created buffer with size 1488.0x720.0
10:21:18.065 [JavaFX Application Thread] DEBUG FXGLApplication      - Registering font factories with UI factory
10:21:18.082 [FXGL Background Thread 1 ] DEBUG TMXLevelLoader       - Creating object layer entities
10:21:18.084 [FXGL Background Thread 1 ] WARN  TMXLevelLoader       - Parse error
java.lang.IllegalArgumentException: No EntityFactory has a method annotated @Spawns()
	at com.almasb.fxgl.entity@17.1/com.almasb.fxgl.entity.GameWorld.create(GameWorld.kt:413)
	at com.almasb.fxgl.entity@17.1/com.almasb.fxgl.entity.level.tiled.TMXLevelLoader.createObjectLayerEntities(TMXLevelLoader.kt:154)
	at com.almasb.fxgl.entity@17.1/com.almasb.fxgl.entity.level.tiled.TMXLevelLoader.load(TMXLevelLoader.kt:60)
	at com.almasb.fxgl.all@17.1/com.almasb.fxgl.app.services.FXGLAssetLoaderService.loadLevel(FXGLAssetLoaderService.kt:446)
	at BombermanPlus/com.bomberman.bombermanplus.BombermanApp.initGame(BombermanApp.java:80)
	at com.almasb.fxgl.all@17.1/com.almasb.fxgl.app.FXGLApplication$InitAppTask.initGame(FXGLApplication.kt:339)
	at com.almasb.fxgl.all@17.1/com.almasb.fxgl.app.FXGLApplication$InitAppTask.call(FXGLApplication.kt:319)
	at com.almasb.fxgl.all@17.1/com.almasb.fxgl.app.FXGLApplication$InitAppTask.call(FXGLApplication.kt:311)
	at javafx.graphics@19-ea/javafx.concurrent.Task$TaskCallable.call(Task.java:1426)
	at java.base/java.util.concurrent.FutureTask.run(FutureTask.java:317)
	at java.base/java.util.concurrent.Executors$RunnableAdapter.call(Executors.java:577)
	at java.base/java.util.concurrent.FutureTask.run(FutureTask.java:317)
	at java.base/java.util.concurrent.ThreadPoolExecutor.runWorker(ThreadPoolExecutor.java:1144)
	at java.base/java.util.concurrent.ThreadPoolExecutor$Worker.run(ThreadPoolExecutor.java:642)
	at java.base/java.lang.Thread.run(Thread.java:1589)

10:21:18.108 [JavaFX Application Thread] DEBUG LoopRunner           - Stopping loop
10:21:18.109 [JavaFX Application Thread] FATAL FXGLApplication      - Uncaught Exception:
java.lang.RuntimeException: Initialization failed
	at com.almasb.fxgl.all@17.1/com.almasb.fxgl.app.FXGLApplication$InitAppTask.failed(FXGLApplication.kt:343)
	at javafx.graphics@19-ea/javafx.concurrent.Task.setState(Task.java:710)
	at javafx.graphics@19-ea/javafx.concurrent.Task$TaskCallable.lambda$call$2(Task.java:1456)
	at javafx.graphics@19-ea/com.sun.javafx.application.PlatformImpl.lambda$runLater$10(PlatformImpl.java:457)
	at java.base/java.security.AccessController.doPrivileged(AccessController.java:399)
	at javafx.graphics@19-ea/com.sun.javafx.application.PlatformImpl.lambda$runLater$11(PlatformImpl.java:456)
	at javafx.graphics@19-ea/com.sun.glass.ui.InvokeLaterDispatcher$Future.run(InvokeLaterDispatcher.java:96)
	at javafx.graphics@19-ea/com.sun.glass.ui.win.WinApplication._runLoop(Native Method)
	at javafx.graphics@19-ea/com.sun.glass.ui.win.WinApplication.lambda$runLoop$3(WinApplication.java:184)
	at java.base/java.lang.Thread.run(Thread.java:1589)
Caused by: com.almasb.fxgl.entity.level.LevelLoadingException: No EntityFactory has a method annotated @Spawns()
	at com.almasb.fxgl.entity@17.1/com.almasb.fxgl.entity.level.tiled.TMXLevelLoader.load(TMXLevelLoader.kt:78)
	at com.almasb.fxgl.all@17.1/com.almasb.fxgl.app.services.FXGLAssetLoaderService.loadLevel(FXGLAssetLoaderService.kt:446)
	at BombermanPlus/com.bomberman.bombermanplus.BombermanApp.initGame(BombermanApp.java:80)
	at com.almasb.fxgl.all@17.1/com.almasb.fxgl.app.FXGLApplication$InitAppTask.initGame(FXGLApplication.kt:339)
	at com.almasb.fxgl.all@17.1/com.almasb.fxgl.app.FXGLApplication$InitAppTask.call(FXGLApplication.kt:319)
	at com.almasb.fxgl.all@17.1/com.almasb.fxgl.app.FXGLApplication$InitAppTask.call(FXGLApplication.kt:311)
	at javafx.graphics@19-ea/javafx.concurrent.Task$TaskCallable.call(Task.java:1426)
	at java.base/java.util.concurrent.FutureTask.run(FutureTask.java:317)
	at java.base/java.util.concurrent.Executors$RunnableAdapter.call(Executors.java:577)
	at java.base/java.util.concurrent.FutureTask.run(FutureTask.java:317)
	at java.base/java.util.concurrent.ThreadPoolExecutor.runWorker(ThreadPoolExecutor.java:1144)
	at java.base/java.util.concurrent.ThreadPoolExecutor$Worker.run(ThreadPoolExecutor.java:642)
	... 1 more
Caused by: java.lang.IllegalArgumentException: No EntityFactory has a method annotated @Spawns()
	at com.almasb.fxgl.entity@17.1/com.almasb.fxgl.entity.GameWorld.create(GameWorld.kt:413)
	at com.almasb.fxgl.entity@17.1/com.almasb.fxgl.entity.level.tiled.TMXLevelLoader.createObjectLayerEntities(TMXLevelLoader.kt:154)
	at com.almasb.fxgl.entity@17.1/com.almasb.fxgl.entity.level.tiled.TMXLevelLoader.load(TMXLevelLoader.kt:60)
	... 12 more

10:21:18.109 [JavaFX Application Thread] FATAL FXGLApplication      - Application will now exit
10:21:18.136 [JavaFX Application Thread] DEBUG PrimaryStageWindow   - Push state: ErrorSubScene
10:21:18.136 [JavaFX Application Thread] DEBUG Input                - Clearing active input actions
10:21:18.142 [JavaFX Application Thread] DEBUG GameApplicationServi - Removing overlay from FXGLLoadingScene and adding to ErrorSubScene
10:21:18.143 [JavaFX Application Thread] DEBUG PrimaryStageWindow   - FXGLLoadingScene -> ErrorSubScene
10:21:18.374 [FXGL Background Thread 2 ] INFO  UpdaterService       - Your current version:  17.1
10:21:18.374 [FXGL Background Thread 2 ] INFO  UpdaterService       - Latest stable version: 17.2
10:21:20.895 [FXGL Background Thread 3 ] DEBUG Engine               - Logging environment variables
10:21:20.895 [FXGL Background Thread 3 ] DEBUG Engine               - achievements: []
10:21:20.895 [FXGL Background Thread 3 ] DEBUG Engine               - actualHeight: 720.0
10:21:20.895 [FXGL Background Thread 3 ] DEBUG Engine               - actualHeightProperty: ReadOnlyDoubleProperty [value: 720.0]
10:21:20.896 [FXGL Background Thread 3 ] DEBUG Engine               - actualWidth: 1080.0
10:21:20.896 [FXGL Background Thread 3 ] DEBUG Engine               - actualWidthProperty: ReadOnlyDoubleProperty [value: 1080.0]
10:21:20.896 [FXGL Background Thread 3 ] DEBUG Engine               - appIcon: fxgl_icon.png
10:21:20.896 [FXGL Background Thread 3 ] DEBUG Engine               - applicationMode: DEVELOPER
10:21:20.896 [FXGL Background Thread 3 ] DEBUG Engine               - cSSList: [fxgl_dark.css]
10:21:20.896 [FXGL Background Thread 3 ] DEBUG Engine               - collisionDetectionStrategy: BRUTE_FORCE
10:21:20.896 [FXGL Background Thread 3 ] DEBUG Engine               - configClass: Optional.empty
10:21:20.896 [FXGL Background Thread 3 ] DEBUG Engine               - credits: []
10:21:20.897 [FXGL Background Thread 3 ] DEBUG Engine               - defaultCursor: CursorInfo(imageName=fxgl_default_cursor.png, hotspotX=7.0, hotspotY=6.0)
10:21:20.897 [FXGL Background Thread 3 ] DEBUG Engine               - devBBoxColorProperty: ObjectProperty [value: 0xff0000ff]
10:21:20.897 [FXGL Background Thread 3 ] DEBUG Engine               - devEnableDebugCameraProperty: BooleanProperty [value: false]
10:21:20.897 [FXGL Background Thread 3 ] DEBUG Engine               - devSensorColorProperty: ObjectProperty [value: 0xffff00ff]
10:21:20.897 [FXGL Background Thread 3 ] DEBUG Engine               - devShowBBoxProperty: BooleanProperty [value: false]
10:21:20.897 [FXGL Background Thread 3 ] DEBUG Engine               - devShowPositionProperty: BooleanProperty [value: false]
10:21:20.897 [FXGL Background Thread 3 ] DEBUG Engine               - enabledMenuItems: []
10:21:20.897 [FXGL Background Thread 3 ] DEBUG Engine               - engineServices: [class com.almasb.fxgl.app.services.FXGLAssetLoaderService, class com.almasb.fxgl.app.FXGLApplication$GameApplicationService, class com.almasb.fxgl.app.services.FXGLDialogService, class com.almasb.fxgl.app.services.IOTaskExecutorService, class com.almasb.fxgl.io.FileSystemService, class com.almasb.fxgl.localization.LocalizationService, class com.almasb.fxgl.app.services.SystemBundleService, class com.almasb.fxgl.profile.SaveLoadService, class com.almasb.fxgl.ui.FXGLUIFactoryServiceProvider, class com.almasb.fxgl.ui.FXGLDialogFactoryServiceProvider, class com.almasb.fxgl.audio.AudioPlayer, class com.almasb.fxgl.notification.impl.NotificationServiceProvider, class com.almasb.fxgl.achievement.AchievementService, class com.almasb.fxgl.cutscene.CutsceneService, class com.almasb.fxgl.minigames.MiniGameService, class com.almasb.fxgl.net.NetService, class com.almasb.fxgl.app.services.UpdaterService, class com.almasb.fxgl.dev.DevService]
10:21:20.897 [FXGL Background Thread 3 ] DEBUG Engine               - fontGame: Abel-Regular.ttf
10:21:20.897 [FXGL Background Thread 3 ] DEBUG Engine               - fontMono: TerminalLandMono-Regular.otf
10:21:20.898 [FXGL Background Thread 3 ] DEBUG Engine               - fontText: Courier-Prime.ttf
10:21:20.898 [FXGL Background Thread 3 ] DEBUG Engine               - fontUI: VarelaRound-Regular.ttf
10:21:20.898 [FXGL Background Thread 3 ] DEBUG Engine               - fullScreen: BooleanProperty [value: false]
10:21:20.898 [FXGL Background Thread 3 ] DEBUG Engine               - gameDifficulty: MEDIUM
10:21:20.898 [FXGL Background Thread 3 ] DEBUG Engine               - gameDifficultyProperty: ObjectProperty [value: MEDIUM]
10:21:20.898 [FXGL Background Thread 3 ] DEBUG Engine               - globalMusicVolume: 0.5
10:21:20.898 [FXGL Background Thread 3 ] DEBUG Engine               - globalMusicVolumeProperty: DoubleProperty [value: 0.5]
10:21:20.898 [FXGL Background Thread 3 ] DEBUG Engine               - globalSoundVolume: 0.5
10:21:20.898 [FXGL Background Thread 3 ] DEBUG Engine               - globalSoundVolumeProperty: DoubleProperty [value: 0.5]
10:21:20.898 [FXGL Background Thread 3 ] DEBUG Engine               - height: 720
10:21:20.898 [FXGL Background Thread 3 ] DEBUG Engine               - is3D: false
10:21:20.898 [FXGL Background Thread 3 ] DEBUG Engine               - isAndroid: false
10:21:20.898 [FXGL Background Thread 3 ] DEBUG Engine               - isBrowser: false
10:21:20.898 [FXGL Background Thread 3 ] DEBUG Engine               - isClickFeedbackEnabled: false
10:21:20.898 [FXGL Background Thread 3 ] DEBUG Engine               - isCloseConfirmation: false
10:21:20.898 [FXGL Background Thread 3 ] DEBUG Engine               - isDesktop: true
10:21:20.898 [FXGL Background Thread 3 ] DEBUG Engine               - isDeveloperMenuEnabled: false
10:21:20.898 [FXGL Background Thread 3 ] DEBUG Engine               - isEmbedded: false
10:21:20.898 [FXGL Background Thread 3 ] DEBUG Engine               - isEntityPreloadEnabled: true
10:21:20.898 [FXGL Background Thread 3 ] DEBUG Engine               - isExperimentalTiledLargeMap: false
10:21:20.898 [FXGL Background Thread 3 ] DEBUG Engine               - isFileSystemWriteAllowed: true
10:21:20.899 [FXGL Background Thread 3 ] DEBUG Engine               - isFullScreenAllowed: false
10:21:20.899 [FXGL Background Thread 3 ] DEBUG Engine               - isFullScreenFromStart: false
10:21:20.899 [FXGL Background Thread 3 ] DEBUG Engine               - isGameMenuEnabled: false
10:21:20.899 [FXGL Background Thread 3 ] DEBUG Engine               - isIOS: false
10:21:20.899 [FXGL Background Thread 3 ] DEBUG Engine               - isIntroEnabled: false
10:21:20.899 [FXGL Background Thread 3 ] DEBUG Engine               - isLinux: false
10:21:20.899 [FXGL Background Thread 3 ] DEBUG Engine               - isMac: false
10:21:20.899 [FXGL Background Thread 3 ] DEBUG Engine               - isMainMenuEnabled: false
10:21:20.899 [FXGL Background Thread 3 ] DEBUG Engine               - isManualResizeEnabled: false
10:21:20.899 [FXGL Background Thread 3 ] DEBUG Engine               - isMobile: false
10:21:20.899 [FXGL Background Thread 3 ] DEBUG Engine               - isNative: false
10:21:20.899 [FXGL Background Thread 3 ] DEBUG Engine               - isPauseMusicWhenMinimized: true
10:21:20.899 [FXGL Background Thread 3 ] DEBUG Engine               - isPreserveResizeRatio: false
10:21:20.899 [FXGL Background Thread 3 ] DEBUG Engine               - isProfilingEnabled: false
10:21:20.899 [FXGL Background Thread 3 ] DEBUG Engine               - isScaleAffectedOnResize: true
10:21:20.899 [FXGL Background Thread 3 ] DEBUG Engine               - isSingleStep: false
10:21:20.899 [FXGL Background Thread 3 ] DEBUG Engine               - isUserProfileEnabled: false
10:21:20.899 [FXGL Background Thread 3 ] DEBUG Engine               - isWindows: true
10:21:20.899 [FXGL Background Thread 3 ] DEBUG Engine               - language: ObjectProperty [value: ENGLISH]
10:21:20.899 [FXGL Background Thread 3 ] DEBUG Engine               - menuKey: ESCAPE
10:21:20.899 [FXGL Background Thread 3 ] DEBUG Engine               - mouseSensitivity: 0.2
10:21:20.899 [FXGL Background Thread 3 ] DEBUG Engine               - notificationViewClass: class com.almasb.fxgl.notification.view.XboxNotificationView
10:21:20.899 [FXGL Background Thread 3 ] DEBUG Engine               - pixelsPerMeter: 50.0
10:21:20.900 [FXGL Background Thread 3 ] DEBUG Engine               - platform: WINDOWS
10:21:20.900 [FXGL Background Thread 3 ] DEBUG Engine               - prefHeightProperty: ReadOnlyDoubleProperty [value: 720.0]
10:21:20.900 [FXGL Background Thread 3 ] DEBUG Engine               - prefWidthProperty: ReadOnlyDoubleProperty [value: 1080.0]
10:21:20.900 [FXGL Background Thread 3 ] DEBUG Engine               - profileDir: profiles/
10:21:20.900 [FXGL Background Thread 3 ] DEBUG Engine               - profileName: StringProperty [value: DEFAULT]
10:21:20.900 [FXGL Background Thread 3 ] DEBUG Engine               - randomSeed: -1
10:21:20.900 [FXGL Background Thread 3 ] DEBUG Engine               - runtimeInfo: RuntimeInfo(platform=WINDOWS, version=17.1, build=24.03.2022 17.34)
10:21:20.900 [FXGL Background Thread 3 ] DEBUG Engine               - saveFileExt: sav
10:21:20.900 [FXGL Background Thread 3 ] DEBUG Engine               - scaledHeightProp$fxgl: DoubleProperty [bound, value: 720.0]
10:21:20.900 [FXGL Background Thread 3 ] DEBUG Engine               - scaledWidthProp$fxgl: DoubleProperty [bound, value: 1080.0]
10:21:20.900 [FXGL Background Thread 3 ] DEBUG Engine               - sceneFactory: com.almasb.fxgl.app.scene.SceneFactory@631c5716
10:21:20.901 [FXGL Background Thread 3 ] DEBUG Engine               - secondsIn24h: 60
10:21:20.901 [FXGL Background Thread 3 ] DEBUG Engine               - soundMenuBack: menu/back.wav
10:21:20.901 [FXGL Background Thread 3 ] DEBUG Engine               - soundMenuPress: menu/press.wav
10:21:20.901 [FXGL Background Thread 3 ] DEBUG Engine               - soundMenuSelect: menu/select.wav
10:21:20.901 [FXGL Background Thread 3 ] DEBUG Engine               - soundNotification: core/notification.wav
10:21:20.901 [FXGL Background Thread 3 ] DEBUG Engine               - stageStyle: DECORATED
10:21:20.901 [FXGL Background Thread 3 ] DEBUG Engine               - supportedLanguages: [ENGLISH, FRENCH, GERMAN, HUNGARIAN, RUSSIAN]
10:21:20.901 [FXGL Background Thread 3 ] DEBUG Engine               - ticksPerSecond: -1
10:21:20.901 [FXGL Background Thread 3 ] DEBUG Engine               - title: BOMBERMAN
10:21:20.901 [FXGL Background Thread 3 ] DEBUG Engine               - urlGithub: https://github.com/AlmasB/FXGL
10:21:20.901 [FXGL Background Thread 3 ] DEBUG Engine               - urlLeaderboard: http://fxgl-top.herokuapp.com/
10:21:20.901 [FXGL Background Thread 3 ] DEBUG Engine               - urlPOM: https://raw.githubusercontent.com/AlmasB/FXGL/release/README.md
10:21:20.901 [FXGL Background Thread 3 ] DEBUG Engine               - userAppClass: class com.bomberman.bombermanplus.BombermanApp
10:21:20.901 [FXGL Background Thread 3 ] DEBUG Engine               - version: 1.0
10:21:20.901 [FXGL Background Thread 3 ] DEBUG Engine               - versionCheckDays: 7
10:21:20.901 [FXGL Background Thread 3 ] DEBUG Engine               - width: 1080
10:21:20.901 [FXGL Background Thread 3 ] DEBUG Engine               - Logging services
10:21:20.901 [FXGL Background Thread 3 ] DEBUG Engine               - class com.almasb.fxgl.app.services.FXGLAssetLoaderService
10:21:20.901 [FXGL Background Thread 3 ] DEBUG Engine               - class com.almasb.fxgl.app.FXGLApplication$GameApplicationService
10:21:20.901 [FXGL Background Thread 3 ] DEBUG Engine               - class com.almasb.fxgl.app.services.FXGLDialogService
10:21:20.901 [FXGL Background Thread 3 ] DEBUG Engine               - class com.almasb.fxgl.app.services.IOTaskExecutorService
10:21:20.901 [FXGL Background Thread 3 ] DEBUG Engine               - class com.almasb.fxgl.io.FileSystemService
10:21:20.901 [FXGL Background Thread 3 ] DEBUG Engine               - class com.almasb.fxgl.localization.LocalizationService
10:21:20.901 [FXGL Background Thread 3 ] DEBUG Engine               - class com.almasb.fxgl.app.services.SystemBundleService
10:21:20.901 [FXGL Background Thread 3 ] DEBUG Engine               - class com.almasb.fxgl.profile.SaveLoadService
10:21:20.901 [FXGL Background Thread 3 ] DEBUG Engine               - class com.almasb.fxgl.ui.FXGLUIFactoryServiceProvider
10:21:20.901 [FXGL Background Thread 3 ] DEBUG Engine               - class com.almasb.fxgl.ui.FXGLDialogFactoryServiceProvider
10:21:20.902 [FXGL Background Thread 3 ] DEBUG Engine               - class com.almasb.fxgl.audio.AudioPlayer
10:21:20.902 [FXGL Background Thread 3 ] DEBUG Engine               - class com.almasb.fxgl.notification.impl.NotificationServiceProvider
10:21:20.902 [FXGL Background Thread 3 ] DEBUG Engine               - class com.almasb.fxgl.achievement.AchievementService
10:21:20.902 [FXGL Background Thread 3 ] DEBUG Engine               - class com.almasb.fxgl.cutscene.CutsceneService
10:21:20.902 [FXGL Background Thread 3 ] DEBUG Engine               - class com.almasb.fxgl.minigames.MiniGameService
10:21:20.902 [FXGL Background Thread 3 ] DEBUG Engine               - class com.almasb.fxgl.net.NetService
10:21:20.902 [FXGL Background Thread 3 ] DEBUG Engine               - class com.almasb.fxgl.app.services.UpdaterService
10:21:20.902 [FXGL Background Thread 3 ] DEBUG Engine               - class com.almasb.fxgl.dev.DevService
10:22:20.026 [JavaFX Application Thread] DEBUG FXGLApplication      - Exiting FXGL
10:22:20.027 [JavaFX Application Thread] DEBUG Async                - Shutting down background threads
10:22:20.027 [JavaFX Application Thread] DEBUG PrimaryStageWindow   - Closing main window
10:22:20.035 [JavaFX Application Thread] DEBUG Logger               - Closing Logger
