08:56:56.759 [main                     ] DEBUG Logger               - Configured Logger
08:56:56.774 [main                     ] DEBUG GameApplication      - Logging settings
Title: BOMBERMAN
Version: 1.0
Width: 1080
Height: 720
Fullscreen: false
Intro: false
Profiling: false
Single step:false
App Mode: DEVELOPER
Menu Key: ESCAPE
Stage Style: DECORATED
Scene Factory: class com.bomberman.bombermanplus.BombermanApp$1

08:56:57.038 [JavaFX Application Thread] DEBUG FXGLApplication      - Initializing FXGL
08:56:57.041 [JavaFX Application Thread] INFO  Engine               - FXGL-17.1 (24.03.2022 17.34) on WINDOWS (J:19 FX:19-ea)
08:56:57.041 [JavaFX Application Thread] DEBUG Engine               - JRE Vendor Name: Oracle Corporation
08:56:57.042 [JavaFX Application Thread] DEBUG Engine               - Running on OS: Windows 11 version 10.0
08:56:57.042 [JavaFX Application Thread] DEBUG Engine               - Architecture: amd64
08:56:57.042 [JavaFX Application Thread] INFO  Engine               - Source code and latest versions at: https://github.com/AlmasB/FXGL
08:56:57.042 [JavaFX Application Thread] INFO  Engine               -       Ask questions and discuss at: https://github.com/AlmasB/FXGL/discussions
08:56:57.042 [JavaFX Application Thread] INFO  Engine               -              Join the FXGL chat at: https://gitter.im/AlmasB/FXGL
08:56:57.100 [JavaFX Application Thread] DEBUG PrimaryStageWindow   - Creating a JavaFX scene
08:56:57.132 [JavaFX Application Thread] DEBUG PrimaryStageWindow   - Target settings size: 1080.0 x 720.0
08:56:57.132 [JavaFX Application Thread] DEBUG PrimaryStageWindow   - Scaled scene size:    1080.0 x 720.0
08:56:57.132 [JavaFX Application Thread] DEBUG PrimaryStageWindow   - Scaled ratio: (1.0, 1.0)
08:56:57.133 [JavaFX Application Thread] DEBUG PrimaryStageWindow   - Set initial scene to FXGLStartupScene
08:56:57.137 [JavaFX Application Thread] DEBUG PrimaryStageWindow   - Opening main window
08:56:57.198 [JavaFX Application Thread] DEBUG PrimaryStageWindow   - Window border size: (14.4000244140625, 37.5999755859375)
08:56:57.198 [JavaFX Application Thread] DEBUG PrimaryStageWindow   - Scaled size: 1080.0 x 720.0
08:56:57.198 [JavaFX Application Thread] DEBUG PrimaryStageWindow   - Scaled ratio: (1.0, 1.0)
08:56:57.198 [JavaFX Application Thread] DEBUG PrimaryStageWindow   - Scene size: 1080.0 x 720.0
08:56:57.198 [JavaFX Application Thread] DEBUG PrimaryStageWindow   - Stage size: 1094.4000244140625 x 757.5999755859375
08:56:57.205 [FXGL Background Thread 1 ] DEBUG Engine               - Initializing environment variables
08:56:57.259 [FXGL Background Thread 1 ] DEBUG FXGLAssetLoaderServi - User app class for loading assets: class com.bomberman.bombermanplus.BombermanApp
08:56:57.259 [FXGL Background Thread 1 ] DEBUG GameApplicationServi - Applying CSS: fxgl_dark.css
08:56:57.261 [FXGL Background Thread 1 ] DEBUG FXGLAssetLoaderServi - Loading from file system: jar:file:///C:/Users/ADMIN/.m2/repository/com/github/almasb/fxgl/17.1/fxgl-17.1.jar!/fxglassets/ui/css/fxgl_dark.css
08:56:57.297 [FXGL Background Thread 1 ] DEBUG GameApplicationServi - Initializing application scenes
08:56:57.331 [FXGL Background Thread 1 ] DEBUG GameWorld            - Game world initialized
08:56:57.392 [FXGL Background Thread 1 ] DEBUG PhysicsWorld         - Physics world initialized: appHeight=720, physics.ppm=50.0
08:56:57.394 [FXGL Background Thread 1 ] DEBUG PhysicsWorld         - Using strategy: BRUTE_FORCE
08:56:57.399 [FXGL Background Thread 1 ] DEBUG GameScene            - Game scene initialized: 1080x720
08:56:57.450 [FXGL Background Thread 1 ] DEBUG GameApplicationServi - Application scenes initialized
08:56:57.458 [FXGL Background Thread 1 ] DEBUG SystemBundleService  - Loading FXGL system data
08:56:57.463 [FXGL Background Thread 1 ] DEBUG FileSystemAccess     - Reading from: C:\Users\ADMIN\IdeaProjects\BombermanPlus\system\fxgl.bundle
08:56:57.470 [FXGL Background Thread 1 ] DEBUG SystemBundleService  - Bundle FXGL: {}
08:56:57.470 [FXGL Background Thread 1 ] DEBUG UpdaterService       - Checking for updates
08:56:57.489 [FXGL Background Thread 4 ] DEBUG FXGLApplication      - Loading fonts
08:56:57.490 [FXGL Background Thread 1 ] DEBUG FXGLApplication      - Loading default localization
08:56:57.490 [FXGL Background Thread 4 ] DEBUG FXGLAssetLoaderServi - Loading from file system: file:/C:/Users/ADMIN/IdeaProjects/BombermanPlus/target/classes/assets/ui/fonts/Retro%20Gaming.ttf
08:56:57.490 [FXGL Background Thread 1 ] DEBUG FXGLAssetLoaderServi - Loading from file system: jar:file:///C:/Users/ADMIN/.m2/repository/com/github/almasb/fxgl/17.1/fxgl-17.1.jar!/fxglassets/languages/english.lang
08:56:57.506 [FXGL Background Thread 1 ] INFO  FXGLApplication      - FXGL initialization took: 0.300 sec
08:56:57.519 [JavaFX Application Thread] DEBUG Input                - Registered new binding: Move Right - D
08:56:57.519 [JavaFX Application Thread] DEBUG Input                - Registered new binding: Move Up - W
08:56:57.519 [JavaFX Application Thread] DEBUG Input                - Registered new binding: Move Down - S
08:56:57.519 [JavaFX Application Thread] DEBUG Input                - Registered new binding: Move Left - A
08:56:57.519 [JavaFX Application Thread] DEBUG Input                - Registered new binding: Place bomb - Space
08:56:57.519 [JavaFX Application Thread] DEBUG FXGLAssetLoaderServi - Loading from file system: file:/C:/Users/ADMIN/IdeaProjects/BombermanPlus/target/classes/assets/music/title_screen.mp3
08:56:57.590 [FXGL Background Thread 4 ] DEBUG FXGLAssetLoaderServi - Loading from file system: jar:file:///C:/Users/ADMIN/.m2/repository/com/github/almasb/fxgl/17.1/fxgl-17.1.jar!/fxglassets/ui/fonts/Abel-Regular.ttf
08:56:57.605 [FXGL Background Thread 4 ] DEBUG FXGLAssetLoaderServi - Loading from file system: jar:file:///C:/Users/ADMIN/.m2/repository/com/github/almasb/fxgl/17.1/fxgl-17.1.jar!/fxglassets/ui/fonts/TerminalLandMono-Regular.otf
08:56:57.634 [FXGL Background Thread 4 ] DEBUG FXGLAssetLoaderServi - Loading from file system: jar:file:///C:/Users/ADMIN/.m2/repository/com/github/almasb/fxgl/17.1/fxgl-17.1.jar!/fxglassets/ui/fonts/Courier-Prime.ttf
08:56:57.987 [FXGL Background Thread 2 ] INFO  UpdaterService       - Your current version:  17.1
08:56:57.987 [FXGL Background Thread 2 ] INFO  UpdaterService       - Latest stable version: 17.2
08:56:58.246 [JavaFX Application Thread] DEBUG AudioPlayer          - Playing music com.almasb.fxgl.audio.Music@43942b37
08:56:58.246 [JavaFX Application Thread] DEBUG FXGLAssetLoaderServi - Loading from file system: jar:file:///C:/Users/ADMIN/.m2/repository/com/github/almasb/fxgl/17.1/fxgl-17.1.jar!/fxglassets/textures/fxgl_icon.png
08:56:58.267 [JavaFX Application Thread] DEBUG FXGLAssetLoaderServi - Loading from file system: jar:file:///C:/Users/ADMIN/.m2/repository/com/github/almasb/fxgl/17.1/fxgl-17.1.jar!/fxglassets/textures/fxgl_default_cursor.png
08:56:58.269 [JavaFX Application Thread] DEBUG Input                - Registered new binding: Screenshot - CTRL+8
08:56:58.269 [JavaFX Application Thread] DEBUG Input                - Registered new binding: Dev Options - 1
08:56:58.269 [JavaFX Application Thread] DEBUG Input                - Registered new binding: Dev Console - 2
08:56:58.270 [JavaFX Application Thread] DEBUG Input                - Registered new binding: System info dump - CTRL+9
08:56:58.270 [JavaFX Application Thread] DEBUG Input                - Registered new binding: Restart - CTRL+R
08:56:58.270 [JavaFX Application Thread] DEBUG Input                - Registered new binding: Toggle Debug Camera - CTRL+7
08:56:58.272 [JavaFX Application Thread] DEBUG LoopRunner           - Starting loop
08:56:58.279 [JavaFX Application Thread] DEBUG LoopRunner           - Initializing JavaFX AnimationTimerLoop
08:56:58.280 [JavaFX Application Thread] DEBUG Input                - Clearing active input actions
08:56:58.287 [JavaFX Application Thread] DEBUG GameApplicationServi - Removing overlay from FXGLStartupScene and adding to FXGLMainMenuDummyScene
08:56:58.289 [JavaFX Application Thread] DEBUG PrimaryStageWindow   - FXGLStartupScene -> FXGLMainMenuDummyScene
08:56:58.290 [JavaFX Application Thread] DEBUG PrimaryStageWindow   - Push state: BombermanMenu
08:56:58.290 [JavaFX Application Thread] DEBUG Input                - Clearing active input actions
08:56:58.291 [JavaFX Application Thread] DEBUG GameApplicationServi - Removing overlay from FXGLMainMenuDummyScene and adding to BombermanMenu
08:56:58.291 [JavaFX Application Thread] DEBUG PrimaryStageWindow   - FXGLMainMenuDummyScene -> BombermanMenu
08:56:58.298 [JavaFX Application Thread] DEBUG FXGLApplication      - Registering font factories with UI factory
08:56:59.147 [JavaFX Application Thread] DEBUG Menu                 - fireNewGame()
08:56:59.148 [JavaFX Application Thread] DEBUG GameApplicationServi - Starting new game
08:56:59.148 [JavaFX Application Thread] DEBUG PrimaryStageWindow   - Pop state: BombermanMenu
08:56:59.148 [JavaFX Application Thread] DEBUG Input                - Clearing active input actions
08:56:59.148 [JavaFX Application Thread] DEBUG GameApplicationServi - Removing overlay from BombermanMenu and adding to FXGLMainMenuDummyScene
08:56:59.150 [JavaFX Application Thread] DEBUG PrimaryStageWindow   - FXGLMainMenuDummyScene <- BombermanMenu
08:56:59.150 [JavaFX Application Thread] DEBUG Input                - Clearing active input actions
08:56:59.154 [JavaFX Application Thread] DEBUG GameApplicationServi - Removing overlay from FXGLMainMenuDummyScene and adding to FXGLLoadingScene
08:56:59.154 [JavaFX Application Thread] DEBUG PrimaryStageWindow   - FXGLMainMenuDummyScene -> FXGLLoadingScene
08:56:59.154 [JavaFX Application Thread] DEBUG GameApplicationServi - Clearing previous game
08:56:59.154 [JavaFX Application Thread] DEBUG GameScene            - Clearing game scene
08:56:59.154 [JavaFX Application Thread] DEBUG GameWorld            - Clearing game world
08:56:59.154 [JavaFX Application Thread] DEBUG PhysicsWorld         - Clearing physics world
08:56:59.156 [FXGL Background Thread 2 ] DEBUG FXGLApplication      - Initializing game
08:56:59.161 [FXGL Background Thread 2 ] DEBUG FXGLAssetLoaderServi - Loading from file system: file:/C:/Users/ADMIN/IdeaProjects/BombermanPlus/target/classes/assets/sounds/stage_start.wav
08:56:59.180 [FXGL Background Thread 2 ] INFO  FXGLApplication      - Game initialization took: 0.024 sec
08:56:59.183 [JavaFX Application Thread] DEBUG Input                - Clearing active input actions
08:56:59.187 [JavaFX Application Thread] DEBUG GameApplicationServi - Removing overlay from FXGLLoadingScene and adding to GameScene
08:56:59.189 [JavaFX Application Thread] DEBUG PrimaryStageWindow   - FXGLLoadingScene -> GameScene
08:57:00.490 [FXGL Background Thread 3 ] DEBUG Engine               - Logging environment variables
08:57:00.490 [FXGL Background Thread 3 ] DEBUG Engine               - achievements: []
08:57:00.490 [FXGL Background Thread 3 ] DEBUG Engine               - actualHeight: 720.0
08:57:00.491 [FXGL Background Thread 3 ] DEBUG Engine               - actualHeightProperty: ReadOnlyDoubleProperty [value: 720.0]
08:57:00.491 [FXGL Background Thread 3 ] DEBUG Engine               - actualWidth: 1080.0
08:57:00.491 [FXGL Background Thread 3 ] DEBUG Engine               - actualWidthProperty: ReadOnlyDoubleProperty [value: 1080.0]
08:57:00.491 [FXGL Background Thread 3 ] DEBUG Engine               - appIcon: fxgl_icon.png
08:57:00.491 [FXGL Background Thread 3 ] DEBUG Engine               - applicationMode: DEVELOPER
08:57:00.491 [FXGL Background Thread 3 ] DEBUG Engine               - cSSList: [fxgl_dark.css]
08:57:00.491 [FXGL Background Thread 3 ] DEBUG Engine               - collisionDetectionStrategy: BRUTE_FORCE
08:57:00.491 [FXGL Background Thread 3 ] DEBUG Engine               - configClass: Optional.empty
08:57:00.491 [FXGL Background Thread 3 ] DEBUG Engine               - credits: []
08:57:00.492 [FXGL Background Thread 3 ] DEBUG Engine               - defaultCursor: CursorInfo(imageName=fxgl_default_cursor.png, hotspotX=7.0, hotspotY=6.0)
08:57:00.492 [FXGL Background Thread 3 ] DEBUG Engine               - devBBoxColorProperty: ObjectProperty [value: 0xff0000ff]
08:57:00.492 [FXGL Background Thread 3 ] DEBUG Engine               - devEnableDebugCameraProperty: BooleanProperty [value: false]
08:57:00.492 [FXGL Background Thread 3 ] DEBUG Engine               - devSensorColorProperty: ObjectProperty [value: 0xffff00ff]
08:57:00.492 [FXGL Background Thread 3 ] DEBUG Engine               - devShowBBoxProperty: BooleanProperty [value: false]
08:57:00.493 [FXGL Background Thread 3 ] DEBUG Engine               - devShowPositionProperty: BooleanProperty [value: false]
08:57:00.493 [FXGL Background Thread 3 ] DEBUG Engine               - enabledMenuItems: []
08:57:00.493 [FXGL Background Thread 3 ] DEBUG Engine               - engineServices: [class com.almasb.fxgl.app.services.FXGLAssetLoaderService, class com.almasb.fxgl.app.FXGLApplication$GameApplicationService, class com.almasb.fxgl.app.services.FXGLDialogService, class com.almasb.fxgl.app.services.IOTaskExecutorService, class com.almasb.fxgl.io.FileSystemService, class com.almasb.fxgl.localization.LocalizationService, class com.almasb.fxgl.app.services.SystemBundleService, class com.almasb.fxgl.profile.SaveLoadService, class com.almasb.fxgl.ui.FXGLUIFactoryServiceProvider, class com.almasb.fxgl.ui.FXGLDialogFactoryServiceProvider, class com.almasb.fxgl.audio.AudioPlayer, class com.almasb.fxgl.notification.impl.NotificationServiceProvider, class com.almasb.fxgl.achievement.AchievementService, class com.almasb.fxgl.cutscene.CutsceneService, class com.almasb.fxgl.minigames.MiniGameService, class com.almasb.fxgl.net.NetService, class com.almasb.fxgl.app.services.UpdaterService, class com.almasb.fxgl.dev.DevService]
08:57:00.493 [FXGL Background Thread 3 ] DEBUG Engine               - fontGame: Abel-Regular.ttf
08:57:00.493 [FXGL Background Thread 3 ] DEBUG Engine               - fontMono: TerminalLandMono-Regular.otf
08:57:00.493 [FXGL Background Thread 3 ] DEBUG Engine               - fontText: Courier-Prime.ttf
08:57:00.493 [FXGL Background Thread 3 ] DEBUG Engine               - fontUI: Retro Gaming.ttf
08:57:00.493 [FXGL Background Thread 3 ] DEBUG Engine               - fullScreen: BooleanProperty [value: false]
08:57:00.493 [FXGL Background Thread 3 ] DEBUG Engine               - gameDifficulty: MEDIUM
08:57:00.493 [FXGL Background Thread 3 ] DEBUG Engine               - gameDifficultyProperty: ObjectProperty [value: MEDIUM]
08:57:00.493 [FXGL Background Thread 3 ] DEBUG Engine               - globalMusicVolume: 0.5
08:57:00.493 [FXGL Background Thread 3 ] DEBUG Engine               - globalMusicVolumeProperty: DoubleProperty [value: 0.0]
08:57:00.493 [FXGL Background Thread 3 ] DEBUG Engine               - globalSoundVolume: 0.5
08:57:00.493 [FXGL Background Thread 3 ] DEBUG Engine               - globalSoundVolumeProperty: DoubleProperty [value: 0.4]
08:57:00.493 [FXGL Background Thread 3 ] DEBUG Engine               - height: 720
08:57:00.493 [FXGL Background Thread 3 ] DEBUG Engine               - is3D: false
08:57:00.493 [FXGL Background Thread 3 ] DEBUG Engine               - isAndroid: false
08:57:00.493 [FXGL Background Thread 3 ] DEBUG Engine               - isBrowser: false
08:57:00.493 [FXGL Background Thread 3 ] DEBUG Engine               - isClickFeedbackEnabled: false
08:57:00.493 [FXGL Background Thread 3 ] DEBUG Engine               - isCloseConfirmation: false
08:57:00.494 [FXGL Background Thread 3 ] DEBUG Engine               - isDesktop: true
08:57:00.494 [FXGL Background Thread 3 ] DEBUG Engine               - isDeveloperMenuEnabled: true
08:57:00.494 [FXGL Background Thread 3 ] DEBUG Engine               - isEmbedded: false
08:57:00.494 [FXGL Background Thread 3 ] DEBUG Engine               - isEntityPreloadEnabled: true
08:57:00.494 [FXGL Background Thread 3 ] DEBUG Engine               - isExperimentalTiledLargeMap: false
08:57:00.494 [FXGL Background Thread 3 ] DEBUG Engine               - isFileSystemWriteAllowed: true
08:57:00.494 [FXGL Background Thread 3 ] DEBUG Engine               - isFullScreenAllowed: false
08:57:00.494 [FXGL Background Thread 3 ] DEBUG Engine               - isFullScreenFromStart: false
08:57:00.494 [FXGL Background Thread 3 ] DEBUG Engine               - isGameMenuEnabled: true
08:57:00.494 [FXGL Background Thread 3 ] DEBUG Engine               - isIOS: false
08:57:00.494 [FXGL Background Thread 3 ] DEBUG Engine               - isIntroEnabled: false
08:57:00.494 [FXGL Background Thread 3 ] DEBUG Engine               - isLinux: false
08:57:00.494 [FXGL Background Thread 3 ] DEBUG Engine               - isMac: false
08:57:00.494 [FXGL Background Thread 3 ] DEBUG Engine               - isMainMenuEnabled: true
08:57:00.494 [FXGL Background Thread 3 ] DEBUG Engine               - isManualResizeEnabled: true
08:57:00.494 [FXGL Background Thread 3 ] DEBUG Engine               - isMobile: false
08:57:00.494 [FXGL Background Thread 3 ] DEBUG Engine               - isNative: false
08:57:00.494 [FXGL Background Thread 3 ] DEBUG Engine               - isPauseMusicWhenMinimized: true
08:57:00.494 [FXGL Background Thread 3 ] DEBUG Engine               - isPreserveResizeRatio: true
08:57:00.494 [FXGL Background Thread 3 ] DEBUG Engine               - isProfilingEnabled: false
08:57:00.494 [FXGL Background Thread 3 ] DEBUG Engine               - isScaleAffectedOnResize: true
08:57:00.494 [FXGL Background Thread 3 ] DEBUG Engine               - isSingleStep: false
08:57:00.495 [FXGL Background Thread 3 ] DEBUG Engine               - isUserProfileEnabled: false
08:57:00.495 [FXGL Background Thread 3 ] DEBUG Engine               - isWindows: true
08:57:00.495 [FXGL Background Thread 3 ] DEBUG Engine               - language: ObjectProperty [value: ENGLISH]
08:57:00.495 [FXGL Background Thread 3 ] DEBUG Engine               - menuKey: ESCAPE
08:57:00.495 [FXGL Background Thread 3 ] DEBUG Engine               - mouseSensitivity: 0.2
08:57:00.495 [FXGL Background Thread 3 ] DEBUG Engine               - notificationViewClass: class com.almasb.fxgl.notification.view.XboxNotificationView
08:57:00.495 [FXGL Background Thread 3 ] DEBUG Engine               - pixelsPerMeter: 50.0
08:57:00.495 [FXGL Background Thread 3 ] DEBUG Engine               - platform: WINDOWS
08:57:00.495 [FXGL Background Thread 3 ] DEBUG Engine               - prefHeightProperty: ReadOnlyDoubleProperty [value: 720.0]
08:57:00.495 [FXGL Background Thread 3 ] DEBUG Engine               - prefWidthProperty: ReadOnlyDoubleProperty [value: 1080.0]
08:57:00.495 [FXGL Background Thread 3 ] DEBUG Engine               - profileDir: profiles/
08:57:00.495 [FXGL Background Thread 3 ] DEBUG Engine               - profileName: StringProperty [value: DEFAULT]
08:57:00.495 [FXGL Background Thread 3 ] DEBUG Engine               - randomSeed: -1
08:57:00.495 [FXGL Background Thread 3 ] DEBUG Engine               - runtimeInfo: RuntimeInfo(platform=WINDOWS, version=17.1, build=24.03.2022 17.34)
08:57:00.495 [FXGL Background Thread 3 ] DEBUG Engine               - saveFileExt: sav
08:57:00.495 [FXGL Background Thread 3 ] DEBUG Engine               - scaledHeightProp$fxgl: DoubleProperty [bound, value: 720.0]
08:57:00.495 [FXGL Background Thread 3 ] DEBUG Engine               - scaledWidthProp$fxgl: DoubleProperty [bound, value: 1080.0]
08:57:00.496 [FXGL Background Thread 3 ] DEBUG Engine               - sceneFactory: com.bomberman.bombermanplus.BombermanApp$1@6f4b5bcc
08:57:00.496 [FXGL Background Thread 3 ] DEBUG Engine               - secondsIn24h: 60
08:57:00.496 [FXGL Background Thread 3 ] DEBUG Engine               - soundMenuBack: menu/back.wav
08:57:00.496 [FXGL Background Thread 3 ] DEBUG Engine               - soundMenuPress: menu/press.wav
08:57:00.496 [FXGL Background Thread 3 ] DEBUG Engine               - soundMenuSelect: menu/select.wav
08:57:00.496 [FXGL Background Thread 3 ] DEBUG Engine               - soundNotification: core/notification.wav
08:57:00.496 [FXGL Background Thread 3 ] DEBUG Engine               - stageStyle: DECORATED
08:57:00.496 [FXGL Background Thread 3 ] DEBUG Engine               - supportedLanguages: [ENGLISH, FRENCH, GERMAN, HUNGARIAN, RUSSIAN]
08:57:00.496 [FXGL Background Thread 3 ] DEBUG Engine               - ticksPerSecond: -1
08:57:00.496 [FXGL Background Thread 3 ] DEBUG Engine               - title: BOMBERMAN
08:57:00.496 [FXGL Background Thread 3 ] DEBUG Engine               - urlGithub: https://github.com/AlmasB/FXGL
08:57:00.496 [FXGL Background Thread 3 ] DEBUG Engine               - urlLeaderboard: http://fxgl-top.herokuapp.com/
08:57:00.496 [FXGL Background Thread 3 ] DEBUG Engine               - urlPOM: https://raw.githubusercontent.com/AlmasB/FXGL/release/README.md
08:57:00.496 [FXGL Background Thread 3 ] DEBUG Engine               - userAppClass: class com.bomberman.bombermanplus.BombermanApp
08:57:00.496 [FXGL Background Thread 3 ] DEBUG Engine               - version: 1.0
08:57:00.496 [FXGL Background Thread 3 ] DEBUG Engine               - versionCheckDays: 7
08:57:00.496 [FXGL Background Thread 3 ] DEBUG Engine               - width: 1080
08:57:00.496 [FXGL Background Thread 3 ] DEBUG Engine               - Logging services
08:57:00.496 [FXGL Background Thread 3 ] DEBUG Engine               - class com.almasb.fxgl.app.services.FXGLAssetLoaderService
08:57:00.496 [FXGL Background Thread 3 ] DEBUG Engine               - class com.almasb.fxgl.app.FXGLApplication$GameApplicationService
08:57:00.496 [FXGL Background Thread 3 ] DEBUG Engine               - class com.almasb.fxgl.app.services.FXGLDialogService
08:57:00.496 [FXGL Background Thread 3 ] DEBUG Engine               - class com.almasb.fxgl.app.services.IOTaskExecutorService
08:57:00.496 [FXGL Background Thread 3 ] DEBUG Engine               - class com.almasb.fxgl.io.FileSystemService
08:57:00.496 [FXGL Background Thread 3 ] DEBUG Engine               - class com.almasb.fxgl.localization.LocalizationService
08:57:00.497 [FXGL Background Thread 3 ] DEBUG Engine               - class com.almasb.fxgl.app.services.SystemBundleService
08:57:00.497 [FXGL Background Thread 3 ] DEBUG Engine               - class com.almasb.fxgl.profile.SaveLoadService
08:57:00.497 [FXGL Background Thread 3 ] DEBUG Engine               - class com.almasb.fxgl.ui.FXGLUIFactoryServiceProvider
08:57:00.497 [FXGL Background Thread 3 ] DEBUG Engine               - class com.almasb.fxgl.ui.FXGLDialogFactoryServiceProvider
08:57:00.497 [FXGL Background Thread 3 ] DEBUG Engine               - class com.almasb.fxgl.audio.AudioPlayer
08:57:00.497 [FXGL Background Thread 3 ] DEBUG Engine               - class com.almasb.fxgl.notification.impl.NotificationServiceProvider
08:57:00.497 [FXGL Background Thread 3 ] DEBUG Engine               - class com.almasb.fxgl.achievement.AchievementService
08:57:00.497 [FXGL Background Thread 3 ] DEBUG Engine               - class com.almasb.fxgl.cutscene.CutsceneService
08:57:00.497 [FXGL Background Thread 3 ] DEBUG Engine               - class com.almasb.fxgl.minigames.MiniGameService
08:57:00.497 [FXGL Background Thread 3 ] DEBUG Engine               - class com.almasb.fxgl.net.NetService
08:57:00.497 [FXGL Background Thread 3 ] DEBUG Engine               - class com.almasb.fxgl.app.services.UpdaterService
08:57:00.497 [FXGL Background Thread 3 ] DEBUG Engine               - class com.almasb.fxgl.dev.DevService
08:57:02.055 [JavaFX Application Thread] WARN  TMXLevelLoader       - TiledMap generated from 1.9.2. Supported version: 1.4.2. Some features may not be parsed fully.
08:57:02.072 [JavaFX Application Thread] DEBUG TMXLevelLoader       - Parsed TiledMap: file:/C:/Users/ADMIN/IdeaProjects/BombermanPlus/target/classes/assets/levels/bbm_level1.tmx
08:57:02.072 [JavaFX Application Thread] DEBUG TMXLevelLoader       - Creating tile layer entities
08:57:02.073 [JavaFX Application Thread] DEBUG TilesetLoader        - Loading view for layer Tile Layer 1
08:57:02.075 [JavaFX Application Thread] DEBUG TilesetLoader        - Created buffer with size 1488.0x720.0
08:57:02.140 [JavaFX Application Thread] DEBUG TMXLevelLoader       - Creating object layer entities
08:57:02.141 [JavaFX Application Thread] DEBUG FXGLAssetLoaderServi - Loading from file system: file:/C:/Users/ADMIN/IdeaProjects/BombermanPlus/target/classes/assets/textures/items/powerup_speed.png
08:57:02.146 [JavaFX Application Thread] DEBUG FXGLAssetLoaderServi - Loading from file system: file:/C:/Users/ADMIN/IdeaProjects/BombermanPlus/target/classes/assets/textures/items/powerup_flames.png
08:57:02.147 [JavaFX Application Thread] DEBUG FXGLAssetLoaderServi - Loading from file system: file:/C:/Users/ADMIN/IdeaProjects/BombermanPlus/target/classes/assets/textures/items/powerup_bombs.png
08:57:02.149 [JavaFX Application Thread] DEBUG FXGLAssetLoaderServi - Loading from file system: file:/C:/Users/ADMIN/IdeaProjects/BombermanPlus/target/classes/assets/textures/items/powerup_flamepass.png
08:57:02.151 [JavaFX Application Thread] DEBUG FXGLAssetLoaderServi - Loading from file system: file:/C:/Users/ADMIN/IdeaProjects/BombermanPlus/target/classes/assets/textures/items/portal.png
08:57:02.154 [JavaFX Application Thread] DEBUG FXGLAssetLoaderServi - Loading from file system: file:/C:/Users/ADMIN/IdeaProjects/BombermanPlus/target/classes/assets/textures/sprites.png
08:57:02.222 [JavaFX Application Thread] DEBUG GameWorld            - Clearing removable entities
08:57:02.223 [JavaFX Application Thread] DEBUG GameWorld            - Setting level: com.almasb.fxgl.entity.level.Level@4893b022
08:57:02.261 [JavaFX Application Thread] DEBUG FXGLAssetLoaderServi - Loading from file system: file:/C:/Users/ADMIN/IdeaProjects/BombermanPlus/target/classes/assets/sounds/walk_2.wav
08:57:02.853 [JavaFX Application Thread] DEBUG FXGLAssetLoaderServi - Loading from file system: file:/C:/Users/ADMIN/IdeaProjects/BombermanPlus/target/classes/assets/sounds/walk_1.wav
08:57:03.237 [JavaFX Application Thread] DEBUG FXGLAssetLoaderServi - Loading from file system: file:/C:/Users/ADMIN/IdeaProjects/BombermanPlus/target/classes/assets/sounds/placed_bomb.wav
08:57:03.777 [JavaFX Application Thread] DEBUG FXGLAssetLoaderServi - Loading from file system: file:/C:/Users/ADMIN/IdeaProjects/BombermanPlus/target/classes/assets/sounds/power_up.wav
08:57:04.400 [JavaFX Application Thread] DEBUG FXGLAssetLoaderServi - Loading from file system: file:/C:/Users/ADMIN/IdeaProjects/BombermanPlus/target/classes/assets/sounds/bomb_exploded.wav
08:57:32.212 [JavaFX Application Thread] DEBUG PrimaryStageWindow   - Push state: DialogSubScene
08:57:32.212 [JavaFX Application Thread] DEBUG Input                - Clearing active input actions
08:57:32.212 [JavaFX Application Thread] DEBUG GameApplicationServi - Removing overlay from GameScene and adding to DialogSubScene
08:57:32.213 [JavaFX Application Thread] DEBUG PrimaryStageWindow   - GameScene -> DialogSubScene
08:57:32.214 [JavaFX Application Thread] WARN  TMXLevelLoader       - TiledMap generated from 1.9.2. Supported version: 1.4.2. Some features may not be parsed fully.
08:57:32.223 [JavaFX Application Thread] DEBUG TMXLevelLoader       - Parsed TiledMap: file:/C:/Users/ADMIN/IdeaProjects/BombermanPlus/target/classes/assets/levels/bbm_level1.tmx
08:57:32.223 [JavaFX Application Thread] DEBUG TMXLevelLoader       - Creating tile layer entities
08:57:32.223 [JavaFX Application Thread] DEBUG TilesetLoader        - Loading view for layer Tile Layer 1
08:57:32.225 [JavaFX Application Thread] DEBUG TilesetLoader        - Created buffer with size 1488.0x720.0
08:57:32.275 [JavaFX Application Thread] DEBUG TMXLevelLoader       - Creating object layer entities
08:57:32.306 [JavaFX Application Thread] DEBUG GameWorld            - Clearing removable entities
08:57:32.311 [JavaFX Application Thread] DEBUG GameWorld            - Setting level: com.almasb.fxgl.entity.level.Level@5ee7556b
08:57:33.862 [JavaFX Application Thread] DEBUG PrimaryStageWindow   - Pop state: DialogSubScene
08:57:33.863 [JavaFX Application Thread] DEBUG Input                - Clearing active input actions
08:57:33.863 [JavaFX Application Thread] DEBUG GameApplicationServi - Removing overlay from DialogSubScene and adding to GameScene
08:57:33.864 [JavaFX Application Thread] DEBUG PrimaryStageWindow   - GameScene <- DialogSubScene
08:57:33.864 [JavaFX Application Thread] DEBUG Input                - Clearing active input actions
08:57:33.867 [JavaFX Application Thread] DEBUG GameApplicationServi - Removing overlay from GameScene and adding to FXGLMainMenuDummyScene
08:57:33.867 [JavaFX Application Thread] DEBUG PrimaryStageWindow   - GameScene -> FXGLMainMenuDummyScene
08:57:33.867 [JavaFX Application Thread] DEBUG PrimaryStageWindow   - Push state: BombermanMenu
08:57:33.867 [JavaFX Application Thread] DEBUG Input                - Clearing active input actions
08:57:33.867 [JavaFX Application Thread] DEBUG GameApplicationServi - Removing overlay from FXGLMainMenuDummyScene and adding to BombermanMenu
08:57:33.870 [JavaFX Application Thread] DEBUG PrimaryStageWindow   - FXGLMainMenuDummyScene -> BombermanMenu
08:57:42.395 [JavaFX Application Thread] DEBUG FXGLApplication      - Exiting FXGL
08:57:42.395 [JavaFX Application Thread] DEBUG LoopRunner           - Stopping loop
08:57:42.396 [JavaFX Application Thread] DEBUG SystemBundleService  - Saving FXGL system data
08:57:42.397 [JavaFX Application Thread] DEBUG FileSystemAccess     - Writing to: C:\Users\ADMIN\IdeaProjects\BombermanPlus\system\fxgl.bundle
08:57:42.399 [JavaFX Application Thread] DEBUG Async                - Shutting down background threads
08:57:42.399 [JavaFX Application Thread] DEBUG PrimaryStageWindow   - Closing main window
08:57:42.406 [JavaFX Application Thread] DEBUG Logger               - Closing Logger
