23:40:19.229 [main                     ] DEBUG Logger               - Configured Logger
23:40:19.243 [main                     ] DEBUG GameApplication      - Logging settings
Title: BOMBERMAN
Version: 1.0
Width: 1080
Height: 720
Fullscreen: false
Intro: false
Profiling: false
Single step:false
App Mode: DEVELOPER
Menu Key: ESCAPE
Stage Style: DECORATED
Scene Factory: class com.bomberman.bombermanplus.BombermanApp$1

23:40:19.523 [JavaFX Application Thread] DEBUG FXGLApplication      - Initializing FXGL
23:40:19.526 [JavaFX Application Thread] INFO  Engine               - FXGL-17.1 (24.03.2022 17.34) on WINDOWS (J:19 FX:19-ea)
23:40:19.526 [JavaFX Application Thread] DEBUG Engine               - JRE Vendor Name: Oracle Corporation
23:40:19.526 [JavaFX Application Thread] DEBUG Engine               - Running on OS: Windows 11 version 10.0
23:40:19.526 [JavaFX Application Thread] DEBUG Engine               - Architecture: amd64
23:40:19.526 [JavaFX Application Thread] INFO  Engine               - Source code and latest versions at: https://github.com/AlmasB/FXGL
23:40:19.527 [JavaFX Application Thread] INFO  Engine               -       Ask questions and discuss at: https://github.com/AlmasB/FXGL/discussions
23:40:19.527 [JavaFX Application Thread] INFO  Engine               -              Join the FXGL chat at: https://gitter.im/AlmasB/FXGL
23:40:19.588 [JavaFX Application Thread] DEBUG PrimaryStageWindow   - Creating a JavaFX scene
23:40:19.621 [JavaFX Application Thread] DEBUG PrimaryStageWindow   - Target settings size: 1080.0 x 720.0
23:40:19.621 [JavaFX Application Thread] DEBUG PrimaryStageWindow   - Scaled scene size:    1080.0 x 720.0
23:40:19.621 [JavaFX Application Thread] DEBUG PrimaryStageWindow   - Scaled ratio: (1.0, 1.0)
23:40:19.622 [JavaFX Application Thread] DEBUG PrimaryStageWindow   - Set initial scene to FXGLStartupScene
23:40:19.626 [JavaFX Application Thread] DEBUG PrimaryStageWindow   - Opening main window
23:40:19.700 [JavaFX Application Thread] DEBUG PrimaryStageWindow   - Window border size: (14.4000244140625, 37.5999755859375)
23:40:19.700 [JavaFX Application Thread] DEBUG PrimaryStageWindow   - Scaled size: 1080.0 x 720.0
23:40:19.701 [JavaFX Application Thread] DEBUG PrimaryStageWindow   - Scaled ratio: (1.0, 1.0)
23:40:19.701 [JavaFX Application Thread] DEBUG PrimaryStageWindow   - Scene size: 1080.0 x 720.0
23:40:19.701 [JavaFX Application Thread] DEBUG PrimaryStageWindow   - Stage size: 1094.4000244140625 x 757.5999755859375
23:40:19.709 [FXGL Background Thread 1 ] DEBUG Engine               - Initializing environment variables
23:40:19.764 [FXGL Background Thread 1 ] DEBUG FXGLAssetLoaderServi - User app class for loading assets: class com.bomberman.bombermanplus.BombermanApp
23:40:19.765 [FXGL Background Thread 1 ] DEBUG GameApplicationServi - Applying CSS: fxgl_dark.css
23:40:19.765 [FXGL Background Thread 1 ] DEBUG FXGLAssetLoaderServi - Loading from file system: jar:file:///C:/Users/ADMIN/.m2/repository/com/github/almasb/fxgl/17.1/fxgl-17.1.jar!/fxglassets/ui/css/fxgl_dark.css
23:40:19.798 [FXGL Background Thread 1 ] DEBUG GameApplicationServi - Initializing application scenes
23:40:19.828 [FXGL Background Thread 1 ] DEBUG GameWorld            - Game world initialized
23:40:19.880 [FXGL Background Thread 1 ] DEBUG PhysicsWorld         - Physics world initialized: appHeight=720, physics.ppm=50.0
23:40:19.880 [FXGL Background Thread 1 ] DEBUG PhysicsWorld         - Using strategy: BRUTE_FORCE
23:40:19.884 [FXGL Background Thread 1 ] DEBUG GameScene            - Game scene initialized: 1080x720
23:40:19.927 [FXGL Background Thread 1 ] DEBUG GameApplicationServi - Application scenes initialized
23:40:19.935 [FXGL Background Thread 1 ] DEBUG SystemBundleService  - Loading FXGL system data
23:40:19.938 [FXGL Background Thread 1 ] DEBUG FileSystemAccess     - Reading from: C:\Users\ADMIN\IdeaProjects\BombermanPlus\system\fxgl.bundle
23:40:19.947 [FXGL Background Thread 1 ] DEBUG SystemBundleService  - Bundle FXGL: {}
23:40:19.947 [FXGL Background Thread 1 ] DEBUG UpdaterService       - Checking for updates
23:40:19.967 [FXGL Background Thread 4 ] DEBUG FXGLApplication      - Loading fonts
23:40:19.968 [FXGL Background Thread 1 ] DEBUG FXGLApplication      - Loading default localization
23:40:19.968 [FXGL Background Thread 1 ] DEBUG FXGLAssetLoaderServi - Loading from file system: jar:file:///C:/Users/ADMIN/.m2/repository/com/github/almasb/fxgl/17.1/fxgl-17.1.jar!/fxglassets/languages/english.lang
23:40:19.968 [FXGL Background Thread 4 ] DEBUG FXGLAssetLoaderServi - Loading from file system: file:/C:/Users/ADMIN/IdeaProjects/BombermanPlus/target/classes/assets/ui/fonts/Retro%20Gaming.ttf
23:40:19.981 [FXGL Background Thread 1 ] INFO  FXGLApplication      - FXGL initialization took: 0.272 sec
23:40:19.987 [JavaFX Application Thread] DEBUG Input                - Registered new binding: Move Right - D
23:40:19.987 [JavaFX Application Thread] DEBUG Input                - Registered new binding: Move Up - W
23:40:19.988 [JavaFX Application Thread] DEBUG Input                - Registered new binding: Move Down - S
23:40:19.988 [JavaFX Application Thread] DEBUG Input                - Registered new binding: Move Left - A
23:40:19.988 [JavaFX Application Thread] DEBUG Input                - Registered new binding: Place bomb - Space
23:40:19.988 [JavaFX Application Thread] DEBUG FXGLAssetLoaderServi - Loading from file system: file:/C:/Users/ADMIN/IdeaProjects/BombermanPlus/target/classes/assets/music/title_screen.mp3
23:40:20.039 [FXGL Background Thread 4 ] DEBUG FXGLAssetLoaderServi - Loading from file system: jar:file:///C:/Users/ADMIN/.m2/repository/com/github/almasb/fxgl/17.1/fxgl-17.1.jar!/fxglassets/ui/fonts/Abel-Regular.ttf
23:40:20.052 [FXGL Background Thread 4 ] DEBUG FXGLAssetLoaderServi - Loading from file system: jar:file:///C:/Users/ADMIN/.m2/repository/com/github/almasb/fxgl/17.1/fxgl-17.1.jar!/fxglassets/ui/fonts/TerminalLandMono-Regular.otf
23:40:20.067 [FXGL Background Thread 4 ] DEBUG FXGLAssetLoaderServi - Loading from file system: jar:file:///C:/Users/ADMIN/.m2/repository/com/github/almasb/fxgl/17.1/fxgl-17.1.jar!/fxglassets/ui/fonts/Courier-Prime.ttf
23:40:20.538 [JavaFX Application Thread] DEBUG AudioPlayer          - Playing music com.almasb.fxgl.audio.Music@16383752
23:40:20.539 [JavaFX Application Thread] DEBUG FXGLAssetLoaderServi - Loading from file system: jar:file:///C:/Users/ADMIN/.m2/repository/com/github/almasb/fxgl/17.1/fxgl-17.1.jar!/fxglassets/textures/fxgl_icon.png
23:40:20.574 [JavaFX Application Thread] DEBUG FXGLAssetLoaderServi - Loading from file system: jar:file:///C:/Users/ADMIN/.m2/repository/com/github/almasb/fxgl/17.1/fxgl-17.1.jar!/fxglassets/textures/fxgl_default_cursor.png
23:40:20.579 [JavaFX Application Thread] DEBUG Input                - Registered new binding: Screenshot - CTRL+8
23:40:20.579 [JavaFX Application Thread] DEBUG Input                - Registered new binding: Dev Options - 1
23:40:20.580 [JavaFX Application Thread] DEBUG Input                - Registered new binding: Dev Console - 2
23:40:20.580 [JavaFX Application Thread] DEBUG Input                - Registered new binding: System info dump - CTRL+9
23:40:20.580 [JavaFX Application Thread] DEBUG Input                - Registered new binding: Restart - CTRL+R
23:40:20.581 [JavaFX Application Thread] DEBUG Input                - Registered new binding: Toggle Debug Camera - CTRL+7
23:40:20.584 [JavaFX Application Thread] DEBUG LoopRunner           - Starting loop
23:40:20.599 [JavaFX Application Thread] DEBUG LoopRunner           - Initializing JavaFX AnimationTimerLoop
23:40:20.601 [JavaFX Application Thread] DEBUG Input                - Clearing active input actions
23:40:20.611 [JavaFX Application Thread] DEBUG GameApplicationServi - Removing overlay from FXGLStartupScene and adding to FXGLMainMenuDummyScene
23:40:20.616 [JavaFX Application Thread] DEBUG PrimaryStageWindow   - FXGLStartupScene -> FXGLMainMenuDummyScene
23:40:20.616 [JavaFX Application Thread] DEBUG PrimaryStageWindow   - Push state: BombermanMenu
23:40:20.617 [JavaFX Application Thread] DEBUG Input                - Clearing active input actions
23:40:20.620 [JavaFX Application Thread] DEBUG GameApplicationServi - Removing overlay from FXGLMainMenuDummyScene and adding to BombermanMenu
23:40:20.621 [JavaFX Application Thread] DEBUG PrimaryStageWindow   - FXGLMainMenuDummyScene -> BombermanMenu
23:40:20.632 [JavaFX Application Thread] DEBUG FXGLApplication      - Registering font factories with UI factory
23:40:20.665 [FXGL Background Thread 2 ] INFO  UpdaterService       - Your current version:  17.1
23:40:20.666 [FXGL Background Thread 2 ] INFO  UpdaterService       - Latest stable version: 17.2
23:40:21.396 [JavaFX Application Thread] DEBUG Menu                 - fireNewGame()
23:40:21.397 [JavaFX Application Thread] DEBUG GameApplicationServi - Starting new game
23:40:21.397 [JavaFX Application Thread] DEBUG PrimaryStageWindow   - Pop state: BombermanMenu
23:40:21.397 [JavaFX Application Thread] DEBUG Input                - Clearing active input actions
23:40:21.397 [JavaFX Application Thread] DEBUG GameApplicationServi - Removing overlay from BombermanMenu and adding to FXGLMainMenuDummyScene
23:40:21.398 [JavaFX Application Thread] DEBUG PrimaryStageWindow   - FXGLMainMenuDummyScene <- BombermanMenu
23:40:21.398 [JavaFX Application Thread] DEBUG Input                - Clearing active input actions
23:40:21.403 [JavaFX Application Thread] DEBUG GameApplicationServi - Removing overlay from FXGLMainMenuDummyScene and adding to FXGLLoadingScene
23:40:21.403 [JavaFX Application Thread] DEBUG PrimaryStageWindow   - FXGLMainMenuDummyScene -> FXGLLoadingScene
23:40:21.403 [JavaFX Application Thread] DEBUG GameApplicationServi - Clearing previous game
23:40:21.403 [JavaFX Application Thread] DEBUG GameScene            - Clearing game scene
23:40:21.403 [JavaFX Application Thread] DEBUG GameWorld            - Clearing game world
23:40:21.404 [JavaFX Application Thread] DEBUG PhysicsWorld         - Clearing physics world
23:40:21.405 [FXGL Background Thread 2 ] DEBUG FXGLApplication      - Initializing game
23:40:21.420 [FXGL Background Thread 2 ] DEBUG FXGLAssetLoaderServi - Loading from file system: file:/C:/Users/ADMIN/IdeaProjects/BombermanPlus/target/classes/assets/sounds/stage_start.wav
23:40:21.453 [FXGL Background Thread 2 ] INFO  FXGLApplication      - Game initialization took: 0.048 sec
23:40:21.457 [JavaFX Application Thread] DEBUG Input                - Clearing active input actions
23:40:21.461 [JavaFX Application Thread] DEBUG GameApplicationServi - Removing overlay from FXGLLoadingScene and adding to GameScene
23:40:21.464 [JavaFX Application Thread] DEBUG PrimaryStageWindow   - FXGLLoadingScene -> GameScene
23:40:22.967 [FXGL Background Thread 3 ] DEBUG Engine               - Logging environment variables
23:40:22.968 [FXGL Background Thread 3 ] DEBUG Engine               - achievements: []
23:40:22.968 [FXGL Background Thread 3 ] DEBUG Engine               - actualHeight: 720.0
23:40:22.968 [FXGL Background Thread 3 ] DEBUG Engine               - actualHeightProperty: ReadOnlyDoubleProperty [value: 720.0]
23:40:22.968 [FXGL Background Thread 3 ] DEBUG Engine               - actualWidth: 1080.0
23:40:22.968 [FXGL Background Thread 3 ] DEBUG Engine               - actualWidthProperty: ReadOnlyDoubleProperty [value: 1080.0]
23:40:22.968 [FXGL Background Thread 3 ] DEBUG Engine               - appIcon: fxgl_icon.png
23:40:22.968 [FXGL Background Thread 3 ] DEBUG Engine               - applicationMode: DEVELOPER
23:40:22.969 [FXGL Background Thread 3 ] DEBUG Engine               - cSSList: [fxgl_dark.css]
23:40:22.969 [FXGL Background Thread 3 ] DEBUG Engine               - collisionDetectionStrategy: BRUTE_FORCE
23:40:22.969 [FXGL Background Thread 3 ] DEBUG Engine               - configClass: Optional.empty
23:40:22.969 [FXGL Background Thread 3 ] DEBUG Engine               - credits: []
23:40:22.969 [FXGL Background Thread 3 ] DEBUG Engine               - defaultCursor: CursorInfo(imageName=fxgl_default_cursor.png, hotspotX=7.0, hotspotY=6.0)
23:40:22.969 [FXGL Background Thread 3 ] DEBUG Engine               - devBBoxColorProperty: ObjectProperty [value: 0xff0000ff]
23:40:22.969 [FXGL Background Thread 3 ] DEBUG Engine               - devEnableDebugCameraProperty: BooleanProperty [value: false]
23:40:22.970 [FXGL Background Thread 3 ] DEBUG Engine               - devSensorColorProperty: ObjectProperty [value: 0xffff00ff]
23:40:22.970 [FXGL Background Thread 3 ] DEBUG Engine               - devShowBBoxProperty: BooleanProperty [value: false]
23:40:22.970 [FXGL Background Thread 3 ] DEBUG Engine               - devShowPositionProperty: BooleanProperty [value: false]
23:40:22.970 [FXGL Background Thread 3 ] DEBUG Engine               - enabledMenuItems: []
23:40:22.970 [FXGL Background Thread 3 ] DEBUG Engine               - engineServices: [class com.almasb.fxgl.app.services.FXGLAssetLoaderService, class com.almasb.fxgl.app.FXGLApplication$GameApplicationService, class com.almasb.fxgl.app.services.FXGLDialogService, class com.almasb.fxgl.app.services.IOTaskExecutorService, class com.almasb.fxgl.io.FileSystemService, class com.almasb.fxgl.localization.LocalizationService, class com.almasb.fxgl.app.services.SystemBundleService, class com.almasb.fxgl.profile.SaveLoadService, class com.almasb.fxgl.ui.FXGLUIFactoryServiceProvider, class com.almasb.fxgl.ui.FXGLDialogFactoryServiceProvider, class com.almasb.fxgl.audio.AudioPlayer, class com.almasb.fxgl.notification.impl.NotificationServiceProvider, class com.almasb.fxgl.achievement.AchievementService, class com.almasb.fxgl.cutscene.CutsceneService, class com.almasb.fxgl.minigames.MiniGameService, class com.almasb.fxgl.net.NetService, class com.almasb.fxgl.app.services.UpdaterService, class com.almasb.fxgl.dev.DevService]
23:40:22.970 [FXGL Background Thread 3 ] DEBUG Engine               - fontGame: Abel-Regular.ttf
23:40:22.970 [FXGL Background Thread 3 ] DEBUG Engine               - fontMono: TerminalLandMono-Regular.otf
23:40:22.970 [FXGL Background Thread 3 ] DEBUG Engine               - fontText: Courier-Prime.ttf
23:40:22.970 [FXGL Background Thread 3 ] DEBUG Engine               - fontUI: Retro Gaming.ttf
23:40:22.970 [FXGL Background Thread 3 ] DEBUG Engine               - fullScreen: BooleanProperty [value: false]
23:40:22.971 [FXGL Background Thread 3 ] DEBUG Engine               - gameDifficulty: MEDIUM
23:40:22.971 [FXGL Background Thread 3 ] DEBUG Engine               - gameDifficultyProperty: ObjectProperty [value: MEDIUM]
23:40:22.971 [FXGL Background Thread 3 ] DEBUG Engine               - globalMusicVolume: 0.5
23:40:22.971 [FXGL Background Thread 3 ] DEBUG Engine               - globalMusicVolumeProperty: DoubleProperty [value: 0.0]
23:40:22.971 [FXGL Background Thread 3 ] DEBUG Engine               - globalSoundVolume: 0.5
23:40:22.971 [FXGL Background Thread 3 ] DEBUG Engine               - globalSoundVolumeProperty: DoubleProperty [value: 0.4]
23:40:22.971 [FXGL Background Thread 3 ] DEBUG Engine               - height: 720
23:40:22.971 [FXGL Background Thread 3 ] DEBUG Engine               - is3D: false
23:40:22.971 [FXGL Background Thread 3 ] DEBUG Engine               - isAndroid: false
23:40:22.971 [FXGL Background Thread 3 ] DEBUG Engine               - isBrowser: false
23:40:22.971 [FXGL Background Thread 3 ] DEBUG Engine               - isClickFeedbackEnabled: false
23:40:22.971 [FXGL Background Thread 3 ] DEBUG Engine               - isCloseConfirmation: false
23:40:22.971 [FXGL Background Thread 3 ] DEBUG Engine               - isDesktop: true
23:40:22.971 [FXGL Background Thread 3 ] DEBUG Engine               - isDeveloperMenuEnabled: true
23:40:22.971 [FXGL Background Thread 3 ] DEBUG Engine               - isEmbedded: false
23:40:22.971 [FXGL Background Thread 3 ] DEBUG Engine               - isEntityPreloadEnabled: true
23:40:22.971 [FXGL Background Thread 3 ] DEBUG Engine               - isExperimentalTiledLargeMap: false
23:40:22.971 [FXGL Background Thread 3 ] DEBUG Engine               - isFileSystemWriteAllowed: true
23:40:22.971 [FXGL Background Thread 3 ] DEBUG Engine               - isFullScreenAllowed: false
23:40:22.971 [FXGL Background Thread 3 ] DEBUG Engine               - isFullScreenFromStart: false
23:40:22.971 [FXGL Background Thread 3 ] DEBUG Engine               - isGameMenuEnabled: true
23:40:22.971 [FXGL Background Thread 3 ] DEBUG Engine               - isIOS: false
23:40:22.971 [FXGL Background Thread 3 ] DEBUG Engine               - isIntroEnabled: false
23:40:22.971 [FXGL Background Thread 3 ] DEBUG Engine               - isLinux: false
23:40:22.971 [FXGL Background Thread 3 ] DEBUG Engine               - isMac: false
23:40:22.972 [FXGL Background Thread 3 ] DEBUG Engine               - isMainMenuEnabled: true
23:40:22.972 [FXGL Background Thread 3 ] DEBUG Engine               - isManualResizeEnabled: true
23:40:22.972 [FXGL Background Thread 3 ] DEBUG Engine               - isMobile: false
23:40:22.972 [FXGL Background Thread 3 ] DEBUG Engine               - isNative: false
23:40:22.972 [FXGL Background Thread 3 ] DEBUG Engine               - isPauseMusicWhenMinimized: true
23:40:22.972 [FXGL Background Thread 3 ] DEBUG Engine               - isPreserveResizeRatio: true
23:40:22.972 [FXGL Background Thread 3 ] DEBUG Engine               - isProfilingEnabled: false
23:40:22.972 [FXGL Background Thread 3 ] DEBUG Engine               - isScaleAffectedOnResize: true
23:40:22.972 [FXGL Background Thread 3 ] DEBUG Engine               - isSingleStep: false
23:40:22.972 [FXGL Background Thread 3 ] DEBUG Engine               - isUserProfileEnabled: false
23:40:22.972 [FXGL Background Thread 3 ] DEBUG Engine               - isWindows: true
23:40:22.972 [FXGL Background Thread 3 ] DEBUG Engine               - language: ObjectProperty [value: ENGLISH]
23:40:22.972 [FXGL Background Thread 3 ] DEBUG Engine               - menuKey: ESCAPE
23:40:22.972 [FXGL Background Thread 3 ] DEBUG Engine               - mouseSensitivity: 0.2
23:40:22.972 [FXGL Background Thread 3 ] DEBUG Engine               - notificationViewClass: class com.almasb.fxgl.notification.view.XboxNotificationView
23:40:22.972 [FXGL Background Thread 3 ] DEBUG Engine               - pixelsPerMeter: 50.0
23:40:22.972 [FXGL Background Thread 3 ] DEBUG Engine               - platform: WINDOWS
23:40:22.972 [FXGL Background Thread 3 ] DEBUG Engine               - prefHeightProperty: ReadOnlyDoubleProperty [value: 720.0]
23:40:22.972 [FXGL Background Thread 3 ] DEBUG Engine               - prefWidthProperty: ReadOnlyDoubleProperty [value: 1080.0]
23:40:22.972 [FXGL Background Thread 3 ] DEBUG Engine               - profileDir: profiles/
23:40:22.974 [FXGL Background Thread 3 ] DEBUG Engine               - profileName: StringProperty [value: DEFAULT]
23:40:22.974 [FXGL Background Thread 3 ] DEBUG Engine               - randomSeed: -1
23:40:22.974 [FXGL Background Thread 3 ] DEBUG Engine               - runtimeInfo: RuntimeInfo(platform=WINDOWS, version=17.1, build=24.03.2022 17.34)
23:40:22.974 [FXGL Background Thread 3 ] DEBUG Engine               - saveFileExt: sav
23:40:22.974 [FXGL Background Thread 3 ] DEBUG Engine               - scaledHeightProp$fxgl: DoubleProperty [bound, value: 720.0]
23:40:22.974 [FXGL Background Thread 3 ] DEBUG Engine               - scaledWidthProp$fxgl: DoubleProperty [bound, value: 1080.0]
23:40:22.974 [FXGL Background Thread 3 ] DEBUG Engine               - sceneFactory: com.bomberman.bombermanplus.BombermanApp$1@2746121a
23:40:22.974 [FXGL Background Thread 3 ] DEBUG Engine               - secondsIn24h: 60
23:40:22.974 [FXGL Background Thread 3 ] DEBUG Engine               - soundMenuBack: menu/back.wav
23:40:22.974 [FXGL Background Thread 3 ] DEBUG Engine               - soundMenuPress: menu/press.wav
23:40:22.974 [FXGL Background Thread 3 ] DEBUG Engine               - soundMenuSelect: menu/select.wav
23:40:22.974 [FXGL Background Thread 3 ] DEBUG Engine               - soundNotification: core/notification.wav
23:40:22.974 [FXGL Background Thread 3 ] DEBUG Engine               - stageStyle: DECORATED
23:40:22.974 [FXGL Background Thread 3 ] DEBUG Engine               - supportedLanguages: [ENGLISH, FRENCH, GERMAN, HUNGARIAN, RUSSIAN]
23:40:22.974 [FXGL Background Thread 3 ] DEBUG Engine               - ticksPerSecond: -1
23:40:22.974 [FXGL Background Thread 3 ] DEBUG Engine               - title: BOMBERMAN
23:40:22.974 [FXGL Background Thread 3 ] DEBUG Engine               - urlGithub: https://github.com/AlmasB/FXGL
23:40:22.974 [FXGL Background Thread 3 ] DEBUG Engine               - urlLeaderboard: http://fxgl-top.herokuapp.com/
23:40:22.974 [FXGL Background Thread 3 ] DEBUG Engine               - urlPOM: https://raw.githubusercontent.com/AlmasB/FXGL/release/README.md
23:40:22.974 [FXGL Background Thread 3 ] DEBUG Engine               - userAppClass: class com.bomberman.bombermanplus.BombermanApp
23:40:22.974 [FXGL Background Thread 3 ] DEBUG Engine               - version: 1.0
23:40:22.974 [FXGL Background Thread 3 ] DEBUG Engine               - versionCheckDays: 7
23:40:22.974 [FXGL Background Thread 3 ] DEBUG Engine               - width: 1080
23:40:22.974 [FXGL Background Thread 3 ] DEBUG Engine               - Logging services
23:40:22.974 [FXGL Background Thread 3 ] DEBUG Engine               - class com.almasb.fxgl.app.services.FXGLAssetLoaderService
23:40:22.974 [FXGL Background Thread 3 ] DEBUG Engine               - class com.almasb.fxgl.app.FXGLApplication$GameApplicationService
23:40:22.974 [FXGL Background Thread 3 ] DEBUG Engine               - class com.almasb.fxgl.app.services.FXGLDialogService
23:40:22.974 [FXGL Background Thread 3 ] DEBUG Engine               - class com.almasb.fxgl.app.services.IOTaskExecutorService
23:40:22.974 [FXGL Background Thread 3 ] DEBUG Engine               - class com.almasb.fxgl.io.FileSystemService
23:40:22.974 [FXGL Background Thread 3 ] DEBUG Engine               - class com.almasb.fxgl.localization.LocalizationService
23:40:22.974 [FXGL Background Thread 3 ] DEBUG Engine               - class com.almasb.fxgl.app.services.SystemBundleService
23:40:22.974 [FXGL Background Thread 3 ] DEBUG Engine               - class com.almasb.fxgl.profile.SaveLoadService
23:40:22.974 [FXGL Background Thread 3 ] DEBUG Engine               - class com.almasb.fxgl.ui.FXGLUIFactoryServiceProvider
23:40:22.974 [FXGL Background Thread 3 ] DEBUG Engine               - class com.almasb.fxgl.ui.FXGLDialogFactoryServiceProvider
23:40:22.974 [FXGL Background Thread 3 ] DEBUG Engine               - class com.almasb.fxgl.audio.AudioPlayer
23:40:22.974 [FXGL Background Thread 3 ] DEBUG Engine               - class com.almasb.fxgl.notification.impl.NotificationServiceProvider
23:40:22.974 [FXGL Background Thread 3 ] DEBUG Engine               - class com.almasb.fxgl.achievement.AchievementService
23:40:22.974 [FXGL Background Thread 3 ] DEBUG Engine               - class com.almasb.fxgl.cutscene.CutsceneService
23:40:22.974 [FXGL Background Thread 3 ] DEBUG Engine               - class com.almasb.fxgl.minigames.MiniGameService
23:40:22.974 [FXGL Background Thread 3 ] DEBUG Engine               - class com.almasb.fxgl.net.NetService
23:40:22.974 [FXGL Background Thread 3 ] DEBUG Engine               - class com.almasb.fxgl.app.services.UpdaterService
23:40:22.974 [FXGL Background Thread 3 ] DEBUG Engine               - class com.almasb.fxgl.dev.DevService
23:40:24.189 [JavaFX Application Thread] WARN  TMXLevelLoader       - TiledMap generated from 1.9.2. Supported version: 1.4.2. Some features may not be parsed fully.
23:40:24.206 [JavaFX Application Thread] DEBUG TMXLevelLoader       - Parsed TiledMap: file:/C:/Users/ADMIN/IdeaProjects/BombermanPlus/target/classes/assets/levels/bbm_level1.tmx
23:40:24.207 [JavaFX Application Thread] DEBUG TMXLevelLoader       - Creating tile layer entities
23:40:24.208 [JavaFX Application Thread] DEBUG TilesetLoader        - Loading view for layer Tile Layer 1
23:40:24.209 [JavaFX Application Thread] DEBUG TilesetLoader        - Created buffer with size 1488.0x720.0
23:40:24.274 [JavaFX Application Thread] DEBUG TMXLevelLoader       - Creating object layer entities
23:40:24.275 [JavaFX Application Thread] DEBUG FXGLAssetLoaderServi - Loading from file system: file:/C:/Users/ADMIN/IdeaProjects/BombermanPlus/target/classes/assets/textures/items/powerup_speed.png
23:40:24.281 [JavaFX Application Thread] DEBUG FXGLAssetLoaderServi - Loading from file system: file:/C:/Users/ADMIN/IdeaProjects/BombermanPlus/target/classes/assets/textures/items/powerup_flames.png
23:40:24.282 [JavaFX Application Thread] DEBUG FXGLAssetLoaderServi - Loading from file system: file:/C:/Users/ADMIN/IdeaProjects/BombermanPlus/target/classes/assets/textures/items/powerup_bombs.png
23:40:24.284 [JavaFX Application Thread] DEBUG FXGLAssetLoaderServi - Loading from file system: file:/C:/Users/ADMIN/IdeaProjects/BombermanPlus/target/classes/assets/textures/items/powerup_flamepass.png
23:40:24.286 [JavaFX Application Thread] DEBUG FXGLAssetLoaderServi - Loading from file system: file:/C:/Users/ADMIN/IdeaProjects/BombermanPlus/target/classes/assets/textures/items/portal.png
23:40:24.288 [JavaFX Application Thread] DEBUG FXGLAssetLoaderServi - Loading from file system: file:/C:/Users/ADMIN/IdeaProjects/BombermanPlus/target/classes/assets/textures/sprites.png
23:40:24.356 [JavaFX Application Thread] DEBUG GameWorld            - Clearing removable entities
23:40:24.356 [JavaFX Application Thread] DEBUG GameWorld            - Setting level: com.almasb.fxgl.entity.level.Level@3d087597
23:40:24.392 [JavaFX Application Thread] DEBUG FXGLAssetLoaderServi - Loading from file system: file:/C:/Users/ADMIN/IdeaProjects/BombermanPlus/target/classes/assets/sounds/walk_2.wav
23:40:25.276 [JavaFX Application Thread] DEBUG FXGLAssetLoaderServi - Loading from file system: file:/C:/Users/ADMIN/IdeaProjects/BombermanPlus/target/classes/assets/sounds/power_up.wav
23:40:26.599 [JavaFX Application Thread] DEBUG FXGLAssetLoaderServi - Loading from file system: file:/C:/Users/ADMIN/IdeaProjects/BombermanPlus/target/classes/assets/sounds/placed_bomb.wav
23:40:27.067 [JavaFX Application Thread] DEBUG FXGLAssetLoaderServi - Loading from file system: file:/C:/Users/ADMIN/IdeaProjects/BombermanPlus/target/classes/assets/sounds/walk_1.wav
23:40:29.033 [JavaFX Application Thread] DEBUG FXGLAssetLoaderServi - Loading from file system: file:/C:/Users/ADMIN/IdeaProjects/BombermanPlus/target/classes/assets/sounds/bomb_exploded.wav
23:42:22.649 [JavaFX Application Thread] WARN  GameWorld            - Attempted to remove entity which is not active
23:42:38.171 [JavaFX Application Thread] WARN  GameWorld            - Attempted to remove entity which is not active
23:42:57.736 [JavaFX Application Thread] WARN  GameWorld            - Attempted to remove entity which is not active
23:43:15.099 [JavaFX Application Thread] DEBUG FXGLAssetLoaderServi - Loading from file system: file:/C:/Users/ADMIN/IdeaProjects/BombermanPlus/target/classes/assets/sounds/next_level.wav
23:43:20.128 [JavaFX Application Thread] WARN  TMXLevelLoader       - TiledMap generated from 1.7.2. Supported version: 1.4.2. Some features may not be parsed fully.
23:43:20.137 [JavaFX Application Thread] DEBUG TMXLevelLoader       - Parsed TiledMap: file:/C:/Users/ADMIN/IdeaProjects/BombermanPlus/target/classes/assets/levels/bbm_level2.tmx
23:43:20.138 [JavaFX Application Thread] DEBUG TMXLevelLoader       - Creating tile layer entities
23:43:20.138 [JavaFX Application Thread] DEBUG TilesetLoader        - Loading view for layer Floor
23:43:20.139 [JavaFX Application Thread] DEBUG TilesetLoader        - Created buffer with size 1488.0x720.0
23:43:20.246 [JavaFX Application Thread] DEBUG TilesetLoader        - Loading view for layer Object Tiles
23:43:20.247 [JavaFX Application Thread] DEBUG TilesetLoader        - Created buffer with size 1488.0x720.0
23:43:20.248 [JavaFX Application Thread] DEBUG TMXLevelLoader       - Creating object layer entities
23:43:20.278 [JavaFX Application Thread] DEBUG GameWorld            - Clearing removable entities
23:43:20.280 [JavaFX Application Thread] DEBUG GameWorld            - Setting level: com.almasb.fxgl.entity.level.Level@57a59b56
23:44:12.910 [JavaFX Application Thread] WARN  TMXLevelLoader       - TiledMap generated from 1.7.2. Supported version: 1.4.2. Some features may not be parsed fully.
23:44:12.915 [JavaFX Application Thread] DEBUG TMXLevelLoader       - Parsed TiledMap: file:/C:/Users/ADMIN/IdeaProjects/BombermanPlus/target/classes/assets/levels/bbm_level2.tmx
23:44:12.916 [JavaFX Application Thread] DEBUG TMXLevelLoader       - Creating tile layer entities
23:44:12.916 [JavaFX Application Thread] DEBUG TilesetLoader        - Loading view for layer Floor
23:44:12.917 [JavaFX Application Thread] DEBUG TilesetLoader        - Created buffer with size 1488.0x720.0
23:44:12.951 [JavaFX Application Thread] DEBUG TilesetLoader        - Loading view for layer Object Tiles
23:44:12.952 [JavaFX Application Thread] DEBUG TilesetLoader        - Created buffer with size 1488.0x720.0
23:44:12.952 [JavaFX Application Thread] DEBUG TMXLevelLoader       - Creating object layer entities
23:44:12.970 [JavaFX Application Thread] DEBUG GameWorld            - Clearing removable entities
23:44:12.973 [JavaFX Application Thread] DEBUG GameWorld            - Setting level: com.almasb.fxgl.entity.level.Level@fc3e343
23:44:14.260 [JavaFX Application Thread] DEBUG FXGLApplication      - Exiting FXGL
23:44:14.260 [JavaFX Application Thread] DEBUG LoopRunner           - Stopping loop
23:44:14.261 [JavaFX Application Thread] DEBUG SystemBundleService  - Saving FXGL system data
23:44:14.262 [JavaFX Application Thread] DEBUG FileSystemAccess     - Writing to: C:\Users\ADMIN\IdeaProjects\BombermanPlus\system\fxgl.bundle
23:44:14.264 [JavaFX Application Thread] DEBUG Async                - Shutting down background threads
23:44:14.264 [JavaFX Application Thread] DEBUG PrimaryStageWindow   - Closing main window
23:44:14.273 [JavaFX Application Thread] DEBUG Logger               - Closing Logger
