18:53:29.745 [main                     ] DEBUG Logger               - Configured Logger
18:53:29.765 [main                     ] DEBUG GameApplication      - Logging settings
Title: 
Version: 
Width: 1080
Height: 720
Fullscreen: false
Intro: false
Profiling: false
Single step:false
App Mode: DEVELOPER
Menu Key: ESCAPE
Stage Style: DECORATED
Scene Factory: class com.bomberman.bombermanplus.BombermanApp$1

18:53:30.088 [JavaFX Application Thread] DEBUG FXGLApplication      - Initializing FXGL
18:53:30.093 [JavaFX Application Thread] INFO  Engine               - FXGL-17.1 (24.03.2022 17.34) on WINDOWS (J:19 FX:19-ea)
18:53:30.093 [JavaFX Application Thread] DEBUG Engine               - JRE Vendor Name: Oracle Corporation
18:53:30.093 [JavaFX Application Thread] DEBUG Engine               - Running on OS: Windows 11 version 10.0
18:53:30.094 [JavaFX Application Thread] DEBUG Engine               - Architecture: amd64
18:53:30.094 [JavaFX Application Thread] INFO  Engine               - Source code and latest versions at: https://github.com/AlmasB/FXGL
18:53:30.094 [JavaFX Application Thread] INFO  Engine               -       Ask questions and discuss at: https://github.com/AlmasB/FXGL/discussions
18:53:30.094 [JavaFX Application Thread] INFO  Engine               -              Join the FXGL chat at: https://gitter.im/AlmasB/FXGL
18:53:30.158 [JavaFX Application Thread] DEBUG PrimaryStageWindow   - Creating a JavaFX scene
18:53:30.190 [JavaFX Application Thread] DEBUG PrimaryStageWindow   - Target settings size: 1080.0 x 720.0
18:53:30.190 [JavaFX Application Thread] DEBUG PrimaryStageWindow   - Scaled scene size:    1080.0 x 720.0
18:53:30.190 [JavaFX Application Thread] DEBUG PrimaryStageWindow   - Scaled ratio: (1.0, 1.0)
18:53:30.191 [JavaFX Application Thread] DEBUG PrimaryStageWindow   - Set initial scene to FXGLStartupScene
18:53:30.196 [JavaFX Application Thread] DEBUG PrimaryStageWindow   - Opening main window
18:53:30.277 [JavaFX Application Thread] DEBUG PrimaryStageWindow   - Window border size: (14.4000244140625, 37.5999755859375)
18:53:30.277 [JavaFX Application Thread] DEBUG PrimaryStageWindow   - Scaled size: 1080.0 x 720.0
18:53:30.278 [JavaFX Application Thread] DEBUG PrimaryStageWindow   - Scaled ratio: (1.0, 1.0)
18:53:30.278 [JavaFX Application Thread] DEBUG PrimaryStageWindow   - Scene size: 1080.0 x 720.0
18:53:30.278 [JavaFX Application Thread] DEBUG PrimaryStageWindow   - Stage size: 1094.4000244140625 x 757.5999755859375
18:53:30.285 [FXGL Background Thread 1 ] DEBUG Engine               - Initializing environment variables
18:53:30.335 [FXGL Background Thread 1 ] DEBUG FXGLAssetLoaderServi - User app class for loading assets: class com.bomberman.bombermanplus.BombermanApp
18:53:30.336 [FXGL Background Thread 1 ] DEBUG GameApplicationServi - Applying CSS: fxgl_dark.css
18:53:30.336 [FXGL Background Thread 1 ] DEBUG FXGLAssetLoaderServi - Loading from file system: jar:file:///C:/Users/Gia%20Phong/.m2/repository/com/github/almasb/fxgl/17.1/fxgl-17.1.jar!/fxglassets/ui/css/fxgl_dark.css
18:53:30.372 [FXGL Background Thread 1 ] DEBUG GameApplicationServi - Initializing application scenes
18:53:30.409 [FXGL Background Thread 1 ] DEBUG GameWorld            - Game world initialized
18:53:30.478 [FXGL Background Thread 1 ] DEBUG PhysicsWorld         - Physics world initialized: appHeight=720, physics.ppm=50.0
18:53:30.478 [FXGL Background Thread 1 ] DEBUG PhysicsWorld         - Using strategy: BRUTE_FORCE
18:53:30.483 [FXGL Background Thread 1 ] DEBUG GameScene            - Game scene initialized: 1080x720
18:53:30.488 [FXGL Background Thread 1 ] DEBUG FXGLAssetLoaderServi - Loading from file system: file:/C:/Users/Gia%20Phong/Downloads/Java/src/BombermanPlus/target/classes/assets/textures/Bomber%20BG.png
18:53:30.553 [FXGL Background Thread 1 ] DEBUG GameApplicationServi - Application scenes initialized
18:53:30.565 [FXGL Background Thread 1 ] DEBUG SystemBundleService  - Loading FXGL system data
18:53:30.575 [FXGL Background Thread 1 ] DEBUG FileSystemAccess     - Reading from: C:\Users\Gia Phong\Downloads\Java\src\BombermanPlus\system\fxgl.bundle
18:53:30.588 [FXGL Background Thread 1 ] DEBUG SystemBundleService  - Bundle FXGL: {}
18:53:30.588 [FXGL Background Thread 1 ] DEBUG UpdaterService       - Checking for updates
18:53:30.625 [FXGL Background Thread 4 ] DEBUG FXGLApplication      - Loading fonts
18:53:30.625 [FXGL Background Thread 1 ] DEBUG FXGLApplication      - Loading default localization
18:53:30.626 [FXGL Background Thread 1 ] DEBUG FXGLAssetLoaderServi - Loading from file system: jar:file:///C:/Users/Gia%20Phong/.m2/repository/com/github/almasb/fxgl/17.1/fxgl-17.1.jar!/fxglassets/languages/english.lang
18:53:30.626 [FXGL Background Thread 4 ] DEBUG FXGLAssetLoaderServi - Loading from file system: file:/C:/Users/Gia%20Phong/Downloads/Java/src/BombermanPlus/target/classes/assets/ui/fonts/Retro%20Gaming.ttf
18:53:30.655 [FXGL Background Thread 1 ] INFO  FXGLApplication      - FXGL initialization took: 0.369 sec
18:53:30.672 [JavaFX Application Thread] DEBUG Input                - Registered new binding: Move Right - D
18:53:30.672 [JavaFX Application Thread] DEBUG Input                - Registered new binding: Move Up - W
18:53:30.672 [JavaFX Application Thread] DEBUG Input                - Registered new binding: Move Down - S
18:53:30.673 [JavaFX Application Thread] DEBUG Input                - Registered new binding: Move Left - A
18:53:30.673 [JavaFX Application Thread] DEBUG Input                - Registered new binding: Place bomb - Space
18:53:30.674 [JavaFX Application Thread] DEBUG FXGLAssetLoaderServi - Loading from file system: file:/C:/Users/Gia%20Phong/Downloads/Java/src/BombermanPlus/target/classes/assets/music/title_screen.mp3
18:53:30.776 [FXGL Background Thread 4 ] DEBUG FXGLAssetLoaderServi - Loading from file system: jar:file:///C:/Users/Gia%20Phong/.m2/repository/com/github/almasb/fxgl/17.1/fxgl-17.1.jar!/fxglassets/ui/fonts/Abel-Regular.ttf
18:53:30.784 [FXGL Background Thread 4 ] DEBUG FXGLAssetLoaderServi - Loading from file system: jar:file:///C:/Users/Gia%20Phong/.m2/repository/com/github/almasb/fxgl/17.1/fxgl-17.1.jar!/fxglassets/ui/fonts/TerminalLandMono-Regular.otf
18:53:30.793 [FXGL Background Thread 4 ] DEBUG FXGLAssetLoaderServi - Loading from file system: jar:file:///C:/Users/Gia%20Phong/.m2/repository/com/github/almasb/fxgl/17.1/fxgl-17.1.jar!/fxglassets/ui/fonts/Courier-Prime.ttf
18:53:30.960 [JavaFX Application Thread] DEBUG AudioPlayer          - Playing music com.almasb.fxgl.audio.Music@1d08cddb
18:53:30.961 [JavaFX Application Thread] DEBUG FXGLAssetLoaderServi - Loading from file system: jar:file:///C:/Users/Gia%20Phong/.m2/repository/com/github/almasb/fxgl/17.1/fxgl-17.1.jar!/fxglassets/textures/fxgl_icon.png
18:53:30.995 [JavaFX Application Thread] DEBUG FXGLAssetLoaderServi - Loading from file system: jar:file:///C:/Users/Gia%20Phong/.m2/repository/com/github/almasb/fxgl/17.1/fxgl-17.1.jar!/fxglassets/textures/fxgl_default_cursor.png
18:53:30.997 [JavaFX Application Thread] DEBUG Input                - Registered new binding: Screenshot - CTRL+8
18:53:30.999 [JavaFX Application Thread] DEBUG Input                - Registered new binding: Dev Options - 1
18:53:30.999 [JavaFX Application Thread] DEBUG Input                - Registered new binding: Dev Console - 2
18:53:31.000 [JavaFX Application Thread] DEBUG Input                - Registered new binding: System info dump - CTRL+9
18:53:31.000 [JavaFX Application Thread] DEBUG Input                - Registered new binding: Restart - CTRL+R
18:53:31.001 [JavaFX Application Thread] DEBUG Input                - Registered new binding: Toggle Debug Camera - CTRL+7
18:53:31.004 [JavaFX Application Thread] DEBUG AchievementService   - Registered new achievement: Slayer
18:53:31.004 [JavaFX Application Thread] DEBUG AchievementService   - Registered new achievement: See the world
18:53:31.004 [JavaFX Application Thread] DEBUG AchievementService   - Registered new achievement: Score owner
18:53:31.005 [JavaFX Application Thread] DEBUG LoopRunner           - Starting loop
18:53:31.016 [JavaFX Application Thread] DEBUG LoopRunner           - Initializing JavaFX AnimationTimerLoop
18:53:31.019 [JavaFX Application Thread] DEBUG Input                - Clearing active input actions
18:53:31.030 [JavaFX Application Thread] DEBUG GameApplicationServi - Removing overlay from FXGLStartupScene and adding to FXGLMainMenuDummyScene
18:53:31.034 [JavaFX Application Thread] DEBUG PrimaryStageWindow   - FXGLStartupScene -> FXGLMainMenuDummyScene
18:53:31.034 [JavaFX Application Thread] DEBUG PrimaryStageWindow   - Push state: BombermanMenu
18:53:31.035 [JavaFX Application Thread] DEBUG Input                - Clearing active input actions
18:53:31.036 [JavaFX Application Thread] DEBUG GameApplicationServi - Removing overlay from FXGLMainMenuDummyScene and adding to BombermanMenu
18:53:31.037 [JavaFX Application Thread] DEBUG PrimaryStageWindow   - FXGLMainMenuDummyScene -> BombermanMenu
18:53:31.055 [JavaFX Application Thread] DEBUG FXGLApplication      - Registering font factories with UI factory
18:53:31.544 [FXGL Background Thread 2 ] INFO  UpdaterService       - Your current version:  17.1
18:53:31.544 [FXGL Background Thread 2 ] INFO  UpdaterService       - Latest stable version: 17.2
18:53:33.132 [JavaFX Application Thread] DEBUG Menu                 - fireExitToMainMenu()
18:53:33.135 [JavaFX Application Thread] DEBUG PrimaryStageWindow   - Push state: DialogSubScene
18:53:33.135 [JavaFX Application Thread] DEBUG Input                - Clearing active input actions
18:53:33.136 [JavaFX Application Thread] DEBUG GameApplicationServi - Removing overlay from BombermanMenu and adding to DialogSubScene
18:53:33.137 [JavaFX Application Thread] DEBUG PrimaryStageWindow   - BombermanMenu -> DialogSubScene
18:53:33.630 [FXGL Background Thread 3 ] DEBUG Engine               - Logging environment variables
18:53:33.631 [FXGL Background Thread 3 ] DEBUG Engine               - achievements: [Slayer:achieved(false), See the world:achieved(false), Score owner:achieved(false)]
18:53:33.631 [FXGL Background Thread 3 ] DEBUG Engine               - actualHeight: 720.0
18:53:33.631 [FXGL Background Thread 3 ] DEBUG Engine               - actualHeightProperty: ReadOnlyDoubleProperty [value: 720.0]
18:53:33.631 [FXGL Background Thread 3 ] DEBUG Engine               - actualWidth: 1080.0
18:53:33.632 [FXGL Background Thread 3 ] DEBUG Engine               - actualWidthProperty: ReadOnlyDoubleProperty [value: 1080.0]
18:53:33.632 [FXGL Background Thread 3 ] DEBUG Engine               - appIcon: fxgl_icon.png
18:53:33.632 [FXGL Background Thread 3 ] DEBUG Engine               - applicationMode: DEVELOPER
18:53:33.632 [FXGL Background Thread 3 ] DEBUG Engine               - cSSList: [fxgl_dark.css]
18:53:33.632 [FXGL Background Thread 3 ] DEBUG Engine               - collisionDetectionStrategy: BRUTE_FORCE
18:53:33.632 [FXGL Background Thread 3 ] DEBUG Engine               - configClass: Optional.empty
18:53:33.632 [FXGL Background Thread 3 ] DEBUG Engine               - credits: []
18:53:33.632 [FXGL Background Thread 3 ] DEBUG Engine               - defaultCursor: CursorInfo(imageName=fxgl_default_cursor.png, hotspotX=7.0, hotspotY=6.0)
18:53:33.632 [FXGL Background Thread 3 ] DEBUG Engine               - devBBoxColorProperty: ObjectProperty [value: 0xff0000ff]
18:53:33.634 [FXGL Background Thread 3 ] DEBUG Engine               - devEnableDebugCameraProperty: BooleanProperty [value: false]
18:53:33.634 [FXGL Background Thread 3 ] DEBUG Engine               - devSensorColorProperty: ObjectProperty [value: 0xffff00ff]
18:53:33.634 [FXGL Background Thread 3 ] DEBUG Engine               - devShowBBoxProperty: BooleanProperty [value: false]
18:53:33.634 [FXGL Background Thread 3 ] DEBUG Engine               - devShowPositionProperty: BooleanProperty [value: false]
18:53:33.634 [FXGL Background Thread 3 ] DEBUG Engine               - enabledMenuItems: []
18:53:33.634 [FXGL Background Thread 3 ] DEBUG Engine               - engineServices: [class com.almasb.fxgl.app.services.FXGLAssetLoaderService, class com.almasb.fxgl.app.FXGLApplication$GameApplicationService, class com.almasb.fxgl.app.services.FXGLDialogService, class com.almasb.fxgl.app.services.IOTaskExecutorService, class com.almasb.fxgl.io.FileSystemService, class com.almasb.fxgl.localization.LocalizationService, class com.almasb.fxgl.app.services.SystemBundleService, class com.almasb.fxgl.profile.SaveLoadService, class com.almasb.fxgl.ui.FXGLUIFactoryServiceProvider, class com.almasb.fxgl.ui.FXGLDialogFactoryServiceProvider, class com.almasb.fxgl.audio.AudioPlayer, class com.almasb.fxgl.notification.impl.NotificationServiceProvider, class com.almasb.fxgl.achievement.AchievementService, class com.almasb.fxgl.cutscene.CutsceneService, class com.almasb.fxgl.minigames.MiniGameService, class com.almasb.fxgl.net.NetService, class com.almasb.fxgl.app.services.UpdaterService, class com.almasb.fxgl.dev.DevService]
18:53:33.634 [FXGL Background Thread 3 ] DEBUG Engine               - fontGame: Abel-Regular.ttf
18:53:33.634 [FXGL Background Thread 3 ] DEBUG Engine               - fontMono: TerminalLandMono-Regular.otf
18:53:33.634 [FXGL Background Thread 3 ] DEBUG Engine               - fontText: Courier-Prime.ttf
18:53:33.634 [FXGL Background Thread 3 ] DEBUG Engine               - fontUI: Retro Gaming.ttf
18:53:33.634 [FXGL Background Thread 3 ] DEBUG Engine               - fullScreen: BooleanProperty [value: false]
18:53:33.634 [FXGL Background Thread 3 ] DEBUG Engine               - gameDifficulty: MEDIUM
18:53:33.634 [FXGL Background Thread 3 ] DEBUG Engine               - gameDifficultyProperty: ObjectProperty [value: MEDIUM]
18:53:33.634 [FXGL Background Thread 3 ] DEBUG Engine               - globalMusicVolume: 0.5
18:53:33.634 [FXGL Background Thread 3 ] DEBUG Engine               - globalMusicVolumeProperty: DoubleProperty [value: 0.05]
18:53:33.634 [FXGL Background Thread 3 ] DEBUG Engine               - globalSoundVolume: 0.5
18:53:33.634 [FXGL Background Thread 3 ] DEBUG Engine               - globalSoundVolumeProperty: DoubleProperty [value: 0.4]
18:53:33.635 [FXGL Background Thread 3 ] DEBUG Engine               - height: 720
18:53:33.635 [FXGL Background Thread 3 ] DEBUG Engine               - is3D: false
18:53:33.635 [FXGL Background Thread 3 ] DEBUG Engine               - isAndroid: false
18:53:33.635 [FXGL Background Thread 3 ] DEBUG Engine               - isBrowser: false
18:53:33.635 [FXGL Background Thread 3 ] DEBUG Engine               - isClickFeedbackEnabled: false
18:53:33.635 [FXGL Background Thread 3 ] DEBUG Engine               - isCloseConfirmation: false
18:53:33.635 [FXGL Background Thread 3 ] DEBUG Engine               - isDesktop: true
18:53:33.635 [FXGL Background Thread 3 ] DEBUG Engine               - isDeveloperMenuEnabled: true
18:53:33.635 [FXGL Background Thread 3 ] DEBUG Engine               - isEmbedded: false
18:53:33.635 [FXGL Background Thread 3 ] DEBUG Engine               - isEntityPreloadEnabled: true
18:53:33.635 [FXGL Background Thread 3 ] DEBUG Engine               - isExperimentalTiledLargeMap: false
18:53:33.635 [FXGL Background Thread 3 ] DEBUG Engine               - isFileSystemWriteAllowed: true
18:53:33.635 [FXGL Background Thread 3 ] DEBUG Engine               - isFullScreenAllowed: false
18:53:33.635 [FXGL Background Thread 3 ] DEBUG Engine               - isFullScreenFromStart: false
18:53:33.635 [FXGL Background Thread 3 ] DEBUG Engine               - isGameMenuEnabled: true
18:53:33.635 [FXGL Background Thread 3 ] DEBUG Engine               - isIOS: false
18:53:33.635 [FXGL Background Thread 3 ] DEBUG Engine               - isIntroEnabled: false
18:53:33.635 [FXGL Background Thread 3 ] DEBUG Engine               - isLinux: false
18:53:33.635 [FXGL Background Thread 3 ] DEBUG Engine               - isMac: false
18:53:33.635 [FXGL Background Thread 3 ] DEBUG Engine               - isMainMenuEnabled: true
18:53:33.636 [FXGL Background Thread 3 ] DEBUG Engine               - isManualResizeEnabled: true
18:53:33.636 [FXGL Background Thread 3 ] DEBUG Engine               - isMobile: false
18:53:33.636 [FXGL Background Thread 3 ] DEBUG Engine               - isNative: false
18:53:33.636 [FXGL Background Thread 3 ] DEBUG Engine               - isPauseMusicWhenMinimized: true
18:53:33.636 [FXGL Background Thread 3 ] DEBUG Engine               - isPreserveResizeRatio: true
18:53:33.636 [FXGL Background Thread 3 ] DEBUG Engine               - isProfilingEnabled: false
18:53:33.636 [FXGL Background Thread 3 ] DEBUG Engine               - isScaleAffectedOnResize: true
18:53:33.636 [FXGL Background Thread 3 ] DEBUG Engine               - isSingleStep: false
18:53:33.636 [FXGL Background Thread 3 ] DEBUG Engine               - isUserProfileEnabled: false
18:53:33.636 [FXGL Background Thread 3 ] DEBUG Engine               - isWindows: true
18:53:33.636 [FXGL Background Thread 3 ] DEBUG Engine               - language: ObjectProperty [value: ENGLISH]
18:53:33.636 [FXGL Background Thread 3 ] DEBUG Engine               - menuKey: ESCAPE
18:53:33.636 [FXGL Background Thread 3 ] DEBUG Engine               - mouseSensitivity: 0.2
18:53:33.636 [FXGL Background Thread 3 ] DEBUG Engine               - notificationViewClass: class com.almasb.fxgl.notification.view.XboxNotificationView
18:53:33.636 [FXGL Background Thread 3 ] DEBUG Engine               - pixelsPerMeter: 50.0
18:53:33.636 [FXGL Background Thread 3 ] DEBUG Engine               - platform: WINDOWS
18:53:33.636 [FXGL Background Thread 3 ] DEBUG Engine               - prefHeightProperty: ReadOnlyDoubleProperty [value: 720.0]
18:53:33.636 [FXGL Background Thread 3 ] DEBUG Engine               - prefWidthProperty: ReadOnlyDoubleProperty [value: 1080.0]
18:53:33.636 [FXGL Background Thread 3 ] DEBUG Engine               - profileDir: profiles/
18:53:33.636 [FXGL Background Thread 3 ] DEBUG Engine               - profileName: StringProperty [value: DEFAULT]
18:53:33.636 [FXGL Background Thread 3 ] DEBUG Engine               - randomSeed: -1
18:53:33.639 [FXGL Background Thread 3 ] DEBUG Engine               - runtimeInfo: RuntimeInfo(platform=WINDOWS, version=17.1, build=24.03.2022 17.34)
18:53:33.639 [FXGL Background Thread 3 ] DEBUG Engine               - saveFileExt: sav
18:53:33.639 [FXGL Background Thread 3 ] DEBUG Engine               - scaledHeightProp$fxgl: DoubleProperty [bound, value: 720.0]
18:53:33.639 [FXGL Background Thread 3 ] DEBUG Engine               - scaledWidthProp$fxgl: DoubleProperty [bound, value: 1080.0]
18:53:33.640 [FXGL Background Thread 3 ] DEBUG Engine               - sceneFactory: com.bomberman.bombermanplus.BombermanApp$1@3e12e7e5
18:53:33.640 [FXGL Background Thread 3 ] DEBUG Engine               - secondsIn24h: 60
18:53:33.640 [FXGL Background Thread 3 ] DEBUG Engine               - soundMenuBack: menu/back.wav
18:53:33.640 [FXGL Background Thread 3 ] DEBUG Engine               - soundMenuPress: menu/press.wav
18:53:33.640 [FXGL Background Thread 3 ] DEBUG Engine               - soundMenuSelect: menu/select.wav
18:53:33.640 [FXGL Background Thread 3 ] DEBUG Engine               - soundNotification: core/notification.wav
18:53:33.640 [FXGL Background Thread 3 ] DEBUG Engine               - stageStyle: DECORATED
18:53:33.640 [FXGL Background Thread 3 ] DEBUG Engine               - supportedLanguages: [ENGLISH, FRENCH, GERMAN, HUNGARIAN, RUSSIAN]
18:53:33.640 [FXGL Background Thread 3 ] DEBUG Engine               - ticksPerSecond: -1
18:53:33.640 [FXGL Background Thread 3 ] DEBUG Engine               - title: 
18:53:33.640 [FXGL Background Thread 3 ] DEBUG Engine               - urlGithub: https://github.com/AlmasB/FXGL
18:53:33.640 [FXGL Background Thread 3 ] DEBUG Engine               - urlLeaderboard: http://fxgl-top.herokuapp.com/
18:53:33.640 [FXGL Background Thread 3 ] DEBUG Engine               - urlPOM: https://raw.githubusercontent.com/AlmasB/FXGL/release/README.md
18:53:33.640 [FXGL Background Thread 3 ] DEBUG Engine               - userAppClass: class com.bomberman.bombermanplus.BombermanApp
18:53:33.640 [FXGL Background Thread 3 ] DEBUG Engine               - version: 
18:53:33.640 [FXGL Background Thread 3 ] DEBUG Engine               - versionCheckDays: 7
18:53:33.640 [FXGL Background Thread 3 ] DEBUG Engine               - width: 1080
18:53:33.640 [FXGL Background Thread 3 ] DEBUG Engine               - Logging services
18:53:33.640 [FXGL Background Thread 3 ] DEBUG Engine               - class com.almasb.fxgl.app.services.FXGLAssetLoaderService
18:53:33.640 [FXGL Background Thread 3 ] DEBUG Engine               - class com.almasb.fxgl.app.FXGLApplication$GameApplicationService
18:53:33.640 [FXGL Background Thread 3 ] DEBUG Engine               - class com.almasb.fxgl.app.services.FXGLDialogService
18:53:33.640 [FXGL Background Thread 3 ] DEBUG Engine               - class com.almasb.fxgl.app.services.IOTaskExecutorService
18:53:33.640 [FXGL Background Thread 3 ] DEBUG Engine               - class com.almasb.fxgl.io.FileSystemService
18:53:33.641 [FXGL Background Thread 3 ] DEBUG Engine               - class com.almasb.fxgl.localization.LocalizationService
18:53:33.641 [FXGL Background Thread 3 ] DEBUG Engine               - class com.almasb.fxgl.app.services.SystemBundleService
18:53:33.641 [FXGL Background Thread 3 ] DEBUG Engine               - class com.almasb.fxgl.profile.SaveLoadService
18:53:33.641 [FXGL Background Thread 3 ] DEBUG Engine               - class com.almasb.fxgl.ui.FXGLUIFactoryServiceProvider
18:53:33.641 [FXGL Background Thread 3 ] DEBUG Engine               - class com.almasb.fxgl.ui.FXGLDialogFactoryServiceProvider
18:53:33.641 [FXGL Background Thread 3 ] DEBUG Engine               - class com.almasb.fxgl.audio.AudioPlayer
18:53:33.641 [FXGL Background Thread 3 ] DEBUG Engine               - class com.almasb.fxgl.notification.impl.NotificationServiceProvider
18:53:33.641 [FXGL Background Thread 3 ] DEBUG Engine               - class com.almasb.fxgl.achievement.AchievementService
18:53:33.641 [FXGL Background Thread 3 ] DEBUG Engine               - class com.almasb.fxgl.cutscene.CutsceneService
18:53:33.641 [FXGL Background Thread 3 ] DEBUG Engine               - class com.almasb.fxgl.minigames.MiniGameService
18:53:33.641 [FXGL Background Thread 3 ] DEBUG Engine               - class com.almasb.fxgl.net.NetService
18:53:33.641 [FXGL Background Thread 3 ] DEBUG Engine               - class com.almasb.fxgl.app.services.UpdaterService
18:53:33.641 [FXGL Background Thread 3 ] DEBUG Engine               - class com.almasb.fxgl.dev.DevService
18:53:40.860 [JavaFX Application Thread] DEBUG PrimaryStageWindow   - Pop state: DialogSubScene
18:53:40.861 [JavaFX Application Thread] DEBUG Input                - Clearing active input actions
18:53:40.861 [JavaFX Application Thread] DEBUG GameApplicationServi - Removing overlay from DialogSubScene and adding to BombermanMenu
18:53:40.863 [JavaFX Application Thread] DEBUG PrimaryStageWindow   - BombermanMenu <- DialogSubScene
18:53:40.863 [JavaFX Application Thread] DEBUG PrimaryStageWindow   - Pop state: BombermanMenu
18:53:40.863 [JavaFX Application Thread] DEBUG Input                - Clearing active input actions
18:53:40.863 [JavaFX Application Thread] DEBUG GameApplicationServi - Removing overlay from BombermanMenu and adding to FXGLMainMenuDummyScene
18:53:40.864 [JavaFX Application Thread] DEBUG PrimaryStageWindow   - FXGLMainMenuDummyScene <- BombermanMenu
18:53:40.864 [JavaFX Application Thread] WARN  PrimaryStageWindow   - Cannot set to FXGLMainMenuDummyScene. Probably because subscenes are present.
18:53:40.864 [JavaFX Application Thread] DEBUG PrimaryStageWindow   - Push state: BombermanMenu
18:53:40.864 [JavaFX Application Thread] DEBUG Input                - Clearing active input actions
18:53:40.864 [JavaFX Application Thread] DEBUG GameApplicationServi - Removing overlay from FXGLMainMenuDummyScene and adding to BombermanMenu
18:53:40.866 [JavaFX Application Thread] DEBUG PrimaryStageWindow   - FXGLMainMenuDummyScene -> BombermanMenu
18:53:42.759 [JavaFX Application Thread] DEBUG Menu                 - fireExitToMainMenu()
18:53:42.760 [JavaFX Application Thread] DEBUG PrimaryStageWindow   - Push state: DialogSubScene
18:53:42.760 [JavaFX Application Thread] DEBUG Input                - Clearing active input actions
18:53:42.761 [JavaFX Application Thread] DEBUG GameApplicationServi - Removing overlay from BombermanMenu and adding to DialogSubScene
18:53:42.763 [JavaFX Application Thread] DEBUG PrimaryStageWindow   - BombermanMenu -> DialogSubScene
18:53:43.412 [JavaFX Application Thread] DEBUG PrimaryStageWindow   - Pop state: DialogSubScene
18:53:43.412 [JavaFX Application Thread] DEBUG Input                - Clearing active input actions
18:53:43.413 [JavaFX Application Thread] DEBUG GameApplicationServi - Removing overlay from DialogSubScene and adding to BombermanMenu
18:53:43.414 [JavaFX Application Thread] DEBUG PrimaryStageWindow   - BombermanMenu <- DialogSubScene
18:53:43.414 [JavaFX Application Thread] DEBUG PrimaryStageWindow   - Pop state: BombermanMenu
18:53:43.414 [JavaFX Application Thread] DEBUG Input                - Clearing active input actions
18:53:43.414 [JavaFX Application Thread] DEBUG GameApplicationServi - Removing overlay from BombermanMenu and adding to FXGLMainMenuDummyScene
18:53:43.414 [JavaFX Application Thread] DEBUG PrimaryStageWindow   - FXGLMainMenuDummyScene <- BombermanMenu
18:53:43.414 [JavaFX Application Thread] WARN  PrimaryStageWindow   - Cannot set to FXGLMainMenuDummyScene. Probably because subscenes are present.
18:53:43.414 [JavaFX Application Thread] DEBUG PrimaryStageWindow   - Push state: BombermanMenu
18:53:43.414 [JavaFX Application Thread] DEBUG Input                - Clearing active input actions
18:53:43.414 [JavaFX Application Thread] DEBUG GameApplicationServi - Removing overlay from FXGLMainMenuDummyScene and adding to BombermanMenu
18:53:43.415 [JavaFX Application Thread] DEBUG PrimaryStageWindow   - FXGLMainMenuDummyScene -> BombermanMenu
18:53:44.842 [JavaFX Application Thread] DEBUG Menu                 - fireExitToMainMenu()
18:53:44.843 [JavaFX Application Thread] DEBUG PrimaryStageWindow   - Push state: DialogSubScene
18:53:44.843 [JavaFX Application Thread] DEBUG Input                - Clearing active input actions
18:53:44.843 [JavaFX Application Thread] DEBUG GameApplicationServi - Removing overlay from BombermanMenu and adding to DialogSubScene
18:53:44.845 [JavaFX Application Thread] DEBUG PrimaryStageWindow   - BombermanMenu -> DialogSubScene
18:53:45.344 [JavaFX Application Thread] DEBUG PrimaryStageWindow   - Pop state: DialogSubScene
18:53:45.344 [JavaFX Application Thread] DEBUG Input                - Clearing active input actions
18:53:45.344 [JavaFX Application Thread] DEBUG GameApplicationServi - Removing overlay from DialogSubScene and adding to BombermanMenu
18:53:45.345 [JavaFX Application Thread] DEBUG PrimaryStageWindow   - BombermanMenu <- DialogSubScene
18:53:45.345 [JavaFX Application Thread] DEBUG PrimaryStageWindow   - Pop state: BombermanMenu
18:53:45.345 [JavaFX Application Thread] DEBUG Input                - Clearing active input actions
18:53:45.345 [JavaFX Application Thread] DEBUG GameApplicationServi - Removing overlay from BombermanMenu and adding to FXGLMainMenuDummyScene
18:53:45.346 [JavaFX Application Thread] DEBUG PrimaryStageWindow   - FXGLMainMenuDummyScene <- BombermanMenu
18:53:45.346 [JavaFX Application Thread] WARN  PrimaryStageWindow   - Cannot set to FXGLMainMenuDummyScene. Probably because subscenes are present.
18:53:45.346 [JavaFX Application Thread] DEBUG PrimaryStageWindow   - Push state: BombermanMenu
18:53:45.346 [JavaFX Application Thread] DEBUG Input                - Clearing active input actions
18:53:45.346 [JavaFX Application Thread] DEBUG GameApplicationServi - Removing overlay from FXGLMainMenuDummyScene and adding to BombermanMenu
18:53:45.347 [JavaFX Application Thread] DEBUG PrimaryStageWindow   - FXGLMainMenuDummyScene -> BombermanMenu
18:53:56.280 [JavaFX Application Thread] DEBUG Menu                 - fireExitToMainMenu()
18:53:56.281 [JavaFX Application Thread] DEBUG PrimaryStageWindow   - Push state: DialogSubScene
18:53:56.281 [JavaFX Application Thread] DEBUG Input                - Clearing active input actions
18:53:56.281 [JavaFX Application Thread] DEBUG GameApplicationServi - Removing overlay from BombermanMenu and adding to DialogSubScene
18:53:56.282 [JavaFX Application Thread] DEBUG PrimaryStageWindow   - BombermanMenu -> DialogSubScene
18:53:56.982 [JavaFX Application Thread] DEBUG PrimaryStageWindow   - Pop state: DialogSubScene
18:53:56.982 [JavaFX Application Thread] DEBUG Input                - Clearing active input actions
18:53:56.983 [JavaFX Application Thread] DEBUG GameApplicationServi - Removing overlay from DialogSubScene and adding to BombermanMenu
18:53:56.983 [JavaFX Application Thread] DEBUG PrimaryStageWindow   - BombermanMenu <- DialogSubScene
18:53:56.983 [JavaFX Application Thread] DEBUG PrimaryStageWindow   - Pop state: BombermanMenu
18:53:56.983 [JavaFX Application Thread] DEBUG Input                - Clearing active input actions
18:53:56.983 [JavaFX Application Thread] DEBUG GameApplicationServi - Removing overlay from BombermanMenu and adding to FXGLMainMenuDummyScene
18:53:56.983 [JavaFX Application Thread] DEBUG PrimaryStageWindow   - FXGLMainMenuDummyScene <- BombermanMenu
18:53:56.983 [JavaFX Application Thread] WARN  PrimaryStageWindow   - Cannot set to FXGLMainMenuDummyScene. Probably because subscenes are present.
18:53:56.983 [JavaFX Application Thread] DEBUG PrimaryStageWindow   - Push state: BombermanMenu
18:53:56.983 [JavaFX Application Thread] DEBUG Input                - Clearing active input actions
18:53:56.983 [JavaFX Application Thread] DEBUG GameApplicationServi - Removing overlay from FXGLMainMenuDummyScene and adding to BombermanMenu
18:53:56.985 [JavaFX Application Thread] DEBUG PrimaryStageWindow   - FXGLMainMenuDummyScene -> BombermanMenu
18:53:58.115 [JavaFX Application Thread] DEBUG Menu                 - fireExitToMainMenu()
18:53:58.115 [JavaFX Application Thread] DEBUG PrimaryStageWindow   - Push state: DialogSubScene
18:53:58.115 [JavaFX Application Thread] DEBUG Input                - Clearing active input actions
18:53:58.116 [JavaFX Application Thread] DEBUG GameApplicationServi - Removing overlay from BombermanMenu and adding to DialogSubScene
18:53:58.116 [JavaFX Application Thread] DEBUG PrimaryStageWindow   - BombermanMenu -> DialogSubScene
18:53:58.868 [JavaFX Application Thread] DEBUG PrimaryStageWindow   - Pop state: DialogSubScene
18:53:58.868 [JavaFX Application Thread] DEBUG Input                - Clearing active input actions
18:53:58.868 [JavaFX Application Thread] DEBUG GameApplicationServi - Removing overlay from DialogSubScene and adding to BombermanMenu
18:53:58.869 [JavaFX Application Thread] DEBUG PrimaryStageWindow   - BombermanMenu <- DialogSubScene
18:54:00.119 [JavaFX Application Thread] DEBUG FXGLApplication      - Exiting FXGL
18:54:00.119 [JavaFX Application Thread] DEBUG LoopRunner           - Stopping loop
18:54:00.119 [JavaFX Application Thread] DEBUG SystemBundleService  - Saving FXGL system data
18:54:00.121 [JavaFX Application Thread] DEBUG FileSystemAccess     - Writing to: C:\Users\Gia Phong\Downloads\Java\src\BombermanPlus\system\fxgl.bundle
18:54:00.123 [JavaFX Application Thread] DEBUG Async                - Shutting down background threads
18:54:00.123 [JavaFX Application Thread] DEBUG PrimaryStageWindow   - Closing main window
18:54:00.136 [JavaFX Application Thread] DEBUG Logger               - Closing Logger
