23:36:01.777 [main                     ] DEBUG Logger               - Configured Logger
23:36:01.792 [main                     ] DEBUG GameApplication      - Logging settings
Title: BOMBERMAN
Version: 1.0
Width: 1080
Height: 720
Fullscreen: false
Intro: false
Profiling: false
Single step:false
App Mode: DEVELOPER
Menu Key: ESCAPE
Stage Style: DECORATED
Scene Factory: class com.bomberman.bombermanplus.BombermanApp$1

23:36:02.078 [JavaFX Application Thread] DEBUG FXGLApplication      - Initializing FXGL
23:36:02.081 [JavaFX Application Thread] INFO  Engine               - FXGL-17.1 (24.03.2022 17.34) on WINDOWS (J:19 FX:19-ea)
23:36:02.082 [JavaFX Application Thread] DEBUG Engine               - JRE Vendor Name: Oracle Corporation
23:36:02.082 [JavaFX Application Thread] DEBUG Engine               - Running on OS: Windows 11 version 10.0
23:36:02.082 [JavaFX Application Thread] DEBUG Engine               - Architecture: amd64
23:36:02.082 [JavaFX Application Thread] INFO  Engine               - Source code and latest versions at: https://github.com/AlmasB/FXGL
23:36:02.082 [JavaFX Application Thread] INFO  Engine               -       Ask questions and discuss at: https://github.com/AlmasB/FXGL/discussions
23:36:02.082 [JavaFX Application Thread] INFO  Engine               -              Join the FXGL chat at: https://gitter.im/AlmasB/FXGL
23:36:02.143 [JavaFX Application Thread] DEBUG PrimaryStageWindow   - Creating a JavaFX scene
23:36:02.175 [JavaFX Application Thread] DEBUG PrimaryStageWindow   - Target settings size: 1080.0 x 720.0
23:36:02.176 [JavaFX Application Thread] DEBUG PrimaryStageWindow   - Scaled scene size:    1080.0 x 720.0
23:36:02.176 [JavaFX Application Thread] DEBUG PrimaryStageWindow   - Scaled ratio: (1.0, 1.0)
23:36:02.177 [JavaFX Application Thread] DEBUG PrimaryStageWindow   - Set initial scene to FXGLStartupScene
23:36:02.181 [JavaFX Application Thread] DEBUG PrimaryStageWindow   - Opening main window
23:36:02.249 [JavaFX Application Thread] DEBUG PrimaryStageWindow   - Window border size: (14.4000244140625, 37.5999755859375)
23:36:02.250 [JavaFX Application Thread] DEBUG PrimaryStageWindow   - Scaled size: 1080.0 x 720.0
23:36:02.250 [JavaFX Application Thread] DEBUG PrimaryStageWindow   - Scaled ratio: (1.0, 1.0)
23:36:02.250 [JavaFX Application Thread] DEBUG PrimaryStageWindow   - Scene size: 1080.0 x 720.0
23:36:02.250 [JavaFX Application Thread] DEBUG PrimaryStageWindow   - Stage size: 1094.4000244140625 x 757.5999755859375
23:36:02.260 [FXGL Background Thread 1 ] DEBUG Engine               - Initializing environment variables
23:36:02.317 [FXGL Background Thread 1 ] DEBUG FXGLAssetLoaderServi - User app class for loading assets: class com.bomberman.bombermanplus.BombermanApp
23:36:02.317 [FXGL Background Thread 1 ] DEBUG GameApplicationServi - Applying CSS: fxgl_dark.css
23:36:02.318 [FXGL Background Thread 1 ] DEBUG FXGLAssetLoaderServi - Loading from file system: jar:file:///C:/Users/ADMIN/.m2/repository/com/github/almasb/fxgl/17.1/fxgl-17.1.jar!/fxglassets/ui/css/fxgl_dark.css
23:36:02.352 [FXGL Background Thread 1 ] DEBUG GameApplicationServi - Initializing application scenes
23:36:02.385 [FXGL Background Thread 1 ] DEBUG GameWorld            - Game world initialized
23:36:02.443 [FXGL Background Thread 1 ] DEBUG PhysicsWorld         - Physics world initialized: appHeight=720, physics.ppm=50.0
23:36:02.443 [FXGL Background Thread 1 ] DEBUG PhysicsWorld         - Using strategy: BRUTE_FORCE
23:36:02.448 [FXGL Background Thread 1 ] DEBUG GameScene            - Game scene initialized: 1080x720
23:36:02.492 [FXGL Background Thread 1 ] DEBUG GameApplicationServi - Application scenes initialized
23:36:02.501 [FXGL Background Thread 1 ] DEBUG SystemBundleService  - Loading FXGL system data
23:36:02.505 [FXGL Background Thread 1 ] DEBUG FileSystemAccess     - Reading from: C:\Users\ADMIN\IdeaProjects\BombermanPlus\system\fxgl.bundle
23:36:02.512 [FXGL Background Thread 1 ] DEBUG SystemBundleService  - Bundle FXGL: {}
23:36:02.512 [FXGL Background Thread 1 ] DEBUG UpdaterService       - Checking for updates
23:36:02.530 [FXGL Background Thread 4 ] DEBUG FXGLApplication      - Loading fonts
23:36:02.530 [FXGL Background Thread 1 ] DEBUG FXGLApplication      - Loading default localization
23:36:02.530 [FXGL Background Thread 4 ] DEBUG FXGLAssetLoaderServi - Loading from file system: file:/C:/Users/ADMIN/IdeaProjects/BombermanPlus/target/classes/assets/ui/fonts/Retro%20Gaming.ttf
23:36:02.531 [FXGL Background Thread 1 ] DEBUG FXGLAssetLoaderServi - Loading from file system: jar:file:///C:/Users/ADMIN/.m2/repository/com/github/almasb/fxgl/17.1/fxgl-17.1.jar!/fxglassets/languages/english.lang
23:36:02.542 [FXGL Background Thread 1 ] INFO  FXGLApplication      - FXGL initialization took: 0.282 sec
23:36:02.552 [JavaFX Application Thread] DEBUG Input                - Registered new binding: Move Right - D
23:36:02.552 [JavaFX Application Thread] DEBUG Input                - Registered new binding: Move Up - W
23:36:02.552 [JavaFX Application Thread] DEBUG Input                - Registered new binding: Move Down - S
23:36:02.552 [JavaFX Application Thread] DEBUG Input                - Registered new binding: Move Left - A
23:36:02.553 [JavaFX Application Thread] DEBUG Input                - Registered new binding: Place bomb - Space
23:36:02.553 [JavaFX Application Thread] DEBUG FXGLAssetLoaderServi - Loading from file system: file:/C:/Users/ADMIN/IdeaProjects/BombermanPlus/target/classes/assets/music/title_screen.mp3
23:36:02.614 [FXGL Background Thread 4 ] DEBUG FXGLAssetLoaderServi - Loading from file system: jar:file:///C:/Users/ADMIN/.m2/repository/com/github/almasb/fxgl/17.1/fxgl-17.1.jar!/fxglassets/ui/fonts/Abel-Regular.ttf
23:36:02.629 [FXGL Background Thread 4 ] DEBUG FXGLAssetLoaderServi - Loading from file system: jar:file:///C:/Users/ADMIN/.m2/repository/com/github/almasb/fxgl/17.1/fxgl-17.1.jar!/fxglassets/ui/fonts/TerminalLandMono-Regular.otf
23:36:02.645 [FXGL Background Thread 4 ] DEBUG FXGLAssetLoaderServi - Loading from file system: jar:file:///C:/Users/ADMIN/.m2/repository/com/github/almasb/fxgl/17.1/fxgl-17.1.jar!/fxglassets/ui/fonts/Courier-Prime.ttf
23:36:02.916 [FXGL Background Thread 2 ] INFO  UpdaterService       - Your current version:  17.1
23:36:02.916 [FXGL Background Thread 2 ] INFO  UpdaterService       - Latest stable version: 17.2
23:36:03.214 [JavaFX Application Thread] DEBUG AudioPlayer          - Playing music com.almasb.fxgl.audio.Music@699d4b88
23:36:03.215 [JavaFX Application Thread] DEBUG FXGLAssetLoaderServi - Loading from file system: jar:file:///C:/Users/ADMIN/.m2/repository/com/github/almasb/fxgl/17.1/fxgl-17.1.jar!/fxglassets/textures/fxgl_icon.png
23:36:03.242 [JavaFX Application Thread] DEBUG FXGLAssetLoaderServi - Loading from file system: jar:file:///C:/Users/ADMIN/.m2/repository/com/github/almasb/fxgl/17.1/fxgl-17.1.jar!/fxglassets/textures/fxgl_default_cursor.png
23:36:03.244 [JavaFX Application Thread] DEBUG Input                - Registered new binding: Screenshot - CTRL+8
23:36:03.244 [JavaFX Application Thread] DEBUG Input                - Registered new binding: Dev Options - 1
23:36:03.244 [JavaFX Application Thread] DEBUG Input                - Registered new binding: Dev Console - 2
23:36:03.245 [JavaFX Application Thread] DEBUG Input                - Registered new binding: System info dump - CTRL+9
23:36:03.246 [JavaFX Application Thread] DEBUG Input                - Registered new binding: Restart - CTRL+R
23:36:03.246 [JavaFX Application Thread] DEBUG Input                - Registered new binding: Toggle Debug Camera - CTRL+7
23:36:03.248 [JavaFX Application Thread] DEBUG LoopRunner           - Starting loop
23:36:03.256 [JavaFX Application Thread] DEBUG LoopRunner           - Initializing JavaFX AnimationTimerLoop
23:36:03.258 [JavaFX Application Thread] DEBUG Input                - Clearing active input actions
23:36:03.269 [JavaFX Application Thread] DEBUG GameApplicationServi - Removing overlay from FXGLStartupScene and adding to FXGLMainMenuDummyScene
23:36:03.271 [JavaFX Application Thread] DEBUG PrimaryStageWindow   - FXGLStartupScene -> FXGLMainMenuDummyScene
23:36:03.271 [JavaFX Application Thread] DEBUG PrimaryStageWindow   - Push state: BombermanMenu
23:36:03.271 [JavaFX Application Thread] DEBUG Input                - Clearing active input actions
23:36:03.273 [JavaFX Application Thread] DEBUG GameApplicationServi - Removing overlay from FXGLMainMenuDummyScene and adding to BombermanMenu
23:36:03.273 [JavaFX Application Thread] DEBUG PrimaryStageWindow   - FXGLMainMenuDummyScene -> BombermanMenu
23:36:03.280 [JavaFX Application Thread] DEBUG FXGLApplication      - Registering font factories with UI factory
23:36:04.320 [JavaFX Application Thread] DEBUG Menu                 - fireNewGame()
23:36:04.320 [JavaFX Application Thread] DEBUG GameApplicationServi - Starting new game
23:36:04.321 [JavaFX Application Thread] DEBUG PrimaryStageWindow   - Pop state: BombermanMenu
23:36:04.321 [JavaFX Application Thread] DEBUG Input                - Clearing active input actions
23:36:04.321 [JavaFX Application Thread] DEBUG GameApplicationServi - Removing overlay from BombermanMenu and adding to FXGLMainMenuDummyScene
23:36:04.322 [JavaFX Application Thread] DEBUG PrimaryStageWindow   - FXGLMainMenuDummyScene <- BombermanMenu
23:36:04.323 [JavaFX Application Thread] DEBUG Input                - Clearing active input actions
23:36:04.327 [JavaFX Application Thread] DEBUG GameApplicationServi - Removing overlay from FXGLMainMenuDummyScene and adding to FXGLLoadingScene
23:36:04.327 [JavaFX Application Thread] DEBUG PrimaryStageWindow   - FXGLMainMenuDummyScene -> FXGLLoadingScene
23:36:04.327 [JavaFX Application Thread] DEBUG GameApplicationServi - Clearing previous game
23:36:04.327 [JavaFX Application Thread] DEBUG GameScene            - Clearing game scene
23:36:04.327 [JavaFX Application Thread] DEBUG GameWorld            - Clearing game world
23:36:04.327 [JavaFX Application Thread] DEBUG PhysicsWorld         - Clearing physics world
23:36:04.329 [FXGL Background Thread 2 ] DEBUG FXGLApplication      - Initializing game
23:36:04.376 [FXGL Background Thread 2 ] DEBUG FXGLAssetLoaderServi - Loading from file system: file:/C:/Users/ADMIN/IdeaProjects/BombermanPlus/target/classes/assets/textures/sprites.png
23:36:04.418 [FXGL Background Thread 2 ] WARN  GameWorld            - Entity is already attached to world
23:36:04.420 [FXGL Background Thread 2 ] DEBUG FXGLAssetLoaderServi - Loading from file system: file:/C:/Users/ADMIN/IdeaProjects/BombermanPlus/target/classes/assets/sounds/stage_start.wav
23:36:04.441 [FXGL Background Thread 2 ] INFO  FXGLApplication      - Game initialization took: 0.112 sec
23:36:04.441 [JavaFX Application Thread] DEBUG Input                - Clearing active input actions
23:36:04.447 [JavaFX Application Thread] DEBUG GameApplicationServi - Removing overlay from FXGLLoadingScene and adding to GameScene
23:36:04.449 [JavaFX Application Thread] DEBUG PrimaryStageWindow   - FXGLLoadingScene -> GameScene
23:36:05.529 [FXGL Background Thread 3 ] DEBUG Engine               - Logging environment variables
23:36:05.529 [FXGL Background Thread 3 ] DEBUG Engine               - achievements: []
23:36:05.529 [FXGL Background Thread 3 ] DEBUG Engine               - actualHeight: 720.0
23:36:05.530 [FXGL Background Thread 3 ] DEBUG Engine               - actualHeightProperty: ReadOnlyDoubleProperty [value: 720.0]
23:36:05.530 [FXGL Background Thread 3 ] DEBUG Engine               - actualWidth: 1080.0
23:36:05.530 [FXGL Background Thread 3 ] DEBUG Engine               - actualWidthProperty: ReadOnlyDoubleProperty [value: 1080.0]
23:36:05.530 [FXGL Background Thread 3 ] DEBUG Engine               - appIcon: fxgl_icon.png
23:36:05.530 [FXGL Background Thread 3 ] DEBUG Engine               - applicationMode: DEVELOPER
23:36:05.530 [FXGL Background Thread 3 ] DEBUG Engine               - cSSList: [fxgl_dark.css]
23:36:05.530 [FXGL Background Thread 3 ] DEBUG Engine               - collisionDetectionStrategy: BRUTE_FORCE
23:36:05.530 [FXGL Background Thread 3 ] DEBUG Engine               - configClass: Optional.empty
23:36:05.530 [FXGL Background Thread 3 ] DEBUG Engine               - credits: []
23:36:05.532 [FXGL Background Thread 3 ] DEBUG Engine               - defaultCursor: CursorInfo(imageName=fxgl_default_cursor.png, hotspotX=7.0, hotspotY=6.0)
23:36:05.532 [FXGL Background Thread 3 ] DEBUG Engine               - devBBoxColorProperty: ObjectProperty [value: 0xff0000ff]
23:36:05.532 [FXGL Background Thread 3 ] DEBUG Engine               - devEnableDebugCameraProperty: BooleanProperty [value: false]
23:36:05.532 [FXGL Background Thread 3 ] DEBUG Engine               - devSensorColorProperty: ObjectProperty [value: 0xffff00ff]
23:36:05.532 [FXGL Background Thread 3 ] DEBUG Engine               - devShowBBoxProperty: BooleanProperty [value: false]
23:36:05.532 [FXGL Background Thread 3 ] DEBUG Engine               - devShowPositionProperty: BooleanProperty [value: false]
23:36:05.532 [FXGL Background Thread 3 ] DEBUG Engine               - enabledMenuItems: []
23:36:05.532 [FXGL Background Thread 3 ] DEBUG Engine               - engineServices: [class com.almasb.fxgl.app.services.FXGLAssetLoaderService, class com.almasb.fxgl.app.FXGLApplication$GameApplicationService, class com.almasb.fxgl.app.services.FXGLDialogService, class com.almasb.fxgl.app.services.IOTaskExecutorService, class com.almasb.fxgl.io.FileSystemService, class com.almasb.fxgl.localization.LocalizationService, class com.almasb.fxgl.app.services.SystemBundleService, class com.almasb.fxgl.profile.SaveLoadService, class com.almasb.fxgl.ui.FXGLUIFactoryServiceProvider, class com.almasb.fxgl.ui.FXGLDialogFactoryServiceProvider, class com.almasb.fxgl.audio.AudioPlayer, class com.almasb.fxgl.notification.impl.NotificationServiceProvider, class com.almasb.fxgl.achievement.AchievementService, class com.almasb.fxgl.cutscene.CutsceneService, class com.almasb.fxgl.minigames.MiniGameService, class com.almasb.fxgl.net.NetService, class com.almasb.fxgl.app.services.UpdaterService, class com.almasb.fxgl.dev.DevService]
23:36:05.532 [FXGL Background Thread 3 ] DEBUG Engine               - fontGame: Abel-Regular.ttf
23:36:05.532 [FXGL Background Thread 3 ] DEBUG Engine               - fontMono: TerminalLandMono-Regular.otf
23:36:05.532 [FXGL Background Thread 3 ] DEBUG Engine               - fontText: Courier-Prime.ttf
23:36:05.533 [FXGL Background Thread 3 ] DEBUG Engine               - fontUI: Retro Gaming.ttf
23:36:05.533 [FXGL Background Thread 3 ] DEBUG Engine               - fullScreen: BooleanProperty [value: false]
23:36:05.533 [FXGL Background Thread 3 ] DEBUG Engine               - gameDifficulty: MEDIUM
23:36:05.533 [FXGL Background Thread 3 ] DEBUG Engine               - gameDifficultyProperty: ObjectProperty [value: MEDIUM]
23:36:05.533 [FXGL Background Thread 3 ] DEBUG Engine               - globalMusicVolume: 0.5
23:36:05.533 [FXGL Background Thread 3 ] DEBUG Engine               - globalMusicVolumeProperty: DoubleProperty [value: 0.0]
23:36:05.533 [FXGL Background Thread 3 ] DEBUG Engine               - globalSoundVolume: 0.5
23:36:05.533 [FXGL Background Thread 3 ] DEBUG Engine               - globalSoundVolumeProperty: DoubleProperty [value: 0.4]
23:36:05.533 [FXGL Background Thread 3 ] DEBUG Engine               - height: 720
23:36:05.533 [FXGL Background Thread 3 ] DEBUG Engine               - is3D: false
23:36:05.533 [FXGL Background Thread 3 ] DEBUG Engine               - isAndroid: false
23:36:05.533 [FXGL Background Thread 3 ] DEBUG Engine               - isBrowser: false
23:36:05.533 [FXGL Background Thread 3 ] DEBUG Engine               - isClickFeedbackEnabled: false
23:36:05.533 [FXGL Background Thread 3 ] DEBUG Engine               - isCloseConfirmation: false
23:36:05.533 [FXGL Background Thread 3 ] DEBUG Engine               - isDesktop: true
23:36:05.533 [FXGL Background Thread 3 ] DEBUG Engine               - isDeveloperMenuEnabled: true
23:36:05.533 [FXGL Background Thread 3 ] DEBUG Engine               - isEmbedded: false
23:36:05.533 [FXGL Background Thread 3 ] DEBUG Engine               - isEntityPreloadEnabled: true
23:36:05.533 [FXGL Background Thread 3 ] DEBUG Engine               - isExperimentalTiledLargeMap: false
23:36:05.533 [FXGL Background Thread 3 ] DEBUG Engine               - isFileSystemWriteAllowed: true
23:36:05.533 [FXGL Background Thread 3 ] DEBUG Engine               - isFullScreenAllowed: false
23:36:05.534 [FXGL Background Thread 3 ] DEBUG Engine               - isFullScreenFromStart: false
23:36:05.534 [FXGL Background Thread 3 ] DEBUG Engine               - isGameMenuEnabled: true
23:36:05.534 [FXGL Background Thread 3 ] DEBUG Engine               - isIOS: false
23:36:05.534 [FXGL Background Thread 3 ] DEBUG Engine               - isIntroEnabled: false
23:36:05.534 [FXGL Background Thread 3 ] DEBUG Engine               - isLinux: false
23:36:05.534 [FXGL Background Thread 3 ] DEBUG Engine               - isMac: false
23:36:05.534 [FXGL Background Thread 3 ] DEBUG Engine               - isMainMenuEnabled: true
23:36:05.534 [FXGL Background Thread 3 ] DEBUG Engine               - isManualResizeEnabled: true
23:36:05.534 [FXGL Background Thread 3 ] DEBUG Engine               - isMobile: false
23:36:05.534 [FXGL Background Thread 3 ] DEBUG Engine               - isNative: false
23:36:05.534 [FXGL Background Thread 3 ] DEBUG Engine               - isPauseMusicWhenMinimized: true
23:36:05.534 [FXGL Background Thread 3 ] DEBUG Engine               - isPreserveResizeRatio: true
23:36:05.534 [FXGL Background Thread 3 ] DEBUG Engine               - isProfilingEnabled: false
23:36:05.534 [FXGL Background Thread 3 ] DEBUG Engine               - isScaleAffectedOnResize: true
23:36:05.534 [FXGL Background Thread 3 ] DEBUG Engine               - isSingleStep: false
23:36:05.534 [FXGL Background Thread 3 ] DEBUG Engine               - isUserProfileEnabled: false
23:36:05.534 [FXGL Background Thread 3 ] DEBUG Engine               - isWindows: true
23:36:05.534 [FXGL Background Thread 3 ] DEBUG Engine               - language: ObjectProperty [value: ENGLISH]
23:36:05.534 [FXGL Background Thread 3 ] DEBUG Engine               - menuKey: ESCAPE
23:36:05.534 [FXGL Background Thread 3 ] DEBUG Engine               - mouseSensitivity: 0.2
23:36:05.534 [FXGL Background Thread 3 ] DEBUG Engine               - notificationViewClass: class com.almasb.fxgl.notification.view.XboxNotificationView
23:36:05.534 [FXGL Background Thread 3 ] DEBUG Engine               - pixelsPerMeter: 50.0
23:36:05.535 [FXGL Background Thread 3 ] DEBUG Engine               - platform: WINDOWS
23:36:05.535 [FXGL Background Thread 3 ] DEBUG Engine               - prefHeightProperty: ReadOnlyDoubleProperty [value: 720.0]
23:36:05.535 [FXGL Background Thread 3 ] DEBUG Engine               - prefWidthProperty: ReadOnlyDoubleProperty [value: 1080.0]
23:36:05.535 [FXGL Background Thread 3 ] DEBUG Engine               - profileDir: profiles/
23:36:05.535 [FXGL Background Thread 3 ] DEBUG Engine               - profileName: StringProperty [value: DEFAULT]
23:36:05.535 [FXGL Background Thread 3 ] DEBUG Engine               - randomSeed: -1
23:36:05.535 [FXGL Background Thread 3 ] DEBUG Engine               - runtimeInfo: RuntimeInfo(platform=WINDOWS, version=17.1, build=24.03.2022 17.34)
23:36:05.535 [FXGL Background Thread 3 ] DEBUG Engine               - saveFileExt: sav
23:36:05.535 [FXGL Background Thread 3 ] DEBUG Engine               - scaledHeightProp$fxgl: DoubleProperty [bound, value: 720.0]
23:36:05.535 [FXGL Background Thread 3 ] DEBUG Engine               - scaledWidthProp$fxgl: DoubleProperty [bound, value: 1080.0]
23:36:05.535 [FXGL Background Thread 3 ] DEBUG Engine               - sceneFactory: com.bomberman.bombermanplus.BombermanApp$1@df9a9a0
23:36:05.535 [FXGL Background Thread 3 ] DEBUG Engine               - secondsIn24h: 60
23:36:05.535 [FXGL Background Thread 3 ] DEBUG Engine               - soundMenuBack: menu/back.wav
23:36:05.535 [FXGL Background Thread 3 ] DEBUG Engine               - soundMenuPress: menu/press.wav
23:36:05.535 [FXGL Background Thread 3 ] DEBUG Engine               - soundMenuSelect: menu/select.wav
23:36:05.535 [FXGL Background Thread 3 ] DEBUG Engine               - soundNotification: core/notification.wav
23:36:05.536 [FXGL Background Thread 3 ] DEBUG Engine               - stageStyle: DECORATED
23:36:05.536 [FXGL Background Thread 3 ] DEBUG Engine               - supportedLanguages: [ENGLISH, FRENCH, GERMAN, HUNGARIAN, RUSSIAN]
23:36:05.536 [FXGL Background Thread 3 ] DEBUG Engine               - ticksPerSecond: -1
23:36:05.536 [FXGL Background Thread 3 ] DEBUG Engine               - title: BOMBERMAN
23:36:05.536 [FXGL Background Thread 3 ] DEBUG Engine               - urlGithub: https://github.com/AlmasB/FXGL
23:36:05.536 [FXGL Background Thread 3 ] DEBUG Engine               - urlLeaderboard: http://fxgl-top.herokuapp.com/
23:36:05.536 [FXGL Background Thread 3 ] DEBUG Engine               - urlPOM: https://raw.githubusercontent.com/AlmasB/FXGL/release/README.md
23:36:05.536 [FXGL Background Thread 3 ] DEBUG Engine               - userAppClass: class com.bomberman.bombermanplus.BombermanApp
23:36:05.536 [FXGL Background Thread 3 ] DEBUG Engine               - version: 1.0
23:36:05.536 [FXGL Background Thread 3 ] DEBUG Engine               - versionCheckDays: 7
23:36:05.536 [FXGL Background Thread 3 ] DEBUG Engine               - width: 1080
23:36:05.536 [FXGL Background Thread 3 ] DEBUG Engine               - Logging services
23:36:05.536 [FXGL Background Thread 3 ] DEBUG Engine               - class com.almasb.fxgl.app.services.FXGLAssetLoaderService
23:36:05.536 [FXGL Background Thread 3 ] DEBUG Engine               - class com.almasb.fxgl.app.FXGLApplication$GameApplicationService
23:36:05.536 [FXGL Background Thread 3 ] DEBUG Engine               - class com.almasb.fxgl.app.services.FXGLDialogService
23:36:05.536 [FXGL Background Thread 3 ] DEBUG Engine               - class com.almasb.fxgl.app.services.IOTaskExecutorService
23:36:05.536 [FXGL Background Thread 3 ] DEBUG Engine               - class com.almasb.fxgl.io.FileSystemService
23:36:05.536 [FXGL Background Thread 3 ] DEBUG Engine               - class com.almasb.fxgl.localization.LocalizationService
23:36:05.536 [FXGL Background Thread 3 ] DEBUG Engine               - class com.almasb.fxgl.app.services.SystemBundleService
23:36:05.536 [FXGL Background Thread 3 ] DEBUG Engine               - class com.almasb.fxgl.profile.SaveLoadService
23:36:05.536 [FXGL Background Thread 3 ] DEBUG Engine               - class com.almasb.fxgl.ui.FXGLUIFactoryServiceProvider
23:36:05.537 [FXGL Background Thread 3 ] DEBUG Engine               - class com.almasb.fxgl.ui.FXGLDialogFactoryServiceProvider
23:36:05.537 [FXGL Background Thread 3 ] DEBUG Engine               - class com.almasb.fxgl.audio.AudioPlayer
23:36:05.537 [FXGL Background Thread 3 ] DEBUG Engine               - class com.almasb.fxgl.notification.impl.NotificationServiceProvider
23:36:05.537 [FXGL Background Thread 3 ] DEBUG Engine               - class com.almasb.fxgl.achievement.AchievementService
23:36:05.537 [FXGL Background Thread 3 ] DEBUG Engine               - class com.almasb.fxgl.cutscene.CutsceneService
23:36:05.537 [FXGL Background Thread 3 ] DEBUG Engine               - class com.almasb.fxgl.minigames.MiniGameService
23:36:05.537 [FXGL Background Thread 3 ] DEBUG Engine               - class com.almasb.fxgl.net.NetService
23:36:05.537 [FXGL Background Thread 3 ] DEBUG Engine               - class com.almasb.fxgl.app.services.UpdaterService
23:36:05.537 [FXGL Background Thread 3 ] DEBUG Engine               - class com.almasb.fxgl.dev.DevService
23:36:07.271 [JavaFX Application Thread] WARN  TMXLevelLoader       - TiledMap generated from 1.9.2. Supported version: 1.4.2. Some features may not be parsed fully.
23:36:07.287 [JavaFX Application Thread] DEBUG TMXLevelLoader       - Parsed TiledMap: file:/C:/Users/ADMIN/IdeaProjects/BombermanPlus/target/classes/assets/levels/bbm_level1.tmx
23:36:07.289 [JavaFX Application Thread] DEBUG TMXLevelLoader       - Creating tile layer entities
23:36:07.290 [JavaFX Application Thread] DEBUG TilesetLoader        - Loading view for layer Tile Layer 1
23:36:07.291 [JavaFX Application Thread] DEBUG TilesetLoader        - Created buffer with size 1488.0x720.0
23:36:07.352 [JavaFX Application Thread] DEBUG TMXLevelLoader       - Creating object layer entities
23:36:07.353 [JavaFX Application Thread] DEBUG FXGLAssetLoaderServi - Loading from file system: file:/C:/Users/ADMIN/IdeaProjects/BombermanPlus/target/classes/assets/textures/items/powerup_speed.png
23:36:07.356 [JavaFX Application Thread] DEBUG FXGLAssetLoaderServi - Loading from file system: file:/C:/Users/ADMIN/IdeaProjects/BombermanPlus/target/classes/assets/textures/items/powerup_flames.png
23:36:07.357 [JavaFX Application Thread] DEBUG FXGLAssetLoaderServi - Loading from file system: file:/C:/Users/ADMIN/IdeaProjects/BombermanPlus/target/classes/assets/textures/items/powerup_bombs.png
23:36:07.358 [JavaFX Application Thread] DEBUG FXGLAssetLoaderServi - Loading from file system: file:/C:/Users/ADMIN/IdeaProjects/BombermanPlus/target/classes/assets/textures/items/powerup_flamepass.png
23:36:07.360 [JavaFX Application Thread] DEBUG FXGLAssetLoaderServi - Loading from file system: file:/C:/Users/ADMIN/IdeaProjects/BombermanPlus/target/classes/assets/textures/items/portal.png
23:36:07.414 [JavaFX Application Thread] DEBUG GameWorld            - Clearing removable entities
23:36:07.415 [JavaFX Application Thread] DEBUG GameWorld            - Setting level: com.almasb.fxgl.entity.level.Level@2ce21c91
23:36:09.333 [JavaFX Application Thread] DEBUG LoopRunner           - Stopping loop
23:36:09.334 [JavaFX Application Thread] FATAL FXGLApplication      - Uncaught Exception:
java.lang.IllegalArgumentException: Component PlayerComponent not found!
	at com.almasb.fxgl.entity@17.1/com.almasb.fxgl.entity.Entity.getComponent(Entity.java:366)
	at BombermanPlus/com.bomberman.bombermanplus.BombermanApp$2.onAction(BombermanApp.java:123)
	at com.almasb.fxgl.core@17.1/com.almasb.fxgl.input.UserAction.action$fxgl_core(UserAction.kt:38)
	at com.almasb.fxgl.core@17.1/com.almasb.fxgl.input.Input.update(Input.kt:271)
	at com.almasb.fxgl.scene@17.1/com.almasb.fxgl.scene.Scene.update(Scene.kt:103)
	at com.almasb.fxgl.all@17.1/com.almasb.fxgl.app.MainWindow$update$1.invoke(MainWindow.kt:115)
	at com.almasb.fxgl.all@17.1/com.almasb.fxgl.app.MainWindow$update$1.invoke(MainWindow.kt:115)
	at com.almasb.fxgl.core@17.1/com.almasb.fxgl.core.fsm.StateMachine.runOnActiveStates(StateMachine.kt:69)
	at com.almasb.fxgl.all@17.1/com.almasb.fxgl.app.MainWindow.update(MainWindow.kt:115)
	at com.almasb.fxgl.all@17.1/com.almasb.fxgl.app.FXGLApplication$GameApplicationService.onUpdate(FXGLApplication.kt:426)
	at com.almasb.fxgl.all@17.1/com.almasb.fxgl.app.Engine.loop(Engine.kt:134)
	at com.almasb.fxgl.all@17.1/com.almasb.fxgl.app.Engine.access$loop(Engine.kt:24)
	at com.almasb.fxgl.all@17.1/com.almasb.fxgl.app.Engine$loop$1.invoke(Engine.kt:28)
	at com.almasb.fxgl.all@17.1/com.almasb.fxgl.app.Engine$loop$1.invoke(Engine.kt:28)
	at com.almasb.fxgl.all@17.1/com.almasb.fxgl.app.LoopRunner.frame(LoopRunner.kt:103)
	at com.almasb.fxgl.all@17.1/com.almasb.fxgl.app.LoopRunner.access$frame(LoopRunner.kt:23)
	at com.almasb.fxgl.all@17.1/com.almasb.fxgl.app.LoopRunner$impl$2$1.onTick(LoopRunner.kt:57)
	at com.almasb.fxgl.all@17.1/com.almasb.fxgl.app.AnimationTimerLoop$timer$1.handle(LoopRunner.kt:137)
	at javafx.graphics@19-ea/javafx.animation.AnimationTimer$AnimationTimerReceiver.lambda$handle$0(AnimationTimer.java:58)
	at java.base/java.security.AccessController.doPrivileged(AccessController.java:399)
	at javafx.graphics@19-ea/javafx.animation.AnimationTimer$AnimationTimerReceiver.handle(AnimationTimer.java:57)
	at javafx.graphics@19-ea/com.sun.scenario.animation.AbstractPrimaryTimer.timePulseImpl(AbstractPrimaryTimer.java:356)
	at javafx.graphics@19-ea/com.sun.scenario.animation.AbstractPrimaryTimer$MainLoop.run(AbstractPrimaryTimer.java:266)
	at javafx.graphics@19-ea/com.sun.javafx.tk.quantum.QuantumToolkit.pulse(QuantumToolkit.java:571)
	at javafx.graphics@19-ea/com.sun.javafx.tk.quantum.QuantumToolkit.pulse(QuantumToolkit.java:555)
	at javafx.graphics@19-ea/com.sun.javafx.tk.quantum.QuantumToolkit.pulseFromQueue(QuantumToolkit.java:548)
	at javafx.graphics@19-ea/com.sun.javafx.tk.quantum.QuantumToolkit.lambda$runToolkit$11(QuantumToolkit.java:352)
	at javafx.graphics@19-ea/com.sun.glass.ui.InvokeLaterDispatcher$Future.run(InvokeLaterDispatcher.java:96)
	at javafx.graphics@19-ea/com.sun.glass.ui.win.WinApplication._runLoop(Native Method)
	at javafx.graphics@19-ea/com.sun.glass.ui.win.WinApplication.lambda$runLoop$3(WinApplication.java:184)
	at java.base/java.lang.Thread.run(Thread.java:1589)

23:36:09.335 [JavaFX Application Thread] FATAL FXGLApplication      - Application will now exit
23:36:09.350 [JavaFX Application Thread] DEBUG PrimaryStageWindow   - Push state: ErrorSubScene
23:36:09.350 [JavaFX Application Thread] DEBUG Input                - Clearing active input actions
23:36:15.637 [JavaFX Application Thread] DEBUG FXGLApplication      - Exiting FXGL
23:36:15.637 [JavaFX Application Thread] DEBUG Async                - Shutting down background threads
23:36:15.637 [JavaFX Application Thread] DEBUG PrimaryStageWindow   - Closing main window
23:36:15.646 [JavaFX Application Thread] DEBUG Logger               - Closing Logger
