11:09:37.119 [main                     ] DEBUG Logger               - Configured Logger
11:09:37.136 [main                     ] DEBUG GameApplication      - Logging settings
Title: BOMBERMAN
Version: 1.0
Width: 1080
Height: 720
Fullscreen: false
Intro: false
Profiling: false
Single step:false
App Mode: DEVELOPER
Menu Key: ESCAPE
Stage Style: DECORATED
Scene Factory: class com.bomberman.bombermanplus.BombermanApp$1

11:09:37.413 [JavaFX Application Thread] DEBUG FXGLApplication      - Initializing FXGL
11:09:37.416 [JavaFX Application Thread] INFO  Engine               - FXGL-17.1 (24.03.2022 17.34) on WINDOWS (J:19 FX:19-ea)
11:09:37.417 [JavaFX Application Thread] DEBUG Engine               - JRE Vendor Name: Oracle Corporation
11:09:37.417 [JavaFX Application Thread] DEBUG Engine               - Running on OS: Windows 11 version 10.0
11:09:37.417 [JavaFX Application Thread] DEBUG Engine               - Architecture: amd64
11:09:37.417 [JavaFX Application Thread] INFO  Engine               - Source code and latest versions at: https://github.com/AlmasB/FXGL
11:09:37.417 [JavaFX Application Thread] INFO  Engine               -       Ask questions and discuss at: https://github.com/AlmasB/FXGL/discussions
11:09:37.417 [JavaFX Application Thread] INFO  Engine               -              Join the FXGL chat at: https://gitter.im/AlmasB/FXGL
11:09:37.476 [JavaFX Application Thread] DEBUG PrimaryStageWindow   - Creating a JavaFX scene
11:09:37.507 [JavaFX Application Thread] DEBUG PrimaryStageWindow   - Target settings size: 1080.0 x 720.0
11:09:37.507 [JavaFX Application Thread] DEBUG PrimaryStageWindow   - Scaled scene size:    1080.0 x 720.0
11:09:37.507 [JavaFX Application Thread] DEBUG PrimaryStageWindow   - Scaled ratio: (1.0, 1.0)
11:09:37.508 [JavaFX Application Thread] DEBUG PrimaryStageWindow   - Set initial scene to FXGLStartupScene
11:09:37.512 [JavaFX Application Thread] DEBUG PrimaryStageWindow   - Opening main window
11:09:37.577 [JavaFX Application Thread] DEBUG PrimaryStageWindow   - Window border size: (14.4000244140625, 37.5999755859375)
11:09:37.577 [JavaFX Application Thread] DEBUG PrimaryStageWindow   - Scaled size: 1080.0 x 720.0
11:09:37.578 [JavaFX Application Thread] DEBUG PrimaryStageWindow   - Scaled ratio: (1.0, 1.0)
11:09:37.578 [JavaFX Application Thread] DEBUG PrimaryStageWindow   - Scene size: 1080.0 x 720.0
11:09:37.578 [JavaFX Application Thread] DEBUG PrimaryStageWindow   - Stage size: 1094.4000244140625 x 757.5999755859375
11:09:37.584 [FXGL Background Thread 1 ] DEBUG Engine               - Initializing environment variables
11:09:37.636 [FXGL Background Thread 1 ] DEBUG FXGLAssetLoaderServi - User app class for loading assets: class com.bomberman.bombermanplus.BombermanApp
11:09:37.637 [FXGL Background Thread 1 ] DEBUG GameApplicationServi - Applying CSS: fxgl_dark.css
11:09:37.638 [FXGL Background Thread 1 ] DEBUG FXGLAssetLoaderServi - Loading from file system: jar:file:///C:/Users/ADMIN/.m2/repository/com/github/almasb/fxgl/17.1/fxgl-17.1.jar!/fxglassets/ui/css/fxgl_dark.css
11:09:37.680 [FXGL Background Thread 1 ] DEBUG GameApplicationServi - Initializing application scenes
11:09:37.715 [FXGL Background Thread 1 ] DEBUG GameWorld            - Game world initialized
11:09:37.791 [FXGL Background Thread 1 ] DEBUG PhysicsWorld         - Physics world initialized: appHeight=720, physics.ppm=50.0
11:09:37.791 [FXGL Background Thread 1 ] DEBUG PhysicsWorld         - Using strategy: BRUTE_FORCE
11:09:37.797 [FXGL Background Thread 1 ] DEBUG GameScene            - Game scene initialized: 1080x720
11:09:37.858 [FXGL Background Thread 1 ] DEBUG GameApplicationServi - Application scenes initialized
11:09:37.868 [FXGL Background Thread 1 ] DEBUG SystemBundleService  - Loading FXGL system data
11:09:37.871 [FXGL Background Thread 1 ] DEBUG FileSystemAccess     - Reading from: C:\Users\ADMIN\IdeaProjects\BombermanPlus\system\fxgl.bundle
11:09:37.881 [FXGL Background Thread 1 ] DEBUG SystemBundleService  - Bundle FXGL: {}
11:09:37.881 [FXGL Background Thread 1 ] DEBUG UpdaterService       - Checking for updates
11:09:37.911 [FXGL Background Thread 4 ] DEBUG FXGLApplication      - Loading fonts
11:09:37.911 [FXGL Background Thread 1 ] DEBUG FXGLApplication      - Loading default localization
11:09:37.912 [FXGL Background Thread 4 ] DEBUG FXGLAssetLoaderServi - Loading from file system: file:/C:/Users/ADMIN/IdeaProjects/BombermanPlus/target/classes/assets/ui/fonts/Retro%20Gaming.ttf
11:09:37.913 [FXGL Background Thread 1 ] DEBUG FXGLAssetLoaderServi - Loading from file system: jar:file:///C:/Users/ADMIN/.m2/repository/com/github/almasb/fxgl/17.1/fxgl-17.1.jar!/fxglassets/languages/english.lang
11:09:37.933 [FXGL Background Thread 1 ] INFO  FXGLApplication      - FXGL initialization took: 0.348 sec
11:09:37.948 [JavaFX Application Thread] DEBUG Input                - Registered new binding: Move Right - D
11:09:37.949 [JavaFX Application Thread] DEBUG Input                - Registered new binding: Move Up - W
11:09:37.949 [JavaFX Application Thread] DEBUG Input                - Registered new binding: Move Down - S
11:09:37.949 [JavaFX Application Thread] DEBUG Input                - Registered new binding: Move Left - A
11:09:37.949 [JavaFX Application Thread] DEBUG Input                - Registered new binding: Place bomb - Space
11:09:37.950 [JavaFX Application Thread] DEBUG FXGLAssetLoaderServi - Loading from file system: file:/C:/Users/ADMIN/IdeaProjects/BombermanPlus/target/classes/assets/music/title_screen.mp3
11:09:37.996 [FXGL Background Thread 4 ] DEBUG FXGLAssetLoaderServi - Loading from file system: jar:file:///C:/Users/ADMIN/.m2/repository/com/github/almasb/fxgl/17.1/fxgl-17.1.jar!/fxglassets/ui/fonts/Abel-Regular.ttf
11:09:38.005 [FXGL Background Thread 4 ] DEBUG FXGLAssetLoaderServi - Loading from file system: jar:file:///C:/Users/ADMIN/.m2/repository/com/github/almasb/fxgl/17.1/fxgl-17.1.jar!/fxglassets/ui/fonts/TerminalLandMono-Regular.otf
11:09:38.013 [FXGL Background Thread 4 ] DEBUG FXGLAssetLoaderServi - Loading from file system: jar:file:///C:/Users/ADMIN/.m2/repository/com/github/almasb/fxgl/17.1/fxgl-17.1.jar!/fxglassets/ui/fonts/Courier-Prime.ttf
11:09:38.272 [FXGL Background Thread 2 ] INFO  UpdaterService       - Your current version:  17.1
11:09:38.273 [FXGL Background Thread 2 ] INFO  UpdaterService       - Latest stable version: 17.2
11:09:38.278 [JavaFX Application Thread] DEBUG AudioPlayer          - Playing music com.almasb.fxgl.audio.Music@5a7ba77
11:09:38.279 [JavaFX Application Thread] DEBUG FXGLAssetLoaderServi - Loading from file system: jar:file:///C:/Users/ADMIN/.m2/repository/com/github/almasb/fxgl/17.1/fxgl-17.1.jar!/fxglassets/textures/fxgl_icon.png
11:09:38.305 [JavaFX Application Thread] DEBUG FXGLAssetLoaderServi - Loading from file system: jar:file:///C:/Users/ADMIN/.m2/repository/com/github/almasb/fxgl/17.1/fxgl-17.1.jar!/fxglassets/textures/fxgl_default_cursor.png
11:09:38.308 [JavaFX Application Thread] DEBUG Input                - Registered new binding: Screenshot - CTRL+8
11:09:38.309 [JavaFX Application Thread] DEBUG Input                - Registered new binding: Dev Options - 1
11:09:38.309 [JavaFX Application Thread] DEBUG Input                - Registered new binding: Dev Console - 2
11:09:38.309 [JavaFX Application Thread] DEBUG Input                - Registered new binding: System info dump - CTRL+9
11:09:38.310 [JavaFX Application Thread] DEBUG Input                - Registered new binding: Restart - CTRL+R
11:09:38.310 [JavaFX Application Thread] DEBUG Input                - Registered new binding: Toggle Debug Camera - CTRL+7
11:09:38.312 [JavaFX Application Thread] DEBUG AchievementService   - Registered new achievement: Slayer
11:09:38.312 [JavaFX Application Thread] DEBUG AchievementService   - Registered new achievement: See the world
11:09:38.312 [JavaFX Application Thread] DEBUG AchievementService   - Registered new achievement: Score owner
11:09:38.313 [JavaFX Application Thread] DEBUG LoopRunner           - Starting loop
11:09:38.321 [JavaFX Application Thread] DEBUG LoopRunner           - Initializing JavaFX AnimationTimerLoop
11:09:38.323 [JavaFX Application Thread] DEBUG Input                - Clearing active input actions
11:09:38.330 [JavaFX Application Thread] DEBUG GameApplicationServi - Removing overlay from FXGLStartupScene and adding to FXGLMainMenuDummyScene
11:09:38.334 [JavaFX Application Thread] DEBUG PrimaryStageWindow   - FXGLStartupScene -> FXGLMainMenuDummyScene
11:09:38.334 [JavaFX Application Thread] DEBUG PrimaryStageWindow   - Push state: BombermanMenu
11:09:38.335 [JavaFX Application Thread] DEBUG Input                - Clearing active input actions
11:09:38.336 [JavaFX Application Thread] DEBUG GameApplicationServi - Removing overlay from FXGLMainMenuDummyScene and adding to BombermanMenu
11:09:38.337 [JavaFX Application Thread] DEBUG PrimaryStageWindow   - FXGLMainMenuDummyScene -> BombermanMenu
11:09:38.343 [JavaFX Application Thread] DEBUG FXGLApplication      - Registering font factories with UI factory
11:09:39.027 [JavaFX Application Thread] DEBUG Menu                 - fireNewGame()
11:09:39.027 [JavaFX Application Thread] DEBUG GameApplicationServi - Starting new game
11:09:39.028 [JavaFX Application Thread] DEBUG PrimaryStageWindow   - Pop state: BombermanMenu
11:09:39.028 [JavaFX Application Thread] DEBUG Input                - Clearing active input actions
11:09:39.028 [JavaFX Application Thread] DEBUG GameApplicationServi - Removing overlay from BombermanMenu and adding to FXGLMainMenuDummyScene
11:09:39.030 [JavaFX Application Thread] DEBUG PrimaryStageWindow   - FXGLMainMenuDummyScene <- BombermanMenu
11:09:39.030 [JavaFX Application Thread] DEBUG Input                - Clearing active input actions
11:09:39.035 [JavaFX Application Thread] DEBUG GameApplicationServi - Removing overlay from FXGLMainMenuDummyScene and adding to FXGLLoadingScene
11:09:39.035 [JavaFX Application Thread] DEBUG PrimaryStageWindow   - FXGLMainMenuDummyScene -> FXGLLoadingScene
11:09:39.035 [JavaFX Application Thread] DEBUG GameApplicationServi - Clearing previous game
11:09:39.035 [JavaFX Application Thread] DEBUG GameScene            - Clearing game scene
11:09:39.035 [JavaFX Application Thread] DEBUG GameWorld            - Clearing game world
11:09:39.035 [JavaFX Application Thread] DEBUG PhysicsWorld         - Clearing physics world
11:09:39.037 [FXGL Background Thread 2 ] DEBUG FXGLApplication      - Initializing game
11:09:39.064 [FXGL Background Thread 2 ] DEBUG FXGLAssetLoaderServi - Loading from file system: file:/C:/Users/ADMIN/IdeaProjects/BombermanPlus/target/classes/assets/sounds/stage_start.wav
11:09:39.097 [FXGL Background Thread 2 ] INFO  FXGLApplication      - Game initialization took: 0.060 sec
11:09:39.098 [JavaFX Application Thread] DEBUG Input                - Clearing active input actions
11:09:39.102 [JavaFX Application Thread] DEBUG GameApplicationServi - Removing overlay from FXGLLoadingScene and adding to GameScene
11:09:39.105 [JavaFX Application Thread] DEBUG PrimaryStageWindow   - FXGLLoadingScene -> GameScene
11:09:40.908 [FXGL Background Thread 3 ] DEBUG Engine               - Logging environment variables
11:09:40.909 [FXGL Background Thread 3 ] DEBUG Engine               - achievements: [Slayer:achieved(false), See the world:achieved(false), Score owner:achieved(false)]
11:09:40.909 [FXGL Background Thread 3 ] DEBUG Engine               - actualHeight: 720.0
11:09:40.909 [FXGL Background Thread 3 ] DEBUG Engine               - actualHeightProperty: ReadOnlyDoubleProperty [value: 720.0]
11:09:40.909 [FXGL Background Thread 3 ] DEBUG Engine               - actualWidth: 1080.0
11:09:40.909 [FXGL Background Thread 3 ] DEBUG Engine               - actualWidthProperty: ReadOnlyDoubleProperty [value: 1080.0]
11:09:40.909 [FXGL Background Thread 3 ] DEBUG Engine               - appIcon: fxgl_icon.png
11:09:40.909 [FXGL Background Thread 3 ] DEBUG Engine               - applicationMode: DEVELOPER
11:09:40.909 [FXGL Background Thread 3 ] DEBUG Engine               - cSSList: [fxgl_dark.css]
11:09:40.909 [FXGL Background Thread 3 ] DEBUG Engine               - collisionDetectionStrategy: BRUTE_FORCE
11:09:40.909 [FXGL Background Thread 3 ] DEBUG Engine               - configClass: Optional.empty
11:09:40.909 [FXGL Background Thread 3 ] DEBUG Engine               - credits: []
11:09:40.910 [FXGL Background Thread 3 ] DEBUG Engine               - defaultCursor: CursorInfo(imageName=fxgl_default_cursor.png, hotspotX=7.0, hotspotY=6.0)
11:09:40.910 [FXGL Background Thread 3 ] DEBUG Engine               - devBBoxColorProperty: ObjectProperty [value: 0xff0000ff]
11:09:40.910 [FXGL Background Thread 3 ] DEBUG Engine               - devEnableDebugCameraProperty: BooleanProperty [value: false]
11:09:40.910 [FXGL Background Thread 3 ] DEBUG Engine               - devSensorColorProperty: ObjectProperty [value: 0xffff00ff]
11:09:40.910 [FXGL Background Thread 3 ] DEBUG Engine               - devShowBBoxProperty: BooleanProperty [value: false]
11:09:40.911 [FXGL Background Thread 3 ] DEBUG Engine               - devShowPositionProperty: BooleanProperty [value: false]
11:09:40.911 [FXGL Background Thread 3 ] DEBUG Engine               - enabledMenuItems: []
11:09:40.911 [FXGL Background Thread 3 ] DEBUG Engine               - engineServices: [class com.almasb.fxgl.app.services.FXGLAssetLoaderService, class com.almasb.fxgl.app.FXGLApplication$GameApplicationService, class com.almasb.fxgl.app.services.FXGLDialogService, class com.almasb.fxgl.app.services.IOTaskExecutorService, class com.almasb.fxgl.io.FileSystemService, class com.almasb.fxgl.localization.LocalizationService, class com.almasb.fxgl.app.services.SystemBundleService, class com.almasb.fxgl.profile.SaveLoadService, class com.almasb.fxgl.ui.FXGLUIFactoryServiceProvider, class com.almasb.fxgl.ui.FXGLDialogFactoryServiceProvider, class com.almasb.fxgl.audio.AudioPlayer, class com.almasb.fxgl.notification.impl.NotificationServiceProvider, class com.almasb.fxgl.achievement.AchievementService, class com.almasb.fxgl.cutscene.CutsceneService, class com.almasb.fxgl.minigames.MiniGameService, class com.almasb.fxgl.net.NetService, class com.almasb.fxgl.app.services.UpdaterService, class com.almasb.fxgl.dev.DevService]
11:09:40.911 [FXGL Background Thread 3 ] DEBUG Engine               - fontGame: Abel-Regular.ttf
11:09:40.911 [FXGL Background Thread 3 ] DEBUG Engine               - fontMono: TerminalLandMono-Regular.otf
11:09:40.911 [FXGL Background Thread 3 ] DEBUG Engine               - fontText: Courier-Prime.ttf
11:09:40.911 [FXGL Background Thread 3 ] DEBUG Engine               - fontUI: Retro Gaming.ttf
11:09:40.911 [FXGL Background Thread 3 ] DEBUG Engine               - fullScreen: BooleanProperty [value: false]
11:09:40.911 [FXGL Background Thread 3 ] DEBUG Engine               - gameDifficulty: MEDIUM
11:09:40.911 [FXGL Background Thread 3 ] DEBUG Engine               - gameDifficultyProperty: ObjectProperty [value: MEDIUM]
11:09:40.911 [FXGL Background Thread 3 ] DEBUG Engine               - globalMusicVolume: 0.5
11:09:40.911 [FXGL Background Thread 3 ] DEBUG Engine               - globalMusicVolumeProperty: DoubleProperty [value: 0.0]
11:09:40.911 [FXGL Background Thread 3 ] DEBUG Engine               - globalSoundVolume: 0.5
11:09:40.911 [FXGL Background Thread 3 ] DEBUG Engine               - globalSoundVolumeProperty: DoubleProperty [value: 0.4]
11:09:40.911 [FXGL Background Thread 3 ] DEBUG Engine               - height: 720
11:09:40.912 [FXGL Background Thread 3 ] DEBUG Engine               - is3D: false
11:09:40.912 [FXGL Background Thread 3 ] DEBUG Engine               - isAndroid: false
11:09:40.912 [FXGL Background Thread 3 ] DEBUG Engine               - isBrowser: false
11:09:40.912 [FXGL Background Thread 3 ] DEBUG Engine               - isClickFeedbackEnabled: false
11:09:40.912 [FXGL Background Thread 3 ] DEBUG Engine               - isCloseConfirmation: false
11:09:40.912 [FXGL Background Thread 3 ] DEBUG Engine               - isDesktop: true
11:09:40.912 [FXGL Background Thread 3 ] DEBUG Engine               - isDeveloperMenuEnabled: true
11:09:40.912 [FXGL Background Thread 3 ] DEBUG Engine               - isEmbedded: false
11:09:40.912 [FXGL Background Thread 3 ] DEBUG Engine               - isEntityPreloadEnabled: true
11:09:40.912 [FXGL Background Thread 3 ] DEBUG Engine               - isExperimentalTiledLargeMap: false
11:09:40.912 [FXGL Background Thread 3 ] DEBUG Engine               - isFileSystemWriteAllowed: true
11:09:40.912 [FXGL Background Thread 3 ] DEBUG Engine               - isFullScreenAllowed: false
11:09:40.912 [FXGL Background Thread 3 ] DEBUG Engine               - isFullScreenFromStart: false
11:09:40.912 [FXGL Background Thread 3 ] DEBUG Engine               - isGameMenuEnabled: true
11:09:40.912 [FXGL Background Thread 3 ] DEBUG Engine               - isIOS: false
11:09:40.912 [FXGL Background Thread 3 ] DEBUG Engine               - isIntroEnabled: false
11:09:40.912 [FXGL Background Thread 3 ] DEBUG Engine               - isLinux: false
11:09:40.912 [FXGL Background Thread 3 ] DEBUG Engine               - isMac: false
11:09:40.912 [FXGL Background Thread 3 ] DEBUG Engine               - isMainMenuEnabled: true
11:09:40.912 [FXGL Background Thread 3 ] DEBUG Engine               - isManualResizeEnabled: true
11:09:40.912 [FXGL Background Thread 3 ] DEBUG Engine               - isMobile: false
11:09:40.913 [FXGL Background Thread 3 ] DEBUG Engine               - isNative: false
11:09:40.913 [FXGL Background Thread 3 ] DEBUG Engine               - isPauseMusicWhenMinimized: true
11:09:40.913 [FXGL Background Thread 3 ] DEBUG Engine               - isPreserveResizeRatio: true
11:09:40.913 [FXGL Background Thread 3 ] DEBUG Engine               - isProfilingEnabled: false
11:09:40.913 [FXGL Background Thread 3 ] DEBUG Engine               - isScaleAffectedOnResize: true
11:09:40.913 [FXGL Background Thread 3 ] DEBUG Engine               - isSingleStep: false
11:09:40.913 [FXGL Background Thread 3 ] DEBUG Engine               - isUserProfileEnabled: false
11:09:40.913 [FXGL Background Thread 3 ] DEBUG Engine               - isWindows: true
11:09:40.913 [FXGL Background Thread 3 ] DEBUG Engine               - language: ObjectProperty [value: ENGLISH]
11:09:40.913 [FXGL Background Thread 3 ] DEBUG Engine               - menuKey: ESCAPE
11:09:40.913 [FXGL Background Thread 3 ] DEBUG Engine               - mouseSensitivity: 0.2
11:09:40.913 [FXGL Background Thread 3 ] DEBUG Engine               - notificationViewClass: class com.almasb.fxgl.notification.view.XboxNotificationView
11:09:40.913 [FXGL Background Thread 3 ] DEBUG Engine               - pixelsPerMeter: 50.0
11:09:40.913 [FXGL Background Thread 3 ] DEBUG Engine               - platform: WINDOWS
11:09:40.913 [FXGL Background Thread 3 ] DEBUG Engine               - prefHeightProperty: ReadOnlyDoubleProperty [value: 720.0]
11:09:40.913 [FXGL Background Thread 3 ] DEBUG Engine               - prefWidthProperty: ReadOnlyDoubleProperty [value: 1080.0]
11:09:40.913 [FXGL Background Thread 3 ] DEBUG Engine               - profileDir: profiles/
11:09:40.913 [FXGL Background Thread 3 ] DEBUG Engine               - profileName: StringProperty [value: DEFAULT]
11:09:40.913 [FXGL Background Thread 3 ] DEBUG Engine               - randomSeed: -1
11:09:40.914 [FXGL Background Thread 3 ] DEBUG Engine               - runtimeInfo: RuntimeInfo(platform=WINDOWS, version=17.1, build=24.03.2022 17.34)
11:09:40.914 [FXGL Background Thread 3 ] DEBUG Engine               - saveFileExt: sav
11:09:40.914 [FXGL Background Thread 3 ] DEBUG Engine               - scaledHeightProp$fxgl: DoubleProperty [bound, value: 720.0]
11:09:40.914 [FXGL Background Thread 3 ] DEBUG Engine               - scaledWidthProp$fxgl: DoubleProperty [bound, value: 1080.0]
11:09:40.914 [FXGL Background Thread 3 ] DEBUG Engine               - sceneFactory: com.bomberman.bombermanplus.BombermanApp$1@46ccb9dc
11:09:40.914 [FXGL Background Thread 3 ] DEBUG Engine               - secondsIn24h: 60
11:09:40.914 [FXGL Background Thread 3 ] DEBUG Engine               - soundMenuBack: menu/back.wav
11:09:40.914 [FXGL Background Thread 3 ] DEBUG Engine               - soundMenuPress: menu/press.wav
11:09:40.914 [FXGL Background Thread 3 ] DEBUG Engine               - soundMenuSelect: menu/select.wav
11:09:40.914 [FXGL Background Thread 3 ] DEBUG Engine               - soundNotification: core/notification.wav
11:09:40.914 [FXGL Background Thread 3 ] DEBUG Engine               - stageStyle: DECORATED
11:09:40.914 [FXGL Background Thread 3 ] DEBUG Engine               - supportedLanguages: [ENGLISH, FRENCH, GERMAN, HUNGARIAN, RUSSIAN]
11:09:40.914 [FXGL Background Thread 3 ] DEBUG Engine               - ticksPerSecond: -1
11:09:40.914 [FXGL Background Thread 3 ] DEBUG Engine               - title: BOMBERMAN
11:09:40.914 [FXGL Background Thread 3 ] DEBUG Engine               - urlGithub: https://github.com/AlmasB/FXGL
11:09:40.914 [FXGL Background Thread 3 ] DEBUG Engine               - urlLeaderboard: http://fxgl-top.herokuapp.com/
11:09:40.914 [FXGL Background Thread 3 ] DEBUG Engine               - urlPOM: https://raw.githubusercontent.com/AlmasB/FXGL/release/README.md
11:09:40.914 [FXGL Background Thread 3 ] DEBUG Engine               - userAppClass: class com.bomberman.bombermanplus.BombermanApp
11:09:40.915 [FXGL Background Thread 3 ] DEBUG Engine               - version: 1.0
11:09:40.915 [FXGL Background Thread 3 ] DEBUG Engine               - versionCheckDays: 7
11:09:40.915 [FXGL Background Thread 3 ] DEBUG Engine               - width: 1080
11:09:40.915 [FXGL Background Thread 3 ] DEBUG Engine               - Logging services
11:09:40.915 [FXGL Background Thread 3 ] DEBUG Engine               - class com.almasb.fxgl.app.services.FXGLAssetLoaderService
11:09:40.915 [FXGL Background Thread 3 ] DEBUG Engine               - class com.almasb.fxgl.app.FXGLApplication$GameApplicationService
11:09:40.915 [FXGL Background Thread 3 ] DEBUG Engine               - class com.almasb.fxgl.app.services.FXGLDialogService
11:09:40.915 [FXGL Background Thread 3 ] DEBUG Engine               - class com.almasb.fxgl.app.services.IOTaskExecutorService
11:09:40.915 [FXGL Background Thread 3 ] DEBUG Engine               - class com.almasb.fxgl.io.FileSystemService
11:09:40.915 [FXGL Background Thread 3 ] DEBUG Engine               - class com.almasb.fxgl.localization.LocalizationService
11:09:40.915 [FXGL Background Thread 3 ] DEBUG Engine               - class com.almasb.fxgl.app.services.SystemBundleService
11:09:40.915 [FXGL Background Thread 3 ] DEBUG Engine               - class com.almasb.fxgl.profile.SaveLoadService
11:09:40.915 [FXGL Background Thread 3 ] DEBUG Engine               - class com.almasb.fxgl.ui.FXGLUIFactoryServiceProvider
11:09:40.915 [FXGL Background Thread 3 ] DEBUG Engine               - class com.almasb.fxgl.ui.FXGLDialogFactoryServiceProvider
11:09:40.915 [FXGL Background Thread 3 ] DEBUG Engine               - class com.almasb.fxgl.audio.AudioPlayer
11:09:40.915 [FXGL Background Thread 3 ] DEBUG Engine               - class com.almasb.fxgl.notification.impl.NotificationServiceProvider
11:09:40.915 [FXGL Background Thread 3 ] DEBUG Engine               - class com.almasb.fxgl.achievement.AchievementService
11:09:40.915 [FXGL Background Thread 3 ] DEBUG Engine               - class com.almasb.fxgl.cutscene.CutsceneService
11:09:40.915 [FXGL Background Thread 3 ] DEBUG Engine               - class com.almasb.fxgl.minigames.MiniGameService
11:09:40.915 [FXGL Background Thread 3 ] DEBUG Engine               - class com.almasb.fxgl.net.NetService
11:09:40.915 [FXGL Background Thread 3 ] DEBUG Engine               - class com.almasb.fxgl.app.services.UpdaterService
11:09:40.915 [FXGL Background Thread 3 ] DEBUG Engine               - class com.almasb.fxgl.dev.DevService
11:09:41.952 [JavaFX Application Thread] WARN  TMXLevelLoader       - TiledMap generated from 1.9.2. Supported version: 1.4.2. Some features may not be parsed fully.
11:09:41.968 [JavaFX Application Thread] DEBUG TMXLevelLoader       - Parsed TiledMap: file:/C:/Users/ADMIN/IdeaProjects/BombermanPlus/target/classes/assets/levels/bbm_level1.tmx
11:09:41.969 [JavaFX Application Thread] DEBUG TMXLevelLoader       - Creating tile layer entities
11:09:41.970 [JavaFX Application Thread] DEBUG TilesetLoader        - Loading view for layer Tile Layer 1
11:09:41.971 [JavaFX Application Thread] DEBUG TilesetLoader        - Created buffer with size 1488.0x720.0
11:09:42.038 [JavaFX Application Thread] DEBUG TMXLevelLoader       - Creating object layer entities
11:09:42.039 [JavaFX Application Thread] DEBUG FXGLAssetLoaderServi - Loading from file system: file:/C:/Users/ADMIN/IdeaProjects/BombermanPlus/target/classes/assets/textures/items/powerup_speed.png
11:09:42.045 [JavaFX Application Thread] DEBUG FXGLAssetLoaderServi - Loading from file system: file:/C:/Users/ADMIN/IdeaProjects/BombermanPlus/target/classes/assets/textures/items/powerup_flames.png
11:09:42.046 [JavaFX Application Thread] DEBUG FXGLAssetLoaderServi - Loading from file system: file:/C:/Users/ADMIN/IdeaProjects/BombermanPlus/target/classes/assets/textures/items/powerup_bombs.png
11:09:42.048 [JavaFX Application Thread] DEBUG FXGLAssetLoaderServi - Loading from file system: file:/C:/Users/ADMIN/IdeaProjects/BombermanPlus/target/classes/assets/textures/items/powerup_flamepass.png
11:09:42.050 [JavaFX Application Thread] DEBUG FXGLAssetLoaderServi - Loading from file system: file:/C:/Users/ADMIN/IdeaProjects/BombermanPlus/target/classes/assets/textures/items/portal.png
11:09:42.054 [JavaFX Application Thread] DEBUG FXGLAssetLoaderServi - Loading from file system: file:/C:/Users/ADMIN/IdeaProjects/BombermanPlus/target/classes/assets/textures/sprites.png
11:09:42.104 [JavaFX Application Thread] DEBUG FXGLAssetLoaderServi - Loading from file system: file:/C:/Users/ADMIN/IdeaProjects/BombermanPlus/target/classes/assets/textures/char3.png
11:09:42.139 [JavaFX Application Thread] DEBUG GameWorld            - Clearing removable entities
11:09:42.139 [JavaFX Application Thread] DEBUG GameWorld            - Setting level: com.almasb.fxgl.entity.level.Level@95b4277
11:09:42.172 [JavaFX Application Thread] DEBUG FXGLAssetLoaderServi - Loading from file system: file:/C:/Users/ADMIN/IdeaProjects/BombermanPlus/target/classes/assets/sounds/walk_2.wav
11:09:42.799 [JavaFX Application Thread] DEBUG FXGLAssetLoaderServi - Loading from file system: file:/C:/Users/ADMIN/IdeaProjects/BombermanPlus/target/classes/assets/sounds/walk_1.wav
11:09:42.994 [JavaFX Application Thread] DEBUG FXGLAssetLoaderServi - Loading from file system: file:/C:/Users/ADMIN/IdeaProjects/BombermanPlus/target/classes/assets/sounds/placed_bomb.wav
11:09:43.486 [JavaFX Application Thread] DEBUG FXGLAssetLoaderServi - Loading from file system: file:/C:/Users/ADMIN/IdeaProjects/BombermanPlus/target/classes/assets/sounds/power_up.wav
11:09:44.182 [JavaFX Application Thread] DEBUG FXGLAssetLoaderServi - Loading from file system: file:/C:/Users/ADMIN/IdeaProjects/BombermanPlus/target/classes/assets/sounds/bomb_exploded.wav
11:09:57.335 [JavaFX Application Thread] DEBUG FXGLAssetLoaderServi - Loading from file system: file:/C:/Users/ADMIN/IdeaProjects/BombermanPlus/target/classes/assets/sounds/enemy_die.wav
11:10:09.134 [JavaFX Application Thread] DEBUG FXGLAssetLoaderServi - Loading from file system: file:/C:/Users/ADMIN/IdeaProjects/BombermanPlus/target/classes/assets/sounds/bomberman_die.wav
11:10:32.567 [JavaFX Application Thread] DEBUG PrimaryStageWindow   - Push state: DialogSubScene
11:10:32.567 [JavaFX Application Thread] DEBUG Input                - Clearing active input actions
11:10:32.567 [JavaFX Application Thread] DEBUG GameApplicationServi - Removing overlay from GameScene and adding to DialogSubScene
11:10:32.568 [JavaFX Application Thread] DEBUG PrimaryStageWindow   - GameScene -> DialogSubScene
11:10:32.570 [JavaFX Application Thread] WARN  TMXLevelLoader       - TiledMap generated from 1.9.2. Supported version: 1.4.2. Some features may not be parsed fully.
11:10:32.581 [JavaFX Application Thread] DEBUG TMXLevelLoader       - Parsed TiledMap: file:/C:/Users/ADMIN/IdeaProjects/BombermanPlus/target/classes/assets/levels/bbm_level1.tmx
11:10:32.581 [JavaFX Application Thread] DEBUG TMXLevelLoader       - Creating tile layer entities
11:10:32.581 [JavaFX Application Thread] DEBUG TilesetLoader        - Loading view for layer Tile Layer 1
11:10:32.581 [JavaFX Application Thread] DEBUG TilesetLoader        - Created buffer with size 1488.0x720.0
11:10:32.642 [JavaFX Application Thread] DEBUG TMXLevelLoader       - Creating object layer entities
11:10:32.671 [JavaFX Application Thread] DEBUG GameWorld            - Clearing removable entities
11:10:32.677 [JavaFX Application Thread] DEBUG GameWorld            - Setting level: com.almasb.fxgl.entity.level.Level@59ca313
11:10:33.638 [JavaFX Application Thread] DEBUG PrimaryStageWindow   - Pop state: DialogSubScene
11:10:33.639 [JavaFX Application Thread] DEBUG Input                - Clearing active input actions
11:10:33.639 [JavaFX Application Thread] DEBUG GameApplicationServi - Removing overlay from DialogSubScene and adding to GameScene
11:10:33.640 [JavaFX Application Thread] DEBUG PrimaryStageWindow   - GameScene <- DialogSubScene
11:10:33.640 [JavaFX Application Thread] DEBUG Input                - Clearing active input actions
11:10:33.643 [JavaFX Application Thread] DEBUG GameApplicationServi - Removing overlay from GameScene and adding to FXGLMainMenuDummyScene
11:10:33.643 [JavaFX Application Thread] DEBUG PrimaryStageWindow   - GameScene -> FXGLMainMenuDummyScene
11:10:33.643 [JavaFX Application Thread] DEBUG PrimaryStageWindow   - Push state: BombermanMenu
11:10:33.643 [JavaFX Application Thread] DEBUG Input                - Clearing active input actions
11:10:33.644 [JavaFX Application Thread] DEBUG GameApplicationServi - Removing overlay from FXGLMainMenuDummyScene and adding to BombermanMenu
11:10:33.647 [JavaFX Application Thread] DEBUG PrimaryStageWindow   - FXGLMainMenuDummyScene -> BombermanMenu
11:10:35.160 [JavaFX Application Thread] DEBUG FXGLApplication      - Exiting FXGL
11:10:35.160 [JavaFX Application Thread] DEBUG LoopRunner           - Stopping loop
11:10:35.160 [JavaFX Application Thread] DEBUG SystemBundleService  - Saving FXGL system data
11:10:35.162 [JavaFX Application Thread] DEBUG FileSystemAccess     - Writing to: C:\Users\ADMIN\IdeaProjects\BombermanPlus\system\fxgl.bundle
11:10:35.164 [JavaFX Application Thread] DEBUG Async                - Shutting down background threads
11:10:35.164 [JavaFX Application Thread] DEBUG PrimaryStageWindow   - Closing main window
11:10:35.172 [JavaFX Application Thread] DEBUG Logger               - Closing Logger
