11:24:22.294 [main                     ] DEBUG Logger               - Configured Logger
11:24:22.309 [main                     ] DEBUG GameApplication      - Logging settings
Title: BOMBERMAN
Version: 1.0
Width: 1080
Height: 720
Fullscreen: false
Intro: false
Profiling: false
Single step:false
App Mode: DEVELOPER
Menu Key: ESCAPE
Stage Style: DECORATED
Scene Factory: class com.bomberman.bombermanplus.BombermanApp$1

11:24:22.676 [JavaFX Application Thread] DEBUG FXGLApplication      - Initializing FXGL
11:24:22.680 [JavaFX Application Thread] INFO  Engine               - FXGL-17.1 (24.03.2022 17.34) on WINDOWS (J:19 FX:19-ea)
11:24:22.681 [JavaFX Application Thread] DEBUG Engine               - JRE Vendor Name: Oracle Corporation
11:24:22.681 [JavaFX Application Thread] DEBUG Engine               - Running on OS: Windows 11 version 10.0
11:24:22.681 [JavaFX Application Thread] DEBUG Engine               - Architecture: amd64
11:24:22.681 [JavaFX Application Thread] INFO  Engine               - Source code and latest versions at: https://github.com/AlmasB/FXGL
11:24:22.681 [JavaFX Application Thread] INFO  Engine               -       Ask questions and discuss at: https://github.com/AlmasB/FXGL/discussions
11:24:22.681 [JavaFX Application Thread] INFO  Engine               -              Join the FXGL chat at: https://gitter.im/AlmasB/FXGL
11:24:22.770 [JavaFX Application Thread] DEBUG PrimaryStageWindow   - Creating a JavaFX scene
11:24:22.812 [JavaFX Application Thread] DEBUG PrimaryStageWindow   - Target settings size: 1080.0 x 720.0
11:24:22.812 [JavaFX Application Thread] DEBUG PrimaryStageWindow   - Scaled scene size:    1080.0 x 720.0
11:24:22.812 [JavaFX Application Thread] DEBUG PrimaryStageWindow   - Scaled ratio: (1.0, 1.0)
11:24:22.813 [JavaFX Application Thread] DEBUG PrimaryStageWindow   - Set initial scene to FXGLStartupScene
11:24:22.818 [JavaFX Application Thread] DEBUG PrimaryStageWindow   - Opening main window
11:24:22.885 [JavaFX Application Thread] DEBUG PrimaryStageWindow   - Window border size: (14.4000244140625, 37.5999755859375)
11:24:22.886 [JavaFX Application Thread] DEBUG PrimaryStageWindow   - Scaled size: 1080.0 x 720.0
11:24:22.886 [JavaFX Application Thread] DEBUG PrimaryStageWindow   - Scaled ratio: (1.0, 1.0)
11:24:22.886 [JavaFX Application Thread] DEBUG PrimaryStageWindow   - Scene size: 1080.0 x 720.0
11:24:22.886 [JavaFX Application Thread] DEBUG PrimaryStageWindow   - Stage size: 1094.4000244140625 x 757.5999755859375
11:24:22.894 [FXGL Background Thread 1 ] DEBUG Engine               - Initializing environment variables
11:24:22.935 [FXGL Background Thread 1 ] DEBUG FXGLAssetLoaderServi - User app class for loading assets: class com.bomberman.bombermanplus.BombermanApp
11:24:22.935 [FXGL Background Thread 1 ] DEBUG GameApplicationServi - Applying CSS: fxgl_dark.css
11:24:22.935 [FXGL Background Thread 1 ] DEBUG FXGLAssetLoaderServi - Loading from file system: jar:file:///C:/Users/ADMIN/.m2/repository/com/github/almasb/fxgl/17.1/fxgl-17.1.jar!/fxglassets/ui/css/fxgl_dark.css
11:24:22.966 [FXGL Background Thread 1 ] DEBUG GameApplicationServi - Initializing application scenes
11:24:22.996 [FXGL Background Thread 1 ] DEBUG GameWorld            - Game world initialized
11:24:23.055 [FXGL Background Thread 1 ] DEBUG PhysicsWorld         - Physics world initialized: appHeight=720, physics.ppm=50.0
11:24:23.055 [FXGL Background Thread 1 ] DEBUG PhysicsWorld         - Using strategy: BRUTE_FORCE
11:24:23.059 [FXGL Background Thread 1 ] DEBUG GameScene            - Game scene initialized: 1080x720
11:24:23.108 [FXGL Background Thread 1 ] DEBUG GameApplicationServi - Application scenes initialized
11:24:23.117 [FXGL Background Thread 1 ] DEBUG SystemBundleService  - Loading FXGL system data
11:24:23.123 [FXGL Background Thread 1 ] DEBUG FileSystemAccess     - Reading from: C:\Users\ADMIN\IdeaProjects\BombermanPlus\system\fxgl.bundle
11:24:23.134 [FXGL Background Thread 1 ] DEBUG SystemBundleService  - Bundle FXGL: {}
11:24:23.134 [FXGL Background Thread 1 ] DEBUG UpdaterService       - Checking for updates
11:24:23.157 [FXGL Background Thread 4 ] DEBUG FXGLApplication      - Loading fonts
11:24:23.157 [FXGL Background Thread 1 ] DEBUG FXGLApplication      - Loading default localization
11:24:23.158 [FXGL Background Thread 4 ] DEBUG FXGLAssetLoaderServi - Loading from file system: file:/C:/Users/ADMIN/IdeaProjects/BombermanPlus/target/classes/assets/ui/fonts/Retro%20Gaming.ttf
11:24:23.158 [FXGL Background Thread 1 ] DEBUG FXGLAssetLoaderServi - Loading from file system: jar:file:///C:/Users/ADMIN/.m2/repository/com/github/almasb/fxgl/17.1/fxgl-17.1.jar!/fxglassets/languages/english.lang
11:24:23.172 [FXGL Background Thread 1 ] INFO  FXGLApplication      - FXGL initialization took: 0.277 sec
11:24:23.178 [JavaFX Application Thread] DEBUG Input                - Registered new binding: Move Right - D
11:24:23.178 [JavaFX Application Thread] DEBUG Input                - Registered new binding: Move Up - W
11:24:23.178 [JavaFX Application Thread] DEBUG Input                - Registered new binding: Move Down - S
11:24:23.179 [JavaFX Application Thread] DEBUG Input                - Registered new binding: Move Left - A
11:24:23.179 [JavaFX Application Thread] DEBUG Input                - Registered new binding: Place bomb - Space
11:24:23.179 [JavaFX Application Thread] DEBUG FXGLAssetLoaderServi - Loading from file system: file:/C:/Users/ADMIN/IdeaProjects/BombermanPlus/target/classes/assets/music/title_screen.mp3
11:24:23.235 [FXGL Background Thread 4 ] DEBUG FXGLAssetLoaderServi - Loading from file system: jar:file:///C:/Users/ADMIN/.m2/repository/com/github/almasb/fxgl/17.1/fxgl-17.1.jar!/fxglassets/ui/fonts/Abel-Regular.ttf
11:24:23.251 [FXGL Background Thread 4 ] DEBUG FXGLAssetLoaderServi - Loading from file system: jar:file:///C:/Users/ADMIN/.m2/repository/com/github/almasb/fxgl/17.1/fxgl-17.1.jar!/fxglassets/ui/fonts/TerminalLandMono-Regular.otf
11:24:23.268 [FXGL Background Thread 4 ] DEBUG FXGLAssetLoaderServi - Loading from file system: jar:file:///C:/Users/ADMIN/.m2/repository/com/github/almasb/fxgl/17.1/fxgl-17.1.jar!/fxglassets/ui/fonts/Courier-Prime.ttf
11:24:23.729 [JavaFX Application Thread] DEBUG AudioPlayer          - Playing music com.almasb.fxgl.audio.Music@785bfc67
11:24:23.730 [JavaFX Application Thread] DEBUG FXGLAssetLoaderServi - Loading from file system: jar:file:///C:/Users/ADMIN/.m2/repository/com/github/almasb/fxgl/17.1/fxgl-17.1.jar!/fxglassets/textures/fxgl_icon.png
11:24:23.751 [JavaFX Application Thread] DEBUG FXGLAssetLoaderServi - Loading from file system: jar:file:///C:/Users/ADMIN/.m2/repository/com/github/almasb/fxgl/17.1/fxgl-17.1.jar!/fxglassets/textures/fxgl_default_cursor.png
11:24:23.753 [JavaFX Application Thread] DEBUG Input                - Registered new binding: Screenshot - CTRL+8
11:24:23.753 [JavaFX Application Thread] DEBUG Input                - Registered new binding: Dev Options - 1
11:24:23.753 [JavaFX Application Thread] DEBUG Input                - Registered new binding: Dev Console - 2
11:24:23.754 [JavaFX Application Thread] DEBUG Input                - Registered new binding: System info dump - CTRL+9
11:24:23.754 [JavaFX Application Thread] DEBUG Input                - Registered new binding: Restart - CTRL+R
11:24:23.754 [JavaFX Application Thread] DEBUG Input                - Registered new binding: Toggle Debug Camera - CTRL+7
11:24:23.756 [JavaFX Application Thread] DEBUG AchievementService   - Registered new achievement: Slayer
11:24:23.756 [JavaFX Application Thread] DEBUG AchievementService   - Registered new achievement: See the world
11:24:23.756 [JavaFX Application Thread] DEBUG AchievementService   - Registered new achievement: Score owner
11:24:23.756 [JavaFX Application Thread] DEBUG LoopRunner           - Starting loop
11:24:23.765 [JavaFX Application Thread] DEBUG LoopRunner           - Initializing JavaFX AnimationTimerLoop
11:24:23.767 [JavaFX Application Thread] DEBUG Input                - Clearing active input actions
11:24:23.774 [JavaFX Application Thread] DEBUG GameApplicationServi - Removing overlay from FXGLStartupScene and adding to FXGLMainMenuDummyScene
11:24:23.776 [JavaFX Application Thread] DEBUG PrimaryStageWindow   - FXGLStartupScene -> FXGLMainMenuDummyScene
11:24:23.776 [JavaFX Application Thread] DEBUG PrimaryStageWindow   - Push state: BombermanMenu
11:24:23.776 [JavaFX Application Thread] DEBUG Input                - Clearing active input actions
11:24:23.778 [JavaFX Application Thread] DEBUG GameApplicationServi - Removing overlay from FXGLMainMenuDummyScene and adding to BombermanMenu
11:24:23.778 [JavaFX Application Thread] DEBUG PrimaryStageWindow   - FXGLMainMenuDummyScene -> BombermanMenu
11:24:23.778 [JavaFX Application Thread] DEBUG FXGLApplication      - Registering font factories with UI factory
11:24:23.940 [FXGL Background Thread 2 ] INFO  UpdaterService       - Your current version:  17.1
11:24:23.940 [FXGL Background Thread 2 ] INFO  UpdaterService       - Latest stable version: 17.2
11:24:24.445 [JavaFX Application Thread] DEBUG Menu                 - fireNewGame()
11:24:24.445 [JavaFX Application Thread] DEBUG GameApplicationServi - Starting new game
11:24:24.445 [JavaFX Application Thread] DEBUG PrimaryStageWindow   - Pop state: BombermanMenu
11:24:24.445 [JavaFX Application Thread] DEBUG Input                - Clearing active input actions
11:24:24.446 [JavaFX Application Thread] DEBUG GameApplicationServi - Removing overlay from BombermanMenu and adding to FXGLMainMenuDummyScene
11:24:24.447 [JavaFX Application Thread] DEBUG PrimaryStageWindow   - FXGLMainMenuDummyScene <- BombermanMenu
11:24:24.448 [JavaFX Application Thread] DEBUG Input                - Clearing active input actions
11:24:24.452 [JavaFX Application Thread] DEBUG GameApplicationServi - Removing overlay from FXGLMainMenuDummyScene and adding to FXGLLoadingScene
11:24:24.452 [JavaFX Application Thread] DEBUG PrimaryStageWindow   - FXGLMainMenuDummyScene -> FXGLLoadingScene
11:24:24.452 [JavaFX Application Thread] DEBUG GameApplicationServi - Clearing previous game
11:24:24.452 [JavaFX Application Thread] DEBUG GameScene            - Clearing game scene
11:24:24.452 [JavaFX Application Thread] DEBUG GameWorld            - Clearing game world
11:24:24.452 [JavaFX Application Thread] DEBUG PhysicsWorld         - Clearing physics world
11:24:24.454 [FXGL Background Thread 2 ] DEBUG FXGLApplication      - Initializing game
11:24:24.460 [FXGL Background Thread 2 ] DEBUG FXGLAssetLoaderServi - Loading from file system: file:/C:/Users/ADMIN/IdeaProjects/BombermanPlus/target/classes/assets/sounds/stage_start.wav
11:24:24.493 [FXGL Background Thread 2 ] INFO  FXGLApplication      - Game initialization took: 0.039 sec
11:24:24.495 [JavaFX Application Thread] DEBUG Input                - Clearing active input actions
11:24:24.500 [JavaFX Application Thread] DEBUG GameApplicationServi - Removing overlay from FXGLLoadingScene and adding to GameScene
11:24:24.502 [JavaFX Application Thread] DEBUG PrimaryStageWindow   - FXGLLoadingScene -> GameScene
11:24:26.156 [FXGL Background Thread 3 ] DEBUG Engine               - Logging environment variables
11:24:26.157 [FXGL Background Thread 3 ] DEBUG Engine               - achievements: [Slayer:achieved(false), See the world:achieved(false), Score owner:achieved(false)]
11:24:26.157 [FXGL Background Thread 3 ] DEBUG Engine               - actualHeight: 720.0
11:24:26.157 [FXGL Background Thread 3 ] DEBUG Engine               - actualHeightProperty: ReadOnlyDoubleProperty [value: 720.0]
11:24:26.157 [FXGL Background Thread 3 ] DEBUG Engine               - actualWidth: 1080.0
11:24:26.157 [FXGL Background Thread 3 ] DEBUG Engine               - actualWidthProperty: ReadOnlyDoubleProperty [value: 1080.0]
11:24:26.157 [FXGL Background Thread 3 ] DEBUG Engine               - appIcon: fxgl_icon.png
11:24:26.157 [FXGL Background Thread 3 ] DEBUG Engine               - applicationMode: DEVELOPER
11:24:26.157 [FXGL Background Thread 3 ] DEBUG Engine               - cSSList: [fxgl_dark.css]
11:24:26.157 [FXGL Background Thread 3 ] DEBUG Engine               - collisionDetectionStrategy: BRUTE_FORCE
11:24:26.157 [FXGL Background Thread 3 ] DEBUG Engine               - configClass: Optional.empty
11:24:26.157 [FXGL Background Thread 3 ] DEBUG Engine               - credits: []
11:24:26.158 [FXGL Background Thread 3 ] DEBUG Engine               - defaultCursor: CursorInfo(imageName=fxgl_default_cursor.png, hotspotX=7.0, hotspotY=6.0)
11:24:26.158 [FXGL Background Thread 3 ] DEBUG Engine               - devBBoxColorProperty: ObjectProperty [value: 0xff0000ff]
11:24:26.159 [FXGL Background Thread 3 ] DEBUG Engine               - devEnableDebugCameraProperty: BooleanProperty [value: false]
11:24:26.159 [FXGL Background Thread 3 ] DEBUG Engine               - devSensorColorProperty: ObjectProperty [value: 0xffff00ff]
11:24:26.159 [FXGL Background Thread 3 ] DEBUG Engine               - devShowBBoxProperty: BooleanProperty [value: false]
11:24:26.159 [FXGL Background Thread 3 ] DEBUG Engine               - devShowPositionProperty: BooleanProperty [value: false]
11:24:26.159 [FXGL Background Thread 3 ] DEBUG Engine               - enabledMenuItems: []
11:24:26.159 [FXGL Background Thread 3 ] DEBUG Engine               - engineServices: [class com.almasb.fxgl.app.services.FXGLAssetLoaderService, class com.almasb.fxgl.app.FXGLApplication$GameApplicationService, class com.almasb.fxgl.app.services.FXGLDialogService, class com.almasb.fxgl.app.services.IOTaskExecutorService, class com.almasb.fxgl.io.FileSystemService, class com.almasb.fxgl.localization.LocalizationService, class com.almasb.fxgl.app.services.SystemBundleService, class com.almasb.fxgl.profile.SaveLoadService, class com.almasb.fxgl.ui.FXGLUIFactoryServiceProvider, class com.almasb.fxgl.ui.FXGLDialogFactoryServiceProvider, class com.almasb.fxgl.audio.AudioPlayer, class com.almasb.fxgl.notification.impl.NotificationServiceProvider, class com.almasb.fxgl.achievement.AchievementService, class com.almasb.fxgl.cutscene.CutsceneService, class com.almasb.fxgl.minigames.MiniGameService, class com.almasb.fxgl.net.NetService, class com.almasb.fxgl.app.services.UpdaterService, class com.almasb.fxgl.dev.DevService]
11:24:26.159 [FXGL Background Thread 3 ] DEBUG Engine               - fontGame: Abel-Regular.ttf
11:24:26.159 [FXGL Background Thread 3 ] DEBUG Engine               - fontMono: TerminalLandMono-Regular.otf
11:24:26.159 [FXGL Background Thread 3 ] DEBUG Engine               - fontText: Courier-Prime.ttf
11:24:26.159 [FXGL Background Thread 3 ] DEBUG Engine               - fontUI: Retro Gaming.ttf
11:24:26.159 [FXGL Background Thread 3 ] DEBUG Engine               - fullScreen: BooleanProperty [value: false]
11:24:26.159 [FXGL Background Thread 3 ] DEBUG Engine               - gameDifficulty: MEDIUM
11:24:26.159 [FXGL Background Thread 3 ] DEBUG Engine               - gameDifficultyProperty: ObjectProperty [value: MEDIUM]
11:24:26.159 [FXGL Background Thread 3 ] DEBUG Engine               - globalMusicVolume: 0.5
11:24:26.159 [FXGL Background Thread 3 ] DEBUG Engine               - globalMusicVolumeProperty: DoubleProperty [value: 0.0]
11:24:26.159 [FXGL Background Thread 3 ] DEBUG Engine               - globalSoundVolume: 0.5
11:24:26.159 [FXGL Background Thread 3 ] DEBUG Engine               - globalSoundVolumeProperty: DoubleProperty [value: 0.4]
11:24:26.160 [FXGL Background Thread 3 ] DEBUG Engine               - height: 720
11:24:26.160 [FXGL Background Thread 3 ] DEBUG Engine               - is3D: false
11:24:26.160 [FXGL Background Thread 3 ] DEBUG Engine               - isAndroid: false
11:24:26.160 [FXGL Background Thread 3 ] DEBUG Engine               - isBrowser: false
11:24:26.160 [FXGL Background Thread 3 ] DEBUG Engine               - isClickFeedbackEnabled: false
11:24:26.160 [FXGL Background Thread 3 ] DEBUG Engine               - isCloseConfirmation: false
11:24:26.160 [FXGL Background Thread 3 ] DEBUG Engine               - isDesktop: true
11:24:26.160 [FXGL Background Thread 3 ] DEBUG Engine               - isDeveloperMenuEnabled: true
11:24:26.160 [FXGL Background Thread 3 ] DEBUG Engine               - isEmbedded: false
11:24:26.160 [FXGL Background Thread 3 ] DEBUG Engine               - isEntityPreloadEnabled: true
11:24:26.160 [FXGL Background Thread 3 ] DEBUG Engine               - isExperimentalTiledLargeMap: false
11:24:26.160 [FXGL Background Thread 3 ] DEBUG Engine               - isFileSystemWriteAllowed: true
11:24:26.160 [FXGL Background Thread 3 ] DEBUG Engine               - isFullScreenAllowed: false
11:24:26.160 [FXGL Background Thread 3 ] DEBUG Engine               - isFullScreenFromStart: false
11:24:26.160 [FXGL Background Thread 3 ] DEBUG Engine               - isGameMenuEnabled: true
11:24:26.160 [FXGL Background Thread 3 ] DEBUG Engine               - isIOS: false
11:24:26.160 [FXGL Background Thread 3 ] DEBUG Engine               - isIntroEnabled: false
11:24:26.160 [FXGL Background Thread 3 ] DEBUG Engine               - isLinux: false
11:24:26.160 [FXGL Background Thread 3 ] DEBUG Engine               - isMac: false
11:24:26.160 [FXGL Background Thread 3 ] DEBUG Engine               - isMainMenuEnabled: true
11:24:26.160 [FXGL Background Thread 3 ] DEBUG Engine               - isManualResizeEnabled: true
11:24:26.161 [FXGL Background Thread 3 ] DEBUG Engine               - isMobile: false
11:24:26.161 [FXGL Background Thread 3 ] DEBUG Engine               - isNative: false
11:24:26.161 [FXGL Background Thread 3 ] DEBUG Engine               - isPauseMusicWhenMinimized: true
11:24:26.161 [FXGL Background Thread 3 ] DEBUG Engine               - isPreserveResizeRatio: true
11:24:26.161 [FXGL Background Thread 3 ] DEBUG Engine               - isProfilingEnabled: false
11:24:26.161 [FXGL Background Thread 3 ] DEBUG Engine               - isScaleAffectedOnResize: true
11:24:26.161 [FXGL Background Thread 3 ] DEBUG Engine               - isSingleStep: false
11:24:26.161 [FXGL Background Thread 3 ] DEBUG Engine               - isUserProfileEnabled: false
11:24:26.161 [FXGL Background Thread 3 ] DEBUG Engine               - isWindows: true
11:24:26.161 [FXGL Background Thread 3 ] DEBUG Engine               - language: ObjectProperty [value: ENGLISH]
11:24:26.161 [FXGL Background Thread 3 ] DEBUG Engine               - menuKey: ESCAPE
11:24:26.161 [FXGL Background Thread 3 ] DEBUG Engine               - mouseSensitivity: 0.2
11:24:26.161 [FXGL Background Thread 3 ] DEBUG Engine               - notificationViewClass: class com.almasb.fxgl.notification.view.XboxNotificationView
11:24:26.161 [FXGL Background Thread 3 ] DEBUG Engine               - pixelsPerMeter: 50.0
11:24:26.161 [FXGL Background Thread 3 ] DEBUG Engine               - platform: WINDOWS
11:24:26.161 [FXGL Background Thread 3 ] DEBUG Engine               - prefHeightProperty: ReadOnlyDoubleProperty [value: 720.0]
11:24:26.161 [FXGL Background Thread 3 ] DEBUG Engine               - prefWidthProperty: ReadOnlyDoubleProperty [value: 1080.0]
11:24:26.161 [FXGL Background Thread 3 ] DEBUG Engine               - profileDir: profiles/
11:24:26.161 [FXGL Background Thread 3 ] DEBUG Engine               - profileName: StringProperty [value: DEFAULT]
11:24:26.161 [FXGL Background Thread 3 ] DEBUG Engine               - randomSeed: -1
11:24:26.162 [FXGL Background Thread 3 ] DEBUG Engine               - runtimeInfo: RuntimeInfo(platform=WINDOWS, version=17.1, build=24.03.2022 17.34)
11:24:26.162 [FXGL Background Thread 3 ] DEBUG Engine               - saveFileExt: sav
11:24:26.162 [FXGL Background Thread 3 ] DEBUG Engine               - scaledHeightProp$fxgl: DoubleProperty [bound, value: 720.0]
11:24:26.162 [FXGL Background Thread 3 ] DEBUG Engine               - scaledWidthProp$fxgl: DoubleProperty [bound, value: 1080.0]
11:24:26.162 [FXGL Background Thread 3 ] DEBUG Engine               - sceneFactory: com.bomberman.bombermanplus.BombermanApp$1@b598693
11:24:26.162 [FXGL Background Thread 3 ] DEBUG Engine               - secondsIn24h: 60
11:24:26.162 [FXGL Background Thread 3 ] DEBUG Engine               - soundMenuBack: menu/back.wav
11:24:26.162 [FXGL Background Thread 3 ] DEBUG Engine               - soundMenuPress: menu/press.wav
11:24:26.162 [FXGL Background Thread 3 ] DEBUG Engine               - soundMenuSelect: menu/select.wav
11:24:26.162 [FXGL Background Thread 3 ] DEBUG Engine               - soundNotification: core/notification.wav
11:24:26.162 [FXGL Background Thread 3 ] DEBUG Engine               - stageStyle: DECORATED
11:24:26.162 [FXGL Background Thread 3 ] DEBUG Engine               - supportedLanguages: [ENGLISH, FRENCH, GERMAN, HUNGARIAN, RUSSIAN]
11:24:26.162 [FXGL Background Thread 3 ] DEBUG Engine               - ticksPerSecond: -1
11:24:26.162 [FXGL Background Thread 3 ] DEBUG Engine               - title: BOMBERMAN
11:24:26.162 [FXGL Background Thread 3 ] DEBUG Engine               - urlGithub: https://github.com/AlmasB/FXGL
11:24:26.163 [FXGL Background Thread 3 ] DEBUG Engine               - urlLeaderboard: http://fxgl-top.herokuapp.com/
11:24:26.163 [FXGL Background Thread 3 ] DEBUG Engine               - urlPOM: https://raw.githubusercontent.com/AlmasB/FXGL/release/README.md
11:24:26.163 [FXGL Background Thread 3 ] DEBUG Engine               - userAppClass: class com.bomberman.bombermanplus.BombermanApp
11:24:26.163 [FXGL Background Thread 3 ] DEBUG Engine               - version: 1.0
11:24:26.163 [FXGL Background Thread 3 ] DEBUG Engine               - versionCheckDays: 7
11:24:26.163 [FXGL Background Thread 3 ] DEBUG Engine               - width: 1080
11:24:26.163 [FXGL Background Thread 3 ] DEBUG Engine               - Logging services
11:24:26.163 [FXGL Background Thread 3 ] DEBUG Engine               - class com.almasb.fxgl.app.services.FXGLAssetLoaderService
11:24:26.163 [FXGL Background Thread 3 ] DEBUG Engine               - class com.almasb.fxgl.app.FXGLApplication$GameApplicationService
11:24:26.163 [FXGL Background Thread 3 ] DEBUG Engine               - class com.almasb.fxgl.app.services.FXGLDialogService
11:24:26.163 [FXGL Background Thread 3 ] DEBUG Engine               - class com.almasb.fxgl.app.services.IOTaskExecutorService
11:24:26.163 [FXGL Background Thread 3 ] DEBUG Engine               - class com.almasb.fxgl.io.FileSystemService
11:24:26.163 [FXGL Background Thread 3 ] DEBUG Engine               - class com.almasb.fxgl.localization.LocalizationService
11:24:26.163 [FXGL Background Thread 3 ] DEBUG Engine               - class com.almasb.fxgl.app.services.SystemBundleService
11:24:26.163 [FXGL Background Thread 3 ] DEBUG Engine               - class com.almasb.fxgl.profile.SaveLoadService
11:24:26.163 [FXGL Background Thread 3 ] DEBUG Engine               - class com.almasb.fxgl.ui.FXGLUIFactoryServiceProvider
11:24:26.163 [FXGL Background Thread 3 ] DEBUG Engine               - class com.almasb.fxgl.ui.FXGLDialogFactoryServiceProvider
11:24:26.163 [FXGL Background Thread 3 ] DEBUG Engine               - class com.almasb.fxgl.audio.AudioPlayer
11:24:26.163 [FXGL Background Thread 3 ] DEBUG Engine               - class com.almasb.fxgl.notification.impl.NotificationServiceProvider
11:24:26.163 [FXGL Background Thread 3 ] DEBUG Engine               - class com.almasb.fxgl.achievement.AchievementService
11:24:26.163 [FXGL Background Thread 3 ] DEBUG Engine               - class com.almasb.fxgl.cutscene.CutsceneService
11:24:26.163 [FXGL Background Thread 3 ] DEBUG Engine               - class com.almasb.fxgl.minigames.MiniGameService
11:24:26.163 [FXGL Background Thread 3 ] DEBUG Engine               - class com.almasb.fxgl.net.NetService
11:24:26.163 [FXGL Background Thread 3 ] DEBUG Engine               - class com.almasb.fxgl.app.services.UpdaterService
11:24:26.163 [FXGL Background Thread 3 ] DEBUG Engine               - class com.almasb.fxgl.dev.DevService
11:24:27.346 [JavaFX Application Thread] WARN  TMXLevelLoader       - TiledMap generated from 1.9.2. Supported version: 1.4.2. Some features may not be parsed fully.
11:24:27.363 [JavaFX Application Thread] DEBUG TMXLevelLoader       - Parsed TiledMap: file:/C:/Users/ADMIN/IdeaProjects/BombermanPlus/target/classes/assets/levels/bbm_level1.tmx
11:24:27.364 [JavaFX Application Thread] DEBUG TMXLevelLoader       - Creating tile layer entities
11:24:27.365 [JavaFX Application Thread] DEBUG TilesetLoader        - Loading view for layer Tile Layer 1
11:24:27.368 [JavaFX Application Thread] DEBUG TilesetLoader        - Created buffer with size 1488.0x720.0
11:24:27.436 [JavaFX Application Thread] DEBUG TMXLevelLoader       - Creating object layer entities
11:24:27.437 [JavaFX Application Thread] DEBUG FXGLAssetLoaderServi - Loading from file system: file:/C:/Users/ADMIN/IdeaProjects/BombermanPlus/target/classes/assets/textures/items/powerup_speed.png
11:24:27.443 [JavaFX Application Thread] DEBUG FXGLAssetLoaderServi - Loading from file system: file:/C:/Users/ADMIN/IdeaProjects/BombermanPlus/target/classes/assets/textures/items/powerup_flames.png
11:24:27.444 [JavaFX Application Thread] DEBUG FXGLAssetLoaderServi - Loading from file system: file:/C:/Users/ADMIN/IdeaProjects/BombermanPlus/target/classes/assets/textures/items/powerup_bombs.png
11:24:27.446 [JavaFX Application Thread] DEBUG FXGLAssetLoaderServi - Loading from file system: file:/C:/Users/ADMIN/IdeaProjects/BombermanPlus/target/classes/assets/textures/items/powerup_flamepass.png
11:24:27.449 [JavaFX Application Thread] DEBUG FXGLAssetLoaderServi - Loading from file system: file:/C:/Users/ADMIN/IdeaProjects/BombermanPlus/target/classes/assets/textures/items/portal.png
11:24:27.452 [JavaFX Application Thread] DEBUG FXGLAssetLoaderServi - Loading from file system: file:/C:/Users/ADMIN/IdeaProjects/BombermanPlus/target/classes/assets/textures/sprites.png
11:24:27.508 [JavaFX Application Thread] DEBUG FXGLAssetLoaderServi - Loading from file system: file:/C:/Users/ADMIN/IdeaProjects/BombermanPlus/target/classes/assets/textures/char3.png
11:24:27.543 [JavaFX Application Thread] DEBUG GameWorld            - Clearing removable entities
11:24:27.543 [JavaFX Application Thread] DEBUG GameWorld            - Setting level: com.almasb.fxgl.entity.level.Level@8bd5b8f
11:24:27.579 [JavaFX Application Thread] DEBUG FXGLAssetLoaderServi - Loading from file system: file:/C:/Users/ADMIN/IdeaProjects/BombermanPlus/target/classes/assets/sounds/walk_2.wav
11:24:28.505 [JavaFX Application Thread] DEBUG FXGLAssetLoaderServi - Loading from file system: file:/C:/Users/ADMIN/IdeaProjects/BombermanPlus/target/classes/assets/sounds/walk_1.wav
11:24:28.722 [JavaFX Application Thread] DEBUG FXGLAssetLoaderServi - Loading from file system: file:/C:/Users/ADMIN/IdeaProjects/BombermanPlus/target/classes/assets/sounds/placed_bomb.wav
11:24:29.511 [JavaFX Application Thread] DEBUG FXGLAssetLoaderServi - Loading from file system: file:/C:/Users/ADMIN/IdeaProjects/BombermanPlus/target/classes/assets/sounds/power_up.wav
11:24:30.026 [JavaFX Application Thread] DEBUG FXGLAssetLoaderServi - Loading from file system: file:/C:/Users/ADMIN/IdeaProjects/BombermanPlus/target/classes/assets/sounds/bomb_exploded.wav
11:24:33.570 [JavaFX Application Thread] DEBUG FXGLAssetLoaderServi - Loading from file system: file:/C:/Users/ADMIN/IdeaProjects/BombermanPlus/target/classes/assets/sounds/bomberman_die.wav
11:24:57.967 [JavaFX Application Thread] DEBUG FXGLAssetLoaderServi - Loading from file system: file:/C:/Users/ADMIN/IdeaProjects/BombermanPlus/target/classes/assets/sounds/enemy_die.wav
11:24:59.480 [JavaFX Application Thread] DEBUG PrimaryStageWindow   - Push state: DialogSubScene
11:24:59.480 [JavaFX Application Thread] DEBUG Input                - Clearing active input actions
11:24:59.480 [JavaFX Application Thread] DEBUG GameApplicationServi - Removing overlay from GameScene and adding to DialogSubScene
11:24:59.481 [JavaFX Application Thread] DEBUG PrimaryStageWindow   - GameScene -> DialogSubScene
11:24:59.483 [JavaFX Application Thread] WARN  TMXLevelLoader       - TiledMap generated from 1.9.2. Supported version: 1.4.2. Some features may not be parsed fully.
11:24:59.493 [JavaFX Application Thread] DEBUG TMXLevelLoader       - Parsed TiledMap: file:/C:/Users/ADMIN/IdeaProjects/BombermanPlus/target/classes/assets/levels/bbm_level1.tmx
11:24:59.493 [JavaFX Application Thread] DEBUG TMXLevelLoader       - Creating tile layer entities
11:24:59.494 [JavaFX Application Thread] DEBUG TilesetLoader        - Loading view for layer Tile Layer 1
11:24:59.494 [JavaFX Application Thread] DEBUG TilesetLoader        - Created buffer with size 1488.0x720.0
11:24:59.544 [JavaFX Application Thread] DEBUG TMXLevelLoader       - Creating object layer entities
11:24:59.578 [JavaFX Application Thread] DEBUG GameWorld            - Clearing removable entities
11:24:59.584 [JavaFX Application Thread] DEBUG GameWorld            - Setting level: com.almasb.fxgl.entity.level.Level@489f399d
11:25:00.710 [JavaFX Application Thread] DEBUG PrimaryStageWindow   - Pop state: DialogSubScene
11:25:00.710 [JavaFX Application Thread] DEBUG Input                - Clearing active input actions
11:25:00.711 [JavaFX Application Thread] DEBUG GameApplicationServi - Removing overlay from DialogSubScene and adding to GameScene
11:25:00.711 [JavaFX Application Thread] DEBUG PrimaryStageWindow   - GameScene <- DialogSubScene
11:25:00.711 [JavaFX Application Thread] DEBUG Input                - Clearing active input actions
11:25:00.715 [JavaFX Application Thread] DEBUG GameApplicationServi - Removing overlay from GameScene and adding to FXGLMainMenuDummyScene
11:25:00.715 [JavaFX Application Thread] DEBUG PrimaryStageWindow   - GameScene -> FXGLMainMenuDummyScene
11:25:00.715 [JavaFX Application Thread] DEBUG PrimaryStageWindow   - Push state: BombermanMenu
11:25:00.715 [JavaFX Application Thread] DEBUG Input                - Clearing active input actions
11:25:00.715 [JavaFX Application Thread] DEBUG GameApplicationServi - Removing overlay from FXGLMainMenuDummyScene and adding to BombermanMenu
11:25:00.719 [JavaFX Application Thread] DEBUG PrimaryStageWindow   - FXGLMainMenuDummyScene -> BombermanMenu
11:25:01.367 [JavaFX Application Thread] DEBUG FXGLApplication      - Exiting FXGL
11:25:01.368 [JavaFX Application Thread] DEBUG LoopRunner           - Stopping loop
11:25:01.368 [JavaFX Application Thread] DEBUG SystemBundleService  - Saving FXGL system data
11:25:01.370 [JavaFX Application Thread] DEBUG FileSystemAccess     - Writing to: C:\Users\ADMIN\IdeaProjects\BombermanPlus\system\fxgl.bundle
11:25:01.371 [JavaFX Application Thread] DEBUG Async                - Shutting down background threads
11:25:01.372 [JavaFX Application Thread] DEBUG PrimaryStageWindow   - Closing main window
11:25:01.387 [JavaFX Application Thread] DEBUG Logger               - Closing Logger
