11:35:41.874 [main                     ] DEBUG Logger               - Configured Logger
11:35:41.895 [main                     ] DEBUG GameApplication      - Logging settings
Title: BOMBERMAN
Version: 1.0
Width: 1080
Height: 720
Fullscreen: false
Intro: false
Profiling: false
Single step:false
App Mode: DEVELOPER
Menu Key: ESCAPE
Stage Style: DECORATED
Scene Factory: class com.bomberman.bombermanplus.BombermanApp$1

11:35:42.432 [JavaFX Application Thread] DEBUG FXGLApplication      - Initializing FXGL
11:35:42.436 [JavaFX Application Thread] INFO  Engine               - FXGL-17.1 (24.03.2022 17.34) on WINDOWS (J:19 FX:19-ea)
11:35:42.436 [JavaFX Application Thread] DEBUG Engine               - JRE Vendor Name: Oracle Corporation
11:35:42.436 [JavaFX Application Thread] DEBUG Engine               - Running on OS: Windows 11 version 10.0
11:35:42.437 [JavaFX Application Thread] DEBUG Engine               - Architecture: amd64
11:35:42.437 [JavaFX Application Thread] INFO  Engine               - Source code and latest versions at: https://github.com/AlmasB/FXGL
11:35:42.437 [JavaFX Application Thread] INFO  Engine               -       Ask questions and discuss at: https://github.com/AlmasB/FXGL/discussions
11:35:42.437 [JavaFX Application Thread] INFO  Engine               -              Join the FXGL chat at: https://gitter.im/AlmasB/FXGL
11:35:42.522 [JavaFX Application Thread] DEBUG PrimaryStageWindow   - Creating a JavaFX scene
11:35:42.616 [JavaFX Application Thread] DEBUG PrimaryStageWindow   - Target settings size: 1080.0 x 720.0
11:35:42.616 [JavaFX Application Thread] DEBUG PrimaryStageWindow   - Scaled scene size:    1080.0 x 720.0
11:35:42.616 [JavaFX Application Thread] DEBUG PrimaryStageWindow   - Scaled ratio: (1.0, 1.0)
11:35:42.617 [JavaFX Application Thread] DEBUG PrimaryStageWindow   - Set initial scene to FXGLStartupScene
11:35:42.623 [JavaFX Application Thread] DEBUG PrimaryStageWindow   - Opening main window
11:35:42.733 [JavaFX Application Thread] DEBUG PrimaryStageWindow   - Window border size: (14.4000244140625, 37.5999755859375)
11:35:42.733 [JavaFX Application Thread] DEBUG PrimaryStageWindow   - Scaled size: 1080.0 x 720.0
11:35:42.733 [JavaFX Application Thread] DEBUG PrimaryStageWindow   - Scaled ratio: (1.0, 1.0)
11:35:42.734 [JavaFX Application Thread] DEBUG PrimaryStageWindow   - Scene size: 1080.0 x 720.0
11:35:42.734 [JavaFX Application Thread] DEBUG PrimaryStageWindow   - Stage size: 1094.4000244140625 x 757.5999755859375
11:35:42.745 [FXGL Background Thread 1 ] DEBUG Engine               - Initializing environment variables
11:35:42.803 [FXGL Background Thread 1 ] DEBUG FXGLAssetLoaderServi - User app class for loading assets: class com.bomberman.bombermanplus.BombermanApp
11:35:42.803 [FXGL Background Thread 1 ] DEBUG GameApplicationServi - Applying CSS: fxgl_dark.css
11:35:42.804 [FXGL Background Thread 1 ] DEBUG FXGLAssetLoaderServi - Loading from file system: jar:file:///C:/Users/Gia%20Phong/.m2/repository/com/github/almasb/fxgl/17.1/fxgl-17.1.jar!/fxglassets/ui/css/fxgl_dark.css
11:35:42.844 [FXGL Background Thread 1 ] DEBUG GameApplicationServi - Initializing application scenes
11:35:42.883 [FXGL Background Thread 1 ] DEBUG GameWorld            - Game world initialized
11:35:42.941 [FXGL Background Thread 1 ] DEBUG PhysicsWorld         - Physics world initialized: appHeight=720, physics.ppm=50.0
11:35:42.942 [FXGL Background Thread 1 ] DEBUG PhysicsWorld         - Using strategy: BRUTE_FORCE
11:35:42.946 [FXGL Background Thread 1 ] DEBUG GameScene            - Game scene initialized: 1080x720
11:35:42.985 [FXGL Background Thread 1 ] DEBUG GameApplicationServi - Application scenes initialized
11:35:42.995 [FXGL Background Thread 1 ] DEBUG SystemBundleService  - Loading FXGL system data
11:35:43.006 [FXGL Background Thread 1 ] DEBUG FileSystemAccess     - Reading from: C:\Users\Gia Phong\Downloads\Java\src\BombermanPlus\system\fxgl.bundle
11:35:43.021 [FXGL Background Thread 1 ] DEBUG SystemBundleService  - Bundle FXGL: {}
11:35:43.021 [FXGL Background Thread 1 ] DEBUG UpdaterService       - Checking for updates
11:35:43.029 [FXGL Background Thread 4 ] DEBUG FXGLApplication      - Loading fonts
11:35:43.030 [FXGL Background Thread 1 ] DEBUG FXGLApplication      - Loading default localization
11:35:43.030 [FXGL Background Thread 4 ] DEBUG FXGLAssetLoaderServi - Loading from file system: jar:file:///C:/Users/Gia%20Phong/.m2/repository/com/github/almasb/fxgl/17.1/fxgl-17.1.jar!/fxglassets/ui/fonts/VarelaRound-Regular.ttf
11:35:43.030 [FXGL Background Thread 1 ] DEBUG FXGLAssetLoaderServi - Loading from file system: jar:file:///C:/Users/Gia%20Phong/.m2/repository/com/github/almasb/fxgl/17.1/fxgl-17.1.jar!/fxglassets/languages/english.lang
11:35:43.062 [FXGL Background Thread 1 ] INFO  FXGLApplication      - FXGL initialization took: 0.316 sec
11:35:43.077 [JavaFX Application Thread] DEBUG Input                - Registered new binding: Move Right - D
11:35:43.078 [JavaFX Application Thread] DEBUG Input                - Registered new binding: Move Up - W
11:35:43.078 [JavaFX Application Thread] DEBUG Input                - Registered new binding: Move Down - S
11:35:43.078 [JavaFX Application Thread] DEBUG Input                - Registered new binding: Move Left - A
11:35:43.080 [JavaFX Application Thread] DEBUG FXGLAssetLoaderServi - Loading from file system: jar:file:///C:/Users/Gia%20Phong/.m2/repository/com/github/almasb/fxgl/17.1/fxgl-17.1.jar!/fxglassets/textures/fxgl_icon.png
11:35:43.124 [JavaFX Application Thread] DEBUG FXGLAssetLoaderServi - Loading from file system: jar:file:///C:/Users/Gia%20Phong/.m2/repository/com/github/almasb/fxgl/17.1/fxgl-17.1.jar!/fxglassets/textures/fxgl_default_cursor.png
11:35:43.128 [JavaFX Application Thread] DEBUG Input                - Registered new binding: Screenshot - CTRL+8
11:35:43.129 [JavaFX Application Thread] DEBUG Input                - Registered new binding: System info dump - CTRL+9
11:35:43.129 [JavaFX Application Thread] DEBUG Input                - Registered new binding: Restart - CTRL+R
11:35:43.129 [JavaFX Application Thread] DEBUG Input                - Registered new binding: Toggle Debug Camera - CTRL+7
11:35:43.131 [JavaFX Application Thread] DEBUG LoopRunner           - Starting loop
11:35:43.132 [JavaFX Application Thread] DEBUG LoopRunner           - Initializing JavaFX AnimationTimerLoop
11:35:43.135 [JavaFX Application Thread] DEBUG Input                - Clearing active input actions
11:35:43.143 [JavaFX Application Thread] DEBUG GameApplicationServi - Removing overlay from FXGLStartupScene and adding to FXGLMainMenuDummyScene
11:35:43.143 [JavaFX Application Thread] DEBUG PrimaryStageWindow   - FXGLStartupScene -> FXGLMainMenuDummyScene
11:35:43.143 [JavaFX Application Thread] DEBUG PrimaryStageWindow   - Push state: BombermanMenu
11:35:43.144 [JavaFX Application Thread] DEBUG Input                - Clearing active input actions
11:35:43.146 [JavaFX Application Thread] DEBUG GameApplicationServi - Removing overlay from FXGLMainMenuDummyScene and adding to BombermanMenu
11:35:43.147 [JavaFX Application Thread] DEBUG PrimaryStageWindow   - FXGLMainMenuDummyScene -> BombermanMenu
11:35:43.176 [FXGL Background Thread 4 ] DEBUG FXGLAssetLoaderServi - Loading from file system: jar:file:///C:/Users/Gia%20Phong/.m2/repository/com/github/almasb/fxgl/17.1/fxgl-17.1.jar!/fxglassets/ui/fonts/Abel-Regular.ttf
11:35:43.195 [FXGL Background Thread 4 ] DEBUG FXGLAssetLoaderServi - Loading from file system: jar:file:///C:/Users/Gia%20Phong/.m2/repository/com/github/almasb/fxgl/17.1/fxgl-17.1.jar!/fxglassets/ui/fonts/TerminalLandMono-Regular.otf
11:35:43.229 [FXGL Background Thread 4 ] DEBUG FXGLAssetLoaderServi - Loading from file system: jar:file:///C:/Users/Gia%20Phong/.m2/repository/com/github/almasb/fxgl/17.1/fxgl-17.1.jar!/fxglassets/ui/fonts/Courier-Prime.ttf
11:35:43.253 [JavaFX Application Thread] DEBUG FXGLApplication      - Registering font factories with UI factory
11:35:44.322 [JavaFX Application Thread] DEBUG Menu                 - fireNewGame()
11:35:44.322 [JavaFX Application Thread] DEBUG GameApplicationServi - Starting new game
11:35:44.323 [JavaFX Application Thread] DEBUG PrimaryStageWindow   - Pop state: BombermanMenu
11:35:44.323 [JavaFX Application Thread] DEBUG Input                - Clearing active input actions
11:35:44.323 [JavaFX Application Thread] DEBUG GameApplicationServi - Removing overlay from BombermanMenu and adding to FXGLMainMenuDummyScene
11:35:44.323 [JavaFX Application Thread] DEBUG PrimaryStageWindow   - FXGLMainMenuDummyScene <- BombermanMenu
11:35:44.324 [JavaFX Application Thread] DEBUG Input                - Clearing active input actions
11:35:44.328 [JavaFX Application Thread] DEBUG GameApplicationServi - Removing overlay from FXGLMainMenuDummyScene and adding to FXGLLoadingScene
11:35:44.328 [JavaFX Application Thread] DEBUG PrimaryStageWindow   - FXGLMainMenuDummyScene -> FXGLLoadingScene
11:35:44.328 [JavaFX Application Thread] DEBUG GameApplicationServi - Clearing previous game
11:35:44.328 [JavaFX Application Thread] DEBUG GameScene            - Clearing game scene
11:35:44.328 [JavaFX Application Thread] DEBUG GameWorld            - Clearing game world
11:35:44.328 [JavaFX Application Thread] DEBUG PhysicsWorld         - Clearing physics world
11:35:44.330 [FXGL Background Thread 4 ] DEBUG FXGLApplication      - Initializing game
11:35:44.380 [FXGL Background Thread 4 ] WARN  TMXLevelLoader       - TiledMap generated from 1.9.2. Supported version: 1.4.2. Some features may not be parsed fully.
11:35:44.386 [FXGL Background Thread 4 ] DEBUG TMXLevelLoader       - Parsed TiledMap: file:/C:/Users/Gia%20Phong/Downloads/Java/src/BombermanPlus/target/classes/assets/levels/lv1demo.tmx
11:35:44.387 [FXGL Background Thread 4 ] DEBUG TMXLevelLoader       - Creating tile layer entities
11:35:44.388 [FXGL Background Thread 4 ] DEBUG TilesetLoader        - Loading view for layer Tile Layer 1
11:35:44.391 [FXGL Background Thread 4 ] DEBUG TilesetLoader        - Created buffer with size 1488.0x720.0
11:35:44.419 [FXGL Background Thread 4 ] DEBUG TMXLevelLoader       - Creating object layer entities
11:35:44.421 [FXGL Background Thread 4 ] WARN  TMXLevelLoader       - Parse error
java.lang.IllegalArgumentException: No EntityFactory has a method annotated @Spawns()
	at com.almasb.fxgl.entity@17.1/com.almasb.fxgl.entity.GameWorld.create(GameWorld.kt:413)
	at com.almasb.fxgl.entity@17.1/com.almasb.fxgl.entity.level.tiled.TMXLevelLoader.createObjectLayerEntities(TMXLevelLoader.kt:154)
	at com.almasb.fxgl.entity@17.1/com.almasb.fxgl.entity.level.tiled.TMXLevelLoader.load(TMXLevelLoader.kt:60)
	at com.almasb.fxgl.all@17.1/com.almasb.fxgl.app.services.FXGLAssetLoaderService.loadLevel(FXGLAssetLoaderService.kt:446)
	at BombermanPlus/com.bomberman.bombermanplus.BombermanApp.initGame(BombermanApp.java:107)
	at com.almasb.fxgl.all@17.1/com.almasb.fxgl.app.FXGLApplication$InitAppTask.initGame(FXGLApplication.kt:339)
	at com.almasb.fxgl.all@17.1/com.almasb.fxgl.app.FXGLApplication$InitAppTask.call(FXGLApplication.kt:319)
	at com.almasb.fxgl.all@17.1/com.almasb.fxgl.app.FXGLApplication$InitAppTask.call(FXGLApplication.kt:311)
	at javafx.graphics@19-ea/javafx.concurrent.Task$TaskCallable.call(Task.java:1426)
	at java.base/java.util.concurrent.FutureTask.run(FutureTask.java:317)
	at java.base/java.util.concurrent.Executors$RunnableAdapter.call(Executors.java:577)
	at java.base/java.util.concurrent.FutureTask.run(FutureTask.java:317)
	at java.base/java.util.concurrent.ThreadPoolExecutor.runWorker(ThreadPoolExecutor.java:1144)
	at java.base/java.util.concurrent.ThreadPoolExecutor$Worker.run(ThreadPoolExecutor.java:642)
	at java.base/java.lang.Thread.run(Thread.java:1589)

11:35:44.426 [JavaFX Application Thread] DEBUG LoopRunner           - Stopping loop
11:35:44.427 [JavaFX Application Thread] FATAL FXGLApplication      - Uncaught Exception:
java.lang.RuntimeException: Initialization failed
	at com.almasb.fxgl.all@17.1/com.almasb.fxgl.app.FXGLApplication$InitAppTask.failed(FXGLApplication.kt:343)
	at javafx.graphics@19-ea/javafx.concurrent.Task.setState(Task.java:710)
	at javafx.graphics@19-ea/javafx.concurrent.Task$TaskCallable.lambda$call$2(Task.java:1456)
	at javafx.graphics@19-ea/com.sun.javafx.application.PlatformImpl.lambda$runLater$10(PlatformImpl.java:457)
	at java.base/java.security.AccessController.doPrivileged(AccessController.java:399)
	at javafx.graphics@19-ea/com.sun.javafx.application.PlatformImpl.lambda$runLater$11(PlatformImpl.java:456)
	at javafx.graphics@19-ea/com.sun.glass.ui.InvokeLaterDispatcher$Future.run(InvokeLaterDispatcher.java:96)
	at javafx.graphics@19-ea/com.sun.glass.ui.win.WinApplication._runLoop(Native Method)
	at javafx.graphics@19-ea/com.sun.glass.ui.win.WinApplication.lambda$runLoop$3(WinApplication.java:184)
	at java.base/java.lang.Thread.run(Thread.java:1589)
Caused by: com.almasb.fxgl.entity.level.LevelLoadingException: No EntityFactory has a method annotated @Spawns()
	at com.almasb.fxgl.entity@17.1/com.almasb.fxgl.entity.level.tiled.TMXLevelLoader.load(TMXLevelLoader.kt:78)
	at com.almasb.fxgl.all@17.1/com.almasb.fxgl.app.services.FXGLAssetLoaderService.loadLevel(FXGLAssetLoaderService.kt:446)
	at BombermanPlus/com.bomberman.bombermanplus.BombermanApp.initGame(BombermanApp.java:107)
	at com.almasb.fxgl.all@17.1/com.almasb.fxgl.app.FXGLApplication$InitAppTask.initGame(FXGLApplication.kt:339)
	at com.almasb.fxgl.all@17.1/com.almasb.fxgl.app.FXGLApplication$InitAppTask.call(FXGLApplication.kt:319)
	at com.almasb.fxgl.all@17.1/com.almasb.fxgl.app.FXGLApplication$InitAppTask.call(FXGLApplication.kt:311)
	at javafx.graphics@19-ea/javafx.concurrent.Task$TaskCallable.call(Task.java:1426)
	at java.base/java.util.concurrent.FutureTask.run(FutureTask.java:317)
	at java.base/java.util.concurrent.Executors$RunnableAdapter.call(Executors.java:577)
	at java.base/java.util.concurrent.FutureTask.run(FutureTask.java:317)
	at java.base/java.util.concurrent.ThreadPoolExecutor.runWorker(ThreadPoolExecutor.java:1144)
	at java.base/java.util.concurrent.ThreadPoolExecutor$Worker.run(ThreadPoolExecutor.java:642)
	... 1 more
Caused by: java.lang.IllegalArgumentException: No EntityFactory has a method annotated @Spawns()
	at com.almasb.fxgl.entity@17.1/com.almasb.fxgl.entity.GameWorld.create(GameWorld.kt:413)
	at com.almasb.fxgl.entity@17.1/com.almasb.fxgl.entity.level.tiled.TMXLevelLoader.createObjectLayerEntities(TMXLevelLoader.kt:154)
	at com.almasb.fxgl.entity@17.1/com.almasb.fxgl.entity.level.tiled.TMXLevelLoader.load(TMXLevelLoader.kt:60)
	... 12 more

11:35:44.427 [JavaFX Application Thread] FATAL FXGLApplication      - Application will now exit
11:35:44.445 [JavaFX Application Thread] DEBUG PrimaryStageWindow   - Push state: ErrorSubScene
11:35:44.445 [JavaFX Application Thread] DEBUG Input                - Clearing active input actions
11:35:44.448 [JavaFX Application Thread] DEBUG GameApplicationServi - Removing overlay from FXGLLoadingScene and adding to ErrorSubScene
11:35:44.448 [JavaFX Application Thread] DEBUG PrimaryStageWindow   - FXGLLoadingScene -> ErrorSubScene
11:35:44.851 [FXGL Background Thread 2 ] INFO  UpdaterService       - Your current version:  17.1
11:35:44.851 [FXGL Background Thread 2 ] INFO  UpdaterService       - Latest stable version: 17.2
11:35:46.028 [FXGL Background Thread 3 ] DEBUG Engine               - Logging environment variables
11:35:46.028 [FXGL Background Thread 3 ] DEBUG Engine               - achievements: []
11:35:46.028 [FXGL Background Thread 3 ] DEBUG Engine               - actualHeight: 720.0
11:35:46.029 [FXGL Background Thread 3 ] DEBUG Engine               - actualHeightProperty: ReadOnlyDoubleProperty [value: 720.0]
11:35:46.029 [FXGL Background Thread 3 ] DEBUG Engine               - actualWidth: 1080.0
11:35:46.029 [FXGL Background Thread 3 ] DEBUG Engine               - actualWidthProperty: ReadOnlyDoubleProperty [value: 1080.0]
11:35:46.029 [FXGL Background Thread 3 ] DEBUG Engine               - appIcon: fxgl_icon.png
11:35:46.029 [FXGL Background Thread 3 ] DEBUG Engine               - applicationMode: DEVELOPER
11:35:46.029 [FXGL Background Thread 3 ] DEBUG Engine               - cSSList: [fxgl_dark.css]
11:35:46.029 [FXGL Background Thread 3 ] DEBUG Engine               - collisionDetectionStrategy: BRUTE_FORCE
11:35:46.029 [FXGL Background Thread 3 ] DEBUG Engine               - configClass: Optional.empty
11:35:46.029 [FXGL Background Thread 3 ] DEBUG Engine               - credits: []
11:35:46.030 [FXGL Background Thread 3 ] DEBUG Engine               - defaultCursor: CursorInfo(imageName=fxgl_default_cursor.png, hotspotX=7.0, hotspotY=6.0)
11:35:46.030 [FXGL Background Thread 3 ] DEBUG Engine               - devBBoxColorProperty: ObjectProperty [value: 0xff0000ff]
11:35:46.030 [FXGL Background Thread 3 ] DEBUG Engine               - devEnableDebugCameraProperty: BooleanProperty [value: false]
11:35:46.030 [FXGL Background Thread 3 ] DEBUG Engine               - devSensorColorProperty: ObjectProperty [value: 0xffff00ff]
11:35:46.030 [FXGL Background Thread 3 ] DEBUG Engine               - devShowBBoxProperty: BooleanProperty [value: false]
11:35:46.030 [FXGL Background Thread 3 ] DEBUG Engine               - devShowPositionProperty: BooleanProperty [value: false]
11:35:46.030 [FXGL Background Thread 3 ] DEBUG Engine               - enabledMenuItems: []
11:35:46.031 [FXGL Background Thread 3 ] DEBUG Engine               - engineServices: [class com.almasb.fxgl.app.services.FXGLAssetLoaderService, class com.almasb.fxgl.app.FXGLApplication$GameApplicationService, class com.almasb.fxgl.app.services.FXGLDialogService, class com.almasb.fxgl.app.services.IOTaskExecutorService, class com.almasb.fxgl.io.FileSystemService, class com.almasb.fxgl.localization.LocalizationService, class com.almasb.fxgl.app.services.SystemBundleService, class com.almasb.fxgl.profile.SaveLoadService, class com.almasb.fxgl.ui.FXGLUIFactoryServiceProvider, class com.almasb.fxgl.ui.FXGLDialogFactoryServiceProvider, class com.almasb.fxgl.audio.AudioPlayer, class com.almasb.fxgl.notification.impl.NotificationServiceProvider, class com.almasb.fxgl.achievement.AchievementService, class com.almasb.fxgl.cutscene.CutsceneService, class com.almasb.fxgl.minigames.MiniGameService, class com.almasb.fxgl.net.NetService, class com.almasb.fxgl.app.services.UpdaterService, class com.almasb.fxgl.dev.DevService]
11:35:46.031 [FXGL Background Thread 3 ] DEBUG Engine               - fontGame: Abel-Regular.ttf
11:35:46.031 [FXGL Background Thread 3 ] DEBUG Engine               - fontMono: TerminalLandMono-Regular.otf
11:35:46.031 [FXGL Background Thread 3 ] DEBUG Engine               - fontText: Courier-Prime.ttf
11:35:46.031 [FXGL Background Thread 3 ] DEBUG Engine               - fontUI: VarelaRound-Regular.ttf
11:35:46.031 [FXGL Background Thread 3 ] DEBUG Engine               - fullScreen: BooleanProperty [value: false]
11:35:46.031 [FXGL Background Thread 3 ] DEBUG Engine               - gameDifficulty: MEDIUM
11:35:46.031 [FXGL Background Thread 3 ] DEBUG Engine               - gameDifficultyProperty: ObjectProperty [value: MEDIUM]
11:35:46.031 [FXGL Background Thread 3 ] DEBUG Engine               - globalMusicVolume: 0.5
11:35:46.031 [FXGL Background Thread 3 ] DEBUG Engine               - globalMusicVolumeProperty: DoubleProperty [value: 0.5]
11:35:46.031 [FXGL Background Thread 3 ] DEBUG Engine               - globalSoundVolume: 0.5
11:35:46.031 [FXGL Background Thread 3 ] DEBUG Engine               - globalSoundVolumeProperty: DoubleProperty [value: 0.5]
11:35:46.031 [FXGL Background Thread 3 ] DEBUG Engine               - height: 720
11:35:46.031 [FXGL Background Thread 3 ] DEBUG Engine               - is3D: false
11:35:46.031 [FXGL Background Thread 3 ] DEBUG Engine               - isAndroid: false
11:35:46.031 [FXGL Background Thread 3 ] DEBUG Engine               - isBrowser: false
11:35:46.031 [FXGL Background Thread 3 ] DEBUG Engine               - isClickFeedbackEnabled: false
11:35:46.031 [FXGL Background Thread 3 ] DEBUG Engine               - isCloseConfirmation: false
11:35:46.031 [FXGL Background Thread 3 ] DEBUG Engine               - isDesktop: true
11:35:46.031 [FXGL Background Thread 3 ] DEBUG Engine               - isDeveloperMenuEnabled: false
11:35:46.031 [FXGL Background Thread 3 ] DEBUG Engine               - isEmbedded: false
11:35:46.032 [FXGL Background Thread 3 ] DEBUG Engine               - isEntityPreloadEnabled: true
11:35:46.032 [FXGL Background Thread 3 ] DEBUG Engine               - isExperimentalTiledLargeMap: false
11:35:46.032 [FXGL Background Thread 3 ] DEBUG Engine               - isFileSystemWriteAllowed: true
11:35:46.032 [FXGL Background Thread 3 ] DEBUG Engine               - isFullScreenAllowed: false
11:35:46.032 [FXGL Background Thread 3 ] DEBUG Engine               - isFullScreenFromStart: false
11:35:46.032 [FXGL Background Thread 3 ] DEBUG Engine               - isGameMenuEnabled: false
11:35:46.032 [FXGL Background Thread 3 ] DEBUG Engine               - isIOS: false
11:35:46.032 [FXGL Background Thread 3 ] DEBUG Engine               - isIntroEnabled: false
11:35:46.032 [FXGL Background Thread 3 ] DEBUG Engine               - isLinux: false
11:35:46.032 [FXGL Background Thread 3 ] DEBUG Engine               - isMac: false
11:35:46.032 [FXGL Background Thread 3 ] DEBUG Engine               - isMainMenuEnabled: true
11:35:46.032 [FXGL Background Thread 3 ] DEBUG Engine               - isManualResizeEnabled: false
11:35:46.032 [FXGL Background Thread 3 ] DEBUG Engine               - isMobile: false
11:35:46.032 [FXGL Background Thread 3 ] DEBUG Engine               - isNative: false
11:35:46.032 [FXGL Background Thread 3 ] DEBUG Engine               - isPauseMusicWhenMinimized: true
11:35:46.032 [FXGL Background Thread 3 ] DEBUG Engine               - isPreserveResizeRatio: false
11:35:46.032 [FXGL Background Thread 3 ] DEBUG Engine               - isProfilingEnabled: false
11:35:46.032 [FXGL Background Thread 3 ] DEBUG Engine               - isScaleAffectedOnResize: true
11:35:46.032 [FXGL Background Thread 3 ] DEBUG Engine               - isSingleStep: false
11:35:46.032 [FXGL Background Thread 3 ] DEBUG Engine               - isUserProfileEnabled: false
11:35:46.032 [FXGL Background Thread 3 ] DEBUG Engine               - isWindows: true
11:35:46.032 [FXGL Background Thread 3 ] DEBUG Engine               - language: ObjectProperty [value: ENGLISH]
11:35:46.032 [FXGL Background Thread 3 ] DEBUG Engine               - menuKey: ESCAPE
11:35:46.032 [FXGL Background Thread 3 ] DEBUG Engine               - mouseSensitivity: 0.2
11:35:46.032 [FXGL Background Thread 3 ] DEBUG Engine               - notificationViewClass: class com.almasb.fxgl.notification.view.XboxNotificationView
11:35:46.032 [FXGL Background Thread 3 ] DEBUG Engine               - pixelsPerMeter: 50.0
11:35:46.032 [FXGL Background Thread 3 ] DEBUG Engine               - platform: WINDOWS
11:35:46.032 [FXGL Background Thread 3 ] DEBUG Engine               - prefHeightProperty: ReadOnlyDoubleProperty [value: 720.0]
11:35:46.033 [FXGL Background Thread 3 ] DEBUG Engine               - prefWidthProperty: ReadOnlyDoubleProperty [value: 1080.0]
11:35:46.033 [FXGL Background Thread 3 ] DEBUG Engine               - profileDir: profiles/
11:35:46.033 [FXGL Background Thread 3 ] DEBUG Engine               - profileName: StringProperty [value: DEFAULT]
11:35:46.033 [FXGL Background Thread 3 ] DEBUG Engine               - randomSeed: -1
11:35:46.033 [FXGL Background Thread 3 ] DEBUG Engine               - runtimeInfo: RuntimeInfo(platform=WINDOWS, version=17.1, build=24.03.2022 17.34)
11:35:46.033 [FXGL Background Thread 3 ] DEBUG Engine               - saveFileExt: sav
11:35:46.033 [FXGL Background Thread 3 ] DEBUG Engine               - scaledHeightProp$fxgl: DoubleProperty [bound, value: 720.0]
11:35:46.033 [FXGL Background Thread 3 ] DEBUG Engine               - scaledWidthProp$fxgl: DoubleProperty [bound, value: 1080.0]
11:35:46.033 [FXGL Background Thread 3 ] DEBUG Engine               - sceneFactory: com.bomberman.bombermanplus.BombermanApp$1@5ddccbdb
11:35:46.033 [FXGL Background Thread 3 ] DEBUG Engine               - secondsIn24h: 60
11:35:46.033 [FXGL Background Thread 3 ] DEBUG Engine               - soundMenuBack: menu/back.wav
11:35:46.033 [FXGL Background Thread 3 ] DEBUG Engine               - soundMenuPress: menu/press.wav
11:35:46.033 [FXGL Background Thread 3 ] DEBUG Engine               - soundMenuSelect: menu/select.wav
11:35:46.033 [FXGL Background Thread 3 ] DEBUG Engine               - soundNotification: core/notification.wav
11:35:46.033 [FXGL Background Thread 3 ] DEBUG Engine               - stageStyle: DECORATED
11:35:46.033 [FXGL Background Thread 3 ] DEBUG Engine               - supportedLanguages: [ENGLISH, FRENCH, GERMAN, HUNGARIAN, RUSSIAN]
11:35:46.033 [FXGL Background Thread 3 ] DEBUG Engine               - ticksPerSecond: -1
11:35:46.034 [FXGL Background Thread 3 ] DEBUG Engine               - title: BOMBERMAN
11:35:46.034 [FXGL Background Thread 3 ] DEBUG Engine               - urlGithub: https://github.com/AlmasB/FXGL
11:35:46.034 [FXGL Background Thread 3 ] DEBUG Engine               - urlLeaderboard: http://fxgl-top.herokuapp.com/
11:35:46.034 [FXGL Background Thread 3 ] DEBUG Engine               - urlPOM: https://raw.githubusercontent.com/AlmasB/FXGL/release/README.md
11:35:46.034 [FXGL Background Thread 3 ] DEBUG Engine               - userAppClass: class com.bomberman.bombermanplus.BombermanApp
11:35:46.034 [FXGL Background Thread 3 ] DEBUG Engine               - version: 1.0
11:35:46.034 [FXGL Background Thread 3 ] DEBUG Engine               - versionCheckDays: 7
11:35:46.034 [FXGL Background Thread 3 ] DEBUG Engine               - width: 1080
11:35:46.034 [FXGL Background Thread 3 ] DEBUG Engine               - Logging services
11:35:46.034 [FXGL Background Thread 3 ] DEBUG Engine               - class com.almasb.fxgl.app.services.FXGLAssetLoaderService
11:35:46.034 [FXGL Background Thread 3 ] DEBUG Engine               - class com.almasb.fxgl.app.FXGLApplication$GameApplicationService
11:35:46.034 [FXGL Background Thread 3 ] DEBUG Engine               - class com.almasb.fxgl.app.services.FXGLDialogService
11:35:46.034 [FXGL Background Thread 3 ] DEBUG Engine               - class com.almasb.fxgl.app.services.IOTaskExecutorService
11:35:46.034 [FXGL Background Thread 3 ] DEBUG Engine               - class com.almasb.fxgl.io.FileSystemService
11:35:46.034 [FXGL Background Thread 3 ] DEBUG Engine               - class com.almasb.fxgl.localization.LocalizationService
11:35:46.034 [FXGL Background Thread 3 ] DEBUG Engine               - class com.almasb.fxgl.app.services.SystemBundleService
11:35:46.034 [FXGL Background Thread 3 ] DEBUG Engine               - class com.almasb.fxgl.profile.SaveLoadService
11:35:46.034 [FXGL Background Thread 3 ] DEBUG Engine               - class com.almasb.fxgl.ui.FXGLUIFactoryServiceProvider
11:35:46.034 [FXGL Background Thread 3 ] DEBUG Engine               - class com.almasb.fxgl.ui.FXGLDialogFactoryServiceProvider
11:35:46.034 [FXGL Background Thread 3 ] DEBUG Engine               - class com.almasb.fxgl.audio.AudioPlayer
11:35:46.034 [FXGL Background Thread 3 ] DEBUG Engine               - class com.almasb.fxgl.notification.impl.NotificationServiceProvider
11:35:46.034 [FXGL Background Thread 3 ] DEBUG Engine               - class com.almasb.fxgl.achievement.AchievementService
11:35:46.034 [FXGL Background Thread 3 ] DEBUG Engine               - class com.almasb.fxgl.cutscene.CutsceneService
11:35:46.034 [FXGL Background Thread 3 ] DEBUG Engine               - class com.almasb.fxgl.minigames.MiniGameService
11:35:46.034 [FXGL Background Thread 3 ] DEBUG Engine               - class com.almasb.fxgl.net.NetService
11:35:46.034 [FXGL Background Thread 3 ] DEBUG Engine               - class com.almasb.fxgl.app.services.UpdaterService
11:35:46.034 [FXGL Background Thread 3 ] DEBUG Engine               - class com.almasb.fxgl.dev.DevService
11:35:55.952 [JavaFX Application Thread] DEBUG FXGLApplication      - Exiting FXGL
11:35:55.952 [JavaFX Application Thread] DEBUG Async                - Shutting down background threads
11:35:55.952 [JavaFX Application Thread] DEBUG PrimaryStageWindow   - Closing main window
11:35:55.967 [JavaFX Application Thread] DEBUG Logger               - Closing Logger
