08:43:30.221 [main                     ] DEBUG Logger               - Configured Logger
08:43:30.238 [main                     ] DEBUG GameApplication      - Logging settings
Title: BOMBERMAN
Version: 1.0
Width: 1080
Height: 720
Fullscreen: false
Intro: false
Profiling: false
Single step:false
App Mode: DEVELOPER
Menu Key: ESCAPE
Stage Style: DECORATED
Scene Factory: class com.bomberman.bombermanplus.BombermanApp$1

08:43:30.509 [JavaFX Application Thread] DEBUG FXGLApplication      - Initializing FXGL
08:43:30.512 [JavaFX Application Thread] INFO  Engine               - FXGL-17.1 (24.03.2022 17.34) on WINDOWS (J:19 FX:19-ea)
08:43:30.512 [JavaFX Application Thread] DEBUG Engine               - JRE Vendor Name: Oracle Corporation
08:43:30.513 [JavaFX Application Thread] DEBUG Engine               - Running on OS: Windows 11 version 10.0
08:43:30.513 [JavaFX Application Thread] DEBUG Engine               - Architecture: amd64
08:43:30.513 [JavaFX Application Thread] INFO  Engine               - Source code and latest versions at: https://github.com/AlmasB/FXGL
08:43:30.513 [JavaFX Application Thread] INFO  Engine               -       Ask questions and discuss at: https://github.com/AlmasB/FXGL/discussions
08:43:30.513 [JavaFX Application Thread] INFO  Engine               -              Join the FXGL chat at: https://gitter.im/AlmasB/FXGL
08:43:30.573 [JavaFX Application Thread] DEBUG PrimaryStageWindow   - Creating a JavaFX scene
08:43:30.604 [JavaFX Application Thread] DEBUG PrimaryStageWindow   - Target settings size: 1080.0 x 720.0
08:43:30.605 [JavaFX Application Thread] DEBUG PrimaryStageWindow   - Scaled scene size:    1080.0 x 720.0
08:43:30.605 [JavaFX Application Thread] DEBUG PrimaryStageWindow   - Scaled ratio: (1.0, 1.0)
08:43:30.605 [JavaFX Application Thread] DEBUG PrimaryStageWindow   - Set initial scene to FXGLStartupScene
08:43:30.610 [JavaFX Application Thread] DEBUG PrimaryStageWindow   - Opening main window
08:43:30.672 [JavaFX Application Thread] DEBUG PrimaryStageWindow   - Window border size: (14.4000244140625, 37.5999755859375)
08:43:30.673 [JavaFX Application Thread] DEBUG PrimaryStageWindow   - Scaled size: 1080.0 x 720.0
08:43:30.673 [JavaFX Application Thread] DEBUG PrimaryStageWindow   - Scaled ratio: (1.0, 1.0)
08:43:30.673 [JavaFX Application Thread] DEBUG PrimaryStageWindow   - Scene size: 1080.0 x 720.0
08:43:30.673 [JavaFX Application Thread] DEBUG PrimaryStageWindow   - Stage size: 1094.4000244140625 x 757.5999755859375
08:43:30.681 [FXGL Background Thread 1 ] DEBUG Engine               - Initializing environment variables
08:43:30.733 [FXGL Background Thread 1 ] DEBUG FXGLAssetLoaderServi - User app class for loading assets: class com.bomberman.bombermanplus.BombermanApp
08:43:30.733 [FXGL Background Thread 1 ] DEBUG GameApplicationServi - Applying CSS: fxgl_dark.css
08:43:30.734 [FXGL Background Thread 1 ] DEBUG FXGLAssetLoaderServi - Loading from file system: jar:file:///C:/Users/ADMIN/.m2/repository/com/github/almasb/fxgl/17.1/fxgl-17.1.jar!/fxglassets/ui/css/fxgl_dark.css
08:43:30.767 [FXGL Background Thread 1 ] DEBUG GameApplicationServi - Initializing application scenes
08:43:30.795 [FXGL Background Thread 1 ] DEBUG GameWorld            - Game world initialized
08:43:30.847 [FXGL Background Thread 1 ] DEBUG PhysicsWorld         - Physics world initialized: appHeight=720, physics.ppm=50.0
08:43:30.847 [FXGL Background Thread 1 ] DEBUG PhysicsWorld         - Using strategy: BRUTE_FORCE
08:43:30.850 [FXGL Background Thread 1 ] DEBUG GameScene            - Game scene initialized: 1080x720
08:43:30.894 [FXGL Background Thread 1 ] DEBUG GameApplicationServi - Application scenes initialized
08:43:30.903 [FXGL Background Thread 1 ] DEBUG SystemBundleService  - Loading FXGL system data
08:43:30.907 [FXGL Background Thread 1 ] DEBUG FileSystemAccess     - Reading from: C:\Users\ADMIN\IdeaProjects\BombermanPlus\system\fxgl.bundle
08:43:30.914 [FXGL Background Thread 1 ] DEBUG SystemBundleService  - Bundle FXGL: {}
08:43:30.915 [FXGL Background Thread 1 ] DEBUG UpdaterService       - Checking for updates
08:43:30.932 [FXGL Background Thread 4 ] DEBUG FXGLApplication      - Loading fonts
08:43:30.932 [FXGL Background Thread 1 ] DEBUG FXGLApplication      - Loading default localization
08:43:30.933 [FXGL Background Thread 4 ] DEBUG FXGLAssetLoaderServi - Loading from file system: file:/C:/Users/ADMIN/IdeaProjects/BombermanPlus/target/classes/assets/ui/fonts/Retro%20Gaming.ttf
08:43:30.933 [FXGL Background Thread 1 ] DEBUG FXGLAssetLoaderServi - Loading from file system: jar:file:///C:/Users/ADMIN/.m2/repository/com/github/almasb/fxgl/17.1/fxgl-17.1.jar!/fxglassets/languages/english.lang
08:43:30.944 [FXGL Background Thread 1 ] INFO  FXGLApplication      - FXGL initialization took: 0.263 sec
08:43:30.950 [JavaFX Application Thread] DEBUG Input                - Registered new binding: Move Right - D
08:43:30.951 [JavaFX Application Thread] DEBUG Input                - Registered new binding: Move Up - W
08:43:30.951 [JavaFX Application Thread] DEBUG Input                - Registered new binding: Move Down - S
08:43:30.951 [JavaFX Application Thread] DEBUG Input                - Registered new binding: Move Left - A
08:43:30.951 [JavaFX Application Thread] DEBUG Input                - Registered new binding: Place bomb - Space
08:43:30.951 [JavaFX Application Thread] DEBUG FXGLAssetLoaderServi - Loading from file system: file:/C:/Users/ADMIN/IdeaProjects/BombermanPlus/target/classes/assets/music/title_screen.mp3
08:43:31.001 [FXGL Background Thread 4 ] DEBUG FXGLAssetLoaderServi - Loading from file system: jar:file:///C:/Users/ADMIN/.m2/repository/com/github/almasb/fxgl/17.1/fxgl-17.1.jar!/fxglassets/ui/fonts/Abel-Regular.ttf
08:43:31.017 [FXGL Background Thread 4 ] DEBUG FXGLAssetLoaderServi - Loading from file system: jar:file:///C:/Users/ADMIN/.m2/repository/com/github/almasb/fxgl/17.1/fxgl-17.1.jar!/fxglassets/ui/fonts/TerminalLandMono-Regular.otf
08:43:31.033 [FXGL Background Thread 4 ] DEBUG FXGLAssetLoaderServi - Loading from file system: jar:file:///C:/Users/ADMIN/.m2/repository/com/github/almasb/fxgl/17.1/fxgl-17.1.jar!/fxglassets/ui/fonts/Courier-Prime.ttf
08:43:31.330 [FXGL Background Thread 2 ] INFO  UpdaterService       - Your current version:  17.1
08:43:31.331 [FXGL Background Thread 2 ] INFO  UpdaterService       - Latest stable version: 17.2
08:43:31.527 [JavaFX Application Thread] DEBUG AudioPlayer          - Playing music com.almasb.fxgl.audio.Music@7a671880
08:43:31.527 [JavaFX Application Thread] DEBUG FXGLAssetLoaderServi - Loading from file system: jar:file:///C:/Users/ADMIN/.m2/repository/com/github/almasb/fxgl/17.1/fxgl-17.1.jar!/fxglassets/textures/fxgl_icon.png
08:43:31.548 [JavaFX Application Thread] DEBUG FXGLAssetLoaderServi - Loading from file system: jar:file:///C:/Users/ADMIN/.m2/repository/com/github/almasb/fxgl/17.1/fxgl-17.1.jar!/fxglassets/textures/fxgl_default_cursor.png
08:43:31.550 [JavaFX Application Thread] DEBUG Input                - Registered new binding: Screenshot - CTRL+8
08:43:31.550 [JavaFX Application Thread] DEBUG Input                - Registered new binding: Dev Options - 1
08:43:31.551 [JavaFX Application Thread] DEBUG Input                - Registered new binding: Dev Console - 2
08:43:31.551 [JavaFX Application Thread] DEBUG Input                - Registered new binding: System info dump - CTRL+9
08:43:31.551 [JavaFX Application Thread] DEBUG Input                - Registered new binding: Restart - CTRL+R
08:43:31.552 [JavaFX Application Thread] DEBUG Input                - Registered new binding: Toggle Debug Camera - CTRL+7
08:43:31.554 [JavaFX Application Thread] DEBUG LoopRunner           - Starting loop
08:43:31.561 [JavaFX Application Thread] DEBUG LoopRunner           - Initializing JavaFX AnimationTimerLoop
08:43:31.563 [JavaFX Application Thread] DEBUG Input                - Clearing active input actions
08:43:31.570 [JavaFX Application Thread] DEBUG GameApplicationServi - Removing overlay from FXGLStartupScene and adding to FXGLMainMenuDummyScene
08:43:31.572 [JavaFX Application Thread] DEBUG PrimaryStageWindow   - FXGLStartupScene -> FXGLMainMenuDummyScene
08:43:31.572 [JavaFX Application Thread] DEBUG PrimaryStageWindow   - Push state: BombermanMenu
08:43:31.573 [JavaFX Application Thread] DEBUG Input                - Clearing active input actions
08:43:31.575 [JavaFX Application Thread] DEBUG GameApplicationServi - Removing overlay from FXGLMainMenuDummyScene and adding to BombermanMenu
08:43:31.576 [JavaFX Application Thread] DEBUG PrimaryStageWindow   - FXGLMainMenuDummyScene -> BombermanMenu
08:43:31.583 [JavaFX Application Thread] DEBUG FXGLApplication      - Registering font factories with UI factory
08:43:32.433 [JavaFX Application Thread] DEBUG Menu                 - fireNewGame()
08:43:32.433 [JavaFX Application Thread] DEBUG GameApplicationServi - Starting new game
08:43:32.433 [JavaFX Application Thread] DEBUG PrimaryStageWindow   - Pop state: BombermanMenu
08:43:32.433 [JavaFX Application Thread] DEBUG Input                - Clearing active input actions
08:43:32.434 [JavaFX Application Thread] DEBUG GameApplicationServi - Removing overlay from BombermanMenu and adding to FXGLMainMenuDummyScene
08:43:32.436 [JavaFX Application Thread] DEBUG PrimaryStageWindow   - FXGLMainMenuDummyScene <- BombermanMenu
08:43:32.436 [JavaFX Application Thread] DEBUG Input                - Clearing active input actions
08:43:32.440 [JavaFX Application Thread] DEBUG GameApplicationServi - Removing overlay from FXGLMainMenuDummyScene and adding to FXGLLoadingScene
08:43:32.440 [JavaFX Application Thread] DEBUG PrimaryStageWindow   - FXGLMainMenuDummyScene -> FXGLLoadingScene
08:43:32.440 [JavaFX Application Thread] DEBUG GameApplicationServi - Clearing previous game
08:43:32.440 [JavaFX Application Thread] DEBUG GameScene            - Clearing game scene
08:43:32.440 [JavaFX Application Thread] DEBUG GameWorld            - Clearing game world
08:43:32.441 [JavaFX Application Thread] DEBUG PhysicsWorld         - Clearing physics world
08:43:32.442 [FXGL Background Thread 2 ] DEBUG FXGLApplication      - Initializing game
08:43:32.448 [FXGL Background Thread 2 ] DEBUG FXGLAssetLoaderServi - Loading from file system: file:/C:/Users/ADMIN/IdeaProjects/BombermanPlus/target/classes/assets/sounds/stage_start.wav
08:43:32.474 [FXGL Background Thread 2 ] INFO  FXGLApplication      - Game initialization took: 0.032 sec
08:43:32.477 [JavaFX Application Thread] DEBUG Input                - Clearing active input actions
08:43:32.480 [JavaFX Application Thread] DEBUG GameApplicationServi - Removing overlay from FXGLLoadingScene and adding to GameScene
08:43:32.483 [JavaFX Application Thread] DEBUG PrimaryStageWindow   - FXGLLoadingScene -> GameScene
08:43:33.931 [FXGL Background Thread 3 ] DEBUG Engine               - Logging environment variables
08:43:33.932 [FXGL Background Thread 3 ] DEBUG Engine               - achievements: []
08:43:33.932 [FXGL Background Thread 3 ] DEBUG Engine               - actualHeight: 720.0
08:43:33.932 [FXGL Background Thread 3 ] DEBUG Engine               - actualHeightProperty: ReadOnlyDoubleProperty [value: 720.0]
08:43:33.932 [FXGL Background Thread 3 ] DEBUG Engine               - actualWidth: 1080.0
08:43:33.932 [FXGL Background Thread 3 ] DEBUG Engine               - actualWidthProperty: ReadOnlyDoubleProperty [value: 1080.0]
08:43:33.932 [FXGL Background Thread 3 ] DEBUG Engine               - appIcon: fxgl_icon.png
08:43:33.932 [FXGL Background Thread 3 ] DEBUG Engine               - applicationMode: DEVELOPER
08:43:33.932 [FXGL Background Thread 3 ] DEBUG Engine               - cSSList: [fxgl_dark.css]
08:43:33.932 [FXGL Background Thread 3 ] DEBUG Engine               - collisionDetectionStrategy: BRUTE_FORCE
08:43:33.932 [FXGL Background Thread 3 ] DEBUG Engine               - configClass: Optional.empty
08:43:33.932 [FXGL Background Thread 3 ] DEBUG Engine               - credits: []
08:43:33.934 [FXGL Background Thread 3 ] DEBUG Engine               - defaultCursor: CursorInfo(imageName=fxgl_default_cursor.png, hotspotX=7.0, hotspotY=6.0)
08:43:33.934 [FXGL Background Thread 3 ] DEBUG Engine               - devBBoxColorProperty: ObjectProperty [value: 0xff0000ff]
08:43:33.934 [FXGL Background Thread 3 ] DEBUG Engine               - devEnableDebugCameraProperty: BooleanProperty [value: false]
08:43:33.934 [FXGL Background Thread 3 ] DEBUG Engine               - devSensorColorProperty: ObjectProperty [value: 0xffff00ff]
08:43:33.934 [FXGL Background Thread 3 ] DEBUG Engine               - devShowBBoxProperty: BooleanProperty [value: false]
08:43:33.934 [FXGL Background Thread 3 ] DEBUG Engine               - devShowPositionProperty: BooleanProperty [value: false]
08:43:33.934 [FXGL Background Thread 3 ] DEBUG Engine               - enabledMenuItems: []
08:43:33.934 [FXGL Background Thread 3 ] DEBUG Engine               - engineServices: [class com.almasb.fxgl.app.services.FXGLAssetLoaderService, class com.almasb.fxgl.app.FXGLApplication$GameApplicationService, class com.almasb.fxgl.app.services.FXGLDialogService, class com.almasb.fxgl.app.services.IOTaskExecutorService, class com.almasb.fxgl.io.FileSystemService, class com.almasb.fxgl.localization.LocalizationService, class com.almasb.fxgl.app.services.SystemBundleService, class com.almasb.fxgl.profile.SaveLoadService, class com.almasb.fxgl.ui.FXGLUIFactoryServiceProvider, class com.almasb.fxgl.ui.FXGLDialogFactoryServiceProvider, class com.almasb.fxgl.audio.AudioPlayer, class com.almasb.fxgl.notification.impl.NotificationServiceProvider, class com.almasb.fxgl.achievement.AchievementService, class com.almasb.fxgl.cutscene.CutsceneService, class com.almasb.fxgl.minigames.MiniGameService, class com.almasb.fxgl.net.NetService, class com.almasb.fxgl.app.services.UpdaterService, class com.almasb.fxgl.dev.DevService]
08:43:33.934 [FXGL Background Thread 3 ] DEBUG Engine               - fontGame: Abel-Regular.ttf
08:43:33.934 [FXGL Background Thread 3 ] DEBUG Engine               - fontMono: TerminalLandMono-Regular.otf
08:43:33.934 [FXGL Background Thread 3 ] DEBUG Engine               - fontText: Courier-Prime.ttf
08:43:33.934 [FXGL Background Thread 3 ] DEBUG Engine               - fontUI: Retro Gaming.ttf
08:43:33.934 [FXGL Background Thread 3 ] DEBUG Engine               - fullScreen: BooleanProperty [value: false]
08:43:33.934 [FXGL Background Thread 3 ] DEBUG Engine               - gameDifficulty: MEDIUM
08:43:33.934 [FXGL Background Thread 3 ] DEBUG Engine               - gameDifficultyProperty: ObjectProperty [value: MEDIUM]
08:43:33.934 [FXGL Background Thread 3 ] DEBUG Engine               - globalMusicVolume: 0.5
08:43:33.934 [FXGL Background Thread 3 ] DEBUG Engine               - globalMusicVolumeProperty: DoubleProperty [value: 0.0]
08:43:33.934 [FXGL Background Thread 3 ] DEBUG Engine               - globalSoundVolume: 0.5
08:43:33.934 [FXGL Background Thread 3 ] DEBUG Engine               - globalSoundVolumeProperty: DoubleProperty [value: 0.4]
08:43:33.935 [FXGL Background Thread 3 ] DEBUG Engine               - height: 720
08:43:33.935 [FXGL Background Thread 3 ] DEBUG Engine               - is3D: false
08:43:33.935 [FXGL Background Thread 3 ] DEBUG Engine               - isAndroid: false
08:43:33.935 [FXGL Background Thread 3 ] DEBUG Engine               - isBrowser: false
08:43:33.935 [FXGL Background Thread 3 ] DEBUG Engine               - isClickFeedbackEnabled: false
08:43:33.935 [FXGL Background Thread 3 ] DEBUG Engine               - isCloseConfirmation: false
08:43:33.935 [FXGL Background Thread 3 ] DEBUG Engine               - isDesktop: true
08:43:33.935 [FXGL Background Thread 3 ] DEBUG Engine               - isDeveloperMenuEnabled: true
08:43:33.935 [FXGL Background Thread 3 ] DEBUG Engine               - isEmbedded: false
08:43:33.935 [FXGL Background Thread 3 ] DEBUG Engine               - isEntityPreloadEnabled: true
08:43:33.936 [FXGL Background Thread 3 ] DEBUG Engine               - isExperimentalTiledLargeMap: false
08:43:33.936 [FXGL Background Thread 3 ] DEBUG Engine               - isFileSystemWriteAllowed: true
08:43:33.936 [FXGL Background Thread 3 ] DEBUG Engine               - isFullScreenAllowed: false
08:43:33.936 [FXGL Background Thread 3 ] DEBUG Engine               - isFullScreenFromStart: false
08:43:33.936 [FXGL Background Thread 3 ] DEBUG Engine               - isGameMenuEnabled: true
08:43:33.936 [FXGL Background Thread 3 ] DEBUG Engine               - isIOS: false
08:43:33.936 [FXGL Background Thread 3 ] DEBUG Engine               - isIntroEnabled: false
08:43:33.936 [FXGL Background Thread 3 ] DEBUG Engine               - isLinux: false
08:43:33.936 [FXGL Background Thread 3 ] DEBUG Engine               - isMac: false
08:43:33.936 [FXGL Background Thread 3 ] DEBUG Engine               - isMainMenuEnabled: true
08:43:33.936 [FXGL Background Thread 3 ] DEBUG Engine               - isManualResizeEnabled: true
08:43:33.936 [FXGL Background Thread 3 ] DEBUG Engine               - isMobile: false
08:43:33.936 [FXGL Background Thread 3 ] DEBUG Engine               - isNative: false
08:43:33.936 [FXGL Background Thread 3 ] DEBUG Engine               - isPauseMusicWhenMinimized: true
08:43:33.936 [FXGL Background Thread 3 ] DEBUG Engine               - isPreserveResizeRatio: true
08:43:33.936 [FXGL Background Thread 3 ] DEBUG Engine               - isProfilingEnabled: false
08:43:33.936 [FXGL Background Thread 3 ] DEBUG Engine               - isScaleAffectedOnResize: true
08:43:33.936 [FXGL Background Thread 3 ] DEBUG Engine               - isSingleStep: false
08:43:33.936 [FXGL Background Thread 3 ] DEBUG Engine               - isUserProfileEnabled: false
08:43:33.936 [FXGL Background Thread 3 ] DEBUG Engine               - isWindows: true
08:43:33.936 [FXGL Background Thread 3 ] DEBUG Engine               - language: ObjectProperty [value: ENGLISH]
08:43:33.936 [FXGL Background Thread 3 ] DEBUG Engine               - menuKey: ESCAPE
08:43:33.936 [FXGL Background Thread 3 ] DEBUG Engine               - mouseSensitivity: 0.2
08:43:33.936 [FXGL Background Thread 3 ] DEBUG Engine               - notificationViewClass: class com.almasb.fxgl.notification.view.XboxNotificationView
08:43:33.936 [FXGL Background Thread 3 ] DEBUG Engine               - pixelsPerMeter: 50.0
08:43:33.936 [FXGL Background Thread 3 ] DEBUG Engine               - platform: WINDOWS
08:43:33.937 [FXGL Background Thread 3 ] DEBUG Engine               - prefHeightProperty: ReadOnlyDoubleProperty [value: 720.0]
08:43:33.937 [FXGL Background Thread 3 ] DEBUG Engine               - prefWidthProperty: ReadOnlyDoubleProperty [value: 1080.0]
08:43:33.937 [FXGL Background Thread 3 ] DEBUG Engine               - profileDir: profiles/
08:43:33.937 [FXGL Background Thread 3 ] DEBUG Engine               - profileName: StringProperty [value: DEFAULT]
08:43:33.937 [FXGL Background Thread 3 ] DEBUG Engine               - randomSeed: -1
08:43:33.937 [FXGL Background Thread 3 ] DEBUG Engine               - runtimeInfo: RuntimeInfo(platform=WINDOWS, version=17.1, build=24.03.2022 17.34)
08:43:33.938 [FXGL Background Thread 3 ] DEBUG Engine               - saveFileExt: sav
08:43:33.938 [FXGL Background Thread 3 ] DEBUG Engine               - scaledHeightProp$fxgl: DoubleProperty [bound, value: 720.0]
08:43:33.938 [FXGL Background Thread 3 ] DEBUG Engine               - scaledWidthProp$fxgl: DoubleProperty [bound, value: 1080.0]
08:43:33.938 [FXGL Background Thread 3 ] DEBUG Engine               - sceneFactory: com.bomberman.bombermanplus.BombermanApp$1@5344fc95
08:43:33.938 [FXGL Background Thread 3 ] DEBUG Engine               - secondsIn24h: 60
08:43:33.938 [FXGL Background Thread 3 ] DEBUG Engine               - soundMenuBack: menu/back.wav
08:43:33.938 [FXGL Background Thread 3 ] DEBUG Engine               - soundMenuPress: menu/press.wav
08:43:33.938 [FXGL Background Thread 3 ] DEBUG Engine               - soundMenuSelect: menu/select.wav
08:43:33.938 [FXGL Background Thread 3 ] DEBUG Engine               - soundNotification: core/notification.wav
08:43:33.938 [FXGL Background Thread 3 ] DEBUG Engine               - stageStyle: DECORATED
08:43:33.938 [FXGL Background Thread 3 ] DEBUG Engine               - supportedLanguages: [ENGLISH, FRENCH, GERMAN, HUNGARIAN, RUSSIAN]
08:43:33.938 [FXGL Background Thread 3 ] DEBUG Engine               - ticksPerSecond: -1
08:43:33.938 [FXGL Background Thread 3 ] DEBUG Engine               - title: BOMBERMAN
08:43:33.938 [FXGL Background Thread 3 ] DEBUG Engine               - urlGithub: https://github.com/AlmasB/FXGL
08:43:33.938 [FXGL Background Thread 3 ] DEBUG Engine               - urlLeaderboard: http://fxgl-top.herokuapp.com/
08:43:33.938 [FXGL Background Thread 3 ] DEBUG Engine               - urlPOM: https://raw.githubusercontent.com/AlmasB/FXGL/release/README.md
08:43:33.938 [FXGL Background Thread 3 ] DEBUG Engine               - userAppClass: class com.bomberman.bombermanplus.BombermanApp
08:43:33.938 [FXGL Background Thread 3 ] DEBUG Engine               - version: 1.0
08:43:33.938 [FXGL Background Thread 3 ] DEBUG Engine               - versionCheckDays: 7
08:43:33.939 [FXGL Background Thread 3 ] DEBUG Engine               - width: 1080
08:43:33.939 [FXGL Background Thread 3 ] DEBUG Engine               - Logging services
08:43:33.939 [FXGL Background Thread 3 ] DEBUG Engine               - class com.almasb.fxgl.app.services.FXGLAssetLoaderService
08:43:33.939 [FXGL Background Thread 3 ] DEBUG Engine               - class com.almasb.fxgl.app.FXGLApplication$GameApplicationService
08:43:33.939 [FXGL Background Thread 3 ] DEBUG Engine               - class com.almasb.fxgl.app.services.FXGLDialogService
08:43:33.939 [FXGL Background Thread 3 ] DEBUG Engine               - class com.almasb.fxgl.app.services.IOTaskExecutorService
08:43:33.939 [FXGL Background Thread 3 ] DEBUG Engine               - class com.almasb.fxgl.io.FileSystemService
08:43:33.939 [FXGL Background Thread 3 ] DEBUG Engine               - class com.almasb.fxgl.localization.LocalizationService
08:43:33.939 [FXGL Background Thread 3 ] DEBUG Engine               - class com.almasb.fxgl.app.services.SystemBundleService
08:43:33.939 [FXGL Background Thread 3 ] DEBUG Engine               - class com.almasb.fxgl.profile.SaveLoadService
08:43:33.939 [FXGL Background Thread 3 ] DEBUG Engine               - class com.almasb.fxgl.ui.FXGLUIFactoryServiceProvider
08:43:33.939 [FXGL Background Thread 3 ] DEBUG Engine               - class com.almasb.fxgl.ui.FXGLDialogFactoryServiceProvider
08:43:33.939 [FXGL Background Thread 3 ] DEBUG Engine               - class com.almasb.fxgl.audio.AudioPlayer
08:43:33.939 [FXGL Background Thread 3 ] DEBUG Engine               - class com.almasb.fxgl.notification.impl.NotificationServiceProvider
08:43:33.939 [FXGL Background Thread 3 ] DEBUG Engine               - class com.almasb.fxgl.achievement.AchievementService
08:43:33.939 [FXGL Background Thread 3 ] DEBUG Engine               - class com.almasb.fxgl.cutscene.CutsceneService
08:43:33.939 [FXGL Background Thread 3 ] DEBUG Engine               - class com.almasb.fxgl.minigames.MiniGameService
08:43:33.939 [FXGL Background Thread 3 ] DEBUG Engine               - class com.almasb.fxgl.net.NetService
08:43:33.939 [FXGL Background Thread 3 ] DEBUG Engine               - class com.almasb.fxgl.app.services.UpdaterService
08:43:33.939 [FXGL Background Thread 3 ] DEBUG Engine               - class com.almasb.fxgl.dev.DevService
08:43:35.302 [JavaFX Application Thread] WARN  TMXLevelLoader       - TiledMap generated from 1.9.2. Supported version: 1.4.2. Some features may not be parsed fully.
08:43:35.318 [JavaFX Application Thread] DEBUG TMXLevelLoader       - Parsed TiledMap: file:/C:/Users/ADMIN/IdeaProjects/BombermanPlus/target/classes/assets/levels/bbm_level1.tmx
08:43:35.319 [JavaFX Application Thread] DEBUG TMXLevelLoader       - Creating tile layer entities
08:43:35.320 [JavaFX Application Thread] DEBUG TilesetLoader        - Loading view for layer Tile Layer 1
08:43:35.323 [JavaFX Application Thread] DEBUG TilesetLoader        - Created buffer with size 1488.0x720.0
08:43:35.391 [JavaFX Application Thread] DEBUG TMXLevelLoader       - Creating object layer entities
08:43:35.392 [JavaFX Application Thread] DEBUG FXGLAssetLoaderServi - Loading from file system: file:/C:/Users/ADMIN/IdeaProjects/BombermanPlus/target/classes/assets/textures/items/powerup_speed.png
08:43:35.397 [JavaFX Application Thread] DEBUG FXGLAssetLoaderServi - Loading from file system: file:/C:/Users/ADMIN/IdeaProjects/BombermanPlus/target/classes/assets/textures/items/powerup_flames.png
08:43:35.397 [JavaFX Application Thread] DEBUG FXGLAssetLoaderServi - Loading from file system: file:/C:/Users/ADMIN/IdeaProjects/BombermanPlus/target/classes/assets/textures/items/powerup_bombs.png
08:43:35.399 [JavaFX Application Thread] DEBUG FXGLAssetLoaderServi - Loading from file system: file:/C:/Users/ADMIN/IdeaProjects/BombermanPlus/target/classes/assets/textures/items/powerup_flamepass.png
08:43:35.401 [JavaFX Application Thread] DEBUG FXGLAssetLoaderServi - Loading from file system: file:/C:/Users/ADMIN/IdeaProjects/BombermanPlus/target/classes/assets/textures/items/portal.png
08:43:35.403 [JavaFX Application Thread] DEBUG FXGLAssetLoaderServi - Loading from file system: file:/C:/Users/ADMIN/IdeaProjects/BombermanPlus/target/classes/assets/textures/sprites.png
08:43:35.482 [JavaFX Application Thread] DEBUG GameWorld            - Clearing removable entities
08:43:35.482 [JavaFX Application Thread] DEBUG GameWorld            - Setting level: com.almasb.fxgl.entity.level.Level@74de289b
08:43:35.516 [JavaFX Application Thread] DEBUG FXGLAssetLoaderServi - Loading from file system: file:/C:/Users/ADMIN/IdeaProjects/BombermanPlus/target/classes/assets/sounds/walk_2.wav
08:43:37.923 [JavaFX Application Thread] DEBUG FXGLAssetLoaderServi - Loading from file system: file:/C:/Users/ADMIN/IdeaProjects/BombermanPlus/target/classes/assets/sounds/walk_1.wav
08:43:38.218 [JavaFX Application Thread] DEBUG FXGLAssetLoaderServi - Loading from file system: file:/C:/Users/ADMIN/IdeaProjects/BombermanPlus/target/classes/assets/sounds/placed_bomb.wav
08:43:38.813 [JavaFX Application Thread] DEBUG FXGLAssetLoaderServi - Loading from file system: file:/C:/Users/ADMIN/IdeaProjects/BombermanPlus/target/classes/assets/sounds/power_up.wav
08:43:40.718 [JavaFX Application Thread] DEBUG FXGLAssetLoaderServi - Loading from file system: file:/C:/Users/ADMIN/IdeaProjects/BombermanPlus/target/classes/assets/sounds/bomb_exploded.wav
08:44:09.737 [JavaFX Application Thread] DEBUG FXGLApplication      - Exiting FXGL
08:44:09.738 [JavaFX Application Thread] DEBUG LoopRunner           - Stopping loop
08:44:09.738 [JavaFX Application Thread] DEBUG SystemBundleService  - Saving FXGL system data
08:44:09.740 [JavaFX Application Thread] DEBUG FileSystemAccess     - Writing to: C:\Users\ADMIN\IdeaProjects\BombermanPlus\system\fxgl.bundle
08:44:09.742 [JavaFX Application Thread] DEBUG Async                - Shutting down background threads
08:44:09.742 [JavaFX Application Thread] DEBUG PrimaryStageWindow   - Closing main window
08:44:09.748 [JavaFX Application Thread] DEBUG Logger               - Closing Logger
