17:02:24.068 [main                     ] DEBUG Logger               - Configured Logger
17:02:24.088 [main                     ] DEBUG GameApplication      - Logging settings
Title: BOMBERMAN
Version: 1.0
Width: 1080
Height: 720
Fullscreen: false
Intro: false
Profiling: false
Single step:false
App Mode: DEVELOPER
Menu Key: ESCAPE
Stage Style: DECORATED
Scene Factory: class com.bomberman.bombermanplus.BombermanApp$1

17:02:24.504 [JavaFX Application Thread] DEBUG FXGLApplication      - Initializing FXGL
17:02:24.508 [JavaFX Application Thread] INFO  Engine               - FXGL-17.1 (24.03.2022 17.34) on WINDOWS (J:19 FX:19-ea)
17:02:24.508 [JavaFX Application Thread] DEBUG Engine               - JRE Vendor Name: Oracle Corporation
17:02:24.508 [JavaFX Application Thread] DEBUG Engine               - Running on OS: Windows 11 version 10.0
17:02:24.509 [JavaFX Application Thread] DEBUG Engine               - Architecture: amd64
17:02:24.509 [JavaFX Application Thread] INFO  Engine               - Source code and latest versions at: https://github.com/AlmasB/FXGL
17:02:24.509 [JavaFX Application Thread] INFO  Engine               -       Ask questions and discuss at: https://github.com/AlmasB/FXGL/discussions
17:02:24.509 [JavaFX Application Thread] INFO  Engine               -              Join the FXGL chat at: https://gitter.im/AlmasB/FXGL
17:02:24.599 [JavaFX Application Thread] DEBUG PrimaryStageWindow   - Creating a JavaFX scene
17:02:24.645 [JavaFX Application Thread] DEBUG PrimaryStageWindow   - Target settings size: 1080.0 x 720.0
17:02:24.645 [JavaFX Application Thread] DEBUG PrimaryStageWindow   - Scaled scene size:    1080.0 x 720.0
17:02:24.646 [JavaFX Application Thread] DEBUG PrimaryStageWindow   - Scaled ratio: (1.0, 1.0)
17:02:24.647 [JavaFX Application Thread] DEBUG PrimaryStageWindow   - Set initial scene to FXGLStartupScene
17:02:24.654 [JavaFX Application Thread] DEBUG PrimaryStageWindow   - Opening main window
17:02:24.757 [JavaFX Application Thread] DEBUG PrimaryStageWindow   - Window border size: (14.4000244140625, 37.5999755859375)
17:02:24.758 [JavaFX Application Thread] DEBUG PrimaryStageWindow   - Scaled size: 1080.0 x 720.0
17:02:24.758 [JavaFX Application Thread] DEBUG PrimaryStageWindow   - Scaled ratio: (1.0, 1.0)
17:02:24.758 [JavaFX Application Thread] DEBUG PrimaryStageWindow   - Scene size: 1080.0 x 720.0
17:02:24.759 [JavaFX Application Thread] DEBUG PrimaryStageWindow   - Stage size: 1094.4000244140625 x 757.5999755859375
17:02:24.773 [FXGL Background Thread 1 ] DEBUG Engine               - Initializing environment variables
17:02:24.838 [FXGL Background Thread 1 ] DEBUG FXGLAssetLoaderServi - User app class for loading assets: class com.bomberman.bombermanplus.BombermanApp
17:02:24.838 [FXGL Background Thread 1 ] DEBUG GameApplicationServi - Applying CSS: fxgl_dark.css
17:02:24.839 [FXGL Background Thread 1 ] DEBUG FXGLAssetLoaderServi - Loading from file system: jar:file:///C:/Users/Gia%20Phong/.m2/repository/com/github/almasb/fxgl/17.1/fxgl-17.1.jar!/fxglassets/ui/css/fxgl_dark.css
17:02:24.890 [FXGL Background Thread 1 ] DEBUG GameApplicationServi - Initializing application scenes
17:02:24.926 [FXGL Background Thread 1 ] DEBUG GameWorld            - Game world initialized
17:02:24.983 [FXGL Background Thread 1 ] DEBUG PhysicsWorld         - Physics world initialized: appHeight=720, physics.ppm=50.0
17:02:24.983 [FXGL Background Thread 1 ] DEBUG PhysicsWorld         - Using strategy: BRUTE_FORCE
17:02:24.987 [FXGL Background Thread 1 ] DEBUG GameScene            - Game scene initialized: 1080x720
17:02:25.026 [FXGL Background Thread 1 ] DEBUG GameApplicationServi - Application scenes initialized
17:02:25.039 [FXGL Background Thread 1 ] DEBUG SystemBundleService  - Loading FXGL system data
17:02:25.047 [FXGL Background Thread 1 ] DEBUG FileSystemAccess     - Reading from: C:\Users\Gia Phong\Downloads\Java\src\BombermanPlus\system\fxgl.bundle
17:02:25.068 [FXGL Background Thread 1 ] DEBUG SystemBundleService  - Bundle FXGL: {}
17:02:25.069 [FXGL Background Thread 1 ] DEBUG UpdaterService       - Checking for updates
17:02:25.077 [FXGL Background Thread 4 ] DEBUG FXGLApplication      - Loading fonts
17:02:25.077 [FXGL Background Thread 1 ] DEBUG FXGLApplication      - Loading default localization
17:02:25.078 [FXGL Background Thread 4 ] DEBUG FXGLAssetLoaderServi - Loading from file system: jar:file:///C:/Users/Gia%20Phong/.m2/repository/com/github/almasb/fxgl/17.1/fxgl-17.1.jar!/fxglassets/ui/fonts/VarelaRound-Regular.ttf
17:02:25.079 [FXGL Background Thread 1 ] DEBUG FXGLAssetLoaderServi - Loading from file system: jar:file:///C:/Users/Gia%20Phong/.m2/repository/com/github/almasb/fxgl/17.1/fxgl-17.1.jar!/fxglassets/languages/english.lang
17:02:25.112 [FXGL Background Thread 1 ] INFO  FXGLApplication      - FXGL initialization took: 0.339 sec
17:02:25.126 [JavaFX Application Thread] DEBUG Input                - Registered new binding: Move Right - D
17:02:25.127 [JavaFX Application Thread] DEBUG Input                - Registered new binding: Move Up - W
17:02:25.127 [JavaFX Application Thread] DEBUG Input                - Registered new binding: Move Down - S
17:02:25.127 [JavaFX Application Thread] DEBUG Input                - Registered new binding: Move Left - A
17:02:25.128 [JavaFX Application Thread] DEBUG Input                - Registered new binding: Place bomb - Space
17:02:25.129 [JavaFX Application Thread] DEBUG FXGLAssetLoaderServi - Loading from file system: jar:file:///C:/Users/Gia%20Phong/.m2/repository/com/github/almasb/fxgl/17.1/fxgl-17.1.jar!/fxglassets/textures/fxgl_icon.png
17:02:25.187 [JavaFX Application Thread] DEBUG FXGLAssetLoaderServi - Loading from file system: jar:file:///C:/Users/Gia%20Phong/.m2/repository/com/github/almasb/fxgl/17.1/fxgl-17.1.jar!/fxglassets/textures/fxgl_default_cursor.png
17:02:25.191 [JavaFX Application Thread] DEBUG Input                - Registered new binding: Screenshot - CTRL+8
17:02:25.192 [JavaFX Application Thread] DEBUG Input                - Registered new binding: System info dump - CTRL+9
17:02:25.193 [JavaFX Application Thread] DEBUG Input                - Registered new binding: Restart - CTRL+R
17:02:25.193 [JavaFX Application Thread] DEBUG Input                - Registered new binding: Toggle Debug Camera - CTRL+7
17:02:25.198 [JavaFX Application Thread] DEBUG LoopRunner           - Starting loop
17:02:25.199 [JavaFX Application Thread] DEBUG LoopRunner           - Initializing JavaFX AnimationTimerLoop
17:02:25.206 [JavaFX Application Thread] DEBUG Input                - Clearing active input actions
17:02:25.216 [JavaFX Application Thread] DEBUG GameApplicationServi - Removing overlay from FXGLStartupScene and adding to FXGLMainMenuDummyScene
17:02:25.218 [JavaFX Application Thread] DEBUG PrimaryStageWindow   - FXGLStartupScene -> FXGLMainMenuDummyScene
17:02:25.220 [JavaFX Application Thread] DEBUG PrimaryStageWindow   - Push state: BombermanMenu
17:02:25.220 [JavaFX Application Thread] DEBUG Input                - Clearing active input actions
17:02:25.223 [JavaFX Application Thread] DEBUG GameApplicationServi - Removing overlay from FXGLMainMenuDummyScene and adding to BombermanMenu
17:02:25.224 [JavaFX Application Thread] DEBUG PrimaryStageWindow   - FXGLMainMenuDummyScene -> BombermanMenu
17:02:25.265 [FXGL Background Thread 4 ] DEBUG FXGLAssetLoaderServi - Loading from file system: jar:file:///C:/Users/Gia%20Phong/.m2/repository/com/github/almasb/fxgl/17.1/fxgl-17.1.jar!/fxglassets/ui/fonts/Abel-Regular.ttf
17:02:25.281 [FXGL Background Thread 4 ] DEBUG FXGLAssetLoaderServi - Loading from file system: jar:file:///C:/Users/Gia%20Phong/.m2/repository/com/github/almasb/fxgl/17.1/fxgl-17.1.jar!/fxglassets/ui/fonts/TerminalLandMono-Regular.otf
17:02:25.296 [FXGL Background Thread 4 ] DEBUG FXGLAssetLoaderServi - Loading from file system: jar:file:///C:/Users/Gia%20Phong/.m2/repository/com/github/almasb/fxgl/17.1/fxgl-17.1.jar!/fxglassets/ui/fonts/Courier-Prime.ttf
17:02:25.312 [JavaFX Application Thread] DEBUG FXGLApplication      - Registering font factories with UI factory
17:02:25.943 [JavaFX Application Thread] DEBUG Menu                 - fireNewGame()
17:02:25.943 [JavaFX Application Thread] DEBUG GameApplicationServi - Starting new game
17:02:25.943 [JavaFX Application Thread] DEBUG PrimaryStageWindow   - Pop state: BombermanMenu
17:02:25.943 [JavaFX Application Thread] DEBUG Input                - Clearing active input actions
17:02:25.944 [JavaFX Application Thread] DEBUG GameApplicationServi - Removing overlay from BombermanMenu and adding to FXGLMainMenuDummyScene
17:02:25.944 [JavaFX Application Thread] DEBUG PrimaryStageWindow   - FXGLMainMenuDummyScene <- BombermanMenu
17:02:25.944 [JavaFX Application Thread] DEBUG Input                - Clearing active input actions
17:02:25.950 [JavaFX Application Thread] DEBUG GameApplicationServi - Removing overlay from FXGLMainMenuDummyScene and adding to FXGLLoadingScene
17:02:25.951 [JavaFX Application Thread] DEBUG PrimaryStageWindow   - FXGLMainMenuDummyScene -> FXGLLoadingScene
17:02:25.951 [JavaFX Application Thread] DEBUG GameApplicationServi - Clearing previous game
17:02:25.951 [JavaFX Application Thread] DEBUG GameScene            - Clearing game scene
17:02:25.951 [JavaFX Application Thread] DEBUG GameWorld            - Clearing game world
17:02:25.951 [JavaFX Application Thread] DEBUG PhysicsWorld         - Clearing physics world
17:02:25.953 [FXGL Background Thread 4 ] DEBUG FXGLApplication      - Initializing game
17:02:26.004 [FXGL Background Thread 4 ] WARN  TMXLevelLoader       - TiledMap generated from 1.9.2. Supported version: 1.4.2. Some features may not be parsed fully.
17:02:26.030 [FXGL Background Thread 4 ] DEBUG TMXLevelLoader       - Parsed TiledMap: file:/C:/Users/Gia%20Phong/Downloads/Java/src/BombermanPlus/target/classes/assets/levels/bbm_level1.tmx
17:02:26.031 [FXGL Background Thread 4 ] DEBUG TMXLevelLoader       - Creating tile layer entities
17:02:26.033 [FXGL Background Thread 4 ] DEBUG TilesetLoader        - Loading view for layer Tile Layer 1
17:02:26.041 [FXGL Background Thread 4 ] DEBUG TilesetLoader        - Created buffer with size 1488.0x720.0
17:02:26.186 [FXGL Background Thread 2 ] INFO  UpdaterService       - Your current version:  17.1
17:02:26.186 [FXGL Background Thread 2 ] INFO  UpdaterService       - Latest stable version: 17.2
17:02:26.255 [FXGL Background Thread 4 ] DEBUG TMXLevelLoader       - Creating object layer entities
17:02:26.260 [FXGL Background Thread 4 ] DEBUG FXGLAssetLoaderServi - Loading from file system: file:/C:/Users/Gia%20Phong/Downloads/Java/src/BombermanPlus/target/classes/assets/textures/items/powerup_speed.png
17:02:26.279 [FXGL Background Thread 4 ] DEBUG FXGLAssetLoaderServi - Loading from file system: file:/C:/Users/Gia%20Phong/Downloads/Java/src/BombermanPlus/target/classes/assets/textures/items/powerup_flames.png
17:02:26.283 [FXGL Background Thread 4 ] DEBUG FXGLAssetLoaderServi - Loading from file system: file:/C:/Users/Gia%20Phong/Downloads/Java/src/BombermanPlus/target/classes/assets/textures/items/powerup_bombs.png
17:02:26.287 [FXGL Background Thread 4 ] DEBUG FXGLAssetLoaderServi - Loading from file system: file:/C:/Users/Gia%20Phong/Downloads/Java/src/BombermanPlus/target/classes/assets/textures/items/powerup_flamepass.png
17:02:26.293 [FXGL Background Thread 4 ] DEBUG FXGLAssetLoaderServi - Loading from file system: file:/C:/Users/Gia%20Phong/Downloads/Java/src/BombermanPlus/target/classes/assets/textures/items/portal.png
17:02:26.297 [FXGL Background Thread 4 ] DEBUG FXGLAssetLoaderServi - Loading from file system: file:/C:/Users/Gia%20Phong/Downloads/Java/src/BombermanPlus/target/classes/assets/textures/sprites.png
17:02:26.468 [FXGL Background Thread 4 ] DEBUG GameWorld            - Clearing removable entities
17:02:26.470 [FXGL Background Thread 4 ] DEBUG GameWorld            - Setting level: com.almasb.fxgl.entity.level.Level@14c7c728
17:02:26.544 [FXGL Background Thread 4 ] INFO  FXGLApplication      - Game initialization took: 0.591 sec
17:02:26.545 [JavaFX Application Thread] DEBUG Input                - Clearing active input actions
17:02:26.556 [JavaFX Application Thread] DEBUG GameApplicationServi - Removing overlay from FXGLLoadingScene and adding to GameScene
17:02:26.556 [JavaFX Application Thread] DEBUG PrimaryStageWindow   - FXGLLoadingScene -> GameScene
17:02:28.076 [FXGL Background Thread 3 ] DEBUG Engine               - Logging environment variables
17:02:28.076 [FXGL Background Thread 3 ] DEBUG Engine               - achievements: []
17:02:28.076 [FXGL Background Thread 3 ] DEBUG Engine               - actualHeight: 720.0
17:02:28.076 [FXGL Background Thread 3 ] DEBUG Engine               - actualHeightProperty: ReadOnlyDoubleProperty [value: 720.0]
17:02:28.076 [FXGL Background Thread 3 ] DEBUG Engine               - actualWidth: 1080.0
17:02:28.076 [FXGL Background Thread 3 ] DEBUG Engine               - actualWidthProperty: ReadOnlyDoubleProperty [value: 1080.0]
17:02:28.076 [FXGL Background Thread 3 ] DEBUG Engine               - appIcon: fxgl_icon.png
17:02:28.076 [FXGL Background Thread 3 ] DEBUG Engine               - applicationMode: DEVELOPER
17:02:28.076 [FXGL Background Thread 3 ] DEBUG Engine               - cSSList: [fxgl_dark.css]
17:02:28.076 [FXGL Background Thread 3 ] DEBUG Engine               - collisionDetectionStrategy: BRUTE_FORCE
17:02:28.077 [FXGL Background Thread 3 ] DEBUG Engine               - configClass: Optional.empty
17:02:28.077 [FXGL Background Thread 3 ] DEBUG Engine               - credits: []
17:02:28.078 [FXGL Background Thread 3 ] DEBUG Engine               - defaultCursor: CursorInfo(imageName=fxgl_default_cursor.png, hotspotX=7.0, hotspotY=6.0)
17:02:28.078 [FXGL Background Thread 3 ] DEBUG Engine               - devBBoxColorProperty: ObjectProperty [value: 0xff0000ff]
17:02:28.078 [FXGL Background Thread 3 ] DEBUG Engine               - devEnableDebugCameraProperty: BooleanProperty [value: false]
17:02:28.078 [FXGL Background Thread 3 ] DEBUG Engine               - devSensorColorProperty: ObjectProperty [value: 0xffff00ff]
17:02:28.078 [FXGL Background Thread 3 ] DEBUG Engine               - devShowBBoxProperty: BooleanProperty [value: false]
17:02:28.078 [FXGL Background Thread 3 ] DEBUG Engine               - devShowPositionProperty: BooleanProperty [value: false]
17:02:28.078 [FXGL Background Thread 3 ] DEBUG Engine               - enabledMenuItems: []
17:02:28.078 [FXGL Background Thread 3 ] DEBUG Engine               - engineServices: [class com.almasb.fxgl.app.services.FXGLAssetLoaderService, class com.almasb.fxgl.app.FXGLApplication$GameApplicationService, class com.almasb.fxgl.app.services.FXGLDialogService, class com.almasb.fxgl.app.services.IOTaskExecutorService, class com.almasb.fxgl.io.FileSystemService, class com.almasb.fxgl.localization.LocalizationService, class com.almasb.fxgl.app.services.SystemBundleService, class com.almasb.fxgl.profile.SaveLoadService, class com.almasb.fxgl.ui.FXGLUIFactoryServiceProvider, class com.almasb.fxgl.ui.FXGLDialogFactoryServiceProvider, class com.almasb.fxgl.audio.AudioPlayer, class com.almasb.fxgl.notification.impl.NotificationServiceProvider, class com.almasb.fxgl.achievement.AchievementService, class com.almasb.fxgl.cutscene.CutsceneService, class com.almasb.fxgl.minigames.MiniGameService, class com.almasb.fxgl.net.NetService, class com.almasb.fxgl.app.services.UpdaterService, class com.almasb.fxgl.dev.DevService]
17:02:28.079 [FXGL Background Thread 3 ] DEBUG Engine               - fontGame: Abel-Regular.ttf
17:02:28.079 [FXGL Background Thread 3 ] DEBUG Engine               - fontMono: TerminalLandMono-Regular.otf
17:02:28.079 [FXGL Background Thread 3 ] DEBUG Engine               - fontText: Courier-Prime.ttf
17:02:28.079 [FXGL Background Thread 3 ] DEBUG Engine               - fontUI: VarelaRound-Regular.ttf
17:02:28.079 [FXGL Background Thread 3 ] DEBUG Engine               - fullScreen: BooleanProperty [value: false]
17:02:28.079 [FXGL Background Thread 3 ] DEBUG Engine               - gameDifficulty: MEDIUM
17:02:28.079 [FXGL Background Thread 3 ] DEBUG Engine               - gameDifficultyProperty: ObjectProperty [value: MEDIUM]
17:02:28.079 [FXGL Background Thread 3 ] DEBUG Engine               - globalMusicVolume: 0.5
17:02:28.079 [FXGL Background Thread 3 ] DEBUG Engine               - globalMusicVolumeProperty: DoubleProperty [value: 0.5]
17:02:28.079 [FXGL Background Thread 3 ] DEBUG Engine               - globalSoundVolume: 0.5
17:02:28.079 [FXGL Background Thread 3 ] DEBUG Engine               - globalSoundVolumeProperty: DoubleProperty [value: 0.5]
17:02:28.079 [FXGL Background Thread 3 ] DEBUG Engine               - height: 720
17:02:28.079 [FXGL Background Thread 3 ] DEBUG Engine               - is3D: false
17:02:28.080 [FXGL Background Thread 3 ] DEBUG Engine               - isAndroid: false
17:02:28.080 [FXGL Background Thread 3 ] DEBUG Engine               - isBrowser: false
17:02:28.080 [FXGL Background Thread 3 ] DEBUG Engine               - isClickFeedbackEnabled: false
17:02:28.080 [FXGL Background Thread 3 ] DEBUG Engine               - isCloseConfirmation: false
17:02:28.080 [FXGL Background Thread 3 ] DEBUG Engine               - isDesktop: true
17:02:28.080 [FXGL Background Thread 3 ] DEBUG Engine               - isDeveloperMenuEnabled: false
17:02:28.080 [FXGL Background Thread 3 ] DEBUG Engine               - isEmbedded: false
17:02:28.080 [FXGL Background Thread 3 ] DEBUG Engine               - isEntityPreloadEnabled: true
17:02:28.080 [FXGL Background Thread 3 ] DEBUG Engine               - isExperimentalTiledLargeMap: false
17:02:28.080 [FXGL Background Thread 3 ] DEBUG Engine               - isFileSystemWriteAllowed: true
17:02:28.080 [FXGL Background Thread 3 ] DEBUG Engine               - isFullScreenAllowed: false
17:02:28.080 [FXGL Background Thread 3 ] DEBUG Engine               - isFullScreenFromStart: false
17:02:28.080 [FXGL Background Thread 3 ] DEBUG Engine               - isGameMenuEnabled: false
17:02:28.080 [FXGL Background Thread 3 ] DEBUG Engine               - isIOS: false
17:02:28.080 [FXGL Background Thread 3 ] DEBUG Engine               - isIntroEnabled: false
17:02:28.080 [FXGL Background Thread 3 ] DEBUG Engine               - isLinux: false
17:02:28.080 [FXGL Background Thread 3 ] DEBUG Engine               - isMac: false
17:02:28.080 [FXGL Background Thread 3 ] DEBUG Engine               - isMainMenuEnabled: true
17:02:28.080 [FXGL Background Thread 3 ] DEBUG Engine               - isManualResizeEnabled: false
17:02:28.080 [FXGL Background Thread 3 ] DEBUG Engine               - isMobile: false
17:02:28.080 [FXGL Background Thread 3 ] DEBUG Engine               - isNative: false
17:02:28.080 [FXGL Background Thread 3 ] DEBUG Engine               - isPauseMusicWhenMinimized: true
17:02:28.080 [FXGL Background Thread 3 ] DEBUG Engine               - isPreserveResizeRatio: false
17:02:28.080 [FXGL Background Thread 3 ] DEBUG Engine               - isProfilingEnabled: false
17:02:28.080 [FXGL Background Thread 3 ] DEBUG Engine               - isScaleAffectedOnResize: true
17:02:28.080 [FXGL Background Thread 3 ] DEBUG Engine               - isSingleStep: false
17:02:28.080 [FXGL Background Thread 3 ] DEBUG Engine               - isUserProfileEnabled: false
17:02:28.080 [FXGL Background Thread 3 ] DEBUG Engine               - isWindows: true
17:02:28.080 [FXGL Background Thread 3 ] DEBUG Engine               - language: ObjectProperty [value: ENGLISH]
17:02:28.080 [FXGL Background Thread 3 ] DEBUG Engine               - menuKey: ESCAPE
17:02:28.080 [FXGL Background Thread 3 ] DEBUG Engine               - mouseSensitivity: 0.2
17:02:28.080 [FXGL Background Thread 3 ] DEBUG Engine               - notificationViewClass: class com.almasb.fxgl.notification.view.XboxNotificationView
17:02:28.080 [FXGL Background Thread 3 ] DEBUG Engine               - pixelsPerMeter: 50.0
17:02:28.080 [FXGL Background Thread 3 ] DEBUG Engine               - platform: WINDOWS
17:02:28.080 [FXGL Background Thread 3 ] DEBUG Engine               - prefHeightProperty: ReadOnlyDoubleProperty [value: 720.0]
17:02:28.081 [FXGL Background Thread 3 ] DEBUG Engine               - prefWidthProperty: ReadOnlyDoubleProperty [value: 1080.0]
17:02:28.081 [FXGL Background Thread 3 ] DEBUG Engine               - profileDir: profiles/
17:02:28.081 [FXGL Background Thread 3 ] DEBUG Engine               - profileName: StringProperty [value: DEFAULT]
17:02:28.081 [FXGL Background Thread 3 ] DEBUG Engine               - randomSeed: -1
17:02:28.082 [FXGL Background Thread 3 ] DEBUG Engine               - runtimeInfo: RuntimeInfo(platform=WINDOWS, version=17.1, build=24.03.2022 17.34)
17:02:28.082 [FXGL Background Thread 3 ] DEBUG Engine               - saveFileExt: sav
17:02:28.082 [FXGL Background Thread 3 ] DEBUG Engine               - scaledHeightProp$fxgl: DoubleProperty [bound, value: 720.0]
17:02:28.082 [FXGL Background Thread 3 ] DEBUG Engine               - scaledWidthProp$fxgl: DoubleProperty [bound, value: 1080.0]
17:02:28.082 [FXGL Background Thread 3 ] DEBUG Engine               - sceneFactory: com.bomberman.bombermanplus.BombermanApp$1@290d6ef8
17:02:28.082 [FXGL Background Thread 3 ] DEBUG Engine               - secondsIn24h: 60
17:02:28.082 [FXGL Background Thread 3 ] DEBUG Engine               - soundMenuBack: menu/back.wav
17:02:28.082 [FXGL Background Thread 3 ] DEBUG Engine               - soundMenuPress: menu/press.wav
17:02:28.082 [FXGL Background Thread 3 ] DEBUG Engine               - soundMenuSelect: menu/select.wav
17:02:28.082 [FXGL Background Thread 3 ] DEBUG Engine               - soundNotification: core/notification.wav
17:02:28.082 [FXGL Background Thread 3 ] DEBUG Engine               - stageStyle: DECORATED
17:02:28.082 [FXGL Background Thread 3 ] DEBUG Engine               - supportedLanguages: [ENGLISH, FRENCH, GERMAN, HUNGARIAN, RUSSIAN]
17:02:28.082 [FXGL Background Thread 3 ] DEBUG Engine               - ticksPerSecond: -1
17:02:28.082 [FXGL Background Thread 3 ] DEBUG Engine               - title: BOMBERMAN
17:02:28.082 [FXGL Background Thread 3 ] DEBUG Engine               - urlGithub: https://github.com/AlmasB/FXGL
17:02:28.082 [FXGL Background Thread 3 ] DEBUG Engine               - urlLeaderboard: http://fxgl-top.herokuapp.com/
17:02:28.082 [FXGL Background Thread 3 ] DEBUG Engine               - urlPOM: https://raw.githubusercontent.com/AlmasB/FXGL/release/README.md
17:02:28.082 [FXGL Background Thread 3 ] DEBUG Engine               - userAppClass: class com.bomberman.bombermanplus.BombermanApp
17:02:28.082 [FXGL Background Thread 3 ] DEBUG Engine               - version: 1.0
17:02:28.082 [FXGL Background Thread 3 ] DEBUG Engine               - versionCheckDays: 7
17:02:28.082 [FXGL Background Thread 3 ] DEBUG Engine               - width: 1080
17:02:28.082 [FXGL Background Thread 3 ] DEBUG Engine               - Logging services
17:02:28.082 [FXGL Background Thread 3 ] DEBUG Engine               - class com.almasb.fxgl.app.services.FXGLAssetLoaderService
17:02:28.083 [FXGL Background Thread 3 ] DEBUG Engine               - class com.almasb.fxgl.app.FXGLApplication$GameApplicationService
17:02:28.083 [FXGL Background Thread 3 ] DEBUG Engine               - class com.almasb.fxgl.app.services.FXGLDialogService
17:02:28.083 [FXGL Background Thread 3 ] DEBUG Engine               - class com.almasb.fxgl.app.services.IOTaskExecutorService
17:02:28.083 [FXGL Background Thread 3 ] DEBUG Engine               - class com.almasb.fxgl.io.FileSystemService
17:02:28.083 [FXGL Background Thread 3 ] DEBUG Engine               - class com.almasb.fxgl.localization.LocalizationService
17:02:28.083 [FXGL Background Thread 3 ] DEBUG Engine               - class com.almasb.fxgl.app.services.SystemBundleService
17:02:28.083 [FXGL Background Thread 3 ] DEBUG Engine               - class com.almasb.fxgl.profile.SaveLoadService
17:02:28.083 [FXGL Background Thread 3 ] DEBUG Engine               - class com.almasb.fxgl.ui.FXGLUIFactoryServiceProvider
17:02:28.083 [FXGL Background Thread 3 ] DEBUG Engine               - class com.almasb.fxgl.ui.FXGLDialogFactoryServiceProvider
17:02:28.083 [FXGL Background Thread 3 ] DEBUG Engine               - class com.almasb.fxgl.audio.AudioPlayer
17:02:28.083 [FXGL Background Thread 3 ] DEBUG Engine               - class com.almasb.fxgl.notification.impl.NotificationServiceProvider
17:02:28.083 [FXGL Background Thread 3 ] DEBUG Engine               - class com.almasb.fxgl.achievement.AchievementService
17:02:28.083 [FXGL Background Thread 3 ] DEBUG Engine               - class com.almasb.fxgl.cutscene.CutsceneService
17:02:28.083 [FXGL Background Thread 3 ] DEBUG Engine               - class com.almasb.fxgl.minigames.MiniGameService
17:02:28.083 [FXGL Background Thread 3 ] DEBUG Engine               - class com.almasb.fxgl.net.NetService
17:02:28.083 [FXGL Background Thread 3 ] DEBUG Engine               - class com.almasb.fxgl.app.services.UpdaterService
17:02:28.083 [FXGL Background Thread 3 ] DEBUG Engine               - class com.almasb.fxgl.dev.DevService
17:03:00.835 [JavaFX Application Thread] DEBUG FXGLApplication      - Exiting FXGL
17:03:00.835 [JavaFX Application Thread] DEBUG LoopRunner           - Stopping loop
17:03:00.835 [JavaFX Application Thread] DEBUG SystemBundleService  - Saving FXGL system data
17:03:00.848 [JavaFX Application Thread] DEBUG FileSystemAccess     - Writing to: C:\Users\Gia Phong\Downloads\Java\src\BombermanPlus\system\fxgl.bundle
17:03:00.849 [JavaFX Application Thread] DEBUG Async                - Shutting down background threads
17:03:00.850 [JavaFX Application Thread] DEBUG PrimaryStageWindow   - Closing main window
17:03:00.867 [JavaFX Application Thread] DEBUG Logger               - Closing Logger
