21:53:32.669 [main                     ] DEBUG Logger               - Configured Logger
21:53:32.690 [main                     ] DEBUG GameApplication      - Logging settings
Title: BOMBERMAN
Version: 1.0
Width: 1080
Height: 720
Fullscreen: false
Intro: false
Profiling: false
Single step:false
App Mode: DEVELOPER
Menu Key: ESCAPE
Stage Style: DECORATED
Scene Factory: class com.bomberman.bombermanplus.BombermanApp$1

21:53:33.166 [JavaFX Application Thread] DEBUG FXGLApplication      - Initializing FXGL
21:53:33.170 [JavaFX Application Thread] INFO  Engine               - FXGL-17.1 (24.03.2022 17.34) on WINDOWS (J:19 FX:19-ea)
21:53:33.170 [JavaFX Application Thread] DEBUG Engine               - JRE Vendor Name: Oracle Corporation
21:53:33.170 [JavaFX Application Thread] DEBUG Engine               - Running on OS: Windows 11 version 10.0
21:53:33.170 [JavaFX Application Thread] DEBUG Engine               - Architecture: amd64
21:53:33.170 [JavaFX Application Thread] INFO  Engine               - Source code and latest versions at: https://github.com/AlmasB/FXGL
21:53:33.171 [JavaFX Application Thread] INFO  Engine               -       Ask questions and discuss at: https://github.com/AlmasB/FXGL/discussions
21:53:33.171 [JavaFX Application Thread] INFO  Engine               -              Join the FXGL chat at: https://gitter.im/AlmasB/FXGL
21:53:33.270 [JavaFX Application Thread] DEBUG PrimaryStageWindow   - Creating a JavaFX scene
21:53:33.331 [JavaFX Application Thread] DEBUG PrimaryStageWindow   - Target settings size: 1080.0 x 720.0
21:53:33.332 [JavaFX Application Thread] DEBUG PrimaryStageWindow   - Scaled scene size:    1080.0 x 720.0
21:53:33.332 [JavaFX Application Thread] DEBUG PrimaryStageWindow   - Scaled ratio: (1.0, 1.0)
21:53:33.332 [JavaFX Application Thread] DEBUG PrimaryStageWindow   - Set initial scene to FXGLStartupScene
21:53:33.338 [JavaFX Application Thread] DEBUG PrimaryStageWindow   - Opening main window
21:53:33.433 [JavaFX Application Thread] DEBUG PrimaryStageWindow   - Window border size: (14.4000244140625, 37.5999755859375)
21:53:33.434 [JavaFX Application Thread] DEBUG PrimaryStageWindow   - Scaled size: 1080.0 x 720.0
21:53:33.434 [JavaFX Application Thread] DEBUG PrimaryStageWindow   - Scaled ratio: (1.0, 1.0)
21:53:33.434 [JavaFX Application Thread] DEBUG PrimaryStageWindow   - Scene size: 1080.0 x 720.0
21:53:33.434 [JavaFX Application Thread] DEBUG PrimaryStageWindow   - Stage size: 1094.4000244140625 x 757.5999755859375
21:53:33.446 [FXGL Background Thread 1 ] DEBUG Engine               - Initializing environment variables
21:53:33.495 [FXGL Background Thread 1 ] DEBUG FXGLAssetLoaderServi - User app class for loading assets: class com.bomberman.bombermanplus.BombermanApp
21:53:33.495 [FXGL Background Thread 1 ] DEBUG GameApplicationServi - Applying CSS: fxgl_dark.css
21:53:33.496 [FXGL Background Thread 1 ] DEBUG FXGLAssetLoaderServi - Loading from file system: jar:file:///C:/Users/Gia%20Phong/.m2/repository/com/github/almasb/fxgl/17.1/fxgl-17.1.jar!/fxglassets/ui/css/fxgl_dark.css
21:53:33.533 [FXGL Background Thread 1 ] DEBUG GameApplicationServi - Initializing application scenes
21:53:33.574 [FXGL Background Thread 1 ] DEBUG GameWorld            - Game world initialized
21:53:33.625 [FXGL Background Thread 1 ] DEBUG PhysicsWorld         - Physics world initialized: appHeight=720, physics.ppm=50.0
21:53:33.626 [FXGL Background Thread 1 ] DEBUG PhysicsWorld         - Using strategy: BRUTE_FORCE
21:53:33.628 [FXGL Background Thread 1 ] DEBUG GameScene            - Game scene initialized: 1080x720
21:53:33.660 [FXGL Background Thread 1 ] DEBUG GameApplicationServi - Application scenes initialized
21:53:33.670 [FXGL Background Thread 1 ] DEBUG SystemBundleService  - Loading FXGL system data
21:53:33.676 [FXGL Background Thread 1 ] DEBUG FileSystemAccess     - Reading from: C:\Users\Gia Phong\Downloads\Java\src\BombermanPlus\system\fxgl.bundle
21:53:33.689 [FXGL Background Thread 1 ] DEBUG SystemBundleService  - Bundle FXGL: {}
21:53:33.689 [FXGL Background Thread 1 ] DEBUG UpdaterService       - Checking for updates
21:53:33.694 [FXGL Background Thread 4 ] DEBUG FXGLApplication      - Loading fonts
21:53:33.694 [FXGL Background Thread 1 ] DEBUG FXGLApplication      - Loading default localization
21:53:33.694 [FXGL Background Thread 4 ] DEBUG FXGLAssetLoaderServi - Loading from file system: jar:file:///C:/Users/Gia%20Phong/.m2/repository/com/github/almasb/fxgl/17.1/fxgl-17.1.jar!/fxglassets/ui/fonts/VarelaRound-Regular.ttf
21:53:33.695 [FXGL Background Thread 1 ] DEBUG FXGLAssetLoaderServi - Loading from file system: jar:file:///C:/Users/Gia%20Phong/.m2/repository/com/github/almasb/fxgl/17.1/fxgl-17.1.jar!/fxglassets/languages/english.lang
21:53:33.713 [FXGL Background Thread 1 ] INFO  FXGLApplication      - FXGL initialization took: 0.267 sec
21:53:33.722 [JavaFX Application Thread] DEBUG Input                - Registered new binding: Move Right - D
21:53:33.722 [JavaFX Application Thread] DEBUG Input                - Registered new binding: Move Up - W
21:53:33.722 [JavaFX Application Thread] DEBUG Input                - Registered new binding: Move Down - S
21:53:33.722 [JavaFX Application Thread] DEBUG Input                - Registered new binding: Move Left - A
21:53:33.722 [JavaFX Application Thread] DEBUG Input                - Registered new binding: Place bomb - Space
21:53:33.723 [JavaFX Application Thread] DEBUG FXGLAssetLoaderServi - Loading from file system: jar:file:///C:/Users/Gia%20Phong/.m2/repository/com/github/almasb/fxgl/17.1/fxgl-17.1.jar!/fxglassets/textures/fxgl_icon.png
21:53:33.778 [JavaFX Application Thread] DEBUG FXGLAssetLoaderServi - Loading from file system: jar:file:///C:/Users/Gia%20Phong/.m2/repository/com/github/almasb/fxgl/17.1/fxgl-17.1.jar!/fxglassets/textures/fxgl_default_cursor.png
21:53:33.782 [JavaFX Application Thread] DEBUG Input                - Registered new binding: Screenshot - CTRL+8
21:53:33.783 [JavaFX Application Thread] DEBUG Input                - Registered new binding: System info dump - CTRL+9
21:53:33.783 [JavaFX Application Thread] DEBUG Input                - Registered new binding: Restart - CTRL+R
21:53:33.783 [JavaFX Application Thread] DEBUG Input                - Registered new binding: Toggle Debug Camera - CTRL+7
21:53:33.785 [JavaFX Application Thread] DEBUG LoopRunner           - Starting loop
21:53:33.787 [JavaFX Application Thread] DEBUG LoopRunner           - Initializing JavaFX AnimationTimerLoop
21:53:33.790 [JavaFX Application Thread] DEBUG Input                - Clearing active input actions
21:53:33.797 [JavaFX Application Thread] DEBUG GameApplicationServi - Removing overlay from FXGLStartupScene and adding to FXGLMainMenuDummyScene
21:53:33.798 [JavaFX Application Thread] DEBUG PrimaryStageWindow   - FXGLStartupScene -> FXGLMainMenuDummyScene
21:53:33.798 [JavaFX Application Thread] DEBUG PrimaryStageWindow   - Push state: BombermanMenu
21:53:33.798 [JavaFX Application Thread] DEBUG Input                - Clearing active input actions
21:53:33.800 [JavaFX Application Thread] DEBUG GameApplicationServi - Removing overlay from FXGLMainMenuDummyScene and adding to BombermanMenu
21:53:33.801 [JavaFX Application Thread] DEBUG PrimaryStageWindow   - FXGLMainMenuDummyScene -> BombermanMenu
21:53:33.835 [FXGL Background Thread 4 ] DEBUG FXGLAssetLoaderServi - Loading from file system: jar:file:///C:/Users/Gia%20Phong/.m2/repository/com/github/almasb/fxgl/17.1/fxgl-17.1.jar!/fxglassets/ui/fonts/Abel-Regular.ttf
21:53:33.856 [FXGL Background Thread 4 ] DEBUG FXGLAssetLoaderServi - Loading from file system: jar:file:///C:/Users/Gia%20Phong/.m2/repository/com/github/almasb/fxgl/17.1/fxgl-17.1.jar!/fxglassets/ui/fonts/TerminalLandMono-Regular.otf
21:53:33.875 [FXGL Background Thread 4 ] DEBUG FXGLAssetLoaderServi - Loading from file system: jar:file:///C:/Users/Gia%20Phong/.m2/repository/com/github/almasb/fxgl/17.1/fxgl-17.1.jar!/fxglassets/ui/fonts/Courier-Prime.ttf
21:53:33.994 [JavaFX Application Thread] DEBUG FXGLApplication      - Registering font factories with UI factory
21:53:34.783 [FXGL Background Thread 2 ] INFO  UpdaterService       - Your current version:  17.1
21:53:34.783 [FXGL Background Thread 2 ] INFO  UpdaterService       - Latest stable version: 17.2
21:53:35.039 [JavaFX Application Thread] DEBUG Menu                 - fireNewGame()
21:53:35.039 [JavaFX Application Thread] DEBUG GameApplicationServi - Starting new game
21:53:35.039 [JavaFX Application Thread] DEBUG PrimaryStageWindow   - Pop state: BombermanMenu
21:53:35.039 [JavaFX Application Thread] DEBUG Input                - Clearing active input actions
21:53:35.040 [JavaFX Application Thread] DEBUG GameApplicationServi - Removing overlay from BombermanMenu and adding to FXGLMainMenuDummyScene
21:53:35.040 [JavaFX Application Thread] DEBUG PrimaryStageWindow   - FXGLMainMenuDummyScene <- BombermanMenu
21:53:35.041 [JavaFX Application Thread] DEBUG Input                - Clearing active input actions
21:53:35.048 [JavaFX Application Thread] DEBUG GameApplicationServi - Removing overlay from FXGLMainMenuDummyScene and adding to FXGLLoadingScene
21:53:35.048 [JavaFX Application Thread] DEBUG PrimaryStageWindow   - FXGLMainMenuDummyScene -> FXGLLoadingScene
21:53:35.049 [JavaFX Application Thread] DEBUG GameApplicationServi - Clearing previous game
21:53:35.049 [JavaFX Application Thread] DEBUG GameScene            - Clearing game scene
21:53:35.049 [JavaFX Application Thread] DEBUG GameWorld            - Clearing game world
21:53:35.049 [JavaFX Application Thread] DEBUG PhysicsWorld         - Clearing physics world
21:53:35.050 [FXGL Background Thread 2 ] DEBUG FXGLApplication      - Initializing game
21:53:35.123 [FXGL Background Thread 2 ] WARN  TMXLevelLoader       - TiledMap generated from 1.9.2. Supported version: 1.4.2. Some features may not be parsed fully.
21:53:35.148 [FXGL Background Thread 2 ] DEBUG TMXLevelLoader       - Parsed TiledMap: file:/C:/Users/Gia%20Phong/Downloads/Java/src/BombermanPlus/target/classes/assets/levels/bbm_level1.tmx
21:53:35.149 [FXGL Background Thread 2 ] DEBUG TMXLevelLoader       - Creating tile layer entities
21:53:35.151 [FXGL Background Thread 2 ] DEBUG TilesetLoader        - Loading view for layer Tile Layer 1
21:53:35.155 [FXGL Background Thread 2 ] DEBUG TilesetLoader        - Created buffer with size 1488.0x720.0
21:53:35.392 [FXGL Background Thread 2 ] DEBUG TMXLevelLoader       - Creating object layer entities
21:53:35.395 [FXGL Background Thread 2 ] DEBUG FXGLAssetLoaderServi - Loading from file system: file:/C:/Users/Gia%20Phong/Downloads/Java/src/BombermanPlus/target/classes/assets/textures/items/powerup_speed.png
21:53:35.408 [FXGL Background Thread 2 ] DEBUG FXGLAssetLoaderServi - Loading from file system: file:/C:/Users/Gia%20Phong/Downloads/Java/src/BombermanPlus/target/classes/assets/textures/items/powerup_flames.png
21:53:35.411 [FXGL Background Thread 2 ] DEBUG FXGLAssetLoaderServi - Loading from file system: file:/C:/Users/Gia%20Phong/Downloads/Java/src/BombermanPlus/target/classes/assets/textures/items/powerup_bombs.png
21:53:35.413 [FXGL Background Thread 2 ] DEBUG FXGLAssetLoaderServi - Loading from file system: file:/C:/Users/Gia%20Phong/Downloads/Java/src/BombermanPlus/target/classes/assets/textures/items/powerup_flamepass.png
21:53:35.416 [FXGL Background Thread 2 ] DEBUG FXGLAssetLoaderServi - Loading from file system: file:/C:/Users/Gia%20Phong/Downloads/Java/src/BombermanPlus/target/classes/assets/textures/items/portal.png
21:53:35.424 [FXGL Background Thread 2 ] DEBUG FXGLAssetLoaderServi - Loading from file system: file:/C:/Users/Gia%20Phong/Downloads/Java/src/BombermanPlus/target/classes/assets/textures/sprites.png
21:53:35.576 [FXGL Background Thread 2 ] DEBUG GameWorld            - Clearing removable entities
21:53:35.576 [FXGL Background Thread 2 ] DEBUG GameWorld            - Setting level: com.almasb.fxgl.entity.level.Level@2c299912
21:53:35.635 [FXGL Background Thread 2 ] INFO  FXGLApplication      - Game initialization took: 0.585 sec
21:53:35.636 [JavaFX Application Thread] DEBUG Input                - Clearing active input actions
21:53:35.647 [JavaFX Application Thread] DEBUG GameApplicationServi - Removing overlay from FXGLLoadingScene and adding to GameScene
21:53:35.647 [JavaFX Application Thread] DEBUG PrimaryStageWindow   - FXGLLoadingScene -> GameScene
21:53:36.693 [FXGL Background Thread 3 ] DEBUG Engine               - Logging environment variables
21:53:36.693 [FXGL Background Thread 3 ] DEBUG Engine               - achievements: []
21:53:36.693 [FXGL Background Thread 3 ] DEBUG Engine               - actualHeight: 720.0
21:53:36.694 [FXGL Background Thread 3 ] DEBUG Engine               - actualHeightProperty: ReadOnlyDoubleProperty [value: 720.0]
21:53:36.694 [FXGL Background Thread 3 ] DEBUG Engine               - actualWidth: 1080.0
21:53:36.694 [FXGL Background Thread 3 ] DEBUG Engine               - actualWidthProperty: ReadOnlyDoubleProperty [value: 1080.0]
21:53:36.694 [FXGL Background Thread 3 ] DEBUG Engine               - appIcon: fxgl_icon.png
21:53:36.694 [FXGL Background Thread 3 ] DEBUG Engine               - applicationMode: DEVELOPER
21:53:36.694 [FXGL Background Thread 3 ] DEBUG Engine               - cSSList: [fxgl_dark.css]
21:53:36.694 [FXGL Background Thread 3 ] DEBUG Engine               - collisionDetectionStrategy: BRUTE_FORCE
21:53:36.694 [FXGL Background Thread 3 ] DEBUG Engine               - configClass: Optional.empty
21:53:36.694 [FXGL Background Thread 3 ] DEBUG Engine               - credits: []
21:53:36.695 [FXGL Background Thread 3 ] DEBUG Engine               - defaultCursor: CursorInfo(imageName=fxgl_default_cursor.png, hotspotX=7.0, hotspotY=6.0)
21:53:36.695 [FXGL Background Thread 3 ] DEBUG Engine               - devBBoxColorProperty: ObjectProperty [value: 0xff0000ff]
21:53:36.695 [FXGL Background Thread 3 ] DEBUG Engine               - devEnableDebugCameraProperty: BooleanProperty [value: false]
21:53:36.695 [FXGL Background Thread 3 ] DEBUG Engine               - devSensorColorProperty: ObjectProperty [value: 0xffff00ff]
21:53:36.695 [FXGL Background Thread 3 ] DEBUG Engine               - devShowBBoxProperty: BooleanProperty [value: false]
21:53:36.695 [FXGL Background Thread 3 ] DEBUG Engine               - devShowPositionProperty: BooleanProperty [value: false]
21:53:36.695 [FXGL Background Thread 3 ] DEBUG Engine               - enabledMenuItems: []
21:53:36.695 [FXGL Background Thread 3 ] DEBUG Engine               - engineServices: [class com.almasb.fxgl.app.services.FXGLAssetLoaderService, class com.almasb.fxgl.app.FXGLApplication$GameApplicationService, class com.almasb.fxgl.app.services.FXGLDialogService, class com.almasb.fxgl.app.services.IOTaskExecutorService, class com.almasb.fxgl.io.FileSystemService, class com.almasb.fxgl.localization.LocalizationService, class com.almasb.fxgl.app.services.SystemBundleService, class com.almasb.fxgl.profile.SaveLoadService, class com.almasb.fxgl.ui.FXGLUIFactoryServiceProvider, class com.almasb.fxgl.ui.FXGLDialogFactoryServiceProvider, class com.almasb.fxgl.audio.AudioPlayer, class com.almasb.fxgl.notification.impl.NotificationServiceProvider, class com.almasb.fxgl.achievement.AchievementService, class com.almasb.fxgl.cutscene.CutsceneService, class com.almasb.fxgl.minigames.MiniGameService, class com.almasb.fxgl.net.NetService, class com.almasb.fxgl.app.services.UpdaterService, class com.almasb.fxgl.dev.DevService]
21:53:36.695 [FXGL Background Thread 3 ] DEBUG Engine               - fontGame: Abel-Regular.ttf
21:53:36.695 [FXGL Background Thread 3 ] DEBUG Engine               - fontMono: TerminalLandMono-Regular.otf
21:53:36.695 [FXGL Background Thread 3 ] DEBUG Engine               - fontText: Courier-Prime.ttf
21:53:36.695 [FXGL Background Thread 3 ] DEBUG Engine               - fontUI: VarelaRound-Regular.ttf
21:53:36.695 [FXGL Background Thread 3 ] DEBUG Engine               - fullScreen: BooleanProperty [value: false]
21:53:36.695 [FXGL Background Thread 3 ] DEBUG Engine               - gameDifficulty: MEDIUM
21:53:36.695 [FXGL Background Thread 3 ] DEBUG Engine               - gameDifficultyProperty: ObjectProperty [value: MEDIUM]
21:53:36.696 [FXGL Background Thread 3 ] DEBUG Engine               - globalMusicVolume: 0.5
21:53:36.696 [FXGL Background Thread 3 ] DEBUG Engine               - globalMusicVolumeProperty: DoubleProperty [value: 0.5]
21:53:36.696 [FXGL Background Thread 3 ] DEBUG Engine               - globalSoundVolume: 0.5
21:53:36.696 [FXGL Background Thread 3 ] DEBUG Engine               - globalSoundVolumeProperty: DoubleProperty [value: 0.5]
21:53:36.696 [FXGL Background Thread 3 ] DEBUG Engine               - height: 720
21:53:36.696 [FXGL Background Thread 3 ] DEBUG Engine               - is3D: false
21:53:36.696 [FXGL Background Thread 3 ] DEBUG Engine               - isAndroid: false
21:53:36.696 [FXGL Background Thread 3 ] DEBUG Engine               - isBrowser: false
21:53:36.696 [FXGL Background Thread 3 ] DEBUG Engine               - isClickFeedbackEnabled: false
21:53:36.696 [FXGL Background Thread 3 ] DEBUG Engine               - isCloseConfirmation: false
21:53:36.696 [FXGL Background Thread 3 ] DEBUG Engine               - isDesktop: true
21:53:36.696 [FXGL Background Thread 3 ] DEBUG Engine               - isDeveloperMenuEnabled: false
21:53:36.696 [FXGL Background Thread 3 ] DEBUG Engine               - isEmbedded: false
21:53:36.696 [FXGL Background Thread 3 ] DEBUG Engine               - isEntityPreloadEnabled: true
21:53:36.696 [FXGL Background Thread 3 ] DEBUG Engine               - isExperimentalTiledLargeMap: false
21:53:36.696 [FXGL Background Thread 3 ] DEBUG Engine               - isFileSystemWriteAllowed: true
21:53:36.696 [FXGL Background Thread 3 ] DEBUG Engine               - isFullScreenAllowed: false
21:53:36.696 [FXGL Background Thread 3 ] DEBUG Engine               - isFullScreenFromStart: false
21:53:36.696 [FXGL Background Thread 3 ] DEBUG Engine               - isGameMenuEnabled: false
21:53:36.696 [FXGL Background Thread 3 ] DEBUG Engine               - isIOS: false
21:53:36.696 [FXGL Background Thread 3 ] DEBUG Engine               - isIntroEnabled: false
21:53:36.696 [FXGL Background Thread 3 ] DEBUG Engine               - isLinux: false
21:53:36.696 [FXGL Background Thread 3 ] DEBUG Engine               - isMac: false
21:53:36.696 [FXGL Background Thread 3 ] DEBUG Engine               - isMainMenuEnabled: true
21:53:36.696 [FXGL Background Thread 3 ] DEBUG Engine               - isManualResizeEnabled: false
21:53:36.696 [FXGL Background Thread 3 ] DEBUG Engine               - isMobile: false
21:53:36.696 [FXGL Background Thread 3 ] DEBUG Engine               - isNative: false
21:53:36.696 [FXGL Background Thread 3 ] DEBUG Engine               - isPauseMusicWhenMinimized: true
21:53:36.696 [FXGL Background Thread 3 ] DEBUG Engine               - isPreserveResizeRatio: false
21:53:36.696 [FXGL Background Thread 3 ] DEBUG Engine               - isProfilingEnabled: false
21:53:36.696 [FXGL Background Thread 3 ] DEBUG Engine               - isScaleAffectedOnResize: true
21:53:36.696 [FXGL Background Thread 3 ] DEBUG Engine               - isSingleStep: false
21:53:36.697 [FXGL Background Thread 3 ] DEBUG Engine               - isUserProfileEnabled: false
21:53:36.697 [FXGL Background Thread 3 ] DEBUG Engine               - isWindows: true
21:53:36.697 [FXGL Background Thread 3 ] DEBUG Engine               - language: ObjectProperty [value: ENGLISH]
21:53:36.697 [FXGL Background Thread 3 ] DEBUG Engine               - menuKey: ESCAPE
21:53:36.697 [FXGL Background Thread 3 ] DEBUG Engine               - mouseSensitivity: 0.2
21:53:36.697 [FXGL Background Thread 3 ] DEBUG Engine               - notificationViewClass: class com.almasb.fxgl.notification.view.XboxNotificationView
21:53:36.697 [FXGL Background Thread 3 ] DEBUG Engine               - pixelsPerMeter: 50.0
21:53:36.697 [FXGL Background Thread 3 ] DEBUG Engine               - platform: WINDOWS
21:53:36.697 [FXGL Background Thread 3 ] DEBUG Engine               - prefHeightProperty: ReadOnlyDoubleProperty [value: 720.0]
21:53:36.697 [FXGL Background Thread 3 ] DEBUG Engine               - prefWidthProperty: ReadOnlyDoubleProperty [value: 1080.0]
21:53:36.697 [FXGL Background Thread 3 ] DEBUG Engine               - profileDir: profiles/
21:53:36.697 [FXGL Background Thread 3 ] DEBUG Engine               - profileName: StringProperty [value: DEFAULT]
21:53:36.697 [FXGL Background Thread 3 ] DEBUG Engine               - randomSeed: -1
21:53:36.697 [FXGL Background Thread 3 ] DEBUG Engine               - runtimeInfo: RuntimeInfo(platform=WINDOWS, version=17.1, build=24.03.2022 17.34)
21:53:36.697 [FXGL Background Thread 3 ] DEBUG Engine               - saveFileExt: sav
21:53:36.697 [FXGL Background Thread 3 ] DEBUG Engine               - scaledHeightProp$fxgl: DoubleProperty [bound, value: 720.0]
21:53:36.697 [FXGL Background Thread 3 ] DEBUG Engine               - scaledWidthProp$fxgl: DoubleProperty [bound, value: 1080.0]
21:53:36.697 [FXGL Background Thread 3 ] DEBUG Engine               - sceneFactory: com.bomberman.bombermanplus.BombermanApp$1@d6cdcfd
21:53:36.697 [FXGL Background Thread 3 ] DEBUG Engine               - secondsIn24h: 60
21:53:36.697 [FXGL Background Thread 3 ] DEBUG Engine               - soundMenuBack: menu/back.wav
21:53:36.698 [FXGL Background Thread 3 ] DEBUG Engine               - soundMenuPress: menu/press.wav
21:53:36.698 [FXGL Background Thread 3 ] DEBUG Engine               - soundMenuSelect: menu/select.wav
21:53:36.698 [FXGL Background Thread 3 ] DEBUG Engine               - soundNotification: core/notification.wav
21:53:36.698 [FXGL Background Thread 3 ] DEBUG Engine               - stageStyle: DECORATED
21:53:36.698 [FXGL Background Thread 3 ] DEBUG Engine               - supportedLanguages: [ENGLISH, FRENCH, GERMAN, HUNGARIAN, RUSSIAN]
21:53:36.698 [FXGL Background Thread 3 ] DEBUG Engine               - ticksPerSecond: -1
21:53:36.698 [FXGL Background Thread 3 ] DEBUG Engine               - title: BOMBERMAN
21:53:36.698 [FXGL Background Thread 3 ] DEBUG Engine               - urlGithub: https://github.com/AlmasB/FXGL
21:53:36.698 [FXGL Background Thread 3 ] DEBUG Engine               - urlLeaderboard: http://fxgl-top.herokuapp.com/
21:53:36.698 [FXGL Background Thread 3 ] DEBUG Engine               - urlPOM: https://raw.githubusercontent.com/AlmasB/FXGL/release/README.md
21:53:36.698 [FXGL Background Thread 3 ] DEBUG Engine               - userAppClass: class com.bomberman.bombermanplus.BombermanApp
21:53:36.698 [FXGL Background Thread 3 ] DEBUG Engine               - version: 1.0
21:53:36.698 [FXGL Background Thread 3 ] DEBUG Engine               - versionCheckDays: 7
21:53:36.698 [FXGL Background Thread 3 ] DEBUG Engine               - width: 1080
21:53:36.698 [FXGL Background Thread 3 ] DEBUG Engine               - Logging services
21:53:36.698 [FXGL Background Thread 3 ] DEBUG Engine               - class com.almasb.fxgl.app.services.FXGLAssetLoaderService
21:53:36.698 [FXGL Background Thread 3 ] DEBUG Engine               - class com.almasb.fxgl.app.FXGLApplication$GameApplicationService
21:53:36.698 [FXGL Background Thread 3 ] DEBUG Engine               - class com.almasb.fxgl.app.services.FXGLDialogService
21:53:36.698 [FXGL Background Thread 3 ] DEBUG Engine               - class com.almasb.fxgl.app.services.IOTaskExecutorService
21:53:36.698 [FXGL Background Thread 3 ] DEBUG Engine               - class com.almasb.fxgl.io.FileSystemService
21:53:36.698 [FXGL Background Thread 3 ] DEBUG Engine               - class com.almasb.fxgl.localization.LocalizationService
21:53:36.698 [FXGL Background Thread 3 ] DEBUG Engine               - class com.almasb.fxgl.app.services.SystemBundleService
21:53:36.698 [FXGL Background Thread 3 ] DEBUG Engine               - class com.almasb.fxgl.profile.SaveLoadService
21:53:36.698 [FXGL Background Thread 3 ] DEBUG Engine               - class com.almasb.fxgl.ui.FXGLUIFactoryServiceProvider
21:53:36.698 [FXGL Background Thread 3 ] DEBUG Engine               - class com.almasb.fxgl.ui.FXGLDialogFactoryServiceProvider
21:53:36.698 [FXGL Background Thread 3 ] DEBUG Engine               - class com.almasb.fxgl.audio.AudioPlayer
21:53:36.698 [FXGL Background Thread 3 ] DEBUG Engine               - class com.almasb.fxgl.notification.impl.NotificationServiceProvider
21:53:36.698 [FXGL Background Thread 3 ] DEBUG Engine               - class com.almasb.fxgl.achievement.AchievementService
21:53:36.698 [FXGL Background Thread 3 ] DEBUG Engine               - class com.almasb.fxgl.cutscene.CutsceneService
21:53:36.698 [FXGL Background Thread 3 ] DEBUG Engine               - class com.almasb.fxgl.minigames.MiniGameService
21:53:36.698 [FXGL Background Thread 3 ] DEBUG Engine               - class com.almasb.fxgl.net.NetService
21:53:36.698 [FXGL Background Thread 3 ] DEBUG Engine               - class com.almasb.fxgl.app.services.UpdaterService
21:53:36.698 [FXGL Background Thread 3 ] DEBUG Engine               - class com.almasb.fxgl.dev.DevService
21:54:36.720 [JavaFX Application Thread] WARN  GameWorld            - Attempted to remove entity which is not active
21:55:48.799 [JavaFX Application Thread] WARN  GameWorld            - Attempted to remove entity which is not active
21:56:11.776 [JavaFX Application Thread] WARN  GameWorld            - Attempted to remove entity which is not active
22:30:12.997 [JavaFX Application Thread] DEBUG FXGLApplication      - Exiting FXGL
22:30:13.009 [JavaFX Application Thread] DEBUG LoopRunner           - Stopping loop
22:30:13.010 [JavaFX Application Thread] DEBUG SystemBundleService  - Saving FXGL system data
22:30:13.027 [JavaFX Application Thread] DEBUG FileSystemAccess     - Writing to: C:\Users\Gia Phong\Downloads\Java\src\BombermanPlus\system\fxgl.bundle
22:30:13.033 [JavaFX Application Thread] DEBUG Async                - Shutting down background threads
22:30:13.035 [JavaFX Application Thread] DEBUG PrimaryStageWindow   - Closing main window
22:30:13.052 [JavaFX Application Thread] DEBUG Logger               - Closing Logger
