18:00:02.554 [main                     ] DEBUG Logger               - Configured Logger
18:00:02.572 [main                     ] DEBUG GameApplication      - Logging settings
Title: BOMBERMAN
Version: 1.0
Width: 1080
Height: 720
Fullscreen: false
Intro: false
Profiling: false
Single step:false
App Mode: DEVELOPER
Menu Key: ESCAPE
Stage Style: DECORATED
Scene Factory: class com.bomberman.bombermanplus.BombermanApp$1

18:00:02.911 [JavaFX Application Thread] DEBUG FXGLApplication      - Initializing FXGL
18:00:02.915 [JavaFX Application Thread] INFO  Engine               - FXGL-17.1 (24.03.2022 17.34) on WINDOWS (J:19 FX:19-ea)
18:00:02.915 [JavaFX Application Thread] DEBUG Engine               - JRE Vendor Name: Oracle Corporation
18:00:02.915 [JavaFX Application Thread] DEBUG Engine               - Running on OS: Windows 11 version 10.0
18:00:02.915 [JavaFX Application Thread] DEBUG Engine               - Architecture: amd64
18:00:02.915 [JavaFX Application Thread] INFO  Engine               - Source code and latest versions at: https://github.com/AlmasB/FXGL
18:00:02.915 [JavaFX Application Thread] INFO  Engine               -       Ask questions and discuss at: https://github.com/AlmasB/FXGL/discussions
18:00:02.916 [JavaFX Application Thread] INFO  Engine               -              Join the FXGL chat at: https://gitter.im/AlmasB/FXGL
18:00:02.978 [JavaFX Application Thread] DEBUG PrimaryStageWindow   - Creating a JavaFX scene
18:00:03.010 [JavaFX Application Thread] DEBUG PrimaryStageWindow   - Target settings size: 1080.0 x 720.0
18:00:03.011 [JavaFX Application Thread] DEBUG PrimaryStageWindow   - Scaled scene size:    1080.0 x 720.0
18:00:03.011 [JavaFX Application Thread] DEBUG PrimaryStageWindow   - Scaled ratio: (1.0, 1.0)
18:00:03.012 [JavaFX Application Thread] DEBUG PrimaryStageWindow   - Set initial scene to FXGLStartupScene
18:00:03.018 [JavaFX Application Thread] DEBUG PrimaryStageWindow   - Opening main window
18:00:03.090 [JavaFX Application Thread] DEBUG PrimaryStageWindow   - Window border size: (14.4000244140625, 37.5999755859375)
18:00:03.091 [JavaFX Application Thread] DEBUG PrimaryStageWindow   - Scaled size: 1080.0 x 720.0
18:00:03.091 [JavaFX Application Thread] DEBUG PrimaryStageWindow   - Scaled ratio: (1.0, 1.0)
18:00:03.091 [JavaFX Application Thread] DEBUG PrimaryStageWindow   - Scene size: 1080.0 x 720.0
18:00:03.091 [JavaFX Application Thread] DEBUG PrimaryStageWindow   - Stage size: 1094.4000244140625 x 757.5999755859375
18:00:03.099 [FXGL Background Thread 1 ] DEBUG Engine               - Initializing environment variables
18:00:03.157 [FXGL Background Thread 1 ] DEBUG FXGLAssetLoaderServi - User app class for loading assets: class com.bomberman.bombermanplus.BombermanApp
18:00:03.157 [FXGL Background Thread 1 ] DEBUG GameApplicationServi - Applying CSS: fxgl_dark.css
18:00:03.158 [FXGL Background Thread 1 ] DEBUG FXGLAssetLoaderServi - Loading from file system: jar:file:///C:/Users/Gia%20Phong/.m2/repository/com/github/almasb/fxgl/17.1/fxgl-17.1.jar!/fxglassets/ui/css/fxgl_dark.css
18:00:03.196 [FXGL Background Thread 1 ] DEBUG GameApplicationServi - Initializing application scenes
18:00:03.228 [FXGL Background Thread 1 ] DEBUG GameWorld            - Game world initialized
18:00:03.292 [FXGL Background Thread 1 ] DEBUG PhysicsWorld         - Physics world initialized: appHeight=720, physics.ppm=50.0
18:00:03.293 [FXGL Background Thread 1 ] DEBUG PhysicsWorld         - Using strategy: BRUTE_FORCE
18:00:03.297 [FXGL Background Thread 1 ] DEBUG GameScene            - Game scene initialized: 1080x720
18:00:03.349 [FXGL Background Thread 1 ] DEBUG GameApplicationServi - Application scenes initialized
18:00:03.359 [FXGL Background Thread 1 ] DEBUG SystemBundleService  - Loading FXGL system data
18:00:03.362 [FXGL Background Thread 1 ] DEBUG FileSystemAccess     - Reading from: C:\Users\Gia Phong\Downloads\Java\src\BombermanPlus\system\fxgl.bundle
18:00:03.370 [FXGL Background Thread 1 ] DEBUG SystemBundleService  - Bundle FXGL: {}
18:00:03.370 [FXGL Background Thread 1 ] DEBUG UpdaterService       - Checking for updates
18:00:03.419 [FXGL Background Thread 1 ] DEBUG FXGLApplication      - Loading default localization
18:00:03.419 [FXGL Background Thread 4 ] DEBUG FXGLApplication      - Loading fonts
18:00:03.420 [FXGL Background Thread 4 ] DEBUG FXGLAssetLoaderServi - Loading from file system: file:/C:/Users/Gia%20Phong/Downloads/Java/src/BombermanPlus/target/classes/assets/ui/fonts/Retro%20Gaming.ttf
18:00:03.420 [FXGL Background Thread 1 ] DEBUG FXGLAssetLoaderServi - Loading from file system: jar:file:///C:/Users/Gia%20Phong/.m2/repository/com/github/almasb/fxgl/17.1/fxgl-17.1.jar!/fxglassets/languages/english.lang
18:00:03.446 [FXGL Background Thread 1 ] INFO  FXGLApplication      - FXGL initialization took: 0.346 sec
18:00:03.460 [JavaFX Application Thread] DEBUG Input                - Registered new binding: Move Right - D
18:00:03.460 [JavaFX Application Thread] DEBUG Input                - Registered new binding: Move Up - W
18:00:03.461 [JavaFX Application Thread] DEBUG Input                - Registered new binding: Move Down - S
18:00:03.461 [JavaFX Application Thread] DEBUG Input                - Registered new binding: Move Left - A
18:00:03.461 [JavaFX Application Thread] DEBUG Input                - Registered new binding: Place bomb - Space
18:00:03.461 [JavaFX Application Thread] DEBUG FXGLAssetLoaderServi - Loading from file system: file:/C:/Users/Gia%20Phong/Downloads/Java/src/BombermanPlus/target/classes/assets/music/title_screen.mp3
18:00:03.559 [FXGL Background Thread 4 ] DEBUG FXGLAssetLoaderServi - Loading from file system: jar:file:///C:/Users/Gia%20Phong/.m2/repository/com/github/almasb/fxgl/17.1/fxgl-17.1.jar!/fxglassets/ui/fonts/Abel-Regular.ttf
18:00:03.576 [FXGL Background Thread 4 ] DEBUG FXGLAssetLoaderServi - Loading from file system: jar:file:///C:/Users/Gia%20Phong/.m2/repository/com/github/almasb/fxgl/17.1/fxgl-17.1.jar!/fxglassets/ui/fonts/TerminalLandMono-Regular.otf
18:00:03.587 [FXGL Background Thread 4 ] DEBUG FXGLAssetLoaderServi - Loading from file system: jar:file:///C:/Users/Gia%20Phong/.m2/repository/com/github/almasb/fxgl/17.1/fxgl-17.1.jar!/fxglassets/ui/fonts/Courier-Prime.ttf
18:00:03.755 [JavaFX Application Thread] DEBUG AudioPlayer          - Playing music com.almasb.fxgl.audio.Music@6f20b680
18:00:03.755 [JavaFX Application Thread] DEBUG FXGLAssetLoaderServi - Loading from file system: jar:file:///C:/Users/Gia%20Phong/.m2/repository/com/github/almasb/fxgl/17.1/fxgl-17.1.jar!/fxglassets/textures/fxgl_icon.png
18:00:03.792 [JavaFX Application Thread] DEBUG FXGLAssetLoaderServi - Loading from file system: jar:file:///C:/Users/Gia%20Phong/.m2/repository/com/github/almasb/fxgl/17.1/fxgl-17.1.jar!/fxglassets/textures/fxgl_default_cursor.png
18:00:03.795 [JavaFX Application Thread] DEBUG Input                - Registered new binding: Screenshot - CTRL+8
18:00:03.796 [JavaFX Application Thread] DEBUG Input                - Registered new binding: Dev Options - 1
18:00:03.797 [JavaFX Application Thread] DEBUG Input                - Registered new binding: Dev Console - 2
18:00:03.797 [JavaFX Application Thread] DEBUG Input                - Registered new binding: System info dump - CTRL+9
18:00:03.797 [JavaFX Application Thread] DEBUG Input                - Registered new binding: Restart - CTRL+R
18:00:03.798 [JavaFX Application Thread] DEBUG Input                - Registered new binding: Toggle Debug Camera - CTRL+7
18:00:03.804 [JavaFX Application Thread] DEBUG LoopRunner           - Starting loop
18:00:03.821 [JavaFX Application Thread] DEBUG LoopRunner           - Initializing JavaFX AnimationTimerLoop
18:00:03.824 [JavaFX Application Thread] DEBUG Input                - Clearing active input actions
18:00:03.835 [JavaFX Application Thread] DEBUG GameApplicationServi - Removing overlay from FXGLStartupScene and adding to FXGLMainMenuDummyScene
18:00:03.840 [JavaFX Application Thread] DEBUG PrimaryStageWindow   - FXGLStartupScene -> FXGLMainMenuDummyScene
18:00:03.840 [JavaFX Application Thread] DEBUG PrimaryStageWindow   - Push state: BombermanMenu
18:00:03.840 [JavaFX Application Thread] DEBUG Input                - Clearing active input actions
18:00:03.843 [JavaFX Application Thread] DEBUG GameApplicationServi - Removing overlay from FXGLMainMenuDummyScene and adding to BombermanMenu
18:00:03.844 [JavaFX Application Thread] DEBUG PrimaryStageWindow   - FXGLMainMenuDummyScene -> BombermanMenu
18:00:03.844 [JavaFX Application Thread] DEBUG FXGLApplication      - Registering font factories with UI factory
18:00:03.983 [FXGL Background Thread 2 ] INFO  UpdaterService       - Your current version:  17.1
18:00:03.984 [FXGL Background Thread 2 ] INFO  UpdaterService       - Latest stable version: 17.2
18:00:06.153 [JavaFX Application Thread] DEBUG FXGLApplication      - Exiting FXGL
18:00:06.153 [JavaFX Application Thread] DEBUG LoopRunner           - Stopping loop
18:00:06.153 [JavaFX Application Thread] DEBUG SystemBundleService  - Saving FXGL system data
18:00:06.156 [JavaFX Application Thread] DEBUG FileSystemAccess     - Writing to: C:\Users\Gia Phong\Downloads\Java\src\BombermanPlus\system\fxgl.bundle
18:00:06.157 [JavaFX Application Thread] DEBUG Async                - Shutting down background threads
18:00:06.157 [JavaFX Application Thread] DEBUG PrimaryStageWindow   - Closing main window
18:00:06.171 [JavaFX Application Thread] DEBUG Logger               - Closing Logger
