19:51:27.262 [main                     ] DEBUG Logger               - Configured Logger
19:51:27.277 [main                     ] DEBUG GameApplication      - Logging settings
Title: 
Version: 
Width: 1080
Height: 720
Fullscreen: false
Intro: false
Profiling: false
Single step:false
App Mode: DEVELOPER
Menu Key: ESCAPE
Stage Style: DECORATED
Scene Factory: class com.bomberman.bombermanplus.BombermanApp$1

19:51:27.954 [JavaFX Application Thread] DEBUG FXGLApplication      - Initializing FXGL
19:51:27.957 [JavaFX Application Thread] INFO  Engine               - FXGL-17.1 (24.03.2022 17.34) on WINDOWS (J:19 FX:19-ea)
19:51:27.958 [JavaFX Application Thread] DEBUG Engine               - JRE Vendor Name: Oracle Corporation
19:51:27.958 [JavaFX Application Thread] DEBUG Engine               - Running on OS: Windows 11 version 10.0
19:51:27.958 [JavaFX Application Thread] DEBUG Engine               - Architecture: amd64
19:51:27.958 [JavaFX Application Thread] INFO  Engine               - Source code and latest versions at: https://github.com/AlmasB/FXGL
19:51:27.958 [JavaFX Application Thread] INFO  Engine               -       Ask questions and discuss at: https://github.com/AlmasB/FXGL/discussions
19:51:27.958 [JavaFX Application Thread] INFO  Engine               -              Join the FXGL chat at: https://gitter.im/AlmasB/FXGL
19:51:28.045 [JavaFX Application Thread] DEBUG PrimaryStageWindow   - Creating a JavaFX scene
19:51:28.144 [JavaFX Application Thread] DEBUG PrimaryStageWindow   - Target settings size: 1080.0 x 720.0
19:51:28.144 [JavaFX Application Thread] DEBUG PrimaryStageWindow   - Scaled scene size:    1080.0 x 720.0
19:51:28.144 [JavaFX Application Thread] DEBUG PrimaryStageWindow   - Scaled ratio: (1.0, 1.0)
19:51:28.145 [JavaFX Application Thread] DEBUG PrimaryStageWindow   - Set initial scene to FXGLStartupScene
19:51:28.149 [JavaFX Application Thread] DEBUG PrimaryStageWindow   - Opening main window
19:51:28.280 [JavaFX Application Thread] DEBUG PrimaryStageWindow   - Window border size: (14.4000244140625, 37.5999755859375)
19:51:28.280 [JavaFX Application Thread] DEBUG PrimaryStageWindow   - Scaled size: 1080.0 x 720.0
19:51:28.281 [JavaFX Application Thread] DEBUG PrimaryStageWindow   - Scaled ratio: (1.0, 1.0)
19:51:28.281 [JavaFX Application Thread] DEBUG PrimaryStageWindow   - Scene size: 1080.0 x 720.0
19:51:28.281 [JavaFX Application Thread] DEBUG PrimaryStageWindow   - Stage size: 1094.4000244140625 x 757.5999755859375
19:51:28.288 [FXGL Background Thread 1 ] DEBUG Engine               - Initializing environment variables
19:51:28.335 [FXGL Background Thread 1 ] DEBUG FXGLAssetLoaderServi - User app class for loading assets: class com.bomberman.bombermanplus.BombermanApp
19:51:28.335 [FXGL Background Thread 1 ] DEBUG GameApplicationServi - Applying CSS: fxgl_dark.css
19:51:28.336 [FXGL Background Thread 1 ] DEBUG FXGLAssetLoaderServi - Loading from file system: jar:file:///C:/Users/ADMIN/.m2/repository/com/github/almasb/fxgl/17.1/fxgl-17.1.jar!/fxglassets/ui/css/fxgl_dark.css
19:51:28.369 [FXGL Background Thread 1 ] DEBUG GameApplicationServi - Initializing application scenes
19:51:28.403 [FXGL Background Thread 1 ] DEBUG GameWorld            - Game world initialized
19:51:28.458 [FXGL Background Thread 1 ] DEBUG PhysicsWorld         - Physics world initialized: appHeight=720, physics.ppm=50.0
19:51:28.458 [FXGL Background Thread 1 ] DEBUG PhysicsWorld         - Using strategy: BRUTE_FORCE
19:51:28.462 [FXGL Background Thread 1 ] DEBUG GameScene            - Game scene initialized: 1080x720
19:51:28.468 [FXGL Background Thread 1 ] DEBUG FXGLAssetLoaderServi - Loading from file system: file:/C:/Users/ADMIN/IdeaProjects/BombermanPlus/target/classes/assets/textures/Bomber%20BG.png
19:51:28.549 [FXGL Background Thread 1 ] DEBUG GameApplicationServi - Application scenes initialized
19:51:28.558 [FXGL Background Thread 1 ] DEBUG SystemBundleService  - Loading FXGL system data
19:51:28.566 [FXGL Background Thread 1 ] DEBUG FileSystemAccess     - Reading from: C:\Users\ADMIN\IdeaProjects\BombermanPlus\system\fxgl.bundle
19:51:28.577 [FXGL Background Thread 1 ] DEBUG SystemBundleService  - Bundle FXGL: {}
19:51:28.577 [FXGL Background Thread 1 ] DEBUG UpdaterService       - Checking for updates
19:51:28.600 [FXGL Background Thread 4 ] DEBUG FXGLApplication      - Loading fonts
19:51:28.600 [FXGL Background Thread 1 ] DEBUG FXGLApplication      - Loading default localization
19:51:28.600 [FXGL Background Thread 4 ] DEBUG FXGLAssetLoaderServi - Loading from file system: file:/C:/Users/ADMIN/IdeaProjects/BombermanPlus/target/classes/assets/ui/fonts/Retro%20Gaming.ttf
19:51:28.601 [FXGL Background Thread 1 ] DEBUG FXGLAssetLoaderServi - Loading from file system: jar:file:///C:/Users/ADMIN/.m2/repository/com/github/almasb/fxgl/17.1/fxgl-17.1.jar!/fxglassets/languages/english.lang
19:51:28.617 [FXGL Background Thread 1 ] INFO  FXGLApplication      - FXGL initialization took: 0.328 sec
19:51:28.623 [JavaFX Application Thread] DEBUG Input                - Registered new binding: Move Right - D
19:51:28.623 [JavaFX Application Thread] DEBUG Input                - Registered new binding: Move Up - W
19:51:28.623 [JavaFX Application Thread] DEBUG Input                - Registered new binding: Move Down - S
19:51:28.623 [JavaFX Application Thread] DEBUG Input                - Registered new binding: Move Left - A
19:51:28.623 [JavaFX Application Thread] DEBUG Input                - Registered new binding: Place bomb - Space
19:51:28.624 [JavaFX Application Thread] DEBUG FXGLAssetLoaderServi - Loading from file system: file:/C:/Users/ADMIN/IdeaProjects/BombermanPlus/target/classes/assets/music/title_screen.mp3
19:51:28.670 [FXGL Background Thread 4 ] DEBUG FXGLAssetLoaderServi - Loading from file system: jar:file:///C:/Users/ADMIN/.m2/repository/com/github/almasb/fxgl/17.1/fxgl-17.1.jar!/fxglassets/ui/fonts/Abel-Regular.ttf
19:51:28.681 [FXGL Background Thread 4 ] DEBUG FXGLAssetLoaderServi - Loading from file system: jar:file:///C:/Users/ADMIN/.m2/repository/com/github/almasb/fxgl/17.1/fxgl-17.1.jar!/fxglassets/ui/fonts/TerminalLandMono-Regular.otf
19:51:28.694 [FXGL Background Thread 4 ] DEBUG FXGLAssetLoaderServi - Loading from file system: jar:file:///C:/Users/ADMIN/.m2/repository/com/github/almasb/fxgl/17.1/fxgl-17.1.jar!/fxglassets/ui/fonts/Courier-Prime.ttf
19:51:29.363 [JavaFX Application Thread] DEBUG AudioPlayer          - Playing music com.almasb.fxgl.audio.Music@767afcfd
19:51:29.364 [JavaFX Application Thread] DEBUG FXGLAssetLoaderServi - Loading from file system: jar:file:///C:/Users/ADMIN/.m2/repository/com/github/almasb/fxgl/17.1/fxgl-17.1.jar!/fxglassets/textures/fxgl_icon.png
19:51:29.383 [JavaFX Application Thread] DEBUG FXGLAssetLoaderServi - Loading from file system: jar:file:///C:/Users/ADMIN/.m2/repository/com/github/almasb/fxgl/17.1/fxgl-17.1.jar!/fxglassets/textures/fxgl_default_cursor.png
19:51:29.384 [JavaFX Application Thread] DEBUG Input                - Registered new binding: Screenshot - CTRL+8
19:51:29.384 [JavaFX Application Thread] DEBUG Input                - Registered new binding: Dev Options - 1
19:51:29.384 [JavaFX Application Thread] DEBUG Input                - Registered new binding: Dev Console - 2
19:51:29.385 [JavaFX Application Thread] DEBUG Input                - Registered new binding: System info dump - CTRL+9
19:51:29.385 [JavaFX Application Thread] DEBUG Input                - Registered new binding: Restart - CTRL+R
19:51:29.385 [JavaFX Application Thread] DEBUG Input                - Registered new binding: Toggle Debug Camera - CTRL+7
19:51:29.387 [JavaFX Application Thread] DEBUG AchievementService   - Registered new achievement: Slayer
19:51:29.387 [JavaFX Application Thread] DEBUG AchievementService   - Registered new achievement: See the world
19:51:29.387 [JavaFX Application Thread] DEBUG AchievementService   - Registered new achievement: Score owner
19:51:29.387 [JavaFX Application Thread] DEBUG LoopRunner           - Starting loop
19:51:29.396 [JavaFX Application Thread] DEBUG LoopRunner           - Initializing JavaFX AnimationTimerLoop
19:51:29.398 [JavaFX Application Thread] DEBUG Input                - Clearing active input actions
19:51:29.405 [JavaFX Application Thread] DEBUG GameApplicationServi - Removing overlay from FXGLStartupScene and adding to FXGLMainMenuDummyScene
19:51:29.407 [JavaFX Application Thread] DEBUG PrimaryStageWindow   - FXGLStartupScene -> FXGLMainMenuDummyScene
19:51:29.407 [JavaFX Application Thread] DEBUG PrimaryStageWindow   - Push state: BombermanMenu
19:51:29.407 [JavaFX Application Thread] DEBUG Input                - Clearing active input actions
19:51:29.409 [JavaFX Application Thread] DEBUG GameApplicationServi - Removing overlay from FXGLMainMenuDummyScene and adding to BombermanMenu
19:51:29.409 [JavaFX Application Thread] DEBUG PrimaryStageWindow   - FXGLMainMenuDummyScene -> BombermanMenu
19:51:29.409 [JavaFX Application Thread] DEBUG FXGLApplication      - Registering font factories with UI factory
19:51:29.433 [FXGL Background Thread 2 ] INFO  UpdaterService       - Your current version:  17.1
19:51:29.434 [FXGL Background Thread 2 ] INFO  UpdaterService       - Latest stable version: 17.2
19:51:31.599 [FXGL Background Thread 3 ] DEBUG Engine               - Logging environment variables
19:51:31.599 [FXGL Background Thread 3 ] DEBUG Engine               - achievements: [Slayer:achieved(false), See the world:achieved(false), Score owner:achieved(false)]
19:51:31.600 [FXGL Background Thread 3 ] DEBUG Engine               - actualHeight: 720.0
19:51:31.600 [FXGL Background Thread 3 ] DEBUG Engine               - actualHeightProperty: ReadOnlyDoubleProperty [value: 720.0]
19:51:31.600 [FXGL Background Thread 3 ] DEBUG Engine               - actualWidth: 1080.0
19:51:31.600 [FXGL Background Thread 3 ] DEBUG Engine               - actualWidthProperty: ReadOnlyDoubleProperty [value: 1080.0]
19:51:31.600 [FXGL Background Thread 3 ] DEBUG Engine               - appIcon: fxgl_icon.png
19:51:31.600 [FXGL Background Thread 3 ] DEBUG Engine               - applicationMode: DEVELOPER
19:51:31.600 [FXGL Background Thread 3 ] DEBUG Engine               - cSSList: [fxgl_dark.css]
19:51:31.600 [FXGL Background Thread 3 ] DEBUG Engine               - collisionDetectionStrategy: BRUTE_FORCE
19:51:31.600 [FXGL Background Thread 3 ] DEBUG Engine               - configClass: Optional.empty
19:51:31.600 [FXGL Background Thread 3 ] DEBUG Engine               - credits: []
19:51:31.601 [FXGL Background Thread 3 ] DEBUG Engine               - defaultCursor: CursorInfo(imageName=fxgl_default_cursor.png, hotspotX=7.0, hotspotY=6.0)
19:51:31.601 [FXGL Background Thread 3 ] DEBUG Engine               - devBBoxColorProperty: ObjectProperty [value: 0xff0000ff]
19:51:31.601 [FXGL Background Thread 3 ] DEBUG Engine               - devEnableDebugCameraProperty: BooleanProperty [value: false]
19:51:31.601 [FXGL Background Thread 3 ] DEBUG Engine               - devSensorColorProperty: ObjectProperty [value: 0xffff00ff]
19:51:31.601 [FXGL Background Thread 3 ] DEBUG Engine               - devShowBBoxProperty: BooleanProperty [value: false]
19:51:31.601 [FXGL Background Thread 3 ] DEBUG Engine               - devShowPositionProperty: BooleanProperty [value: false]
19:51:31.601 [FXGL Background Thread 3 ] DEBUG Engine               - enabledMenuItems: []
19:51:31.601 [FXGL Background Thread 3 ] DEBUG Engine               - engineServices: [class com.almasb.fxgl.app.services.FXGLAssetLoaderService, class com.almasb.fxgl.app.FXGLApplication$GameApplicationService, class com.almasb.fxgl.app.services.FXGLDialogService, class com.almasb.fxgl.app.services.IOTaskExecutorService, class com.almasb.fxgl.io.FileSystemService, class com.almasb.fxgl.localization.LocalizationService, class com.almasb.fxgl.app.services.SystemBundleService, class com.almasb.fxgl.profile.SaveLoadService, class com.almasb.fxgl.ui.FXGLUIFactoryServiceProvider, class com.almasb.fxgl.ui.FXGLDialogFactoryServiceProvider, class com.almasb.fxgl.audio.AudioPlayer, class com.almasb.fxgl.notification.impl.NotificationServiceProvider, class com.almasb.fxgl.achievement.AchievementService, class com.almasb.fxgl.cutscene.CutsceneService, class com.almasb.fxgl.minigames.MiniGameService, class com.almasb.fxgl.net.NetService, class com.almasb.fxgl.app.services.UpdaterService, class com.almasb.fxgl.dev.DevService]
19:51:31.602 [FXGL Background Thread 3 ] DEBUG Engine               - fontGame: Abel-Regular.ttf
19:51:31.602 [FXGL Background Thread 3 ] DEBUG Engine               - fontMono: TerminalLandMono-Regular.otf
19:51:31.602 [FXGL Background Thread 3 ] DEBUG Engine               - fontText: Courier-Prime.ttf
19:51:31.602 [FXGL Background Thread 3 ] DEBUG Engine               - fontUI: Retro Gaming.ttf
19:51:31.602 [FXGL Background Thread 3 ] DEBUG Engine               - fullScreen: BooleanProperty [value: false]
19:51:31.602 [FXGL Background Thread 3 ] DEBUG Engine               - gameDifficulty: MEDIUM
19:51:31.602 [FXGL Background Thread 3 ] DEBUG Engine               - gameDifficultyProperty: ObjectProperty [value: MEDIUM]
19:51:31.602 [FXGL Background Thread 3 ] DEBUG Engine               - globalMusicVolume: 0.5
19:51:31.602 [FXGL Background Thread 3 ] DEBUG Engine               - globalMusicVolumeProperty: DoubleProperty [value: 0.05]
19:51:31.602 [FXGL Background Thread 3 ] DEBUG Engine               - globalSoundVolume: 0.5
19:51:31.602 [FXGL Background Thread 3 ] DEBUG Engine               - globalSoundVolumeProperty: DoubleProperty [value: 0.4]
19:51:31.602 [FXGL Background Thread 3 ] DEBUG Engine               - height: 720
19:51:31.602 [FXGL Background Thread 3 ] DEBUG Engine               - is3D: false
19:51:31.602 [FXGL Background Thread 3 ] DEBUG Engine               - isAndroid: false
19:51:31.602 [FXGL Background Thread 3 ] DEBUG Engine               - isBrowser: false
19:51:31.602 [FXGL Background Thread 3 ] DEBUG Engine               - isClickFeedbackEnabled: false
19:51:31.602 [FXGL Background Thread 3 ] DEBUG Engine               - isCloseConfirmation: false
19:51:31.602 [FXGL Background Thread 3 ] DEBUG Engine               - isDesktop: true
19:51:31.603 [FXGL Background Thread 3 ] DEBUG Engine               - isDeveloperMenuEnabled: true
19:51:31.603 [FXGL Background Thread 3 ] DEBUG Engine               - isEmbedded: false
19:51:31.603 [FXGL Background Thread 3 ] DEBUG Engine               - isEntityPreloadEnabled: true
19:51:31.603 [FXGL Background Thread 3 ] DEBUG Engine               - isExperimentalTiledLargeMap: false
19:51:31.603 [FXGL Background Thread 3 ] DEBUG Engine               - isFileSystemWriteAllowed: true
19:51:31.603 [FXGL Background Thread 3 ] DEBUG Engine               - isFullScreenAllowed: false
19:51:31.603 [FXGL Background Thread 3 ] DEBUG Engine               - isFullScreenFromStart: false
19:51:31.603 [FXGL Background Thread 3 ] DEBUG Engine               - isGameMenuEnabled: true
19:51:31.603 [FXGL Background Thread 3 ] DEBUG Engine               - isIOS: false
19:51:31.603 [FXGL Background Thread 3 ] DEBUG Engine               - isIntroEnabled: false
19:51:31.603 [FXGL Background Thread 3 ] DEBUG Engine               - isLinux: false
19:51:31.603 [FXGL Background Thread 3 ] DEBUG Engine               - isMac: false
19:51:31.603 [FXGL Background Thread 3 ] DEBUG Engine               - isMainMenuEnabled: true
19:51:31.603 [FXGL Background Thread 3 ] DEBUG Engine               - isManualResizeEnabled: true
19:51:31.603 [FXGL Background Thread 3 ] DEBUG Engine               - isMobile: false
19:51:31.603 [FXGL Background Thread 3 ] DEBUG Engine               - isNative: false
19:51:31.603 [FXGL Background Thread 3 ] DEBUG Engine               - isPauseMusicWhenMinimized: true
19:51:31.603 [FXGL Background Thread 3 ] DEBUG Engine               - isPreserveResizeRatio: true
19:51:31.603 [FXGL Background Thread 3 ] DEBUG Engine               - isProfilingEnabled: false
19:51:31.603 [FXGL Background Thread 3 ] DEBUG Engine               - isScaleAffectedOnResize: true
19:51:31.603 [FXGL Background Thread 3 ] DEBUG Engine               - isSingleStep: false
19:51:31.603 [FXGL Background Thread 3 ] DEBUG Engine               - isUserProfileEnabled: false
19:51:31.604 [FXGL Background Thread 3 ] DEBUG Engine               - isWindows: true
19:51:31.604 [FXGL Background Thread 3 ] DEBUG Engine               - language: ObjectProperty [value: ENGLISH]
19:51:31.604 [FXGL Background Thread 3 ] DEBUG Engine               - menuKey: ESCAPE
19:51:31.604 [FXGL Background Thread 3 ] DEBUG Engine               - mouseSensitivity: 0.2
19:51:31.604 [FXGL Background Thread 3 ] DEBUG Engine               - notificationViewClass: class com.almasb.fxgl.notification.view.XboxNotificationView
19:51:31.604 [FXGL Background Thread 3 ] DEBUG Engine               - pixelsPerMeter: 50.0
19:51:31.604 [FXGL Background Thread 3 ] DEBUG Engine               - platform: WINDOWS
19:51:31.604 [FXGL Background Thread 3 ] DEBUG Engine               - prefHeightProperty: ReadOnlyDoubleProperty [value: 720.0]
19:51:31.604 [FXGL Background Thread 3 ] DEBUG Engine               - prefWidthProperty: ReadOnlyDoubleProperty [value: 1080.0]
19:51:31.604 [FXGL Background Thread 3 ] DEBUG Engine               - profileDir: profiles/
19:51:31.604 [FXGL Background Thread 3 ] DEBUG Engine               - profileName: StringProperty [value: DEFAULT]
19:51:31.604 [FXGL Background Thread 3 ] DEBUG Engine               - randomSeed: -1
19:51:31.604 [FXGL Background Thread 3 ] DEBUG Engine               - runtimeInfo: RuntimeInfo(platform=WINDOWS, version=17.1, build=24.03.2022 17.34)
19:51:31.604 [FXGL Background Thread 3 ] DEBUG Engine               - saveFileExt: sav
19:51:31.604 [FXGL Background Thread 3 ] DEBUG Engine               - scaledHeightProp$fxgl: DoubleProperty [bound, value: 720.0]
19:51:31.604 [FXGL Background Thread 3 ] DEBUG Engine               - scaledWidthProp$fxgl: DoubleProperty [bound, value: 1080.0]
19:51:31.605 [FXGL Background Thread 3 ] DEBUG Engine               - sceneFactory: com.bomberman.bombermanplus.BombermanApp$1@2ff62b59
19:51:31.605 [FXGL Background Thread 3 ] DEBUG Engine               - secondsIn24h: 60
19:51:31.605 [FXGL Background Thread 3 ] DEBUG Engine               - soundMenuBack: menu/back.wav
19:51:31.605 [FXGL Background Thread 3 ] DEBUG Engine               - soundMenuPress: menu/press.wav
19:51:31.605 [FXGL Background Thread 3 ] DEBUG Engine               - soundMenuSelect: menu/select.wav
19:51:31.605 [FXGL Background Thread 3 ] DEBUG Engine               - soundNotification: core/notification.wav
19:51:31.605 [FXGL Background Thread 3 ] DEBUG Engine               - stageStyle: DECORATED
19:51:31.605 [FXGL Background Thread 3 ] DEBUG Engine               - supportedLanguages: [ENGLISH, FRENCH, GERMAN, HUNGARIAN, RUSSIAN]
19:51:31.605 [FXGL Background Thread 3 ] DEBUG Engine               - ticksPerSecond: -1
19:51:31.605 [FXGL Background Thread 3 ] DEBUG Engine               - title: 
19:51:31.605 [FXGL Background Thread 3 ] DEBUG Engine               - urlGithub: https://github.com/AlmasB/FXGL
19:51:31.605 [FXGL Background Thread 3 ] DEBUG Engine               - urlLeaderboard: http://fxgl-top.herokuapp.com/
19:51:31.605 [FXGL Background Thread 3 ] DEBUG Engine               - urlPOM: https://raw.githubusercontent.com/AlmasB/FXGL/release/README.md
19:51:31.605 [FXGL Background Thread 3 ] DEBUG Engine               - userAppClass: class com.bomberman.bombermanplus.BombermanApp
19:51:31.605 [FXGL Background Thread 3 ] DEBUG Engine               - version: 
19:51:31.605 [FXGL Background Thread 3 ] DEBUG Engine               - versionCheckDays: 7
19:51:31.605 [FXGL Background Thread 3 ] DEBUG Engine               - width: 1080
19:51:31.605 [FXGL Background Thread 3 ] DEBUG Engine               - Logging services
19:51:31.605 [FXGL Background Thread 3 ] DEBUG Engine               - class com.almasb.fxgl.app.services.FXGLAssetLoaderService
19:51:31.605 [FXGL Background Thread 3 ] DEBUG Engine               - class com.almasb.fxgl.app.FXGLApplication$GameApplicationService
19:51:31.605 [FXGL Background Thread 3 ] DEBUG Engine               - class com.almasb.fxgl.app.services.FXGLDialogService
19:51:31.606 [FXGL Background Thread 3 ] DEBUG Engine               - class com.almasb.fxgl.app.services.IOTaskExecutorService
19:51:31.606 [FXGL Background Thread 3 ] DEBUG Engine               - class com.almasb.fxgl.io.FileSystemService
19:51:31.606 [FXGL Background Thread 3 ] DEBUG Engine               - class com.almasb.fxgl.localization.LocalizationService
19:51:31.606 [FXGL Background Thread 3 ] DEBUG Engine               - class com.almasb.fxgl.app.services.SystemBundleService
19:51:31.606 [FXGL Background Thread 3 ] DEBUG Engine               - class com.almasb.fxgl.profile.SaveLoadService
19:51:31.606 [FXGL Background Thread 3 ] DEBUG Engine               - class com.almasb.fxgl.ui.FXGLUIFactoryServiceProvider
19:51:31.606 [FXGL Background Thread 3 ] DEBUG Engine               - class com.almasb.fxgl.ui.FXGLDialogFactoryServiceProvider
19:51:31.606 [FXGL Background Thread 3 ] DEBUG Engine               - class com.almasb.fxgl.audio.AudioPlayer
19:51:31.606 [FXGL Background Thread 3 ] DEBUG Engine               - class com.almasb.fxgl.notification.impl.NotificationServiceProvider
19:51:31.606 [FXGL Background Thread 3 ] DEBUG Engine               - class com.almasb.fxgl.achievement.AchievementService
19:51:31.606 [FXGL Background Thread 3 ] DEBUG Engine               - class com.almasb.fxgl.cutscene.CutsceneService
19:51:31.606 [FXGL Background Thread 3 ] DEBUG Engine               - class com.almasb.fxgl.minigames.MiniGameService
19:51:31.606 [FXGL Background Thread 3 ] DEBUG Engine               - class com.almasb.fxgl.net.NetService
19:51:31.606 [FXGL Background Thread 3 ] DEBUG Engine               - class com.almasb.fxgl.app.services.UpdaterService
19:51:31.606 [FXGL Background Thread 3 ] DEBUG Engine               - class com.almasb.fxgl.dev.DevService
19:51:32.172 [JavaFX Application Thread] DEBUG PrimaryStageWindow   - Push state: DialogSubScene
19:51:32.172 [JavaFX Application Thread] DEBUG Input                - Clearing active input actions
19:51:32.174 [JavaFX Application Thread] DEBUG GameApplicationServi - Removing overlay from BombermanMenu and adding to DialogSubScene
19:51:32.175 [JavaFX Application Thread] DEBUG PrimaryStageWindow   - BombermanMenu -> DialogSubScene
19:51:33.094 [JavaFX Application Thread] DEBUG PrimaryStageWindow   - Pop state: DialogSubScene
19:51:33.094 [JavaFX Application Thread] DEBUG Input                - Clearing active input actions
19:51:33.094 [JavaFX Application Thread] DEBUG GameApplicationServi - Removing overlay from DialogSubScene and adding to BombermanMenu
19:51:33.096 [JavaFX Application Thread] DEBUG PrimaryStageWindow   - BombermanMenu <- DialogSubScene
19:51:35.654 [JavaFX Application Thread] DEBUG Menu                 - fireNewGame()
19:51:35.655 [JavaFX Application Thread] DEBUG GameApplicationServi - Starting new game
19:51:35.655 [JavaFX Application Thread] DEBUG PrimaryStageWindow   - Pop state: BombermanMenu
19:51:35.655 [JavaFX Application Thread] DEBUG Input                - Clearing active input actions
19:51:35.655 [JavaFX Application Thread] DEBUG GameApplicationServi - Removing overlay from BombermanMenu and adding to FXGLMainMenuDummyScene
19:51:35.656 [JavaFX Application Thread] DEBUG PrimaryStageWindow   - FXGLMainMenuDummyScene <- BombermanMenu
19:51:35.656 [JavaFX Application Thread] DEBUG Input                - Clearing active input actions
19:51:35.660 [JavaFX Application Thread] DEBUG GameApplicationServi - Removing overlay from FXGLMainMenuDummyScene and adding to FXGLLoadingScene
19:51:35.661 [JavaFX Application Thread] DEBUG PrimaryStageWindow   - FXGLMainMenuDummyScene -> FXGLLoadingScene
19:51:35.661 [JavaFX Application Thread] DEBUG GameApplicationServi - Clearing previous game
19:51:35.661 [JavaFX Application Thread] DEBUG GameScene            - Clearing game scene
19:51:35.661 [JavaFX Application Thread] DEBUG GameWorld            - Clearing game world
19:51:35.661 [JavaFX Application Thread] DEBUG PhysicsWorld         - Clearing physics world
19:51:35.662 [FXGL Background Thread 2 ] DEBUG FXGLApplication      - Initializing game
19:51:35.668 [FXGL Background Thread 2 ] DEBUG FXGLAssetLoaderServi - Loading from file system: file:/C:/Users/ADMIN/IdeaProjects/BombermanPlus/target/classes/assets/sounds/stage_start.wav
19:51:35.697 [FXGL Background Thread 2 ] INFO  FXGLApplication      - Game initialization took: 0.034 sec
19:51:35.698 [JavaFX Application Thread] DEBUG Input                - Clearing active input actions
19:51:35.701 [JavaFX Application Thread] DEBUG GameApplicationServi - Removing overlay from FXGLLoadingScene and adding to GameScene
19:51:35.702 [JavaFX Application Thread] DEBUG PrimaryStageWindow   - FXGLLoadingScene -> GameScene
19:51:38.857 [JavaFX Application Thread] WARN  TMXLevelLoader       - TiledMap generated from 1.9.2. Supported version: 1.4.2. Some features may not be parsed fully.
19:51:38.873 [JavaFX Application Thread] DEBUG TMXLevelLoader       - Parsed TiledMap: file:/C:/Users/ADMIN/IdeaProjects/BombermanPlus/target/classes/assets/levels/bbm_level1.tmx
19:51:38.875 [JavaFX Application Thread] DEBUG TMXLevelLoader       - Creating tile layer entities
19:51:38.875 [JavaFX Application Thread] DEBUG TilesetLoader        - Loading view for layer Tile Layer 1
19:51:38.877 [JavaFX Application Thread] DEBUG TilesetLoader        - Created buffer with size 1488.0x720.0
19:51:38.952 [JavaFX Application Thread] DEBUG TMXLevelLoader       - Creating object layer entities
19:51:38.953 [JavaFX Application Thread] DEBUG FXGLAssetLoaderServi - Loading from file system: file:/C:/Users/ADMIN/IdeaProjects/BombermanPlus/target/classes/assets/textures/items/powerup_speed.png
19:51:38.959 [JavaFX Application Thread] DEBUG FXGLAssetLoaderServi - Loading from file system: file:/C:/Users/ADMIN/IdeaProjects/BombermanPlus/target/classes/assets/textures/items/powerup_flames.png
19:51:38.960 [JavaFX Application Thread] DEBUG FXGLAssetLoaderServi - Loading from file system: file:/C:/Users/ADMIN/IdeaProjects/BombermanPlus/target/classes/assets/textures/items/powerup_bombs.png
19:51:38.961 [JavaFX Application Thread] DEBUG FXGLAssetLoaderServi - Loading from file system: file:/C:/Users/ADMIN/IdeaProjects/BombermanPlus/target/classes/assets/textures/items/powerup_flamepass.png
19:51:38.964 [JavaFX Application Thread] DEBUG FXGLAssetLoaderServi - Loading from file system: file:/C:/Users/ADMIN/IdeaProjects/BombermanPlus/target/classes/assets/textures/items/portal.png
19:51:38.972 [JavaFX Application Thread] DEBUG FXGLAssetLoaderServi - Loading from file system: file:/C:/Users/ADMIN/IdeaProjects/BombermanPlus/target/classes/assets/textures/sprites.png
19:51:39.029 [JavaFX Application Thread] DEBUG FXGLAssetLoaderServi - Loading from file system: file:/C:/Users/ADMIN/IdeaProjects/BombermanPlus/target/classes/assets/textures/char3.png
19:51:39.078 [JavaFX Application Thread] DEBUG GameWorld            - Clearing removable entities
19:51:39.080 [JavaFX Application Thread] DEBUG GameWorld            - Setting level: com.almasb.fxgl.entity.level.Level@6f73a0cd
19:51:39.113 [JavaFX Application Thread] DEBUG FXGLAssetLoaderServi - Loading from file system: file:/C:/Users/ADMIN/IdeaProjects/BombermanPlus/target/classes/assets/sounds/walk_2.wav
19:51:40.087 [JavaFX Application Thread] DEBUG FXGLAssetLoaderServi - Loading from file system: file:/C:/Users/ADMIN/IdeaProjects/BombermanPlus/target/classes/assets/sounds/power_up.wav
19:51:40.394 [JavaFX Application Thread] DEBUG FXGLAssetLoaderServi - Loading from file system: file:/C:/Users/ADMIN/IdeaProjects/BombermanPlus/target/classes/assets/sounds/placed_bomb.wav
19:51:41.816 [JavaFX Application Thread] DEBUG FXGLAssetLoaderServi - Loading from file system: file:/C:/Users/ADMIN/IdeaProjects/BombermanPlus/target/classes/assets/sounds/bomb_exploded.wav
19:51:41.848 [JavaFX Application Thread] DEBUG FXGLAssetLoaderServi - Loading from file system: file:/C:/Users/ADMIN/IdeaProjects/BombermanPlus/target/classes/assets/sounds/bomberman_die.wav
19:51:46.506 [JavaFX Application Thread] DEBUG FXGLAssetLoaderServi - Loading from file system: file:/C:/Users/ADMIN/IdeaProjects/BombermanPlus/target/classes/assets/sounds/walk_1.wav
19:51:54.181 [JavaFX Application Thread] DEBUG FXGLAssetLoaderServi - Loading from file system: file:/C:/Users/ADMIN/IdeaProjects/BombermanPlus/target/classes/assets/sounds/enemy_die.wav
19:51:54.208 [JavaFX Application Thread] DEBUG EventBus             - Firing event: AchievementProgressEvent[value=2.0,max=5.0]
19:52:36.677 [JavaFX Application Thread] WARN  GameWorld            - Attempted to remove entity which is not active
19:53:03.916 [JavaFX Application Thread] DEBUG EventBus             - Firing event: AchievementProgressEvent[value=500.0,max=1000.0]
19:53:03.917 [JavaFX Application Thread] DEBUG EventBus             - Firing event: AchievementEvent[type=ACHIEVED, name=Slayer, description=Kill 5 enemies]
19:53:04.227 [JavaFX Application Thread] WARN  GameWorld            - Attempted to remove entity which is not active
19:53:08.305 [JavaFX Application Thread] DEBUG FXGLApplication      - Exiting FXGL
19:53:08.305 [JavaFX Application Thread] DEBUG LoopRunner           - Stopping loop
19:53:08.305 [JavaFX Application Thread] DEBUG SystemBundleService  - Saving FXGL system data
19:53:08.317 [JavaFX Application Thread] DEBUG FileSystemAccess     - Writing to: C:\Users\ADMIN\IdeaProjects\BombermanPlus\system\fxgl.bundle
19:53:08.319 [JavaFX Application Thread] DEBUG Async                - Shutting down background threads
19:53:08.320 [JavaFX Application Thread] DEBUG PrimaryStageWindow   - Closing main window
19:53:08.327 [JavaFX Application Thread] DEBUG Logger               - Closing Logger
