00:13:01.128 [main                     ] DEBUG Logger               - Configured Logger
00:13:01.146 [main                     ] DEBUG GameApplication      - Logging settings
Title: BOMBERMAN
Version: 1.0
Width: 1080
Height: 720
Fullscreen: false
Intro: false
Profiling: false
Single step:false
App Mode: DEVELOPER
Menu Key: ESCAPE
Stage Style: DECORATED
Scene Factory: class com.bomberman.bombermanplus.BombermanApp$1

00:13:01.428 [JavaFX Application Thread] DEBUG FXGLApplication      - Initializing FXGL
00:13:01.431 [JavaFX Application Thread] INFO  Engine               - FXGL-17.1 (24.03.2022 17.34) on WINDOWS (J:19 FX:19-ea)
00:13:01.432 [JavaFX Application Thread] DEBUG Engine               - JRE Vendor Name: Oracle Corporation
00:13:01.432 [JavaFX Application Thread] DEBUG Engine               - Running on OS: Windows 11 version 10.0
00:13:01.432 [JavaFX Application Thread] DEBUG Engine               - Architecture: amd64
00:13:01.432 [JavaFX Application Thread] INFO  Engine               - Source code and latest versions at: https://github.com/AlmasB/FXGL
00:13:01.432 [JavaFX Application Thread] INFO  Engine               -       Ask questions and discuss at: https://github.com/AlmasB/FXGL/discussions
00:13:01.432 [JavaFX Application Thread] INFO  Engine               -              Join the FXGL chat at: https://gitter.im/AlmasB/FXGL
00:13:01.493 [JavaFX Application Thread] DEBUG PrimaryStageWindow   - Creating a JavaFX scene
00:13:01.524 [JavaFX Application Thread] DEBUG PrimaryStageWindow   - Target settings size: 1080.0 x 720.0
00:13:01.524 [JavaFX Application Thread] DEBUG PrimaryStageWindow   - Scaled scene size:    1080.0 x 720.0
00:13:01.524 [JavaFX Application Thread] DEBUG PrimaryStageWindow   - Scaled ratio: (1.0, 1.0)
00:13:01.525 [JavaFX Application Thread] DEBUG PrimaryStageWindow   - Set initial scene to FXGLStartupScene
00:13:01.530 [JavaFX Application Thread] DEBUG PrimaryStageWindow   - Opening main window
00:13:01.594 [JavaFX Application Thread] DEBUG PrimaryStageWindow   - Window border size: (14.4000244140625, 37.5999755859375)
00:13:01.595 [JavaFX Application Thread] DEBUG PrimaryStageWindow   - Scaled size: 1080.0 x 720.0
00:13:01.595 [JavaFX Application Thread] DEBUG PrimaryStageWindow   - Scaled ratio: (1.0, 1.0)
00:13:01.596 [JavaFX Application Thread] DEBUG PrimaryStageWindow   - Scene size: 1080.0 x 720.0
00:13:01.596 [JavaFX Application Thread] DEBUG PrimaryStageWindow   - Stage size: 1094.4000244140625 x 757.5999755859375
00:13:01.604 [FXGL Background Thread 1 ] DEBUG Engine               - Initializing environment variables
00:13:01.660 [FXGL Background Thread 1 ] DEBUG FXGLAssetLoaderServi - User app class for loading assets: class com.bomberman.bombermanplus.BombermanApp
00:13:01.661 [FXGL Background Thread 1 ] DEBUG GameApplicationServi - Applying CSS: fxgl_dark.css
00:13:01.661 [FXGL Background Thread 1 ] DEBUG FXGLAssetLoaderServi - Loading from file system: jar:file:///C:/Users/ADMIN/.m2/repository/com/github/almasb/fxgl/17.1/fxgl-17.1.jar!/fxglassets/ui/css/fxgl_dark.css
00:13:01.695 [FXGL Background Thread 1 ] DEBUG GameApplicationServi - Initializing application scenes
00:13:01.725 [FXGL Background Thread 1 ] DEBUG GameWorld            - Game world initialized
00:13:01.778 [FXGL Background Thread 1 ] DEBUG PhysicsWorld         - Physics world initialized: appHeight=720, physics.ppm=50.0
00:13:01.779 [FXGL Background Thread 1 ] DEBUG PhysicsWorld         - Using strategy: BRUTE_FORCE
00:13:01.782 [FXGL Background Thread 1 ] DEBUG GameScene            - Game scene initialized: 1080x720
00:13:01.828 [FXGL Background Thread 1 ] DEBUG GameApplicationServi - Application scenes initialized
00:13:01.837 [FXGL Background Thread 1 ] DEBUG SystemBundleService  - Loading FXGL system data
00:13:01.841 [FXGL Background Thread 1 ] DEBUG FileSystemAccess     - Reading from: C:\Users\ADMIN\IdeaProjects\BombermanPlus\system\fxgl.bundle
00:13:01.848 [FXGL Background Thread 1 ] DEBUG SystemBundleService  - Bundle FXGL: {}
00:13:01.848 [FXGL Background Thread 1 ] DEBUG UpdaterService       - Checking for updates
00:13:01.865 [FXGL Background Thread 4 ] DEBUG FXGLApplication      - Loading fonts
00:13:01.865 [FXGL Background Thread 1 ] DEBUG FXGLApplication      - Loading default localization
00:13:01.865 [FXGL Background Thread 4 ] DEBUG FXGLAssetLoaderServi - Loading from file system: file:/C:/Users/ADMIN/IdeaProjects/BombermanPlus/target/classes/assets/ui/fonts/Retro%20Gaming.ttf
00:13:01.865 [FXGL Background Thread 1 ] DEBUG FXGLAssetLoaderServi - Loading from file system: jar:file:///C:/Users/ADMIN/.m2/repository/com/github/almasb/fxgl/17.1/fxgl-17.1.jar!/fxglassets/languages/english.lang
00:13:01.877 [FXGL Background Thread 1 ] INFO  FXGLApplication      - FXGL initialization took: 0.272 sec
00:13:01.884 [JavaFX Application Thread] DEBUG Input                - Registered new binding: Move Right - D
00:13:01.884 [JavaFX Application Thread] DEBUG Input                - Registered new binding: Move Up - W
00:13:01.884 [JavaFX Application Thread] DEBUG Input                - Registered new binding: Move Down - S
00:13:01.884 [JavaFX Application Thread] DEBUG Input                - Registered new binding: Move Left - A
00:13:01.884 [JavaFX Application Thread] DEBUG Input                - Registered new binding: Place bomb - Space
00:13:01.885 [JavaFX Application Thread] DEBUG FXGLAssetLoaderServi - Loading from file system: file:/C:/Users/ADMIN/IdeaProjects/BombermanPlus/target/classes/assets/music/title_screen.mp3
00:13:01.955 [FXGL Background Thread 4 ] DEBUG FXGLAssetLoaderServi - Loading from file system: jar:file:///C:/Users/ADMIN/.m2/repository/com/github/almasb/fxgl/17.1/fxgl-17.1.jar!/fxglassets/ui/fonts/Abel-Regular.ttf
00:13:01.972 [FXGL Background Thread 4 ] DEBUG FXGLAssetLoaderServi - Loading from file system: jar:file:///C:/Users/ADMIN/.m2/repository/com/github/almasb/fxgl/17.1/fxgl-17.1.jar!/fxglassets/ui/fonts/TerminalLandMono-Regular.otf
00:13:01.991 [FXGL Background Thread 4 ] DEBUG FXGLAssetLoaderServi - Loading from file system: jar:file:///C:/Users/ADMIN/.m2/repository/com/github/almasb/fxgl/17.1/fxgl-17.1.jar!/fxglassets/ui/fonts/Courier-Prime.ttf
00:13:02.327 [FXGL Background Thread 2 ] INFO  UpdaterService       - Your current version:  17.1
00:13:02.327 [FXGL Background Thread 2 ] INFO  UpdaterService       - Latest stable version: 17.2
00:13:02.511 [JavaFX Application Thread] DEBUG AudioPlayer          - Playing music com.almasb.fxgl.audio.Music@44931366
00:13:02.511 [JavaFX Application Thread] DEBUG FXGLAssetLoaderServi - Loading from file system: jar:file:///C:/Users/ADMIN/.m2/repository/com/github/almasb/fxgl/17.1/fxgl-17.1.jar!/fxglassets/textures/fxgl_icon.png
00:13:02.534 [JavaFX Application Thread] DEBUG FXGLAssetLoaderServi - Loading from file system: jar:file:///C:/Users/ADMIN/.m2/repository/com/github/almasb/fxgl/17.1/fxgl-17.1.jar!/fxglassets/textures/fxgl_default_cursor.png
00:13:02.536 [JavaFX Application Thread] DEBUG Input                - Registered new binding: Screenshot - CTRL+8
00:13:02.536 [JavaFX Application Thread] DEBUG Input                - Registered new binding: Dev Options - 1
00:13:02.537 [JavaFX Application Thread] DEBUG Input                - Registered new binding: Dev Console - 2
00:13:02.537 [JavaFX Application Thread] DEBUG Input                - Registered new binding: System info dump - CTRL+9
00:13:02.537 [JavaFX Application Thread] DEBUG Input                - Registered new binding: Restart - CTRL+R
00:13:02.537 [JavaFX Application Thread] DEBUG Input                - Registered new binding: Toggle Debug Camera - CTRL+7
00:13:02.539 [JavaFX Application Thread] DEBUG AchievementService   - Registered new achievement: Slayer
00:13:02.539 [JavaFX Application Thread] DEBUG AchievementService   - Registered new achievement: See the world
00:13:02.539 [JavaFX Application Thread] DEBUG AchievementService   - Registered new achievement: Score owner
00:13:02.540 [JavaFX Application Thread] DEBUG LoopRunner           - Starting loop
00:13:02.548 [JavaFX Application Thread] DEBUG LoopRunner           - Initializing JavaFX AnimationTimerLoop
00:13:02.550 [JavaFX Application Thread] DEBUG Input                - Clearing active input actions
00:13:02.557 [JavaFX Application Thread] DEBUG GameApplicationServi - Removing overlay from FXGLStartupScene and adding to FXGLMainMenuDummyScene
00:13:02.560 [JavaFX Application Thread] DEBUG PrimaryStageWindow   - FXGLStartupScene -> FXGLMainMenuDummyScene
00:13:02.560 [JavaFX Application Thread] DEBUG PrimaryStageWindow   - Push state: BombermanMenu
00:13:02.560 [JavaFX Application Thread] DEBUG Input                - Clearing active input actions
00:13:02.561 [JavaFX Application Thread] DEBUG GameApplicationServi - Removing overlay from FXGLMainMenuDummyScene and adding to BombermanMenu
00:13:02.562 [JavaFX Application Thread] DEBUG PrimaryStageWindow   - FXGLMainMenuDummyScene -> BombermanMenu
00:13:02.568 [JavaFX Application Thread] DEBUG FXGLApplication      - Registering font factories with UI factory
00:13:03.263 [JavaFX Application Thread] DEBUG Menu                 - fireNewGame()
00:13:03.263 [JavaFX Application Thread] DEBUG GameApplicationServi - Starting new game
00:13:03.263 [JavaFX Application Thread] DEBUG PrimaryStageWindow   - Pop state: BombermanMenu
00:13:03.263 [JavaFX Application Thread] DEBUG Input                - Clearing active input actions
00:13:03.264 [JavaFX Application Thread] DEBUG GameApplicationServi - Removing overlay from BombermanMenu and adding to FXGLMainMenuDummyScene
00:13:03.266 [JavaFX Application Thread] DEBUG PrimaryStageWindow   - FXGLMainMenuDummyScene <- BombermanMenu
00:13:03.266 [JavaFX Application Thread] DEBUG Input                - Clearing active input actions
00:13:03.270 [JavaFX Application Thread] DEBUG GameApplicationServi - Removing overlay from FXGLMainMenuDummyScene and adding to FXGLLoadingScene
00:13:03.271 [JavaFX Application Thread] DEBUG PrimaryStageWindow   - FXGLMainMenuDummyScene -> FXGLLoadingScene
00:13:03.271 [JavaFX Application Thread] DEBUG GameApplicationServi - Clearing previous game
00:13:03.271 [JavaFX Application Thread] DEBUG GameScene            - Clearing game scene
00:13:03.271 [JavaFX Application Thread] DEBUG GameWorld            - Clearing game world
00:13:03.271 [JavaFX Application Thread] DEBUG PhysicsWorld         - Clearing physics world
00:13:03.272 [FXGL Background Thread 2 ] DEBUG FXGLApplication      - Initializing game
00:13:03.278 [FXGL Background Thread 2 ] DEBUG FXGLAssetLoaderServi - Loading from file system: file:/C:/Users/ADMIN/IdeaProjects/BombermanPlus/target/classes/assets/sounds/stage_start.wav
00:13:03.304 [FXGL Background Thread 2 ] INFO  FXGLApplication      - Game initialization took: 0.032 sec
00:13:03.307 [JavaFX Application Thread] DEBUG Input                - Clearing active input actions
00:13:03.311 [JavaFX Application Thread] DEBUG GameApplicationServi - Removing overlay from FXGLLoadingScene and adding to GameScene
00:13:03.314 [JavaFX Application Thread] DEBUG PrimaryStageWindow   - FXGLLoadingScene -> GameScene
00:13:04.864 [FXGL Background Thread 3 ] DEBUG Engine               - Logging environment variables
00:13:04.865 [FXGL Background Thread 3 ] DEBUG Engine               - achievements: [Slayer:achieved(false), See the world:achieved(false), Score owner:achieved(false)]
00:13:04.865 [FXGL Background Thread 3 ] DEBUG Engine               - actualHeight: 720.0
00:13:04.865 [FXGL Background Thread 3 ] DEBUG Engine               - actualHeightProperty: ReadOnlyDoubleProperty [value: 720.0]
00:13:04.865 [FXGL Background Thread 3 ] DEBUG Engine               - actualWidth: 1080.0
00:13:04.865 [FXGL Background Thread 3 ] DEBUG Engine               - actualWidthProperty: ReadOnlyDoubleProperty [value: 1080.0]
00:13:04.865 [FXGL Background Thread 3 ] DEBUG Engine               - appIcon: fxgl_icon.png
00:13:04.865 [FXGL Background Thread 3 ] DEBUG Engine               - applicationMode: DEVELOPER
00:13:04.865 [FXGL Background Thread 3 ] DEBUG Engine               - cSSList: [fxgl_dark.css]
00:13:04.865 [FXGL Background Thread 3 ] DEBUG Engine               - collisionDetectionStrategy: BRUTE_FORCE
00:13:04.865 [FXGL Background Thread 3 ] DEBUG Engine               - configClass: Optional.empty
00:13:04.865 [FXGL Background Thread 3 ] DEBUG Engine               - credits: []
00:13:04.866 [FXGL Background Thread 3 ] DEBUG Engine               - defaultCursor: CursorInfo(imageName=fxgl_default_cursor.png, hotspotX=7.0, hotspotY=6.0)
00:13:04.866 [FXGL Background Thread 3 ] DEBUG Engine               - devBBoxColorProperty: ObjectProperty [value: 0xff0000ff]
00:13:04.866 [FXGL Background Thread 3 ] DEBUG Engine               - devEnableDebugCameraProperty: BooleanProperty [value: false]
00:13:04.866 [FXGL Background Thread 3 ] DEBUG Engine               - devSensorColorProperty: ObjectProperty [value: 0xffff00ff]
00:13:04.866 [FXGL Background Thread 3 ] DEBUG Engine               - devShowBBoxProperty: BooleanProperty [value: false]
00:13:04.866 [FXGL Background Thread 3 ] DEBUG Engine               - devShowPositionProperty: BooleanProperty [value: false]
00:13:04.867 [FXGL Background Thread 3 ] DEBUG Engine               - enabledMenuItems: []
00:13:04.867 [FXGL Background Thread 3 ] DEBUG Engine               - engineServices: [class com.almasb.fxgl.app.services.FXGLAssetLoaderService, class com.almasb.fxgl.app.FXGLApplication$GameApplicationService, class com.almasb.fxgl.app.services.FXGLDialogService, class com.almasb.fxgl.app.services.IOTaskExecutorService, class com.almasb.fxgl.io.FileSystemService, class com.almasb.fxgl.localization.LocalizationService, class com.almasb.fxgl.app.services.SystemBundleService, class com.almasb.fxgl.profile.SaveLoadService, class com.almasb.fxgl.ui.FXGLUIFactoryServiceProvider, class com.almasb.fxgl.ui.FXGLDialogFactoryServiceProvider, class com.almasb.fxgl.audio.AudioPlayer, class com.almasb.fxgl.notification.impl.NotificationServiceProvider, class com.almasb.fxgl.achievement.AchievementService, class com.almasb.fxgl.cutscene.CutsceneService, class com.almasb.fxgl.minigames.MiniGameService, class com.almasb.fxgl.net.NetService, class com.almasb.fxgl.app.services.UpdaterService, class com.almasb.fxgl.dev.DevService]
00:13:04.867 [FXGL Background Thread 3 ] DEBUG Engine               - fontGame: Abel-Regular.ttf
00:13:04.867 [FXGL Background Thread 3 ] DEBUG Engine               - fontMono: TerminalLandMono-Regular.otf
00:13:04.867 [FXGL Background Thread 3 ] DEBUG Engine               - fontText: Courier-Prime.ttf
00:13:04.867 [FXGL Background Thread 3 ] DEBUG Engine               - fontUI: Retro Gaming.ttf
00:13:04.867 [FXGL Background Thread 3 ] DEBUG Engine               - fullScreen: BooleanProperty [value: false]
00:13:04.867 [FXGL Background Thread 3 ] DEBUG Engine               - gameDifficulty: MEDIUM
00:13:04.867 [FXGL Background Thread 3 ] DEBUG Engine               - gameDifficultyProperty: ObjectProperty [value: MEDIUM]
00:13:04.867 [FXGL Background Thread 3 ] DEBUG Engine               - globalMusicVolume: 0.5
00:13:04.867 [FXGL Background Thread 3 ] DEBUG Engine               - globalMusicVolumeProperty: DoubleProperty [value: 0.0]
00:13:04.867 [FXGL Background Thread 3 ] DEBUG Engine               - globalSoundVolume: 0.5
00:13:04.867 [FXGL Background Thread 3 ] DEBUG Engine               - globalSoundVolumeProperty: DoubleProperty [value: 0.4]
00:13:04.867 [FXGL Background Thread 3 ] DEBUG Engine               - height: 720
00:13:04.867 [FXGL Background Thread 3 ] DEBUG Engine               - is3D: false
00:13:04.867 [FXGL Background Thread 3 ] DEBUG Engine               - isAndroid: false
00:13:04.867 [FXGL Background Thread 3 ] DEBUG Engine               - isBrowser: false
00:13:04.867 [FXGL Background Thread 3 ] DEBUG Engine               - isClickFeedbackEnabled: false
00:13:04.867 [FXGL Background Thread 3 ] DEBUG Engine               - isCloseConfirmation: false
00:13:04.868 [FXGL Background Thread 3 ] DEBUG Engine               - isDesktop: true
00:13:04.868 [FXGL Background Thread 3 ] DEBUG Engine               - isDeveloperMenuEnabled: true
00:13:04.868 [FXGL Background Thread 3 ] DEBUG Engine               - isEmbedded: false
00:13:04.868 [FXGL Background Thread 3 ] DEBUG Engine               - isEntityPreloadEnabled: true
00:13:04.868 [FXGL Background Thread 3 ] DEBUG Engine               - isExperimentalTiledLargeMap: false
00:13:04.868 [FXGL Background Thread 3 ] DEBUG Engine               - isFileSystemWriteAllowed: true
00:13:04.868 [FXGL Background Thread 3 ] DEBUG Engine               - isFullScreenAllowed: false
00:13:04.868 [FXGL Background Thread 3 ] DEBUG Engine               - isFullScreenFromStart: false
00:13:04.868 [FXGL Background Thread 3 ] DEBUG Engine               - isGameMenuEnabled: true
00:13:04.868 [FXGL Background Thread 3 ] DEBUG Engine               - isIOS: false
00:13:04.868 [FXGL Background Thread 3 ] DEBUG Engine               - isIntroEnabled: false
00:13:04.868 [FXGL Background Thread 3 ] DEBUG Engine               - isLinux: false
00:13:04.868 [FXGL Background Thread 3 ] DEBUG Engine               - isMac: false
00:13:04.868 [FXGL Background Thread 3 ] DEBUG Engine               - isMainMenuEnabled: true
00:13:04.868 [FXGL Background Thread 3 ] DEBUG Engine               - isManualResizeEnabled: true
00:13:04.868 [FXGL Background Thread 3 ] DEBUG Engine               - isMobile: false
00:13:04.868 [FXGL Background Thread 3 ] DEBUG Engine               - isNative: false
00:13:04.868 [FXGL Background Thread 3 ] DEBUG Engine               - isPauseMusicWhenMinimized: true
00:13:04.868 [FXGL Background Thread 3 ] DEBUG Engine               - isPreserveResizeRatio: true
00:13:04.868 [FXGL Background Thread 3 ] DEBUG Engine               - isProfilingEnabled: false
00:13:04.868 [FXGL Background Thread 3 ] DEBUG Engine               - isScaleAffectedOnResize: true
00:13:04.869 [FXGL Background Thread 3 ] DEBUG Engine               - isSingleStep: false
00:13:04.869 [FXGL Background Thread 3 ] DEBUG Engine               - isUserProfileEnabled: false
00:13:04.869 [FXGL Background Thread 3 ] DEBUG Engine               - isWindows: true
00:13:04.869 [FXGL Background Thread 3 ] DEBUG Engine               - language: ObjectProperty [value: ENGLISH]
00:13:04.869 [FXGL Background Thread 3 ] DEBUG Engine               - menuKey: ESCAPE
00:13:04.869 [FXGL Background Thread 3 ] DEBUG Engine               - mouseSensitivity: 0.2
00:13:04.869 [FXGL Background Thread 3 ] DEBUG Engine               - notificationViewClass: class com.almasb.fxgl.notification.view.XboxNotificationView
00:13:04.869 [FXGL Background Thread 3 ] DEBUG Engine               - pixelsPerMeter: 50.0
00:13:04.869 [FXGL Background Thread 3 ] DEBUG Engine               - platform: WINDOWS
00:13:04.869 [FXGL Background Thread 3 ] DEBUG Engine               - prefHeightProperty: ReadOnlyDoubleProperty [value: 720.0]
00:13:04.869 [FXGL Background Thread 3 ] DEBUG Engine               - prefWidthProperty: ReadOnlyDoubleProperty [value: 1080.0]
00:13:04.869 [FXGL Background Thread 3 ] DEBUG Engine               - profileDir: profiles/
00:13:04.869 [FXGL Background Thread 3 ] DEBUG Engine               - profileName: StringProperty [value: DEFAULT]
00:13:04.869 [FXGL Background Thread 3 ] DEBUG Engine               - randomSeed: -1
00:13:04.869 [FXGL Background Thread 3 ] DEBUG Engine               - runtimeInfo: RuntimeInfo(platform=WINDOWS, version=17.1, build=24.03.2022 17.34)
00:13:04.869 [FXGL Background Thread 3 ] DEBUG Engine               - saveFileExt: sav
00:13:04.869 [FXGL Background Thread 3 ] DEBUG Engine               - scaledHeightProp$fxgl: DoubleProperty [bound, value: 720.0]
00:13:04.869 [FXGL Background Thread 3 ] DEBUG Engine               - scaledWidthProp$fxgl: DoubleProperty [bound, value: 1080.0]
00:13:04.870 [FXGL Background Thread 3 ] DEBUG Engine               - sceneFactory: com.bomberman.bombermanplus.BombermanApp$1@3a80870
00:13:04.870 [FXGL Background Thread 3 ] DEBUG Engine               - secondsIn24h: 60
00:13:04.870 [FXGL Background Thread 3 ] DEBUG Engine               - soundMenuBack: menu/back.wav
00:13:04.870 [FXGL Background Thread 3 ] DEBUG Engine               - soundMenuPress: menu/press.wav
00:13:04.870 [FXGL Background Thread 3 ] DEBUG Engine               - soundMenuSelect: menu/select.wav
00:13:04.870 [FXGL Background Thread 3 ] DEBUG Engine               - soundNotification: core/notification.wav
00:13:04.870 [FXGL Background Thread 3 ] DEBUG Engine               - stageStyle: DECORATED
00:13:04.870 [FXGL Background Thread 3 ] DEBUG Engine               - supportedLanguages: [ENGLISH, FRENCH, GERMAN, HUNGARIAN, RUSSIAN]
00:13:04.870 [FXGL Background Thread 3 ] DEBUG Engine               - ticksPerSecond: -1
00:13:04.870 [FXGL Background Thread 3 ] DEBUG Engine               - title: BOMBERMAN
00:13:04.870 [FXGL Background Thread 3 ] DEBUG Engine               - urlGithub: https://github.com/AlmasB/FXGL
00:13:04.870 [FXGL Background Thread 3 ] DEBUG Engine               - urlLeaderboard: http://fxgl-top.herokuapp.com/
00:13:04.871 [FXGL Background Thread 3 ] DEBUG Engine               - urlPOM: https://raw.githubusercontent.com/AlmasB/FXGL/release/README.md
00:13:04.871 [FXGL Background Thread 3 ] DEBUG Engine               - userAppClass: class com.bomberman.bombermanplus.BombermanApp
00:13:04.871 [FXGL Background Thread 3 ] DEBUG Engine               - version: 1.0
00:13:04.871 [FXGL Background Thread 3 ] DEBUG Engine               - versionCheckDays: 7
00:13:04.871 [FXGL Background Thread 3 ] DEBUG Engine               - width: 1080
00:13:04.871 [FXGL Background Thread 3 ] DEBUG Engine               - Logging services
00:13:04.871 [FXGL Background Thread 3 ] DEBUG Engine               - class com.almasb.fxgl.app.services.FXGLAssetLoaderService
00:13:04.871 [FXGL Background Thread 3 ] DEBUG Engine               - class com.almasb.fxgl.app.FXGLApplication$GameApplicationService
00:13:04.871 [FXGL Background Thread 3 ] DEBUG Engine               - class com.almasb.fxgl.app.services.FXGLDialogService
00:13:04.871 [FXGL Background Thread 3 ] DEBUG Engine               - class com.almasb.fxgl.app.services.IOTaskExecutorService
00:13:04.871 [FXGL Background Thread 3 ] DEBUG Engine               - class com.almasb.fxgl.io.FileSystemService
00:13:04.871 [FXGL Background Thread 3 ] DEBUG Engine               - class com.almasb.fxgl.localization.LocalizationService
00:13:04.871 [FXGL Background Thread 3 ] DEBUG Engine               - class com.almasb.fxgl.app.services.SystemBundleService
00:13:04.871 [FXGL Background Thread 3 ] DEBUG Engine               - class com.almasb.fxgl.profile.SaveLoadService
00:13:04.871 [FXGL Background Thread 3 ] DEBUG Engine               - class com.almasb.fxgl.ui.FXGLUIFactoryServiceProvider
00:13:04.871 [FXGL Background Thread 3 ] DEBUG Engine               - class com.almasb.fxgl.ui.FXGLDialogFactoryServiceProvider
00:13:04.871 [FXGL Background Thread 3 ] DEBUG Engine               - class com.almasb.fxgl.audio.AudioPlayer
00:13:04.871 [FXGL Background Thread 3 ] DEBUG Engine               - class com.almasb.fxgl.notification.impl.NotificationServiceProvider
00:13:04.871 [FXGL Background Thread 3 ] DEBUG Engine               - class com.almasb.fxgl.achievement.AchievementService
00:13:04.871 [FXGL Background Thread 3 ] DEBUG Engine               - class com.almasb.fxgl.cutscene.CutsceneService
00:13:04.871 [FXGL Background Thread 3 ] DEBUG Engine               - class com.almasb.fxgl.minigames.MiniGameService
00:13:04.871 [FXGL Background Thread 3 ] DEBUG Engine               - class com.almasb.fxgl.net.NetService
00:13:04.871 [FXGL Background Thread 3 ] DEBUG Engine               - class com.almasb.fxgl.app.services.UpdaterService
00:13:04.871 [FXGL Background Thread 3 ] DEBUG Engine               - class com.almasb.fxgl.dev.DevService
00:13:06.158 [JavaFX Application Thread] WARN  TMXLevelLoader       - TiledMap generated from 1.9.2. Supported version: 1.4.2. Some features may not be parsed fully.
00:13:06.174 [JavaFX Application Thread] DEBUG TMXLevelLoader       - Parsed TiledMap: file:/C:/Users/ADMIN/IdeaProjects/BombermanPlus/target/classes/assets/levels/bbm_level1.tmx
00:13:06.175 [JavaFX Application Thread] DEBUG TMXLevelLoader       - Creating tile layer entities
00:13:06.175 [JavaFX Application Thread] DEBUG TilesetLoader        - Loading view for layer Tile Layer 1
00:13:06.178 [JavaFX Application Thread] DEBUG TilesetLoader        - Created buffer with size 1488.0x720.0
00:13:06.244 [JavaFX Application Thread] DEBUG TMXLevelLoader       - Creating object layer entities
00:13:06.245 [JavaFX Application Thread] DEBUG FXGLAssetLoaderServi - Loading from file system: file:/C:/Users/ADMIN/IdeaProjects/BombermanPlus/target/classes/assets/textures/items/powerup_speed.png
00:13:06.251 [JavaFX Application Thread] DEBUG FXGLAssetLoaderServi - Loading from file system: file:/C:/Users/ADMIN/IdeaProjects/BombermanPlus/target/classes/assets/textures/items/powerup_flames.png
00:13:06.252 [JavaFX Application Thread] DEBUG FXGLAssetLoaderServi - Loading from file system: file:/C:/Users/ADMIN/IdeaProjects/BombermanPlus/target/classes/assets/textures/items/powerup_bombs.png
00:13:06.254 [JavaFX Application Thread] DEBUG FXGLAssetLoaderServi - Loading from file system: file:/C:/Users/ADMIN/IdeaProjects/BombermanPlus/target/classes/assets/textures/items/powerup_flamepass.png
00:13:06.256 [JavaFX Application Thread] DEBUG FXGLAssetLoaderServi - Loading from file system: file:/C:/Users/ADMIN/IdeaProjects/BombermanPlus/target/classes/assets/textures/items/portal.png
00:13:06.258 [JavaFX Application Thread] DEBUG FXGLAssetLoaderServi - Loading from file system: file:/C:/Users/ADMIN/IdeaProjects/BombermanPlus/target/classes/assets/textures/sprites.png
00:13:06.315 [JavaFX Application Thread] DEBUG FXGLAssetLoaderServi - Loading from file system: file:/C:/Users/ADMIN/IdeaProjects/BombermanPlus/target/classes/assets/textures/char2.png
00:13:06.346 [JavaFX Application Thread] DEBUG GameWorld            - Clearing removable entities
00:13:06.347 [JavaFX Application Thread] DEBUG GameWorld            - Setting level: com.almasb.fxgl.entity.level.Level@2ef355f8
00:13:06.381 [JavaFX Application Thread] DEBUG FXGLAssetLoaderServi - Loading from file system: file:/C:/Users/ADMIN/IdeaProjects/BombermanPlus/target/classes/assets/sounds/walk_2.wav
00:13:07.884 [JavaFX Application Thread] DEBUG FXGLAssetLoaderServi - Loading from file system: file:/C:/Users/ADMIN/IdeaProjects/BombermanPlus/target/classes/assets/sounds/walk_1.wav
00:13:10.796 [JavaFX Application Thread] DEBUG FXGLAssetLoaderServi - Loading from file system: file:/C:/Users/ADMIN/IdeaProjects/BombermanPlus/target/classes/assets/sounds/power_up.wav
00:13:11.893 [JavaFX Application Thread] DEBUG FXGLAssetLoaderServi - Loading from file system: file:/C:/Users/ADMIN/IdeaProjects/BombermanPlus/target/classes/assets/sounds/placed_bomb.wav
00:13:14.382 [JavaFX Application Thread] DEBUG FXGLAssetLoaderServi - Loading from file system: file:/C:/Users/ADMIN/IdeaProjects/BombermanPlus/target/classes/assets/sounds/bomb_exploded.wav
00:13:18.277 [JavaFX Application Thread] DEBUG FXGLAssetLoaderServi - Loading from file system: file:/C:/Users/ADMIN/IdeaProjects/BombermanPlus/target/classes/assets/sounds/enemy_die.wav
00:13:18.283 [JavaFX Application Thread] DEBUG EventBus             - Firing event: AchievementProgressEvent[value=2.0,max=5.0]
00:13:18.574 [JavaFX Application Thread] WARN  GameWorld            - Attempted to remove entity which is not active
00:13:31.409 [JavaFX Application Thread] DEBUG FXGLApplication      - Exiting FXGL
00:13:31.409 [JavaFX Application Thread] DEBUG LoopRunner           - Stopping loop
00:13:31.409 [JavaFX Application Thread] DEBUG SystemBundleService  - Saving FXGL system data
00:13:31.411 [JavaFX Application Thread] DEBUG FileSystemAccess     - Writing to: C:\Users\ADMIN\IdeaProjects\BombermanPlus\system\fxgl.bundle
00:13:31.413 [JavaFX Application Thread] DEBUG Async                - Shutting down background threads
00:13:31.413 [JavaFX Application Thread] DEBUG PrimaryStageWindow   - Closing main window
00:13:31.420 [JavaFX Application Thread] DEBUG Logger               - Closing Logger
