10:34:13.907 [main                     ] DEBUG Logger               - Configured Logger
10:34:13.927 [main                     ] DEBUG GameApplication      - Logging settings
Title: BOMBERMAN
Version: 1.0
Width: 1080
Height: 720
Fullscreen: false
Intro: false
Profiling: false
Single step:false
App Mode: DEVELOPER
Menu Key: ESCAPE
Stage Style: DECORATED
Scene Factory: class com.bomberman.bombermanplus.BombermanApp$1

10:34:14.290 [JavaFX Application Thread] DEBUG FXGLApplication      - Initializing FXGL
10:34:14.293 [JavaFX Application Thread] INFO  Engine               - FXGL-17.1 (24.03.2022 17.34) on WINDOWS (J:19 FX:19-ea)
10:34:14.294 [JavaFX Application Thread] DEBUG Engine               - JRE Vendor Name: Oracle Corporation
10:34:14.294 [JavaFX Application Thread] DEBUG Engine               - Running on OS: Windows 11 version 10.0
10:34:14.294 [JavaFX Application Thread] DEBUG Engine               - Architecture: amd64
10:34:14.294 [JavaFX Application Thread] INFO  Engine               - Source code and latest versions at: https://github.com/AlmasB/FXGL
10:34:14.294 [JavaFX Application Thread] INFO  Engine               -       Ask questions and discuss at: https://github.com/AlmasB/FXGL/discussions
10:34:14.294 [JavaFX Application Thread] INFO  Engine               -              Join the FXGL chat at: https://gitter.im/AlmasB/FXGL
10:34:14.381 [JavaFX Application Thread] DEBUG PrimaryStageWindow   - Creating a JavaFX scene
10:34:14.425 [JavaFX Application Thread] DEBUG PrimaryStageWindow   - Target settings size: 1080.0 x 720.0
10:34:14.426 [JavaFX Application Thread] DEBUG PrimaryStageWindow   - Scaled scene size:    1080.0 x 720.0
10:34:14.426 [JavaFX Application Thread] DEBUG PrimaryStageWindow   - Scaled ratio: (1.0, 1.0)
10:34:14.426 [JavaFX Application Thread] DEBUG PrimaryStageWindow   - Set initial scene to FXGLStartupScene
10:34:14.431 [JavaFX Application Thread] DEBUG PrimaryStageWindow   - Opening main window
10:34:14.511 [JavaFX Application Thread] DEBUG PrimaryStageWindow   - Window border size: (14.4000244140625, 37.5999755859375)
10:34:14.512 [JavaFX Application Thread] DEBUG PrimaryStageWindow   - Scaled size: 1080.0 x 720.0
10:34:14.512 [JavaFX Application Thread] DEBUG PrimaryStageWindow   - Scaled ratio: (1.0, 1.0)
10:34:14.513 [JavaFX Application Thread] DEBUG PrimaryStageWindow   - Scene size: 1080.0 x 720.0
10:34:14.513 [JavaFX Application Thread] DEBUG PrimaryStageWindow   - Stage size: 1094.4000244140625 x 757.5999755859375
10:34:14.528 [FXGL Background Thread 1 ] DEBUG Engine               - Initializing environment variables
10:34:14.594 [FXGL Background Thread 1 ] DEBUG FXGLAssetLoaderServi - User app class for loading assets: class com.bomberman.bombermanplus.BombermanApp
10:34:14.595 [FXGL Background Thread 1 ] DEBUG GameApplicationServi - Applying CSS: fxgl_dark.css
10:34:14.596 [FXGL Background Thread 1 ] DEBUG FXGLAssetLoaderServi - Loading from file system: jar:file:///C:/Users/ADMIN/.m2/repository/com/github/almasb/fxgl/17.1/fxgl-17.1.jar!/fxglassets/ui/css/fxgl_dark.css
10:34:14.629 [FXGL Background Thread 1 ] DEBUG GameApplicationServi - Initializing application scenes
10:34:14.667 [FXGL Background Thread 1 ] DEBUG GameWorld            - Game world initialized
10:34:14.733 [FXGL Background Thread 1 ] DEBUG PhysicsWorld         - Physics world initialized: appHeight=720, physics.ppm=50.0
10:34:14.733 [FXGL Background Thread 1 ] DEBUG PhysicsWorld         - Using strategy: BRUTE_FORCE
10:34:14.738 [FXGL Background Thread 1 ] DEBUG GameScene            - Game scene initialized: 1080x720
10:34:14.794 [FXGL Background Thread 1 ] DEBUG GameApplicationServi - Application scenes initialized
10:34:14.805 [FXGL Background Thread 1 ] DEBUG SystemBundleService  - Loading FXGL system data
10:34:14.813 [FXGL Background Thread 1 ] DEBUG FileSystemAccess     - Reading from: C:\Users\ADMIN\IdeaProjects\BombermanPlus\system\fxgl.bundle
10:34:14.827 [FXGL Background Thread 1 ] DEBUG SystemBundleService  - Bundle FXGL: {}
10:34:14.828 [FXGL Background Thread 1 ] DEBUG UpdaterService       - Checking for updates
10:34:14.867 [FXGL Background Thread 1 ] DEBUG FXGLApplication      - Loading default localization
10:34:14.867 [FXGL Background Thread 4 ] DEBUG FXGLApplication      - Loading fonts
10:34:14.868 [FXGL Background Thread 1 ] DEBUG FXGLAssetLoaderServi - Loading from file system: jar:file:///C:/Users/ADMIN/.m2/repository/com/github/almasb/fxgl/17.1/fxgl-17.1.jar!/fxglassets/languages/english.lang
10:34:14.868 [FXGL Background Thread 4 ] WARN  FXGLAssetLoaderServi - Asset "/assets/ui/fonts/Retro Gaming.ttf" was not found!
10:34:14.868 [FXGL Background Thread 4 ] WARN  FXGLAssetLoaderServi - Failed to load FONT
10:34:14.869 [FXGL Background Thread 4 ] DEBUG FXGLAssetLoaderServi - Loading from file system: jar:file:///C:/Users/ADMIN/.m2/repository/com/github/almasb/fxgl/17.1/fxgl-17.1.jar!/fxglassets/ui/fonts/Abel-Regular.ttf
10:34:14.888 [FXGL Background Thread 1 ] INFO  FXGLApplication      - FXGL initialization took: 0.360 sec
10:34:14.900 [JavaFX Application Thread] DEBUG Input                - Registered new binding: Move Right - D
10:34:14.901 [JavaFX Application Thread] DEBUG Input                - Registered new binding: Move Up - W
10:34:14.901 [JavaFX Application Thread] DEBUG Input                - Registered new binding: Move Down - S
10:34:14.901 [JavaFX Application Thread] DEBUG Input                - Registered new binding: Move Left - A
10:34:14.901 [JavaFX Application Thread] DEBUG Input                - Registered new binding: Place bomb - Space
10:34:14.902 [JavaFX Application Thread] DEBUG FXGLAssetLoaderServi - Loading from file system: file:/C:/Users/ADMIN/IdeaProjects/BombermanPlus/target/classes/assets/music/title_screen.mp3
10:34:14.994 [FXGL Background Thread 4 ] DEBUG FXGLAssetLoaderServi - Loading from file system: jar:file:///C:/Users/ADMIN/.m2/repository/com/github/almasb/fxgl/17.1/fxgl-17.1.jar!/fxglassets/ui/fonts/TerminalLandMono-Regular.otf
10:34:15.012 [FXGL Background Thread 4 ] DEBUG FXGLAssetLoaderServi - Loading from file system: jar:file:///C:/Users/ADMIN/.m2/repository/com/github/almasb/fxgl/17.1/fxgl-17.1.jar!/fxglassets/ui/fonts/Courier-Prime.ttf
10:34:15.460 [FXGL Background Thread 2 ] INFO  UpdaterService       - Your current version:  17.1
10:34:15.461 [FXGL Background Thread 2 ] INFO  UpdaterService       - Latest stable version: 17.2
10:34:15.665 [JavaFX Application Thread] DEBUG AudioPlayer          - Playing music com.almasb.fxgl.audio.Music@78fbd4ff
10:34:15.667 [JavaFX Application Thread] DEBUG FXGLAssetLoaderServi - Loading from file system: jar:file:///C:/Users/ADMIN/.m2/repository/com/github/almasb/fxgl/17.1/fxgl-17.1.jar!/fxglassets/textures/fxgl_icon.png
10:34:15.709 [JavaFX Application Thread] DEBUG FXGLAssetLoaderServi - Loading from file system: jar:file:///C:/Users/ADMIN/.m2/repository/com/github/almasb/fxgl/17.1/fxgl-17.1.jar!/fxglassets/textures/fxgl_default_cursor.png
10:34:15.715 [JavaFX Application Thread] DEBUG Input                - Registered new binding: Screenshot - CTRL+8
10:34:15.716 [JavaFX Application Thread] DEBUG Input                - Registered new binding: Dev Options - 1
10:34:15.716 [JavaFX Application Thread] DEBUG Input                - Registered new binding: Dev Console - 2
10:34:15.717 [JavaFX Application Thread] DEBUG Input                - Registered new binding: System info dump - CTRL+9
10:34:15.717 [JavaFX Application Thread] DEBUG Input                - Registered new binding: Restart - CTRL+R
10:34:15.718 [JavaFX Application Thread] DEBUG Input                - Registered new binding: Toggle Debug Camera - CTRL+7
10:34:15.723 [JavaFX Application Thread] DEBUG LoopRunner           - Starting loop
10:34:15.755 [JavaFX Application Thread] DEBUG LoopRunner           - Initializing JavaFX AnimationTimerLoop
10:34:15.761 [JavaFX Application Thread] DEBUG Input                - Clearing active input actions
10:34:15.774 [JavaFX Application Thread] DEBUG GameApplicationServi - Removing overlay from FXGLStartupScene and adding to FXGLMainMenuDummyScene
10:34:15.780 [JavaFX Application Thread] DEBUG PrimaryStageWindow   - FXGLStartupScene -> FXGLMainMenuDummyScene
10:34:15.781 [JavaFX Application Thread] DEBUG PrimaryStageWindow   - Push state: BombermanMenu
10:34:15.781 [JavaFX Application Thread] DEBUG Input                - Clearing active input actions
10:34:15.786 [JavaFX Application Thread] DEBUG GameApplicationServi - Removing overlay from FXGLMainMenuDummyScene and adding to BombermanMenu
10:34:15.787 [JavaFX Application Thread] DEBUG PrimaryStageWindow   - FXGLMainMenuDummyScene -> BombermanMenu
10:34:15.788 [JavaFX Application Thread] DEBUG FXGLApplication      - Registering font factories with UI factory
10:34:17.864 [FXGL Background Thread 3 ] DEBUG Engine               - Logging environment variables
10:34:17.864 [FXGL Background Thread 3 ] DEBUG Engine               - achievements: []
10:34:17.865 [FXGL Background Thread 3 ] DEBUG Engine               - actualHeight: 720.0
10:34:17.865 [FXGL Background Thread 3 ] DEBUG Engine               - actualHeightProperty: ReadOnlyDoubleProperty [value: 720.0]
10:34:17.865 [FXGL Background Thread 3 ] DEBUG Engine               - actualWidth: 1080.0
10:34:17.865 [FXGL Background Thread 3 ] DEBUG Engine               - actualWidthProperty: ReadOnlyDoubleProperty [value: 1080.0]
10:34:17.865 [FXGL Background Thread 3 ] DEBUG Engine               - appIcon: fxgl_icon.png
10:34:17.865 [FXGL Background Thread 3 ] DEBUG Engine               - applicationMode: DEVELOPER
10:34:17.865 [FXGL Background Thread 3 ] DEBUG Engine               - cSSList: [fxgl_dark.css]
10:34:17.865 [FXGL Background Thread 3 ] DEBUG Engine               - collisionDetectionStrategy: BRUTE_FORCE
10:34:17.865 [FXGL Background Thread 3 ] DEBUG Engine               - configClass: Optional.empty
10:34:17.865 [FXGL Background Thread 3 ] DEBUG Engine               - credits: []
10:34:17.866 [FXGL Background Thread 3 ] DEBUG Engine               - defaultCursor: CursorInfo(imageName=fxgl_default_cursor.png, hotspotX=7.0, hotspotY=6.0)
10:34:17.866 [FXGL Background Thread 3 ] DEBUG Engine               - devBBoxColorProperty: ObjectProperty [value: 0xff0000ff]
10:34:17.866 [FXGL Background Thread 3 ] DEBUG Engine               - devEnableDebugCameraProperty: BooleanProperty [value: false]
10:34:17.866 [FXGL Background Thread 3 ] DEBUG Engine               - devSensorColorProperty: ObjectProperty [value: 0xffff00ff]
10:34:17.866 [FXGL Background Thread 3 ] DEBUG Engine               - devShowBBoxProperty: BooleanProperty [value: false]
10:34:17.866 [FXGL Background Thread 3 ] DEBUG Engine               - devShowPositionProperty: BooleanProperty [value: false]
10:34:17.866 [FXGL Background Thread 3 ] DEBUG Engine               - enabledMenuItems: []
10:34:17.866 [FXGL Background Thread 3 ] DEBUG Engine               - engineServices: [class com.almasb.fxgl.app.services.FXGLAssetLoaderService, class com.almasb.fxgl.app.FXGLApplication$GameApplicationService, class com.almasb.fxgl.app.services.FXGLDialogService, class com.almasb.fxgl.app.services.IOTaskExecutorService, class com.almasb.fxgl.io.FileSystemService, class com.almasb.fxgl.localization.LocalizationService, class com.almasb.fxgl.app.services.SystemBundleService, class com.almasb.fxgl.profile.SaveLoadService, class com.almasb.fxgl.ui.FXGLUIFactoryServiceProvider, class com.almasb.fxgl.ui.FXGLDialogFactoryServiceProvider, class com.almasb.fxgl.audio.AudioPlayer, class com.almasb.fxgl.notification.impl.NotificationServiceProvider, class com.almasb.fxgl.achievement.AchievementService, class com.almasb.fxgl.cutscene.CutsceneService, class com.almasb.fxgl.minigames.MiniGameService, class com.almasb.fxgl.net.NetService, class com.almasb.fxgl.app.services.UpdaterService, class com.almasb.fxgl.dev.DevService]
10:34:17.866 [FXGL Background Thread 3 ] DEBUG Engine               - fontGame: Abel-Regular.ttf
10:34:17.866 [FXGL Background Thread 3 ] DEBUG Engine               - fontMono: TerminalLandMono-Regular.otf
10:34:17.866 [FXGL Background Thread 3 ] DEBUG Engine               - fontText: Courier-Prime.ttf
10:34:17.867 [FXGL Background Thread 3 ] DEBUG Engine               - fontUI: Retro Gaming.ttf
10:34:17.867 [FXGL Background Thread 3 ] DEBUG Engine               - fullScreen: BooleanProperty [value: false]
10:34:17.867 [FXGL Background Thread 3 ] DEBUG Engine               - gameDifficulty: MEDIUM
10:34:17.867 [FXGL Background Thread 3 ] DEBUG Engine               - gameDifficultyProperty: ObjectProperty [value: MEDIUM]
10:34:17.867 [FXGL Background Thread 3 ] DEBUG Engine               - globalMusicVolume: 0.5
10:34:17.867 [FXGL Background Thread 3 ] DEBUG Engine               - globalMusicVolumeProperty: DoubleProperty [value: 0.05]
10:34:17.867 [FXGL Background Thread 3 ] DEBUG Engine               - globalSoundVolume: 0.5
10:34:17.867 [FXGL Background Thread 3 ] DEBUG Engine               - globalSoundVolumeProperty: DoubleProperty [value: 0.4]
10:34:17.867 [FXGL Background Thread 3 ] DEBUG Engine               - height: 720
10:34:17.867 [FXGL Background Thread 3 ] DEBUG Engine               - is3D: false
10:34:17.867 [FXGL Background Thread 3 ] DEBUG Engine               - isAndroid: false
10:34:17.867 [FXGL Background Thread 3 ] DEBUG Engine               - isBrowser: false
10:34:17.867 [FXGL Background Thread 3 ] DEBUG Engine               - isClickFeedbackEnabled: false
10:34:17.867 [FXGL Background Thread 3 ] DEBUG Engine               - isCloseConfirmation: false
10:34:17.867 [FXGL Background Thread 3 ] DEBUG Engine               - isDesktop: true
10:34:17.867 [FXGL Background Thread 3 ] DEBUG Engine               - isDeveloperMenuEnabled: true
10:34:17.867 [FXGL Background Thread 3 ] DEBUG Engine               - isEmbedded: false
10:34:17.867 [FXGL Background Thread 3 ] DEBUG Engine               - isEntityPreloadEnabled: true
10:34:17.867 [FXGL Background Thread 3 ] DEBUG Engine               - isExperimentalTiledLargeMap: false
10:34:17.867 [FXGL Background Thread 3 ] DEBUG Engine               - isFileSystemWriteAllowed: true
10:34:17.867 [FXGL Background Thread 3 ] DEBUG Engine               - isFullScreenAllowed: false
10:34:17.868 [FXGL Background Thread 3 ] DEBUG Engine               - isFullScreenFromStart: false
10:34:17.868 [FXGL Background Thread 3 ] DEBUG Engine               - isGameMenuEnabled: true
10:34:17.868 [FXGL Background Thread 3 ] DEBUG Engine               - isIOS: false
10:34:17.868 [FXGL Background Thread 3 ] DEBUG Engine               - isIntroEnabled: false
10:34:17.868 [FXGL Background Thread 3 ] DEBUG Engine               - isLinux: false
10:34:17.868 [FXGL Background Thread 3 ] DEBUG Engine               - isMac: false
10:34:17.868 [FXGL Background Thread 3 ] DEBUG Engine               - isMainMenuEnabled: true
10:34:17.868 [FXGL Background Thread 3 ] DEBUG Engine               - isManualResizeEnabled: true
10:34:17.868 [FXGL Background Thread 3 ] DEBUG Engine               - isMobile: false
10:34:17.868 [FXGL Background Thread 3 ] DEBUG Engine               - isNative: false
10:34:17.868 [FXGL Background Thread 3 ] DEBUG Engine               - isPauseMusicWhenMinimized: true
10:34:17.868 [FXGL Background Thread 3 ] DEBUG Engine               - isPreserveResizeRatio: true
10:34:17.868 [FXGL Background Thread 3 ] DEBUG Engine               - isProfilingEnabled: false
10:34:17.868 [FXGL Background Thread 3 ] DEBUG Engine               - isScaleAffectedOnResize: true
10:34:17.868 [FXGL Background Thread 3 ] DEBUG Engine               - isSingleStep: false
10:34:17.868 [FXGL Background Thread 3 ] DEBUG Engine               - isUserProfileEnabled: false
10:34:17.868 [FXGL Background Thread 3 ] DEBUG Engine               - isWindows: true
10:34:17.868 [FXGL Background Thread 3 ] DEBUG Engine               - language: ObjectProperty [value: ENGLISH]
10:34:17.868 [FXGL Background Thread 3 ] DEBUG Engine               - menuKey: ESCAPE
10:34:17.868 [FXGL Background Thread 3 ] DEBUG Engine               - mouseSensitivity: 0.2
10:34:17.868 [FXGL Background Thread 3 ] DEBUG Engine               - notificationViewClass: class com.almasb.fxgl.notification.view.XboxNotificationView
10:34:17.868 [FXGL Background Thread 3 ] DEBUG Engine               - pixelsPerMeter: 50.0
10:34:17.868 [FXGL Background Thread 3 ] DEBUG Engine               - platform: WINDOWS
10:34:17.869 [FXGL Background Thread 3 ] DEBUG Engine               - prefHeightProperty: ReadOnlyDoubleProperty [value: 720.0]
10:34:17.869 [FXGL Background Thread 3 ] DEBUG Engine               - prefWidthProperty: ReadOnlyDoubleProperty [value: 1080.0]
10:34:17.869 [FXGL Background Thread 3 ] DEBUG Engine               - profileDir: profiles/
10:34:17.869 [FXGL Background Thread 3 ] DEBUG Engine               - profileName: StringProperty [value: DEFAULT]
10:34:17.869 [FXGL Background Thread 3 ] DEBUG Engine               - randomSeed: -1
10:34:17.869 [FXGL Background Thread 3 ] DEBUG Engine               - runtimeInfo: RuntimeInfo(platform=WINDOWS, version=17.1, build=24.03.2022 17.34)
10:34:17.869 [FXGL Background Thread 3 ] DEBUG Engine               - saveFileExt: sav
10:34:17.869 [FXGL Background Thread 3 ] DEBUG Engine               - scaledHeightProp$fxgl: DoubleProperty [bound, value: 720.0]
10:34:17.869 [FXGL Background Thread 3 ] DEBUG Engine               - scaledWidthProp$fxgl: DoubleProperty [bound, value: 1080.0]
10:34:17.869 [FXGL Background Thread 3 ] DEBUG Engine               - sceneFactory: com.bomberman.bombermanplus.BombermanApp$1@21aa030f
10:34:17.869 [FXGL Background Thread 3 ] DEBUG Engine               - secondsIn24h: 60
10:34:17.869 [FXGL Background Thread 3 ] DEBUG Engine               - soundMenuBack: menu/back.wav
10:34:17.869 [FXGL Background Thread 3 ] DEBUG Engine               - soundMenuPress: menu/press.wav
10:34:17.869 [FXGL Background Thread 3 ] DEBUG Engine               - soundMenuSelect: menu/select.wav
10:34:17.869 [FXGL Background Thread 3 ] DEBUG Engine               - soundNotification: core/notification.wav
10:34:17.869 [FXGL Background Thread 3 ] DEBUG Engine               - stageStyle: DECORATED
10:34:17.869 [FXGL Background Thread 3 ] DEBUG Engine               - supportedLanguages: [ENGLISH, FRENCH, GERMAN, HUNGARIAN, RUSSIAN]
10:34:17.869 [FXGL Background Thread 3 ] DEBUG Engine               - ticksPerSecond: -1
10:34:17.869 [FXGL Background Thread 3 ] DEBUG Engine               - title: BOMBERMAN
10:34:17.869 [FXGL Background Thread 3 ] DEBUG Engine               - urlGithub: https://github.com/AlmasB/FXGL
10:34:17.870 [FXGL Background Thread 3 ] DEBUG Engine               - urlLeaderboard: http://fxgl-top.herokuapp.com/
10:34:17.870 [FXGL Background Thread 3 ] DEBUG Engine               - urlPOM: https://raw.githubusercontent.com/AlmasB/FXGL/release/README.md
10:34:17.870 [FXGL Background Thread 3 ] DEBUG Engine               - userAppClass: class com.bomberman.bombermanplus.BombermanApp
10:34:17.870 [FXGL Background Thread 3 ] DEBUG Engine               - version: 1.0
10:34:17.870 [FXGL Background Thread 3 ] DEBUG Engine               - versionCheckDays: 7
10:34:17.870 [FXGL Background Thread 3 ] DEBUG Engine               - width: 1080
10:34:17.870 [FXGL Background Thread 3 ] DEBUG Engine               - Logging services
10:34:17.870 [FXGL Background Thread 3 ] DEBUG Engine               - class com.almasb.fxgl.app.services.FXGLAssetLoaderService
10:34:17.870 [FXGL Background Thread 3 ] DEBUG Engine               - class com.almasb.fxgl.app.FXGLApplication$GameApplicationService
10:34:17.870 [FXGL Background Thread 3 ] DEBUG Engine               - class com.almasb.fxgl.app.services.FXGLDialogService
10:34:17.870 [FXGL Background Thread 3 ] DEBUG Engine               - class com.almasb.fxgl.app.services.IOTaskExecutorService
10:34:17.870 [FXGL Background Thread 3 ] DEBUG Engine               - class com.almasb.fxgl.io.FileSystemService
10:34:17.870 [FXGL Background Thread 3 ] DEBUG Engine               - class com.almasb.fxgl.localization.LocalizationService
10:34:17.870 [FXGL Background Thread 3 ] DEBUG Engine               - class com.almasb.fxgl.app.services.SystemBundleService
10:34:17.870 [FXGL Background Thread 3 ] DEBUG Engine               - class com.almasb.fxgl.profile.SaveLoadService
10:34:17.870 [FXGL Background Thread 3 ] DEBUG Engine               - class com.almasb.fxgl.ui.FXGLUIFactoryServiceProvider
10:34:17.870 [FXGL Background Thread 3 ] DEBUG Engine               - class com.almasb.fxgl.ui.FXGLDialogFactoryServiceProvider
10:34:17.870 [FXGL Background Thread 3 ] DEBUG Engine               - class com.almasb.fxgl.audio.AudioPlayer
10:34:17.870 [FXGL Background Thread 3 ] DEBUG Engine               - class com.almasb.fxgl.notification.impl.NotificationServiceProvider
10:34:17.870 [FXGL Background Thread 3 ] DEBUG Engine               - class com.almasb.fxgl.achievement.AchievementService
10:34:17.870 [FXGL Background Thread 3 ] DEBUG Engine               - class com.almasb.fxgl.cutscene.CutsceneService
10:34:17.870 [FXGL Background Thread 3 ] DEBUG Engine               - class com.almasb.fxgl.minigames.MiniGameService
10:34:17.870 [FXGL Background Thread 3 ] DEBUG Engine               - class com.almasb.fxgl.net.NetService
10:34:17.870 [FXGL Background Thread 3 ] DEBUG Engine               - class com.almasb.fxgl.app.services.UpdaterService
10:34:17.870 [FXGL Background Thread 3 ] DEBUG Engine               - class com.almasb.fxgl.dev.DevService
10:34:20.238 [JavaFX Application Thread] DEBUG Menu                 - fireNewGame()
10:34:20.238 [JavaFX Application Thread] DEBUG GameApplicationServi - Starting new game
10:34:20.238 [JavaFX Application Thread] DEBUG PrimaryStageWindow   - Pop state: BombermanMenu
10:34:20.238 [JavaFX Application Thread] DEBUG Input                - Clearing active input actions
10:34:20.239 [JavaFX Application Thread] DEBUG GameApplicationServi - Removing overlay from BombermanMenu and adding to FXGLMainMenuDummyScene
10:34:20.240 [JavaFX Application Thread] DEBUG PrimaryStageWindow   - FXGLMainMenuDummyScene <- BombermanMenu
10:34:20.240 [JavaFX Application Thread] DEBUG Input                - Clearing active input actions
10:34:20.244 [JavaFX Application Thread] DEBUG GameApplicationServi - Removing overlay from FXGLMainMenuDummyScene and adding to FXGLLoadingScene
10:34:20.244 [JavaFX Application Thread] DEBUG PrimaryStageWindow   - FXGLMainMenuDummyScene -> FXGLLoadingScene
10:34:20.244 [JavaFX Application Thread] DEBUG GameApplicationServi - Clearing previous game
10:34:20.244 [JavaFX Application Thread] DEBUG GameScene            - Clearing game scene
10:34:20.245 [JavaFX Application Thread] DEBUG GameWorld            - Clearing game world
10:34:20.245 [JavaFX Application Thread] DEBUG PhysicsWorld         - Clearing physics world
10:34:20.246 [FXGL Background Thread 2 ] DEBUG FXGLApplication      - Initializing game
10:34:20.252 [FXGL Background Thread 2 ] DEBUG FXGLAssetLoaderServi - Loading from file system: file:/C:/Users/ADMIN/IdeaProjects/BombermanPlus/target/classes/assets/sounds/stage_start.wav
10:34:20.281 [FXGL Background Thread 2 ] INFO  FXGLApplication      - Game initialization took: 0.034 sec
10:34:20.292 [JavaFX Application Thread] DEBUG Input                - Clearing active input actions
10:34:20.296 [JavaFX Application Thread] DEBUG GameApplicationServi - Removing overlay from FXGLLoadingScene and adding to GameScene
10:34:20.298 [JavaFX Application Thread] DEBUG PrimaryStageWindow   - FXGLLoadingScene -> GameScene
10:34:23.360 [JavaFX Application Thread] WARN  TMXLevelLoader       - TiledMap generated from 1.9.2. Supported version: 1.4.2. Some features may not be parsed fully.
10:34:23.378 [JavaFX Application Thread] DEBUG TMXLevelLoader       - Parsed TiledMap: file:/C:/Users/ADMIN/IdeaProjects/BombermanPlus/target/classes/assets/levels/bbm_level1.tmx
10:34:23.379 [JavaFX Application Thread] DEBUG TMXLevelLoader       - Creating tile layer entities
10:34:23.380 [JavaFX Application Thread] DEBUG TilesetLoader        - Loading view for layer Tile Layer 1
10:34:23.384 [JavaFX Application Thread] DEBUG TilesetLoader        - Created buffer with size 1488.0x720.0
10:34:23.458 [JavaFX Application Thread] DEBUG TMXLevelLoader       - Creating object layer entities
10:34:23.459 [JavaFX Application Thread] DEBUG FXGLAssetLoaderServi - Loading from file system: file:/C:/Users/ADMIN/IdeaProjects/BombermanPlus/target/classes/assets/textures/items/powerup_speed.png
10:34:23.466 [JavaFX Application Thread] DEBUG FXGLAssetLoaderServi - Loading from file system: file:/C:/Users/ADMIN/IdeaProjects/BombermanPlus/target/classes/assets/textures/items/powerup_flames.png
10:34:23.467 [JavaFX Application Thread] DEBUG FXGLAssetLoaderServi - Loading from file system: file:/C:/Users/ADMIN/IdeaProjects/BombermanPlus/target/classes/assets/textures/items/powerup_bombs.png
10:34:23.469 [JavaFX Application Thread] DEBUG FXGLAssetLoaderServi - Loading from file system: file:/C:/Users/ADMIN/IdeaProjects/BombermanPlus/target/classes/assets/textures/items/powerup_flamepass.png
10:34:23.472 [JavaFX Application Thread] DEBUG FXGLAssetLoaderServi - Loading from file system: file:/C:/Users/ADMIN/IdeaProjects/BombermanPlus/target/classes/assets/textures/items/portal.png
10:34:23.476 [JavaFX Application Thread] DEBUG FXGLAssetLoaderServi - Loading from file system: file:/C:/Users/ADMIN/IdeaProjects/BombermanPlus/target/classes/assets/textures/sprites.png
10:34:23.554 [JavaFX Application Thread] DEBUG GameWorld            - Clearing removable entities
10:34:23.555 [JavaFX Application Thread] DEBUG GameWorld            - Setting level: com.almasb.fxgl.entity.level.Level@62801da7
10:34:25.475 [JavaFX Application Thread] DEBUG FXGLAssetLoaderServi - Loading from file system: file:/C:/Users/ADMIN/IdeaProjects/BombermanPlus/target/classes/assets/sounds/bomb_explored.wav
10:34:27.644 [JavaFX Application Thread] DEBUG FXGLApplication      - Exiting FXGL
10:34:27.644 [JavaFX Application Thread] DEBUG LoopRunner           - Stopping loop
10:34:27.644 [JavaFX Application Thread] DEBUG SystemBundleService  - Saving FXGL system data
10:34:27.647 [JavaFX Application Thread] DEBUG FileSystemAccess     - Writing to: C:\Users\ADMIN\IdeaProjects\BombermanPlus\system\fxgl.bundle
10:34:27.648 [JavaFX Application Thread] DEBUG Async                - Shutting down background threads
10:34:27.649 [JavaFX Application Thread] DEBUG PrimaryStageWindow   - Closing main window
10:34:27.660 [JavaFX Application Thread] DEBUG Logger               - Closing Logger
