17:28:44.646 [main                     ] DEBUG Logger               - Configured Logger
17:28:44.661 [main                     ] DEBUG GameApplication      - Logging settings
Title: BOMBERMAN
Version: 1.0
Width: 1080
Height: 720
Fullscreen: false
Intro: false
Profiling: false
Single step:false
App Mode: DEVELOPER
Menu Key: ESCAPE
Stage Style: DECORATED
Scene Factory: class com.bomberman.bombermanplus.BombermanApp$1

17:28:45.065 [JavaFX Application Thread] DEBUG FXGLApplication      - Initializing FXGL
17:28:45.068 [JavaFX Application Thread] INFO  Engine               - FXGL-17.1 (24.03.2022 17.34) on WINDOWS (J:19 FX:19-ea)
17:28:45.069 [JavaFX Application Thread] DEBUG Engine               - JRE Vendor Name: Oracle Corporation
17:28:45.069 [JavaFX Application Thread] DEBUG Engine               - Running on OS: Windows 11 version 10.0
17:28:45.069 [JavaFX Application Thread] DEBUG Engine               - Architecture: amd64
17:28:45.069 [JavaFX Application Thread] INFO  Engine               - Source code and latest versions at: https://github.com/AlmasB/FXGL
17:28:45.069 [JavaFX Application Thread] INFO  Engine               -       Ask questions and discuss at: https://github.com/AlmasB/FXGL/discussions
17:28:45.069 [JavaFX Application Thread] INFO  Engine               -              Join the FXGL chat at: https://gitter.im/AlmasB/FXGL
17:28:45.152 [JavaFX Application Thread] DEBUG PrimaryStageWindow   - Creating a JavaFX scene
17:28:45.195 [JavaFX Application Thread] DEBUG PrimaryStageWindow   - Target settings size: 1080.0 x 720.0
17:28:45.195 [JavaFX Application Thread] DEBUG PrimaryStageWindow   - Scaled scene size:    1080.0 x 720.0
17:28:45.195 [JavaFX Application Thread] DEBUG PrimaryStageWindow   - Scaled ratio: (1.0, 1.0)
17:28:45.196 [JavaFX Application Thread] DEBUG PrimaryStageWindow   - Set initial scene to FXGLStartupScene
17:28:45.201 [JavaFX Application Thread] DEBUG PrimaryStageWindow   - Opening main window
17:28:45.277 [JavaFX Application Thread] DEBUG PrimaryStageWindow   - Window border size: (14.4000244140625, 37.5999755859375)
17:28:45.277 [JavaFX Application Thread] DEBUG PrimaryStageWindow   - Scaled size: 1080.0 x 720.0
17:28:45.277 [JavaFX Application Thread] DEBUG PrimaryStageWindow   - Scaled ratio: (1.0, 1.0)
17:28:45.277 [JavaFX Application Thread] DEBUG PrimaryStageWindow   - Scene size: 1080.0 x 720.0
17:28:45.277 [JavaFX Application Thread] DEBUG PrimaryStageWindow   - Stage size: 1094.4000244140625 x 757.5999755859375
17:28:45.286 [FXGL Background Thread 1 ] DEBUG Engine               - Initializing environment variables
17:28:45.334 [FXGL Background Thread 1 ] DEBUG FXGLAssetLoaderServi - User app class for loading assets: class com.bomberman.bombermanplus.BombermanApp
17:28:45.335 [FXGL Background Thread 1 ] DEBUG GameApplicationServi - Applying CSS: fxgl_dark.css
17:28:45.336 [FXGL Background Thread 1 ] DEBUG FXGLAssetLoaderServi - Loading from file system: jar:file:///C:/Users/ADMIN/.m2/repository/com/github/almasb/fxgl/17.1/fxgl-17.1.jar!/fxglassets/ui/css/fxgl_dark.css
17:28:45.369 [FXGL Background Thread 1 ] DEBUG GameApplicationServi - Initializing application scenes
17:28:45.407 [FXGL Background Thread 1 ] DEBUG GameWorld            - Game world initialized
17:28:45.461 [FXGL Background Thread 1 ] DEBUG PhysicsWorld         - Physics world initialized: appHeight=720, physics.ppm=50.0
17:28:45.461 [FXGL Background Thread 1 ] DEBUG PhysicsWorld         - Using strategy: BRUTE_FORCE
17:28:45.467 [FXGL Background Thread 1 ] DEBUG GameScene            - Game scene initialized: 1080x720
17:28:45.515 [FXGL Background Thread 1 ] DEBUG GameApplicationServi - Application scenes initialized
17:28:45.524 [FXGL Background Thread 1 ] DEBUG SystemBundleService  - Loading FXGL system data
17:28:45.530 [FXGL Background Thread 1 ] DEBUG FileSystemAccess     - Reading from: C:\Users\ADMIN\IdeaProjects\BombermanPlus\system\fxgl.bundle
17:28:45.540 [FXGL Background Thread 1 ] DEBUG SystemBundleService  - Bundle FXGL: {}
17:28:45.540 [FXGL Background Thread 1 ] DEBUG UpdaterService       - Checking for updates
17:28:45.561 [FXGL Background Thread 4 ] DEBUG FXGLApplication      - Loading fonts
17:28:45.561 [FXGL Background Thread 1 ] DEBUG FXGLApplication      - Loading default localization
17:28:45.561 [FXGL Background Thread 4 ] WARN  FXGLAssetLoaderServi - Asset "/assets/ui/fonts/Retro Gaming.ttf" was not found!
17:28:45.561 [FXGL Background Thread 1 ] DEBUG FXGLAssetLoaderServi - Loading from file system: jar:file:///C:/Users/ADMIN/.m2/repository/com/github/almasb/fxgl/17.1/fxgl-17.1.jar!/fxglassets/languages/english.lang
17:28:45.561 [FXGL Background Thread 4 ] WARN  FXGLAssetLoaderServi - Failed to load FONT
17:28:45.562 [FXGL Background Thread 4 ] DEBUG FXGLAssetLoaderServi - Loading from file system: jar:file:///C:/Users/ADMIN/.m2/repository/com/github/almasb/fxgl/17.1/fxgl-17.1.jar!/fxglassets/ui/fonts/Abel-Regular.ttf
17:28:45.573 [FXGL Background Thread 1 ] INFO  FXGLApplication      - FXGL initialization took: 0.286 sec
17:28:45.585 [JavaFX Application Thread] DEBUG Input                - Registered new binding: Move Right - D
17:28:45.586 [JavaFX Application Thread] DEBUG Input                - Registered new binding: Move Up - W
17:28:45.586 [JavaFX Application Thread] DEBUG Input                - Registered new binding: Move Down - S
17:28:45.586 [JavaFX Application Thread] DEBUG Input                - Registered new binding: Move Left - A
17:28:45.586 [JavaFX Application Thread] DEBUG Input                - Registered new binding: Place bomb - Space
17:28:45.587 [JavaFX Application Thread] DEBUG FXGLAssetLoaderServi - Loading from file system: file:/C:/Users/ADMIN/IdeaProjects/BombermanPlus/target/classes/assets/music/title_screen.mp3
17:28:45.666 [FXGL Background Thread 4 ] DEBUG FXGLAssetLoaderServi - Loading from file system: jar:file:///C:/Users/ADMIN/.m2/repository/com/github/almasb/fxgl/17.1/fxgl-17.1.jar!/fxglassets/ui/fonts/TerminalLandMono-Regular.otf
17:28:45.689 [FXGL Background Thread 4 ] DEBUG FXGLAssetLoaderServi - Loading from file system: jar:file:///C:/Users/ADMIN/.m2/repository/com/github/almasb/fxgl/17.1/fxgl-17.1.jar!/fxglassets/ui/fonts/Courier-Prime.ttf
17:28:46.372 [JavaFX Application Thread] DEBUG AudioPlayer          - Playing music com.almasb.fxgl.audio.Music@6feac3ba
17:28:46.373 [JavaFX Application Thread] DEBUG FXGLAssetLoaderServi - Loading from file system: jar:file:///C:/Users/ADMIN/.m2/repository/com/github/almasb/fxgl/17.1/fxgl-17.1.jar!/fxglassets/textures/fxgl_icon.png
17:28:46.397 [JavaFX Application Thread] DEBUG FXGLAssetLoaderServi - Loading from file system: jar:file:///C:/Users/ADMIN/.m2/repository/com/github/almasb/fxgl/17.1/fxgl-17.1.jar!/fxglassets/textures/fxgl_default_cursor.png
17:28:46.399 [JavaFX Application Thread] DEBUG Input                - Registered new binding: Screenshot - CTRL+8
17:28:46.400 [JavaFX Application Thread] DEBUG Input                - Registered new binding: Dev Options - 1
17:28:46.400 [JavaFX Application Thread] DEBUG Input                - Registered new binding: Dev Console - 2
17:28:46.401 [JavaFX Application Thread] DEBUG Input                - Registered new binding: System info dump - CTRL+9
17:28:46.401 [JavaFX Application Thread] DEBUG Input                - Registered new binding: Restart - CTRL+R
17:28:46.401 [JavaFX Application Thread] DEBUG Input                - Registered new binding: Toggle Debug Camera - CTRL+7
17:28:46.404 [JavaFX Application Thread] DEBUG LoopRunner           - Starting loop
17:28:46.414 [JavaFX Application Thread] DEBUG LoopRunner           - Initializing JavaFX AnimationTimerLoop
17:28:46.416 [JavaFX Application Thread] DEBUG Input                - Clearing active input actions
17:28:46.423 [JavaFX Application Thread] DEBUG GameApplicationServi - Removing overlay from FXGLStartupScene and adding to FXGLMainMenuDummyScene
17:28:46.426 [JavaFX Application Thread] DEBUG PrimaryStageWindow   - FXGLStartupScene -> FXGLMainMenuDummyScene
17:28:46.426 [JavaFX Application Thread] DEBUG PrimaryStageWindow   - Push state: BombermanMenu
17:28:46.426 [JavaFX Application Thread] DEBUG Input                - Clearing active input actions
17:28:46.427 [JavaFX Application Thread] DEBUG GameApplicationServi - Removing overlay from FXGLMainMenuDummyScene and adding to BombermanMenu
17:28:46.428 [JavaFX Application Thread] DEBUG PrimaryStageWindow   - FXGLMainMenuDummyScene -> BombermanMenu
17:28:46.435 [JavaFX Application Thread] DEBUG FXGLApplication      - Registering font factories with UI factory
17:28:46.439 [FXGL Background Thread 2 ] INFO  UpdaterService       - Your current version:  17.1
17:28:46.439 [FXGL Background Thread 2 ] INFO  UpdaterService       - Latest stable version: 17.2
17:28:47.662 [JavaFX Application Thread] DEBUG Menu                 - fireNewGame()
17:28:47.662 [JavaFX Application Thread] DEBUG GameApplicationServi - Starting new game
17:28:47.662 [JavaFX Application Thread] DEBUG PrimaryStageWindow   - Pop state: BombermanMenu
17:28:47.662 [JavaFX Application Thread] DEBUG Input                - Clearing active input actions
17:28:47.663 [JavaFX Application Thread] DEBUG GameApplicationServi - Removing overlay from BombermanMenu and adding to FXGLMainMenuDummyScene
17:28:47.664 [JavaFX Application Thread] DEBUG PrimaryStageWindow   - FXGLMainMenuDummyScene <- BombermanMenu
17:28:47.664 [JavaFX Application Thread] DEBUG Input                - Clearing active input actions
17:28:47.668 [JavaFX Application Thread] DEBUG GameApplicationServi - Removing overlay from FXGLMainMenuDummyScene and adding to FXGLLoadingScene
17:28:47.668 [JavaFX Application Thread] DEBUG PrimaryStageWindow   - FXGLMainMenuDummyScene -> FXGLLoadingScene
17:28:47.668 [JavaFX Application Thread] DEBUG GameApplicationServi - Clearing previous game
17:28:47.668 [JavaFX Application Thread] DEBUG GameScene            - Clearing game scene
17:28:47.668 [JavaFX Application Thread] DEBUG GameWorld            - Clearing game world
17:28:47.668 [JavaFX Application Thread] DEBUG PhysicsWorld         - Clearing physics world
17:28:47.670 [FXGL Background Thread 2 ] DEBUG FXGLApplication      - Initializing game
17:28:47.690 [FXGL Background Thread 2 ] DEBUG FXGLAssetLoaderServi - Loading from file system: file:/C:/Users/ADMIN/IdeaProjects/BombermanPlus/target/classes/assets/sounds/stage_start.wav
17:28:47.726 [FXGL Background Thread 2 ] INFO  FXGLApplication      - Game initialization took: 0.056 sec
17:28:47.726 [JavaFX Application Thread] DEBUG Input                - Clearing active input actions
17:28:47.732 [JavaFX Application Thread] DEBUG GameApplicationServi - Removing overlay from FXGLLoadingScene and adding to GameScene
17:28:47.734 [JavaFX Application Thread] DEBUG PrimaryStageWindow   - FXGLLoadingScene -> GameScene
17:28:48.561 [FXGL Background Thread 3 ] DEBUG Engine               - Logging environment variables
17:28:48.561 [FXGL Background Thread 3 ] DEBUG Engine               - achievements: []
17:28:48.561 [FXGL Background Thread 3 ] DEBUG Engine               - actualHeight: 720.0
17:28:48.561 [FXGL Background Thread 3 ] DEBUG Engine               - actualHeightProperty: ReadOnlyDoubleProperty [value: 720.0]
17:28:48.561 [FXGL Background Thread 3 ] DEBUG Engine               - actualWidth: 1080.0
17:28:48.561 [FXGL Background Thread 3 ] DEBUG Engine               - actualWidthProperty: ReadOnlyDoubleProperty [value: 1080.0]
17:28:48.561 [FXGL Background Thread 3 ] DEBUG Engine               - appIcon: fxgl_icon.png
17:28:48.561 [FXGL Background Thread 3 ] DEBUG Engine               - applicationMode: DEVELOPER
17:28:48.561 [FXGL Background Thread 3 ] DEBUG Engine               - cSSList: [fxgl_dark.css]
17:28:48.562 [FXGL Background Thread 3 ] DEBUG Engine               - collisionDetectionStrategy: BRUTE_FORCE
17:28:48.562 [FXGL Background Thread 3 ] DEBUG Engine               - configClass: Optional.empty
17:28:48.562 [FXGL Background Thread 3 ] DEBUG Engine               - credits: []
17:28:48.562 [FXGL Background Thread 3 ] DEBUG Engine               - defaultCursor: CursorInfo(imageName=fxgl_default_cursor.png, hotspotX=7.0, hotspotY=6.0)
17:28:48.563 [FXGL Background Thread 3 ] DEBUG Engine               - devBBoxColorProperty: ObjectProperty [value: 0xff0000ff]
17:28:48.563 [FXGL Background Thread 3 ] DEBUG Engine               - devEnableDebugCameraProperty: BooleanProperty [value: false]
17:28:48.563 [FXGL Background Thread 3 ] DEBUG Engine               - devSensorColorProperty: ObjectProperty [value: 0xffff00ff]
17:28:48.563 [FXGL Background Thread 3 ] DEBUG Engine               - devShowBBoxProperty: BooleanProperty [value: false]
17:28:48.563 [FXGL Background Thread 3 ] DEBUG Engine               - devShowPositionProperty: BooleanProperty [value: false]
17:28:48.563 [FXGL Background Thread 3 ] DEBUG Engine               - enabledMenuItems: []
17:28:48.563 [FXGL Background Thread 3 ] DEBUG Engine               - engineServices: [class com.almasb.fxgl.app.services.FXGLAssetLoaderService, class com.almasb.fxgl.app.FXGLApplication$GameApplicationService, class com.almasb.fxgl.app.services.FXGLDialogService, class com.almasb.fxgl.app.services.IOTaskExecutorService, class com.almasb.fxgl.io.FileSystemService, class com.almasb.fxgl.localization.LocalizationService, class com.almasb.fxgl.app.services.SystemBundleService, class com.almasb.fxgl.profile.SaveLoadService, class com.almasb.fxgl.ui.FXGLUIFactoryServiceProvider, class com.almasb.fxgl.ui.FXGLDialogFactoryServiceProvider, class com.almasb.fxgl.audio.AudioPlayer, class com.almasb.fxgl.notification.impl.NotificationServiceProvider, class com.almasb.fxgl.achievement.AchievementService, class com.almasb.fxgl.cutscene.CutsceneService, class com.almasb.fxgl.minigames.MiniGameService, class com.almasb.fxgl.net.NetService, class com.almasb.fxgl.app.services.UpdaterService, class com.almasb.fxgl.dev.DevService]
17:28:48.563 [FXGL Background Thread 3 ] DEBUG Engine               - fontGame: Abel-Regular.ttf
17:28:48.563 [FXGL Background Thread 3 ] DEBUG Engine               - fontMono: TerminalLandMono-Regular.otf
17:28:48.563 [FXGL Background Thread 3 ] DEBUG Engine               - fontText: Courier-Prime.ttf
17:28:48.563 [FXGL Background Thread 3 ] DEBUG Engine               - fontUI: Retro Gaming.ttf
17:28:48.563 [FXGL Background Thread 3 ] DEBUG Engine               - fullScreen: BooleanProperty [value: false]
17:28:48.563 [FXGL Background Thread 3 ] DEBUG Engine               - gameDifficulty: MEDIUM
17:28:48.563 [FXGL Background Thread 3 ] DEBUG Engine               - gameDifficultyProperty: ObjectProperty [value: MEDIUM]
17:28:48.563 [FXGL Background Thread 3 ] DEBUG Engine               - globalMusicVolume: 0.5
17:28:48.563 [FXGL Background Thread 3 ] DEBUG Engine               - globalMusicVolumeProperty: DoubleProperty [value: 0.0]
17:28:48.563 [FXGL Background Thread 3 ] DEBUG Engine               - globalSoundVolume: 0.5
17:28:48.563 [FXGL Background Thread 3 ] DEBUG Engine               - globalSoundVolumeProperty: DoubleProperty [value: 0.4]
17:28:48.563 [FXGL Background Thread 3 ] DEBUG Engine               - height: 720
17:28:48.563 [FXGL Background Thread 3 ] DEBUG Engine               - is3D: false
17:28:48.564 [FXGL Background Thread 3 ] DEBUG Engine               - isAndroid: false
17:28:48.564 [FXGL Background Thread 3 ] DEBUG Engine               - isBrowser: false
17:28:48.564 [FXGL Background Thread 3 ] DEBUG Engine               - isClickFeedbackEnabled: false
17:28:48.564 [FXGL Background Thread 3 ] DEBUG Engine               - isCloseConfirmation: false
17:28:48.564 [FXGL Background Thread 3 ] DEBUG Engine               - isDesktop: true
17:28:48.564 [FXGL Background Thread 3 ] DEBUG Engine               - isDeveloperMenuEnabled: true
17:28:48.564 [FXGL Background Thread 3 ] DEBUG Engine               - isEmbedded: false
17:28:48.564 [FXGL Background Thread 3 ] DEBUG Engine               - isEntityPreloadEnabled: true
17:28:48.564 [FXGL Background Thread 3 ] DEBUG Engine               - isExperimentalTiledLargeMap: false
17:28:48.564 [FXGL Background Thread 3 ] DEBUG Engine               - isFileSystemWriteAllowed: true
17:28:48.564 [FXGL Background Thread 3 ] DEBUG Engine               - isFullScreenAllowed: false
17:28:48.564 [FXGL Background Thread 3 ] DEBUG Engine               - isFullScreenFromStart: false
17:28:48.564 [FXGL Background Thread 3 ] DEBUG Engine               - isGameMenuEnabled: true
17:28:48.564 [FXGL Background Thread 3 ] DEBUG Engine               - isIOS: false
17:28:48.564 [FXGL Background Thread 3 ] DEBUG Engine               - isIntroEnabled: false
17:28:48.564 [FXGL Background Thread 3 ] DEBUG Engine               - isLinux: false
17:28:48.564 [FXGL Background Thread 3 ] DEBUG Engine               - isMac: false
17:28:48.564 [FXGL Background Thread 3 ] DEBUG Engine               - isMainMenuEnabled: true
17:28:48.564 [FXGL Background Thread 3 ] DEBUG Engine               - isManualResizeEnabled: true
17:28:48.564 [FXGL Background Thread 3 ] DEBUG Engine               - isMobile: false
17:28:48.564 [FXGL Background Thread 3 ] DEBUG Engine               - isNative: false
17:28:48.564 [FXGL Background Thread 3 ] DEBUG Engine               - isPauseMusicWhenMinimized: true
17:28:48.564 [FXGL Background Thread 3 ] DEBUG Engine               - isPreserveResizeRatio: true
17:28:48.564 [FXGL Background Thread 3 ] DEBUG Engine               - isProfilingEnabled: false
17:28:48.564 [FXGL Background Thread 3 ] DEBUG Engine               - isScaleAffectedOnResize: true
17:28:48.564 [FXGL Background Thread 3 ] DEBUG Engine               - isSingleStep: false
17:28:48.565 [FXGL Background Thread 3 ] DEBUG Engine               - isUserProfileEnabled: false
17:28:48.565 [FXGL Background Thread 3 ] DEBUG Engine               - isWindows: true
17:28:48.565 [FXGL Background Thread 3 ] DEBUG Engine               - language: ObjectProperty [value: ENGLISH]
17:28:48.565 [FXGL Background Thread 3 ] DEBUG Engine               - menuKey: ESCAPE
17:28:48.565 [FXGL Background Thread 3 ] DEBUG Engine               - mouseSensitivity: 0.2
17:28:48.565 [FXGL Background Thread 3 ] DEBUG Engine               - notificationViewClass: class com.almasb.fxgl.notification.view.XboxNotificationView
17:28:48.565 [FXGL Background Thread 3 ] DEBUG Engine               - pixelsPerMeter: 50.0
17:28:48.565 [FXGL Background Thread 3 ] DEBUG Engine               - platform: WINDOWS
17:28:48.565 [FXGL Background Thread 3 ] DEBUG Engine               - prefHeightProperty: ReadOnlyDoubleProperty [value: 720.0]
17:28:48.565 [FXGL Background Thread 3 ] DEBUG Engine               - prefWidthProperty: ReadOnlyDoubleProperty [value: 1080.0]
17:28:48.565 [FXGL Background Thread 3 ] DEBUG Engine               - profileDir: profiles/
17:28:48.565 [FXGL Background Thread 3 ] DEBUG Engine               - profileName: StringProperty [value: DEFAULT]
17:28:48.565 [FXGL Background Thread 3 ] DEBUG Engine               - randomSeed: -1
17:28:48.565 [FXGL Background Thread 3 ] DEBUG Engine               - runtimeInfo: RuntimeInfo(platform=WINDOWS, version=17.1, build=24.03.2022 17.34)
17:28:48.565 [FXGL Background Thread 3 ] DEBUG Engine               - saveFileExt: sav
17:28:48.565 [FXGL Background Thread 3 ] DEBUG Engine               - scaledHeightProp$fxgl: DoubleProperty [bound, value: 720.0]
17:28:48.565 [FXGL Background Thread 3 ] DEBUG Engine               - scaledWidthProp$fxgl: DoubleProperty [bound, value: 1080.0]
17:28:48.565 [FXGL Background Thread 3 ] DEBUG Engine               - sceneFactory: com.bomberman.bombermanplus.BombermanApp$1@55e6dfee
17:28:48.565 [FXGL Background Thread 3 ] DEBUG Engine               - secondsIn24h: 60
17:28:48.565 [FXGL Background Thread 3 ] DEBUG Engine               - soundMenuBack: menu/back.wav
17:28:48.565 [FXGL Background Thread 3 ] DEBUG Engine               - soundMenuPress: menu/press.wav
17:28:48.566 [FXGL Background Thread 3 ] DEBUG Engine               - soundMenuSelect: menu/select.wav
17:28:48.566 [FXGL Background Thread 3 ] DEBUG Engine               - soundNotification: core/notification.wav
17:28:48.566 [FXGL Background Thread 3 ] DEBUG Engine               - stageStyle: DECORATED
17:28:48.566 [FXGL Background Thread 3 ] DEBUG Engine               - supportedLanguages: [ENGLISH, FRENCH, GERMAN, HUNGARIAN, RUSSIAN]
17:28:48.566 [FXGL Background Thread 3 ] DEBUG Engine               - ticksPerSecond: -1
17:28:48.566 [FXGL Background Thread 3 ] DEBUG Engine               - title: BOMBERMAN
17:28:48.566 [FXGL Background Thread 3 ] DEBUG Engine               - urlGithub: https://github.com/AlmasB/FXGL
17:28:48.566 [FXGL Background Thread 3 ] DEBUG Engine               - urlLeaderboard: http://fxgl-top.herokuapp.com/
17:28:48.566 [FXGL Background Thread 3 ] DEBUG Engine               - urlPOM: https://raw.githubusercontent.com/AlmasB/FXGL/release/README.md
17:28:48.566 [FXGL Background Thread 3 ] DEBUG Engine               - userAppClass: class com.bomberman.bombermanplus.BombermanApp
17:28:48.566 [FXGL Background Thread 3 ] DEBUG Engine               - version: 1.0
17:28:48.566 [FXGL Background Thread 3 ] DEBUG Engine               - versionCheckDays: 7
17:28:48.566 [FXGL Background Thread 3 ] DEBUG Engine               - width: 1080
17:28:48.566 [FXGL Background Thread 3 ] DEBUG Engine               - Logging services
17:28:48.566 [FXGL Background Thread 3 ] DEBUG Engine               - class com.almasb.fxgl.app.services.FXGLAssetLoaderService
17:28:48.566 [FXGL Background Thread 3 ] DEBUG Engine               - class com.almasb.fxgl.app.FXGLApplication$GameApplicationService
17:28:48.566 [FXGL Background Thread 3 ] DEBUG Engine               - class com.almasb.fxgl.app.services.FXGLDialogService
17:28:48.566 [FXGL Background Thread 3 ] DEBUG Engine               - class com.almasb.fxgl.app.services.IOTaskExecutorService
17:28:48.566 [FXGL Background Thread 3 ] DEBUG Engine               - class com.almasb.fxgl.io.FileSystemService
17:28:48.566 [FXGL Background Thread 3 ] DEBUG Engine               - class com.almasb.fxgl.localization.LocalizationService
17:28:48.566 [FXGL Background Thread 3 ] DEBUG Engine               - class com.almasb.fxgl.app.services.SystemBundleService
17:28:48.566 [FXGL Background Thread 3 ] DEBUG Engine               - class com.almasb.fxgl.profile.SaveLoadService
17:28:48.566 [FXGL Background Thread 3 ] DEBUG Engine               - class com.almasb.fxgl.ui.FXGLUIFactoryServiceProvider
17:28:48.566 [FXGL Background Thread 3 ] DEBUG Engine               - class com.almasb.fxgl.ui.FXGLDialogFactoryServiceProvider
17:28:48.566 [FXGL Background Thread 3 ] DEBUG Engine               - class com.almasb.fxgl.audio.AudioPlayer
17:28:48.566 [FXGL Background Thread 3 ] DEBUG Engine               - class com.almasb.fxgl.notification.impl.NotificationServiceProvider
17:28:48.566 [FXGL Background Thread 3 ] DEBUG Engine               - class com.almasb.fxgl.achievement.AchievementService
17:28:48.566 [FXGL Background Thread 3 ] DEBUG Engine               - class com.almasb.fxgl.cutscene.CutsceneService
17:28:48.566 [FXGL Background Thread 3 ] DEBUG Engine               - class com.almasb.fxgl.minigames.MiniGameService
17:28:48.567 [FXGL Background Thread 3 ] DEBUG Engine               - class com.almasb.fxgl.net.NetService
17:28:48.567 [FXGL Background Thread 3 ] DEBUG Engine               - class com.almasb.fxgl.app.services.UpdaterService
17:28:48.567 [FXGL Background Thread 3 ] DEBUG Engine               - class com.almasb.fxgl.dev.DevService
17:28:50.504 [JavaFX Application Thread] WARN  TMXLevelLoader       - TiledMap generated from 1.9.2. Supported version: 1.4.2. Some features may not be parsed fully.
17:28:50.522 [JavaFX Application Thread] DEBUG TMXLevelLoader       - Parsed TiledMap: file:/C:/Users/ADMIN/IdeaProjects/BombermanPlus/target/classes/assets/levels/bbm_level1.tmx
17:28:50.523 [JavaFX Application Thread] DEBUG TMXLevelLoader       - Creating tile layer entities
17:28:50.524 [JavaFX Application Thread] DEBUG TilesetLoader        - Loading view for layer Tile Layer 1
17:28:50.525 [JavaFX Application Thread] DEBUG TilesetLoader        - Created buffer with size 1488.0x720.0
17:28:50.592 [JavaFX Application Thread] DEBUG TMXLevelLoader       - Creating object layer entities
17:28:50.593 [JavaFX Application Thread] DEBUG FXGLAssetLoaderServi - Loading from file system: file:/C:/Users/ADMIN/IdeaProjects/BombermanPlus/target/classes/assets/textures/items/powerup_speed.png
17:28:50.600 [JavaFX Application Thread] DEBUG FXGLAssetLoaderServi - Loading from file system: file:/C:/Users/ADMIN/IdeaProjects/BombermanPlus/target/classes/assets/textures/items/powerup_flames.png
17:28:50.602 [JavaFX Application Thread] DEBUG FXGLAssetLoaderServi - Loading from file system: file:/C:/Users/ADMIN/IdeaProjects/BombermanPlus/target/classes/assets/textures/items/powerup_bombs.png
17:28:50.603 [JavaFX Application Thread] DEBUG FXGLAssetLoaderServi - Loading from file system: file:/C:/Users/ADMIN/IdeaProjects/BombermanPlus/target/classes/assets/textures/items/powerup_flamepass.png
17:28:50.606 [JavaFX Application Thread] DEBUG FXGLAssetLoaderServi - Loading from file system: file:/C:/Users/ADMIN/IdeaProjects/BombermanPlus/target/classes/assets/textures/items/portal.png
17:28:50.609 [JavaFX Application Thread] DEBUG FXGLAssetLoaderServi - Loading from file system: file:/C:/Users/ADMIN/IdeaProjects/BombermanPlus/target/classes/assets/textures/sprites.png
17:28:50.689 [JavaFX Application Thread] DEBUG GameWorld            - Clearing removable entities
17:28:50.689 [JavaFX Application Thread] DEBUG GameWorld            - Setting level: com.almasb.fxgl.entity.level.Level@445f9103
17:28:50.731 [JavaFX Application Thread] DEBUG FXGLAssetLoaderServi - Loading from file system: file:/C:/Users/ADMIN/IdeaProjects/BombermanPlus/target/classes/assets/sounds/walk_2.wav
17:28:51.375 [JavaFX Application Thread] DEBUG FXGLAssetLoaderServi - Loading from file system: file:/C:/Users/ADMIN/IdeaProjects/BombermanPlus/target/classes/assets/sounds/power_up.wav
17:28:52.047 [JavaFX Application Thread] DEBUG FXGLAssetLoaderServi - Loading from file system: file:/C:/Users/ADMIN/IdeaProjects/BombermanPlus/target/classes/assets/sounds/walk_1.wav
17:28:52.198 [JavaFX Application Thread] DEBUG FXGLAssetLoaderServi - Loading from file system: file:/C:/Users/ADMIN/IdeaProjects/BombermanPlus/target/classes/assets/sounds/placed_bomb.wav
17:28:54.127 [JavaFX Application Thread] DEBUG FXGLAssetLoaderServi - Loading from file system: file:/C:/Users/ADMIN/IdeaProjects/BombermanPlus/target/classes/assets/sounds/bomb_exploded.wav
17:28:59.311 [JavaFX Application Thread] WARN  GameWorld            - Attempted to remove entity which is not active
17:29:44.507 [JavaFX Application Thread] DEBUG FXGLApplication      - Exiting FXGL
17:29:44.508 [JavaFX Application Thread] DEBUG LoopRunner           - Stopping loop
17:29:44.508 [JavaFX Application Thread] DEBUG SystemBundleService  - Saving FXGL system data
17:29:44.509 [JavaFX Application Thread] DEBUG FileSystemAccess     - Writing to: C:\Users\ADMIN\IdeaProjects\BombermanPlus\system\fxgl.bundle
17:29:44.511 [JavaFX Application Thread] DEBUG Async                - Shutting down background threads
17:29:44.511 [JavaFX Application Thread] DEBUG PrimaryStageWindow   - Closing main window
17:29:44.527 [JavaFX Application Thread] DEBUG Logger               - Closing Logger
