18:00:56.956 [main                     ] DEBUG Logger               - Configured Logger
18:00:56.974 [main                     ] DEBUG GameApplication      - Logging settings
Title: BOMBERMAN
Version: 1.0
Width: 1080
Height: 720
Fullscreen: false
Intro: false
Profiling: false
Single step:false
App Mode: DEVELOPER
Menu Key: ESCAPE
Stage Style: DECORATED
Scene Factory: class com.bomberman.bombermanplus.BombermanApp$1

18:00:57.298 [JavaFX Application Thread] DEBUG FXGLApplication      - Initializing FXGL
18:00:57.302 [JavaFX Application Thread] INFO  Engine               - FXGL-17.1 (24.03.2022 17.34) on WINDOWS (J:19 FX:19-ea)
18:00:57.303 [JavaFX Application Thread] DEBUG Engine               - JRE Vendor Name: Oracle Corporation
18:00:57.303 [JavaFX Application Thread] DEBUG Engine               - Running on OS: Windows 11 version 10.0
18:00:57.303 [JavaFX Application Thread] DEBUG Engine               - Architecture: amd64
18:00:57.303 [JavaFX Application Thread] INFO  Engine               - Source code and latest versions at: https://github.com/AlmasB/FXGL
18:00:57.303 [JavaFX Application Thread] INFO  Engine               -       Ask questions and discuss at: https://github.com/AlmasB/FXGL/discussions
18:00:57.303 [JavaFX Application Thread] INFO  Engine               -              Join the FXGL chat at: https://gitter.im/AlmasB/FXGL
18:00:57.369 [JavaFX Application Thread] DEBUG PrimaryStageWindow   - Creating a JavaFX scene
18:00:57.402 [JavaFX Application Thread] DEBUG PrimaryStageWindow   - Target settings size: 1080.0 x 720.0
18:00:57.402 [JavaFX Application Thread] DEBUG PrimaryStageWindow   - Scaled scene size:    1080.0 x 720.0
18:00:57.403 [JavaFX Application Thread] DEBUG PrimaryStageWindow   - Scaled ratio: (1.0, 1.0)
18:00:57.403 [JavaFX Application Thread] DEBUG PrimaryStageWindow   - Set initial scene to FXGLStartupScene
18:00:57.409 [JavaFX Application Thread] DEBUG PrimaryStageWindow   - Opening main window
18:00:57.491 [JavaFX Application Thread] DEBUG PrimaryStageWindow   - Window border size: (14.4000244140625, 37.5999755859375)
18:00:57.491 [JavaFX Application Thread] DEBUG PrimaryStageWindow   - Scaled size: 1080.0 x 720.0
18:00:57.491 [JavaFX Application Thread] DEBUG PrimaryStageWindow   - Scaled ratio: (1.0, 1.0)
18:00:57.492 [JavaFX Application Thread] DEBUG PrimaryStageWindow   - Scene size: 1080.0 x 720.0
18:00:57.492 [JavaFX Application Thread] DEBUG PrimaryStageWindow   - Stage size: 1094.4000244140625 x 757.5999755859375
18:00:57.499 [FXGL Background Thread 1 ] DEBUG Engine               - Initializing environment variables
18:00:57.549 [FXGL Background Thread 1 ] DEBUG FXGLAssetLoaderServi - User app class for loading assets: class com.bomberman.bombermanplus.BombermanApp
18:00:57.551 [FXGL Background Thread 1 ] DEBUG GameApplicationServi - Applying CSS: fxgl_dark.css
18:00:57.551 [FXGL Background Thread 1 ] DEBUG FXGLAssetLoaderServi - Loading from file system: jar:file:///C:/Users/Gia%20Phong/.m2/repository/com/github/almasb/fxgl/17.1/fxgl-17.1.jar!/fxglassets/ui/css/fxgl_dark.css
18:00:57.587 [FXGL Background Thread 1 ] DEBUG GameApplicationServi - Initializing application scenes
18:00:57.619 [FXGL Background Thread 1 ] DEBUG GameWorld            - Game world initialized
18:00:57.695 [FXGL Background Thread 1 ] DEBUG PhysicsWorld         - Physics world initialized: appHeight=720, physics.ppm=50.0
18:00:57.696 [FXGL Background Thread 1 ] DEBUG PhysicsWorld         - Using strategy: BRUTE_FORCE
18:00:57.702 [FXGL Background Thread 1 ] DEBUG GameScene            - Game scene initialized: 1080x720
18:00:57.768 [FXGL Background Thread 1 ] DEBUG GameApplicationServi - Application scenes initialized
18:00:57.779 [FXGL Background Thread 1 ] DEBUG SystemBundleService  - Loading FXGL system data
18:00:57.785 [FXGL Background Thread 1 ] DEBUG FileSystemAccess     - Reading from: C:\Users\Gia Phong\Downloads\Java\src\BombermanPlus\system\fxgl.bundle
18:00:57.799 [FXGL Background Thread 1 ] DEBUG SystemBundleService  - Bundle FXGL: {}
18:00:57.799 [FXGL Background Thread 1 ] DEBUG UpdaterService       - Checking for updates
18:00:57.836 [FXGL Background Thread 4 ] DEBUG FXGLApplication      - Loading fonts
18:00:57.838 [FXGL Background Thread 1 ] DEBUG FXGLApplication      - Loading default localization
18:00:57.838 [FXGL Background Thread 4 ] DEBUG FXGLAssetLoaderServi - Loading from file system: file:/C:/Users/Gia%20Phong/Downloads/Java/src/BombermanPlus/target/classes/assets/ui/fonts/Retro%20Gaming.ttf
18:00:57.839 [FXGL Background Thread 1 ] DEBUG FXGLAssetLoaderServi - Loading from file system: jar:file:///C:/Users/Gia%20Phong/.m2/repository/com/github/almasb/fxgl/17.1/fxgl-17.1.jar!/fxglassets/languages/english.lang
18:00:57.871 [FXGL Background Thread 1 ] INFO  FXGLApplication      - FXGL initialization took: 0.371 sec
18:00:57.885 [JavaFX Application Thread] DEBUG Input                - Registered new binding: Move Right - D
18:00:57.885 [JavaFX Application Thread] DEBUG Input                - Registered new binding: Move Up - W
18:00:57.885 [JavaFX Application Thread] DEBUG Input                - Registered new binding: Move Down - S
18:00:57.885 [JavaFX Application Thread] DEBUG Input                - Registered new binding: Move Left - A
18:00:57.885 [JavaFX Application Thread] DEBUG Input                - Registered new binding: Place bomb - Space
18:00:57.886 [JavaFX Application Thread] DEBUG FXGLAssetLoaderServi - Loading from file system: file:/C:/Users/Gia%20Phong/Downloads/Java/src/BombermanPlus/target/classes/assets/music/title_screen.mp3
18:00:57.995 [FXGL Background Thread 4 ] DEBUG FXGLAssetLoaderServi - Loading from file system: jar:file:///C:/Users/Gia%20Phong/.m2/repository/com/github/almasb/fxgl/17.1/fxgl-17.1.jar!/fxglassets/ui/fonts/Abel-Regular.ttf
18:00:58.008 [FXGL Background Thread 4 ] DEBUG FXGLAssetLoaderServi - Loading from file system: jar:file:///C:/Users/Gia%20Phong/.m2/repository/com/github/almasb/fxgl/17.1/fxgl-17.1.jar!/fxglassets/ui/fonts/TerminalLandMono-Regular.otf
18:00:58.026 [FXGL Background Thread 4 ] DEBUG FXGLAssetLoaderServi - Loading from file system: jar:file:///C:/Users/Gia%20Phong/.m2/repository/com/github/almasb/fxgl/17.1/fxgl-17.1.jar!/fxglassets/ui/fonts/Courier-Prime.ttf
18:00:58.179 [JavaFX Application Thread] DEBUG AudioPlayer          - Playing music com.almasb.fxgl.audio.Music@61da0991
18:00:58.179 [JavaFX Application Thread] DEBUG FXGLAssetLoaderServi - Loading from file system: jar:file:///C:/Users/Gia%20Phong/.m2/repository/com/github/almasb/fxgl/17.1/fxgl-17.1.jar!/fxglassets/textures/fxgl_icon.png
18:00:58.202 [JavaFX Application Thread] DEBUG FXGLAssetLoaderServi - Loading from file system: jar:file:///C:/Users/Gia%20Phong/.m2/repository/com/github/almasb/fxgl/17.1/fxgl-17.1.jar!/fxglassets/textures/fxgl_default_cursor.png
18:00:58.204 [JavaFX Application Thread] DEBUG Input                - Registered new binding: Screenshot - CTRL+8
18:00:58.205 [JavaFX Application Thread] DEBUG Input                - Registered new binding: Dev Options - 1
18:00:58.205 [JavaFX Application Thread] DEBUG Input                - Registered new binding: Dev Console - 2
18:00:58.206 [JavaFX Application Thread] DEBUG Input                - Registered new binding: System info dump - CTRL+9
18:00:58.206 [JavaFX Application Thread] DEBUG Input                - Registered new binding: Restart - CTRL+R
18:00:58.206 [JavaFX Application Thread] DEBUG Input                - Registered new binding: Toggle Debug Camera - CTRL+7
18:00:58.208 [JavaFX Application Thread] DEBUG LoopRunner           - Starting loop
18:00:58.216 [JavaFX Application Thread] DEBUG LoopRunner           - Initializing JavaFX AnimationTimerLoop
18:00:58.219 [JavaFX Application Thread] DEBUG Input                - Clearing active input actions
18:00:58.226 [JavaFX Application Thread] DEBUG GameApplicationServi - Removing overlay from FXGLStartupScene and adding to FXGLMainMenuDummyScene
18:00:58.231 [JavaFX Application Thread] DEBUG PrimaryStageWindow   - FXGLStartupScene -> FXGLMainMenuDummyScene
18:00:58.231 [JavaFX Application Thread] DEBUG PrimaryStageWindow   - Push state: BombermanMenu
18:00:58.231 [JavaFX Application Thread] DEBUG Input                - Clearing active input actions
18:00:58.234 [JavaFX Application Thread] DEBUG GameApplicationServi - Removing overlay from FXGLMainMenuDummyScene and adding to BombermanMenu
18:00:58.234 [JavaFX Application Thread] DEBUG PrimaryStageWindow   - FXGLMainMenuDummyScene -> BombermanMenu
18:00:58.235 [JavaFX Application Thread] DEBUG FXGLApplication      - Registering font factories with UI factory
18:00:58.373 [FXGL Background Thread 2 ] INFO  UpdaterService       - Your current version:  17.1
18:00:58.374 [FXGL Background Thread 2 ] INFO  UpdaterService       - Latest stable version: 17.2
18:00:59.261 [JavaFX Application Thread] DEBUG Menu                 - fireNewGame()
18:00:59.261 [JavaFX Application Thread] DEBUG GameApplicationServi - Starting new game
18:00:59.262 [JavaFX Application Thread] DEBUG PrimaryStageWindow   - Pop state: BombermanMenu
18:00:59.262 [JavaFX Application Thread] DEBUG Input                - Clearing active input actions
18:00:59.262 [JavaFX Application Thread] DEBUG GameApplicationServi - Removing overlay from BombermanMenu and adding to FXGLMainMenuDummyScene
18:00:59.264 [JavaFX Application Thread] DEBUG PrimaryStageWindow   - FXGLMainMenuDummyScene <- BombermanMenu
18:00:59.264 [JavaFX Application Thread] DEBUG Input                - Clearing active input actions
18:00:59.268 [JavaFX Application Thread] DEBUG GameApplicationServi - Removing overlay from FXGLMainMenuDummyScene and adding to FXGLLoadingScene
18:00:59.268 [JavaFX Application Thread] DEBUG PrimaryStageWindow   - FXGLMainMenuDummyScene -> FXGLLoadingScene
18:00:59.268 [JavaFX Application Thread] DEBUG GameApplicationServi - Clearing previous game
18:00:59.268 [JavaFX Application Thread] DEBUG GameScene            - Clearing game scene
18:00:59.268 [JavaFX Application Thread] DEBUG GameWorld            - Clearing game world
18:00:59.269 [JavaFX Application Thread] DEBUG PhysicsWorld         - Clearing physics world
18:00:59.270 [FXGL Background Thread 2 ] DEBUG FXGLApplication      - Initializing game
18:00:59.277 [FXGL Background Thread 2 ] DEBUG FXGLAssetLoaderServi - Loading from file system: file:/C:/Users/Gia%20Phong/Downloads/Java/src/BombermanPlus/target/classes/assets/sounds/stage_start.wav
18:00:59.301 [FXGL Background Thread 2 ] INFO  FXGLApplication      - Game initialization took: 0.030 sec
18:00:59.303 [JavaFX Application Thread] DEBUG Input                - Clearing active input actions
18:00:59.307 [JavaFX Application Thread] DEBUG GameApplicationServi - Removing overlay from FXGLLoadingScene and adding to GameScene
18:00:59.309 [JavaFX Application Thread] DEBUG PrimaryStageWindow   - FXGLLoadingScene -> GameScene
18:01:00.835 [FXGL Background Thread 3 ] DEBUG Engine               - Logging environment variables
18:01:00.835 [FXGL Background Thread 3 ] DEBUG Engine               - achievements: []
18:01:00.835 [FXGL Background Thread 3 ] DEBUG Engine               - actualHeight: 720.0
18:01:00.835 [FXGL Background Thread 3 ] DEBUG Engine               - actualHeightProperty: ReadOnlyDoubleProperty [value: 720.0]
18:01:00.835 [FXGL Background Thread 3 ] DEBUG Engine               - actualWidth: 1080.0
18:01:00.835 [FXGL Background Thread 3 ] DEBUG Engine               - actualWidthProperty: ReadOnlyDoubleProperty [value: 1080.0]
18:01:00.835 [FXGL Background Thread 3 ] DEBUG Engine               - appIcon: fxgl_icon.png
18:01:00.835 [FXGL Background Thread 3 ] DEBUG Engine               - applicationMode: DEVELOPER
18:01:00.835 [FXGL Background Thread 3 ] DEBUG Engine               - cSSList: [fxgl_dark.css]
18:01:00.835 [FXGL Background Thread 3 ] DEBUG Engine               - collisionDetectionStrategy: BRUTE_FORCE
18:01:00.835 [FXGL Background Thread 3 ] DEBUG Engine               - configClass: Optional.empty
18:01:00.835 [FXGL Background Thread 3 ] DEBUG Engine               - credits: []
18:01:00.837 [FXGL Background Thread 3 ] DEBUG Engine               - defaultCursor: CursorInfo(imageName=fxgl_default_cursor.png, hotspotX=7.0, hotspotY=6.0)
18:01:00.838 [FXGL Background Thread 3 ] DEBUG Engine               - devBBoxColorProperty: ObjectProperty [value: 0xff0000ff]
18:01:00.838 [FXGL Background Thread 3 ] DEBUG Engine               - devEnableDebugCameraProperty: BooleanProperty [value: false]
18:01:00.838 [FXGL Background Thread 3 ] DEBUG Engine               - devSensorColorProperty: ObjectProperty [value: 0xffff00ff]
18:01:00.838 [FXGL Background Thread 3 ] DEBUG Engine               - devShowBBoxProperty: BooleanProperty [value: false]
18:01:00.838 [FXGL Background Thread 3 ] DEBUG Engine               - devShowPositionProperty: BooleanProperty [value: false]
18:01:00.838 [FXGL Background Thread 3 ] DEBUG Engine               - enabledMenuItems: []
18:01:00.838 [FXGL Background Thread 3 ] DEBUG Engine               - engineServices: [class com.almasb.fxgl.app.services.FXGLAssetLoaderService, class com.almasb.fxgl.app.FXGLApplication$GameApplicationService, class com.almasb.fxgl.app.services.FXGLDialogService, class com.almasb.fxgl.app.services.IOTaskExecutorService, class com.almasb.fxgl.io.FileSystemService, class com.almasb.fxgl.localization.LocalizationService, class com.almasb.fxgl.app.services.SystemBundleService, class com.almasb.fxgl.profile.SaveLoadService, class com.almasb.fxgl.ui.FXGLUIFactoryServiceProvider, class com.almasb.fxgl.ui.FXGLDialogFactoryServiceProvider, class com.almasb.fxgl.audio.AudioPlayer, class com.almasb.fxgl.notification.impl.NotificationServiceProvider, class com.almasb.fxgl.achievement.AchievementService, class com.almasb.fxgl.cutscene.CutsceneService, class com.almasb.fxgl.minigames.MiniGameService, class com.almasb.fxgl.net.NetService, class com.almasb.fxgl.app.services.UpdaterService, class com.almasb.fxgl.dev.DevService]
18:01:00.838 [FXGL Background Thread 3 ] DEBUG Engine               - fontGame: Abel-Regular.ttf
18:01:00.838 [FXGL Background Thread 3 ] DEBUG Engine               - fontMono: TerminalLandMono-Regular.otf
18:01:00.838 [FXGL Background Thread 3 ] DEBUG Engine               - fontText: Courier-Prime.ttf
18:01:00.838 [FXGL Background Thread 3 ] DEBUG Engine               - fontUI: Retro Gaming.ttf
18:01:00.838 [FXGL Background Thread 3 ] DEBUG Engine               - fullScreen: BooleanProperty [value: false]
18:01:00.838 [FXGL Background Thread 3 ] DEBUG Engine               - gameDifficulty: MEDIUM
18:01:00.838 [FXGL Background Thread 3 ] DEBUG Engine               - gameDifficultyProperty: ObjectProperty [value: MEDIUM]
18:01:00.838 [FXGL Background Thread 3 ] DEBUG Engine               - globalMusicVolume: 0.5
18:01:00.838 [FXGL Background Thread 3 ] DEBUG Engine               - globalMusicVolumeProperty: DoubleProperty [value: 0.0]
18:01:00.838 [FXGL Background Thread 3 ] DEBUG Engine               - globalSoundVolume: 0.5
18:01:00.838 [FXGL Background Thread 3 ] DEBUG Engine               - globalSoundVolumeProperty: DoubleProperty [value: 0.4]
18:01:00.839 [FXGL Background Thread 3 ] DEBUG Engine               - height: 720
18:01:00.839 [FXGL Background Thread 3 ] DEBUG Engine               - is3D: false
18:01:00.839 [FXGL Background Thread 3 ] DEBUG Engine               - isAndroid: false
18:01:00.839 [FXGL Background Thread 3 ] DEBUG Engine               - isBrowser: false
18:01:00.839 [FXGL Background Thread 3 ] DEBUG Engine               - isClickFeedbackEnabled: false
18:01:00.839 [FXGL Background Thread 3 ] DEBUG Engine               - isCloseConfirmation: false
18:01:00.839 [FXGL Background Thread 3 ] DEBUG Engine               - isDesktop: true
18:01:00.839 [FXGL Background Thread 3 ] DEBUG Engine               - isDeveloperMenuEnabled: true
18:01:00.839 [FXGL Background Thread 3 ] DEBUG Engine               - isEmbedded: false
18:01:00.839 [FXGL Background Thread 3 ] DEBUG Engine               - isEntityPreloadEnabled: true
18:01:00.839 [FXGL Background Thread 3 ] DEBUG Engine               - isExperimentalTiledLargeMap: false
18:01:00.839 [FXGL Background Thread 3 ] DEBUG Engine               - isFileSystemWriteAllowed: true
18:01:00.839 [FXGL Background Thread 3 ] DEBUG Engine               - isFullScreenAllowed: false
18:01:00.839 [FXGL Background Thread 3 ] DEBUG Engine               - isFullScreenFromStart: false
18:01:00.840 [FXGL Background Thread 3 ] DEBUG Engine               - isGameMenuEnabled: true
18:01:00.840 [FXGL Background Thread 3 ] DEBUG Engine               - isIOS: false
18:01:00.840 [FXGL Background Thread 3 ] DEBUG Engine               - isIntroEnabled: false
18:01:00.840 [FXGL Background Thread 3 ] DEBUG Engine               - isLinux: false
18:01:00.840 [FXGL Background Thread 3 ] DEBUG Engine               - isMac: false
18:01:00.840 [FXGL Background Thread 3 ] DEBUG Engine               - isMainMenuEnabled: true
18:01:00.840 [FXGL Background Thread 3 ] DEBUG Engine               - isManualResizeEnabled: true
18:01:00.840 [FXGL Background Thread 3 ] DEBUG Engine               - isMobile: false
18:01:00.840 [FXGL Background Thread 3 ] DEBUG Engine               - isNative: false
18:01:00.840 [FXGL Background Thread 3 ] DEBUG Engine               - isPauseMusicWhenMinimized: true
18:01:00.840 [FXGL Background Thread 3 ] DEBUG Engine               - isPreserveResizeRatio: true
18:01:00.840 [FXGL Background Thread 3 ] DEBUG Engine               - isProfilingEnabled: false
18:01:00.840 [FXGL Background Thread 3 ] DEBUG Engine               - isScaleAffectedOnResize: true
18:01:00.840 [FXGL Background Thread 3 ] DEBUG Engine               - isSingleStep: false
18:01:00.840 [FXGL Background Thread 3 ] DEBUG Engine               - isUserProfileEnabled: false
18:01:00.840 [FXGL Background Thread 3 ] DEBUG Engine               - isWindows: true
18:01:00.840 [FXGL Background Thread 3 ] DEBUG Engine               - language: ObjectProperty [value: ENGLISH]
18:01:00.840 [FXGL Background Thread 3 ] DEBUG Engine               - menuKey: ESCAPE
18:01:00.840 [FXGL Background Thread 3 ] DEBUG Engine               - mouseSensitivity: 0.2
18:01:00.840 [FXGL Background Thread 3 ] DEBUG Engine               - notificationViewClass: class com.almasb.fxgl.notification.view.XboxNotificationView
18:01:00.840 [FXGL Background Thread 3 ] DEBUG Engine               - pixelsPerMeter: 50.0
18:01:00.840 [FXGL Background Thread 3 ] DEBUG Engine               - platform: WINDOWS
18:01:00.841 [FXGL Background Thread 3 ] DEBUG Engine               - prefHeightProperty: ReadOnlyDoubleProperty [value: 720.0]
18:01:00.841 [FXGL Background Thread 3 ] DEBUG Engine               - prefWidthProperty: ReadOnlyDoubleProperty [value: 1080.0]
18:01:00.841 [FXGL Background Thread 3 ] DEBUG Engine               - profileDir: profiles/
18:01:00.841 [FXGL Background Thread 3 ] DEBUG Engine               - profileName: StringProperty [value: DEFAULT]
18:01:00.841 [FXGL Background Thread 3 ] DEBUG Engine               - randomSeed: -1
18:01:00.841 [FXGL Background Thread 3 ] DEBUG Engine               - runtimeInfo: RuntimeInfo(platform=WINDOWS, version=17.1, build=24.03.2022 17.34)
18:01:00.841 [FXGL Background Thread 3 ] DEBUG Engine               - saveFileExt: sav
18:01:00.841 [FXGL Background Thread 3 ] DEBUG Engine               - scaledHeightProp$fxgl: DoubleProperty [bound, value: 720.0]
18:01:00.841 [FXGL Background Thread 3 ] DEBUG Engine               - scaledWidthProp$fxgl: DoubleProperty [bound, value: 1080.0]
18:01:00.841 [FXGL Background Thread 3 ] DEBUG Engine               - sceneFactory: com.bomberman.bombermanplus.BombermanApp$1@5e058b7b
18:01:00.841 [FXGL Background Thread 3 ] DEBUG Engine               - secondsIn24h: 60
18:01:00.841 [FXGL Background Thread 3 ] DEBUG Engine               - soundMenuBack: menu/back.wav
18:01:00.841 [FXGL Background Thread 3 ] DEBUG Engine               - soundMenuPress: menu/press.wav
18:01:00.841 [FXGL Background Thread 3 ] DEBUG Engine               - soundMenuSelect: menu/select.wav
18:01:00.842 [FXGL Background Thread 3 ] DEBUG Engine               - soundNotification: core/notification.wav
18:01:00.842 [FXGL Background Thread 3 ] DEBUG Engine               - stageStyle: DECORATED
18:01:00.842 [FXGL Background Thread 3 ] DEBUG Engine               - supportedLanguages: [ENGLISH, FRENCH, GERMAN, HUNGARIAN, RUSSIAN]
18:01:00.842 [FXGL Background Thread 3 ] DEBUG Engine               - ticksPerSecond: -1
18:01:00.842 [FXGL Background Thread 3 ] DEBUG Engine               - title: BOMBERMAN
18:01:00.842 [FXGL Background Thread 3 ] DEBUG Engine               - urlGithub: https://github.com/AlmasB/FXGL
18:01:00.842 [FXGL Background Thread 3 ] DEBUG Engine               - urlLeaderboard: http://fxgl-top.herokuapp.com/
18:01:00.842 [FXGL Background Thread 3 ] DEBUG Engine               - urlPOM: https://raw.githubusercontent.com/AlmasB/FXGL/release/README.md
18:01:00.842 [FXGL Background Thread 3 ] DEBUG Engine               - userAppClass: class com.bomberman.bombermanplus.BombermanApp
18:01:00.842 [FXGL Background Thread 3 ] DEBUG Engine               - version: 1.0
18:01:00.842 [FXGL Background Thread 3 ] DEBUG Engine               - versionCheckDays: 7
18:01:00.842 [FXGL Background Thread 3 ] DEBUG Engine               - width: 1080
18:01:00.842 [FXGL Background Thread 3 ] DEBUG Engine               - Logging services
18:01:00.842 [FXGL Background Thread 3 ] DEBUG Engine               - class com.almasb.fxgl.app.services.FXGLAssetLoaderService
18:01:00.842 [FXGL Background Thread 3 ] DEBUG Engine               - class com.almasb.fxgl.app.FXGLApplication$GameApplicationService
18:01:00.842 [FXGL Background Thread 3 ] DEBUG Engine               - class com.almasb.fxgl.app.services.FXGLDialogService
18:01:00.842 [FXGL Background Thread 3 ] DEBUG Engine               - class com.almasb.fxgl.app.services.IOTaskExecutorService
18:01:00.842 [FXGL Background Thread 3 ] DEBUG Engine               - class com.almasb.fxgl.io.FileSystemService
18:01:00.842 [FXGL Background Thread 3 ] DEBUG Engine               - class com.almasb.fxgl.localization.LocalizationService
18:01:00.842 [FXGL Background Thread 3 ] DEBUG Engine               - class com.almasb.fxgl.app.services.SystemBundleService
18:01:00.842 [FXGL Background Thread 3 ] DEBUG Engine               - class com.almasb.fxgl.profile.SaveLoadService
18:01:00.842 [FXGL Background Thread 3 ] DEBUG Engine               - class com.almasb.fxgl.ui.FXGLUIFactoryServiceProvider
18:01:00.842 [FXGL Background Thread 3 ] DEBUG Engine               - class com.almasb.fxgl.ui.FXGLDialogFactoryServiceProvider
18:01:00.842 [FXGL Background Thread 3 ] DEBUG Engine               - class com.almasb.fxgl.audio.AudioPlayer
18:01:00.842 [FXGL Background Thread 3 ] DEBUG Engine               - class com.almasb.fxgl.notification.impl.NotificationServiceProvider
18:01:00.842 [FXGL Background Thread 3 ] DEBUG Engine               - class com.almasb.fxgl.achievement.AchievementService
18:01:00.842 [FXGL Background Thread 3 ] DEBUG Engine               - class com.almasb.fxgl.cutscene.CutsceneService
18:01:00.843 [FXGL Background Thread 3 ] DEBUG Engine               - class com.almasb.fxgl.minigames.MiniGameService
18:01:00.843 [FXGL Background Thread 3 ] DEBUG Engine               - class com.almasb.fxgl.net.NetService
18:01:00.843 [FXGL Background Thread 3 ] DEBUG Engine               - class com.almasb.fxgl.app.services.UpdaterService
18:01:00.843 [FXGL Background Thread 3 ] DEBUG Engine               - class com.almasb.fxgl.dev.DevService
18:01:01.962 [JavaFX Application Thread] WARN  TMXLevelLoader       - TiledMap generated from 1.9.2. Supported version: 1.4.2. Some features may not be parsed fully.
18:01:01.980 [JavaFX Application Thread] DEBUG TMXLevelLoader       - Parsed TiledMap: file:/C:/Users/Gia%20Phong/Downloads/Java/src/BombermanPlus/target/classes/assets/levels/bbm_level1.tmx
18:01:01.981 [JavaFX Application Thread] DEBUG TMXLevelLoader       - Creating tile layer entities
18:01:01.982 [JavaFX Application Thread] DEBUG TilesetLoader        - Loading view for layer Tile Layer 1
18:01:01.984 [JavaFX Application Thread] DEBUG TilesetLoader        - Created buffer with size 1488.0x720.0
18:01:02.053 [JavaFX Application Thread] DEBUG TMXLevelLoader       - Creating object layer entities
18:01:02.054 [JavaFX Application Thread] DEBUG FXGLAssetLoaderServi - Loading from file system: file:/C:/Users/Gia%20Phong/Downloads/Java/src/BombermanPlus/target/classes/assets/textures/items/powerup_speed.png
18:01:02.060 [JavaFX Application Thread] DEBUG FXGLAssetLoaderServi - Loading from file system: file:/C:/Users/Gia%20Phong/Downloads/Java/src/BombermanPlus/target/classes/assets/textures/items/powerup_flames.png
18:01:02.061 [JavaFX Application Thread] DEBUG FXGLAssetLoaderServi - Loading from file system: file:/C:/Users/Gia%20Phong/Downloads/Java/src/BombermanPlus/target/classes/assets/textures/items/powerup_bombs.png
18:01:02.063 [JavaFX Application Thread] DEBUG FXGLAssetLoaderServi - Loading from file system: file:/C:/Users/Gia%20Phong/Downloads/Java/src/BombermanPlus/target/classes/assets/textures/items/powerup_flamepass.png
18:01:02.065 [JavaFX Application Thread] DEBUG FXGLAssetLoaderServi - Loading from file system: file:/C:/Users/Gia%20Phong/Downloads/Java/src/BombermanPlus/target/classes/assets/textures/items/portal.png
18:01:02.068 [JavaFX Application Thread] DEBUG FXGLAssetLoaderServi - Loading from file system: file:/C:/Users/Gia%20Phong/Downloads/Java/src/BombermanPlus/target/classes/assets/textures/sprites.png
18:01:02.142 [JavaFX Application Thread] DEBUG GameWorld            - Clearing removable entities
18:01:02.147 [JavaFX Application Thread] DEBUG GameWorld            - Setting level: com.almasb.fxgl.entity.level.Level@5e69cddd
18:01:02.191 [JavaFX Application Thread] DEBUG FXGLAssetLoaderServi - Loading from file system: file:/C:/Users/Gia%20Phong/Downloads/Java/src/BombermanPlus/target/classes/assets/sounds/walk_2.wav
18:01:03.563 [JavaFX Application Thread] DEBUG FXGLApplication      - Exiting FXGL
18:01:03.563 [JavaFX Application Thread] DEBUG LoopRunner           - Stopping loop
18:01:03.563 [JavaFX Application Thread] DEBUG SystemBundleService  - Saving FXGL system data
18:01:03.565 [JavaFX Application Thread] DEBUG FileSystemAccess     - Writing to: C:\Users\Gia Phong\Downloads\Java\src\BombermanPlus\system\fxgl.bundle
18:01:03.566 [JavaFX Application Thread] DEBUG Async                - Shutting down background threads
18:01:03.566 [JavaFX Application Thread] DEBUG PrimaryStageWindow   - Closing main window
18:01:03.582 [JavaFX Application Thread] DEBUG Logger               - Closing Logger
