14:43:49.443 [main                     ] DEBUG Logger               - Configured Logger
14:43:49.458 [main                     ] DEBUG GameApplication      - Logging settings
Title: BOMBERMAN
Version: 1.0
Width: 1080
Height: 720
Fullscreen: false
Intro: false
Profiling: false
Single step:false
App Mode: DEVELOPER
Menu Key: ESCAPE
Stage Style: DECORATED
Scene Factory: class com.almasb.fxgl.app.scene.SceneFactory

14:43:49.992 [JavaFX Application Thread] DEBUG FXGLApplication      - Initializing FXGL
14:43:50.000 [JavaFX Application Thread] INFO  Engine               - FXGL-17.1 (24.03.2022 17.34) on WINDOWS (J:19 FX:19-ea)
14:43:50.001 [JavaFX Application Thread] DEBUG Engine               - JRE Vendor Name: Oracle Corporation
14:43:50.001 [JavaFX Application Thread] DEBUG Engine               - Running on OS: Windows 11 version 10.0
14:43:50.002 [JavaFX Application Thread] DEBUG Engine               - Architecture: amd64
14:43:50.002 [JavaFX Application Thread] INFO  Engine               - Source code and latest versions at: https://github.com/AlmasB/FXGL
14:43:50.002 [JavaFX Application Thread] INFO  Engine               -       Ask questions and discuss at: https://github.com/AlmasB/FXGL/discussions
14:43:50.002 [JavaFX Application Thread] INFO  Engine               -              Join the FXGL chat at: https://gitter.im/AlmasB/FXGL
14:43:50.118 [JavaFX Application Thread] DEBUG PrimaryStageWindow   - Creating a JavaFX scene
14:43:50.188 [JavaFX Application Thread] DEBUG PrimaryStageWindow   - Target settings size: 1080.0 x 720.0
14:43:50.188 [JavaFX Application Thread] DEBUG PrimaryStageWindow   - Scaled scene size:    1080.0 x 720.0
14:43:50.189 [JavaFX Application Thread] DEBUG PrimaryStageWindow   - Scaled ratio: (1.0, 1.0)
14:43:50.191 [JavaFX Application Thread] DEBUG PrimaryStageWindow   - Set initial scene to FXGLStartupScene
14:43:50.200 [JavaFX Application Thread] DEBUG PrimaryStageWindow   - Opening main window
14:43:50.311 [JavaFX Application Thread] DEBUG PrimaryStageWindow   - Window border size: (14.4000244140625, 37.5999755859375)
14:43:50.312 [JavaFX Application Thread] DEBUG PrimaryStageWindow   - Scaled size: 1080.0 x 720.0
14:43:50.312 [JavaFX Application Thread] DEBUG PrimaryStageWindow   - Scaled ratio: (1.0, 1.0)
14:43:50.312 [JavaFX Application Thread] DEBUG PrimaryStageWindow   - Scene size: 1080.0 x 720.0
14:43:50.312 [JavaFX Application Thread] DEBUG PrimaryStageWindow   - Stage size: 1094.4000244140625 x 757.5999755859375
14:43:50.325 [FXGL Background Thread 1 ] DEBUG Engine               - Initializing environment variables
14:43:50.396 [FXGL Background Thread 1 ] DEBUG FXGLAssetLoaderServi - User app class for loading assets: class com.bomberman.bombermanplus.BombermanApp
14:43:50.396 [FXGL Background Thread 1 ] DEBUG GameApplicationServi - Applying CSS: fxgl_dark.css
14:43:50.399 [FXGL Background Thread 1 ] DEBUG FXGLAssetLoaderServi - Loading from file system: jar:file:///C:/Users/ADMIN/.m2/repository/com/github/almasb/fxgl/17.1/fxgl-17.1.jar!/fxglassets/ui/css/fxgl_dark.css
14:43:50.458 [FXGL Background Thread 1 ] DEBUG GameApplicationServi - Initializing application scenes
14:43:50.505 [FXGL Background Thread 1 ] DEBUG GameWorld            - Game world initialized
14:43:50.566 [FXGL Background Thread 1 ] DEBUG PhysicsWorld         - Physics world initialized: appHeight=720, physics.ppm=50.0
14:43:50.566 [FXGL Background Thread 1 ] DEBUG PhysicsWorld         - Using strategy: BRUTE_FORCE
14:43:50.571 [FXGL Background Thread 1 ] DEBUG GameScene            - Game scene initialized: 1080x720
14:43:50.579 [FXGL Background Thread 1 ] DEBUG FXGL.DefaultMenu     - createMenuBodyMainMenu()
14:43:50.599 [FXGL Background Thread 1 ] DEBUG FXGL.DefaultMenu     - createOptionsMenu()
14:43:50.613 [FXGL Background Thread 1 ] DEBUG FXGLAssetLoaderServi - Loading from file system: jar:file:///C:/Users/ADMIN/.m2/repository/com/github/almasb/fxgl/17.1/fxgl-17.1.jar!/fxglassets/textures/particles/smoke.png
14:43:50.746 [FXGL Background Thread 1 ] DEBUG FXGLAssetLoaderServi - Loading from file system: jar:file:///C:/Users/ADMIN/.m2/repository/com/github/almasb/fxgl/17.1/fxgl-17.1.jar!/fxglassets/textures/particles/trace_horizontal.png
14:43:50.787 [FXGL Background Thread 1 ] DEBUG GameApplicationServi - Application scenes initialized
14:43:50.807 [FXGL Background Thread 1 ] DEBUG SystemBundleService  - Loading FXGL system data
14:43:50.818 [FXGL Background Thread 1 ] DEBUG FileSystemAccess     - Reading from: C:\Users\ADMIN\IdeaProjects\BombermanPlus\system\fxgl.bundle
14:43:50.842 [FXGL Background Thread 1 ] DEBUG SystemBundleService  - Bundle FXGL: {}
14:43:50.843 [FXGL Background Thread 1 ] DEBUG UpdaterService       - Checking for updates
14:43:50.854 [FXGL Background Thread 4 ] DEBUG FXGLApplication      - Loading fonts
14:43:50.854 [FXGL Background Thread 1 ] DEBUG FXGLApplication      - Loading default localization
14:43:50.855 [FXGL Background Thread 4 ] DEBUG FXGLAssetLoaderServi - Loading from file system: jar:file:///C:/Users/ADMIN/.m2/repository/com/github/almasb/fxgl/17.1/fxgl-17.1.jar!/fxglassets/ui/fonts/VarelaRound-Regular.ttf
14:43:50.855 [FXGL Background Thread 1 ] DEBUG FXGLAssetLoaderServi - Loading from file system: jar:file:///C:/Users/ADMIN/.m2/repository/com/github/almasb/fxgl/17.1/fxgl-17.1.jar!/fxglassets/languages/english.lang
14:43:50.880 [FXGL Background Thread 1 ] INFO  FXGLApplication      - FXGL initialization took: 0.554 sec
14:43:50.890 [JavaFX Application Thread] DEBUG Input                - Registered new binding: Move Right - D
14:43:50.891 [JavaFX Application Thread] DEBUG Input                - Registered new binding: Move Up - W
14:43:50.891 [JavaFX Application Thread] DEBUG Input                - Registered new binding: Move Down - S
14:43:50.891 [JavaFX Application Thread] DEBUG Input                - Registered new binding: Move Left - A
14:43:50.892 [JavaFX Application Thread] DEBUG FXGLAssetLoaderServi - Loading from file system: jar:file:///C:/Users/ADMIN/.m2/repository/com/github/almasb/fxgl/17.1/fxgl-17.1.jar!/fxglassets/textures/fxgl_icon.png
14:43:50.918 [JavaFX Application Thread] DEBUG FXGLAssetLoaderServi - Loading from file system: jar:file:///C:/Users/ADMIN/.m2/repository/com/github/almasb/fxgl/17.1/fxgl-17.1.jar!/fxglassets/textures/fxgl_default_cursor.png
14:43:50.924 [JavaFX Application Thread] DEBUG Input                - Registered new binding: Screenshot - CTRL+8
14:43:50.926 [JavaFX Application Thread] DEBUG Input                - Registered new binding: System info dump - CTRL+9
14:43:50.927 [JavaFX Application Thread] DEBUG Input                - Registered new binding: Restart - CTRL+R
14:43:50.928 [JavaFX Application Thread] DEBUG Input                - Registered new binding: Toggle Debug Camera - CTRL+7
14:43:50.931 [JavaFX Application Thread] DEBUG LoopRunner           - Starting loop
14:43:50.931 [JavaFX Application Thread] DEBUG LoopRunner           - Initializing JavaFX AnimationTimerLoop
14:43:50.936 [JavaFX Application Thread] DEBUG Input                - Clearing active input actions
14:43:50.945 [JavaFX Application Thread] DEBUG GameApplicationServi - Removing overlay from FXGLStartupScene and adding to FXGLMainMenuDummyScene
14:43:50.946 [JavaFX Application Thread] DEBUG PrimaryStageWindow   - FXGLStartupScene -> FXGLMainMenuDummyScene
14:43:50.946 [JavaFX Application Thread] DEBUG PrimaryStageWindow   - Push state: FXGLDefaultMenu
14:43:50.955 [JavaFX Application Thread] DEBUG Input                - Clearing active input actions
14:43:50.967 [JavaFX Application Thread] DEBUG GameApplicationServi - Removing overlay from FXGLMainMenuDummyScene and adding to FXGLDefaultMenu
14:43:50.968 [JavaFX Application Thread] DEBUG PrimaryStageWindow   - FXGLMainMenuDummyScene -> FXGLDefaultMenu
14:43:51.099 [FXGL Background Thread 4 ] DEBUG FXGLAssetLoaderServi - Loading from file system: jar:file:///C:/Users/ADMIN/.m2/repository/com/github/almasb/fxgl/17.1/fxgl-17.1.jar!/fxglassets/ui/fonts/Abel-Regular.ttf
14:43:51.124 [FXGL Background Thread 4 ] DEBUG FXGLAssetLoaderServi - Loading from file system: jar:file:///C:/Users/ADMIN/.m2/repository/com/github/almasb/fxgl/17.1/fxgl-17.1.jar!/fxglassets/ui/fonts/TerminalLandMono-Regular.otf
14:43:51.181 [FXGL Background Thread 4 ] DEBUG FXGLAssetLoaderServi - Loading from file system: jar:file:///C:/Users/ADMIN/.m2/repository/com/github/almasb/fxgl/17.1/fxgl-17.1.jar!/fxglassets/ui/fonts/Courier-Prime.ttf
14:43:51.319 [JavaFX Application Thread] DEBUG FXGLApplication      - Registering font factories with UI factory
14:43:51.634 [FXGL Background Thread 2 ] INFO  UpdaterService       - Your current version:  17.1
14:43:51.635 [FXGL Background Thread 2 ] INFO  UpdaterService       - Latest stable version: 17.2
14:43:52.426 [JavaFX Application Thread] DEBUG Menu                 - fireNewGame()
14:43:52.426 [JavaFX Application Thread] DEBUG GameApplicationServi - Starting new game
14:43:52.431 [JavaFX Application Thread] DEBUG PrimaryStageWindow   - Pop state: FXGLDefaultMenu
14:43:52.431 [JavaFX Application Thread] DEBUG Input                - Clearing active input actions
14:43:52.432 [JavaFX Application Thread] DEBUG GameApplicationServi - Removing overlay from FXGLDefaultMenu and adding to FXGLMainMenuDummyScene
14:43:52.433 [JavaFX Application Thread] DEBUG PrimaryStageWindow   - FXGLMainMenuDummyScene <- FXGLDefaultMenu
14:43:52.434 [JavaFX Application Thread] DEBUG Input                - Clearing active input actions
14:43:52.446 [JavaFX Application Thread] DEBUG GameApplicationServi - Removing overlay from FXGLMainMenuDummyScene and adding to FXGLLoadingScene
14:43:52.447 [JavaFX Application Thread] DEBUG PrimaryStageWindow   - FXGLMainMenuDummyScene -> FXGLLoadingScene
14:43:52.447 [JavaFX Application Thread] DEBUG GameApplicationServi - Clearing previous game
14:43:52.447 [JavaFX Application Thread] DEBUG GameScene            - Clearing game scene
14:43:52.447 [JavaFX Application Thread] DEBUG GameWorld            - Clearing game world
14:43:52.447 [JavaFX Application Thread] DEBUG PhysicsWorld         - Clearing physics world
14:43:52.450 [FXGL Background Thread 2 ] DEBUG FXGLApplication      - Initializing game
14:43:52.501 [FXGL Background Thread 2 ] WARN  TMXLevelLoader       - TiledMap generated from 1.9.2. Supported version: 1.4.2. Some features may not be parsed fully.
14:43:52.508 [FXGL Background Thread 2 ] DEBUG TMXLevelLoader       - Parsed TiledMap: file:/C:/Users/ADMIN/IdeaProjects/BombermanPlus/target/classes/assets/levels/lv1demo.tmx
14:43:52.510 [FXGL Background Thread 2 ] DEBUG TMXLevelLoader       - Creating tile layer entities
14:43:52.514 [FXGL Background Thread 2 ] DEBUG TilesetLoader        - Loading view for layer Tile Layer 1
14:43:52.520 [FXGL Background Thread 2 ] DEBUG TilesetLoader        - Created buffer with size 1488.0x720.0
14:43:52.569 [FXGL Background Thread 2 ] DEBUG TMXLevelLoader       - Creating object layer entities
14:43:52.621 [FXGL Background Thread 2 ] DEBUG FXGLAssetLoaderServi - Loading from file system: file:/C:/Users/ADMIN/IdeaProjects/BombermanPlus/target/classes/assets/textures/sprites.png
14:43:52.669 [FXGL Background Thread 2 ] DEBUG GameWorld            - Clearing removable entities
14:43:52.669 [FXGL Background Thread 2 ] DEBUG GameWorld            - Setting level: com.almasb.fxgl.entity.level.Level@56ab9c68
14:43:52.683 [FXGL Background Thread 2 ] INFO  FXGLApplication      - Game initialization took: 0.234 sec
14:43:52.684 [JavaFX Application Thread] DEBUG Input                - Clearing active input actions
14:43:52.695 [JavaFX Application Thread] DEBUG GameApplicationServi - Removing overlay from FXGLLoadingScene and adding to GameScene
14:43:52.695 [JavaFX Application Thread] DEBUG PrimaryStageWindow   - FXGLLoadingScene -> GameScene
14:43:53.852 [FXGL Background Thread 3 ] DEBUG Engine               - Logging environment variables
14:43:53.853 [FXGL Background Thread 3 ] DEBUG Engine               - achievements: []
14:43:53.853 [FXGL Background Thread 3 ] DEBUG Engine               - actualHeight: 720.0
14:43:53.853 [FXGL Background Thread 3 ] DEBUG Engine               - actualHeightProperty: ReadOnlyDoubleProperty [value: 720.0]
14:43:53.853 [FXGL Background Thread 3 ] DEBUG Engine               - actualWidth: 1080.0
14:43:53.853 [FXGL Background Thread 3 ] DEBUG Engine               - actualWidthProperty: ReadOnlyDoubleProperty [value: 1080.0]
14:43:53.853 [FXGL Background Thread 3 ] DEBUG Engine               - appIcon: fxgl_icon.png
14:43:53.853 [FXGL Background Thread 3 ] DEBUG Engine               - applicationMode: DEVELOPER
14:43:53.853 [FXGL Background Thread 3 ] DEBUG Engine               - cSSList: [fxgl_dark.css]
14:43:53.853 [FXGL Background Thread 3 ] DEBUG Engine               - collisionDetectionStrategy: BRUTE_FORCE
14:43:53.853 [FXGL Background Thread 3 ] DEBUG Engine               - configClass: Optional.empty
14:43:53.853 [FXGL Background Thread 3 ] DEBUG Engine               - credits: []
14:43:53.853 [FXGL Background Thread 3 ] DEBUG Engine               - defaultCursor: CursorInfo(imageName=fxgl_default_cursor.png, hotspotX=7.0, hotspotY=6.0)
14:43:53.853 [FXGL Background Thread 3 ] DEBUG Engine               - devBBoxColorProperty: ObjectProperty [value: 0xff0000ff]
14:43:53.853 [FXGL Background Thread 3 ] DEBUG Engine               - devEnableDebugCameraProperty: BooleanProperty [value: false]
14:43:53.854 [FXGL Background Thread 3 ] DEBUG Engine               - devSensorColorProperty: ObjectProperty [value: 0xffff00ff]
14:43:53.854 [FXGL Background Thread 3 ] DEBUG Engine               - devShowBBoxProperty: BooleanProperty [value: false]
14:43:53.854 [FXGL Background Thread 3 ] DEBUG Engine               - devShowPositionProperty: BooleanProperty [value: false]
14:43:53.854 [FXGL Background Thread 3 ] DEBUG Engine               - enabledMenuItems: []
14:43:53.854 [FXGL Background Thread 3 ] DEBUG Engine               - engineServices: [class com.almasb.fxgl.app.services.FXGLAssetLoaderService, class com.almasb.fxgl.app.FXGLApplication$GameApplicationService, class com.almasb.fxgl.app.services.FXGLDialogService, class com.almasb.fxgl.app.services.IOTaskExecutorService, class com.almasb.fxgl.io.FileSystemService, class com.almasb.fxgl.localization.LocalizationService, class com.almasb.fxgl.app.services.SystemBundleService, class com.almasb.fxgl.profile.SaveLoadService, class com.almasb.fxgl.ui.FXGLUIFactoryServiceProvider, class com.almasb.fxgl.ui.FXGLDialogFactoryServiceProvider, class com.almasb.fxgl.audio.AudioPlayer, class com.almasb.fxgl.notification.impl.NotificationServiceProvider, class com.almasb.fxgl.achievement.AchievementService, class com.almasb.fxgl.cutscene.CutsceneService, class com.almasb.fxgl.minigames.MiniGameService, class com.almasb.fxgl.net.NetService, class com.almasb.fxgl.app.services.UpdaterService, class com.almasb.fxgl.dev.DevService]
14:43:53.854 [FXGL Background Thread 3 ] DEBUG Engine               - fontGame: Abel-Regular.ttf
14:43:53.854 [FXGL Background Thread 3 ] DEBUG Engine               - fontMono: TerminalLandMono-Regular.otf
14:43:53.854 [FXGL Background Thread 3 ] DEBUG Engine               - fontText: Courier-Prime.ttf
14:43:53.854 [FXGL Background Thread 3 ] DEBUG Engine               - fontUI: VarelaRound-Regular.ttf
14:43:53.854 [FXGL Background Thread 3 ] DEBUG Engine               - fullScreen: BooleanProperty [value: false]
14:43:53.854 [FXGL Background Thread 3 ] DEBUG Engine               - gameDifficulty: MEDIUM
14:43:53.854 [FXGL Background Thread 3 ] DEBUG Engine               - gameDifficultyProperty: ObjectProperty [value: MEDIUM]
14:43:53.854 [FXGL Background Thread 3 ] DEBUG Engine               - globalMusicVolume: 0.5
14:43:53.854 [FXGL Background Thread 3 ] DEBUG Engine               - globalMusicVolumeProperty: DoubleProperty [value: 0.5]
14:43:53.854 [FXGL Background Thread 3 ] DEBUG Engine               - globalSoundVolume: 0.5
14:43:53.854 [FXGL Background Thread 3 ] DEBUG Engine               - globalSoundVolumeProperty: DoubleProperty [value: 0.5]
14:43:53.854 [FXGL Background Thread 3 ] DEBUG Engine               - height: 720
14:43:53.854 [FXGL Background Thread 3 ] DEBUG Engine               - is3D: false
14:43:53.854 [FXGL Background Thread 3 ] DEBUG Engine               - isAndroid: false
14:43:53.854 [FXGL Background Thread 3 ] DEBUG Engine               - isBrowser: false
14:43:53.854 [FXGL Background Thread 3 ] DEBUG Engine               - isClickFeedbackEnabled: false
14:43:53.855 [FXGL Background Thread 3 ] DEBUG Engine               - isCloseConfirmation: false
14:43:53.855 [FXGL Background Thread 3 ] DEBUG Engine               - isDesktop: true
14:43:53.855 [FXGL Background Thread 3 ] DEBUG Engine               - isDeveloperMenuEnabled: false
14:43:53.855 [FXGL Background Thread 3 ] DEBUG Engine               - isEmbedded: false
14:43:53.855 [FXGL Background Thread 3 ] DEBUG Engine               - isEntityPreloadEnabled: true
14:43:53.855 [FXGL Background Thread 3 ] DEBUG Engine               - isExperimentalTiledLargeMap: false
14:43:53.855 [FXGL Background Thread 3 ] DEBUG Engine               - isFileSystemWriteAllowed: true
14:43:53.855 [FXGL Background Thread 3 ] DEBUG Engine               - isFullScreenAllowed: false
14:43:53.855 [FXGL Background Thread 3 ] DEBUG Engine               - isFullScreenFromStart: false
14:43:53.855 [FXGL Background Thread 3 ] DEBUG Engine               - isGameMenuEnabled: false
14:43:53.855 [FXGL Background Thread 3 ] DEBUG Engine               - isIOS: false
14:43:53.855 [FXGL Background Thread 3 ] DEBUG Engine               - isIntroEnabled: false
14:43:53.855 [FXGL Background Thread 3 ] DEBUG Engine               - isLinux: false
14:43:53.855 [FXGL Background Thread 3 ] DEBUG Engine               - isMac: false
14:43:53.855 [FXGL Background Thread 3 ] DEBUG Engine               - isMainMenuEnabled: true
14:43:53.855 [FXGL Background Thread 3 ] DEBUG Engine               - isManualResizeEnabled: false
14:43:53.855 [FXGL Background Thread 3 ] DEBUG Engine               - isMobile: false
14:43:53.855 [FXGL Background Thread 3 ] DEBUG Engine               - isNative: false
14:43:53.855 [FXGL Background Thread 3 ] DEBUG Engine               - isPauseMusicWhenMinimized: true
14:43:53.855 [FXGL Background Thread 3 ] DEBUG Engine               - isPreserveResizeRatio: false
14:43:53.855 [FXGL Background Thread 3 ] DEBUG Engine               - isProfilingEnabled: false
14:43:53.855 [FXGL Background Thread 3 ] DEBUG Engine               - isScaleAffectedOnResize: true
14:43:53.855 [FXGL Background Thread 3 ] DEBUG Engine               - isSingleStep: false
14:43:53.855 [FXGL Background Thread 3 ] DEBUG Engine               - isUserProfileEnabled: false
14:43:53.855 [FXGL Background Thread 3 ] DEBUG Engine               - isWindows: true
14:43:53.855 [FXGL Background Thread 3 ] DEBUG Engine               - language: ObjectProperty [value: ENGLISH]
14:43:53.855 [FXGL Background Thread 3 ] DEBUG Engine               - menuKey: ESCAPE
14:43:53.855 [FXGL Background Thread 3 ] DEBUG Engine               - mouseSensitivity: 0.2
14:43:53.855 [FXGL Background Thread 3 ] DEBUG Engine               - notificationViewClass: class com.almasb.fxgl.notification.view.XboxNotificationView
14:43:53.855 [FXGL Background Thread 3 ] DEBUG Engine               - pixelsPerMeter: 50.0
14:43:53.855 [FXGL Background Thread 3 ] DEBUG Engine               - platform: WINDOWS
14:43:53.855 [FXGL Background Thread 3 ] DEBUG Engine               - prefHeightProperty: ReadOnlyDoubleProperty [value: 720.0]
14:43:53.855 [FXGL Background Thread 3 ] DEBUG Engine               - prefWidthProperty: ReadOnlyDoubleProperty [value: 1080.0]
14:43:53.855 [FXGL Background Thread 3 ] DEBUG Engine               - profileDir: profiles/
14:43:53.855 [FXGL Background Thread 3 ] DEBUG Engine               - profileName: StringProperty [value: DEFAULT]
14:43:53.855 [FXGL Background Thread 3 ] DEBUG Engine               - randomSeed: -1
14:43:53.856 [FXGL Background Thread 3 ] DEBUG Engine               - runtimeInfo: RuntimeInfo(platform=WINDOWS, version=17.1, build=24.03.2022 17.34)
14:43:53.856 [FXGL Background Thread 3 ] DEBUG Engine               - saveFileExt: sav
14:43:53.856 [FXGL Background Thread 3 ] DEBUG Engine               - scaledHeightProp$fxgl: DoubleProperty [bound, value: 720.0]
14:43:53.856 [FXGL Background Thread 3 ] DEBUG Engine               - scaledWidthProp$fxgl: DoubleProperty [bound, value: 1080.0]
14:43:53.856 [FXGL Background Thread 3 ] DEBUG Engine               - sceneFactory: com.almasb.fxgl.app.scene.SceneFactory@73f35d95
14:43:53.856 [FXGL Background Thread 3 ] DEBUG Engine               - secondsIn24h: 60
14:43:53.856 [FXGL Background Thread 3 ] DEBUG Engine               - soundMenuBack: menu/back.wav
14:43:53.856 [FXGL Background Thread 3 ] DEBUG Engine               - soundMenuPress: menu/press.wav
14:43:53.856 [FXGL Background Thread 3 ] DEBUG Engine               - soundMenuSelect: menu/select.wav
14:43:53.856 [FXGL Background Thread 3 ] DEBUG Engine               - soundNotification: core/notification.wav
14:43:53.856 [FXGL Background Thread 3 ] DEBUG Engine               - stageStyle: DECORATED
14:43:53.856 [FXGL Background Thread 3 ] DEBUG Engine               - supportedLanguages: [ENGLISH, FRENCH, GERMAN, HUNGARIAN, RUSSIAN]
14:43:53.856 [FXGL Background Thread 3 ] DEBUG Engine               - ticksPerSecond: -1
14:43:53.856 [FXGL Background Thread 3 ] DEBUG Engine               - title: BOMBERMAN
14:43:53.856 [FXGL Background Thread 3 ] DEBUG Engine               - urlGithub: https://github.com/AlmasB/FXGL
14:43:53.856 [FXGL Background Thread 3 ] DEBUG Engine               - urlLeaderboard: http://fxgl-top.herokuapp.com/
14:43:53.856 [FXGL Background Thread 3 ] DEBUG Engine               - urlPOM: https://raw.githubusercontent.com/AlmasB/FXGL/release/README.md
14:43:53.856 [FXGL Background Thread 3 ] DEBUG Engine               - userAppClass: class com.bomberman.bombermanplus.BombermanApp
14:43:53.856 [FXGL Background Thread 3 ] DEBUG Engine               - version: 1.0
14:43:53.856 [FXGL Background Thread 3 ] DEBUG Engine               - versionCheckDays: 7
14:43:53.856 [FXGL Background Thread 3 ] DEBUG Engine               - width: 1080
14:43:53.856 [FXGL Background Thread 3 ] DEBUG Engine               - Logging services
14:43:53.856 [FXGL Background Thread 3 ] DEBUG Engine               - class com.almasb.fxgl.app.services.FXGLAssetLoaderService
14:43:53.856 [FXGL Background Thread 3 ] DEBUG Engine               - class com.almasb.fxgl.app.FXGLApplication$GameApplicationService
14:43:53.856 [FXGL Background Thread 3 ] DEBUG Engine               - class com.almasb.fxgl.app.services.FXGLDialogService
14:43:53.856 [FXGL Background Thread 3 ] DEBUG Engine               - class com.almasb.fxgl.app.services.IOTaskExecutorService
14:43:53.856 [FXGL Background Thread 3 ] DEBUG Engine               - class com.almasb.fxgl.io.FileSystemService
14:43:53.856 [FXGL Background Thread 3 ] DEBUG Engine               - class com.almasb.fxgl.localization.LocalizationService
14:43:53.856 [FXGL Background Thread 3 ] DEBUG Engine               - class com.almasb.fxgl.app.services.SystemBundleService
14:43:53.856 [FXGL Background Thread 3 ] DEBUG Engine               - class com.almasb.fxgl.profile.SaveLoadService
14:43:53.856 [FXGL Background Thread 3 ] DEBUG Engine               - class com.almasb.fxgl.ui.FXGLUIFactoryServiceProvider
14:43:53.856 [FXGL Background Thread 3 ] DEBUG Engine               - class com.almasb.fxgl.ui.FXGLDialogFactoryServiceProvider
14:43:53.856 [FXGL Background Thread 3 ] DEBUG Engine               - class com.almasb.fxgl.audio.AudioPlayer
14:43:53.856 [FXGL Background Thread 3 ] DEBUG Engine               - class com.almasb.fxgl.notification.impl.NotificationServiceProvider
14:43:53.856 [FXGL Background Thread 3 ] DEBUG Engine               - class com.almasb.fxgl.achievement.AchievementService
14:43:53.856 [FXGL Background Thread 3 ] DEBUG Engine               - class com.almasb.fxgl.cutscene.CutsceneService
14:43:53.856 [FXGL Background Thread 3 ] DEBUG Engine               - class com.almasb.fxgl.minigames.MiniGameService
14:43:53.856 [FXGL Background Thread 3 ] DEBUG Engine               - class com.almasb.fxgl.net.NetService
14:43:53.856 [FXGL Background Thread 3 ] DEBUG Engine               - class com.almasb.fxgl.app.services.UpdaterService
14:43:53.856 [FXGL Background Thread 3 ] DEBUG Engine               - class com.almasb.fxgl.dev.DevService
14:44:23.427 [JavaFX Application Thread] DEBUG FXGLApplication      - Exiting FXGL
14:44:23.428 [JavaFX Application Thread] DEBUG LoopRunner           - Stopping loop
14:44:23.428 [JavaFX Application Thread] DEBUG SystemBundleService  - Saving FXGL system data
14:44:23.436 [JavaFX Application Thread] DEBUG FileSystemAccess     - Writing to: C:\Users\ADMIN\IdeaProjects\BombermanPlus\system\fxgl.bundle
14:44:23.438 [JavaFX Application Thread] DEBUG Async                - Shutting down background threads
14:44:23.439 [JavaFX Application Thread] DEBUG PrimaryStageWindow   - Closing main window
14:44:23.445 [JavaFX Application Thread] DEBUG Logger               - Closing Logger
