10:11:53.669 [main                     ] DEBUG Logger               - Configured Logger
10:11:53.684 [main                     ] DEBUG GameApplication      - Logging settings
Title: BOMBERMAN
Version: 1.0
Width: 1080
Height: 720
Fullscreen: false
Intro: false
Profiling: false
Single step:false
App Mode: DEVELOPER
Menu Key: ESCAPE
Stage Style: DECORATED
Scene Factory: class com.bomberman.bombermanplus.BombermanApp$1

10:11:54.075 [JavaFX Application Thread] DEBUG FXGLApplication      - Initializing FXGL
10:11:54.079 [JavaFX Application Thread] INFO  Engine               - FXGL-17.1 (24.03.2022 17.34) on WINDOWS (J:19 FX:19-ea)
10:11:54.080 [JavaFX Application Thread] DEBUG Engine               - JRE Vendor Name: Oracle Corporation
10:11:54.080 [JavaFX Application Thread] DEBUG Engine               - Running on OS: Windows 11 version 10.0
10:11:54.080 [JavaFX Application Thread] DEBUG Engine               - Architecture: amd64
10:11:54.080 [JavaFX Application Thread] INFO  Engine               - Source code and latest versions at: https://github.com/AlmasB/FXGL
10:11:54.080 [JavaFX Application Thread] INFO  Engine               -       Ask questions and discuss at: https://github.com/AlmasB/FXGL/discussions
10:11:54.080 [JavaFX Application Thread] INFO  Engine               -              Join the FXGL chat at: https://gitter.im/AlmasB/FXGL
10:11:54.168 [JavaFX Application Thread] DEBUG PrimaryStageWindow   - Creating a JavaFX scene
10:11:54.209 [JavaFX Application Thread] DEBUG PrimaryStageWindow   - Target settings size: 1080.0 x 720.0
10:11:54.209 [JavaFX Application Thread] DEBUG PrimaryStageWindow   - Scaled scene size:    1080.0 x 720.0
10:11:54.209 [JavaFX Application Thread] DEBUG PrimaryStageWindow   - Scaled ratio: (1.0, 1.0)
10:11:54.210 [JavaFX Application Thread] DEBUG PrimaryStageWindow   - Set initial scene to FXGLStartupScene
10:11:54.215 [JavaFX Application Thread] DEBUG PrimaryStageWindow   - Opening main window
10:11:54.276 [JavaFX Application Thread] DEBUG PrimaryStageWindow   - Window border size: (14.4000244140625, 37.5999755859375)
10:11:54.278 [JavaFX Application Thread] DEBUG PrimaryStageWindow   - Scaled size: 1080.0 x 720.0
10:11:54.278 [JavaFX Application Thread] DEBUG PrimaryStageWindow   - Scaled ratio: (1.0, 1.0)
10:11:54.278 [JavaFX Application Thread] DEBUG PrimaryStageWindow   - Scene size: 1080.0 x 720.0
10:11:54.278 [JavaFX Application Thread] DEBUG PrimaryStageWindow   - Stage size: 1094.4000244140625 x 757.5999755859375
10:11:54.287 [FXGL Background Thread 1 ] DEBUG Engine               - Initializing environment variables
10:11:54.334 [FXGL Background Thread 1 ] DEBUG FXGLAssetLoaderServi - User app class for loading assets: class com.bomberman.bombermanplus.BombermanApp
10:11:54.334 [FXGL Background Thread 1 ] DEBUG GameApplicationServi - Applying CSS: fxgl_dark.css
10:11:54.335 [FXGL Background Thread 1 ] DEBUG FXGLAssetLoaderServi - Loading from file system: jar:file:///C:/Users/ADMIN/.m2/repository/com/github/almasb/fxgl/17.1/fxgl-17.1.jar!/fxglassets/ui/css/fxgl_dark.css
10:11:54.368 [FXGL Background Thread 1 ] DEBUG GameApplicationServi - Initializing application scenes
10:11:54.400 [FXGL Background Thread 1 ] DEBUG GameWorld            - Game world initialized
10:11:54.452 [FXGL Background Thread 1 ] DEBUG PhysicsWorld         - Physics world initialized: appHeight=720, physics.ppm=50.0
10:11:54.453 [FXGL Background Thread 1 ] DEBUG PhysicsWorld         - Using strategy: BRUTE_FORCE
10:11:54.457 [FXGL Background Thread 1 ] DEBUG GameScene            - Game scene initialized: 1080x720
10:11:54.510 [FXGL Background Thread 1 ] DEBUG GameApplicationServi - Application scenes initialized
10:11:54.520 [FXGL Background Thread 1 ] DEBUG SystemBundleService  - Loading FXGL system data
10:11:54.526 [FXGL Background Thread 1 ] DEBUG FileSystemAccess     - Reading from: C:\Users\ADMIN\IdeaProjects\BombermanPlus\system\fxgl.bundle
10:11:54.538 [FXGL Background Thread 1 ] DEBUG SystemBundleService  - Bundle FXGL: {}
10:11:54.538 [FXGL Background Thread 1 ] DEBUG UpdaterService       - Checking for updates
10:11:54.558 [FXGL Background Thread 4 ] DEBUG FXGLApplication      - Loading fonts
10:11:54.559 [FXGL Background Thread 1 ] DEBUG FXGLApplication      - Loading default localization
10:11:54.559 [FXGL Background Thread 4 ] WARN  FXGLAssetLoaderServi - Asset "/assets/ui/fonts/Retro Gaming.ttf" was not found!
10:11:54.559 [FXGL Background Thread 4 ] WARN  FXGLAssetLoaderServi - Failed to load FONT
10:11:54.559 [FXGL Background Thread 1 ] DEBUG FXGLAssetLoaderServi - Loading from file system: jar:file:///C:/Users/ADMIN/.m2/repository/com/github/almasb/fxgl/17.1/fxgl-17.1.jar!/fxglassets/languages/english.lang
10:11:54.559 [FXGL Background Thread 4 ] DEBUG FXGLAssetLoaderServi - Loading from file system: jar:file:///C:/Users/ADMIN/.m2/repository/com/github/almasb/fxgl/17.1/fxgl-17.1.jar!/fxglassets/ui/fonts/Abel-Regular.ttf
10:11:54.574 [FXGL Background Thread 1 ] INFO  FXGLApplication      - FXGL initialization took: 0.287 sec
10:11:54.580 [JavaFX Application Thread] DEBUG Input                - Registered new binding: Move Right - D
10:11:54.581 [JavaFX Application Thread] DEBUG Input                - Registered new binding: Move Up - W
10:11:54.581 [JavaFX Application Thread] DEBUG Input                - Registered new binding: Move Down - S
10:11:54.581 [JavaFX Application Thread] DEBUG Input                - Registered new binding: Move Left - A
10:11:54.581 [JavaFX Application Thread] DEBUG Input                - Registered new binding: Place bomb - Space
10:11:54.582 [JavaFX Application Thread] DEBUG FXGLAssetLoaderServi - Loading from file system: file:/C:/Users/ADMIN/IdeaProjects/BombermanPlus/target/classes/assets/music/title_screen.mp3
10:11:54.647 [FXGL Background Thread 4 ] DEBUG FXGLAssetLoaderServi - Loading from file system: jar:file:///C:/Users/ADMIN/.m2/repository/com/github/almasb/fxgl/17.1/fxgl-17.1.jar!/fxglassets/ui/fonts/TerminalLandMono-Regular.otf
10:11:54.664 [FXGL Background Thread 4 ] DEBUG FXGLAssetLoaderServi - Loading from file system: jar:file:///C:/Users/ADMIN/.m2/repository/com/github/almasb/fxgl/17.1/fxgl-17.1.jar!/fxglassets/ui/fonts/Courier-Prime.ttf
10:11:55.342 [JavaFX Application Thread] DEBUG AudioPlayer          - Playing music com.almasb.fxgl.audio.Music@4481a42c
10:11:55.342 [JavaFX Application Thread] DEBUG FXGLAssetLoaderServi - Loading from file system: jar:file:///C:/Users/ADMIN/.m2/repository/com/github/almasb/fxgl/17.1/fxgl-17.1.jar!/fxglassets/textures/fxgl_icon.png
10:11:55.366 [JavaFX Application Thread] DEBUG FXGLAssetLoaderServi - Loading from file system: jar:file:///C:/Users/ADMIN/.m2/repository/com/github/almasb/fxgl/17.1/fxgl-17.1.jar!/fxglassets/textures/fxgl_default_cursor.png
10:11:55.369 [JavaFX Application Thread] DEBUG Input                - Registered new binding: Screenshot - CTRL+8
10:11:55.370 [JavaFX Application Thread] DEBUG Input                - Registered new binding: Dev Options - 1
10:11:55.370 [JavaFX Application Thread] DEBUG Input                - Registered new binding: Dev Console - 2
10:11:55.370 [JavaFX Application Thread] DEBUG Input                - Registered new binding: System info dump - CTRL+9
10:11:55.370 [JavaFX Application Thread] DEBUG Input                - Registered new binding: Restart - CTRL+R
10:11:55.371 [JavaFX Application Thread] DEBUG Input                - Registered new binding: Toggle Debug Camera - CTRL+7
10:11:55.373 [JavaFX Application Thread] DEBUG LoopRunner           - Starting loop
10:11:55.383 [JavaFX Application Thread] DEBUG LoopRunner           - Initializing JavaFX AnimationTimerLoop
10:11:55.385 [JavaFX Application Thread] DEBUG Input                - Clearing active input actions
10:11:55.392 [JavaFX Application Thread] DEBUG GameApplicationServi - Removing overlay from FXGLStartupScene and adding to FXGLMainMenuDummyScene
10:11:55.395 [JavaFX Application Thread] DEBUG PrimaryStageWindow   - FXGLStartupScene -> FXGLMainMenuDummyScene
10:11:55.395 [JavaFX Application Thread] DEBUG PrimaryStageWindow   - Push state: BombermanMenu
10:11:55.395 [JavaFX Application Thread] DEBUG Input                - Clearing active input actions
10:11:55.397 [JavaFX Application Thread] DEBUG GameApplicationServi - Removing overlay from FXGLMainMenuDummyScene and adding to BombermanMenu
10:11:55.398 [JavaFX Application Thread] DEBUG PrimaryStageWindow   - FXGLMainMenuDummyScene -> BombermanMenu
10:11:55.404 [JavaFX Application Thread] DEBUG FXGLApplication      - Registering font factories with UI factory
10:11:56.218 [JavaFX Application Thread] DEBUG Menu                 - fireNewGame()
10:11:56.219 [JavaFX Application Thread] DEBUG GameApplicationServi - Starting new game
10:11:56.219 [JavaFX Application Thread] DEBUG PrimaryStageWindow   - Pop state: BombermanMenu
10:11:56.219 [JavaFX Application Thread] DEBUG Input                - Clearing active input actions
10:11:56.219 [JavaFX Application Thread] DEBUG GameApplicationServi - Removing overlay from BombermanMenu and adding to FXGLMainMenuDummyScene
10:11:56.221 [JavaFX Application Thread] DEBUG PrimaryStageWindow   - FXGLMainMenuDummyScene <- BombermanMenu
10:11:56.221 [JavaFX Application Thread] DEBUG Input                - Clearing active input actions
10:11:56.225 [JavaFX Application Thread] DEBUG GameApplicationServi - Removing overlay from FXGLMainMenuDummyScene and adding to FXGLLoadingScene
10:11:56.225 [JavaFX Application Thread] DEBUG PrimaryStageWindow   - FXGLMainMenuDummyScene -> FXGLLoadingScene
10:11:56.225 [JavaFX Application Thread] DEBUG GameApplicationServi - Clearing previous game
10:11:56.226 [JavaFX Application Thread] DEBUG GameScene            - Clearing game scene
10:11:56.226 [JavaFX Application Thread] DEBUG GameWorld            - Clearing game world
10:11:56.226 [JavaFX Application Thread] DEBUG PhysicsWorld         - Clearing physics world
10:11:56.227 [FXGL Background Thread 4 ] DEBUG FXGLApplication      - Initializing game
10:11:56.233 [FXGL Background Thread 4 ] DEBUG FXGLAssetLoaderServi - Loading from file system: file:/C:/Users/ADMIN/IdeaProjects/BombermanPlus/target/classes/assets/sounds/stage_start.wav
10:11:56.258 [FXGL Background Thread 4 ] INFO  FXGLApplication      - Game initialization took: 0.031 sec
10:11:56.260 [JavaFX Application Thread] DEBUG Input                - Clearing active input actions
10:11:56.265 [JavaFX Application Thread] DEBUG GameApplicationServi - Removing overlay from FXGLLoadingScene and adding to GameScene
10:11:56.266 [FXGL Background Thread 2 ] INFO  UpdaterService       - Your current version:  17.1
10:11:56.266 [FXGL Background Thread 2 ] INFO  UpdaterService       - Latest stable version: 17.2
10:11:56.267 [JavaFX Application Thread] DEBUG PrimaryStageWindow   - FXGLLoadingScene -> GameScene
10:11:57.559 [FXGL Background Thread 3 ] DEBUG Engine               - Logging environment variables
10:11:57.559 [FXGL Background Thread 3 ] DEBUG Engine               - achievements: []
10:11:57.559 [FXGL Background Thread 3 ] DEBUG Engine               - actualHeight: 720.0
10:11:57.559 [FXGL Background Thread 3 ] DEBUG Engine               - actualHeightProperty: ReadOnlyDoubleProperty [value: 720.0]
10:11:57.560 [FXGL Background Thread 3 ] DEBUG Engine               - actualWidth: 1080.0
10:11:57.560 [FXGL Background Thread 3 ] DEBUG Engine               - actualWidthProperty: ReadOnlyDoubleProperty [value: 1080.0]
10:11:57.560 [FXGL Background Thread 3 ] DEBUG Engine               - appIcon: fxgl_icon.png
10:11:57.560 [FXGL Background Thread 3 ] DEBUG Engine               - applicationMode: DEVELOPER
10:11:57.560 [FXGL Background Thread 3 ] DEBUG Engine               - cSSList: [fxgl_dark.css]
10:11:57.560 [FXGL Background Thread 3 ] DEBUG Engine               - collisionDetectionStrategy: BRUTE_FORCE
10:11:57.560 [FXGL Background Thread 3 ] DEBUG Engine               - configClass: Optional.empty
10:11:57.560 [FXGL Background Thread 3 ] DEBUG Engine               - credits: []
10:11:57.561 [FXGL Background Thread 3 ] DEBUG Engine               - defaultCursor: CursorInfo(imageName=fxgl_default_cursor.png, hotspotX=7.0, hotspotY=6.0)
10:11:57.561 [FXGL Background Thread 3 ] DEBUG Engine               - devBBoxColorProperty: ObjectProperty [value: 0xff0000ff]
10:11:57.561 [FXGL Background Thread 3 ] DEBUG Engine               - devEnableDebugCameraProperty: BooleanProperty [value: false]
10:11:57.561 [FXGL Background Thread 3 ] DEBUG Engine               - devSensorColorProperty: ObjectProperty [value: 0xffff00ff]
10:11:57.561 [FXGL Background Thread 3 ] DEBUG Engine               - devShowBBoxProperty: BooleanProperty [value: false]
10:11:57.561 [FXGL Background Thread 3 ] DEBUG Engine               - devShowPositionProperty: BooleanProperty [value: false]
10:11:57.561 [FXGL Background Thread 3 ] DEBUG Engine               - enabledMenuItems: []
10:11:57.561 [FXGL Background Thread 3 ] DEBUG Engine               - engineServices: [class com.almasb.fxgl.app.services.FXGLAssetLoaderService, class com.almasb.fxgl.app.FXGLApplication$GameApplicationService, class com.almasb.fxgl.app.services.FXGLDialogService, class com.almasb.fxgl.app.services.IOTaskExecutorService, class com.almasb.fxgl.io.FileSystemService, class com.almasb.fxgl.localization.LocalizationService, class com.almasb.fxgl.app.services.SystemBundleService, class com.almasb.fxgl.profile.SaveLoadService, class com.almasb.fxgl.ui.FXGLUIFactoryServiceProvider, class com.almasb.fxgl.ui.FXGLDialogFactoryServiceProvider, class com.almasb.fxgl.audio.AudioPlayer, class com.almasb.fxgl.notification.impl.NotificationServiceProvider, class com.almasb.fxgl.achievement.AchievementService, class com.almasb.fxgl.cutscene.CutsceneService, class com.almasb.fxgl.minigames.MiniGameService, class com.almasb.fxgl.net.NetService, class com.almasb.fxgl.app.services.UpdaterService, class com.almasb.fxgl.dev.DevService]
10:11:57.561 [FXGL Background Thread 3 ] DEBUG Engine               - fontGame: Abel-Regular.ttf
10:11:57.562 [FXGL Background Thread 3 ] DEBUG Engine               - fontMono: TerminalLandMono-Regular.otf
10:11:57.562 [FXGL Background Thread 3 ] DEBUG Engine               - fontText: Courier-Prime.ttf
10:11:57.562 [FXGL Background Thread 3 ] DEBUG Engine               - fontUI: Retro Gaming.ttf
10:11:57.562 [FXGL Background Thread 3 ] DEBUG Engine               - fullScreen: BooleanProperty [value: false]
10:11:57.562 [FXGL Background Thread 3 ] DEBUG Engine               - gameDifficulty: MEDIUM
10:11:57.562 [FXGL Background Thread 3 ] DEBUG Engine               - gameDifficultyProperty: ObjectProperty [value: MEDIUM]
10:11:57.562 [FXGL Background Thread 3 ] DEBUG Engine               - globalMusicVolume: 0.5
10:11:57.562 [FXGL Background Thread 3 ] DEBUG Engine               - globalMusicVolumeProperty: DoubleProperty [value: 0.0]
10:11:57.562 [FXGL Background Thread 3 ] DEBUG Engine               - globalSoundVolume: 0.5
10:11:57.562 [FXGL Background Thread 3 ] DEBUG Engine               - globalSoundVolumeProperty: DoubleProperty [value: 0.4]
10:11:57.562 [FXGL Background Thread 3 ] DEBUG Engine               - height: 720
10:11:57.562 [FXGL Background Thread 3 ] DEBUG Engine               - is3D: false
10:11:57.562 [FXGL Background Thread 3 ] DEBUG Engine               - isAndroid: false
10:11:57.562 [FXGL Background Thread 3 ] DEBUG Engine               - isBrowser: false
10:11:57.562 [FXGL Background Thread 3 ] DEBUG Engine               - isClickFeedbackEnabled: false
10:11:57.562 [FXGL Background Thread 3 ] DEBUG Engine               - isCloseConfirmation: false
10:11:57.562 [FXGL Background Thread 3 ] DEBUG Engine               - isDesktop: true
10:11:57.562 [FXGL Background Thread 3 ] DEBUG Engine               - isDeveloperMenuEnabled: true
10:11:57.562 [FXGL Background Thread 3 ] DEBUG Engine               - isEmbedded: false
10:11:57.562 [FXGL Background Thread 3 ] DEBUG Engine               - isEntityPreloadEnabled: true
10:11:57.562 [FXGL Background Thread 3 ] DEBUG Engine               - isExperimentalTiledLargeMap: false
10:11:57.563 [FXGL Background Thread 3 ] DEBUG Engine               - isFileSystemWriteAllowed: true
10:11:57.563 [FXGL Background Thread 3 ] DEBUG Engine               - isFullScreenAllowed: false
10:11:57.563 [FXGL Background Thread 3 ] DEBUG Engine               - isFullScreenFromStart: false
10:11:57.563 [FXGL Background Thread 3 ] DEBUG Engine               - isGameMenuEnabled: true
10:11:57.563 [FXGL Background Thread 3 ] DEBUG Engine               - isIOS: false
10:11:57.563 [FXGL Background Thread 3 ] DEBUG Engine               - isIntroEnabled: false
10:11:57.563 [FXGL Background Thread 3 ] DEBUG Engine               - isLinux: false
10:11:57.563 [FXGL Background Thread 3 ] DEBUG Engine               - isMac: false
10:11:57.563 [FXGL Background Thread 3 ] DEBUG Engine               - isMainMenuEnabled: true
10:11:57.563 [FXGL Background Thread 3 ] DEBUG Engine               - isManualResizeEnabled: true
10:11:57.563 [FXGL Background Thread 3 ] DEBUG Engine               - isMobile: false
10:11:57.563 [FXGL Background Thread 3 ] DEBUG Engine               - isNative: false
10:11:57.563 [FXGL Background Thread 3 ] DEBUG Engine               - isPauseMusicWhenMinimized: true
10:11:57.563 [FXGL Background Thread 3 ] DEBUG Engine               - isPreserveResizeRatio: true
10:11:57.563 [FXGL Background Thread 3 ] DEBUG Engine               - isProfilingEnabled: false
10:11:57.563 [FXGL Background Thread 3 ] DEBUG Engine               - isScaleAffectedOnResize: true
10:11:57.563 [FXGL Background Thread 3 ] DEBUG Engine               - isSingleStep: false
10:11:57.563 [FXGL Background Thread 3 ] DEBUG Engine               - isUserProfileEnabled: false
10:11:57.563 [FXGL Background Thread 3 ] DEBUG Engine               - isWindows: true
10:11:57.563 [FXGL Background Thread 3 ] DEBUG Engine               - language: ObjectProperty [value: ENGLISH]
10:11:57.563 [FXGL Background Thread 3 ] DEBUG Engine               - menuKey: ESCAPE
10:11:57.564 [FXGL Background Thread 3 ] DEBUG Engine               - mouseSensitivity: 0.2
10:11:57.564 [FXGL Background Thread 3 ] DEBUG Engine               - notificationViewClass: class com.almasb.fxgl.notification.view.XboxNotificationView
10:11:57.564 [FXGL Background Thread 3 ] DEBUG Engine               - pixelsPerMeter: 50.0
10:11:57.564 [FXGL Background Thread 3 ] DEBUG Engine               - platform: WINDOWS
10:11:57.564 [FXGL Background Thread 3 ] DEBUG Engine               - prefHeightProperty: ReadOnlyDoubleProperty [value: 720.0]
10:11:57.564 [FXGL Background Thread 3 ] DEBUG Engine               - prefWidthProperty: ReadOnlyDoubleProperty [value: 1080.0]
10:11:57.564 [FXGL Background Thread 3 ] DEBUG Engine               - profileDir: profiles/
10:11:57.564 [FXGL Background Thread 3 ] DEBUG Engine               - profileName: StringProperty [value: DEFAULT]
10:11:57.564 [FXGL Background Thread 3 ] DEBUG Engine               - randomSeed: -1
10:11:57.564 [FXGL Background Thread 3 ] DEBUG Engine               - runtimeInfo: RuntimeInfo(platform=WINDOWS, version=17.1, build=24.03.2022 17.34)
10:11:57.564 [FXGL Background Thread 3 ] DEBUG Engine               - saveFileExt: sav
10:11:57.564 [FXGL Background Thread 3 ] DEBUG Engine               - scaledHeightProp$fxgl: DoubleProperty [bound, value: 720.0]
10:11:57.564 [FXGL Background Thread 3 ] DEBUG Engine               - scaledWidthProp$fxgl: DoubleProperty [bound, value: 1080.0]
10:11:57.564 [FXGL Background Thread 3 ] DEBUG Engine               - sceneFactory: com.bomberman.bombermanplus.BombermanApp$1@678007c2
10:11:57.564 [FXGL Background Thread 3 ] DEBUG Engine               - secondsIn24h: 60
10:11:57.564 [FXGL Background Thread 3 ] DEBUG Engine               - soundMenuBack: menu/back.wav
10:11:57.564 [FXGL Background Thread 3 ] DEBUG Engine               - soundMenuPress: menu/press.wav
10:11:57.564 [FXGL Background Thread 3 ] DEBUG Engine               - soundMenuSelect: menu/select.wav
10:11:57.564 [FXGL Background Thread 3 ] DEBUG Engine               - soundNotification: core/notification.wav
10:11:57.565 [FXGL Background Thread 3 ] DEBUG Engine               - stageStyle: DECORATED
10:11:57.565 [FXGL Background Thread 3 ] DEBUG Engine               - supportedLanguages: [ENGLISH, FRENCH, GERMAN, HUNGARIAN, RUSSIAN]
10:11:57.565 [FXGL Background Thread 3 ] DEBUG Engine               - ticksPerSecond: -1
10:11:57.565 [FXGL Background Thread 3 ] DEBUG Engine               - title: BOMBERMAN
10:11:57.565 [FXGL Background Thread 3 ] DEBUG Engine               - urlGithub: https://github.com/AlmasB/FXGL
10:11:57.565 [FXGL Background Thread 3 ] DEBUG Engine               - urlLeaderboard: http://fxgl-top.herokuapp.com/
10:11:57.565 [FXGL Background Thread 3 ] DEBUG Engine               - urlPOM: https://raw.githubusercontent.com/AlmasB/FXGL/release/README.md
10:11:57.565 [FXGL Background Thread 3 ] DEBUG Engine               - userAppClass: class com.bomberman.bombermanplus.BombermanApp
10:11:57.565 [FXGL Background Thread 3 ] DEBUG Engine               - version: 1.0
10:11:57.565 [FXGL Background Thread 3 ] DEBUG Engine               - versionCheckDays: 7
10:11:57.565 [FXGL Background Thread 3 ] DEBUG Engine               - width: 1080
10:11:57.565 [FXGL Background Thread 3 ] DEBUG Engine               - Logging services
10:11:57.565 [FXGL Background Thread 3 ] DEBUG Engine               - class com.almasb.fxgl.app.services.FXGLAssetLoaderService
10:11:57.565 [FXGL Background Thread 3 ] DEBUG Engine               - class com.almasb.fxgl.app.FXGLApplication$GameApplicationService
10:11:57.565 [FXGL Background Thread 3 ] DEBUG Engine               - class com.almasb.fxgl.app.services.FXGLDialogService
10:11:57.565 [FXGL Background Thread 3 ] DEBUG Engine               - class com.almasb.fxgl.app.services.IOTaskExecutorService
10:11:57.565 [FXGL Background Thread 3 ] DEBUG Engine               - class com.almasb.fxgl.io.FileSystemService
10:11:57.565 [FXGL Background Thread 3 ] DEBUG Engine               - class com.almasb.fxgl.localization.LocalizationService
10:11:57.565 [FXGL Background Thread 3 ] DEBUG Engine               - class com.almasb.fxgl.app.services.SystemBundleService
10:11:57.565 [FXGL Background Thread 3 ] DEBUG Engine               - class com.almasb.fxgl.profile.SaveLoadService
10:11:57.565 [FXGL Background Thread 3 ] DEBUG Engine               - class com.almasb.fxgl.ui.FXGLUIFactoryServiceProvider
10:11:57.565 [FXGL Background Thread 3 ] DEBUG Engine               - class com.almasb.fxgl.ui.FXGLDialogFactoryServiceProvider
10:11:57.565 [FXGL Background Thread 3 ] DEBUG Engine               - class com.almasb.fxgl.audio.AudioPlayer
10:11:57.565 [FXGL Background Thread 3 ] DEBUG Engine               - class com.almasb.fxgl.notification.impl.NotificationServiceProvider
10:11:57.565 [FXGL Background Thread 3 ] DEBUG Engine               - class com.almasb.fxgl.achievement.AchievementService
10:11:57.565 [FXGL Background Thread 3 ] DEBUG Engine               - class com.almasb.fxgl.cutscene.CutsceneService
10:11:57.565 [FXGL Background Thread 3 ] DEBUG Engine               - class com.almasb.fxgl.minigames.MiniGameService
10:11:57.565 [FXGL Background Thread 3 ] DEBUG Engine               - class com.almasb.fxgl.net.NetService
10:11:57.565 [FXGL Background Thread 3 ] DEBUG Engine               - class com.almasb.fxgl.app.services.UpdaterService
10:11:57.565 [FXGL Background Thread 3 ] DEBUG Engine               - class com.almasb.fxgl.dev.DevService
10:11:59.091 [JavaFX Application Thread] WARN  TMXLevelLoader       - TiledMap generated from 1.9.2. Supported version: 1.4.2. Some features may not be parsed fully.
10:11:59.115 [JavaFX Application Thread] DEBUG TMXLevelLoader       - Parsed TiledMap: file:/C:/Users/ADMIN/IdeaProjects/BombermanPlus/target/classes/assets/levels/bbm_level1.tmx
10:11:59.116 [JavaFX Application Thread] DEBUG TMXLevelLoader       - Creating tile layer entities
10:11:59.117 [JavaFX Application Thread] DEBUG TilesetLoader        - Loading view for layer Tile Layer 1
10:11:59.121 [JavaFX Application Thread] DEBUG TilesetLoader        - Created buffer with size 1488.0x720.0
10:11:59.196 [JavaFX Application Thread] DEBUG TMXLevelLoader       - Creating object layer entities
10:11:59.197 [JavaFX Application Thread] DEBUG FXGLAssetLoaderServi - Loading from file system: file:/C:/Users/ADMIN/IdeaProjects/BombermanPlus/target/classes/assets/textures/items/powerup_speed.png
10:11:59.202 [JavaFX Application Thread] DEBUG FXGLAssetLoaderServi - Loading from file system: file:/C:/Users/ADMIN/IdeaProjects/BombermanPlus/target/classes/assets/textures/items/powerup_flames.png
10:11:59.204 [JavaFX Application Thread] DEBUG FXGLAssetLoaderServi - Loading from file system: file:/C:/Users/ADMIN/IdeaProjects/BombermanPlus/target/classes/assets/textures/items/powerup_bombs.png
10:11:59.206 [JavaFX Application Thread] DEBUG FXGLAssetLoaderServi - Loading from file system: file:/C:/Users/ADMIN/IdeaProjects/BombermanPlus/target/classes/assets/textures/items/powerup_flamepass.png
10:11:59.208 [JavaFX Application Thread] DEBUG FXGLAssetLoaderServi - Loading from file system: file:/C:/Users/ADMIN/IdeaProjects/BombermanPlus/target/classes/assets/textures/items/portal.png
10:11:59.211 [JavaFX Application Thread] DEBUG FXGLAssetLoaderServi - Loading from file system: file:/C:/Users/ADMIN/IdeaProjects/BombermanPlus/target/classes/assets/textures/sprites.png
10:11:59.285 [JavaFX Application Thread] DEBUG GameWorld            - Clearing removable entities
10:11:59.285 [JavaFX Application Thread] DEBUG GameWorld            - Setting level: com.almasb.fxgl.entity.level.Level@7e0f6b0d
10:12:01.258 [JavaFX Application Thread] DEBUG FXGLAssetLoaderServi - Loading from file system: file:/C:/Users/ADMIN/IdeaProjects/BombermanPlus/target/classes/assets/sounds/bomb_explored.wav
10:12:23.145 [JavaFX Application Thread] DEBUG FXGLAssetLoaderServi - Loading from file system: file:/C:/Users/ADMIN/IdeaProjects/BombermanPlus/target/classes/assets/sounds/next_level.wav
10:12:28.164 [JavaFX Application Thread] WARN  TMXLevelLoader       - TiledMap generated from 1.7.2. Supported version: 1.4.2. Some features may not be parsed fully.
10:12:28.175 [JavaFX Application Thread] DEBUG TMXLevelLoader       - Parsed TiledMap: file:/C:/Users/ADMIN/IdeaProjects/BombermanPlus/target/classes/assets/levels/bbm_level2.tmx
10:12:28.175 [JavaFX Application Thread] DEBUG TMXLevelLoader       - Creating tile layer entities
10:12:28.175 [JavaFX Application Thread] DEBUG TilesetLoader        - Loading view for layer Floor
10:12:28.175 [JavaFX Application Thread] DEBUG TilesetLoader        - Created buffer with size 1488.0x720.0
10:12:28.231 [JavaFX Application Thread] DEBUG TilesetLoader        - Loading view for layer Object Tiles
10:12:28.231 [JavaFX Application Thread] DEBUG TilesetLoader        - Created buffer with size 1488.0x720.0
10:12:28.232 [JavaFX Application Thread] DEBUG TMXLevelLoader       - Creating object layer entities
10:12:28.267 [JavaFX Application Thread] DEBUG GameWorld            - Clearing removable entities
10:12:28.273 [JavaFX Application Thread] DEBUG GameWorld            - Setting level: com.almasb.fxgl.entity.level.Level@572211e5
10:13:22.714 [JavaFX Application Thread] WARN  GameWorld            - Attempted to remove entity which is not active
10:13:38.653 [JavaFX Application Thread] WARN  TMXLevelLoader       - TiledMap generated from 1.7.2. Supported version: 1.4.2. Some features may not be parsed fully.
10:13:38.658 [JavaFX Application Thread] DEBUG TMXLevelLoader       - Parsed TiledMap: file:/C:/Users/ADMIN/IdeaProjects/BombermanPlus/target/classes/assets/levels/bbm_level2.tmx
10:13:38.658 [JavaFX Application Thread] DEBUG TMXLevelLoader       - Creating tile layer entities
10:13:38.658 [JavaFX Application Thread] DEBUG TilesetLoader        - Loading view for layer Floor
10:13:38.659 [JavaFX Application Thread] DEBUG TilesetLoader        - Created buffer with size 1488.0x720.0
10:13:38.691 [JavaFX Application Thread] DEBUG TilesetLoader        - Loading view for layer Object Tiles
10:13:38.692 [JavaFX Application Thread] DEBUG TilesetLoader        - Created buffer with size 1488.0x720.0
10:13:38.694 [JavaFX Application Thread] DEBUG TMXLevelLoader       - Creating object layer entities
10:13:38.714 [JavaFX Application Thread] DEBUG GameWorld            - Clearing removable entities
10:13:38.717 [JavaFX Application Thread] DEBUG GameWorld            - Setting level: com.almasb.fxgl.entity.level.Level@71f23c46
10:14:09.618 [JavaFX Application Thread] WARN  TMXLevelLoader       - TiledMap generated from 1.7.2. Supported version: 1.4.2. Some features may not be parsed fully.
10:14:09.622 [JavaFX Application Thread] DEBUG TMXLevelLoader       - Parsed TiledMap: file:/C:/Users/ADMIN/IdeaProjects/BombermanPlus/target/classes/assets/levels/bbm_level2.tmx
10:14:09.622 [JavaFX Application Thread] DEBUG TMXLevelLoader       - Creating tile layer entities
10:14:09.622 [JavaFX Application Thread] DEBUG TilesetLoader        - Loading view for layer Floor
10:14:09.624 [JavaFX Application Thread] DEBUG TilesetLoader        - Created buffer with size 1488.0x720.0
10:14:09.659 [JavaFX Application Thread] DEBUG TilesetLoader        - Loading view for layer Object Tiles
10:14:09.661 [JavaFX Application Thread] DEBUG TilesetLoader        - Created buffer with size 1488.0x720.0
10:14:09.661 [JavaFX Application Thread] DEBUG TMXLevelLoader       - Creating object layer entities
10:14:09.680 [JavaFX Application Thread] DEBUG GameWorld            - Clearing removable entities
10:14:09.682 [JavaFX Application Thread] DEBUG GameWorld            - Setting level: com.almasb.fxgl.entity.level.Level@65b15103
10:14:31.935 [JavaFX Application Thread] DEBUG PrimaryStageWindow   - Push state: DialogSubScene
10:14:31.935 [JavaFX Application Thread] DEBUG Input                - Clearing active input actions
10:14:31.935 [JavaFX Application Thread] DEBUG GameApplicationServi - Removing overlay from GameScene and adding to DialogSubScene
10:14:31.936 [JavaFX Application Thread] DEBUG PrimaryStageWindow   - GameScene -> DialogSubScene
10:14:31.937 [JavaFX Application Thread] WARN  TMXLevelLoader       - TiledMap generated from 1.7.2. Supported version: 1.4.2. Some features may not be parsed fully.
10:14:31.941 [JavaFX Application Thread] DEBUG TMXLevelLoader       - Parsed TiledMap: file:/C:/Users/ADMIN/IdeaProjects/BombermanPlus/target/classes/assets/levels/bbm_level2.tmx
10:14:31.941 [JavaFX Application Thread] DEBUG TMXLevelLoader       - Creating tile layer entities
10:14:31.941 [JavaFX Application Thread] DEBUG TilesetLoader        - Loading view for layer Floor
10:14:31.941 [JavaFX Application Thread] DEBUG TilesetLoader        - Created buffer with size 1488.0x720.0
10:14:31.973 [JavaFX Application Thread] DEBUG TilesetLoader        - Loading view for layer Object Tiles
10:14:31.974 [JavaFX Application Thread] DEBUG TilesetLoader        - Created buffer with size 1488.0x720.0
10:14:31.975 [JavaFX Application Thread] DEBUG TMXLevelLoader       - Creating object layer entities
10:14:31.993 [JavaFX Application Thread] DEBUG GameWorld            - Clearing removable entities
10:14:31.995 [JavaFX Application Thread] DEBUG GameWorld            - Setting level: com.almasb.fxgl.entity.level.Level@2209c3da
10:14:32.817 [JavaFX Application Thread] DEBUG PrimaryStageWindow   - Pop state: DialogSubScene
10:14:32.817 [JavaFX Application Thread] DEBUG Input                - Clearing active input actions
10:14:32.818 [JavaFX Application Thread] DEBUG GameApplicationServi - Removing overlay from DialogSubScene and adding to GameScene
10:14:32.818 [JavaFX Application Thread] DEBUG PrimaryStageWindow   - GameScene <- DialogSubScene
10:14:32.818 [JavaFX Application Thread] DEBUG Input                - Clearing active input actions
10:14:32.822 [JavaFX Application Thread] DEBUG GameApplicationServi - Removing overlay from GameScene and adding to FXGLMainMenuDummyScene
10:14:32.822 [JavaFX Application Thread] DEBUG PrimaryStageWindow   - GameScene -> FXGLMainMenuDummyScene
10:14:32.822 [JavaFX Application Thread] DEBUG PrimaryStageWindow   - Push state: BombermanMenu
10:14:32.822 [JavaFX Application Thread] DEBUG Input                - Clearing active input actions
10:14:32.822 [JavaFX Application Thread] DEBUG GameApplicationServi - Removing overlay from FXGLMainMenuDummyScene and adding to BombermanMenu
10:14:32.825 [JavaFX Application Thread] DEBUG PrimaryStageWindow   - FXGLMainMenuDummyScene -> BombermanMenu
10:14:33.710 [JavaFX Application Thread] DEBUG Menu                 - fireNewGame()
10:14:33.710 [JavaFX Application Thread] DEBUG GameApplicationServi - Starting new game
10:14:33.710 [JavaFX Application Thread] DEBUG PrimaryStageWindow   - Pop state: BombermanMenu
10:14:33.710 [JavaFX Application Thread] DEBUG Input                - Clearing active input actions
10:14:33.711 [JavaFX Application Thread] DEBUG GameApplicationServi - Removing overlay from BombermanMenu and adding to FXGLMainMenuDummyScene
10:14:33.711 [JavaFX Application Thread] DEBUG PrimaryStageWindow   - FXGLMainMenuDummyScene <- BombermanMenu
10:14:33.711 [JavaFX Application Thread] DEBUG Input                - Clearing active input actions
10:14:33.714 [JavaFX Application Thread] DEBUG GameApplicationServi - Removing overlay from FXGLMainMenuDummyScene and adding to FXGLLoadingScene
10:14:33.715 [JavaFX Application Thread] DEBUG PrimaryStageWindow   - FXGLMainMenuDummyScene -> FXGLLoadingScene
10:14:33.715 [JavaFX Application Thread] DEBUG GameApplicationServi - Clearing previous game
10:14:33.715 [JavaFX Application Thread] DEBUG GameScene            - Clearing game scene
10:14:33.715 [JavaFX Application Thread] DEBUG GameWorld            - Clearing game world
10:14:33.717 [JavaFX Application Thread] DEBUG PhysicsWorld         - Clearing physics world
10:14:33.718 [FXGL Background Thread 5 ] DEBUG FXGLApplication      - Initializing game
10:14:33.720 [FXGL Background Thread 5 ] INFO  FXGLApplication      - Game initialization took: 0.002 sec
10:14:33.731 [JavaFX Application Thread] DEBUG Input                - Clearing active input actions
10:14:33.734 [JavaFX Application Thread] DEBUG GameApplicationServi - Removing overlay from FXGLLoadingScene and adding to GameScene
10:14:33.734 [JavaFX Application Thread] DEBUG PrimaryStageWindow   - FXGLLoadingScene -> GameScene
10:14:36.859 [JavaFX Application Thread] WARN  TMXLevelLoader       - TiledMap generated from 1.9.2. Supported version: 1.4.2. Some features may not be parsed fully.
10:14:36.862 [JavaFX Application Thread] DEBUG TMXLevelLoader       - Parsed TiledMap: file:/C:/Users/ADMIN/IdeaProjects/BombermanPlus/target/classes/assets/levels/bbm_level1.tmx
10:14:36.862 [JavaFX Application Thread] DEBUG TMXLevelLoader       - Creating tile layer entities
10:14:36.863 [JavaFX Application Thread] DEBUG TilesetLoader        - Loading view for layer Tile Layer 1
10:14:36.866 [JavaFX Application Thread] DEBUG TilesetLoader        - Created buffer with size 1488.0x720.0
10:14:36.897 [JavaFX Application Thread] DEBUG TMXLevelLoader       - Creating object layer entities
10:14:36.918 [JavaFX Application Thread] DEBUG GameWorld            - Clearing removable entities
10:14:36.919 [JavaFX Application Thread] DEBUG GameWorld            - Setting level: com.almasb.fxgl.entity.level.Level@56e40832
10:14:59.841 [JavaFX Application Thread] WARN  TMXLevelLoader       - TiledMap generated from 1.7.2. Supported version: 1.4.2. Some features may not be parsed fully.
10:14:59.844 [JavaFX Application Thread] DEBUG TMXLevelLoader       - Parsed TiledMap: file:/C:/Users/ADMIN/IdeaProjects/BombermanPlus/target/classes/assets/levels/bbm_level2.tmx
10:14:59.844 [JavaFX Application Thread] DEBUG TMXLevelLoader       - Creating tile layer entities
10:14:59.844 [JavaFX Application Thread] DEBUG TilesetLoader        - Loading view for layer Floor
10:14:59.845 [JavaFX Application Thread] DEBUG TilesetLoader        - Created buffer with size 1488.0x720.0
10:14:59.881 [JavaFX Application Thread] DEBUG TilesetLoader        - Loading view for layer Object Tiles
10:14:59.881 [JavaFX Application Thread] DEBUG TilesetLoader        - Created buffer with size 1488.0x720.0
10:14:59.882 [JavaFX Application Thread] DEBUG TMXLevelLoader       - Creating object layer entities
10:14:59.899 [JavaFX Application Thread] DEBUG GameWorld            - Clearing removable entities
10:14:59.902 [JavaFX Application Thread] DEBUG GameWorld            - Setting level: com.almasb.fxgl.entity.level.Level@54e5e8fd
10:15:33.856 [JavaFX Application Thread] WARN  GameWorld            - Attempted to remove entity which is not active
10:16:25.325 [JavaFX Application Thread] WARN  TMXLevelLoader       - TiledMap generated from 1.7.2. Supported version: 1.4.2. Some features may not be parsed fully.
10:16:25.328 [JavaFX Application Thread] DEBUG TMXLevelLoader       - Parsed TiledMap: file:/C:/Users/ADMIN/IdeaProjects/BombermanPlus/target/classes/assets/levels/bbm_level2.tmx
10:16:25.328 [JavaFX Application Thread] DEBUG TMXLevelLoader       - Creating tile layer entities
10:16:25.328 [JavaFX Application Thread] DEBUG TilesetLoader        - Loading view for layer Floor
10:16:25.328 [JavaFX Application Thread] DEBUG TilesetLoader        - Created buffer with size 1488.0x720.0
10:16:25.361 [JavaFX Application Thread] DEBUG TilesetLoader        - Loading view for layer Object Tiles
10:16:25.363 [JavaFX Application Thread] DEBUG TilesetLoader        - Created buffer with size 1488.0x720.0
10:16:25.364 [JavaFX Application Thread] DEBUG TMXLevelLoader       - Creating object layer entities
10:16:25.383 [JavaFX Application Thread] DEBUG GameWorld            - Clearing removable entities
10:16:25.385 [JavaFX Application Thread] DEBUG GameWorld            - Setting level: com.almasb.fxgl.entity.level.Level@421a4f53
10:16:40.274 [JavaFX Application Thread] WARN  TMXLevelLoader       - TiledMap generated from 1.7.2. Supported version: 1.4.2. Some features may not be parsed fully.
10:16:40.276 [JavaFX Application Thread] DEBUG TMXLevelLoader       - Parsed TiledMap: file:/C:/Users/ADMIN/IdeaProjects/BombermanPlus/target/classes/assets/levels/bbm_level2.tmx
10:16:40.276 [JavaFX Application Thread] DEBUG TMXLevelLoader       - Creating tile layer entities
10:16:40.276 [JavaFX Application Thread] DEBUG TilesetLoader        - Loading view for layer Floor
10:16:40.277 [JavaFX Application Thread] DEBUG TilesetLoader        - Created buffer with size 1488.0x720.0
10:16:40.311 [JavaFX Application Thread] DEBUG TilesetLoader        - Loading view for layer Object Tiles
10:16:40.312 [JavaFX Application Thread] DEBUG TilesetLoader        - Created buffer with size 1488.0x720.0
10:16:40.313 [JavaFX Application Thread] DEBUG TMXLevelLoader       - Creating object layer entities
10:16:40.328 [JavaFX Application Thread] DEBUG GameWorld            - Clearing removable entities
10:16:40.330 [JavaFX Application Thread] DEBUG GameWorld            - Setting level: com.almasb.fxgl.entity.level.Level@7dfc3549
10:17:13.712 [JavaFX Application Thread] WARN  GameWorld            - Attempted to remove entity which is not active
10:18:12.448 [JavaFX Application Thread] WARN  TMXLevelLoader       - TiledMap generated from 1.7.2. Supported version: 1.4.2. Some features may not be parsed fully.
10:18:12.451 [JavaFX Application Thread] DEBUG TMXLevelLoader       - Parsed TiledMap: file:/C:/Users/ADMIN/IdeaProjects/BombermanPlus/target/classes/assets/levels/bbm_level3.tmx
10:18:12.451 [JavaFX Application Thread] DEBUG TMXLevelLoader       - Creating tile layer entities
10:18:12.451 [JavaFX Application Thread] DEBUG TilesetLoader        - Loading view for layer Floor
10:18:12.451 [JavaFX Application Thread] DEBUG TilesetLoader        - Created buffer with size 1488.0x720.0
10:18:12.581 [JavaFX Application Thread] DEBUG TilesetLoader        - Loading view for layer Object Tiles
10:18:12.583 [JavaFX Application Thread] DEBUG TilesetLoader        - Created buffer with size 1488.0x720.0
10:18:12.584 [JavaFX Application Thread] DEBUG TMXLevelLoader       - Creating object layer entities
10:18:12.604 [JavaFX Application Thread] DEBUG GameWorld            - Clearing removable entities
10:18:12.605 [JavaFX Application Thread] DEBUG GameWorld            - Setting level: com.almasb.fxgl.entity.level.Level@5167deba
10:18:12.881 [JavaFX Application Thread] DEBUG PrimaryStageWindow   - Push state: DialogSubScene
10:18:12.881 [JavaFX Application Thread] DEBUG Input                - Clearing active input actions
10:18:12.882 [JavaFX Application Thread] DEBUG GameApplicationServi - Removing overlay from GameScene and adding to DialogSubScene
10:18:12.882 [JavaFX Application Thread] DEBUG PrimaryStageWindow   - GameScene -> DialogSubScene
10:18:12.884 [JavaFX Application Thread] WARN  TMXLevelLoader       - TiledMap generated from 1.7.2. Supported version: 1.4.2. Some features may not be parsed fully.
10:18:12.886 [JavaFX Application Thread] DEBUG TMXLevelLoader       - Parsed TiledMap: file:/C:/Users/ADMIN/IdeaProjects/BombermanPlus/target/classes/assets/levels/bbm_level3.tmx
10:18:12.886 [JavaFX Application Thread] DEBUG TMXLevelLoader       - Creating tile layer entities
10:18:12.886 [JavaFX Application Thread] DEBUG TilesetLoader        - Loading view for layer Floor
10:18:12.887 [JavaFX Application Thread] DEBUG TilesetLoader        - Created buffer with size 1488.0x720.0
10:18:13.017 [JavaFX Application Thread] DEBUG TilesetLoader        - Loading view for layer Object Tiles
10:18:13.018 [JavaFX Application Thread] DEBUG TilesetLoader        - Created buffer with size 1488.0x720.0
10:18:13.018 [JavaFX Application Thread] DEBUG TMXLevelLoader       - Creating object layer entities
10:18:13.035 [JavaFX Application Thread] DEBUG GameWorld            - Clearing removable entities
10:18:13.036 [JavaFX Application Thread] DEBUG GameWorld            - Setting level: com.almasb.fxgl.entity.level.Level@53c69e45
10:18:29.543 [JavaFX Application Thread] DEBUG PrimaryStageWindow   - Pop state: DialogSubScene
10:18:29.543 [JavaFX Application Thread] DEBUG Input                - Clearing active input actions
10:18:29.543 [JavaFX Application Thread] DEBUG GameApplicationServi - Removing overlay from DialogSubScene and adding to GameScene
10:18:29.544 [JavaFX Application Thread] DEBUG PrimaryStageWindow   - GameScene <- DialogSubScene
10:18:29.544 [JavaFX Application Thread] DEBUG Input                - Clearing active input actions
10:18:29.546 [JavaFX Application Thread] DEBUG GameApplicationServi - Removing overlay from GameScene and adding to FXGLMainMenuDummyScene
10:18:29.546 [JavaFX Application Thread] DEBUG PrimaryStageWindow   - GameScene -> FXGLMainMenuDummyScene
10:18:29.546 [JavaFX Application Thread] DEBUG PrimaryStageWindow   - Push state: BombermanMenu
10:18:29.546 [JavaFX Application Thread] DEBUG Input                - Clearing active input actions
10:18:29.546 [JavaFX Application Thread] DEBUG GameApplicationServi - Removing overlay from FXGLMainMenuDummyScene and adding to BombermanMenu
10:18:29.547 [JavaFX Application Thread] DEBUG PrimaryStageWindow   - FXGLMainMenuDummyScene -> BombermanMenu
10:18:31.739 [JavaFX Application Thread] DEBUG FXGLApplication      - Exiting FXGL
10:18:31.739 [JavaFX Application Thread] DEBUG LoopRunner           - Stopping loop
10:18:31.739 [JavaFX Application Thread] DEBUG SystemBundleService  - Saving FXGL system data
10:18:31.752 [JavaFX Application Thread] DEBUG FileSystemAccess     - Writing to: C:\Users\ADMIN\IdeaProjects\BombermanPlus\system\fxgl.bundle
10:18:31.755 [JavaFX Application Thread] DEBUG Async                - Shutting down background threads
10:18:31.755 [JavaFX Application Thread] DEBUG PrimaryStageWindow   - Closing main window
10:18:31.764 [JavaFX Application Thread] DEBUG Logger               - Closing Logger
