20:55:21.647 [main                     ] DEBUG Logger               - Configured Logger
20:55:21.662 [main                     ] DEBUG GameApplication      - Logging settings
Title: Basic Game App
Version: 0.0
Width: 800
Height: 600
Fullscreen: false
Intro: false
Profiling: false
Single step:false
App Mode: DEVELOPER
Menu Key: ESCAPE
Stage Style: DECORATED
Scene Factory: class com.almasb.fxgl.app.scene.SceneFactory

20:55:22.054 [JavaFX Application Thread] DEBUG FXGLApplication      - Initializing FXGL
20:55:22.056 [JavaFX Application Thread] INFO  Engine               - FXGL-17.1 (24.03.2022 17.34) on WINDOWS (J:19 FX:19-ea)
20:55:22.057 [JavaFX Application Thread] DEBUG Engine               - JRE Vendor Name: Oracle Corporation
20:55:22.057 [JavaFX Application Thread] DEBUG Engine               - Running on OS: Windows 11 version 10.0
20:55:22.057 [JavaFX Application Thread] DEBUG Engine               - Architecture: amd64
20:55:22.057 [JavaFX Application Thread] INFO  Engine               - Source code and latest versions at: https://github.com/AlmasB/FXGL
20:55:22.057 [JavaFX Application Thread] INFO  Engine               -       Ask questions and discuss at: https://github.com/AlmasB/FXGL/discussions
20:55:22.057 [JavaFX Application Thread] INFO  Engine               -              Join the FXGL chat at: https://gitter.im/AlmasB/FXGL
20:55:22.143 [JavaFX Application Thread] DEBUG PrimaryStageWindow   - Creating a JavaFX scene
20:55:22.185 [JavaFX Application Thread] DEBUG PrimaryStageWindow   - Target settings size: 800.0 x 600.0
20:55:22.185 [JavaFX Application Thread] DEBUG PrimaryStageWindow   - Scaled scene size:    800.0 x 600.0
20:55:22.185 [JavaFX Application Thread] DEBUG PrimaryStageWindow   - Scaled ratio: (1.0, 1.0)
20:55:22.186 [JavaFX Application Thread] DEBUG PrimaryStageWindow   - Set initial scene to FXGLStartupScene
20:55:22.190 [JavaFX Application Thread] DEBUG PrimaryStageWindow   - Opening main window
20:55:22.264 [JavaFX Application Thread] DEBUG PrimaryStageWindow   - Window border size: (14.4000244140625, 37.5999755859375)
20:55:22.265 [JavaFX Application Thread] DEBUG PrimaryStageWindow   - Scaled size: 800.0 x 600.0
20:55:22.265 [JavaFX Application Thread] DEBUG PrimaryStageWindow   - Scaled ratio: (1.0, 1.0)
20:55:22.265 [JavaFX Application Thread] DEBUG PrimaryStageWindow   - Scene size: 800.0 x 600.0
20:55:22.265 [JavaFX Application Thread] DEBUG PrimaryStageWindow   - Stage size: 814.4000244140625 x 637.5999755859375
20:55:22.276 [FXGL Background Thread 1 ] DEBUG Engine               - Initializing environment variables
20:55:22.321 [FXGL Background Thread 1 ] DEBUG FXGLAssetLoaderServi - User app class for loading assets: class com.bomberman.bombermanplus.BombermanApp
20:55:22.321 [FXGL Background Thread 1 ] DEBUG GameApplicationServi - Applying CSS: fxgl_dark.css
20:55:22.322 [FXGL Background Thread 1 ] DEBUG FXGLAssetLoaderServi - Loading from file system: jar:file:///C:/Users/ADMIN/.m2/repository/com/github/almasb/fxgl/17.1/fxgl-17.1.jar!/fxglassets/ui/css/fxgl_dark.css
20:55:22.353 [FXGL Background Thread 1 ] DEBUG GameApplicationServi - Initializing application scenes
20:55:22.391 [FXGL Background Thread 1 ] DEBUG GameWorld            - Game world initialized
20:55:22.441 [FXGL Background Thread 1 ] DEBUG PhysicsWorld         - Physics world initialized: appHeight=600, physics.ppm=50.0
20:55:22.442 [FXGL Background Thread 1 ] DEBUG PhysicsWorld         - Using strategy: BRUTE_FORCE
20:55:22.446 [FXGL Background Thread 1 ] DEBUG GameScene            - Game scene initialized: 800x600
20:55:22.455 [FXGL Background Thread 1 ] DEBUG FXGL.DefaultMenu     - createMenuBodyGameMenu()
20:55:22.468 [FXGL Background Thread 1 ] DEBUG FXGL.DefaultMenu     - createOptionsMenu()
20:55:22.478 [FXGL Background Thread 1 ] DEBUG FXGLAssetLoaderServi - Loading from file system: jar:file:///C:/Users/ADMIN/.m2/repository/com/github/almasb/fxgl/17.1/fxgl-17.1.jar!/fxglassets/textures/particles/smoke.png
20:55:22.544 [FXGL Background Thread 1 ] DEBUG FXGLAssetLoaderServi - Loading from file system: jar:file:///C:/Users/ADMIN/.m2/repository/com/github/almasb/fxgl/17.1/fxgl-17.1.jar!/fxglassets/textures/particles/trace_horizontal.png
20:55:22.567 [FXGL Background Thread 1 ] DEBUG GameApplicationServi - Application scenes initialized
20:55:22.589 [FXGL Background Thread 1 ] DEBUG SystemBundleService  - Loading default FXGL system data
20:55:22.591 [FXGL Background Thread 1 ] DEBUG UpdaterService       - Checking for updates
20:55:22.599 [FXGL Background Thread 4 ] DEBUG FXGLApplication      - Loading fonts
20:55:22.600 [FXGL Background Thread 1 ] DEBUG FXGLApplication      - Loading default localization
20:55:22.601 [FXGL Background Thread 1 ] DEBUG FXGLAssetLoaderServi - Loading from file system: jar:file:///C:/Users/ADMIN/.m2/repository/com/github/almasb/fxgl/17.1/fxgl-17.1.jar!/fxglassets/languages/english.lang
20:55:22.601 [FXGL Background Thread 4 ] DEBUG FXGLAssetLoaderServi - Loading from file system: jar:file:///C:/Users/ADMIN/.m2/repository/com/github/almasb/fxgl/17.1/fxgl-17.1.jar!/fxglassets/ui/fonts/VarelaRound-Regular.ttf
20:55:22.618 [FXGL Background Thread 1 ] INFO  FXGLApplication      - FXGL initialization took: 0.343 sec
20:55:22.621 [JavaFX Application Thread] DEBUG FXGLAssetLoaderServi - Loading from file system: jar:file:///C:/Users/ADMIN/.m2/repository/com/github/almasb/fxgl/17.1/fxgl-17.1.jar!/fxglassets/textures/fxgl_icon.png
20:55:22.640 [JavaFX Application Thread] DEBUG FXGLAssetLoaderServi - Loading from file system: jar:file:///C:/Users/ADMIN/.m2/repository/com/github/almasb/fxgl/17.1/fxgl-17.1.jar!/fxglassets/textures/fxgl_default_cursor.png
20:55:22.655 [JavaFX Application Thread] DEBUG Input                - Registered new binding: Screenshot - CTRL+8
20:55:22.655 [JavaFX Application Thread] DEBUG Input                - Registered new binding: System info dump - CTRL+9
20:55:22.656 [JavaFX Application Thread] DEBUG Input                - Registered new binding: Restart - CTRL+R
20:55:22.656 [JavaFX Application Thread] DEBUG Input                - Registered new binding: Toggle Debug Camera - CTRL+7
20:55:22.659 [JavaFX Application Thread] DEBUG LoopRunner           - Starting loop
20:55:22.659 [JavaFX Application Thread] DEBUG LoopRunner           - Initializing JavaFX AnimationTimerLoop
20:55:22.661 [JavaFX Application Thread] DEBUG GameApplicationServi - Starting new game
20:55:22.662 [JavaFX Application Thread] DEBUG Input                - Clearing active input actions
20:55:22.671 [JavaFX Application Thread] DEBUG GameApplicationServi - Removing overlay from FXGLStartupScene and adding to FXGLLoadingScene
20:55:22.671 [JavaFX Application Thread] DEBUG PrimaryStageWindow   - FXGLStartupScene -> FXGLLoadingScene
20:55:22.671 [JavaFX Application Thread] DEBUG GameApplicationServi - Clearing previous game
20:55:22.671 [JavaFX Application Thread] DEBUG GameScene            - Clearing game scene
20:55:22.672 [JavaFX Application Thread] DEBUG GameWorld            - Clearing game world
20:55:22.672 [JavaFX Application Thread] DEBUG PhysicsWorld         - Clearing physics world
20:55:22.674 [FXGL Background Thread 1 ] DEBUG FXGLApplication      - Initializing game
20:55:22.674 [FXGL Background Thread 1 ] INFO  FXGLApplication      - Game initialization took: 0.001 sec
20:55:22.705 [JavaFX Application Thread] DEBUG Input                - Clearing active input actions
20:55:22.710 [FXGL Background Thread 4 ] DEBUG FXGLAssetLoaderServi - Loading from file system: jar:file:///C:/Users/ADMIN/.m2/repository/com/github/almasb/fxgl/17.1/fxgl-17.1.jar!/fxglassets/ui/fonts/Abel-Regular.ttf
20:55:22.714 [JavaFX Application Thread] DEBUG GameApplicationServi - Removing overlay from FXGLLoadingScene and adding to GameScene
20:55:22.714 [JavaFX Application Thread] DEBUG PrimaryStageWindow   - FXGLLoadingScene -> GameScene
20:55:22.726 [FXGL Background Thread 4 ] DEBUG FXGLAssetLoaderServi - Loading from file system: jar:file:///C:/Users/ADMIN/.m2/repository/com/github/almasb/fxgl/17.1/fxgl-17.1.jar!/fxglassets/ui/fonts/TerminalLandMono-Regular.otf
20:55:22.746 [FXGL Background Thread 4 ] DEBUG FXGLAssetLoaderServi - Loading from file system: jar:file:///C:/Users/ADMIN/.m2/repository/com/github/almasb/fxgl/17.1/fxgl-17.1.jar!/fxglassets/ui/fonts/Courier-Prime.ttf
20:55:22.765 [JavaFX Application Thread] DEBUG FXGLApplication      - Registering font factories with UI factory
20:55:23.457 [FXGL Background Thread 2 ] INFO  UpdaterService       - Your current version:  17.1
20:55:23.457 [FXGL Background Thread 2 ] INFO  UpdaterService       - Latest stable version: 17.2
20:55:24.895 [JavaFX Application Thread] DEBUG FXGLApplication      - Exiting FXGL
20:55:24.896 [JavaFX Application Thread] DEBUG LoopRunner           - Stopping loop
20:55:24.896 [JavaFX Application Thread] DEBUG SystemBundleService  - Saving FXGL system data
20:55:24.900 [JavaFX Application Thread] DEBUG FileSystemAccess     - Writing to: C:\Users\ADMIN\IdeaProjects\BombermanPlus\system\fxgl.bundle
20:55:24.910 [JavaFX Application Thread] DEBUG Async                - Shutting down background threads
20:55:24.911 [JavaFX Application Thread] DEBUG PrimaryStageWindow   - Closing main window
20:55:24.920 [JavaFX Application Thread] DEBUG Logger               - Closing Logger
