00:14:35.646 [main                     ] DEBUG Logger               - Configured Logger
00:14:35.669 [main                     ] DEBUG GameApplication      - Logging settings
Title: BOMBERMAN
Version: 1.0
Width: 1080
Height: 720
Fullscreen: false
Intro: false
Profiling: false
Single step:false
App Mode: DEVELOPER
Menu Key: ESCAPE
Stage Style: DECORATED
Scene Factory: class com.almasb.fxgl.app.scene.SceneFactory

00:14:36.053 [JavaFX Application Thread] DEBUG FXGLApplication      - Initializing FXGL
00:14:36.057 [JavaFX Application Thread] INFO  Engine               - FXGL-17.1 (24.03.2022 17.34) on WINDOWS (J:19 FX:19-ea)
00:14:36.057 [JavaFX Application Thread] DEBUG Engine               - JRE Vendor Name: Oracle Corporation
00:14:36.057 [JavaFX Application Thread] DEBUG Engine               - Running on OS: Windows 11 version 10.0
00:14:36.058 [JavaFX Application Thread] DEBUG Engine               - Architecture: amd64
00:14:36.058 [JavaFX Application Thread] INFO  Engine               - Source code and latest versions at: https://github.com/AlmasB/FXGL
00:14:36.058 [JavaFX Application Thread] INFO  Engine               -       Ask questions and discuss at: https://github.com/AlmasB/FXGL/discussions
00:14:36.058 [JavaFX Application Thread] INFO  Engine               -              Join the FXGL chat at: https://gitter.im/AlmasB/FXGL
00:14:36.134 [JavaFX Application Thread] DEBUG PrimaryStageWindow   - Creating a JavaFX scene
00:14:36.177 [JavaFX Application Thread] DEBUG PrimaryStageWindow   - Target settings size: 1080.0 x 720.0
00:14:36.177 [JavaFX Application Thread] DEBUG PrimaryStageWindow   - Scaled scene size:    1080.0 x 720.0
00:14:36.177 [JavaFX Application Thread] DEBUG PrimaryStageWindow   - Scaled ratio: (1.0, 1.0)
00:14:36.178 [JavaFX Application Thread] DEBUG PrimaryStageWindow   - Set initial scene to FXGLStartupScene
00:14:36.183 [JavaFX Application Thread] DEBUG PrimaryStageWindow   - Opening main window
00:14:36.281 [JavaFX Application Thread] DEBUG PrimaryStageWindow   - Window border size: (14.4000244140625, 37.5999755859375)
00:14:36.282 [JavaFX Application Thread] DEBUG PrimaryStageWindow   - Scaled size: 1080.0 x 720.0
00:14:36.283 [JavaFX Application Thread] DEBUG PrimaryStageWindow   - Scaled ratio: (1.0, 1.0)
00:14:36.283 [JavaFX Application Thread] DEBUG PrimaryStageWindow   - Scene size: 1080.0 x 720.0
00:14:36.283 [JavaFX Application Thread] DEBUG PrimaryStageWindow   - Stage size: 1094.4000244140625 x 757.5999755859375
00:14:36.294 [FXGL Background Thread 1 ] DEBUG Engine               - Initializing environment variables
00:14:36.358 [FXGL Background Thread 1 ] DEBUG FXGLAssetLoaderServi - User app class for loading assets: class com.bomberman.bombermanplus.BombermanApp
00:14:36.359 [FXGL Background Thread 1 ] DEBUG GameApplicationServi - Applying CSS: fxgl_dark.css
00:14:36.361 [FXGL Background Thread 1 ] DEBUG FXGLAssetLoaderServi - Loading from file system: jar:file:///C:/Users/Gia%20Phong/.m2/repository/com/github/almasb/fxgl/17.1/fxgl-17.1.jar!/fxglassets/ui/css/fxgl_dark.css
00:14:36.409 [FXGL Background Thread 1 ] DEBUG GameApplicationServi - Initializing application scenes
00:14:36.457 [FXGL Background Thread 1 ] DEBUG GameWorld            - Game world initialized
00:14:36.526 [FXGL Background Thread 1 ] DEBUG PhysicsWorld         - Physics world initialized: appHeight=720, physics.ppm=50.0
00:14:36.526 [FXGL Background Thread 1 ] DEBUG PhysicsWorld         - Using strategy: BRUTE_FORCE
00:14:36.531 [FXGL Background Thread 1 ] DEBUG GameScene            - Game scene initialized: 1080x720
00:14:36.545 [FXGL Background Thread 1 ] DEBUG FXGL.DefaultMenu     - createMenuBodyMainMenu()
00:14:36.560 [FXGL Background Thread 1 ] DEBUG FXGL.DefaultMenu     - createOptionsMenu()
00:14:36.578 [FXGL Background Thread 1 ] DEBUG FXGLAssetLoaderServi - Loading from file system: jar:file:///C:/Users/Gia%20Phong/.m2/repository/com/github/almasb/fxgl/17.1/fxgl-17.1.jar!/fxglassets/textures/particles/smoke.png
00:14:36.711 [FXGL Background Thread 1 ] DEBUG FXGLAssetLoaderServi - Loading from file system: jar:file:///C:/Users/Gia%20Phong/.m2/repository/com/github/almasb/fxgl/17.1/fxgl-17.1.jar!/fxglassets/textures/particles/trace_horizontal.png
00:14:36.757 [FXGL Background Thread 1 ] DEBUG FXGL.DefaultMenu     - createMenuBodyGameMenu()
00:14:36.759 [FXGL Background Thread 1 ] DEBUG FXGL.DefaultMenu     - createOptionsMenu()
00:14:36.778 [FXGL Background Thread 1 ] DEBUG GameApplicationServi - Application scenes initialized
00:14:36.800 [FXGL Background Thread 1 ] DEBUG SystemBundleService  - Loading FXGL system data
00:14:36.809 [FXGL Background Thread 1 ] DEBUG FileSystemAccess     - Reading from: C:\Users\Gia Phong\Downloads\Java\src\BombermanPlus\system\fxgl.bundle
00:14:36.828 [FXGL Background Thread 1 ] DEBUG SystemBundleService  - Bundle FXGL: {}
00:14:36.828 [FXGL Background Thread 1 ] DEBUG UpdaterService       - Checking for updates
00:14:36.835 [FXGL Background Thread 1 ] DEBUG FXGLApplication      - Loading default localization
00:14:36.836 [FXGL Background Thread 4 ] DEBUG FXGLApplication      - Loading fonts
00:14:36.836 [FXGL Background Thread 1 ] DEBUG FXGLAssetLoaderServi - Loading from file system: jar:file:///C:/Users/Gia%20Phong/.m2/repository/com/github/almasb/fxgl/17.1/fxgl-17.1.jar!/fxglassets/languages/english.lang
00:14:36.837 [FXGL Background Thread 4 ] DEBUG FXGLAssetLoaderServi - Loading from file system: jar:file:///C:/Users/Gia%20Phong/.m2/repository/com/github/almasb/fxgl/17.1/fxgl-17.1.jar!/fxglassets/ui/fonts/VarelaRound-Regular.ttf
00:14:36.863 [FXGL Background Thread 1 ] INFO  FXGLApplication      - FXGL initialization took: 0.567 sec
00:14:36.877 [JavaFX Application Thread] DEBUG Input                - Registered new binding: Move Right - D
00:14:36.877 [JavaFX Application Thread] DEBUG Input                - Registered new binding: Move Up - W
00:14:36.880 [JavaFX Application Thread] DEBUG Input                - Registered new binding: Move Down - S
00:14:36.880 [JavaFX Application Thread] DEBUG Input                - Registered new binding: Move Left - A
00:14:36.881 [JavaFX Application Thread] DEBUG FXGLAssetLoaderServi - Loading from file system: jar:file:///C:/Users/Gia%20Phong/.m2/repository/com/github/almasb/fxgl/17.1/fxgl-17.1.jar!/fxglassets/textures/fxgl_icon.png
00:14:36.913 [JavaFX Application Thread] DEBUG FXGLAssetLoaderServi - Loading from file system: jar:file:///C:/Users/Gia%20Phong/.m2/repository/com/github/almasb/fxgl/17.1/fxgl-17.1.jar!/fxglassets/textures/fxgl_default_cursor.png
00:14:36.918 [JavaFX Application Thread] DEBUG Input                - Registered new binding: Screenshot - CTRL+8
00:14:36.919 [JavaFX Application Thread] DEBUG Input                - Registered new binding: System info dump - CTRL+9
00:14:36.920 [JavaFX Application Thread] DEBUG Input                - Registered new binding: Restart - CTRL+R
00:14:36.921 [JavaFX Application Thread] DEBUG Input                - Registered new binding: Toggle Debug Camera - CTRL+7
00:14:36.928 [JavaFX Application Thread] DEBUG LoopRunner           - Starting loop
00:14:36.932 [JavaFX Application Thread] DEBUG LoopRunner           - Initializing JavaFX AnimationTimerLoop
00:14:36.939 [JavaFX Application Thread] DEBUG Input                - Clearing active input actions
00:14:36.955 [JavaFX Application Thread] DEBUG GameApplicationServi - Removing overlay from FXGLStartupScene and adding to FXGLMainMenuDummyScene
00:14:36.955 [JavaFX Application Thread] DEBUG PrimaryStageWindow   - FXGLStartupScene -> FXGLMainMenuDummyScene
00:14:36.955 [JavaFX Application Thread] DEBUG PrimaryStageWindow   - Push state: FXGLDefaultMenu
00:14:36.962 [JavaFX Application Thread] DEBUG Input                - Clearing active input actions
00:14:36.974 [JavaFX Application Thread] DEBUG GameApplicationServi - Removing overlay from FXGLMainMenuDummyScene and adding to FXGLDefaultMenu
00:14:36.976 [JavaFX Application Thread] DEBUG PrimaryStageWindow   - FXGLMainMenuDummyScene -> FXGLDefaultMenu
00:14:37.022 [FXGL Background Thread 4 ] DEBUG FXGLAssetLoaderServi - Loading from file system: jar:file:///C:/Users/Gia%20Phong/.m2/repository/com/github/almasb/fxgl/17.1/fxgl-17.1.jar!/fxglassets/ui/fonts/Abel-Regular.ttf
00:14:37.044 [FXGL Background Thread 4 ] DEBUG FXGLAssetLoaderServi - Loading from file system: jar:file:///C:/Users/Gia%20Phong/.m2/repository/com/github/almasb/fxgl/17.1/fxgl-17.1.jar!/fxglassets/ui/fonts/TerminalLandMono-Regular.otf
00:14:37.059 [FXGL Background Thread 4 ] DEBUG FXGLAssetLoaderServi - Loading from file system: jar:file:///C:/Users/Gia%20Phong/.m2/repository/com/github/almasb/fxgl/17.1/fxgl-17.1.jar!/fxglassets/ui/fonts/Courier-Prime.ttf
00:14:37.081 [JavaFX Application Thread] DEBUG FXGLApplication      - Registering font factories with UI factory
00:14:37.493 [FXGL Background Thread 2 ] INFO  UpdaterService       - Your current version:  17.1
00:14:37.494 [FXGL Background Thread 2 ] INFO  UpdaterService       - Latest stable version: 17.2
00:14:38.827 [JavaFX Application Thread] DEBUG Menu                 - fireNewGame()
00:14:38.827 [JavaFX Application Thread] DEBUG GameApplicationServi - Starting new game
00:14:38.830 [JavaFX Application Thread] DEBUG PrimaryStageWindow   - Pop state: FXGLDefaultMenu
00:14:38.830 [JavaFX Application Thread] DEBUG Input                - Clearing active input actions
00:14:38.831 [JavaFX Application Thread] DEBUG GameApplicationServi - Removing overlay from FXGLDefaultMenu and adding to FXGLMainMenuDummyScene
00:14:38.832 [JavaFX Application Thread] DEBUG PrimaryStageWindow   - FXGLMainMenuDummyScene <- FXGLDefaultMenu
00:14:38.832 [JavaFX Application Thread] DEBUG Input                - Clearing active input actions
00:14:38.839 [JavaFX Application Thread] DEBUG GameApplicationServi - Removing overlay from FXGLMainMenuDummyScene and adding to FXGLLoadingScene
00:14:38.839 [JavaFX Application Thread] DEBUG PrimaryStageWindow   - FXGLMainMenuDummyScene -> FXGLLoadingScene
00:14:38.839 [JavaFX Application Thread] DEBUG GameApplicationServi - Clearing previous game
00:14:38.839 [JavaFX Application Thread] DEBUG GameScene            - Clearing game scene
00:14:38.839 [JavaFX Application Thread] DEBUG GameWorld            - Clearing game world
00:14:38.840 [JavaFX Application Thread] DEBUG PhysicsWorld         - Clearing physics world
00:14:38.843 [FXGL Background Thread 2 ] DEBUG FXGLApplication      - Initializing game
00:14:38.852 [FXGL Background Thread 2 ] INFO  FXGLApplication      - Game initialization took: 0.009 sec
00:14:38.868 [JavaFX Application Thread] DEBUG Input                - Clearing active input actions
00:14:38.877 [JavaFX Application Thread] DEBUG GameApplicationServi - Removing overlay from FXGLLoadingScene and adding to GameScene
00:14:38.878 [JavaFX Application Thread] DEBUG PrimaryStageWindow   - FXGLLoadingScene -> GameScene
00:14:39.564 [JavaFX Application Thread] DEBUG PrimaryStageWindow   - Push state: FXGLDefaultMenu
00:14:39.564 [JavaFX Application Thread] DEBUG Input                - Clearing active input actions
00:14:39.565 [JavaFX Application Thread] DEBUG GameApplicationServi - Removing overlay from GameScene and adding to FXGLDefaultMenu
00:14:39.565 [JavaFX Application Thread] DEBUG PrimaryStageWindow   - GameScene -> FXGLDefaultMenu
00:14:39.834 [FXGL Background Thread 3 ] DEBUG Engine               - Logging environment variables
00:14:39.834 [FXGL Background Thread 3 ] DEBUG Engine               - achievements: []
00:14:39.834 [FXGL Background Thread 3 ] DEBUG Engine               - actualHeight: 720.0
00:14:39.835 [FXGL Background Thread 3 ] DEBUG Engine               - actualHeightProperty: ReadOnlyDoubleProperty [value: 720.0]
00:14:39.835 [FXGL Background Thread 3 ] DEBUG Engine               - actualWidth: 1080.0
00:14:39.835 [FXGL Background Thread 3 ] DEBUG Engine               - actualWidthProperty: ReadOnlyDoubleProperty [value: 1080.0]
00:14:39.835 [FXGL Background Thread 3 ] DEBUG Engine               - appIcon: fxgl_icon.png
00:14:39.835 [FXGL Background Thread 3 ] DEBUG Engine               - applicationMode: DEVELOPER
00:14:39.835 [FXGL Background Thread 3 ] DEBUG Engine               - cSSList: [fxgl_dark.css]
00:14:39.835 [FXGL Background Thread 3 ] DEBUG Engine               - collisionDetectionStrategy: BRUTE_FORCE
00:14:39.835 [FXGL Background Thread 3 ] DEBUG Engine               - configClass: Optional.empty
00:14:39.835 [FXGL Background Thread 3 ] DEBUG Engine               - credits: []
00:14:39.835 [FXGL Background Thread 3 ] DEBUG Engine               - defaultCursor: CursorInfo(imageName=fxgl_default_cursor.png, hotspotX=7.0, hotspotY=6.0)
00:14:39.836 [FXGL Background Thread 3 ] DEBUG Engine               - devBBoxColorProperty: ObjectProperty [value: 0xff0000ff]
00:14:39.836 [FXGL Background Thread 3 ] DEBUG Engine               - devEnableDebugCameraProperty: BooleanProperty [value: false]
00:14:39.836 [FXGL Background Thread 3 ] DEBUG Engine               - devSensorColorProperty: ObjectProperty [value: 0xffff00ff]
00:14:39.836 [FXGL Background Thread 3 ] DEBUG Engine               - devShowBBoxProperty: BooleanProperty [value: false]
00:14:39.836 [FXGL Background Thread 3 ] DEBUG Engine               - devShowPositionProperty: BooleanProperty [value: false]
00:14:39.836 [FXGL Background Thread 3 ] DEBUG Engine               - enabledMenuItems: []
00:14:39.836 [FXGL Background Thread 3 ] DEBUG Engine               - engineServices: [class com.almasb.fxgl.app.services.FXGLAssetLoaderService, class com.almasb.fxgl.app.FXGLApplication$GameApplicationService, class com.almasb.fxgl.app.services.FXGLDialogService, class com.almasb.fxgl.app.services.IOTaskExecutorService, class com.almasb.fxgl.io.FileSystemService, class com.almasb.fxgl.localization.LocalizationService, class com.almasb.fxgl.app.services.SystemBundleService, class com.almasb.fxgl.profile.SaveLoadService, class com.almasb.fxgl.ui.FXGLUIFactoryServiceProvider, class com.almasb.fxgl.ui.FXGLDialogFactoryServiceProvider, class com.almasb.fxgl.audio.AudioPlayer, class com.almasb.fxgl.notification.impl.NotificationServiceProvider, class com.almasb.fxgl.achievement.AchievementService, class com.almasb.fxgl.cutscene.CutsceneService, class com.almasb.fxgl.minigames.MiniGameService, class com.almasb.fxgl.net.NetService, class com.almasb.fxgl.app.services.UpdaterService, class com.almasb.fxgl.dev.DevService]
00:14:39.836 [FXGL Background Thread 3 ] DEBUG Engine               - fontGame: Abel-Regular.ttf
00:14:39.836 [FXGL Background Thread 3 ] DEBUG Engine               - fontMono: TerminalLandMono-Regular.otf
00:14:39.836 [FXGL Background Thread 3 ] DEBUG Engine               - fontText: Courier-Prime.ttf
00:14:39.836 [FXGL Background Thread 3 ] DEBUG Engine               - fontUI: VarelaRound-Regular.ttf
00:14:39.836 [FXGL Background Thread 3 ] DEBUG Engine               - fullScreen: BooleanProperty [value: false]
00:14:39.836 [FXGL Background Thread 3 ] DEBUG Engine               - gameDifficulty: MEDIUM
00:14:39.836 [FXGL Background Thread 3 ] DEBUG Engine               - gameDifficultyProperty: ObjectProperty [value: MEDIUM]
00:14:39.836 [FXGL Background Thread 3 ] DEBUG Engine               - globalMusicVolume: 0.5
00:14:39.836 [FXGL Background Thread 3 ] DEBUG Engine               - globalMusicVolumeProperty: DoubleProperty [value: 0.5]
00:14:39.836 [FXGL Background Thread 3 ] DEBUG Engine               - globalSoundVolume: 0.5
00:14:39.836 [FXGL Background Thread 3 ] DEBUG Engine               - globalSoundVolumeProperty: DoubleProperty [value: 0.5]
00:14:39.836 [FXGL Background Thread 3 ] DEBUG Engine               - height: 720
00:14:39.836 [FXGL Background Thread 3 ] DEBUG Engine               - is3D: false
00:14:39.837 [FXGL Background Thread 3 ] DEBUG Engine               - isAndroid: false
00:14:39.837 [FXGL Background Thread 3 ] DEBUG Engine               - isBrowser: false
00:14:39.837 [FXGL Background Thread 3 ] DEBUG Engine               - isClickFeedbackEnabled: false
00:14:39.837 [FXGL Background Thread 3 ] DEBUG Engine               - isCloseConfirmation: false
00:14:39.837 [FXGL Background Thread 3 ] DEBUG Engine               - isDesktop: true
00:14:39.837 [FXGL Background Thread 3 ] DEBUG Engine               - isDeveloperMenuEnabled: false
00:14:39.837 [FXGL Background Thread 3 ] DEBUG Engine               - isEmbedded: false
00:14:39.837 [FXGL Background Thread 3 ] DEBUG Engine               - isEntityPreloadEnabled: true
00:14:39.837 [FXGL Background Thread 3 ] DEBUG Engine               - isExperimentalTiledLargeMap: false
00:14:39.837 [FXGL Background Thread 3 ] DEBUG Engine               - isFileSystemWriteAllowed: true
00:14:39.837 [FXGL Background Thread 3 ] DEBUG Engine               - isFullScreenAllowed: false
00:14:39.837 [FXGL Background Thread 3 ] DEBUG Engine               - isFullScreenFromStart: false
00:14:39.837 [FXGL Background Thread 3 ] DEBUG Engine               - isGameMenuEnabled: true
00:14:39.837 [FXGL Background Thread 3 ] DEBUG Engine               - isIOS: false
00:14:39.837 [FXGL Background Thread 3 ] DEBUG Engine               - isIntroEnabled: false
00:14:39.837 [FXGL Background Thread 3 ] DEBUG Engine               - isLinux: false
00:14:39.837 [FXGL Background Thread 3 ] DEBUG Engine               - isMac: false
00:14:39.837 [FXGL Background Thread 3 ] DEBUG Engine               - isMainMenuEnabled: true
00:14:39.837 [FXGL Background Thread 3 ] DEBUG Engine               - isManualResizeEnabled: false
00:14:39.837 [FXGL Background Thread 3 ] DEBUG Engine               - isMobile: false
00:14:39.837 [FXGL Background Thread 3 ] DEBUG Engine               - isNative: false
00:14:39.838 [FXGL Background Thread 3 ] DEBUG Engine               - isPauseMusicWhenMinimized: true
00:14:39.838 [FXGL Background Thread 3 ] DEBUG Engine               - isPreserveResizeRatio: false
00:14:39.838 [FXGL Background Thread 3 ] DEBUG Engine               - isProfilingEnabled: false
00:14:39.838 [FXGL Background Thread 3 ] DEBUG Engine               - isScaleAffectedOnResize: true
00:14:39.838 [FXGL Background Thread 3 ] DEBUG Engine               - isSingleStep: false
00:14:39.838 [FXGL Background Thread 3 ] DEBUG Engine               - isUserProfileEnabled: false
00:14:39.838 [FXGL Background Thread 3 ] DEBUG Engine               - isWindows: true
00:14:39.838 [FXGL Background Thread 3 ] DEBUG Engine               - language: ObjectProperty [value: ENGLISH]
00:14:39.838 [FXGL Background Thread 3 ] DEBUG Engine               - menuKey: ESCAPE
00:14:39.838 [FXGL Background Thread 3 ] DEBUG Engine               - mouseSensitivity: 0.2
00:14:39.838 [FXGL Background Thread 3 ] DEBUG Engine               - notificationViewClass: class com.almasb.fxgl.notification.view.XboxNotificationView
00:14:39.838 [FXGL Background Thread 3 ] DEBUG Engine               - pixelsPerMeter: 50.0
00:14:39.838 [FXGL Background Thread 3 ] DEBUG Engine               - platform: WINDOWS
00:14:39.838 [FXGL Background Thread 3 ] DEBUG Engine               - prefHeightProperty: ReadOnlyDoubleProperty [value: 720.0]
00:14:39.838 [FXGL Background Thread 3 ] DEBUG Engine               - prefWidthProperty: ReadOnlyDoubleProperty [value: 1080.0]
00:14:39.838 [FXGL Background Thread 3 ] DEBUG Engine               - profileDir: profiles/
00:14:39.838 [FXGL Background Thread 3 ] DEBUG Engine               - profileName: StringProperty [value: DEFAULT]
00:14:39.838 [FXGL Background Thread 3 ] DEBUG Engine               - randomSeed: -1
00:14:39.839 [FXGL Background Thread 3 ] DEBUG Engine               - runtimeInfo: RuntimeInfo(platform=WINDOWS, version=17.1, build=24.03.2022 17.34)
00:14:39.839 [FXGL Background Thread 3 ] DEBUG Engine               - saveFileExt: sav
00:14:39.839 [FXGL Background Thread 3 ] DEBUG Engine               - scaledHeightProp$fxgl: DoubleProperty [bound, value: 720.0]
00:14:39.839 [FXGL Background Thread 3 ] DEBUG Engine               - scaledWidthProp$fxgl: DoubleProperty [bound, value: 1080.0]
00:14:39.839 [FXGL Background Thread 3 ] DEBUG Engine               - sceneFactory: com.almasb.fxgl.app.scene.SceneFactory@205d1980
00:14:39.839 [FXGL Background Thread 3 ] DEBUG Engine               - secondsIn24h: 60
00:14:39.839 [FXGL Background Thread 3 ] DEBUG Engine               - soundMenuBack: menu/back.wav
00:14:39.839 [FXGL Background Thread 3 ] DEBUG Engine               - soundMenuPress: menu/press.wav
00:14:39.839 [FXGL Background Thread 3 ] DEBUG Engine               - soundMenuSelect: menu/select.wav
00:14:39.839 [FXGL Background Thread 3 ] DEBUG Engine               - soundNotification: core/notification.wav
00:14:39.839 [FXGL Background Thread 3 ] DEBUG Engine               - stageStyle: DECORATED
00:14:39.839 [FXGL Background Thread 3 ] DEBUG Engine               - supportedLanguages: [ENGLISH, FRENCH, GERMAN, HUNGARIAN, RUSSIAN]
00:14:39.839 [FXGL Background Thread 3 ] DEBUG Engine               - ticksPerSecond: -1
00:14:39.839 [FXGL Background Thread 3 ] DEBUG Engine               - title: BOMBERMAN
00:14:39.839 [FXGL Background Thread 3 ] DEBUG Engine               - urlGithub: https://github.com/AlmasB/FXGL
00:14:39.839 [FXGL Background Thread 3 ] DEBUG Engine               - urlLeaderboard: http://fxgl-top.herokuapp.com/
00:14:39.839 [FXGL Background Thread 3 ] DEBUG Engine               - urlPOM: https://raw.githubusercontent.com/AlmasB/FXGL/release/README.md
00:14:39.839 [FXGL Background Thread 3 ] DEBUG Engine               - userAppClass: class com.bomberman.bombermanplus.BombermanApp
00:14:39.839 [FXGL Background Thread 3 ] DEBUG Engine               - version: 1.0
00:14:39.839 [FXGL Background Thread 3 ] DEBUG Engine               - versionCheckDays: 7
00:14:39.839 [FXGL Background Thread 3 ] DEBUG Engine               - width: 1080
00:14:39.839 [FXGL Background Thread 3 ] DEBUG Engine               - Logging services
00:14:39.839 [FXGL Background Thread 3 ] DEBUG Engine               - class com.almasb.fxgl.app.services.FXGLAssetLoaderService
00:14:39.839 [FXGL Background Thread 3 ] DEBUG Engine               - class com.almasb.fxgl.app.FXGLApplication$GameApplicationService
00:14:39.839 [FXGL Background Thread 3 ] DEBUG Engine               - class com.almasb.fxgl.app.services.FXGLDialogService
00:14:39.839 [FXGL Background Thread 3 ] DEBUG Engine               - class com.almasb.fxgl.app.services.IOTaskExecutorService
00:14:39.839 [FXGL Background Thread 3 ] DEBUG Engine               - class com.almasb.fxgl.io.FileSystemService
00:14:39.839 [FXGL Background Thread 3 ] DEBUG Engine               - class com.almasb.fxgl.localization.LocalizationService
00:14:39.839 [FXGL Background Thread 3 ] DEBUG Engine               - class com.almasb.fxgl.app.services.SystemBundleService
00:14:39.839 [FXGL Background Thread 3 ] DEBUG Engine               - class com.almasb.fxgl.profile.SaveLoadService
00:14:39.839 [FXGL Background Thread 3 ] DEBUG Engine               - class com.almasb.fxgl.ui.FXGLUIFactoryServiceProvider
00:14:39.839 [FXGL Background Thread 3 ] DEBUG Engine               - class com.almasb.fxgl.ui.FXGLDialogFactoryServiceProvider
00:14:39.839 [FXGL Background Thread 3 ] DEBUG Engine               - class com.almasb.fxgl.audio.AudioPlayer
00:14:39.839 [FXGL Background Thread 3 ] DEBUG Engine               - class com.almasb.fxgl.notification.impl.NotificationServiceProvider
00:14:39.839 [FXGL Background Thread 3 ] DEBUG Engine               - class com.almasb.fxgl.achievement.AchievementService
00:14:39.839 [FXGL Background Thread 3 ] DEBUG Engine               - class com.almasb.fxgl.cutscene.CutsceneService
00:14:39.839 [FXGL Background Thread 3 ] DEBUG Engine               - class com.almasb.fxgl.minigames.MiniGameService
00:14:39.839 [FXGL Background Thread 3 ] DEBUG Engine               - class com.almasb.fxgl.net.NetService
00:14:39.839 [FXGL Background Thread 3 ] DEBUG Engine               - class com.almasb.fxgl.app.services.UpdaterService
00:14:39.839 [FXGL Background Thread 3 ] DEBUG Engine               - class com.almasb.fxgl.dev.DevService
00:14:41.472 [JavaFX Application Thread] DEBUG Menu                 - fireResume()
00:14:41.473 [JavaFX Application Thread] DEBUG PrimaryStageWindow   - Pop state: FXGLDefaultMenu
00:14:41.473 [JavaFX Application Thread] DEBUG Input                - Clearing active input actions
00:14:41.473 [JavaFX Application Thread] DEBUG GameApplicationServi - Removing overlay from FXGLDefaultMenu and adding to GameScene
00:14:41.473 [JavaFX Application Thread] DEBUG PrimaryStageWindow   - GameScene <- FXGLDefaultMenu
00:15:05.869 [JavaFX Application Thread] DEBUG FXGLApplication      - Exiting FXGL
00:15:05.869 [JavaFX Application Thread] DEBUG LoopRunner           - Stopping loop
00:15:05.869 [JavaFX Application Thread] DEBUG SystemBundleService  - Saving FXGL system data
00:15:05.871 [JavaFX Application Thread] DEBUG FileSystemAccess     - Writing to: C:\Users\Gia Phong\Downloads\Java\src\BombermanPlus\system\fxgl.bundle
00:15:05.873 [JavaFX Application Thread] DEBUG Async                - Shutting down background threads
00:15:05.873 [JavaFX Application Thread] DEBUG PrimaryStageWindow   - Closing main window
00:15:05.894 [JavaFX Application Thread] DEBUG Logger               - Closing Logger
