21:33:23.411 [main                     ] DEBUG Logger               - Configured Logger
21:33:23.425 [main                     ] DEBUG GameApplication      - Logging settings
Title: BOMBERMAN
Version: 1.0
Width: 1080
Height: 720
Fullscreen: false
Intro: false
Profiling: false
Single step:false
App Mode: DEVELOPER
Menu Key: ESCAPE
Stage Style: DECORATED
Scene Factory: class com.bomberman.bombermanplus.BombermanApp$1

21:33:23.692 [JavaFX Application Thread] DEBUG FXGLApplication      - Initializing FXGL
21:33:23.695 [JavaFX Application Thread] INFO  Engine               - FXGL-17.1 (24.03.2022 17.34) on WINDOWS (J:19 FX:19-ea)
21:33:23.695 [JavaFX Application Thread] DEBUG Engine               - JRE Vendor Name: Oracle Corporation
21:33:23.695 [JavaFX Application Thread] DEBUG Engine               - Running on OS: Windows 11 version 10.0
21:33:23.695 [JavaFX Application Thread] DEBUG Engine               - Architecture: amd64
21:33:23.695 [JavaFX Application Thread] INFO  Engine               - Source code and latest versions at: https://github.com/AlmasB/FXGL
21:33:23.696 [JavaFX Application Thread] INFO  Engine               -       Ask questions and discuss at: https://github.com/AlmasB/FXGL/discussions
21:33:23.696 [JavaFX Application Thread] INFO  Engine               -              Join the FXGL chat at: https://gitter.im/AlmasB/FXGL
21:33:23.758 [JavaFX Application Thread] DEBUG PrimaryStageWindow   - Creating a JavaFX scene
21:33:23.789 [JavaFX Application Thread] DEBUG PrimaryStageWindow   - Target settings size: 1080.0 x 720.0
21:33:23.789 [JavaFX Application Thread] DEBUG PrimaryStageWindow   - Scaled scene size:    1080.0 x 720.0
21:33:23.789 [JavaFX Application Thread] DEBUG PrimaryStageWindow   - Scaled ratio: (1.0, 1.0)
21:33:23.790 [JavaFX Application Thread] DEBUG PrimaryStageWindow   - Set initial scene to FXGLStartupScene
21:33:23.794 [JavaFX Application Thread] DEBUG PrimaryStageWindow   - Opening main window
21:33:23.856 [JavaFX Application Thread] DEBUG PrimaryStageWindow   - Window border size: (14.4000244140625, 37.5999755859375)
21:33:23.856 [JavaFX Application Thread] DEBUG PrimaryStageWindow   - Scaled size: 1080.0 x 720.0
21:33:23.857 [JavaFX Application Thread] DEBUG PrimaryStageWindow   - Scaled ratio: (1.0, 1.0)
21:33:23.857 [JavaFX Application Thread] DEBUG PrimaryStageWindow   - Scene size: 1080.0 x 720.0
21:33:23.857 [JavaFX Application Thread] DEBUG PrimaryStageWindow   - Stage size: 1094.4000244140625 x 757.5999755859375
21:33:23.866 [FXGL Background Thread 1 ] DEBUG Engine               - Initializing environment variables
21:33:23.916 [FXGL Background Thread 1 ] DEBUG FXGLAssetLoaderServi - User app class for loading assets: class com.bomberman.bombermanplus.BombermanApp
21:33:23.916 [FXGL Background Thread 1 ] DEBUG GameApplicationServi - Applying CSS: fxgl_dark.css
21:33:23.917 [FXGL Background Thread 1 ] DEBUG FXGLAssetLoaderServi - Loading from file system: jar:file:///C:/Users/ADMIN/.m2/repository/com/github/almasb/fxgl/17.1/fxgl-17.1.jar!/fxglassets/ui/css/fxgl_dark.css
21:33:23.950 [FXGL Background Thread 1 ] DEBUG GameApplicationServi - Initializing application scenes
21:33:23.979 [FXGL Background Thread 1 ] DEBUG GameWorld            - Game world initialized
21:33:24.037 [FXGL Background Thread 1 ] DEBUG PhysicsWorld         - Physics world initialized: appHeight=720, physics.ppm=50.0
21:33:24.038 [FXGL Background Thread 1 ] DEBUG PhysicsWorld         - Using strategy: BRUTE_FORCE
21:33:24.041 [FXGL Background Thread 1 ] DEBUG GameScene            - Game scene initialized: 1080x720
21:33:24.064 [FXGL Background Thread 1 ] DEBUG GameApplicationServi - Application scenes initialized
21:33:24.073 [FXGL Background Thread 1 ] DEBUG SystemBundleService  - Loading FXGL system data
21:33:24.077 [FXGL Background Thread 1 ] DEBUG FileSystemAccess     - Reading from: C:\Users\ADMIN\IdeaProjects\BombermanPlus\system\fxgl.bundle
21:33:24.085 [FXGL Background Thread 1 ] DEBUG SystemBundleService  - Bundle FXGL: {}
21:33:24.085 [FXGL Background Thread 1 ] DEBUG UpdaterService       - Checking for updates
21:33:24.089 [FXGL Background Thread 4 ] DEBUG FXGLApplication      - Loading fonts
21:33:24.089 [FXGL Background Thread 1 ] DEBUG FXGLApplication      - Loading default localization
21:33:24.089 [FXGL Background Thread 4 ] DEBUG FXGLAssetLoaderServi - Loading from file system: jar:file:///C:/Users/ADMIN/.m2/repository/com/github/almasb/fxgl/17.1/fxgl-17.1.jar!/fxglassets/ui/fonts/VarelaRound-Regular.ttf
21:33:24.090 [FXGL Background Thread 1 ] DEBUG FXGLAssetLoaderServi - Loading from file system: jar:file:///C:/Users/ADMIN/.m2/repository/com/github/almasb/fxgl/17.1/fxgl-17.1.jar!/fxglassets/languages/english.lang
21:33:24.102 [FXGL Background Thread 1 ] INFO  FXGLApplication      - FXGL initialization took: 0.235 sec
21:33:24.108 [JavaFX Application Thread] DEBUG Input                - Registered new binding: Move Right - D
21:33:24.108 [JavaFX Application Thread] DEBUG Input                - Registered new binding: Move Up - W
21:33:24.108 [JavaFX Application Thread] DEBUG Input                - Registered new binding: Move Down - S
21:33:24.109 [JavaFX Application Thread] DEBUG Input                - Registered new binding: Move Left - A
21:33:24.109 [JavaFX Application Thread] DEBUG Input                - Registered new binding: Place bomb - Space
21:33:24.109 [JavaFX Application Thread] DEBUG FXGLAssetLoaderServi - Loading from file system: jar:file:///C:/Users/ADMIN/.m2/repository/com/github/almasb/fxgl/17.1/fxgl-17.1.jar!/fxglassets/textures/fxgl_icon.png
21:33:24.142 [JavaFX Application Thread] DEBUG FXGLAssetLoaderServi - Loading from file system: jar:file:///C:/Users/ADMIN/.m2/repository/com/github/almasb/fxgl/17.1/fxgl-17.1.jar!/fxglassets/textures/fxgl_default_cursor.png
21:33:24.144 [JavaFX Application Thread] DEBUG Input                - Registered new binding: Screenshot - CTRL+8
21:33:24.144 [JavaFX Application Thread] DEBUG Input                - Registered new binding: System info dump - CTRL+9
21:33:24.144 [JavaFX Application Thread] DEBUG Input                - Registered new binding: Restart - CTRL+R
21:33:24.144 [JavaFX Application Thread] DEBUG Input                - Registered new binding: Toggle Debug Camera - CTRL+7
21:33:24.145 [JavaFX Application Thread] DEBUG LoopRunner           - Starting loop
21:33:24.145 [JavaFX Application Thread] DEBUG LoopRunner           - Initializing JavaFX AnimationTimerLoop
21:33:24.148 [JavaFX Application Thread] DEBUG Input                - Clearing active input actions
21:33:24.155 [JavaFX Application Thread] DEBUG GameApplicationServi - Removing overlay from FXGLStartupScene and adding to FXGLMainMenuDummyScene
21:33:24.156 [JavaFX Application Thread] DEBUG PrimaryStageWindow   - FXGLStartupScene -> FXGLMainMenuDummyScene
21:33:24.156 [JavaFX Application Thread] DEBUG PrimaryStageWindow   - Push state: BombermanMenu
21:33:24.156 [JavaFX Application Thread] DEBUG Input                - Clearing active input actions
21:33:24.160 [JavaFX Application Thread] DEBUG GameApplicationServi - Removing overlay from FXGLMainMenuDummyScene and adding to BombermanMenu
21:33:24.161 [JavaFX Application Thread] DEBUG PrimaryStageWindow   - FXGLMainMenuDummyScene -> BombermanMenu
21:33:24.164 [FXGL Background Thread 4 ] DEBUG FXGLAssetLoaderServi - Loading from file system: jar:file:///C:/Users/ADMIN/.m2/repository/com/github/almasb/fxgl/17.1/fxgl-17.1.jar!/fxglassets/ui/fonts/Abel-Regular.ttf
21:33:24.182 [FXGL Background Thread 4 ] DEBUG FXGLAssetLoaderServi - Loading from file system: jar:file:///C:/Users/ADMIN/.m2/repository/com/github/almasb/fxgl/17.1/fxgl-17.1.jar!/fxglassets/ui/fonts/TerminalLandMono-Regular.otf
21:33:24.199 [FXGL Background Thread 4 ] DEBUG FXGLAssetLoaderServi - Loading from file system: jar:file:///C:/Users/ADMIN/.m2/repository/com/github/almasb/fxgl/17.1/fxgl-17.1.jar!/fxglassets/ui/fonts/Courier-Prime.ttf
21:33:24.222 [JavaFX Application Thread] DEBUG FXGLApplication      - Registering font factories with UI factory
21:33:24.483 [FXGL Background Thread 2 ] INFO  UpdaterService       - Your current version:  17.1
21:33:24.483 [FXGL Background Thread 2 ] INFO  UpdaterService       - Latest stable version: 17.2
21:33:24.845 [JavaFX Application Thread] DEBUG Menu                 - fireNewGame()
21:33:24.845 [JavaFX Application Thread] DEBUG GameApplicationServi - Starting new game
21:33:24.845 [JavaFX Application Thread] DEBUG PrimaryStageWindow   - Pop state: BombermanMenu
21:33:24.845 [JavaFX Application Thread] DEBUG Input                - Clearing active input actions
21:33:24.846 [JavaFX Application Thread] DEBUG GameApplicationServi - Removing overlay from BombermanMenu and adding to FXGLMainMenuDummyScene
21:33:24.846 [JavaFX Application Thread] DEBUG PrimaryStageWindow   - FXGLMainMenuDummyScene <- BombermanMenu
21:33:24.846 [JavaFX Application Thread] DEBUG Input                - Clearing active input actions
21:33:24.852 [JavaFX Application Thread] DEBUG GameApplicationServi - Removing overlay from FXGLMainMenuDummyScene and adding to FXGLLoadingScene
21:33:24.852 [JavaFX Application Thread] DEBUG PrimaryStageWindow   - FXGLMainMenuDummyScene -> FXGLLoadingScene
21:33:24.852 [JavaFX Application Thread] DEBUG GameApplicationServi - Clearing previous game
21:33:24.852 [JavaFX Application Thread] DEBUG GameScene            - Clearing game scene
21:33:24.852 [JavaFX Application Thread] DEBUG GameWorld            - Clearing game world
21:33:24.852 [JavaFX Application Thread] DEBUG PhysicsWorld         - Clearing physics world
21:33:24.853 [FXGL Background Thread 2 ] DEBUG FXGLApplication      - Initializing game
21:33:24.860 [FXGL Background Thread 2 ] DEBUG FXGLAssetLoaderServi - Loading from file system: file:/C:/Users/ADMIN/IdeaProjects/BombermanPlus/target/classes/assets/sounds/stage_start.wav
21:33:24.935 [FXGL Background Thread 2 ] INFO  FXGLApplication      - Game initialization took: 0.081 sec
21:33:24.936 [JavaFX Application Thread] DEBUG Input                - Clearing active input actions
21:33:24.940 [JavaFX Application Thread] DEBUG GameApplicationServi - Removing overlay from FXGLLoadingScene and adding to GameScene
21:33:24.945 [JavaFX Application Thread] DEBUG PrimaryStageWindow   - FXGLLoadingScene -> GameScene
21:33:27.088 [FXGL Background Thread 3 ] DEBUG Engine               - Logging environment variables
21:33:27.088 [FXGL Background Thread 3 ] DEBUG Engine               - achievements: []
21:33:27.089 [FXGL Background Thread 3 ] DEBUG Engine               - actualHeight: 720.0
21:33:27.089 [FXGL Background Thread 3 ] DEBUG Engine               - actualHeightProperty: ReadOnlyDoubleProperty [value: 720.0]
21:33:27.089 [FXGL Background Thread 3 ] DEBUG Engine               - actualWidth: 1080.0
21:33:27.089 [FXGL Background Thread 3 ] DEBUG Engine               - actualWidthProperty: ReadOnlyDoubleProperty [value: 1080.0]
21:33:27.089 [FXGL Background Thread 3 ] DEBUG Engine               - appIcon: fxgl_icon.png
21:33:27.089 [FXGL Background Thread 3 ] DEBUG Engine               - applicationMode: DEVELOPER
21:33:27.089 [FXGL Background Thread 3 ] DEBUG Engine               - cSSList: [fxgl_dark.css]
21:33:27.089 [FXGL Background Thread 3 ] DEBUG Engine               - collisionDetectionStrategy: BRUTE_FORCE
21:33:27.089 [FXGL Background Thread 3 ] DEBUG Engine               - configClass: Optional.empty
21:33:27.089 [FXGL Background Thread 3 ] DEBUG Engine               - credits: []
21:33:27.090 [FXGL Background Thread 3 ] DEBUG Engine               - defaultCursor: CursorInfo(imageName=fxgl_default_cursor.png, hotspotX=7.0, hotspotY=6.0)
21:33:27.090 [FXGL Background Thread 3 ] DEBUG Engine               - devBBoxColorProperty: ObjectProperty [value: 0xff0000ff]
21:33:27.090 [FXGL Background Thread 3 ] DEBUG Engine               - devEnableDebugCameraProperty: BooleanProperty [value: false]
21:33:27.090 [FXGL Background Thread 3 ] DEBUG Engine               - devSensorColorProperty: ObjectProperty [value: 0xffff00ff]
21:33:27.090 [FXGL Background Thread 3 ] DEBUG Engine               - devShowBBoxProperty: BooleanProperty [value: false]
21:33:27.090 [FXGL Background Thread 3 ] DEBUG Engine               - devShowPositionProperty: BooleanProperty [value: false]
21:33:27.090 [FXGL Background Thread 3 ] DEBUG Engine               - enabledMenuItems: []
21:33:27.090 [FXGL Background Thread 3 ] DEBUG Engine               - engineServices: [class com.almasb.fxgl.app.services.FXGLAssetLoaderService, class com.almasb.fxgl.app.FXGLApplication$GameApplicationService, class com.almasb.fxgl.app.services.FXGLDialogService, class com.almasb.fxgl.app.services.IOTaskExecutorService, class com.almasb.fxgl.io.FileSystemService, class com.almasb.fxgl.localization.LocalizationService, class com.almasb.fxgl.app.services.SystemBundleService, class com.almasb.fxgl.profile.SaveLoadService, class com.almasb.fxgl.ui.FXGLUIFactoryServiceProvider, class com.almasb.fxgl.ui.FXGLDialogFactoryServiceProvider, class com.almasb.fxgl.audio.AudioPlayer, class com.almasb.fxgl.notification.impl.NotificationServiceProvider, class com.almasb.fxgl.achievement.AchievementService, class com.almasb.fxgl.cutscene.CutsceneService, class com.almasb.fxgl.minigames.MiniGameService, class com.almasb.fxgl.net.NetService, class com.almasb.fxgl.app.services.UpdaterService, class com.almasb.fxgl.dev.DevService]
21:33:27.090 [FXGL Background Thread 3 ] DEBUG Engine               - fontGame: Abel-Regular.ttf
21:33:27.090 [FXGL Background Thread 3 ] DEBUG Engine               - fontMono: TerminalLandMono-Regular.otf
21:33:27.091 [FXGL Background Thread 3 ] DEBUG Engine               - fontText: Courier-Prime.ttf
21:33:27.091 [FXGL Background Thread 3 ] DEBUG Engine               - fontUI: VarelaRound-Regular.ttf
21:33:27.091 [FXGL Background Thread 3 ] DEBUG Engine               - fullScreen: BooleanProperty [value: false]
21:33:27.091 [FXGL Background Thread 3 ] DEBUG Engine               - gameDifficulty: MEDIUM
21:33:27.091 [FXGL Background Thread 3 ] DEBUG Engine               - gameDifficultyProperty: ObjectProperty [value: MEDIUM]
21:33:27.091 [FXGL Background Thread 3 ] DEBUG Engine               - globalMusicVolume: 0.5
21:33:27.091 [FXGL Background Thread 3 ] DEBUG Engine               - globalMusicVolumeProperty: DoubleProperty [value: 0.0]
21:33:27.091 [FXGL Background Thread 3 ] DEBUG Engine               - globalSoundVolume: 0.5
21:33:27.091 [FXGL Background Thread 3 ] DEBUG Engine               - globalSoundVolumeProperty: DoubleProperty [value: 0.5]
21:33:27.091 [FXGL Background Thread 3 ] DEBUG Engine               - height: 720
21:33:27.091 [FXGL Background Thread 3 ] DEBUG Engine               - is3D: false
21:33:27.091 [FXGL Background Thread 3 ] DEBUG Engine               - isAndroid: false
21:33:27.091 [FXGL Background Thread 3 ] DEBUG Engine               - isBrowser: false
21:33:27.091 [FXGL Background Thread 3 ] DEBUG Engine               - isClickFeedbackEnabled: false
21:33:27.091 [FXGL Background Thread 3 ] DEBUG Engine               - isCloseConfirmation: false
21:33:27.091 [FXGL Background Thread 3 ] DEBUG Engine               - isDesktop: true
21:33:27.091 [FXGL Background Thread 3 ] DEBUG Engine               - isDeveloperMenuEnabled: false
21:33:27.091 [FXGL Background Thread 3 ] DEBUG Engine               - isEmbedded: false
21:33:27.091 [FXGL Background Thread 3 ] DEBUG Engine               - isEntityPreloadEnabled: true
21:33:27.091 [FXGL Background Thread 3 ] DEBUG Engine               - isExperimentalTiledLargeMap: false
21:33:27.091 [FXGL Background Thread 3 ] DEBUG Engine               - isFileSystemWriteAllowed: true
21:33:27.091 [FXGL Background Thread 3 ] DEBUG Engine               - isFullScreenAllowed: false
21:33:27.091 [FXGL Background Thread 3 ] DEBUG Engine               - isFullScreenFromStart: false
21:33:27.091 [FXGL Background Thread 3 ] DEBUG Engine               - isGameMenuEnabled: false
21:33:27.091 [FXGL Background Thread 3 ] DEBUG Engine               - isIOS: false
21:33:27.091 [FXGL Background Thread 3 ] DEBUG Engine               - isIntroEnabled: false
21:33:27.091 [FXGL Background Thread 3 ] DEBUG Engine               - isLinux: false
21:33:27.091 [FXGL Background Thread 3 ] DEBUG Engine               - isMac: false
21:33:27.091 [FXGL Background Thread 3 ] DEBUG Engine               - isMainMenuEnabled: true
21:33:27.091 [FXGL Background Thread 3 ] DEBUG Engine               - isManualResizeEnabled: false
21:33:27.091 [FXGL Background Thread 3 ] DEBUG Engine               - isMobile: false
21:33:27.092 [FXGL Background Thread 3 ] DEBUG Engine               - isNative: false
21:33:27.092 [FXGL Background Thread 3 ] DEBUG Engine               - isPauseMusicWhenMinimized: true
21:33:27.092 [FXGL Background Thread 3 ] DEBUG Engine               - isPreserveResizeRatio: false
21:33:27.092 [FXGL Background Thread 3 ] DEBUG Engine               - isProfilingEnabled: false
21:33:27.092 [FXGL Background Thread 3 ] DEBUG Engine               - isScaleAffectedOnResize: true
21:33:27.092 [FXGL Background Thread 3 ] DEBUG Engine               - isSingleStep: false
21:33:27.092 [FXGL Background Thread 3 ] DEBUG Engine               - isUserProfileEnabled: false
21:33:27.092 [FXGL Background Thread 3 ] DEBUG Engine               - isWindows: true
21:33:27.092 [FXGL Background Thread 3 ] DEBUG Engine               - language: ObjectProperty [value: ENGLISH]
21:33:27.092 [FXGL Background Thread 3 ] DEBUG Engine               - menuKey: ESCAPE
21:33:27.092 [FXGL Background Thread 3 ] DEBUG Engine               - mouseSensitivity: 0.2
21:33:27.092 [FXGL Background Thread 3 ] DEBUG Engine               - notificationViewClass: class com.almasb.fxgl.notification.view.XboxNotificationView
21:33:27.092 [FXGL Background Thread 3 ] DEBUG Engine               - pixelsPerMeter: 50.0
21:33:27.092 [FXGL Background Thread 3 ] DEBUG Engine               - platform: WINDOWS
21:33:27.092 [FXGL Background Thread 3 ] DEBUG Engine               - prefHeightProperty: ReadOnlyDoubleProperty [value: 720.0]
21:33:27.092 [FXGL Background Thread 3 ] DEBUG Engine               - prefWidthProperty: ReadOnlyDoubleProperty [value: 1080.0]
21:33:27.092 [FXGL Background Thread 3 ] DEBUG Engine               - profileDir: profiles/
21:33:27.092 [FXGL Background Thread 3 ] DEBUG Engine               - profileName: StringProperty [value: DEFAULT]
21:33:27.092 [FXGL Background Thread 3 ] DEBUG Engine               - randomSeed: -1
21:33:27.092 [FXGL Background Thread 3 ] DEBUG Engine               - runtimeInfo: RuntimeInfo(platform=WINDOWS, version=17.1, build=24.03.2022 17.34)
21:33:27.093 [FXGL Background Thread 3 ] DEBUG Engine               - saveFileExt: sav
21:33:27.093 [FXGL Background Thread 3 ] DEBUG Engine               - scaledHeightProp$fxgl: DoubleProperty [bound, value: 720.0]
21:33:27.093 [FXGL Background Thread 3 ] DEBUG Engine               - scaledWidthProp$fxgl: DoubleProperty [bound, value: 1080.0]
21:33:27.093 [FXGL Background Thread 3 ] DEBUG Engine               - sceneFactory: com.bomberman.bombermanplus.BombermanApp$1@689bba89
21:33:27.093 [FXGL Background Thread 3 ] DEBUG Engine               - secondsIn24h: 60
21:33:27.093 [FXGL Background Thread 3 ] DEBUG Engine               - soundMenuBack: menu/back.wav
21:33:27.093 [FXGL Background Thread 3 ] DEBUG Engine               - soundMenuPress: menu/press.wav
21:33:27.093 [FXGL Background Thread 3 ] DEBUG Engine               - soundMenuSelect: menu/select.wav
21:33:27.093 [FXGL Background Thread 3 ] DEBUG Engine               - soundNotification: core/notification.wav
21:33:27.093 [FXGL Background Thread 3 ] DEBUG Engine               - stageStyle: DECORATED
21:33:27.093 [FXGL Background Thread 3 ] DEBUG Engine               - supportedLanguages: [ENGLISH, FRENCH, GERMAN, HUNGARIAN, RUSSIAN]
21:33:27.093 [FXGL Background Thread 3 ] DEBUG Engine               - ticksPerSecond: -1
21:33:27.093 [FXGL Background Thread 3 ] DEBUG Engine               - title: BOMBERMAN
21:33:27.093 [FXGL Background Thread 3 ] DEBUG Engine               - urlGithub: https://github.com/AlmasB/FXGL
21:33:27.093 [FXGL Background Thread 3 ] DEBUG Engine               - urlLeaderboard: http://fxgl-top.herokuapp.com/
21:33:27.093 [FXGL Background Thread 3 ] DEBUG Engine               - urlPOM: https://raw.githubusercontent.com/AlmasB/FXGL/release/README.md
21:33:27.093 [FXGL Background Thread 3 ] DEBUG Engine               - userAppClass: class com.bomberman.bombermanplus.BombermanApp
21:33:27.093 [FXGL Background Thread 3 ] DEBUG Engine               - version: 1.0
21:33:27.093 [FXGL Background Thread 3 ] DEBUG Engine               - versionCheckDays: 7
21:33:27.093 [FXGL Background Thread 3 ] DEBUG Engine               - width: 1080
21:33:27.093 [FXGL Background Thread 3 ] DEBUG Engine               - Logging services
21:33:27.093 [FXGL Background Thread 3 ] DEBUG Engine               - class com.almasb.fxgl.app.services.FXGLAssetLoaderService
21:33:27.094 [FXGL Background Thread 3 ] DEBUG Engine               - class com.almasb.fxgl.app.FXGLApplication$GameApplicationService
21:33:27.094 [FXGL Background Thread 3 ] DEBUG Engine               - class com.almasb.fxgl.app.services.FXGLDialogService
21:33:27.094 [FXGL Background Thread 3 ] DEBUG Engine               - class com.almasb.fxgl.app.services.IOTaskExecutorService
21:33:27.094 [FXGL Background Thread 3 ] DEBUG Engine               - class com.almasb.fxgl.io.FileSystemService
21:33:27.094 [FXGL Background Thread 3 ] DEBUG Engine               - class com.almasb.fxgl.localization.LocalizationService
21:33:27.094 [FXGL Background Thread 3 ] DEBUG Engine               - class com.almasb.fxgl.app.services.SystemBundleService
21:33:27.094 [FXGL Background Thread 3 ] DEBUG Engine               - class com.almasb.fxgl.profile.SaveLoadService
21:33:27.094 [FXGL Background Thread 3 ] DEBUG Engine               - class com.almasb.fxgl.ui.FXGLUIFactoryServiceProvider
21:33:27.094 [FXGL Background Thread 3 ] DEBUG Engine               - class com.almasb.fxgl.ui.FXGLDialogFactoryServiceProvider
21:33:27.094 [FXGL Background Thread 3 ] DEBUG Engine               - class com.almasb.fxgl.audio.AudioPlayer
21:33:27.094 [FXGL Background Thread 3 ] DEBUG Engine               - class com.almasb.fxgl.notification.impl.NotificationServiceProvider
21:33:27.094 [FXGL Background Thread 3 ] DEBUG Engine               - class com.almasb.fxgl.achievement.AchievementService
21:33:27.094 [FXGL Background Thread 3 ] DEBUG Engine               - class com.almasb.fxgl.cutscene.CutsceneService
21:33:27.094 [FXGL Background Thread 3 ] DEBUG Engine               - class com.almasb.fxgl.minigames.MiniGameService
21:33:27.094 [FXGL Background Thread 3 ] DEBUG Engine               - class com.almasb.fxgl.net.NetService
21:33:27.094 [FXGL Background Thread 3 ] DEBUG Engine               - class com.almasb.fxgl.app.services.UpdaterService
21:33:27.094 [FXGL Background Thread 3 ] DEBUG Engine               - class com.almasb.fxgl.dev.DevService
21:33:27.879 [JavaFX Application Thread] WARN  TMXLevelLoader       - TiledMap generated from 1.9.2. Supported version: 1.4.2. Some features may not be parsed fully.
21:33:27.895 [JavaFX Application Thread] DEBUG TMXLevelLoader       - Parsed TiledMap: file:/C:/Users/ADMIN/IdeaProjects/BombermanPlus/target/classes/assets/levels/bbm_level1.tmx
21:33:27.896 [JavaFX Application Thread] DEBUG TMXLevelLoader       - Creating tile layer entities
21:33:27.897 [JavaFX Application Thread] DEBUG TilesetLoader        - Loading view for layer Tile Layer 1
21:33:27.900 [JavaFX Application Thread] DEBUG TilesetLoader        - Created buffer with size 1488.0x720.0
21:33:27.967 [JavaFX Application Thread] DEBUG TMXLevelLoader       - Creating object layer entities
21:33:27.969 [JavaFX Application Thread] DEBUG FXGLAssetLoaderServi - Loading from file system: file:/C:/Users/ADMIN/IdeaProjects/BombermanPlus/target/classes/assets/textures/items/powerup_speed.png
21:33:27.974 [JavaFX Application Thread] DEBUG FXGLAssetLoaderServi - Loading from file system: file:/C:/Users/ADMIN/IdeaProjects/BombermanPlus/target/classes/assets/textures/items/powerup_flames.png
21:33:27.976 [JavaFX Application Thread] DEBUG FXGLAssetLoaderServi - Loading from file system: file:/C:/Users/ADMIN/IdeaProjects/BombermanPlus/target/classes/assets/textures/items/powerup_bombs.png
21:33:27.977 [JavaFX Application Thread] DEBUG FXGLAssetLoaderServi - Loading from file system: file:/C:/Users/ADMIN/IdeaProjects/BombermanPlus/target/classes/assets/textures/items/powerup_flamepass.png
21:33:27.979 [JavaFX Application Thread] DEBUG FXGLAssetLoaderServi - Loading from file system: file:/C:/Users/ADMIN/IdeaProjects/BombermanPlus/target/classes/assets/textures/items/portal.png
21:33:27.982 [JavaFX Application Thread] DEBUG FXGLAssetLoaderServi - Loading from file system: file:/C:/Users/ADMIN/IdeaProjects/BombermanPlus/target/classes/assets/textures/sprites.png
21:33:28.082 [JavaFX Application Thread] DEBUG GameWorld            - Clearing removable entities
21:33:28.082 [JavaFX Application Thread] DEBUG GameWorld            - Setting level: com.almasb.fxgl.entity.level.Level@627f1583
21:33:30.356 [JavaFX Application Thread] DEBUG FXGLAssetLoaderServi - Loading from file system: file:/C:/Users/ADMIN/IdeaProjects/BombermanPlus/target/classes/assets/sounds/bomb_explored.wav
21:33:41.521 [JavaFX Application Thread] DEBUG FXGLApplication      - Exiting FXGL
21:33:41.521 [JavaFX Application Thread] DEBUG LoopRunner           - Stopping loop
21:33:41.521 [JavaFX Application Thread] DEBUG SystemBundleService  - Saving FXGL system data
21:33:41.524 [JavaFX Application Thread] DEBUG FileSystemAccess     - Writing to: C:\Users\ADMIN\IdeaProjects\BombermanPlus\system\fxgl.bundle
21:33:41.525 [JavaFX Application Thread] DEBUG Async                - Shutting down background threads
21:33:41.525 [JavaFX Application Thread] DEBUG PrimaryStageWindow   - Closing main window
21:33:41.532 [JavaFX Application Thread] DEBUG Logger               - Closing Logger
