20:59:45.869 [main                     ] DEBUG Logger               - Configured Logger
20:59:45.884 [main                     ] DEBUG GameApplication      - Logging settings
Title: BOMBERMAN
Version: 1.0
Width: 1080
Height: 720
Fullscreen: false
Intro: false
Profiling: false
Single step:false
App Mode: DEVELOPER
Menu Key: ESCAPE
Stage Style: DECORATED
Scene Factory: class com.almasb.fxgl.app.scene.SceneFactory

20:59:46.209 [JavaFX Application Thread] DEBUG FXGLApplication      - Initializing FXGL
20:59:46.212 [JavaFX Application Thread] INFO  Engine               - FXGL-17.1 (24.03.2022 17.34) on WINDOWS (J:19 FX:19-ea)
20:59:46.213 [JavaFX Application Thread] DEBUG Engine               - JRE Vendor Name: Oracle Corporation
20:59:46.213 [JavaFX Application Thread] DEBUG Engine               - Running on OS: Windows 11 version 10.0
20:59:46.213 [JavaFX Application Thread] DEBUG Engine               - Architecture: amd64
20:59:46.213 [JavaFX Application Thread] INFO  Engine               - Source code and latest versions at: https://github.com/AlmasB/FXGL
20:59:46.213 [JavaFX Application Thread] INFO  Engine               -       Ask questions and discuss at: https://github.com/AlmasB/FXGL/discussions
20:59:46.213 [JavaFX Application Thread] INFO  Engine               -              Join the FXGL chat at: https://gitter.im/AlmasB/FXGL
20:59:46.283 [JavaFX Application Thread] DEBUG PrimaryStageWindow   - Creating a JavaFX scene
20:59:46.323 [JavaFX Application Thread] DEBUG PrimaryStageWindow   - Target settings size: 1080.0 x 720.0
20:59:46.323 [JavaFX Application Thread] DEBUG PrimaryStageWindow   - Scaled scene size:    1080.0 x 720.0
20:59:46.324 [JavaFX Application Thread] DEBUG PrimaryStageWindow   - Scaled ratio: (1.0, 1.0)
20:59:46.324 [JavaFX Application Thread] DEBUG PrimaryStageWindow   - Set initial scene to FXGLStartupScene
20:59:46.329 [JavaFX Application Thread] DEBUG PrimaryStageWindow   - Opening main window
20:59:46.398 [JavaFX Application Thread] DEBUG PrimaryStageWindow   - Window border size: (14.4000244140625, 37.5999755859375)
20:59:46.398 [JavaFX Application Thread] DEBUG PrimaryStageWindow   - Scaled size: 1080.0 x 720.0
20:59:46.399 [JavaFX Application Thread] DEBUG PrimaryStageWindow   - Scaled ratio: (1.0, 1.0)
20:59:46.399 [JavaFX Application Thread] DEBUG PrimaryStageWindow   - Scene size: 1080.0 x 720.0
20:59:46.399 [JavaFX Application Thread] DEBUG PrimaryStageWindow   - Stage size: 1094.4000244140625 x 757.5999755859375
20:59:46.407 [FXGL Background Thread 1 ] DEBUG Engine               - Initializing environment variables
20:59:46.462 [FXGL Background Thread 1 ] DEBUG FXGLAssetLoaderServi - User app class for loading assets: class com.bomberman.bombermanplus.BombermanApp
20:59:46.462 [FXGL Background Thread 1 ] DEBUG GameApplicationServi - Applying CSS: fxgl_dark.css
20:59:46.463 [FXGL Background Thread 1 ] DEBUG FXGLAssetLoaderServi - Loading from file system: jar:file:///C:/Users/ADMIN/.m2/repository/com/github/almasb/fxgl/17.1/fxgl-17.1.jar!/fxglassets/ui/css/fxgl_dark.css
20:59:46.497 [FXGL Background Thread 1 ] DEBUG GameApplicationServi - Initializing application scenes
20:59:46.525 [FXGL Background Thread 1 ] DEBUG GameWorld            - Game world initialized
20:59:46.578 [FXGL Background Thread 1 ] DEBUG PhysicsWorld         - Physics world initialized: appHeight=720, physics.ppm=50.0
20:59:46.578 [FXGL Background Thread 1 ] DEBUG PhysicsWorld         - Using strategy: BRUTE_FORCE
20:59:46.582 [FXGL Background Thread 1 ] DEBUG GameScene            - Game scene initialized: 1080x720
20:59:46.582 [FXGL Background Thread 1 ] DEBUG GameApplicationServi - Application scenes initialized
20:59:46.598 [FXGL Background Thread 1 ] DEBUG SystemBundleService  - Loading FXGL system data
20:59:46.609 [FXGL Background Thread 1 ] DEBUG FileSystemAccess     - Reading from: C:\Users\ADMIN\IdeaProjects\BombermanPlus\system\fxgl.bundle
20:59:46.619 [FXGL Background Thread 1 ] DEBUG SystemBundleService  - Bundle FXGL: {}
20:59:46.619 [FXGL Background Thread 1 ] DEBUG UpdaterService       - Checking for updates
20:59:46.623 [FXGL Background Thread 4 ] DEBUG FXGLApplication      - Loading fonts
20:59:46.624 [FXGL Background Thread 1 ] DEBUG FXGLApplication      - Loading default localization
20:59:46.624 [FXGL Background Thread 4 ] DEBUG FXGLAssetLoaderServi - Loading from file system: jar:file:///C:/Users/ADMIN/.m2/repository/com/github/almasb/fxgl/17.1/fxgl-17.1.jar!/fxglassets/ui/fonts/VarelaRound-Regular.ttf
20:59:46.624 [FXGL Background Thread 1 ] DEBUG FXGLAssetLoaderServi - Loading from file system: jar:file:///C:/Users/ADMIN/.m2/repository/com/github/almasb/fxgl/17.1/fxgl-17.1.jar!/fxglassets/languages/english.lang
20:59:46.639 [FXGL Background Thread 1 ] INFO  FXGLApplication      - FXGL initialization took: 0.232 sec
20:59:46.647 [JavaFX Application Thread] DEBUG Input                - Registered new binding: Move Right - D
20:59:46.647 [JavaFX Application Thread] DEBUG Input                - Registered new binding: Move Up - W
20:59:46.647 [JavaFX Application Thread] DEBUG Input                - Registered new binding: Move Down - S
20:59:46.648 [JavaFX Application Thread] DEBUG Input                - Registered new binding: Move Left - A
20:59:46.648 [JavaFX Application Thread] DEBUG FXGLAssetLoaderServi - Loading from file system: jar:file:///C:/Users/ADMIN/.m2/repository/com/github/almasb/fxgl/17.1/fxgl-17.1.jar!/fxglassets/textures/fxgl_icon.png
20:59:46.681 [JavaFX Application Thread] DEBUG FXGLAssetLoaderServi - Loading from file system: jar:file:///C:/Users/ADMIN/.m2/repository/com/github/almasb/fxgl/17.1/fxgl-17.1.jar!/fxglassets/textures/fxgl_default_cursor.png
20:59:46.683 [JavaFX Application Thread] DEBUG Input                - Registered new binding: Screenshot - CTRL+8
20:59:46.684 [JavaFX Application Thread] DEBUG Input                - Registered new binding: System info dump - CTRL+9
20:59:46.684 [JavaFX Application Thread] DEBUG Input                - Registered new binding: Restart - CTRL+R
20:59:46.684 [JavaFX Application Thread] DEBUG Input                - Registered new binding: Toggle Debug Camera - CTRL+7
20:59:46.686 [JavaFX Application Thread] DEBUG LoopRunner           - Starting loop
20:59:46.686 [JavaFX Application Thread] DEBUG LoopRunner           - Initializing JavaFX AnimationTimerLoop
20:59:46.686 [JavaFX Application Thread] DEBUG GameApplicationServi - Starting new game
20:59:46.687 [JavaFX Application Thread] DEBUG Input                - Clearing active input actions
20:59:46.690 [FXGL Background Thread 4 ] DEBUG FXGLAssetLoaderServi - Loading from file system: jar:file:///C:/Users/ADMIN/.m2/repository/com/github/almasb/fxgl/17.1/fxgl-17.1.jar!/fxglassets/ui/fonts/Abel-Regular.ttf
20:59:46.695 [JavaFX Application Thread] DEBUG GameApplicationServi - Removing overlay from FXGLStartupScene and adding to FXGLLoadingScene
20:59:46.696 [JavaFX Application Thread] DEBUG PrimaryStageWindow   - FXGLStartupScene -> FXGLLoadingScene
20:59:46.696 [JavaFX Application Thread] DEBUG GameApplicationServi - Clearing previous game
20:59:46.696 [JavaFX Application Thread] DEBUG GameScene            - Clearing game scene
20:59:46.696 [JavaFX Application Thread] DEBUG GameWorld            - Clearing game world
20:59:46.696 [JavaFX Application Thread] DEBUG PhysicsWorld         - Clearing physics world
20:59:46.697 [FXGL Background Thread 1 ] DEBUG FXGLApplication      - Initializing game
20:59:46.701 [FXGL Background Thread 4 ] DEBUG FXGLAssetLoaderServi - Loading from file system: jar:file:///C:/Users/ADMIN/.m2/repository/com/github/almasb/fxgl/17.1/fxgl-17.1.jar!/fxglassets/ui/fonts/TerminalLandMono-Regular.otf
20:59:46.719 [FXGL Background Thread 4 ] DEBUG FXGLAssetLoaderServi - Loading from file system: jar:file:///C:/Users/ADMIN/.m2/repository/com/github/almasb/fxgl/17.1/fxgl-17.1.jar!/fxglassets/ui/fonts/Courier-Prime.ttf
20:59:46.736 [FXGL Background Thread 1 ] WARN  FXGLAssetLoaderServi - Asset "/assets/levels/level1.tmx" was not found!
20:59:46.781 [JavaFX Application Thread] DEBUG LoopRunner           - Stopping loop
20:59:46.784 [JavaFX Application Thread] FATAL FXGLApplication      - Uncaught Exception:
java.lang.RuntimeException: Initialization failed
	at com.almasb.fxgl.all@17.1/com.almasb.fxgl.app.FXGLApplication$InitAppTask.failed(FXGLApplication.kt:343)
	at javafx.graphics@19-ea/javafx.concurrent.Task.setState(Task.java:710)
	at javafx.graphics@19-ea/javafx.concurrent.Task$TaskCallable.lambda$call$2(Task.java:1456)
	at javafx.graphics@19-ea/com.sun.javafx.application.PlatformImpl.lambda$runLater$10(PlatformImpl.java:457)
	at java.base/java.security.AccessController.doPrivileged(AccessController.java:399)
	at javafx.graphics@19-ea/com.sun.javafx.application.PlatformImpl.lambda$runLater$11(PlatformImpl.java:456)
	at javafx.graphics@19-ea/com.sun.glass.ui.InvokeLaterDispatcher$Future.run(InvokeLaterDispatcher.java:96)
	at javafx.graphics@19-ea/com.sun.glass.ui.win.WinApplication._runLoop(Native Method)
	at javafx.graphics@19-ea/com.sun.glass.ui.win.WinApplication.lambda$runLoop$3(WinApplication.java:184)
	at java.base/java.lang.Thread.run(Thread.java:1589)
Caused by: java.lang.IllegalArgumentException: Loading level failed. Asset not found: level1.tmx
	at com.almasb.fxgl.all@17.1/com.almasb.fxgl.app.services.FXGLAssetLoaderService.loadLevel(FXGLAssetLoaderService.kt:443)
	at com.almasb.fxgl.all@17.1/com.almasb.fxgl.dsl.FXGL$Companion.setLevelFromMap(FXGL.kt:634)
	at com.almasb.fxgl.all@17.1/com.almasb.fxgl.dsl.FXGL.setLevelFromMap(FXGL.kt)
	at com.bomberman.bombermanplus/com.bomberman.bombermanplus.BombermanApp.initGame(BombermanApp.java:67)
	at com.almasb.fxgl.all@17.1/com.almasb.fxgl.app.FXGLApplication$InitAppTask.initGame(FXGLApplication.kt:339)
	at com.almasb.fxgl.all@17.1/com.almasb.fxgl.app.FXGLApplication$InitAppTask.call(FXGLApplication.kt:319)
	at com.almasb.fxgl.all@17.1/com.almasb.fxgl.app.FXGLApplication$InitAppTask.call(FXGLApplication.kt:311)
	at javafx.graphics@19-ea/javafx.concurrent.Task$TaskCallable.call(Task.java:1426)
	at java.base/java.util.concurrent.FutureTask.run(FutureTask.java:317)
	at java.base/java.util.concurrent.Executors$RunnableAdapter.call(Executors.java:577)
	at java.base/java.util.concurrent.FutureTask.run(FutureTask.java:317)
	at java.base/java.util.concurrent.ThreadPoolExecutor.runWorker(ThreadPoolExecutor.java:1144)
	at java.base/java.util.concurrent.ThreadPoolExecutor$Worker.run(ThreadPoolExecutor.java:642)
	... 1 more

20:59:46.785 [JavaFX Application Thread] FATAL FXGLApplication      - Application will now exit
20:59:46.823 [JavaFX Application Thread] DEBUG PrimaryStageWindow   - Push state: ErrorSubScene
20:59:46.823 [JavaFX Application Thread] DEBUG Input                - Clearing active input actions
20:59:46.830 [JavaFX Application Thread] DEBUG GameApplicationServi - Removing overlay from FXGLLoadingScene and adding to ErrorSubScene
20:59:46.831 [JavaFX Application Thread] DEBUG PrimaryStageWindow   - FXGLLoadingScene -> ErrorSubScene
20:59:46.831 [JavaFX Application Thread] DEBUG FXGLApplication      - Registering font factories with UI factory
20:59:48.359 [FXGL Background Thread 2 ] INFO  UpdaterService       - Your current version:  17.1
20:59:48.359 [FXGL Background Thread 2 ] INFO  UpdaterService       - Latest stable version: 17.2
20:59:49.623 [FXGL Background Thread 3 ] DEBUG Engine               - Logging environment variables
20:59:49.623 [FXGL Background Thread 3 ] DEBUG Engine               - achievements: []
20:59:49.623 [FXGL Background Thread 3 ] DEBUG Engine               - actualHeight: 720.0
20:59:49.623 [FXGL Background Thread 3 ] DEBUG Engine               - actualHeightProperty: ReadOnlyDoubleProperty [value: 720.0]
20:59:49.624 [FXGL Background Thread 3 ] DEBUG Engine               - actualWidth: 1080.0
20:59:49.624 [FXGL Background Thread 3 ] DEBUG Engine               - actualWidthProperty: ReadOnlyDoubleProperty [value: 1080.0]
20:59:49.624 [FXGL Background Thread 3 ] DEBUG Engine               - appIcon: fxgl_icon.png
20:59:49.624 [FXGL Background Thread 3 ] DEBUG Engine               - applicationMode: DEVELOPER
20:59:49.624 [FXGL Background Thread 3 ] DEBUG Engine               - cSSList: [fxgl_dark.css]
20:59:49.624 [FXGL Background Thread 3 ] DEBUG Engine               - collisionDetectionStrategy: BRUTE_FORCE
20:59:49.624 [FXGL Background Thread 3 ] DEBUG Engine               - configClass: Optional.empty
20:59:49.624 [FXGL Background Thread 3 ] DEBUG Engine               - credits: []
20:59:49.625 [FXGL Background Thread 3 ] DEBUG Engine               - defaultCursor: CursorInfo(imageName=fxgl_default_cursor.png, hotspotX=7.0, hotspotY=6.0)
20:59:49.625 [FXGL Background Thread 3 ] DEBUG Engine               - devBBoxColorProperty: ObjectProperty [value: 0xff0000ff]
20:59:49.625 [FXGL Background Thread 3 ] DEBUG Engine               - devEnableDebugCameraProperty: BooleanProperty [value: false]
20:59:49.625 [FXGL Background Thread 3 ] DEBUG Engine               - devSensorColorProperty: ObjectProperty [value: 0xffff00ff]
20:59:49.625 [FXGL Background Thread 3 ] DEBUG Engine               - devShowBBoxProperty: BooleanProperty [value: false]
20:59:49.625 [FXGL Background Thread 3 ] DEBUG Engine               - devShowPositionProperty: BooleanProperty [value: false]
20:59:49.625 [FXGL Background Thread 3 ] DEBUG Engine               - enabledMenuItems: []
20:59:49.625 [FXGL Background Thread 3 ] DEBUG Engine               - engineServices: [class com.almasb.fxgl.app.services.FXGLAssetLoaderService, class com.almasb.fxgl.app.FXGLApplication$GameApplicationService, class com.almasb.fxgl.app.services.FXGLDialogService, class com.almasb.fxgl.app.services.IOTaskExecutorService, class com.almasb.fxgl.io.FileSystemService, class com.almasb.fxgl.localization.LocalizationService, class com.almasb.fxgl.app.services.SystemBundleService, class com.almasb.fxgl.profile.SaveLoadService, class com.almasb.fxgl.ui.FXGLUIFactoryServiceProvider, class com.almasb.fxgl.ui.FXGLDialogFactoryServiceProvider, class com.almasb.fxgl.audio.AudioPlayer, class com.almasb.fxgl.notification.impl.NotificationServiceProvider, class com.almasb.fxgl.achievement.AchievementService, class com.almasb.fxgl.cutscene.CutsceneService, class com.almasb.fxgl.minigames.MiniGameService, class com.almasb.fxgl.net.NetService, class com.almasb.fxgl.app.services.UpdaterService, class com.almasb.fxgl.dev.DevService]
20:59:49.625 [FXGL Background Thread 3 ] DEBUG Engine               - fontGame: Abel-Regular.ttf
20:59:49.626 [FXGL Background Thread 3 ] DEBUG Engine               - fontMono: TerminalLandMono-Regular.otf
20:59:49.626 [FXGL Background Thread 3 ] DEBUG Engine               - fontText: Courier-Prime.ttf
20:59:49.626 [FXGL Background Thread 3 ] DEBUG Engine               - fontUI: VarelaRound-Regular.ttf
20:59:49.626 [FXGL Background Thread 3 ] DEBUG Engine               - fullScreen: BooleanProperty [value: false]
20:59:49.626 [FXGL Background Thread 3 ] DEBUG Engine               - gameDifficulty: MEDIUM
20:59:49.626 [FXGL Background Thread 3 ] DEBUG Engine               - gameDifficultyProperty: ObjectProperty [value: MEDIUM]
20:59:49.626 [FXGL Background Thread 3 ] DEBUG Engine               - globalMusicVolume: 0.5
20:59:49.626 [FXGL Background Thread 3 ] DEBUG Engine               - globalMusicVolumeProperty: DoubleProperty [value: 0.5]
20:59:49.626 [FXGL Background Thread 3 ] DEBUG Engine               - globalSoundVolume: 0.5
20:59:49.626 [FXGL Background Thread 3 ] DEBUG Engine               - globalSoundVolumeProperty: DoubleProperty [value: 0.5]
20:59:49.626 [FXGL Background Thread 3 ] DEBUG Engine               - height: 720
20:59:49.626 [FXGL Background Thread 3 ] DEBUG Engine               - is3D: false
20:59:49.626 [FXGL Background Thread 3 ] DEBUG Engine               - isAndroid: false
20:59:49.626 [FXGL Background Thread 3 ] DEBUG Engine               - isBrowser: false
20:59:49.626 [FXGL Background Thread 3 ] DEBUG Engine               - isClickFeedbackEnabled: false
20:59:49.626 [FXGL Background Thread 3 ] DEBUG Engine               - isCloseConfirmation: false
20:59:49.626 [FXGL Background Thread 3 ] DEBUG Engine               - isDesktop: true
20:59:49.626 [FXGL Background Thread 3 ] DEBUG Engine               - isDeveloperMenuEnabled: false
20:59:49.626 [FXGL Background Thread 3 ] DEBUG Engine               - isEmbedded: false
20:59:49.626 [FXGL Background Thread 3 ] DEBUG Engine               - isEntityPreloadEnabled: true
20:59:49.626 [FXGL Background Thread 3 ] DEBUG Engine               - isExperimentalTiledLargeMap: false
20:59:49.626 [FXGL Background Thread 3 ] DEBUG Engine               - isFileSystemWriteAllowed: true
20:59:49.626 [FXGL Background Thread 3 ] DEBUG Engine               - isFullScreenAllowed: false
20:59:49.626 [FXGL Background Thread 3 ] DEBUG Engine               - isFullScreenFromStart: false
20:59:49.626 [FXGL Background Thread 3 ] DEBUG Engine               - isGameMenuEnabled: false
20:59:49.626 [FXGL Background Thread 3 ] DEBUG Engine               - isIOS: false
20:59:49.626 [FXGL Background Thread 3 ] DEBUG Engine               - isIntroEnabled: false
20:59:49.626 [FXGL Background Thread 3 ] DEBUG Engine               - isLinux: false
20:59:49.626 [FXGL Background Thread 3 ] DEBUG Engine               - isMac: false
20:59:49.627 [FXGL Background Thread 3 ] DEBUG Engine               - isMainMenuEnabled: false
20:59:49.627 [FXGL Background Thread 3 ] DEBUG Engine               - isManualResizeEnabled: false
20:59:49.627 [FXGL Background Thread 3 ] DEBUG Engine               - isMobile: false
20:59:49.627 [FXGL Background Thread 3 ] DEBUG Engine               - isNative: false
20:59:49.627 [FXGL Background Thread 3 ] DEBUG Engine               - isPauseMusicWhenMinimized: true
20:59:49.627 [FXGL Background Thread 3 ] DEBUG Engine               - isPreserveResizeRatio: false
20:59:49.627 [FXGL Background Thread 3 ] DEBUG Engine               - isProfilingEnabled: false
20:59:49.627 [FXGL Background Thread 3 ] DEBUG Engine               - isScaleAffectedOnResize: true
20:59:49.627 [FXGL Background Thread 3 ] DEBUG Engine               - isSingleStep: false
20:59:49.627 [FXGL Background Thread 3 ] DEBUG Engine               - isUserProfileEnabled: false
20:59:49.627 [FXGL Background Thread 3 ] DEBUG Engine               - isWindows: true
20:59:49.627 [FXGL Background Thread 3 ] DEBUG Engine               - language: ObjectProperty [value: ENGLISH]
20:59:49.627 [FXGL Background Thread 3 ] DEBUG Engine               - menuKey: ESCAPE
20:59:49.627 [FXGL Background Thread 3 ] DEBUG Engine               - mouseSensitivity: 0.2
20:59:49.627 [FXGL Background Thread 3 ] DEBUG Engine               - notificationViewClass: class com.almasb.fxgl.notification.view.XboxNotificationView
20:59:49.627 [FXGL Background Thread 3 ] DEBUG Engine               - pixelsPerMeter: 50.0
20:59:49.627 [FXGL Background Thread 3 ] DEBUG Engine               - platform: WINDOWS
20:59:49.627 [FXGL Background Thread 3 ] DEBUG Engine               - prefHeightProperty: ReadOnlyDoubleProperty [value: 720.0]
20:59:49.627 [FXGL Background Thread 3 ] DEBUG Engine               - prefWidthProperty: ReadOnlyDoubleProperty [value: 1080.0]
20:59:49.627 [FXGL Background Thread 3 ] DEBUG Engine               - profileDir: profiles/
20:59:49.627 [FXGL Background Thread 3 ] DEBUG Engine               - profileName: StringProperty [value: DEFAULT]
20:59:49.627 [FXGL Background Thread 3 ] DEBUG Engine               - randomSeed: -1
20:59:49.628 [FXGL Background Thread 3 ] DEBUG Engine               - runtimeInfo: RuntimeInfo(platform=WINDOWS, version=17.1, build=24.03.2022 17.34)
20:59:49.628 [FXGL Background Thread 3 ] DEBUG Engine               - saveFileExt: sav
20:59:49.628 [FXGL Background Thread 3 ] DEBUG Engine               - scaledHeightProp$fxgl: DoubleProperty [bound, value: 720.0]
20:59:49.628 [FXGL Background Thread 3 ] DEBUG Engine               - scaledWidthProp$fxgl: DoubleProperty [bound, value: 1080.0]
20:59:49.628 [FXGL Background Thread 3 ] DEBUG Engine               - sceneFactory: com.almasb.fxgl.app.scene.SceneFactory@5ef2e466
20:59:49.628 [FXGL Background Thread 3 ] DEBUG Engine               - secondsIn24h: 60
20:59:49.628 [FXGL Background Thread 3 ] DEBUG Engine               - soundMenuBack: menu/back.wav
20:59:49.628 [FXGL Background Thread 3 ] DEBUG Engine               - soundMenuPress: menu/press.wav
20:59:49.628 [FXGL Background Thread 3 ] DEBUG Engine               - soundMenuSelect: menu/select.wav
20:59:49.628 [FXGL Background Thread 3 ] DEBUG Engine               - soundNotification: core/notification.wav
20:59:49.628 [FXGL Background Thread 3 ] DEBUG Engine               - stageStyle: DECORATED
20:59:49.628 [FXGL Background Thread 3 ] DEBUG Engine               - supportedLanguages: [ENGLISH, FRENCH, GERMAN, HUNGARIAN, RUSSIAN]
20:59:49.628 [FXGL Background Thread 3 ] DEBUG Engine               - ticksPerSecond: -1
20:59:49.628 [FXGL Background Thread 3 ] DEBUG Engine               - title: BOMBERMAN
20:59:49.628 [FXGL Background Thread 3 ] DEBUG Engine               - urlGithub: https://github.com/AlmasB/FXGL
20:59:49.628 [FXGL Background Thread 3 ] DEBUG Engine               - urlLeaderboard: http://fxgl-top.herokuapp.com/
20:59:49.628 [FXGL Background Thread 3 ] DEBUG Engine               - urlPOM: https://raw.githubusercontent.com/AlmasB/FXGL/release/README.md
20:59:49.629 [FXGL Background Thread 3 ] DEBUG Engine               - userAppClass: class com.bomberman.bombermanplus.BombermanApp
20:59:49.629 [FXGL Background Thread 3 ] DEBUG Engine               - version: 1.0
20:59:49.629 [FXGL Background Thread 3 ] DEBUG Engine               - versionCheckDays: 7
20:59:49.629 [FXGL Background Thread 3 ] DEBUG Engine               - width: 1080
20:59:49.629 [FXGL Background Thread 3 ] DEBUG Engine               - Logging services
20:59:49.629 [FXGL Background Thread 3 ] DEBUG Engine               - class com.almasb.fxgl.app.services.FXGLAssetLoaderService
20:59:49.629 [FXGL Background Thread 3 ] DEBUG Engine               - class com.almasb.fxgl.app.FXGLApplication$GameApplicationService
20:59:49.629 [FXGL Background Thread 3 ] DEBUG Engine               - class com.almasb.fxgl.app.services.FXGLDialogService
20:59:49.629 [FXGL Background Thread 3 ] DEBUG Engine               - class com.almasb.fxgl.app.services.IOTaskExecutorService
20:59:49.629 [FXGL Background Thread 3 ] DEBUG Engine               - class com.almasb.fxgl.io.FileSystemService
20:59:49.629 [FXGL Background Thread 3 ] DEBUG Engine               - class com.almasb.fxgl.localization.LocalizationService
20:59:49.629 [FXGL Background Thread 3 ] DEBUG Engine               - class com.almasb.fxgl.app.services.SystemBundleService
20:59:49.629 [FXGL Background Thread 3 ] DEBUG Engine               - class com.almasb.fxgl.profile.SaveLoadService
20:59:49.629 [FXGL Background Thread 3 ] DEBUG Engine               - class com.almasb.fxgl.ui.FXGLUIFactoryServiceProvider
20:59:49.629 [FXGL Background Thread 3 ] DEBUG Engine               - class com.almasb.fxgl.ui.FXGLDialogFactoryServiceProvider
20:59:49.629 [FXGL Background Thread 3 ] DEBUG Engine               - class com.almasb.fxgl.audio.AudioPlayer
20:59:49.629 [FXGL Background Thread 3 ] DEBUG Engine               - class com.almasb.fxgl.notification.impl.NotificationServiceProvider
20:59:49.629 [FXGL Background Thread 3 ] DEBUG Engine               - class com.almasb.fxgl.achievement.AchievementService
20:59:49.629 [FXGL Background Thread 3 ] DEBUG Engine               - class com.almasb.fxgl.cutscene.CutsceneService
20:59:49.629 [FXGL Background Thread 3 ] DEBUG Engine               - class com.almasb.fxgl.minigames.MiniGameService
20:59:49.629 [FXGL Background Thread 3 ] DEBUG Engine               - class com.almasb.fxgl.net.NetService
20:59:49.629 [FXGL Background Thread 3 ] DEBUG Engine               - class com.almasb.fxgl.app.services.UpdaterService
20:59:49.629 [FXGL Background Thread 3 ] DEBUG Engine               - class com.almasb.fxgl.dev.DevService
20:59:58.045 [JavaFX Application Thread] DEBUG FXGLApplication      - Exiting FXGL
20:59:58.046 [JavaFX Application Thread] DEBUG Async                - Shutting down background threads
20:59:58.046 [JavaFX Application Thread] DEBUG PrimaryStageWindow   - Closing main window
20:59:58.062 [JavaFX Application Thread] DEBUG Logger               - Closing Logger
