23:00:38.766 [main                     ] DEBUG Logger               - Configured Logger
23:00:38.781 [main                     ] DEBUG GameApplication      - Logging settings
Title: BOMBERMAN
Version: 1.0
Width: 1080
Height: 720
Fullscreen: false
Intro: false
Profiling: false
Single step:false
App Mode: DEVELOPER
Menu Key: ESCAPE
Stage Style: DECORATED
Scene Factory: class com.almasb.fxgl.app.scene.SceneFactory

23:00:39.215 [JavaFX Application Thread] DEBUG FXGLApplication      - Initializing FXGL
23:00:39.218 [JavaFX Application Thread] INFO  Engine               - FXGL-17.1 (24.03.2022 17.34) on WINDOWS (J:19 FX:19-ea)
23:00:39.218 [JavaFX Application Thread] DEBUG Engine               - JRE Vendor Name: Oracle Corporation
23:00:39.219 [JavaFX Application Thread] DEBUG Engine               - Running on OS: Windows 11 version 10.0
23:00:39.219 [JavaFX Application Thread] DEBUG Engine               - Architecture: amd64
23:00:39.219 [JavaFX Application Thread] INFO  Engine               - Source code and latest versions at: https://github.com/AlmasB/FXGL
23:00:39.219 [JavaFX Application Thread] INFO  Engine               -       Ask questions and discuss at: https://github.com/AlmasB/FXGL/discussions
23:00:39.219 [JavaFX Application Thread] INFO  Engine               -              Join the FXGL chat at: https://gitter.im/AlmasB/FXGL
23:00:39.302 [JavaFX Application Thread] DEBUG PrimaryStageWindow   - Creating a JavaFX scene
23:00:39.344 [JavaFX Application Thread] DEBUG PrimaryStageWindow   - Target settings size: 1080.0 x 720.0
23:00:39.344 [JavaFX Application Thread] DEBUG PrimaryStageWindow   - Scaled scene size:    1080.0 x 720.0
23:00:39.345 [JavaFX Application Thread] DEBUG PrimaryStageWindow   - Scaled ratio: (1.0, 1.0)
23:00:39.345 [JavaFX Application Thread] DEBUG PrimaryStageWindow   - Set initial scene to FXGLStartupScene
23:00:39.350 [JavaFX Application Thread] DEBUG PrimaryStageWindow   - Opening main window
23:00:39.424 [JavaFX Application Thread] DEBUG PrimaryStageWindow   - Window border size: (14.4000244140625, 37.5999755859375)
23:00:39.425 [JavaFX Application Thread] DEBUG PrimaryStageWindow   - Scaled size: 1080.0 x 720.0
23:00:39.425 [JavaFX Application Thread] DEBUG PrimaryStageWindow   - Scaled ratio: (1.0, 1.0)
23:00:39.426 [JavaFX Application Thread] DEBUG PrimaryStageWindow   - Scene size: 1080.0 x 720.0
23:00:39.426 [JavaFX Application Thread] DEBUG PrimaryStageWindow   - Stage size: 1094.4000244140625 x 757.5999755859375
23:00:39.442 [FXGL Background Thread 1 ] DEBUG Engine               - Initializing environment variables
23:00:39.520 [FXGL Background Thread 1 ] DEBUG FXGLAssetLoaderServi - User app class for loading assets: class com.bomberman.bombermanplus.BombermanApp
23:00:39.520 [FXGL Background Thread 1 ] DEBUG GameApplicationServi - Applying CSS: fxgl_dark.css
23:00:39.521 [FXGL Background Thread 1 ] DEBUG FXGLAssetLoaderServi - Loading from file system: jar:file:///C:/Users/ADMIN/.m2/repository/com/github/almasb/fxgl/17.1/fxgl-17.1.jar!/fxglassets/ui/css/fxgl_dark.css
23:00:39.553 [FXGL Background Thread 1 ] DEBUG GameApplicationServi - Initializing application scenes
23:00:39.584 [FXGL Background Thread 1 ] DEBUG GameWorld            - Game world initialized
23:00:39.628 [FXGL Background Thread 1 ] DEBUG PhysicsWorld         - Physics world initialized: appHeight=720, physics.ppm=50.0
23:00:39.628 [FXGL Background Thread 1 ] DEBUG PhysicsWorld         - Using strategy: BRUTE_FORCE
23:00:39.631 [FXGL Background Thread 1 ] DEBUG GameScene            - Game scene initialized: 1080x720
23:00:39.631 [FXGL Background Thread 1 ] DEBUG GameApplicationServi - Application scenes initialized
23:00:39.646 [FXGL Background Thread 1 ] DEBUG SystemBundleService  - Loading FXGL system data
23:00:39.652 [FXGL Background Thread 1 ] DEBUG FileSystemAccess     - Reading from: C:\Users\ADMIN\IdeaProjects\BombermanPlus\system\fxgl.bundle
23:00:39.663 [FXGL Background Thread 1 ] DEBUG SystemBundleService  - Bundle FXGL: {}
23:00:39.663 [FXGL Background Thread 1 ] DEBUG UpdaterService       - Checking for updates
23:00:39.667 [FXGL Background Thread 4 ] DEBUG FXGLApplication      - Loading fonts
23:00:39.667 [FXGL Background Thread 1 ] DEBUG FXGLApplication      - Loading default localization
23:00:39.667 [FXGL Background Thread 4 ] DEBUG FXGLAssetLoaderServi - Loading from file system: jar:file:///C:/Users/ADMIN/.m2/repository/com/github/almasb/fxgl/17.1/fxgl-17.1.jar!/fxglassets/ui/fonts/VarelaRound-Regular.ttf
23:00:39.667 [FXGL Background Thread 1 ] DEBUG FXGLAssetLoaderServi - Loading from file system: jar:file:///C:/Users/ADMIN/.m2/repository/com/github/almasb/fxgl/17.1/fxgl-17.1.jar!/fxglassets/languages/english.lang
23:00:39.683 [FXGL Background Thread 1 ] INFO  FXGLApplication      - FXGL initialization took: 0.241 sec
23:00:39.690 [JavaFX Application Thread] DEBUG Input                - Registered new binding: Move Right - D
23:00:39.691 [JavaFX Application Thread] DEBUG Input                - Registered new binding: Move Up - W
23:00:39.691 [JavaFX Application Thread] DEBUG Input                - Registered new binding: Move Down - S
23:00:39.691 [JavaFX Application Thread] DEBUG Input                - Registered new binding: Move Left - A
23:00:39.691 [JavaFX Application Thread] DEBUG FXGLAssetLoaderServi - Loading from file system: jar:file:///C:/Users/ADMIN/.m2/repository/com/github/almasb/fxgl/17.1/fxgl-17.1.jar!/fxglassets/textures/fxgl_icon.png
23:00:39.736 [JavaFX Application Thread] DEBUG FXGLAssetLoaderServi - Loading from file system: jar:file:///C:/Users/ADMIN/.m2/repository/com/github/almasb/fxgl/17.1/fxgl-17.1.jar!/fxglassets/textures/fxgl_default_cursor.png
23:00:39.739 [JavaFX Application Thread] DEBUG Input                - Registered new binding: Screenshot - CTRL+8
23:00:39.739 [JavaFX Application Thread] DEBUG Input                - Registered new binding: System info dump - CTRL+9
23:00:39.740 [JavaFX Application Thread] DEBUG Input                - Registered new binding: Restart - CTRL+R
23:00:39.740 [JavaFX Application Thread] DEBUG Input                - Registered new binding: Toggle Debug Camera - CTRL+7
23:00:39.743 [JavaFX Application Thread] DEBUG LoopRunner           - Starting loop
23:00:39.743 [JavaFX Application Thread] DEBUG LoopRunner           - Initializing JavaFX AnimationTimerLoop
23:00:39.745 [JavaFX Application Thread] DEBUG GameApplicationServi - Starting new game
23:00:39.746 [JavaFX Application Thread] DEBUG Input                - Clearing active input actions
23:00:39.757 [JavaFX Application Thread] DEBUG GameApplicationServi - Removing overlay from FXGLStartupScene and adding to FXGLLoadingScene
23:00:39.757 [JavaFX Application Thread] DEBUG PrimaryStageWindow   - FXGLStartupScene -> FXGLLoadingScene
23:00:39.757 [JavaFX Application Thread] DEBUG GameApplicationServi - Clearing previous game
23:00:39.757 [JavaFX Application Thread] DEBUG GameScene            - Clearing game scene
23:00:39.757 [JavaFX Application Thread] DEBUG GameWorld            - Clearing game world
23:00:39.757 [JavaFX Application Thread] DEBUG PhysicsWorld         - Clearing physics world
23:00:39.758 [FXGL Background Thread 4 ] DEBUG FXGLAssetLoaderServi - Loading from file system: jar:file:///C:/Users/ADMIN/.m2/repository/com/github/almasb/fxgl/17.1/fxgl-17.1.jar!/fxglassets/ui/fonts/Abel-Regular.ttf
23:00:39.759 [FXGL Background Thread 1 ] DEBUG FXGLApplication      - Initializing game
23:00:39.779 [FXGL Background Thread 4 ] DEBUG FXGLAssetLoaderServi - Loading from file system: jar:file:///C:/Users/ADMIN/.m2/repository/com/github/almasb/fxgl/17.1/fxgl-17.1.jar!/fxglassets/ui/fonts/TerminalLandMono-Regular.otf
23:00:39.800 [FXGL Background Thread 4 ] DEBUG FXGLAssetLoaderServi - Loading from file system: jar:file:///C:/Users/ADMIN/.m2/repository/com/github/almasb/fxgl/17.1/fxgl-17.1.jar!/fxglassets/ui/fonts/Courier-Prime.ttf
23:00:39.804 [FXGL Background Thread 1 ] DEBUG FXGLAssetLoaderServi - Loading from file system: file:/C:/Users/ADMIN/IdeaProjects/BombermanPlus/target/classes/assets/textures/brick.png
23:00:39.884 [JavaFX Application Thread] DEBUG FXGLApplication      - Registering font factories with UI factory
23:00:39.885 [JavaFX Application Thread] DEBUG LoopRunner           - Stopping loop
23:00:39.898 [JavaFX Application Thread] FATAL FXGLApplication      - Uncaught Exception:
java.lang.RuntimeException: Initialization failed
	at com.almasb.fxgl.all@17.1/com.almasb.fxgl.app.FXGLApplication$InitAppTask.failed(FXGLApplication.kt:343)
	at javafx.graphics@19-ea/javafx.concurrent.Task.setState(Task.java:710)
	at javafx.graphics@19-ea/javafx.concurrent.Task$TaskCallable.lambda$call$2(Task.java:1456)
	at javafx.graphics@19-ea/com.sun.javafx.application.PlatformImpl.lambda$runLater$10(PlatformImpl.java:457)
	at java.base/java.security.AccessController.doPrivileged(AccessController.java:399)
	at javafx.graphics@19-ea/com.sun.javafx.application.PlatformImpl.lambda$runLater$11(PlatformImpl.java:456)
	at javafx.graphics@19-ea/com.sun.glass.ui.InvokeLaterDispatcher$Future.run(InvokeLaterDispatcher.java:96)
	at javafx.graphics@19-ea/com.sun.glass.ui.win.WinApplication._runLoop(Native Method)
	at javafx.graphics@19-ea/com.sun.glass.ui.win.WinApplication.lambda$runLoop$3(WinApplication.java:184)
	at java.base/java.lang.Thread.run(Thread.java:1589)
Caused by: java.lang.IllegalArgumentException: Key width has no associated value!
	at com.almasb.fxgl.entity@17.1/com.almasb.fxgl.entity.SpawnData.get(SpawnData.kt:35)
	at BombermanPlus/com.bomberman.bombermanplus.BombermanFactory.spawnWall(BombermanFactory.java:55)
	at java.base/jdk.internal.reflect.DirectMethodHandleAccessor.invoke(DirectMethodHandleAccessor.java:104)
	at java.base/java.lang.reflect.Method.invoke(Method.java:578)
	at com.almasb.fxgl.core@17.1/com.almasb.fxgl.core.reflect.ReflectionUtils.call(ReflectionUtils.java:104)
	at com.almasb.fxgl.core@17.1/com.almasb.fxgl.core.reflect.ReflectionUtils.lambda$mapToFunction$3(ReflectionUtils.java:111)
	at com.almasb.fxgl.entity@17.1/com.almasb.fxgl.entity.GameWorld$create$2.invoke(GameWorld.kt:430)
	at com.almasb.fxgl.entity@17.1/com.almasb.fxgl.entity.GameWorld$create$2.invoke(GameWorld.kt:430)
	at com.almasb.fxgl.core@17.1/com.almasb.fxgl.core.util.DSLKt.tryCatchRoot(DSL.kt:34)
	at com.almasb.fxgl.entity@17.1/com.almasb.fxgl.entity.GameWorld.create(GameWorld.kt:430)
	at com.almasb.fxgl.entity@17.1/com.almasb.fxgl.entity.level.text.TextLevelLoader.load(TextLevelLoader.kt:41)
	at com.almasb.fxgl.all@17.1/com.almasb.fxgl.app.services.FXGLAssetLoaderService.loadLevel(FXGLAssetLoaderService.kt:446)
	at BombermanPlus/com.bomberman.bombermanplus.BombermanApp.initGame(BombermanApp.java:81)
	at com.almasb.fxgl.all@17.1/com.almasb.fxgl.app.FXGLApplication$InitAppTask.initGame(FXGLApplication.kt:339)
	at com.almasb.fxgl.all@17.1/com.almasb.fxgl.app.FXGLApplication$InitAppTask.call(FXGLApplication.kt:319)
	at com.almasb.fxgl.all@17.1/com.almasb.fxgl.app.FXGLApplication$InitAppTask.call(FXGLApplication.kt:311)
	at javafx.graphics@19-ea/javafx.concurrent.Task$TaskCallable.call(Task.java:1426)
	at java.base/java.util.concurrent.FutureTask.run(FutureTask.java:317)
	at java.base/java.util.concurrent.Executors$RunnableAdapter.call(Executors.java:577)
	at java.base/java.util.concurrent.FutureTask.run(FutureTask.java:317)
	at java.base/java.util.concurrent.ThreadPoolExecutor.runWorker(ThreadPoolExecutor.java:1144)
	at java.base/java.util.concurrent.ThreadPoolExecutor$Worker.run(ThreadPoolExecutor.java:642)
	... 1 more

23:00:39.898 [JavaFX Application Thread] FATAL FXGLApplication      - Application will now exit
23:00:39.929 [JavaFX Application Thread] DEBUG PrimaryStageWindow   - Push state: ErrorSubScene
23:00:39.929 [JavaFX Application Thread] DEBUG Input                - Clearing active input actions
23:00:39.936 [JavaFX Application Thread] DEBUG GameApplicationServi - Removing overlay from FXGLLoadingScene and adding to ErrorSubScene
23:00:39.937 [JavaFX Application Thread] DEBUG PrimaryStageWindow   - FXGLLoadingScene -> ErrorSubScene
23:00:40.669 [FXGL Background Thread 2 ] INFO  UpdaterService       - Your current version:  17.1
23:00:40.669 [FXGL Background Thread 2 ] INFO  UpdaterService       - Latest stable version: 17.2
23:00:42.666 [FXGL Background Thread 3 ] DEBUG Engine               - Logging environment variables
23:00:42.666 [FXGL Background Thread 3 ] DEBUG Engine               - achievements: []
23:00:42.666 [FXGL Background Thread 3 ] DEBUG Engine               - actualHeight: 720.0
23:00:42.666 [FXGL Background Thread 3 ] DEBUG Engine               - actualHeightProperty: ReadOnlyDoubleProperty [value: 720.0]
23:00:42.666 [FXGL Background Thread 3 ] DEBUG Engine               - actualWidth: 1080.0
23:00:42.666 [FXGL Background Thread 3 ] DEBUG Engine               - actualWidthProperty: ReadOnlyDoubleProperty [value: 1080.0]
23:00:42.667 [FXGL Background Thread 3 ] DEBUG Engine               - appIcon: fxgl_icon.png
23:00:42.667 [FXGL Background Thread 3 ] DEBUG Engine               - applicationMode: DEVELOPER
23:00:42.667 [FXGL Background Thread 3 ] DEBUG Engine               - cSSList: [fxgl_dark.css]
23:00:42.667 [FXGL Background Thread 3 ] DEBUG Engine               - collisionDetectionStrategy: BRUTE_FORCE
23:00:42.667 [FXGL Background Thread 3 ] DEBUG Engine               - configClass: Optional.empty
23:00:42.667 [FXGL Background Thread 3 ] DEBUG Engine               - credits: []
23:00:42.667 [FXGL Background Thread 3 ] DEBUG Engine               - defaultCursor: CursorInfo(imageName=fxgl_default_cursor.png, hotspotX=7.0, hotspotY=6.0)
23:00:42.667 [FXGL Background Thread 3 ] DEBUG Engine               - devBBoxColorProperty: ObjectProperty [value: 0xff0000ff]
23:00:42.667 [FXGL Background Thread 3 ] DEBUG Engine               - devEnableDebugCameraProperty: BooleanProperty [value: false]
23:00:42.667 [FXGL Background Thread 3 ] DEBUG Engine               - devSensorColorProperty: ObjectProperty [value: 0xffff00ff]
23:00:42.667 [FXGL Background Thread 3 ] DEBUG Engine               - devShowBBoxProperty: BooleanProperty [value: false]
23:00:42.667 [FXGL Background Thread 3 ] DEBUG Engine               - devShowPositionProperty: BooleanProperty [value: false]
23:00:42.667 [FXGL Background Thread 3 ] DEBUG Engine               - enabledMenuItems: []
23:00:42.668 [FXGL Background Thread 3 ] DEBUG Engine               - engineServices: [class com.almasb.fxgl.app.services.FXGLAssetLoaderService, class com.almasb.fxgl.app.FXGLApplication$GameApplicationService, class com.almasb.fxgl.app.services.FXGLDialogService, class com.almasb.fxgl.app.services.IOTaskExecutorService, class com.almasb.fxgl.io.FileSystemService, class com.almasb.fxgl.localization.LocalizationService, class com.almasb.fxgl.app.services.SystemBundleService, class com.almasb.fxgl.profile.SaveLoadService, class com.almasb.fxgl.ui.FXGLUIFactoryServiceProvider, class com.almasb.fxgl.ui.FXGLDialogFactoryServiceProvider, class com.almasb.fxgl.audio.AudioPlayer, class com.almasb.fxgl.notification.impl.NotificationServiceProvider, class com.almasb.fxgl.achievement.AchievementService, class com.almasb.fxgl.cutscene.CutsceneService, class com.almasb.fxgl.minigames.MiniGameService, class com.almasb.fxgl.net.NetService, class com.almasb.fxgl.app.services.UpdaterService, class com.almasb.fxgl.dev.DevService]
23:00:42.668 [FXGL Background Thread 3 ] DEBUG Engine               - fontGame: Abel-Regular.ttf
23:00:42.668 [FXGL Background Thread 3 ] DEBUG Engine               - fontMono: TerminalLandMono-Regular.otf
23:00:42.668 [FXGL Background Thread 3 ] DEBUG Engine               - fontText: Courier-Prime.ttf
23:00:42.668 [FXGL Background Thread 3 ] DEBUG Engine               - fontUI: VarelaRound-Regular.ttf
23:00:42.668 [FXGL Background Thread 3 ] DEBUG Engine               - fullScreen: BooleanProperty [value: false]
23:00:42.668 [FXGL Background Thread 3 ] DEBUG Engine               - gameDifficulty: MEDIUM
23:00:42.668 [FXGL Background Thread 3 ] DEBUG Engine               - gameDifficultyProperty: ObjectProperty [value: MEDIUM]
23:00:42.668 [FXGL Background Thread 3 ] DEBUG Engine               - globalMusicVolume: 0.5
23:00:42.669 [FXGL Background Thread 3 ] DEBUG Engine               - globalMusicVolumeProperty: DoubleProperty [value: 0.5]
23:00:42.669 [FXGL Background Thread 3 ] DEBUG Engine               - globalSoundVolume: 0.5
23:00:42.669 [FXGL Background Thread 3 ] DEBUG Engine               - globalSoundVolumeProperty: DoubleProperty [value: 0.5]
23:00:42.669 [FXGL Background Thread 3 ] DEBUG Engine               - height: 720
23:00:42.669 [FXGL Background Thread 3 ] DEBUG Engine               - is3D: false
23:00:42.669 [FXGL Background Thread 3 ] DEBUG Engine               - isAndroid: false
23:00:42.669 [FXGL Background Thread 3 ] DEBUG Engine               - isBrowser: false
23:00:42.669 [FXGL Background Thread 3 ] DEBUG Engine               - isClickFeedbackEnabled: false
23:00:42.669 [FXGL Background Thread 3 ] DEBUG Engine               - isCloseConfirmation: false
23:00:42.669 [FXGL Background Thread 3 ] DEBUG Engine               - isDesktop: true
23:00:42.669 [FXGL Background Thread 3 ] DEBUG Engine               - isDeveloperMenuEnabled: false
23:00:42.669 [FXGL Background Thread 3 ] DEBUG Engine               - isEmbedded: false
23:00:42.669 [FXGL Background Thread 3 ] DEBUG Engine               - isEntityPreloadEnabled: true
23:00:42.669 [FXGL Background Thread 3 ] DEBUG Engine               - isExperimentalTiledLargeMap: false
23:00:42.669 [FXGL Background Thread 3 ] DEBUG Engine               - isFileSystemWriteAllowed: true
23:00:42.669 [FXGL Background Thread 3 ] DEBUG Engine               - isFullScreenAllowed: false
23:00:42.669 [FXGL Background Thread 3 ] DEBUG Engine               - isFullScreenFromStart: false
23:00:42.669 [FXGL Background Thread 3 ] DEBUG Engine               - isGameMenuEnabled: false
23:00:42.669 [FXGL Background Thread 3 ] DEBUG Engine               - isIOS: false
23:00:42.669 [FXGL Background Thread 3 ] DEBUG Engine               - isIntroEnabled: false
23:00:42.669 [FXGL Background Thread 3 ] DEBUG Engine               - isLinux: false
23:00:42.669 [FXGL Background Thread 3 ] DEBUG Engine               - isMac: false
23:00:42.669 [FXGL Background Thread 3 ] DEBUG Engine               - isMainMenuEnabled: false
23:00:42.669 [FXGL Background Thread 3 ] DEBUG Engine               - isManualResizeEnabled: false
23:00:42.669 [FXGL Background Thread 3 ] DEBUG Engine               - isMobile: false
23:00:42.669 [FXGL Background Thread 3 ] DEBUG Engine               - isNative: false
23:00:42.670 [FXGL Background Thread 3 ] DEBUG Engine               - isPauseMusicWhenMinimized: true
23:00:42.670 [FXGL Background Thread 3 ] DEBUG Engine               - isPreserveResizeRatio: false
23:00:42.670 [FXGL Background Thread 3 ] DEBUG Engine               - isProfilingEnabled: false
23:00:42.670 [FXGL Background Thread 3 ] DEBUG Engine               - isScaleAffectedOnResize: true
23:00:42.670 [FXGL Background Thread 3 ] DEBUG Engine               - isSingleStep: false
23:00:42.670 [FXGL Background Thread 3 ] DEBUG Engine               - isUserProfileEnabled: false
23:00:42.670 [FXGL Background Thread 3 ] DEBUG Engine               - isWindows: true
23:00:42.670 [FXGL Background Thread 3 ] DEBUG Engine               - language: ObjectProperty [value: ENGLISH]
23:00:42.670 [FXGL Background Thread 3 ] DEBUG Engine               - menuKey: ESCAPE
23:00:42.670 [FXGL Background Thread 3 ] DEBUG Engine               - mouseSensitivity: 0.2
23:00:42.670 [FXGL Background Thread 3 ] DEBUG Engine               - notificationViewClass: class com.almasb.fxgl.notification.view.XboxNotificationView
23:00:42.670 [FXGL Background Thread 3 ] DEBUG Engine               - pixelsPerMeter: 50.0
23:00:42.670 [FXGL Background Thread 3 ] DEBUG Engine               - platform: WINDOWS
23:00:42.670 [FXGL Background Thread 3 ] DEBUG Engine               - prefHeightProperty: ReadOnlyDoubleProperty [value: 720.0]
23:00:42.670 [FXGL Background Thread 3 ] DEBUG Engine               - prefWidthProperty: ReadOnlyDoubleProperty [value: 1080.0]
23:00:42.670 [FXGL Background Thread 3 ] DEBUG Engine               - profileDir: profiles/
23:00:42.670 [FXGL Background Thread 3 ] DEBUG Engine               - profileName: StringProperty [value: DEFAULT]
23:00:42.670 [FXGL Background Thread 3 ] DEBUG Engine               - randomSeed: -1
23:00:42.671 [FXGL Background Thread 3 ] DEBUG Engine               - runtimeInfo: RuntimeInfo(platform=WINDOWS, version=17.1, build=24.03.2022 17.34)
23:00:42.671 [FXGL Background Thread 3 ] DEBUG Engine               - saveFileExt: sav
23:00:42.671 [FXGL Background Thread 3 ] DEBUG Engine               - scaledHeightProp$fxgl: DoubleProperty [bound, value: 720.0]
23:00:42.671 [FXGL Background Thread 3 ] DEBUG Engine               - scaledWidthProp$fxgl: DoubleProperty [bound, value: 1080.0]
23:00:42.671 [FXGL Background Thread 3 ] DEBUG Engine               - sceneFactory: com.almasb.fxgl.app.scene.SceneFactory@529ed70a
23:00:42.671 [FXGL Background Thread 3 ] DEBUG Engine               - secondsIn24h: 60
23:00:42.671 [FXGL Background Thread 3 ] DEBUG Engine               - soundMenuBack: menu/back.wav
23:00:42.671 [FXGL Background Thread 3 ] DEBUG Engine               - soundMenuPress: menu/press.wav
23:00:42.671 [FXGL Background Thread 3 ] DEBUG Engine               - soundMenuSelect: menu/select.wav
23:00:42.671 [FXGL Background Thread 3 ] DEBUG Engine               - soundNotification: core/notification.wav
23:00:42.671 [FXGL Background Thread 3 ] DEBUG Engine               - stageStyle: DECORATED
23:00:42.671 [FXGL Background Thread 3 ] DEBUG Engine               - supportedLanguages: [ENGLISH, FRENCH, GERMAN, HUNGARIAN, RUSSIAN]
23:00:42.671 [FXGL Background Thread 3 ] DEBUG Engine               - ticksPerSecond: -1
23:00:42.672 [FXGL Background Thread 3 ] DEBUG Engine               - title: BOMBERMAN
23:00:42.672 [FXGL Background Thread 3 ] DEBUG Engine               - urlGithub: https://github.com/AlmasB/FXGL
23:00:42.672 [FXGL Background Thread 3 ] DEBUG Engine               - urlLeaderboard: http://fxgl-top.herokuapp.com/
23:00:42.672 [FXGL Background Thread 3 ] DEBUG Engine               - urlPOM: https://raw.githubusercontent.com/AlmasB/FXGL/release/README.md
23:00:42.672 [FXGL Background Thread 3 ] DEBUG Engine               - userAppClass: class com.bomberman.bombermanplus.BombermanApp
23:00:42.672 [FXGL Background Thread 3 ] DEBUG Engine               - version: 1.0
23:00:42.672 [FXGL Background Thread 3 ] DEBUG Engine               - versionCheckDays: 7
23:00:42.672 [FXGL Background Thread 3 ] DEBUG Engine               - width: 1080
23:00:42.672 [FXGL Background Thread 3 ] DEBUG Engine               - Logging services
23:00:42.672 [FXGL Background Thread 3 ] DEBUG Engine               - class com.almasb.fxgl.app.services.FXGLAssetLoaderService
23:00:42.672 [FXGL Background Thread 3 ] DEBUG Engine               - class com.almasb.fxgl.app.FXGLApplication$GameApplicationService
23:00:42.672 [FXGL Background Thread 3 ] DEBUG Engine               - class com.almasb.fxgl.app.services.FXGLDialogService
23:00:42.672 [FXGL Background Thread 3 ] DEBUG Engine               - class com.almasb.fxgl.app.services.IOTaskExecutorService
23:00:42.672 [FXGL Background Thread 3 ] DEBUG Engine               - class com.almasb.fxgl.io.FileSystemService
23:00:42.672 [FXGL Background Thread 3 ] DEBUG Engine               - class com.almasb.fxgl.localization.LocalizationService
23:00:42.672 [FXGL Background Thread 3 ] DEBUG Engine               - class com.almasb.fxgl.app.services.SystemBundleService
23:00:42.672 [FXGL Background Thread 3 ] DEBUG Engine               - class com.almasb.fxgl.profile.SaveLoadService
23:00:42.672 [FXGL Background Thread 3 ] DEBUG Engine               - class com.almasb.fxgl.ui.FXGLUIFactoryServiceProvider
23:00:42.672 [FXGL Background Thread 3 ] DEBUG Engine               - class com.almasb.fxgl.ui.FXGLDialogFactoryServiceProvider
23:00:42.672 [FXGL Background Thread 3 ] DEBUG Engine               - class com.almasb.fxgl.audio.AudioPlayer
23:00:42.672 [FXGL Background Thread 3 ] DEBUG Engine               - class com.almasb.fxgl.notification.impl.NotificationServiceProvider
23:00:42.672 [FXGL Background Thread 3 ] DEBUG Engine               - class com.almasb.fxgl.achievement.AchievementService
23:00:42.672 [FXGL Background Thread 3 ] DEBUG Engine               - class com.almasb.fxgl.cutscene.CutsceneService
23:00:42.672 [FXGL Background Thread 3 ] DEBUG Engine               - class com.almasb.fxgl.minigames.MiniGameService
23:00:42.672 [FXGL Background Thread 3 ] DEBUG Engine               - class com.almasb.fxgl.net.NetService
23:00:42.672 [FXGL Background Thread 3 ] DEBUG Engine               - class com.almasb.fxgl.app.services.UpdaterService
23:00:42.672 [FXGL Background Thread 3 ] DEBUG Engine               - class com.almasb.fxgl.dev.DevService
23:00:44.644 [JavaFX Application Thread] DEBUG FXGLApplication      - Exiting FXGL
23:00:44.644 [JavaFX Application Thread] DEBUG Async                - Shutting down background threads
23:00:44.644 [JavaFX Application Thread] DEBUG PrimaryStageWindow   - Closing main window
23:00:44.653 [JavaFX Application Thread] DEBUG Logger               - Closing Logger
