00:12:19.003 [main                     ] DEBUG Logger               - Configured Logger
00:12:19.018 [main                     ] DEBUG GameApplication      - Logging settings
Title: BOMBERMAN
Version: 1.0
Width: 1080
Height: 720
Fullscreen: false
Intro: false
Profiling: false
Single step:false
App Mode: DEVELOPER
Menu Key: ESCAPE
Stage Style: DECORATED
Scene Factory: class com.bomberman.bombermanplus.BombermanApp$1

00:12:19.303 [JavaFX Application Thread] DEBUG FXGLApplication      - Initializing FXGL
00:12:19.305 [JavaFX Application Thread] INFO  Engine               - FXGL-17.1 (24.03.2022 17.34) on WINDOWS (J:19 FX:19-ea)
00:12:19.306 [JavaFX Application Thread] DEBUG Engine               - JRE Vendor Name: Oracle Corporation
00:12:19.306 [JavaFX Application Thread] DEBUG Engine               - Running on OS: Windows 11 version 10.0
00:12:19.306 [JavaFX Application Thread] DEBUG Engine               - Architecture: amd64
00:12:19.306 [JavaFX Application Thread] INFO  Engine               - Source code and latest versions at: https://github.com/AlmasB/FXGL
00:12:19.306 [JavaFX Application Thread] INFO  Engine               -       Ask questions and discuss at: https://github.com/AlmasB/FXGL/discussions
00:12:19.306 [JavaFX Application Thread] INFO  Engine               -              Join the FXGL chat at: https://gitter.im/AlmasB/FXGL
00:12:19.367 [JavaFX Application Thread] DEBUG PrimaryStageWindow   - Creating a JavaFX scene
00:12:19.398 [JavaFX Application Thread] DEBUG PrimaryStageWindow   - Target settings size: 1080.0 x 720.0
00:12:19.398 [JavaFX Application Thread] DEBUG PrimaryStageWindow   - Scaled scene size:    1080.0 x 720.0
00:12:19.399 [JavaFX Application Thread] DEBUG PrimaryStageWindow   - Scaled ratio: (1.0, 1.0)
00:12:19.399 [JavaFX Application Thread] DEBUG PrimaryStageWindow   - Set initial scene to FXGLStartupScene
00:12:19.404 [JavaFX Application Thread] DEBUG PrimaryStageWindow   - Opening main window
00:12:19.468 [JavaFX Application Thread] DEBUG PrimaryStageWindow   - Window border size: (14.4000244140625, 37.5999755859375)
00:12:19.468 [JavaFX Application Thread] DEBUG PrimaryStageWindow   - Scaled size: 1080.0 x 720.0
00:12:19.470 [JavaFX Application Thread] DEBUG PrimaryStageWindow   - Scaled ratio: (1.0, 1.0)
00:12:19.470 [JavaFX Application Thread] DEBUG PrimaryStageWindow   - Scene size: 1080.0 x 720.0
00:12:19.470 [JavaFX Application Thread] DEBUG PrimaryStageWindow   - Stage size: 1094.4000244140625 x 757.5999755859375
00:12:19.479 [FXGL Background Thread 1 ] DEBUG Engine               - Initializing environment variables
00:12:19.528 [FXGL Background Thread 1 ] DEBUG FXGLAssetLoaderServi - User app class for loading assets: class com.bomberman.bombermanplus.BombermanApp
00:12:19.528 [FXGL Background Thread 1 ] DEBUG GameApplicationServi - Applying CSS: fxgl_dark.css
00:12:19.529 [FXGL Background Thread 1 ] DEBUG FXGLAssetLoaderServi - Loading from file system: jar:file:///C:/Users/ADMIN/.m2/repository/com/github/almasb/fxgl/17.1/fxgl-17.1.jar!/fxglassets/ui/css/fxgl_dark.css
00:12:19.565 [FXGL Background Thread 1 ] DEBUG GameApplicationServi - Initializing application scenes
00:12:19.596 [FXGL Background Thread 1 ] DEBUG GameWorld            - Game world initialized
00:12:19.651 [FXGL Background Thread 1 ] DEBUG PhysicsWorld         - Physics world initialized: appHeight=720, physics.ppm=50.0
00:12:19.651 [FXGL Background Thread 1 ] DEBUG PhysicsWorld         - Using strategy: BRUTE_FORCE
00:12:19.656 [FXGL Background Thread 1 ] DEBUG GameScene            - Game scene initialized: 1080x720
00:12:19.708 [FXGL Background Thread 1 ] DEBUG GameApplicationServi - Application scenes initialized
00:12:19.718 [FXGL Background Thread 1 ] DEBUG SystemBundleService  - Loading FXGL system data
00:12:19.723 [FXGL Background Thread 1 ] DEBUG FileSystemAccess     - Reading from: C:\Users\ADMIN\IdeaProjects\BombermanPlus\system\fxgl.bundle
00:12:19.730 [FXGL Background Thread 1 ] DEBUG SystemBundleService  - Bundle FXGL: {}
00:12:19.730 [FXGL Background Thread 1 ] DEBUG UpdaterService       - Checking for updates
00:12:19.750 [FXGL Background Thread 4 ] DEBUG FXGLApplication      - Loading fonts
00:12:19.750 [FXGL Background Thread 1 ] DEBUG FXGLApplication      - Loading default localization
00:12:19.751 [FXGL Background Thread 4 ] DEBUG FXGLAssetLoaderServi - Loading from file system: file:/C:/Users/ADMIN/IdeaProjects/BombermanPlus/target/classes/assets/ui/fonts/Retro%20Gaming.ttf
00:12:19.751 [FXGL Background Thread 1 ] DEBUG FXGLAssetLoaderServi - Loading from file system: jar:file:///C:/Users/ADMIN/.m2/repository/com/github/almasb/fxgl/17.1/fxgl-17.1.jar!/fxglassets/languages/english.lang
00:12:19.765 [FXGL Background Thread 1 ] INFO  FXGLApplication      - FXGL initialization took: 0.285 sec
00:12:19.779 [JavaFX Application Thread] DEBUG Input                - Registered new binding: Move Right - D
00:12:19.779 [JavaFX Application Thread] DEBUG Input                - Registered new binding: Move Up - W
00:12:19.780 [JavaFX Application Thread] DEBUG Input                - Registered new binding: Move Down - S
00:12:19.780 [JavaFX Application Thread] DEBUG Input                - Registered new binding: Move Left - A
00:12:19.780 [JavaFX Application Thread] DEBUG Input                - Registered new binding: Place bomb - Space
00:12:19.781 [JavaFX Application Thread] DEBUG FXGLAssetLoaderServi - Loading from file system: file:/C:/Users/ADMIN/IdeaProjects/BombermanPlus/target/classes/assets/music/title_screen.mp3
00:12:19.853 [FXGL Background Thread 4 ] DEBUG FXGLAssetLoaderServi - Loading from file system: jar:file:///C:/Users/ADMIN/.m2/repository/com/github/almasb/fxgl/17.1/fxgl-17.1.jar!/fxglassets/ui/fonts/Abel-Regular.ttf
00:12:19.868 [FXGL Background Thread 4 ] DEBUG FXGLAssetLoaderServi - Loading from file system: jar:file:///C:/Users/ADMIN/.m2/repository/com/github/almasb/fxgl/17.1/fxgl-17.1.jar!/fxglassets/ui/fonts/TerminalLandMono-Regular.otf
00:12:19.881 [FXGL Background Thread 4 ] DEBUG FXGLAssetLoaderServi - Loading from file system: jar:file:///C:/Users/ADMIN/.m2/repository/com/github/almasb/fxgl/17.1/fxgl-17.1.jar!/fxglassets/ui/fonts/Courier-Prime.ttf
00:12:20.163 [FXGL Background Thread 2 ] INFO  UpdaterService       - Your current version:  17.1
00:12:20.163 [FXGL Background Thread 2 ] INFO  UpdaterService       - Latest stable version: 17.2
00:12:20.336 [JavaFX Application Thread] DEBUG AudioPlayer          - Playing music com.almasb.fxgl.audio.Music@44931366
00:12:20.337 [JavaFX Application Thread] DEBUG FXGLAssetLoaderServi - Loading from file system: jar:file:///C:/Users/ADMIN/.m2/repository/com/github/almasb/fxgl/17.1/fxgl-17.1.jar!/fxglassets/textures/fxgl_icon.png
00:12:20.358 [JavaFX Application Thread] DEBUG FXGLAssetLoaderServi - Loading from file system: jar:file:///C:/Users/ADMIN/.m2/repository/com/github/almasb/fxgl/17.1/fxgl-17.1.jar!/fxglassets/textures/fxgl_default_cursor.png
00:12:20.360 [JavaFX Application Thread] DEBUG Input                - Registered new binding: Screenshot - CTRL+8
00:12:20.360 [JavaFX Application Thread] DEBUG Input                - Registered new binding: Dev Options - 1
00:12:20.360 [JavaFX Application Thread] DEBUG Input                - Registered new binding: Dev Console - 2
00:12:20.360 [JavaFX Application Thread] DEBUG Input                - Registered new binding: System info dump - CTRL+9
00:12:20.360 [JavaFX Application Thread] DEBUG Input                - Registered new binding: Restart - CTRL+R
00:12:20.361 [JavaFX Application Thread] DEBUG Input                - Registered new binding: Toggle Debug Camera - CTRL+7
00:12:20.362 [JavaFX Application Thread] DEBUG AchievementService   - Registered new achievement: Slayer
00:12:20.362 [JavaFX Application Thread] DEBUG AchievementService   - Registered new achievement: See the world
00:12:20.362 [JavaFX Application Thread] DEBUG AchievementService   - Registered new achievement: Score owner
00:12:20.363 [JavaFX Application Thread] DEBUG LoopRunner           - Starting loop
00:12:20.371 [JavaFX Application Thread] DEBUG LoopRunner           - Initializing JavaFX AnimationTimerLoop
00:12:20.373 [JavaFX Application Thread] DEBUG Input                - Clearing active input actions
00:12:20.380 [JavaFX Application Thread] DEBUG GameApplicationServi - Removing overlay from FXGLStartupScene and adding to FXGLMainMenuDummyScene
00:12:20.383 [JavaFX Application Thread] DEBUG PrimaryStageWindow   - FXGLStartupScene -> FXGLMainMenuDummyScene
00:12:20.383 [JavaFX Application Thread] DEBUG PrimaryStageWindow   - Push state: BombermanMenu
00:12:20.383 [JavaFX Application Thread] DEBUG Input                - Clearing active input actions
00:12:20.384 [JavaFX Application Thread] DEBUG GameApplicationServi - Removing overlay from FXGLMainMenuDummyScene and adding to BombermanMenu
00:12:20.385 [JavaFX Application Thread] DEBUG PrimaryStageWindow   - FXGLMainMenuDummyScene -> BombermanMenu
00:12:20.391 [JavaFX Application Thread] DEBUG FXGLApplication      - Registering font factories with UI factory
00:12:21.035 [JavaFX Application Thread] DEBUG Menu                 - fireNewGame()
00:12:21.036 [JavaFX Application Thread] DEBUG GameApplicationServi - Starting new game
00:12:21.036 [JavaFX Application Thread] DEBUG PrimaryStageWindow   - Pop state: BombermanMenu
00:12:21.036 [JavaFX Application Thread] DEBUG Input                - Clearing active input actions
00:12:21.037 [JavaFX Application Thread] DEBUG GameApplicationServi - Removing overlay from BombermanMenu and adding to FXGLMainMenuDummyScene
00:12:21.038 [JavaFX Application Thread] DEBUG PrimaryStageWindow   - FXGLMainMenuDummyScene <- BombermanMenu
00:12:21.038 [JavaFX Application Thread] DEBUG Input                - Clearing active input actions
00:12:21.043 [JavaFX Application Thread] DEBUG GameApplicationServi - Removing overlay from FXGLMainMenuDummyScene and adding to FXGLLoadingScene
00:12:21.043 [JavaFX Application Thread] DEBUG PrimaryStageWindow   - FXGLMainMenuDummyScene -> FXGLLoadingScene
00:12:21.043 [JavaFX Application Thread] DEBUG GameApplicationServi - Clearing previous game
00:12:21.043 [JavaFX Application Thread] DEBUG GameScene            - Clearing game scene
00:12:21.043 [JavaFX Application Thread] DEBUG GameWorld            - Clearing game world
00:12:21.043 [JavaFX Application Thread] DEBUG PhysicsWorld         - Clearing physics world
00:12:21.044 [FXGL Background Thread 2 ] DEBUG FXGLApplication      - Initializing game
00:12:21.050 [FXGL Background Thread 2 ] DEBUG FXGLAssetLoaderServi - Loading from file system: file:/C:/Users/ADMIN/IdeaProjects/BombermanPlus/target/classes/assets/sounds/stage_start.wav
00:12:21.070 [FXGL Background Thread 2 ] INFO  FXGLApplication      - Game initialization took: 0.026 sec
00:12:21.079 [JavaFX Application Thread] DEBUG Input                - Clearing active input actions
00:12:21.086 [JavaFX Application Thread] DEBUG GameApplicationServi - Removing overlay from FXGLLoadingScene and adding to GameScene
00:12:21.088 [JavaFX Application Thread] DEBUG PrimaryStageWindow   - FXGLLoadingScene -> GameScene
00:12:22.749 [FXGL Background Thread 3 ] DEBUG Engine               - Logging environment variables
00:12:22.749 [FXGL Background Thread 3 ] DEBUG Engine               - achievements: [Slayer:achieved(false), See the world:achieved(false), Score owner:achieved(false)]
00:12:22.750 [FXGL Background Thread 3 ] DEBUG Engine               - actualHeight: 720.0
00:12:22.750 [FXGL Background Thread 3 ] DEBUG Engine               - actualHeightProperty: ReadOnlyDoubleProperty [value: 720.0]
00:12:22.750 [FXGL Background Thread 3 ] DEBUG Engine               - actualWidth: 1080.0
00:12:22.750 [FXGL Background Thread 3 ] DEBUG Engine               - actualWidthProperty: ReadOnlyDoubleProperty [value: 1080.0]
00:12:22.750 [FXGL Background Thread 3 ] DEBUG Engine               - appIcon: fxgl_icon.png
00:12:22.750 [FXGL Background Thread 3 ] DEBUG Engine               - applicationMode: DEVELOPER
00:12:22.750 [FXGL Background Thread 3 ] DEBUG Engine               - cSSList: [fxgl_dark.css]
00:12:22.750 [FXGL Background Thread 3 ] DEBUG Engine               - collisionDetectionStrategy: BRUTE_FORCE
00:12:22.750 [FXGL Background Thread 3 ] DEBUG Engine               - configClass: Optional.empty
00:12:22.750 [FXGL Background Thread 3 ] DEBUG Engine               - credits: []
00:12:22.751 [FXGL Background Thread 3 ] DEBUG Engine               - defaultCursor: CursorInfo(imageName=fxgl_default_cursor.png, hotspotX=7.0, hotspotY=6.0)
00:12:22.751 [FXGL Background Thread 3 ] DEBUG Engine               - devBBoxColorProperty: ObjectProperty [value: 0xff0000ff]
00:12:22.751 [FXGL Background Thread 3 ] DEBUG Engine               - devEnableDebugCameraProperty: BooleanProperty [value: false]
00:12:22.751 [FXGL Background Thread 3 ] DEBUG Engine               - devSensorColorProperty: ObjectProperty [value: 0xffff00ff]
00:12:22.751 [FXGL Background Thread 3 ] DEBUG Engine               - devShowBBoxProperty: BooleanProperty [value: false]
00:12:22.751 [FXGL Background Thread 3 ] DEBUG Engine               - devShowPositionProperty: BooleanProperty [value: false]
00:12:22.751 [FXGL Background Thread 3 ] DEBUG Engine               - enabledMenuItems: []
00:12:22.751 [FXGL Background Thread 3 ] DEBUG Engine               - engineServices: [class com.almasb.fxgl.app.services.FXGLAssetLoaderService, class com.almasb.fxgl.app.FXGLApplication$GameApplicationService, class com.almasb.fxgl.app.services.FXGLDialogService, class com.almasb.fxgl.app.services.IOTaskExecutorService, class com.almasb.fxgl.io.FileSystemService, class com.almasb.fxgl.localization.LocalizationService, class com.almasb.fxgl.app.services.SystemBundleService, class com.almasb.fxgl.profile.SaveLoadService, class com.almasb.fxgl.ui.FXGLUIFactoryServiceProvider, class com.almasb.fxgl.ui.FXGLDialogFactoryServiceProvider, class com.almasb.fxgl.audio.AudioPlayer, class com.almasb.fxgl.notification.impl.NotificationServiceProvider, class com.almasb.fxgl.achievement.AchievementService, class com.almasb.fxgl.cutscene.CutsceneService, class com.almasb.fxgl.minigames.MiniGameService, class com.almasb.fxgl.net.NetService, class com.almasb.fxgl.app.services.UpdaterService, class com.almasb.fxgl.dev.DevService]
00:12:22.752 [FXGL Background Thread 3 ] DEBUG Engine               - fontGame: Abel-Regular.ttf
00:12:22.752 [FXGL Background Thread 3 ] DEBUG Engine               - fontMono: TerminalLandMono-Regular.otf
00:12:22.752 [FXGL Background Thread 3 ] DEBUG Engine               - fontText: Courier-Prime.ttf
00:12:22.752 [FXGL Background Thread 3 ] DEBUG Engine               - fontUI: Retro Gaming.ttf
00:12:22.752 [FXGL Background Thread 3 ] DEBUG Engine               - fullScreen: BooleanProperty [value: false]
00:12:22.752 [FXGL Background Thread 3 ] DEBUG Engine               - gameDifficulty: MEDIUM
00:12:22.752 [FXGL Background Thread 3 ] DEBUG Engine               - gameDifficultyProperty: ObjectProperty [value: MEDIUM]
00:12:22.752 [FXGL Background Thread 3 ] DEBUG Engine               - globalMusicVolume: 0.5
00:12:22.752 [FXGL Background Thread 3 ] DEBUG Engine               - globalMusicVolumeProperty: DoubleProperty [value: 0.0]
00:12:22.752 [FXGL Background Thread 3 ] DEBUG Engine               - globalSoundVolume: 0.5
00:12:22.752 [FXGL Background Thread 3 ] DEBUG Engine               - globalSoundVolumeProperty: DoubleProperty [value: 0.4]
00:12:22.752 [FXGL Background Thread 3 ] DEBUG Engine               - height: 720
00:12:22.752 [FXGL Background Thread 3 ] DEBUG Engine               - is3D: false
00:12:22.752 [FXGL Background Thread 3 ] DEBUG Engine               - isAndroid: false
00:12:22.752 [FXGL Background Thread 3 ] DEBUG Engine               - isBrowser: false
00:12:22.752 [FXGL Background Thread 3 ] DEBUG Engine               - isClickFeedbackEnabled: false
00:12:22.752 [FXGL Background Thread 3 ] DEBUG Engine               - isCloseConfirmation: false
00:12:22.752 [FXGL Background Thread 3 ] DEBUG Engine               - isDesktop: true
00:12:22.752 [FXGL Background Thread 3 ] DEBUG Engine               - isDeveloperMenuEnabled: true
00:12:22.753 [FXGL Background Thread 3 ] DEBUG Engine               - isEmbedded: false
00:12:22.753 [FXGL Background Thread 3 ] DEBUG Engine               - isEntityPreloadEnabled: true
00:12:22.753 [FXGL Background Thread 3 ] DEBUG Engine               - isExperimentalTiledLargeMap: false
00:12:22.753 [FXGL Background Thread 3 ] DEBUG Engine               - isFileSystemWriteAllowed: true
00:12:22.753 [FXGL Background Thread 3 ] DEBUG Engine               - isFullScreenAllowed: false
00:12:22.753 [FXGL Background Thread 3 ] DEBUG Engine               - isFullScreenFromStart: false
00:12:22.753 [FXGL Background Thread 3 ] DEBUG Engine               - isGameMenuEnabled: true
00:12:22.753 [FXGL Background Thread 3 ] DEBUG Engine               - isIOS: false
00:12:22.753 [FXGL Background Thread 3 ] DEBUG Engine               - isIntroEnabled: false
00:12:22.753 [FXGL Background Thread 3 ] DEBUG Engine               - isLinux: false
00:12:22.753 [FXGL Background Thread 3 ] DEBUG Engine               - isMac: false
00:12:22.753 [FXGL Background Thread 3 ] DEBUG Engine               - isMainMenuEnabled: true
00:12:22.753 [FXGL Background Thread 3 ] DEBUG Engine               - isManualResizeEnabled: true
00:12:22.753 [FXGL Background Thread 3 ] DEBUG Engine               - isMobile: false
00:12:22.753 [FXGL Background Thread 3 ] DEBUG Engine               - isNative: false
00:12:22.753 [FXGL Background Thread 3 ] DEBUG Engine               - isPauseMusicWhenMinimized: true
00:12:22.753 [FXGL Background Thread 3 ] DEBUG Engine               - isPreserveResizeRatio: true
00:12:22.753 [FXGL Background Thread 3 ] DEBUG Engine               - isProfilingEnabled: false
00:12:22.753 [FXGL Background Thread 3 ] DEBUG Engine               - isScaleAffectedOnResize: true
00:12:22.753 [FXGL Background Thread 3 ] DEBUG Engine               - isSingleStep: false
00:12:22.753 [FXGL Background Thread 3 ] DEBUG Engine               - isUserProfileEnabled: false
00:12:22.754 [FXGL Background Thread 3 ] DEBUG Engine               - isWindows: true
00:12:22.754 [FXGL Background Thread 3 ] DEBUG Engine               - language: ObjectProperty [value: ENGLISH]
00:12:22.754 [FXGL Background Thread 3 ] DEBUG Engine               - menuKey: ESCAPE
00:12:22.754 [FXGL Background Thread 3 ] DEBUG Engine               - mouseSensitivity: 0.2
00:12:22.754 [FXGL Background Thread 3 ] DEBUG Engine               - notificationViewClass: class com.almasb.fxgl.notification.view.XboxNotificationView
00:12:22.754 [FXGL Background Thread 3 ] DEBUG Engine               - pixelsPerMeter: 50.0
00:12:22.754 [FXGL Background Thread 3 ] DEBUG Engine               - platform: WINDOWS
00:12:22.754 [FXGL Background Thread 3 ] DEBUG Engine               - prefHeightProperty: ReadOnlyDoubleProperty [value: 720.0]
00:12:22.754 [FXGL Background Thread 3 ] DEBUG Engine               - prefWidthProperty: ReadOnlyDoubleProperty [value: 1080.0]
00:12:22.754 [FXGL Background Thread 3 ] DEBUG Engine               - profileDir: profiles/
00:12:22.754 [FXGL Background Thread 3 ] DEBUG Engine               - profileName: StringProperty [value: DEFAULT]
00:12:22.754 [FXGL Background Thread 3 ] DEBUG Engine               - randomSeed: -1
00:12:22.754 [FXGL Background Thread 3 ] DEBUG Engine               - runtimeInfo: RuntimeInfo(platform=WINDOWS, version=17.1, build=24.03.2022 17.34)
00:12:22.754 [FXGL Background Thread 3 ] DEBUG Engine               - saveFileExt: sav
00:12:22.754 [FXGL Background Thread 3 ] DEBUG Engine               - scaledHeightProp$fxgl: DoubleProperty [bound, value: 720.0]
00:12:22.754 [FXGL Background Thread 3 ] DEBUG Engine               - scaledWidthProp$fxgl: DoubleProperty [bound, value: 1080.0]
00:12:22.755 [FXGL Background Thread 3 ] DEBUG Engine               - sceneFactory: com.bomberman.bombermanplus.BombermanApp$1@6aa78d35
00:12:22.755 [FXGL Background Thread 3 ] DEBUG Engine               - secondsIn24h: 60
00:12:22.755 [FXGL Background Thread 3 ] DEBUG Engine               - soundMenuBack: menu/back.wav
00:12:22.755 [FXGL Background Thread 3 ] DEBUG Engine               - soundMenuPress: menu/press.wav
00:12:22.755 [FXGL Background Thread 3 ] DEBUG Engine               - soundMenuSelect: menu/select.wav
00:12:22.755 [FXGL Background Thread 3 ] DEBUG Engine               - soundNotification: core/notification.wav
00:12:22.755 [FXGL Background Thread 3 ] DEBUG Engine               - stageStyle: DECORATED
00:12:22.755 [FXGL Background Thread 3 ] DEBUG Engine               - supportedLanguages: [ENGLISH, FRENCH, GERMAN, HUNGARIAN, RUSSIAN]
00:12:22.755 [FXGL Background Thread 3 ] DEBUG Engine               - ticksPerSecond: -1
00:12:22.755 [FXGL Background Thread 3 ] DEBUG Engine               - title: BOMBERMAN
00:12:22.756 [FXGL Background Thread 3 ] DEBUG Engine               - urlGithub: https://github.com/AlmasB/FXGL
00:12:22.756 [FXGL Background Thread 3 ] DEBUG Engine               - urlLeaderboard: http://fxgl-top.herokuapp.com/
00:12:22.756 [FXGL Background Thread 3 ] DEBUG Engine               - urlPOM: https://raw.githubusercontent.com/AlmasB/FXGL/release/README.md
00:12:22.756 [FXGL Background Thread 3 ] DEBUG Engine               - userAppClass: class com.bomberman.bombermanplus.BombermanApp
00:12:22.756 [FXGL Background Thread 3 ] DEBUG Engine               - version: 1.0
00:12:22.756 [FXGL Background Thread 3 ] DEBUG Engine               - versionCheckDays: 7
00:12:22.756 [FXGL Background Thread 3 ] DEBUG Engine               - width: 1080
00:12:22.756 [FXGL Background Thread 3 ] DEBUG Engine               - Logging services
00:12:22.756 [FXGL Background Thread 3 ] DEBUG Engine               - class com.almasb.fxgl.app.services.FXGLAssetLoaderService
00:12:22.756 [FXGL Background Thread 3 ] DEBUG Engine               - class com.almasb.fxgl.app.FXGLApplication$GameApplicationService
00:12:22.756 [FXGL Background Thread 3 ] DEBUG Engine               - class com.almasb.fxgl.app.services.FXGLDialogService
00:12:22.756 [FXGL Background Thread 3 ] DEBUG Engine               - class com.almasb.fxgl.app.services.IOTaskExecutorService
00:12:22.756 [FXGL Background Thread 3 ] DEBUG Engine               - class com.almasb.fxgl.io.FileSystemService
00:12:22.756 [FXGL Background Thread 3 ] DEBUG Engine               - class com.almasb.fxgl.localization.LocalizationService
00:12:22.756 [FXGL Background Thread 3 ] DEBUG Engine               - class com.almasb.fxgl.app.services.SystemBundleService
00:12:22.756 [FXGL Background Thread 3 ] DEBUG Engine               - class com.almasb.fxgl.profile.SaveLoadService
00:12:22.756 [FXGL Background Thread 3 ] DEBUG Engine               - class com.almasb.fxgl.ui.FXGLUIFactoryServiceProvider
00:12:22.756 [FXGL Background Thread 3 ] DEBUG Engine               - class com.almasb.fxgl.ui.FXGLDialogFactoryServiceProvider
00:12:22.756 [FXGL Background Thread 3 ] DEBUG Engine               - class com.almasb.fxgl.audio.AudioPlayer
00:12:22.756 [FXGL Background Thread 3 ] DEBUG Engine               - class com.almasb.fxgl.notification.impl.NotificationServiceProvider
00:12:22.756 [FXGL Background Thread 3 ] DEBUG Engine               - class com.almasb.fxgl.achievement.AchievementService
00:12:22.756 [FXGL Background Thread 3 ] DEBUG Engine               - class com.almasb.fxgl.cutscene.CutsceneService
00:12:22.756 [FXGL Background Thread 3 ] DEBUG Engine               - class com.almasb.fxgl.minigames.MiniGameService
00:12:22.756 [FXGL Background Thread 3 ] DEBUG Engine               - class com.almasb.fxgl.net.NetService
00:12:22.756 [FXGL Background Thread 3 ] DEBUG Engine               - class com.almasb.fxgl.app.services.UpdaterService
00:12:22.756 [FXGL Background Thread 3 ] DEBUG Engine               - class com.almasb.fxgl.dev.DevService
00:12:23.917 [JavaFX Application Thread] WARN  TMXLevelLoader       - TiledMap generated from 1.9.2. Supported version: 1.4.2. Some features may not be parsed fully.
00:12:23.935 [JavaFX Application Thread] DEBUG TMXLevelLoader       - Parsed TiledMap: file:/C:/Users/ADMIN/IdeaProjects/BombermanPlus/target/classes/assets/levels/bbm_level1.tmx
00:12:23.935 [JavaFX Application Thread] DEBUG TMXLevelLoader       - Creating tile layer entities
00:12:23.936 [JavaFX Application Thread] DEBUG TilesetLoader        - Loading view for layer Tile Layer 1
00:12:23.939 [JavaFX Application Thread] DEBUG TilesetLoader        - Created buffer with size 1488.0x720.0
00:12:24.006 [JavaFX Application Thread] DEBUG TMXLevelLoader       - Creating object layer entities
00:12:24.007 [JavaFX Application Thread] DEBUG FXGLAssetLoaderServi - Loading from file system: file:/C:/Users/ADMIN/IdeaProjects/BombermanPlus/target/classes/assets/textures/items/powerup_speed.png
00:12:24.013 [JavaFX Application Thread] DEBUG FXGLAssetLoaderServi - Loading from file system: file:/C:/Users/ADMIN/IdeaProjects/BombermanPlus/target/classes/assets/textures/items/powerup_flames.png
00:12:24.014 [JavaFX Application Thread] DEBUG FXGLAssetLoaderServi - Loading from file system: file:/C:/Users/ADMIN/IdeaProjects/BombermanPlus/target/classes/assets/textures/items/powerup_bombs.png
00:12:24.015 [JavaFX Application Thread] DEBUG FXGLAssetLoaderServi - Loading from file system: file:/C:/Users/ADMIN/IdeaProjects/BombermanPlus/target/classes/assets/textures/items/powerup_flamepass.png
00:12:24.018 [JavaFX Application Thread] DEBUG FXGLAssetLoaderServi - Loading from file system: file:/C:/Users/ADMIN/IdeaProjects/BombermanPlus/target/classes/assets/textures/items/portal.png
00:12:24.021 [JavaFX Application Thread] DEBUG FXGLAssetLoaderServi - Loading from file system: file:/C:/Users/ADMIN/IdeaProjects/BombermanPlus/target/classes/assets/textures/sprites.png
00:12:24.075 [JavaFX Application Thread] DEBUG FXGLAssetLoaderServi - Loading from file system: file:/C:/Users/ADMIN/IdeaProjects/BombermanPlus/target/classes/assets/textures/char2.png
00:12:24.106 [JavaFX Application Thread] DEBUG GameWorld            - Clearing removable entities
00:12:24.107 [JavaFX Application Thread] DEBUG GameWorld            - Setting level: com.almasb.fxgl.entity.level.Level@7ba819ad
00:12:24.144 [JavaFX Application Thread] DEBUG FXGLAssetLoaderServi - Loading from file system: file:/C:/Users/ADMIN/IdeaProjects/BombermanPlus/target/classes/assets/sounds/walk_2.wav
00:12:25.085 [JavaFX Application Thread] DEBUG FXGLAssetLoaderServi - Loading from file system: file:/C:/Users/ADMIN/IdeaProjects/BombermanPlus/target/classes/assets/sounds/placed_bomb.wav
00:12:25.385 [JavaFX Application Thread] DEBUG FXGLAssetLoaderServi - Loading from file system: file:/C:/Users/ADMIN/IdeaProjects/BombermanPlus/target/classes/assets/sounds/walk_1.wav
00:12:25.643 [JavaFX Application Thread] DEBUG FXGLAssetLoaderServi - Loading from file system: file:/C:/Users/ADMIN/IdeaProjects/BombermanPlus/target/classes/assets/sounds/power_up.wav
00:12:26.303 [JavaFX Application Thread] DEBUG FXGLAssetLoaderServi - Loading from file system: file:/C:/Users/ADMIN/IdeaProjects/BombermanPlus/target/classes/assets/sounds/bomb_exploded.wav
00:12:28.014 [JavaFX Application Thread] DEBUG FXGLAssetLoaderServi - Loading from file system: file:/C:/Users/ADMIN/IdeaProjects/BombermanPlus/target/classes/assets/sounds/bomberman_die.wav
00:12:29.128 [JavaFX Application Thread] DEBUG FXGLAssetLoaderServi - Loading from file system: file:/C:/Users/ADMIN/IdeaProjects/BombermanPlus/target/classes/assets/sounds/enemy_die.wav
00:12:53.458 [JavaFX Application Thread] DEBUG PrimaryStageWindow   - Push state: DialogSubScene
00:12:53.459 [JavaFX Application Thread] DEBUG Input                - Clearing active input actions
00:12:53.459 [JavaFX Application Thread] DEBUG GameApplicationServi - Removing overlay from GameScene and adding to DialogSubScene
00:12:53.460 [JavaFX Application Thread] DEBUG PrimaryStageWindow   - GameScene -> DialogSubScene
00:12:53.462 [JavaFX Application Thread] WARN  TMXLevelLoader       - TiledMap generated from 1.9.2. Supported version: 1.4.2. Some features may not be parsed fully.
00:12:53.472 [JavaFX Application Thread] DEBUG TMXLevelLoader       - Parsed TiledMap: file:/C:/Users/ADMIN/IdeaProjects/BombermanPlus/target/classes/assets/levels/bbm_level1.tmx
00:12:53.472 [JavaFX Application Thread] DEBUG TMXLevelLoader       - Creating tile layer entities
00:12:53.472 [JavaFX Application Thread] DEBUG TilesetLoader        - Loading view for layer Tile Layer 1
00:12:53.474 [JavaFX Application Thread] DEBUG TilesetLoader        - Created buffer with size 1488.0x720.0
00:12:53.524 [JavaFX Application Thread] DEBUG TMXLevelLoader       - Creating object layer entities
00:12:53.554 [JavaFX Application Thread] DEBUG GameWorld            - Clearing removable entities
00:12:53.560 [JavaFX Application Thread] DEBUG GameWorld            - Setting level: com.almasb.fxgl.entity.level.Level@6a872534
00:12:54.959 [JavaFX Application Thread] DEBUG PrimaryStageWindow   - Pop state: DialogSubScene
00:12:54.959 [JavaFX Application Thread] DEBUG Input                - Clearing active input actions
00:12:54.960 [JavaFX Application Thread] DEBUG GameApplicationServi - Removing overlay from DialogSubScene and adding to GameScene
00:12:54.960 [JavaFX Application Thread] DEBUG PrimaryStageWindow   - GameScene <- DialogSubScene
00:12:54.960 [JavaFX Application Thread] DEBUG Input                - Clearing active input actions
00:12:54.963 [JavaFX Application Thread] DEBUG GameApplicationServi - Removing overlay from GameScene and adding to FXGLMainMenuDummyScene
00:12:54.964 [JavaFX Application Thread] DEBUG PrimaryStageWindow   - GameScene -> FXGLMainMenuDummyScene
00:12:54.964 [JavaFX Application Thread] DEBUG PrimaryStageWindow   - Push state: BombermanMenu
00:12:54.964 [JavaFX Application Thread] DEBUG Input                - Clearing active input actions
00:12:54.964 [JavaFX Application Thread] DEBUG GameApplicationServi - Removing overlay from FXGLMainMenuDummyScene and adding to BombermanMenu
00:12:54.967 [JavaFX Application Thread] DEBUG PrimaryStageWindow   - FXGLMainMenuDummyScene -> BombermanMenu
00:12:56.590 [JavaFX Application Thread] DEBUG FXGLApplication      - Exiting FXGL
00:12:56.590 [JavaFX Application Thread] DEBUG LoopRunner           - Stopping loop
00:12:56.590 [JavaFX Application Thread] DEBUG SystemBundleService  - Saving FXGL system data
00:12:56.592 [JavaFX Application Thread] DEBUG FileSystemAccess     - Writing to: C:\Users\ADMIN\IdeaProjects\BombermanPlus\system\fxgl.bundle
00:12:56.595 [JavaFX Application Thread] DEBUG Async                - Shutting down background threads
00:12:56.595 [JavaFX Application Thread] DEBUG PrimaryStageWindow   - Closing main window
00:12:56.601 [JavaFX Application Thread] DEBUG Logger               - Closing Logger
