08:14:00.805 [main                     ] DEBUG Logger               - Configured Logger
08:14:00.819 [main                     ] DEBUG GameApplication      - Logging settings
Title: BOMBERMAN
Version: 1.0
Width: 1080
Height: 720
Fullscreen: false
Intro: false
Profiling: false
Single step:false
App Mode: DEVELOPER
Menu Key: ESCAPE
Stage Style: DECORATED
Scene Factory: class com.bomberman.bombermanplus.BombermanApp$1

08:14:01.246 [JavaFX Application Thread] DEBUG FXGLApplication      - Initializing FXGL
08:14:01.249 [JavaFX Application Thread] INFO  Engine               - FXGL-17.1 (24.03.2022 17.34) on WINDOWS (J:19 FX:19-ea)
08:14:01.249 [JavaFX Application Thread] DEBUG Engine               - JRE Vendor Name: Oracle Corporation
08:14:01.250 [JavaFX Application Thread] DEBUG Engine               - Running on OS: Windows 11 version 10.0
08:14:01.250 [JavaFX Application Thread] DEBUG Engine               - Architecture: amd64
08:14:01.250 [JavaFX Application Thread] INFO  Engine               - Source code and latest versions at: https://github.com/AlmasB/FXGL
08:14:01.250 [JavaFX Application Thread] INFO  Engine               -       Ask questions and discuss at: https://github.com/AlmasB/FXGL/discussions
08:14:01.250 [JavaFX Application Thread] INFO  Engine               -              Join the FXGL chat at: https://gitter.im/AlmasB/FXGL
08:14:01.330 [JavaFX Application Thread] DEBUG PrimaryStageWindow   - Creating a JavaFX scene
08:14:01.375 [JavaFX Application Thread] DEBUG PrimaryStageWindow   - Target settings size: 1080.0 x 720.0
08:14:01.376 [JavaFX Application Thread] DEBUG PrimaryStageWindow   - Scaled scene size:    1080.0 x 720.0
08:14:01.376 [JavaFX Application Thread] DEBUG PrimaryStageWindow   - Scaled ratio: (1.0, 1.0)
08:14:01.377 [JavaFX Application Thread] DEBUG PrimaryStageWindow   - Set initial scene to FXGLStartupScene
08:14:01.381 [JavaFX Application Thread] DEBUG PrimaryStageWindow   - Opening main window
08:14:01.459 [JavaFX Application Thread] DEBUG PrimaryStageWindow   - Window border size: (14.4000244140625, 37.5999755859375)
08:14:01.460 [JavaFX Application Thread] DEBUG PrimaryStageWindow   - Scaled size: 1080.0 x 720.0
08:14:01.460 [JavaFX Application Thread] DEBUG PrimaryStageWindow   - Scaled ratio: (1.0, 1.0)
08:14:01.461 [JavaFX Application Thread] DEBUG PrimaryStageWindow   - Scene size: 1080.0 x 720.0
08:14:01.462 [JavaFX Application Thread] DEBUG PrimaryStageWindow   - Stage size: 1094.4000244140625 x 757.5999755859375
08:14:01.474 [FXGL Background Thread 1 ] DEBUG Engine               - Initializing environment variables
08:14:01.540 [FXGL Background Thread 1 ] DEBUG FXGLAssetLoaderServi - User app class for loading assets: class com.bomberman.bombermanplus.BombermanApp
08:14:01.540 [FXGL Background Thread 1 ] DEBUG GameApplicationServi - Applying CSS: fxgl_dark.css
08:14:01.542 [FXGL Background Thread 1 ] DEBUG FXGLAssetLoaderServi - Loading from file system: jar:file:///C:/Users/ADMIN/.m2/repository/com/github/almasb/fxgl/17.1/fxgl-17.1.jar!/fxglassets/ui/css/fxgl_dark.css
08:14:01.582 [FXGL Background Thread 1 ] DEBUG GameApplicationServi - Initializing application scenes
08:14:01.620 [FXGL Background Thread 1 ] DEBUG GameWorld            - Game world initialized
08:14:01.671 [FXGL Background Thread 1 ] DEBUG PhysicsWorld         - Physics world initialized: appHeight=720, physics.ppm=50.0
08:14:01.671 [FXGL Background Thread 1 ] DEBUG PhysicsWorld         - Using strategy: BRUTE_FORCE
08:14:01.674 [FXGL Background Thread 1 ] DEBUG GameScene            - Game scene initialized: 1080x720
08:14:01.704 [FXGL Background Thread 1 ] DEBUG GameApplicationServi - Application scenes initialized
08:14:01.713 [FXGL Background Thread 1 ] DEBUG SystemBundleService  - Loading FXGL system data
08:14:01.719 [FXGL Background Thread 1 ] DEBUG FileSystemAccess     - Reading from: C:\Users\ADMIN\IdeaProjects\BombermanPlus\system\fxgl.bundle
08:14:01.730 [FXGL Background Thread 1 ] DEBUG SystemBundleService  - Bundle FXGL: {}
08:14:01.730 [FXGL Background Thread 1 ] DEBUG UpdaterService       - Checking for updates
08:14:01.735 [FXGL Background Thread 4 ] DEBUG FXGLApplication      - Loading fonts
08:14:01.736 [FXGL Background Thread 1 ] DEBUG FXGLApplication      - Loading default localization
08:14:01.736 [FXGL Background Thread 4 ] DEBUG FXGLAssetLoaderServi - Loading from file system: jar:file:///C:/Users/ADMIN/.m2/repository/com/github/almasb/fxgl/17.1/fxgl-17.1.jar!/fxglassets/ui/fonts/VarelaRound-Regular.ttf
08:14:01.736 [FXGL Background Thread 1 ] DEBUG FXGLAssetLoaderServi - Loading from file system: jar:file:///C:/Users/ADMIN/.m2/repository/com/github/almasb/fxgl/17.1/fxgl-17.1.jar!/fxglassets/languages/english.lang
08:14:01.750 [FXGL Background Thread 1 ] INFO  FXGLApplication      - FXGL initialization took: 0.275 sec
08:14:01.764 [JavaFX Application Thread] DEBUG Input                - Registered new binding: Move Right - D
08:14:01.764 [JavaFX Application Thread] DEBUG Input                - Registered new binding: Move Up - W
08:14:01.765 [JavaFX Application Thread] DEBUG Input                - Registered new binding: Move Down - S
08:14:01.765 [JavaFX Application Thread] DEBUG Input                - Registered new binding: Move Left - A
08:14:01.766 [JavaFX Application Thread] DEBUG FXGLAssetLoaderServi - Loading from file system: jar:file:///C:/Users/ADMIN/.m2/repository/com/github/almasb/fxgl/17.1/fxgl-17.1.jar!/fxglassets/textures/fxgl_icon.png
08:14:01.825 [JavaFX Application Thread] DEBUG FXGLAssetLoaderServi - Loading from file system: jar:file:///C:/Users/ADMIN/.m2/repository/com/github/almasb/fxgl/17.1/fxgl-17.1.jar!/fxglassets/textures/fxgl_default_cursor.png
08:14:01.828 [JavaFX Application Thread] DEBUG Input                - Registered new binding: Screenshot - CTRL+8
08:14:01.828 [JavaFX Application Thread] DEBUG Input                - Registered new binding: System info dump - CTRL+9
08:14:01.829 [JavaFX Application Thread] DEBUG Input                - Registered new binding: Restart - CTRL+R
08:14:01.830 [JavaFX Application Thread] DEBUG Input                - Registered new binding: Toggle Debug Camera - CTRL+7
08:14:01.835 [JavaFX Application Thread] DEBUG LoopRunner           - Starting loop
08:14:01.835 [JavaFX Application Thread] DEBUG LoopRunner           - Initializing JavaFX AnimationTimerLoop
08:14:01.841 [JavaFX Application Thread] DEBUG Input                - Clearing active input actions
08:14:01.845 [FXGL Background Thread 4 ] DEBUG FXGLAssetLoaderServi - Loading from file system: jar:file:///C:/Users/ADMIN/.m2/repository/com/github/almasb/fxgl/17.1/fxgl-17.1.jar!/fxglassets/ui/fonts/Abel-Regular.ttf
08:14:01.849 [JavaFX Application Thread] DEBUG GameApplicationServi - Removing overlay from FXGLStartupScene and adding to FXGLMainMenuDummyScene
08:14:01.850 [JavaFX Application Thread] DEBUG PrimaryStageWindow   - FXGLStartupScene -> FXGLMainMenuDummyScene
08:14:01.850 [JavaFX Application Thread] DEBUG PrimaryStageWindow   - Push state: BombermanMenu
08:14:01.850 [JavaFX Application Thread] DEBUG Input                - Clearing active input actions
08:14:01.854 [JavaFX Application Thread] DEBUG GameApplicationServi - Removing overlay from FXGLMainMenuDummyScene and adding to BombermanMenu
08:14:01.856 [JavaFX Application Thread] DEBUG PrimaryStageWindow   - FXGLMainMenuDummyScene -> BombermanMenu
08:14:01.864 [FXGL Background Thread 4 ] DEBUG FXGLAssetLoaderServi - Loading from file system: jar:file:///C:/Users/ADMIN/.m2/repository/com/github/almasb/fxgl/17.1/fxgl-17.1.jar!/fxglassets/ui/fonts/TerminalLandMono-Regular.otf
08:14:01.880 [FXGL Background Thread 4 ] DEBUG FXGLAssetLoaderServi - Loading from file system: jar:file:///C:/Users/ADMIN/.m2/repository/com/github/almasb/fxgl/17.1/fxgl-17.1.jar!/fxglassets/ui/fonts/Courier-Prime.ttf
08:14:01.906 [JavaFX Application Thread] DEBUG FXGLApplication      - Registering font factories with UI factory
08:14:02.422 [FXGL Background Thread 2 ] INFO  UpdaterService       - Your current version:  17.1
08:14:02.423 [FXGL Background Thread 2 ] INFO  UpdaterService       - Latest stable version: 17.2
08:14:02.968 [JavaFX Application Thread] DEBUG Menu                 - fireNewGame()
08:14:02.968 [JavaFX Application Thread] DEBUG GameApplicationServi - Starting new game
08:14:02.968 [JavaFX Application Thread] DEBUG PrimaryStageWindow   - Pop state: BombermanMenu
08:14:02.968 [JavaFX Application Thread] DEBUG Input                - Clearing active input actions
08:14:02.969 [JavaFX Application Thread] DEBUG GameApplicationServi - Removing overlay from BombermanMenu and adding to FXGLMainMenuDummyScene
08:14:02.970 [JavaFX Application Thread] DEBUG PrimaryStageWindow   - FXGLMainMenuDummyScene <- BombermanMenu
08:14:02.970 [JavaFX Application Thread] DEBUG Input                - Clearing active input actions
08:14:02.976 [JavaFX Application Thread] DEBUG GameApplicationServi - Removing overlay from FXGLMainMenuDummyScene and adding to FXGLLoadingScene
08:14:02.976 [JavaFX Application Thread] DEBUG PrimaryStageWindow   - FXGLMainMenuDummyScene -> FXGLLoadingScene
08:14:02.976 [JavaFX Application Thread] DEBUG GameApplicationServi - Clearing previous game
08:14:02.976 [JavaFX Application Thread] DEBUG GameScene            - Clearing game scene
08:14:02.976 [JavaFX Application Thread] DEBUG GameWorld            - Clearing game world
08:14:02.976 [JavaFX Application Thread] DEBUG PhysicsWorld         - Clearing physics world
08:14:02.978 [FXGL Background Thread 2 ] DEBUG FXGLApplication      - Initializing game
08:14:03.012 [FXGL Background Thread 2 ] WARN  TMXLevelLoader       - TiledMap generated from 1.9.2. Supported version: 1.4.2. Some features may not be parsed fully.
08:14:03.019 [FXGL Background Thread 2 ] DEBUG TMXLevelLoader       - Parsed TiledMap: file:/C:/Users/ADMIN/IdeaProjects/BombermanPlus/target/classes/assets/levels/lv1demo.tmx
08:14:03.020 [FXGL Background Thread 2 ] DEBUG TMXLevelLoader       - Creating tile layer entities
08:14:03.024 [FXGL Background Thread 2 ] DEBUG TilesetLoader        - Loading view for layer Tile Layer 1
08:14:03.030 [FXGL Background Thread 2 ] DEBUG TilesetLoader        - Created buffer with size 1488.0x720.0
08:14:03.062 [FXGL Background Thread 2 ] DEBUG TMXLevelLoader       - Creating object layer entities
08:14:03.101 [FXGL Background Thread 2 ] DEBUG FXGLAssetLoaderServi - Loading from file system: file:/C:/Users/ADMIN/IdeaProjects/BombermanPlus/target/classes/assets/textures/sprites.png
08:14:03.138 [FXGL Background Thread 2 ] DEBUG GameWorld            - Clearing removable entities
08:14:03.138 [FXGL Background Thread 2 ] DEBUG GameWorld            - Setting level: com.almasb.fxgl.entity.level.Level@4edd3cf5
08:14:03.147 [FXGL Background Thread 2 ] INFO  FXGLApplication      - Game initialization took: 0.168 sec
08:14:03.148 [JavaFX Application Thread] DEBUG Input                - Clearing active input actions
08:14:03.153 [JavaFX Application Thread] DEBUG GameApplicationServi - Removing overlay from FXGLLoadingScene and adding to GameScene
08:14:03.154 [JavaFX Application Thread] DEBUG PrimaryStageWindow   - FXGLLoadingScene -> GameScene
08:14:04.735 [FXGL Background Thread 3 ] DEBUG Engine               - Logging environment variables
08:14:04.736 [FXGL Background Thread 3 ] DEBUG Engine               - achievements: []
08:14:04.736 [FXGL Background Thread 3 ] DEBUG Engine               - actualHeight: 720.0
08:14:04.736 [FXGL Background Thread 3 ] DEBUG Engine               - actualHeightProperty: ReadOnlyDoubleProperty [value: 720.0]
08:14:04.736 [FXGL Background Thread 3 ] DEBUG Engine               - actualWidth: 1080.0
08:14:04.736 [FXGL Background Thread 3 ] DEBUG Engine               - actualWidthProperty: ReadOnlyDoubleProperty [value: 1080.0]
08:14:04.736 [FXGL Background Thread 3 ] DEBUG Engine               - appIcon: fxgl_icon.png
08:14:04.736 [FXGL Background Thread 3 ] DEBUG Engine               - applicationMode: DEVELOPER
08:14:04.737 [FXGL Background Thread 3 ] DEBUG Engine               - cSSList: [fxgl_dark.css]
08:14:04.737 [FXGL Background Thread 3 ] DEBUG Engine               - collisionDetectionStrategy: BRUTE_FORCE
08:14:04.737 [FXGL Background Thread 3 ] DEBUG Engine               - configClass: Optional.empty
08:14:04.737 [FXGL Background Thread 3 ] DEBUG Engine               - credits: []
08:14:04.738 [FXGL Background Thread 3 ] DEBUG Engine               - defaultCursor: CursorInfo(imageName=fxgl_default_cursor.png, hotspotX=7.0, hotspotY=6.0)
08:14:04.739 [FXGL Background Thread 3 ] DEBUG Engine               - devBBoxColorProperty: ObjectProperty [value: 0xff0000ff]
08:14:04.739 [FXGL Background Thread 3 ] DEBUG Engine               - devEnableDebugCameraProperty: BooleanProperty [value: false]
08:14:04.739 [FXGL Background Thread 3 ] DEBUG Engine               - devSensorColorProperty: ObjectProperty [value: 0xffff00ff]
08:14:04.739 [FXGL Background Thread 3 ] DEBUG Engine               - devShowBBoxProperty: BooleanProperty [value: false]
08:14:04.739 [FXGL Background Thread 3 ] DEBUG Engine               - devShowPositionProperty: BooleanProperty [value: false]
08:14:04.739 [FXGL Background Thread 3 ] DEBUG Engine               - enabledMenuItems: []
08:14:04.739 [FXGL Background Thread 3 ] DEBUG Engine               - engineServices: [class com.almasb.fxgl.app.services.FXGLAssetLoaderService, class com.almasb.fxgl.app.FXGLApplication$GameApplicationService, class com.almasb.fxgl.app.services.FXGLDialogService, class com.almasb.fxgl.app.services.IOTaskExecutorService, class com.almasb.fxgl.io.FileSystemService, class com.almasb.fxgl.localization.LocalizationService, class com.almasb.fxgl.app.services.SystemBundleService, class com.almasb.fxgl.profile.SaveLoadService, class com.almasb.fxgl.ui.FXGLUIFactoryServiceProvider, class com.almasb.fxgl.ui.FXGLDialogFactoryServiceProvider, class com.almasb.fxgl.audio.AudioPlayer, class com.almasb.fxgl.notification.impl.NotificationServiceProvider, class com.almasb.fxgl.achievement.AchievementService, class com.almasb.fxgl.cutscene.CutsceneService, class com.almasb.fxgl.minigames.MiniGameService, class com.almasb.fxgl.net.NetService, class com.almasb.fxgl.app.services.UpdaterService, class com.almasb.fxgl.dev.DevService]
08:14:04.739 [FXGL Background Thread 3 ] DEBUG Engine               - fontGame: Abel-Regular.ttf
08:14:04.739 [FXGL Background Thread 3 ] DEBUG Engine               - fontMono: TerminalLandMono-Regular.otf
08:14:04.739 [FXGL Background Thread 3 ] DEBUG Engine               - fontText: Courier-Prime.ttf
08:14:04.739 [FXGL Background Thread 3 ] DEBUG Engine               - fontUI: VarelaRound-Regular.ttf
08:14:04.739 [FXGL Background Thread 3 ] DEBUG Engine               - fullScreen: BooleanProperty [value: false]
08:14:04.739 [FXGL Background Thread 3 ] DEBUG Engine               - gameDifficulty: MEDIUM
08:14:04.739 [FXGL Background Thread 3 ] DEBUG Engine               - gameDifficultyProperty: ObjectProperty [value: MEDIUM]
08:14:04.739 [FXGL Background Thread 3 ] DEBUG Engine               - globalMusicVolume: 0.5
08:14:04.739 [FXGL Background Thread 3 ] DEBUG Engine               - globalMusicVolumeProperty: DoubleProperty [value: 0.5]
08:14:04.739 [FXGL Background Thread 3 ] DEBUG Engine               - globalSoundVolume: 0.5
08:14:04.739 [FXGL Background Thread 3 ] DEBUG Engine               - globalSoundVolumeProperty: DoubleProperty [value: 0.5]
08:14:04.739 [FXGL Background Thread 3 ] DEBUG Engine               - height: 720
08:14:04.739 [FXGL Background Thread 3 ] DEBUG Engine               - is3D: false
08:14:04.739 [FXGL Background Thread 3 ] DEBUG Engine               - isAndroid: false
08:14:04.739 [FXGL Background Thread 3 ] DEBUG Engine               - isBrowser: false
08:14:04.739 [FXGL Background Thread 3 ] DEBUG Engine               - isClickFeedbackEnabled: false
08:14:04.739 [FXGL Background Thread 3 ] DEBUG Engine               - isCloseConfirmation: false
08:14:04.739 [FXGL Background Thread 3 ] DEBUG Engine               - isDesktop: true
08:14:04.739 [FXGL Background Thread 3 ] DEBUG Engine               - isDeveloperMenuEnabled: false
08:14:04.740 [FXGL Background Thread 3 ] DEBUG Engine               - isEmbedded: false
08:14:04.740 [FXGL Background Thread 3 ] DEBUG Engine               - isEntityPreloadEnabled: true
08:14:04.740 [FXGL Background Thread 3 ] DEBUG Engine               - isExperimentalTiledLargeMap: false
08:14:04.740 [FXGL Background Thread 3 ] DEBUG Engine               - isFileSystemWriteAllowed: true
08:14:04.740 [FXGL Background Thread 3 ] DEBUG Engine               - isFullScreenAllowed: false
08:14:04.740 [FXGL Background Thread 3 ] DEBUG Engine               - isFullScreenFromStart: false
08:14:04.740 [FXGL Background Thread 3 ] DEBUG Engine               - isGameMenuEnabled: false
08:14:04.740 [FXGL Background Thread 3 ] DEBUG Engine               - isIOS: false
08:14:04.740 [FXGL Background Thread 3 ] DEBUG Engine               - isIntroEnabled: false
08:14:04.740 [FXGL Background Thread 3 ] DEBUG Engine               - isLinux: false
08:14:04.740 [FXGL Background Thread 3 ] DEBUG Engine               - isMac: false
08:14:04.740 [FXGL Background Thread 3 ] DEBUG Engine               - isMainMenuEnabled: true
08:14:04.740 [FXGL Background Thread 3 ] DEBUG Engine               - isManualResizeEnabled: false
08:14:04.740 [FXGL Background Thread 3 ] DEBUG Engine               - isMobile: false
08:14:04.740 [FXGL Background Thread 3 ] DEBUG Engine               - isNative: false
08:14:04.740 [FXGL Background Thread 3 ] DEBUG Engine               - isPauseMusicWhenMinimized: true
08:14:04.740 [FXGL Background Thread 3 ] DEBUG Engine               - isPreserveResizeRatio: false
08:14:04.740 [FXGL Background Thread 3 ] DEBUG Engine               - isProfilingEnabled: false
08:14:04.740 [FXGL Background Thread 3 ] DEBUG Engine               - isScaleAffectedOnResize: true
08:14:04.740 [FXGL Background Thread 3 ] DEBUG Engine               - isSingleStep: false
08:14:04.740 [FXGL Background Thread 3 ] DEBUG Engine               - isUserProfileEnabled: false
08:14:04.740 [FXGL Background Thread 3 ] DEBUG Engine               - isWindows: true
08:14:04.740 [FXGL Background Thread 3 ] DEBUG Engine               - language: ObjectProperty [value: ENGLISH]
08:14:04.740 [FXGL Background Thread 3 ] DEBUG Engine               - menuKey: ESCAPE
08:14:04.740 [FXGL Background Thread 3 ] DEBUG Engine               - mouseSensitivity: 0.2
08:14:04.740 [FXGL Background Thread 3 ] DEBUG Engine               - notificationViewClass: class com.almasb.fxgl.notification.view.XboxNotificationView
08:14:04.740 [FXGL Background Thread 3 ] DEBUG Engine               - pixelsPerMeter: 50.0
08:14:04.740 [FXGL Background Thread 3 ] DEBUG Engine               - platform: WINDOWS
08:14:04.740 [FXGL Background Thread 3 ] DEBUG Engine               - prefHeightProperty: ReadOnlyDoubleProperty [value: 720.0]
08:14:04.740 [FXGL Background Thread 3 ] DEBUG Engine               - prefWidthProperty: ReadOnlyDoubleProperty [value: 1080.0]
08:14:04.740 [FXGL Background Thread 3 ] DEBUG Engine               - profileDir: profiles/
08:14:04.741 [FXGL Background Thread 3 ] DEBUG Engine               - profileName: StringProperty [value: DEFAULT]
08:14:04.741 [FXGL Background Thread 3 ] DEBUG Engine               - randomSeed: -1
08:14:04.741 [FXGL Background Thread 3 ] DEBUG Engine               - runtimeInfo: RuntimeInfo(platform=WINDOWS, version=17.1, build=24.03.2022 17.34)
08:14:04.741 [FXGL Background Thread 3 ] DEBUG Engine               - saveFileExt: sav
08:14:04.741 [FXGL Background Thread 3 ] DEBUG Engine               - scaledHeightProp$fxgl: DoubleProperty [bound, value: 720.0]
08:14:04.741 [FXGL Background Thread 3 ] DEBUG Engine               - scaledWidthProp$fxgl: DoubleProperty [bound, value: 1080.0]
08:14:04.741 [FXGL Background Thread 3 ] DEBUG Engine               - sceneFactory: com.bomberman.bombermanplus.BombermanApp$1@5614c7fd
08:14:04.741 [FXGL Background Thread 3 ] DEBUG Engine               - secondsIn24h: 60
08:14:04.741 [FXGL Background Thread 3 ] DEBUG Engine               - soundMenuBack: menu/back.wav
08:14:04.741 [FXGL Background Thread 3 ] DEBUG Engine               - soundMenuPress: menu/press.wav
08:14:04.741 [FXGL Background Thread 3 ] DEBUG Engine               - soundMenuSelect: menu/select.wav
08:14:04.741 [FXGL Background Thread 3 ] DEBUG Engine               - soundNotification: core/notification.wav
08:14:04.741 [FXGL Background Thread 3 ] DEBUG Engine               - stageStyle: DECORATED
08:14:04.741 [FXGL Background Thread 3 ] DEBUG Engine               - supportedLanguages: [ENGLISH, FRENCH, GERMAN, HUNGARIAN, RUSSIAN]
08:14:04.741 [FXGL Background Thread 3 ] DEBUG Engine               - ticksPerSecond: -1
08:14:04.741 [FXGL Background Thread 3 ] DEBUG Engine               - title: BOMBERMAN
08:14:04.741 [FXGL Background Thread 3 ] DEBUG Engine               - urlGithub: https://github.com/AlmasB/FXGL
08:14:04.741 [FXGL Background Thread 3 ] DEBUG Engine               - urlLeaderboard: http://fxgl-top.herokuapp.com/
08:14:04.741 [FXGL Background Thread 3 ] DEBUG Engine               - urlPOM: https://raw.githubusercontent.com/AlmasB/FXGL/release/README.md
08:14:04.741 [FXGL Background Thread 3 ] DEBUG Engine               - userAppClass: class com.bomberman.bombermanplus.BombermanApp
08:14:04.741 [FXGL Background Thread 3 ] DEBUG Engine               - version: 1.0
08:14:04.741 [FXGL Background Thread 3 ] DEBUG Engine               - versionCheckDays: 7
08:14:04.741 [FXGL Background Thread 3 ] DEBUG Engine               - width: 1080
08:14:04.741 [FXGL Background Thread 3 ] DEBUG Engine               - Logging services
08:14:04.741 [FXGL Background Thread 3 ] DEBUG Engine               - class com.almasb.fxgl.app.services.FXGLAssetLoaderService
08:14:04.741 [FXGL Background Thread 3 ] DEBUG Engine               - class com.almasb.fxgl.app.FXGLApplication$GameApplicationService
08:14:04.741 [FXGL Background Thread 3 ] DEBUG Engine               - class com.almasb.fxgl.app.services.FXGLDialogService
08:14:04.741 [FXGL Background Thread 3 ] DEBUG Engine               - class com.almasb.fxgl.app.services.IOTaskExecutorService
08:14:04.741 [FXGL Background Thread 3 ] DEBUG Engine               - class com.almasb.fxgl.io.FileSystemService
08:14:04.741 [FXGL Background Thread 3 ] DEBUG Engine               - class com.almasb.fxgl.localization.LocalizationService
08:14:04.741 [FXGL Background Thread 3 ] DEBUG Engine               - class com.almasb.fxgl.app.services.SystemBundleService
08:14:04.741 [FXGL Background Thread 3 ] DEBUG Engine               - class com.almasb.fxgl.profile.SaveLoadService
08:14:04.742 [FXGL Background Thread 3 ] DEBUG Engine               - class com.almasb.fxgl.ui.FXGLUIFactoryServiceProvider
08:14:04.742 [FXGL Background Thread 3 ] DEBUG Engine               - class com.almasb.fxgl.ui.FXGLDialogFactoryServiceProvider
08:14:04.742 [FXGL Background Thread 3 ] DEBUG Engine               - class com.almasb.fxgl.audio.AudioPlayer
08:14:04.742 [FXGL Background Thread 3 ] DEBUG Engine               - class com.almasb.fxgl.notification.impl.NotificationServiceProvider
08:14:04.742 [FXGL Background Thread 3 ] DEBUG Engine               - class com.almasb.fxgl.achievement.AchievementService
08:14:04.742 [FXGL Background Thread 3 ] DEBUG Engine               - class com.almasb.fxgl.cutscene.CutsceneService
08:14:04.742 [FXGL Background Thread 3 ] DEBUG Engine               - class com.almasb.fxgl.minigames.MiniGameService
08:14:04.742 [FXGL Background Thread 3 ] DEBUG Engine               - class com.almasb.fxgl.net.NetService
08:14:04.742 [FXGL Background Thread 3 ] DEBUG Engine               - class com.almasb.fxgl.app.services.UpdaterService
08:14:04.742 [FXGL Background Thread 3 ] DEBUG Engine               - class com.almasb.fxgl.dev.DevService
08:14:26.682 [JavaFX Application Thread] DEBUG FXGLApplication      - Exiting FXGL
08:14:26.682 [JavaFX Application Thread] DEBUG LoopRunner           - Stopping loop
08:14:26.682 [JavaFX Application Thread] DEBUG SystemBundleService  - Saving FXGL system data
08:14:26.689 [JavaFX Application Thread] DEBUG FileSystemAccess     - Writing to: C:\Users\ADMIN\IdeaProjects\BombermanPlus\system\fxgl.bundle
08:14:26.692 [JavaFX Application Thread] DEBUG Async                - Shutting down background threads
08:14:26.692 [JavaFX Application Thread] DEBUG PrimaryStageWindow   - Closing main window
08:14:26.702 [JavaFX Application Thread] DEBUG Logger               - Closing Logger
