10:16:35.531 [main                     ] DEBUG Logger               - Configured Logger
10:16:35.545 [main                     ] DEBUG GameApplication      - Logging settings
Title: BOMBERMAN
Version: 1.0
Width: 1080
Height: 720
Fullscreen: false
Intro: false
Profiling: false
Single step:false
App Mode: DEVELOPER
Menu Key: ESCAPE
Stage Style: DECORATED
Scene Factory: class com.bomberman.bombermanplus.BombermanApp$1

10:16:35.809 [JavaFX Application Thread] DEBUG FXGLApplication      - Initializing FXGL
10:16:35.812 [JavaFX Application Thread] INFO  Engine               - FXGL-17.1 (24.03.2022 17.34) on WINDOWS (J:19 FX:19-ea)
10:16:35.813 [JavaFX Application Thread] DEBUG Engine               - JRE Vendor Name: Oracle Corporation
10:16:35.813 [JavaFX Application Thread] DEBUG Engine               - Running on OS: Windows 11 version 10.0
10:16:35.813 [JavaFX Application Thread] DEBUG Engine               - Architecture: amd64
10:16:35.813 [JavaFX Application Thread] INFO  Engine               - Source code and latest versions at: https://github.com/AlmasB/FXGL
10:16:35.813 [JavaFX Application Thread] INFO  Engine               -       Ask questions and discuss at: https://github.com/AlmasB/FXGL/discussions
10:16:35.813 [JavaFX Application Thread] INFO  Engine               -              Join the FXGL chat at: https://gitter.im/AlmasB/FXGL
10:16:35.872 [JavaFX Application Thread] DEBUG PrimaryStageWindow   - Creating a JavaFX scene
10:16:35.902 [JavaFX Application Thread] DEBUG PrimaryStageWindow   - Target settings size: 1080.0 x 720.0
10:16:35.903 [JavaFX Application Thread] DEBUG PrimaryStageWindow   - Scaled scene size:    1080.0 x 720.0
10:16:35.903 [JavaFX Application Thread] DEBUG PrimaryStageWindow   - Scaled ratio: (1.0, 1.0)
10:16:35.903 [JavaFX Application Thread] DEBUG PrimaryStageWindow   - Set initial scene to FXGLStartupScene
10:16:35.908 [JavaFX Application Thread] DEBUG PrimaryStageWindow   - Opening main window
10:16:35.970 [JavaFX Application Thread] DEBUG PrimaryStageWindow   - Window border size: (14.4000244140625, 37.5999755859375)
10:16:35.970 [JavaFX Application Thread] DEBUG PrimaryStageWindow   - Scaled size: 1080.0 x 720.0
10:16:35.970 [JavaFX Application Thread] DEBUG PrimaryStageWindow   - Scaled ratio: (1.0, 1.0)
10:16:35.971 [JavaFX Application Thread] DEBUG PrimaryStageWindow   - Scene size: 1080.0 x 720.0
10:16:35.971 [JavaFX Application Thread] DEBUG PrimaryStageWindow   - Stage size: 1094.4000244140625 x 757.5999755859375
10:16:35.976 [FXGL Background Thread 1 ] DEBUG Engine               - Initializing environment variables
10:16:36.020 [FXGL Background Thread 1 ] DEBUG FXGLAssetLoaderServi - User app class for loading assets: class com.bomberman.bombermanplus.BombermanApp
10:16:36.021 [FXGL Background Thread 1 ] DEBUG GameApplicationServi - Applying CSS: fxgl_dark.css
10:16:36.022 [FXGL Background Thread 1 ] DEBUG FXGLAssetLoaderServi - Loading from file system: jar:file:///C:/Users/ADMIN/.m2/repository/com/github/almasb/fxgl/17.1/fxgl-17.1.jar!/fxglassets/ui/css/fxgl_dark.css
10:16:36.053 [FXGL Background Thread 1 ] DEBUG GameApplicationServi - Initializing application scenes
10:16:36.081 [FXGL Background Thread 1 ] DEBUG GameWorld            - Game world initialized
10:16:36.138 [FXGL Background Thread 1 ] DEBUG PhysicsWorld         - Physics world initialized: appHeight=720, physics.ppm=50.0
10:16:36.139 [FXGL Background Thread 1 ] DEBUG PhysicsWorld         - Using strategy: BRUTE_FORCE
10:16:36.143 [FXGL Background Thread 1 ] DEBUG GameScene            - Game scene initialized: 1080x720
10:16:36.186 [FXGL Background Thread 1 ] DEBUG GameApplicationServi - Application scenes initialized
10:16:36.196 [FXGL Background Thread 1 ] DEBUG SystemBundleService  - Loading FXGL system data
10:16:36.199 [FXGL Background Thread 1 ] DEBUG FileSystemAccess     - Reading from: C:\Users\ADMIN\IdeaProjects\BombermanPlus\system\fxgl.bundle
10:16:36.208 [FXGL Background Thread 1 ] DEBUG SystemBundleService  - Bundle FXGL: {}
10:16:36.208 [FXGL Background Thread 1 ] DEBUG UpdaterService       - Checking for updates
10:16:36.227 [FXGL Background Thread 4 ] DEBUG FXGLApplication      - Loading fonts
10:16:36.227 [FXGL Background Thread 1 ] DEBUG FXGLApplication      - Loading default localization
10:16:36.227 [FXGL Background Thread 4 ] DEBUG FXGLAssetLoaderServi - Loading from file system: file:/C:/Users/ADMIN/IdeaProjects/BombermanPlus/target/classes/assets/ui/fonts/Retro%20Gaming.ttf
10:16:36.227 [FXGL Background Thread 1 ] DEBUG FXGLAssetLoaderServi - Loading from file system: jar:file:///C:/Users/ADMIN/.m2/repository/com/github/almasb/fxgl/17.1/fxgl-17.1.jar!/fxglassets/languages/english.lang
10:16:36.239 [FXGL Background Thread 1 ] INFO  FXGLApplication      - FXGL initialization took: 0.263 sec
10:16:36.245 [JavaFX Application Thread] DEBUG Input                - Registered new binding: Move Right - D
10:16:36.246 [JavaFX Application Thread] DEBUG Input                - Registered new binding: Move Up - W
10:16:36.246 [JavaFX Application Thread] DEBUG Input                - Registered new binding: Move Down - S
10:16:36.246 [JavaFX Application Thread] DEBUG Input                - Registered new binding: Move Left - A
10:16:36.246 [JavaFX Application Thread] DEBUG Input                - Registered new binding: Place bomb - Space
10:16:36.246 [JavaFX Application Thread] DEBUG FXGLAssetLoaderServi - Loading from file system: file:/C:/Users/ADMIN/IdeaProjects/BombermanPlus/target/classes/assets/music/title_screen.mp3
10:16:36.292 [FXGL Background Thread 4 ] DEBUG FXGLAssetLoaderServi - Loading from file system: jar:file:///C:/Users/ADMIN/.m2/repository/com/github/almasb/fxgl/17.1/fxgl-17.1.jar!/fxglassets/ui/fonts/Abel-Regular.ttf
10:16:36.308 [FXGL Background Thread 4 ] DEBUG FXGLAssetLoaderServi - Loading from file system: jar:file:///C:/Users/ADMIN/.m2/repository/com/github/almasb/fxgl/17.1/fxgl-17.1.jar!/fxglassets/ui/fonts/TerminalLandMono-Regular.otf
10:16:36.326 [FXGL Background Thread 4 ] DEBUG FXGLAssetLoaderServi - Loading from file system: jar:file:///C:/Users/ADMIN/.m2/repository/com/github/almasb/fxgl/17.1/fxgl-17.1.jar!/fxglassets/ui/fonts/Courier-Prime.ttf
10:16:36.804 [JavaFX Application Thread] DEBUG AudioPlayer          - Playing music com.almasb.fxgl.audio.Music@7fd14ed1
10:16:36.804 [JavaFX Application Thread] DEBUG FXGLAssetLoaderServi - Loading from file system: jar:file:///C:/Users/ADMIN/.m2/repository/com/github/almasb/fxgl/17.1/fxgl-17.1.jar!/fxglassets/textures/fxgl_icon.png
10:16:36.825 [JavaFX Application Thread] DEBUG FXGLAssetLoaderServi - Loading from file system: jar:file:///C:/Users/ADMIN/.m2/repository/com/github/almasb/fxgl/17.1/fxgl-17.1.jar!/fxglassets/textures/fxgl_default_cursor.png
10:16:36.827 [JavaFX Application Thread] DEBUG Input                - Registered new binding: Screenshot - CTRL+8
10:16:36.827 [JavaFX Application Thread] DEBUG Input                - Registered new binding: Dev Options - 1
10:16:36.828 [JavaFX Application Thread] DEBUG Input                - Registered new binding: Dev Console - 2
10:16:36.828 [JavaFX Application Thread] DEBUG Input                - Registered new binding: System info dump - CTRL+9
10:16:36.828 [JavaFX Application Thread] DEBUG Input                - Registered new binding: Restart - CTRL+R
10:16:36.828 [JavaFX Application Thread] DEBUG Input                - Registered new binding: Toggle Debug Camera - CTRL+7
10:16:36.830 [JavaFX Application Thread] DEBUG AchievementService   - Registered new achievement: Slayer
10:16:36.830 [JavaFX Application Thread] DEBUG AchievementService   - Registered new achievement: See the world
10:16:36.830 [JavaFX Application Thread] DEBUG AchievementService   - Registered new achievement: Score owner
10:16:36.830 [JavaFX Application Thread] DEBUG LoopRunner           - Starting loop
10:16:36.837 [JavaFX Application Thread] DEBUG LoopRunner           - Initializing JavaFX AnimationTimerLoop
10:16:36.839 [JavaFX Application Thread] DEBUG Input                - Clearing active input actions
10:16:36.845 [JavaFX Application Thread] DEBUG GameApplicationServi - Removing overlay from FXGLStartupScene and adding to FXGLMainMenuDummyScene
10:16:36.848 [JavaFX Application Thread] DEBUG PrimaryStageWindow   - FXGLStartupScene -> FXGLMainMenuDummyScene
10:16:36.848 [JavaFX Application Thread] DEBUG PrimaryStageWindow   - Push state: BombermanMenu
10:16:36.848 [JavaFX Application Thread] DEBUG Input                - Clearing active input actions
10:16:36.849 [JavaFX Application Thread] DEBUG GameApplicationServi - Removing overlay from FXGLMainMenuDummyScene and adding to BombermanMenu
10:16:36.850 [JavaFX Application Thread] DEBUG PrimaryStageWindow   - FXGLMainMenuDummyScene -> BombermanMenu
10:16:36.858 [JavaFX Application Thread] DEBUG FXGLApplication      - Registering font factories with UI factory
10:16:36.948 [FXGL Background Thread 2 ] INFO  UpdaterService       - Your current version:  17.1
10:16:36.948 [FXGL Background Thread 2 ] INFO  UpdaterService       - Latest stable version: 17.2
10:16:37.500 [JavaFX Application Thread] DEBUG Menu                 - fireNewGame()
10:16:37.501 [JavaFX Application Thread] DEBUG GameApplicationServi - Starting new game
10:16:37.501 [JavaFX Application Thread] DEBUG PrimaryStageWindow   - Pop state: BombermanMenu
10:16:37.501 [JavaFX Application Thread] DEBUG Input                - Clearing active input actions
10:16:37.501 [JavaFX Application Thread] DEBUG GameApplicationServi - Removing overlay from BombermanMenu and adding to FXGLMainMenuDummyScene
10:16:37.503 [JavaFX Application Thread] DEBUG PrimaryStageWindow   - FXGLMainMenuDummyScene <- BombermanMenu
10:16:37.504 [JavaFX Application Thread] DEBUG Input                - Clearing active input actions
10:16:37.507 [JavaFX Application Thread] DEBUG GameApplicationServi - Removing overlay from FXGLMainMenuDummyScene and adding to FXGLLoadingScene
10:16:37.507 [JavaFX Application Thread] DEBUG PrimaryStageWindow   - FXGLMainMenuDummyScene -> FXGLLoadingScene
10:16:37.507 [JavaFX Application Thread] DEBUG GameApplicationServi - Clearing previous game
10:16:37.507 [JavaFX Application Thread] DEBUG GameScene            - Clearing game scene
10:16:37.507 [JavaFX Application Thread] DEBUG GameWorld            - Clearing game world
10:16:37.508 [JavaFX Application Thread] DEBUG PhysicsWorld         - Clearing physics world
10:16:37.509 [FXGL Background Thread 2 ] DEBUG FXGLApplication      - Initializing game
10:16:37.515 [FXGL Background Thread 2 ] DEBUG FXGLAssetLoaderServi - Loading from file system: file:/C:/Users/ADMIN/IdeaProjects/BombermanPlus/target/classes/assets/sounds/stage_start.wav
10:16:37.543 [FXGL Background Thread 2 ] INFO  FXGLApplication      - Game initialization took: 0.033 sec
10:16:37.544 [JavaFX Application Thread] DEBUG Input                - Clearing active input actions
10:16:37.548 [JavaFX Application Thread] DEBUG GameApplicationServi - Removing overlay from FXGLLoadingScene and adding to GameScene
10:16:37.550 [JavaFX Application Thread] DEBUG PrimaryStageWindow   - FXGLLoadingScene -> GameScene
10:16:39.228 [FXGL Background Thread 3 ] DEBUG Engine               - Logging environment variables
10:16:39.228 [FXGL Background Thread 3 ] DEBUG Engine               - achievements: [Slayer:achieved(false), See the world:achieved(false), Score owner:achieved(false)]
10:16:39.228 [FXGL Background Thread 3 ] DEBUG Engine               - actualHeight: 720.0
10:16:39.229 [FXGL Background Thread 3 ] DEBUG Engine               - actualHeightProperty: ReadOnlyDoubleProperty [value: 720.0]
10:16:39.229 [FXGL Background Thread 3 ] DEBUG Engine               - actualWidth: 1080.0
10:16:39.229 [FXGL Background Thread 3 ] DEBUG Engine               - actualWidthProperty: ReadOnlyDoubleProperty [value: 1080.0]
10:16:39.229 [FXGL Background Thread 3 ] DEBUG Engine               - appIcon: fxgl_icon.png
10:16:39.229 [FXGL Background Thread 3 ] DEBUG Engine               - applicationMode: DEVELOPER
10:16:39.229 [FXGL Background Thread 3 ] DEBUG Engine               - cSSList: [fxgl_dark.css]
10:16:39.229 [FXGL Background Thread 3 ] DEBUG Engine               - collisionDetectionStrategy: BRUTE_FORCE
10:16:39.229 [FXGL Background Thread 3 ] DEBUG Engine               - configClass: Optional.empty
10:16:39.229 [FXGL Background Thread 3 ] DEBUG Engine               - credits: []
10:16:39.230 [FXGL Background Thread 3 ] DEBUG Engine               - defaultCursor: CursorInfo(imageName=fxgl_default_cursor.png, hotspotX=7.0, hotspotY=6.0)
10:16:39.230 [FXGL Background Thread 3 ] DEBUG Engine               - devBBoxColorProperty: ObjectProperty [value: 0xff0000ff]
10:16:39.230 [FXGL Background Thread 3 ] DEBUG Engine               - devEnableDebugCameraProperty: BooleanProperty [value: false]
10:16:39.230 [FXGL Background Thread 3 ] DEBUG Engine               - devSensorColorProperty: ObjectProperty [value: 0xffff00ff]
10:16:39.230 [FXGL Background Thread 3 ] DEBUG Engine               - devShowBBoxProperty: BooleanProperty [value: false]
10:16:39.230 [FXGL Background Thread 3 ] DEBUG Engine               - devShowPositionProperty: BooleanProperty [value: false]
10:16:39.230 [FXGL Background Thread 3 ] DEBUG Engine               - enabledMenuItems: []
10:16:39.230 [FXGL Background Thread 3 ] DEBUG Engine               - engineServices: [class com.almasb.fxgl.app.services.FXGLAssetLoaderService, class com.almasb.fxgl.app.FXGLApplication$GameApplicationService, class com.almasb.fxgl.app.services.FXGLDialogService, class com.almasb.fxgl.app.services.IOTaskExecutorService, class com.almasb.fxgl.io.FileSystemService, class com.almasb.fxgl.localization.LocalizationService, class com.almasb.fxgl.app.services.SystemBundleService, class com.almasb.fxgl.profile.SaveLoadService, class com.almasb.fxgl.ui.FXGLUIFactoryServiceProvider, class com.almasb.fxgl.ui.FXGLDialogFactoryServiceProvider, class com.almasb.fxgl.audio.AudioPlayer, class com.almasb.fxgl.notification.impl.NotificationServiceProvider, class com.almasb.fxgl.achievement.AchievementService, class com.almasb.fxgl.cutscene.CutsceneService, class com.almasb.fxgl.minigames.MiniGameService, class com.almasb.fxgl.net.NetService, class com.almasb.fxgl.app.services.UpdaterService, class com.almasb.fxgl.dev.DevService]
10:16:39.230 [FXGL Background Thread 3 ] DEBUG Engine               - fontGame: Abel-Regular.ttf
10:16:39.230 [FXGL Background Thread 3 ] DEBUG Engine               - fontMono: TerminalLandMono-Regular.otf
10:16:39.231 [FXGL Background Thread 3 ] DEBUG Engine               - fontText: Courier-Prime.ttf
10:16:39.231 [FXGL Background Thread 3 ] DEBUG Engine               - fontUI: Retro Gaming.ttf
10:16:39.231 [FXGL Background Thread 3 ] DEBUG Engine               - fullScreen: BooleanProperty [value: false]
10:16:39.231 [FXGL Background Thread 3 ] DEBUG Engine               - gameDifficulty: MEDIUM
10:16:39.231 [FXGL Background Thread 3 ] DEBUG Engine               - gameDifficultyProperty: ObjectProperty [value: MEDIUM]
10:16:39.231 [FXGL Background Thread 3 ] DEBUG Engine               - globalMusicVolume: 0.5
10:16:39.231 [FXGL Background Thread 3 ] DEBUG Engine               - globalMusicVolumeProperty: DoubleProperty [value: 0.0]
10:16:39.231 [FXGL Background Thread 3 ] DEBUG Engine               - globalSoundVolume: 0.5
10:16:39.231 [FXGL Background Thread 3 ] DEBUG Engine               - globalSoundVolumeProperty: DoubleProperty [value: 0.4]
10:16:39.231 [FXGL Background Thread 3 ] DEBUG Engine               - height: 720
10:16:39.231 [FXGL Background Thread 3 ] DEBUG Engine               - is3D: false
10:16:39.231 [FXGL Background Thread 3 ] DEBUG Engine               - isAndroid: false
10:16:39.231 [FXGL Background Thread 3 ] DEBUG Engine               - isBrowser: false
10:16:39.231 [FXGL Background Thread 3 ] DEBUG Engine               - isClickFeedbackEnabled: false
10:16:39.231 [FXGL Background Thread 3 ] DEBUG Engine               - isCloseConfirmation: false
10:16:39.231 [FXGL Background Thread 3 ] DEBUG Engine               - isDesktop: true
10:16:39.231 [FXGL Background Thread 3 ] DEBUG Engine               - isDeveloperMenuEnabled: true
10:16:39.231 [FXGL Background Thread 3 ] DEBUG Engine               - isEmbedded: false
10:16:39.231 [FXGL Background Thread 3 ] DEBUG Engine               - isEntityPreloadEnabled: true
10:16:39.232 [FXGL Background Thread 3 ] DEBUG Engine               - isExperimentalTiledLargeMap: false
10:16:39.232 [FXGL Background Thread 3 ] DEBUG Engine               - isFileSystemWriteAllowed: true
10:16:39.232 [FXGL Background Thread 3 ] DEBUG Engine               - isFullScreenAllowed: false
10:16:39.232 [FXGL Background Thread 3 ] DEBUG Engine               - isFullScreenFromStart: false
10:16:39.232 [FXGL Background Thread 3 ] DEBUG Engine               - isGameMenuEnabled: true
10:16:39.232 [FXGL Background Thread 3 ] DEBUG Engine               - isIOS: false
10:16:39.232 [FXGL Background Thread 3 ] DEBUG Engine               - isIntroEnabled: false
10:16:39.232 [FXGL Background Thread 3 ] DEBUG Engine               - isLinux: false
10:16:39.232 [FXGL Background Thread 3 ] DEBUG Engine               - isMac: false
10:16:39.232 [FXGL Background Thread 3 ] DEBUG Engine               - isMainMenuEnabled: true
10:16:39.232 [FXGL Background Thread 3 ] DEBUG Engine               - isManualResizeEnabled: true
10:16:39.232 [FXGL Background Thread 3 ] DEBUG Engine               - isMobile: false
10:16:39.232 [FXGL Background Thread 3 ] DEBUG Engine               - isNative: false
10:16:39.232 [FXGL Background Thread 3 ] DEBUG Engine               - isPauseMusicWhenMinimized: true
10:16:39.232 [FXGL Background Thread 3 ] DEBUG Engine               - isPreserveResizeRatio: true
10:16:39.232 [FXGL Background Thread 3 ] DEBUG Engine               - isProfilingEnabled: false
10:16:39.232 [FXGL Background Thread 3 ] DEBUG Engine               - isScaleAffectedOnResize: true
10:16:39.232 [FXGL Background Thread 3 ] DEBUG Engine               - isSingleStep: false
10:16:39.232 [FXGL Background Thread 3 ] DEBUG Engine               - isUserProfileEnabled: false
10:16:39.232 [FXGL Background Thread 3 ] DEBUG Engine               - isWindows: true
10:16:39.232 [FXGL Background Thread 3 ] DEBUG Engine               - language: ObjectProperty [value: ENGLISH]
10:16:39.232 [FXGL Background Thread 3 ] DEBUG Engine               - menuKey: ESCAPE
10:16:39.233 [FXGL Background Thread 3 ] DEBUG Engine               - mouseSensitivity: 0.2
10:16:39.233 [FXGL Background Thread 3 ] DEBUG Engine               - notificationViewClass: class com.almasb.fxgl.notification.view.XboxNotificationView
10:16:39.233 [FXGL Background Thread 3 ] DEBUG Engine               - pixelsPerMeter: 50.0
10:16:39.233 [FXGL Background Thread 3 ] DEBUG Engine               - platform: WINDOWS
10:16:39.233 [FXGL Background Thread 3 ] DEBUG Engine               - prefHeightProperty: ReadOnlyDoubleProperty [value: 720.0]
10:16:39.233 [FXGL Background Thread 3 ] DEBUG Engine               - prefWidthProperty: ReadOnlyDoubleProperty [value: 1080.0]
10:16:39.233 [FXGL Background Thread 3 ] DEBUG Engine               - profileDir: profiles/
10:16:39.233 [FXGL Background Thread 3 ] DEBUG Engine               - profileName: StringProperty [value: DEFAULT]
10:16:39.233 [FXGL Background Thread 3 ] DEBUG Engine               - randomSeed: -1
10:16:39.233 [FXGL Background Thread 3 ] DEBUG Engine               - runtimeInfo: RuntimeInfo(platform=WINDOWS, version=17.1, build=24.03.2022 17.34)
10:16:39.233 [FXGL Background Thread 3 ] DEBUG Engine               - saveFileExt: sav
10:16:39.233 [FXGL Background Thread 3 ] DEBUG Engine               - scaledHeightProp$fxgl: DoubleProperty [bound, value: 720.0]
10:16:39.233 [FXGL Background Thread 3 ] DEBUG Engine               - scaledWidthProp$fxgl: DoubleProperty [bound, value: 1080.0]
10:16:39.234 [FXGL Background Thread 3 ] DEBUG Engine               - sceneFactory: com.bomberman.bombermanplus.BombermanApp$1@47a01b6e
10:16:39.234 [FXGL Background Thread 3 ] DEBUG Engine               - secondsIn24h: 60
10:16:39.234 [FXGL Background Thread 3 ] DEBUG Engine               - soundMenuBack: menu/back.wav
10:16:39.234 [FXGL Background Thread 3 ] DEBUG Engine               - soundMenuPress: menu/press.wav
10:16:39.234 [FXGL Background Thread 3 ] DEBUG Engine               - soundMenuSelect: menu/select.wav
10:16:39.234 [FXGL Background Thread 3 ] DEBUG Engine               - soundNotification: core/notification.wav
10:16:39.234 [FXGL Background Thread 3 ] DEBUG Engine               - stageStyle: DECORATED
10:16:39.234 [FXGL Background Thread 3 ] DEBUG Engine               - supportedLanguages: [ENGLISH, FRENCH, GERMAN, HUNGARIAN, RUSSIAN]
10:16:39.234 [FXGL Background Thread 3 ] DEBUG Engine               - ticksPerSecond: -1
10:16:39.234 [FXGL Background Thread 3 ] DEBUG Engine               - title: BOMBERMAN
10:16:39.234 [FXGL Background Thread 3 ] DEBUG Engine               - urlGithub: https://github.com/AlmasB/FXGL
10:16:39.234 [FXGL Background Thread 3 ] DEBUG Engine               - urlLeaderboard: http://fxgl-top.herokuapp.com/
10:16:39.234 [FXGL Background Thread 3 ] DEBUG Engine               - urlPOM: https://raw.githubusercontent.com/AlmasB/FXGL/release/README.md
10:16:39.234 [FXGL Background Thread 3 ] DEBUG Engine               - userAppClass: class com.bomberman.bombermanplus.BombermanApp
10:16:39.234 [FXGL Background Thread 3 ] DEBUG Engine               - version: 1.0
10:16:39.234 [FXGL Background Thread 3 ] DEBUG Engine               - versionCheckDays: 7
10:16:39.234 [FXGL Background Thread 3 ] DEBUG Engine               - width: 1080
10:16:39.234 [FXGL Background Thread 3 ] DEBUG Engine               - Logging services
10:16:39.234 [FXGL Background Thread 3 ] DEBUG Engine               - class com.almasb.fxgl.app.services.FXGLAssetLoaderService
10:16:39.234 [FXGL Background Thread 3 ] DEBUG Engine               - class com.almasb.fxgl.app.FXGLApplication$GameApplicationService
10:16:39.234 [FXGL Background Thread 3 ] DEBUG Engine               - class com.almasb.fxgl.app.services.FXGLDialogService
10:16:39.234 [FXGL Background Thread 3 ] DEBUG Engine               - class com.almasb.fxgl.app.services.IOTaskExecutorService
10:16:39.234 [FXGL Background Thread 3 ] DEBUG Engine               - class com.almasb.fxgl.io.FileSystemService
10:16:39.234 [FXGL Background Thread 3 ] DEBUG Engine               - class com.almasb.fxgl.localization.LocalizationService
10:16:39.234 [FXGL Background Thread 3 ] DEBUG Engine               - class com.almasb.fxgl.app.services.SystemBundleService
10:16:39.234 [FXGL Background Thread 3 ] DEBUG Engine               - class com.almasb.fxgl.profile.SaveLoadService
10:16:39.234 [FXGL Background Thread 3 ] DEBUG Engine               - class com.almasb.fxgl.ui.FXGLUIFactoryServiceProvider
10:16:39.234 [FXGL Background Thread 3 ] DEBUG Engine               - class com.almasb.fxgl.ui.FXGLDialogFactoryServiceProvider
10:16:39.234 [FXGL Background Thread 3 ] DEBUG Engine               - class com.almasb.fxgl.audio.AudioPlayer
10:16:39.234 [FXGL Background Thread 3 ] DEBUG Engine               - class com.almasb.fxgl.notification.impl.NotificationServiceProvider
10:16:39.234 [FXGL Background Thread 3 ] DEBUG Engine               - class com.almasb.fxgl.achievement.AchievementService
10:16:39.234 [FXGL Background Thread 3 ] DEBUG Engine               - class com.almasb.fxgl.cutscene.CutsceneService
10:16:39.235 [FXGL Background Thread 3 ] DEBUG Engine               - class com.almasb.fxgl.minigames.MiniGameService
10:16:39.235 [FXGL Background Thread 3 ] DEBUG Engine               - class com.almasb.fxgl.net.NetService
10:16:39.235 [FXGL Background Thread 3 ] DEBUG Engine               - class com.almasb.fxgl.app.services.UpdaterService
10:16:39.235 [FXGL Background Thread 3 ] DEBUG Engine               - class com.almasb.fxgl.dev.DevService
10:16:40.395 [JavaFX Application Thread] WARN  TMXLevelLoader       - TiledMap generated from 1.9.2. Supported version: 1.4.2. Some features may not be parsed fully.
10:16:40.411 [JavaFX Application Thread] DEBUG TMXLevelLoader       - Parsed TiledMap: file:/C:/Users/ADMIN/IdeaProjects/BombermanPlus/target/classes/assets/levels/bbm_level1.tmx
10:16:40.412 [JavaFX Application Thread] DEBUG TMXLevelLoader       - Creating tile layer entities
10:16:40.412 [JavaFX Application Thread] DEBUG TilesetLoader        - Loading view for layer Tile Layer 1
10:16:40.415 [JavaFX Application Thread] DEBUG TilesetLoader        - Created buffer with size 1488.0x720.0
10:16:40.482 [JavaFX Application Thread] DEBUG TMXLevelLoader       - Creating object layer entities
10:16:40.483 [JavaFX Application Thread] DEBUG FXGLAssetLoaderServi - Loading from file system: file:/C:/Users/ADMIN/IdeaProjects/BombermanPlus/target/classes/assets/textures/items/powerup_speed.png
10:16:40.488 [JavaFX Application Thread] DEBUG FXGLAssetLoaderServi - Loading from file system: file:/C:/Users/ADMIN/IdeaProjects/BombermanPlus/target/classes/assets/textures/items/powerup_flames.png
10:16:40.489 [JavaFX Application Thread] DEBUG FXGLAssetLoaderServi - Loading from file system: file:/C:/Users/ADMIN/IdeaProjects/BombermanPlus/target/classes/assets/textures/items/powerup_bombs.png
10:16:40.491 [JavaFX Application Thread] DEBUG FXGLAssetLoaderServi - Loading from file system: file:/C:/Users/ADMIN/IdeaProjects/BombermanPlus/target/classes/assets/textures/items/powerup_flamepass.png
10:16:40.494 [JavaFX Application Thread] DEBUG FXGLAssetLoaderServi - Loading from file system: file:/C:/Users/ADMIN/IdeaProjects/BombermanPlus/target/classes/assets/textures/items/portal.png
10:16:40.496 [JavaFX Application Thread] DEBUG FXGLAssetLoaderServi - Loading from file system: file:/C:/Users/ADMIN/IdeaProjects/BombermanPlus/target/classes/assets/textures/sprites.png
10:16:40.589 [JavaFX Application Thread] DEBUG GameWorld            - Clearing removable entities
10:16:40.589 [JavaFX Application Thread] DEBUG GameWorld            - Setting level: com.almasb.fxgl.entity.level.Level@169cbb60
10:16:40.628 [JavaFX Application Thread] DEBUG FXGLAssetLoaderServi - Loading from file system: file:/C:/Users/ADMIN/IdeaProjects/BombermanPlus/target/classes/assets/sounds/walk_2.wav
10:16:41.258 [JavaFX Application Thread] DEBUG FXGLAssetLoaderServi - Loading from file system: file:/C:/Users/ADMIN/IdeaProjects/BombermanPlus/target/classes/assets/sounds/walk_1.wav
10:16:41.522 [JavaFX Application Thread] DEBUG FXGLAssetLoaderServi - Loading from file system: file:/C:/Users/ADMIN/IdeaProjects/BombermanPlus/target/classes/assets/sounds/placed_bomb.wav
10:16:42.041 [JavaFX Application Thread] DEBUG FXGLAssetLoaderServi - Loading from file system: file:/C:/Users/ADMIN/IdeaProjects/BombermanPlus/target/classes/assets/sounds/power_up.wav
10:16:42.730 [JavaFX Application Thread] DEBUG FXGLAssetLoaderServi - Loading from file system: file:/C:/Users/ADMIN/IdeaProjects/BombermanPlus/target/classes/assets/sounds/bomb_exploded.wav
10:16:54.539 [JavaFX Application Thread] DEBUG FXGLAssetLoaderServi - Loading from file system: file:/C:/Users/ADMIN/IdeaProjects/BombermanPlus/target/classes/assets/sounds/bomberman_die.wav
10:17:06.504 [JavaFX Application Thread] DEBUG FXGLApplication      - Exiting FXGL
10:17:06.504 [JavaFX Application Thread] DEBUG LoopRunner           - Stopping loop
10:17:06.504 [JavaFX Application Thread] DEBUG SystemBundleService  - Saving FXGL system data
10:17:06.506 [JavaFX Application Thread] DEBUG FileSystemAccess     - Writing to: C:\Users\ADMIN\IdeaProjects\BombermanPlus\system\fxgl.bundle
10:17:06.508 [JavaFX Application Thread] DEBUG Async                - Shutting down background threads
10:17:06.508 [JavaFX Application Thread] DEBUG PrimaryStageWindow   - Closing main window
10:17:06.515 [JavaFX Application Thread] DEBUG Logger               - Closing Logger
