15:30:03.968 [main                     ] DEBUG Logger               - Configured Logger
15:30:03.984 [main                     ] DEBUG GameApplication      - Logging settings
Title: BOMBERMAN
Version: 1.0
Width: 1080
Height: 720
Fullscreen: false
Intro: false
Profiling: false
Single step:false
App Mode: DEVELOPER
Menu Key: ESCAPE
Stage Style: DECORATED
Scene Factory: class com.almasb.fxgl.app.scene.SceneFactory

15:30:04.380 [JavaFX Application Thread] DEBUG FXGLApplication      - Initializing FXGL
15:30:04.384 [JavaFX Application Thread] INFO  Engine               - FXGL-17.1 (24.03.2022 17.34) on WINDOWS (J:19 FX:19-ea)
15:30:04.385 [JavaFX Application Thread] DEBUG Engine               - JRE Vendor Name: Oracle Corporation
15:30:04.385 [JavaFX Application Thread] DEBUG Engine               - Running on OS: Windows 11 version 10.0
15:30:04.385 [JavaFX Application Thread] DEBUG Engine               - Architecture: amd64
15:30:04.385 [JavaFX Application Thread] INFO  Engine               - Source code and latest versions at: https://github.com/AlmasB/FXGL
15:30:04.385 [JavaFX Application Thread] INFO  Engine               -       Ask questions and discuss at: https://github.com/AlmasB/FXGL/discussions
15:30:04.385 [JavaFX Application Thread] INFO  Engine               -              Join the FXGL chat at: https://gitter.im/AlmasB/FXGL
15:30:04.470 [JavaFX Application Thread] DEBUG PrimaryStageWindow   - Creating a JavaFX scene
15:30:04.511 [JavaFX Application Thread] DEBUG PrimaryStageWindow   - Target settings size: 1080.0 x 720.0
15:30:04.511 [JavaFX Application Thread] DEBUG PrimaryStageWindow   - Scaled scene size:    1080.0 x 720.0
15:30:04.511 [JavaFX Application Thread] DEBUG PrimaryStageWindow   - Scaled ratio: (1.0, 1.0)
15:30:04.512 [JavaFX Application Thread] DEBUG PrimaryStageWindow   - Set initial scene to FXGLStartupScene
15:30:04.517 [JavaFX Application Thread] DEBUG PrimaryStageWindow   - Opening main window
15:30:04.600 [JavaFX Application Thread] DEBUG PrimaryStageWindow   - Window border size: (14.4000244140625, 37.5999755859375)
15:30:04.600 [JavaFX Application Thread] DEBUG PrimaryStageWindow   - Scaled size: 1080.0 x 720.0
15:30:04.601 [JavaFX Application Thread] DEBUG PrimaryStageWindow   - Scaled ratio: (1.0, 1.0)
15:30:04.601 [JavaFX Application Thread] DEBUG PrimaryStageWindow   - Scene size: 1080.0 x 720.0
15:30:04.601 [JavaFX Application Thread] DEBUG PrimaryStageWindow   - Stage size: 1094.4000244140625 x 757.5999755859375
15:30:04.611 [FXGL Background Thread 1 ] DEBUG Engine               - Initializing environment variables
15:30:04.667 [FXGL Background Thread 1 ] DEBUG FXGLAssetLoaderServi - User app class for loading assets: class com.bomberman.bombermanplus.BombermanApp
15:30:04.667 [FXGL Background Thread 1 ] DEBUG GameApplicationServi - Applying CSS: fxgl_dark.css
15:30:04.668 [FXGL Background Thread 1 ] DEBUG FXGLAssetLoaderServi - Loading from file system: jar:file:///C:/Users/ADMIN/.m2/repository/com/github/almasb/fxgl/17.1/fxgl-17.1.jar!/fxglassets/ui/css/fxgl_dark.css
15:30:04.711 [FXGL Background Thread 1 ] DEBUG GameApplicationServi - Initializing application scenes
15:30:04.750 [FXGL Background Thread 1 ] DEBUG GameWorld            - Game world initialized
15:30:04.803 [FXGL Background Thread 1 ] DEBUG PhysicsWorld         - Physics world initialized: appHeight=720, physics.ppm=50.0
15:30:04.804 [FXGL Background Thread 1 ] DEBUG PhysicsWorld         - Using strategy: BRUTE_FORCE
15:30:04.807 [FXGL Background Thread 1 ] DEBUG GameScene            - Game scene initialized: 1080x720
15:30:04.807 [FXGL Background Thread 1 ] DEBUG GameApplicationServi - Application scenes initialized
15:30:04.826 [FXGL Background Thread 1 ] DEBUG SystemBundleService  - Loading FXGL system data
15:30:04.834 [FXGL Background Thread 1 ] DEBUG FileSystemAccess     - Reading from: C:\Users\ADMIN\IdeaProjects\BombermanPlus\system\fxgl.bundle
15:30:04.863 [FXGL Background Thread 1 ] DEBUG SystemBundleService  - Bundle FXGL: {}
15:30:04.863 [FXGL Background Thread 1 ] DEBUG UpdaterService       - Checking for updates
15:30:04.869 [FXGL Background Thread 4 ] DEBUG FXGLApplication      - Loading fonts
15:30:04.869 [FXGL Background Thread 1 ] DEBUG FXGLApplication      - Loading default localization
15:30:04.870 [FXGL Background Thread 4 ] DEBUG FXGLAssetLoaderServi - Loading from file system: jar:file:///C:/Users/ADMIN/.m2/repository/com/github/almasb/fxgl/17.1/fxgl-17.1.jar!/fxglassets/ui/fonts/VarelaRound-Regular.ttf
15:30:04.870 [FXGL Background Thread 1 ] DEBUG FXGLAssetLoaderServi - Loading from file system: jar:file:///C:/Users/ADMIN/.m2/repository/com/github/almasb/fxgl/17.1/fxgl-17.1.jar!/fxglassets/languages/english.lang
15:30:04.912 [FXGL Background Thread 1 ] INFO  FXGLApplication      - FXGL initialization took: 0.301 sec
15:30:04.926 [JavaFX Application Thread] DEBUG Input                - Registered new binding: Move Right - D
15:30:04.926 [JavaFX Application Thread] DEBUG Input                - Registered new binding: Move Up - W
15:30:04.926 [JavaFX Application Thread] DEBUG Input                - Registered new binding: Move Down - S
15:30:04.927 [JavaFX Application Thread] DEBUG Input                - Registered new binding: Move Left - A
15:30:04.927 [JavaFX Application Thread] DEBUG FXGLAssetLoaderServi - Loading from file system: jar:file:///C:/Users/ADMIN/.m2/repository/com/github/almasb/fxgl/17.1/fxgl-17.1.jar!/fxglassets/textures/fxgl_icon.png
15:30:04.983 [JavaFX Application Thread] DEBUG FXGLAssetLoaderServi - Loading from file system: jar:file:///C:/Users/ADMIN/.m2/repository/com/github/almasb/fxgl/17.1/fxgl-17.1.jar!/fxglassets/textures/fxgl_default_cursor.png
15:30:04.986 [JavaFX Application Thread] DEBUG Input                - Registered new binding: Screenshot - CTRL+8
15:30:04.987 [JavaFX Application Thread] DEBUG Input                - Registered new binding: System info dump - CTRL+9
15:30:04.988 [JavaFX Application Thread] DEBUG Input                - Registered new binding: Restart - CTRL+R
15:30:04.988 [JavaFX Application Thread] DEBUG Input                - Registered new binding: Toggle Debug Camera - CTRL+7
15:30:04.992 [JavaFX Application Thread] DEBUG LoopRunner           - Starting loop
15:30:04.992 [JavaFX Application Thread] DEBUG LoopRunner           - Initializing JavaFX AnimationTimerLoop
15:30:04.994 [JavaFX Application Thread] DEBUG GameApplicationServi - Starting new game
15:30:04.994 [JavaFX Application Thread] DEBUG Input                - Clearing active input actions
15:30:05.004 [JavaFX Application Thread] DEBUG GameApplicationServi - Removing overlay from FXGLStartupScene and adding to FXGLLoadingScene
15:30:05.004 [JavaFX Application Thread] DEBUG PrimaryStageWindow   - FXGLStartupScene -> FXGLLoadingScene
15:30:05.005 [JavaFX Application Thread] DEBUG GameApplicationServi - Clearing previous game
15:30:05.005 [JavaFX Application Thread] DEBUG GameScene            - Clearing game scene
15:30:05.005 [JavaFX Application Thread] DEBUG GameWorld            - Clearing game world
15:30:05.005 [JavaFX Application Thread] DEBUG PhysicsWorld         - Clearing physics world
15:30:05.007 [FXGL Background Thread 1 ] DEBUG FXGLApplication      - Initializing game
15:30:05.015 [FXGL Background Thread 4 ] DEBUG FXGLAssetLoaderServi - Loading from file system: jar:file:///C:/Users/ADMIN/.m2/repository/com/github/almasb/fxgl/17.1/fxgl-17.1.jar!/fxglassets/ui/fonts/Abel-Regular.ttf
15:30:05.035 [FXGL Background Thread 4 ] DEBUG FXGLAssetLoaderServi - Loading from file system: jar:file:///C:/Users/ADMIN/.m2/repository/com/github/almasb/fxgl/17.1/fxgl-17.1.jar!/fxglassets/ui/fonts/TerminalLandMono-Regular.otf
15:30:05.047 [FXGL Background Thread 4 ] DEBUG FXGLAssetLoaderServi - Loading from file system: jar:file:///C:/Users/ADMIN/.m2/repository/com/github/almasb/fxgl/17.1/fxgl-17.1.jar!/fxglassets/ui/fonts/Courier-Prime.ttf
15:30:05.083 [JavaFX Application Thread] DEBUG LoopRunner           - Stopping loop
15:30:05.088 [JavaFX Application Thread] FATAL FXGLApplication      - Uncaught Exception:
java.lang.RuntimeException: Initialization failed
	at com.almasb.fxgl.all@17.1/com.almasb.fxgl.app.FXGLApplication$InitAppTask.failed(FXGLApplication.kt:343)
	at javafx.graphics@19-ea/javafx.concurrent.Task.setState(Task.java:710)
	at javafx.graphics@19-ea/javafx.concurrent.Task$TaskCallable.lambda$call$2(Task.java:1456)
	at javafx.graphics@19-ea/com.sun.javafx.application.PlatformImpl.lambda$runLater$10(PlatformImpl.java:457)
	at java.base/java.security.AccessController.doPrivileged(AccessController.java:399)
	at javafx.graphics@19-ea/com.sun.javafx.application.PlatformImpl.lambda$runLater$11(PlatformImpl.java:456)
	at javafx.graphics@19-ea/com.sun.glass.ui.InvokeLaterDispatcher$Future.run(InvokeLaterDispatcher.java:96)
	at javafx.graphics@19-ea/com.sun.glass.ui.win.WinApplication._runLoop(Native Method)
	at javafx.graphics@19-ea/com.sun.glass.ui.win.WinApplication.lambda$runLoop$3(WinApplication.java:184)
	at java.base/java.lang.Thread.run(Thread.java:1589)
Caused by: java.lang.IllegalArgumentException: No EntityFactory has a method annotated @Spawns(b)
	at com.almasb.fxgl.entity@17.1/com.almasb.fxgl.entity.GameWorld.create(GameWorld.kt:413)
	at com.almasb.fxgl.entity@17.1/com.almasb.fxgl.entity.level.text.TextLevelLoader.load(TextLevelLoader.kt:41)
	at com.almasb.fxgl.all@17.1/com.almasb.fxgl.app.services.FXGLAssetLoaderService.loadLevel(FXGLAssetLoaderService.kt:446)
	at BombermanPlus/com.bomberman.bombermanplus.BombermanApp.initGame(BombermanApp.java:80)
	at com.almasb.fxgl.all@17.1/com.almasb.fxgl.app.FXGLApplication$InitAppTask.initGame(FXGLApplication.kt:339)
	at com.almasb.fxgl.all@17.1/com.almasb.fxgl.app.FXGLApplication$InitAppTask.call(FXGLApplication.kt:319)
	at com.almasb.fxgl.all@17.1/com.almasb.fxgl.app.FXGLApplication$InitAppTask.call(FXGLApplication.kt:311)
	at javafx.graphics@19-ea/javafx.concurrent.Task$TaskCallable.call(Task.java:1426)
	at java.base/java.util.concurrent.FutureTask.run(FutureTask.java:317)
	at java.base/java.util.concurrent.Executors$RunnableAdapter.call(Executors.java:577)
	at java.base/java.util.concurrent.FutureTask.run(FutureTask.java:317)
	at java.base/java.util.concurrent.ThreadPoolExecutor.runWorker(ThreadPoolExecutor.java:1144)
	at java.base/java.util.concurrent.ThreadPoolExecutor$Worker.run(ThreadPoolExecutor.java:642)
	... 1 more

15:30:05.089 [JavaFX Application Thread] FATAL FXGLApplication      - Application will now exit
15:30:05.120 [JavaFX Application Thread] DEBUG PrimaryStageWindow   - Push state: ErrorSubScene
15:30:05.121 [JavaFX Application Thread] DEBUG Input                - Clearing active input actions
15:30:05.136 [JavaFX Application Thread] DEBUG GameApplicationServi - Removing overlay from FXGLLoadingScene and adding to ErrorSubScene
15:30:05.137 [JavaFX Application Thread] DEBUG PrimaryStageWindow   - FXGLLoadingScene -> ErrorSubScene
15:30:05.140 [JavaFX Application Thread] DEBUG FXGLApplication      - Registering font factories with UI factory
15:30:05.523 [FXGL Background Thread 2 ] INFO  UpdaterService       - Your current version:  17.1
15:30:05.524 [FXGL Background Thread 2 ] INFO  UpdaterService       - Latest stable version: 17.2
15:30:07.868 [FXGL Background Thread 3 ] DEBUG Engine               - Logging environment variables
15:30:07.868 [FXGL Background Thread 3 ] DEBUG Engine               - achievements: []
15:30:07.868 [FXGL Background Thread 3 ] DEBUG Engine               - actualHeight: 720.0
15:30:07.868 [FXGL Background Thread 3 ] DEBUG Engine               - actualHeightProperty: ReadOnlyDoubleProperty [value: 720.0]
15:30:07.868 [FXGL Background Thread 3 ] DEBUG Engine               - actualWidth: 1080.0
15:30:07.868 [FXGL Background Thread 3 ] DEBUG Engine               - actualWidthProperty: ReadOnlyDoubleProperty [value: 1080.0]
15:30:07.869 [FXGL Background Thread 3 ] DEBUG Engine               - appIcon: fxgl_icon.png
15:30:07.869 [FXGL Background Thread 3 ] DEBUG Engine               - applicationMode: DEVELOPER
15:30:07.869 [FXGL Background Thread 3 ] DEBUG Engine               - cSSList: [fxgl_dark.css]
15:30:07.869 [FXGL Background Thread 3 ] DEBUG Engine               - collisionDetectionStrategy: BRUTE_FORCE
15:30:07.869 [FXGL Background Thread 3 ] DEBUG Engine               - configClass: Optional.empty
15:30:07.869 [FXGL Background Thread 3 ] DEBUG Engine               - credits: []
15:30:07.870 [FXGL Background Thread 3 ] DEBUG Engine               - defaultCursor: CursorInfo(imageName=fxgl_default_cursor.png, hotspotX=7.0, hotspotY=6.0)
15:30:07.870 [FXGL Background Thread 3 ] DEBUG Engine               - devBBoxColorProperty: ObjectProperty [value: 0xff0000ff]
15:30:07.870 [FXGL Background Thread 3 ] DEBUG Engine               - devEnableDebugCameraProperty: BooleanProperty [value: false]
15:30:07.870 [FXGL Background Thread 3 ] DEBUG Engine               - devSensorColorProperty: ObjectProperty [value: 0xffff00ff]
15:30:07.870 [FXGL Background Thread 3 ] DEBUG Engine               - devShowBBoxProperty: BooleanProperty [value: false]
15:30:07.870 [FXGL Background Thread 3 ] DEBUG Engine               - devShowPositionProperty: BooleanProperty [value: false]
15:30:07.870 [FXGL Background Thread 3 ] DEBUG Engine               - enabledMenuItems: []
15:30:07.870 [FXGL Background Thread 3 ] DEBUG Engine               - engineServices: [class com.almasb.fxgl.app.services.FXGLAssetLoaderService, class com.almasb.fxgl.app.FXGLApplication$GameApplicationService, class com.almasb.fxgl.app.services.FXGLDialogService, class com.almasb.fxgl.app.services.IOTaskExecutorService, class com.almasb.fxgl.io.FileSystemService, class com.almasb.fxgl.localization.LocalizationService, class com.almasb.fxgl.app.services.SystemBundleService, class com.almasb.fxgl.profile.SaveLoadService, class com.almasb.fxgl.ui.FXGLUIFactoryServiceProvider, class com.almasb.fxgl.ui.FXGLDialogFactoryServiceProvider, class com.almasb.fxgl.audio.AudioPlayer, class com.almasb.fxgl.notification.impl.NotificationServiceProvider, class com.almasb.fxgl.achievement.AchievementService, class com.almasb.fxgl.cutscene.CutsceneService, class com.almasb.fxgl.minigames.MiniGameService, class com.almasb.fxgl.net.NetService, class com.almasb.fxgl.app.services.UpdaterService, class com.almasb.fxgl.dev.DevService]
15:30:07.870 [FXGL Background Thread 3 ] DEBUG Engine               - fontGame: Abel-Regular.ttf
15:30:07.870 [FXGL Background Thread 3 ] DEBUG Engine               - fontMono: TerminalLandMono-Regular.otf
15:30:07.870 [FXGL Background Thread 3 ] DEBUG Engine               - fontText: Courier-Prime.ttf
15:30:07.870 [FXGL Background Thread 3 ] DEBUG Engine               - fontUI: VarelaRound-Regular.ttf
15:30:07.870 [FXGL Background Thread 3 ] DEBUG Engine               - fullScreen: BooleanProperty [value: false]
15:30:07.870 [FXGL Background Thread 3 ] DEBUG Engine               - gameDifficulty: MEDIUM
15:30:07.870 [FXGL Background Thread 3 ] DEBUG Engine               - gameDifficultyProperty: ObjectProperty [value: MEDIUM]
15:30:07.870 [FXGL Background Thread 3 ] DEBUG Engine               - globalMusicVolume: 0.5
15:30:07.871 [FXGL Background Thread 3 ] DEBUG Engine               - globalMusicVolumeProperty: DoubleProperty [value: 0.5]
15:30:07.871 [FXGL Background Thread 3 ] DEBUG Engine               - globalSoundVolume: 0.5
15:30:07.871 [FXGL Background Thread 3 ] DEBUG Engine               - globalSoundVolumeProperty: DoubleProperty [value: 0.5]
15:30:07.871 [FXGL Background Thread 3 ] DEBUG Engine               - height: 720
15:30:07.871 [FXGL Background Thread 3 ] DEBUG Engine               - is3D: false
15:30:07.871 [FXGL Background Thread 3 ] DEBUG Engine               - isAndroid: false
15:30:07.871 [FXGL Background Thread 3 ] DEBUG Engine               - isBrowser: false
15:30:07.871 [FXGL Background Thread 3 ] DEBUG Engine               - isClickFeedbackEnabled: false
15:30:07.871 [FXGL Background Thread 3 ] DEBUG Engine               - isCloseConfirmation: false
15:30:07.871 [FXGL Background Thread 3 ] DEBUG Engine               - isDesktop: true
15:30:07.871 [FXGL Background Thread 3 ] DEBUG Engine               - isDeveloperMenuEnabled: false
15:30:07.871 [FXGL Background Thread 3 ] DEBUG Engine               - isEmbedded: false
15:30:07.871 [FXGL Background Thread 3 ] DEBUG Engine               - isEntityPreloadEnabled: true
15:30:07.871 [FXGL Background Thread 3 ] DEBUG Engine               - isExperimentalTiledLargeMap: false
15:30:07.871 [FXGL Background Thread 3 ] DEBUG Engine               - isFileSystemWriteAllowed: true
15:30:07.871 [FXGL Background Thread 3 ] DEBUG Engine               - isFullScreenAllowed: false
15:30:07.871 [FXGL Background Thread 3 ] DEBUG Engine               - isFullScreenFromStart: false
15:30:07.871 [FXGL Background Thread 3 ] DEBUG Engine               - isGameMenuEnabled: false
15:30:07.871 [FXGL Background Thread 3 ] DEBUG Engine               - isIOS: false
15:30:07.871 [FXGL Background Thread 3 ] DEBUG Engine               - isIntroEnabled: false
15:30:07.871 [FXGL Background Thread 3 ] DEBUG Engine               - isLinux: false
15:30:07.871 [FXGL Background Thread 3 ] DEBUG Engine               - isMac: false
15:30:07.871 [FXGL Background Thread 3 ] DEBUG Engine               - isMainMenuEnabled: false
15:30:07.871 [FXGL Background Thread 3 ] DEBUG Engine               - isManualResizeEnabled: false
15:30:07.872 [FXGL Background Thread 3 ] DEBUG Engine               - isMobile: false
15:30:07.872 [FXGL Background Thread 3 ] DEBUG Engine               - isNative: false
15:30:07.872 [FXGL Background Thread 3 ] DEBUG Engine               - isPauseMusicWhenMinimized: true
15:30:07.872 [FXGL Background Thread 3 ] DEBUG Engine               - isPreserveResizeRatio: false
15:30:07.872 [FXGL Background Thread 3 ] DEBUG Engine               - isProfilingEnabled: false
15:30:07.872 [FXGL Background Thread 3 ] DEBUG Engine               - isScaleAffectedOnResize: true
15:30:07.872 [FXGL Background Thread 3 ] DEBUG Engine               - isSingleStep: false
15:30:07.872 [FXGL Background Thread 3 ] DEBUG Engine               - isUserProfileEnabled: false
15:30:07.872 [FXGL Background Thread 3 ] DEBUG Engine               - isWindows: true
15:30:07.872 [FXGL Background Thread 3 ] DEBUG Engine               - language: ObjectProperty [value: ENGLISH]
15:30:07.872 [FXGL Background Thread 3 ] DEBUG Engine               - menuKey: ESCAPE
15:30:07.872 [FXGL Background Thread 3 ] DEBUG Engine               - mouseSensitivity: 0.2
15:30:07.872 [FXGL Background Thread 3 ] DEBUG Engine               - notificationViewClass: class com.almasb.fxgl.notification.view.XboxNotificationView
15:30:07.872 [FXGL Background Thread 3 ] DEBUG Engine               - pixelsPerMeter: 50.0
15:30:07.872 [FXGL Background Thread 3 ] DEBUG Engine               - platform: WINDOWS
15:30:07.872 [FXGL Background Thread 3 ] DEBUG Engine               - prefHeightProperty: ReadOnlyDoubleProperty [value: 720.0]
15:30:07.872 [FXGL Background Thread 3 ] DEBUG Engine               - prefWidthProperty: ReadOnlyDoubleProperty [value: 1080.0]
15:30:07.872 [FXGL Background Thread 3 ] DEBUG Engine               - profileDir: profiles/
15:30:07.872 [FXGL Background Thread 3 ] DEBUG Engine               - profileName: StringProperty [value: DEFAULT]
15:30:07.872 [FXGL Background Thread 3 ] DEBUG Engine               - randomSeed: -1
15:30:07.873 [FXGL Background Thread 3 ] DEBUG Engine               - runtimeInfo: RuntimeInfo(platform=WINDOWS, version=17.1, build=24.03.2022 17.34)
15:30:07.873 [FXGL Background Thread 3 ] DEBUG Engine               - saveFileExt: sav
15:30:07.873 [FXGL Background Thread 3 ] DEBUG Engine               - scaledHeightProp$fxgl: DoubleProperty [bound, value: 720.0]
15:30:07.873 [FXGL Background Thread 3 ] DEBUG Engine               - scaledWidthProp$fxgl: DoubleProperty [bound, value: 1080.0]
15:30:07.873 [FXGL Background Thread 3 ] DEBUG Engine               - sceneFactory: com.almasb.fxgl.app.scene.SceneFactory@22e27628
15:30:07.873 [FXGL Background Thread 3 ] DEBUG Engine               - secondsIn24h: 60
15:30:07.873 [FXGL Background Thread 3 ] DEBUG Engine               - soundMenuBack: menu/back.wav
15:30:07.873 [FXGL Background Thread 3 ] DEBUG Engine               - soundMenuPress: menu/press.wav
15:30:07.873 [FXGL Background Thread 3 ] DEBUG Engine               - soundMenuSelect: menu/select.wav
15:30:07.873 [FXGL Background Thread 3 ] DEBUG Engine               - soundNotification: core/notification.wav
15:30:07.873 [FXGL Background Thread 3 ] DEBUG Engine               - stageStyle: DECORATED
15:30:07.873 [FXGL Background Thread 3 ] DEBUG Engine               - supportedLanguages: [ENGLISH, FRENCH, GERMAN, HUNGARIAN, RUSSIAN]
15:30:07.873 [FXGL Background Thread 3 ] DEBUG Engine               - ticksPerSecond: -1
15:30:07.873 [FXGL Background Thread 3 ] DEBUG Engine               - title: BOMBERMAN
15:30:07.873 [FXGL Background Thread 3 ] DEBUG Engine               - urlGithub: https://github.com/AlmasB/FXGL
15:30:07.873 [FXGL Background Thread 3 ] DEBUG Engine               - urlLeaderboard: http://fxgl-top.herokuapp.com/
15:30:07.874 [FXGL Background Thread 3 ] DEBUG Engine               - urlPOM: https://raw.githubusercontent.com/AlmasB/FXGL/release/README.md
15:30:07.874 [FXGL Background Thread 3 ] DEBUG Engine               - userAppClass: class com.bomberman.bombermanplus.BombermanApp
15:30:07.874 [FXGL Background Thread 3 ] DEBUG Engine               - version: 1.0
15:30:07.874 [FXGL Background Thread 3 ] DEBUG Engine               - versionCheckDays: 7
15:30:07.874 [FXGL Background Thread 3 ] DEBUG Engine               - width: 1080
15:30:07.874 [FXGL Background Thread 3 ] DEBUG Engine               - Logging services
15:30:07.874 [FXGL Background Thread 3 ] DEBUG Engine               - class com.almasb.fxgl.app.services.FXGLAssetLoaderService
15:30:07.874 [FXGL Background Thread 3 ] DEBUG Engine               - class com.almasb.fxgl.app.FXGLApplication$GameApplicationService
15:30:07.874 [FXGL Background Thread 3 ] DEBUG Engine               - class com.almasb.fxgl.app.services.FXGLDialogService
15:30:07.874 [FXGL Background Thread 3 ] DEBUG Engine               - class com.almasb.fxgl.app.services.IOTaskExecutorService
15:30:07.874 [FXGL Background Thread 3 ] DEBUG Engine               - class com.almasb.fxgl.io.FileSystemService
15:30:07.874 [FXGL Background Thread 3 ] DEBUG Engine               - class com.almasb.fxgl.localization.LocalizationService
15:30:07.874 [FXGL Background Thread 3 ] DEBUG Engine               - class com.almasb.fxgl.app.services.SystemBundleService
15:30:07.874 [FXGL Background Thread 3 ] DEBUG Engine               - class com.almasb.fxgl.profile.SaveLoadService
15:30:07.874 [FXGL Background Thread 3 ] DEBUG Engine               - class com.almasb.fxgl.ui.FXGLUIFactoryServiceProvider
15:30:07.874 [FXGL Background Thread 3 ] DEBUG Engine               - class com.almasb.fxgl.ui.FXGLDialogFactoryServiceProvider
15:30:07.874 [FXGL Background Thread 3 ] DEBUG Engine               - class com.almasb.fxgl.audio.AudioPlayer
15:30:07.874 [FXGL Background Thread 3 ] DEBUG Engine               - class com.almasb.fxgl.notification.impl.NotificationServiceProvider
15:30:07.874 [FXGL Background Thread 3 ] DEBUG Engine               - class com.almasb.fxgl.achievement.AchievementService
15:30:07.874 [FXGL Background Thread 3 ] DEBUG Engine               - class com.almasb.fxgl.cutscene.CutsceneService
15:30:07.874 [FXGL Background Thread 3 ] DEBUG Engine               - class com.almasb.fxgl.minigames.MiniGameService
15:30:07.874 [FXGL Background Thread 3 ] DEBUG Engine               - class com.almasb.fxgl.net.NetService
15:30:07.874 [FXGL Background Thread 3 ] DEBUG Engine               - class com.almasb.fxgl.app.services.UpdaterService
15:30:07.874 [FXGL Background Thread 3 ] DEBUG Engine               - class com.almasb.fxgl.dev.DevService
15:30:09.583 [JavaFX Application Thread] DEBUG FXGLApplication      - Exiting FXGL
15:30:09.583 [JavaFX Application Thread] DEBUG Async                - Shutting down background threads
15:30:09.583 [JavaFX Application Thread] DEBUG PrimaryStageWindow   - Closing main window
15:30:09.598 [JavaFX Application Thread] DEBUG Logger               - Closing Logger
