16:39:53.700 [main                     ] DEBUG Logger               - Configured Logger
16:39:53.715 [main                     ] DEBUG GameApplication      - Logging settings
Title: BOMBERMAN
Version: 1.0
Width: 1080
Height: 720
Fullscreen: false
Intro: false
Profiling: false
Single step:false
App Mode: DEVELOPER
Menu Key: ESCAPE
Stage Style: DECORATED
Scene Factory: class com.almasb.fxgl.app.scene.SceneFactory

16:39:53.964 [JavaFX Application Thread] DEBUG FXGLApplication      - Initializing FXGL
16:39:53.966 [JavaFX Application Thread] INFO  Engine               - FXGL-17.1 (24.03.2022 17.34) on WINDOWS (J:19 FX:19-ea)
16:39:53.967 [JavaFX Application Thread] DEBUG Engine               - JRE Vendor Name: Oracle Corporation
16:39:53.968 [JavaFX Application Thread] DEBUG Engine               - Running on OS: Windows 11 version 10.0
16:39:53.968 [JavaFX Application Thread] DEBUG Engine               - Architecture: amd64
16:39:53.968 [JavaFX Application Thread] INFO  Engine               - Source code and latest versions at: https://github.com/AlmasB/FXGL
16:39:53.968 [JavaFX Application Thread] INFO  Engine               -       Ask questions and discuss at: https://github.com/AlmasB/FXGL/discussions
16:39:53.968 [JavaFX Application Thread] INFO  Engine               -              Join the FXGL chat at: https://gitter.im/AlmasB/FXGL
16:39:54.028 [JavaFX Application Thread] DEBUG PrimaryStageWindow   - Creating a JavaFX scene
16:39:54.060 [JavaFX Application Thread] DEBUG PrimaryStageWindow   - Target settings size: 1080.0 x 720.0
16:39:54.061 [JavaFX Application Thread] DEBUG PrimaryStageWindow   - Scaled scene size:    1080.0 x 720.0
16:39:54.061 [JavaFX Application Thread] DEBUG PrimaryStageWindow   - Scaled ratio: (1.0, 1.0)
16:39:54.061 [JavaFX Application Thread] DEBUG PrimaryStageWindow   - Set initial scene to FXGLStartupScene
16:39:54.066 [JavaFX Application Thread] DEBUG PrimaryStageWindow   - Opening main window
16:39:54.132 [JavaFX Application Thread] DEBUG PrimaryStageWindow   - Window border size: (14.4000244140625, 37.5999755859375)
16:39:54.132 [JavaFX Application Thread] DEBUG PrimaryStageWindow   - Scaled size: 1080.0 x 720.0
16:39:54.132 [JavaFX Application Thread] DEBUG PrimaryStageWindow   - Scaled ratio: (1.0, 1.0)
16:39:54.132 [JavaFX Application Thread] DEBUG PrimaryStageWindow   - Scene size: 1080.0 x 720.0
16:39:54.133 [JavaFX Application Thread] DEBUG PrimaryStageWindow   - Stage size: 1094.4000244140625 x 757.5999755859375
16:39:54.138 [FXGL Background Thread 1 ] DEBUG Engine               - Initializing environment variables
16:39:54.201 [FXGL Background Thread 1 ] DEBUG FXGLAssetLoaderServi - User app class for loading assets: class com.bomberman.bombermanplus.BombermanApp
16:39:54.201 [FXGL Background Thread 1 ] DEBUG GameApplicationServi - Applying CSS: fxgl_dark.css
16:39:54.202 [FXGL Background Thread 1 ] DEBUG FXGLAssetLoaderServi - Loading from file system: jar:file:///C:/Users/ADMIN/.m2/repository/com/github/almasb/fxgl/17.1/fxgl-17.1.jar!/fxglassets/ui/css/fxgl_dark.css
16:39:54.234 [FXGL Background Thread 1 ] DEBUG GameApplicationServi - Initializing application scenes
16:39:54.264 [FXGL Background Thread 1 ] DEBUG GameWorld            - Game world initialized
16:39:54.322 [FXGL Background Thread 1 ] DEBUG PhysicsWorld         - Physics world initialized: appHeight=720, physics.ppm=50.0
16:39:54.322 [FXGL Background Thread 1 ] DEBUG PhysicsWorld         - Using strategy: BRUTE_FORCE
16:39:54.326 [FXGL Background Thread 1 ] DEBUG GameScene            - Game scene initialized: 1080x720
16:39:54.336 [FXGL Background Thread 1 ] DEBUG FXGL.DefaultMenu     - createMenuBodyMainMenu()
16:39:54.348 [FXGL Background Thread 1 ] DEBUG FXGL.DefaultMenu     - createOptionsMenu()
16:39:54.357 [FXGL Background Thread 1 ] DEBUG FXGLAssetLoaderServi - Loading from file system: jar:file:///C:/Users/ADMIN/.m2/repository/com/github/almasb/fxgl/17.1/fxgl-17.1.jar!/fxglassets/textures/particles/smoke.png
16:39:54.412 [FXGL Background Thread 1 ] DEBUG FXGLAssetLoaderServi - Loading from file system: jar:file:///C:/Users/ADMIN/.m2/repository/com/github/almasb/fxgl/17.1/fxgl-17.1.jar!/fxglassets/textures/particles/trace_horizontal.png
16:39:54.440 [FXGL Background Thread 1 ] DEBUG GameApplicationServi - Application scenes initialized
16:39:54.454 [FXGL Background Thread 1 ] DEBUG SystemBundleService  - Loading FXGL system data
16:39:54.460 [FXGL Background Thread 1 ] DEBUG FileSystemAccess     - Reading from: C:\Users\ADMIN\IdeaProjects\BombermanPlus\system\fxgl.bundle
16:39:54.474 [FXGL Background Thread 1 ] DEBUG SystemBundleService  - Bundle FXGL: {}
16:39:54.475 [FXGL Background Thread 1 ] DEBUG UpdaterService       - Checking for updates
16:39:54.479 [FXGL Background Thread 4 ] DEBUG FXGLApplication      - Loading fonts
16:39:54.479 [FXGL Background Thread 1 ] DEBUG FXGLApplication      - Loading default localization
16:39:54.480 [FXGL Background Thread 4 ] DEBUG FXGLAssetLoaderServi - Loading from file system: jar:file:///C:/Users/ADMIN/.m2/repository/com/github/almasb/fxgl/17.1/fxgl-17.1.jar!/fxglassets/ui/fonts/VarelaRound-Regular.ttf
16:39:54.480 [FXGL Background Thread 1 ] DEBUG FXGLAssetLoaderServi - Loading from file system: jar:file:///C:/Users/ADMIN/.m2/repository/com/github/almasb/fxgl/17.1/fxgl-17.1.jar!/fxglassets/languages/english.lang
16:39:54.498 [FXGL Background Thread 1 ] INFO  FXGLApplication      - FXGL initialization took: 0.359 sec
16:39:54.511 [JavaFX Application Thread] DEBUG Input                - Registered new binding: Move Right - D
16:39:54.511 [JavaFX Application Thread] DEBUG Input                - Registered new binding: Move Up - W
16:39:54.511 [JavaFX Application Thread] DEBUG Input                - Registered new binding: Move Down - S
16:39:54.512 [JavaFX Application Thread] DEBUG Input                - Registered new binding: Move Left - A
16:39:54.512 [JavaFX Application Thread] DEBUG Input                - Registered new binding: Place bomb - Space
16:39:54.512 [JavaFX Application Thread] DEBUG FXGLAssetLoaderServi - Loading from file system: jar:file:///C:/Users/ADMIN/.m2/repository/com/github/almasb/fxgl/17.1/fxgl-17.1.jar!/fxglassets/textures/fxgl_icon.png
16:39:54.537 [JavaFX Application Thread] DEBUG FXGLAssetLoaderServi - Loading from file system: jar:file:///C:/Users/ADMIN/.m2/repository/com/github/almasb/fxgl/17.1/fxgl-17.1.jar!/fxglassets/textures/fxgl_default_cursor.png
16:39:54.541 [JavaFX Application Thread] DEBUG Input                - Registered new binding: Screenshot - CTRL+8
16:39:54.542 [JavaFX Application Thread] DEBUG Input                - Registered new binding: System info dump - CTRL+9
16:39:54.542 [JavaFX Application Thread] DEBUG Input                - Registered new binding: Restart - CTRL+R
16:39:54.543 [JavaFX Application Thread] DEBUG Input                - Registered new binding: Toggle Debug Camera - CTRL+7
16:39:54.545 [JavaFX Application Thread] DEBUG LoopRunner           - Starting loop
16:39:54.545 [JavaFX Application Thread] DEBUG LoopRunner           - Initializing JavaFX AnimationTimerLoop
16:39:54.548 [JavaFX Application Thread] DEBUG Input                - Clearing active input actions
16:39:54.556 [JavaFX Application Thread] DEBUG GameApplicationServi - Removing overlay from FXGLStartupScene and adding to FXGLMainMenuDummyScene
16:39:54.556 [JavaFX Application Thread] DEBUG PrimaryStageWindow   - FXGLStartupScene -> FXGLMainMenuDummyScene
16:39:54.556 [JavaFX Application Thread] DEBUG PrimaryStageWindow   - Push state: FXGLDefaultMenu
16:39:54.560 [JavaFX Application Thread] DEBUG Input                - Clearing active input actions
16:39:54.568 [JavaFX Application Thread] DEBUG GameApplicationServi - Removing overlay from FXGLMainMenuDummyScene and adding to FXGLDefaultMenu
16:39:54.569 [JavaFX Application Thread] DEBUG PrimaryStageWindow   - FXGLMainMenuDummyScene -> FXGLDefaultMenu
16:39:54.584 [FXGL Background Thread 4 ] DEBUG FXGLAssetLoaderServi - Loading from file system: jar:file:///C:/Users/ADMIN/.m2/repository/com/github/almasb/fxgl/17.1/fxgl-17.1.jar!/fxglassets/ui/fonts/Abel-Regular.ttf
16:39:54.595 [FXGL Background Thread 4 ] DEBUG FXGLAssetLoaderServi - Loading from file system: jar:file:///C:/Users/ADMIN/.m2/repository/com/github/almasb/fxgl/17.1/fxgl-17.1.jar!/fxglassets/ui/fonts/TerminalLandMono-Regular.otf
16:39:54.609 [FXGL Background Thread 4 ] DEBUG FXGLAssetLoaderServi - Loading from file system: jar:file:///C:/Users/ADMIN/.m2/repository/com/github/almasb/fxgl/17.1/fxgl-17.1.jar!/fxglassets/ui/fonts/Courier-Prime.ttf
16:39:54.650 [JavaFX Application Thread] DEBUG FXGLApplication      - Registering font factories with UI factory
16:39:54.979 [FXGL Background Thread 2 ] INFO  UpdaterService       - Your current version:  17.1
16:39:54.979 [FXGL Background Thread 2 ] INFO  UpdaterService       - Latest stable version: 17.2
16:39:55.650 [JavaFX Application Thread] DEBUG Menu                 - fireNewGame()
16:39:55.651 [JavaFX Application Thread] DEBUG GameApplicationServi - Starting new game
16:39:55.652 [JavaFX Application Thread] DEBUG PrimaryStageWindow   - Pop state: FXGLDefaultMenu
16:39:55.652 [JavaFX Application Thread] DEBUG Input                - Clearing active input actions
16:39:55.653 [JavaFX Application Thread] DEBUG GameApplicationServi - Removing overlay from FXGLDefaultMenu and adding to FXGLMainMenuDummyScene
16:39:55.654 [JavaFX Application Thread] DEBUG PrimaryStageWindow   - FXGLMainMenuDummyScene <- FXGLDefaultMenu
16:39:55.654 [JavaFX Application Thread] DEBUG Input                - Clearing active input actions
16:39:55.662 [JavaFX Application Thread] DEBUG GameApplicationServi - Removing overlay from FXGLMainMenuDummyScene and adding to FXGLLoadingScene
16:39:55.662 [JavaFX Application Thread] DEBUG PrimaryStageWindow   - FXGLMainMenuDummyScene -> FXGLLoadingScene
16:39:55.662 [JavaFX Application Thread] DEBUG GameApplicationServi - Clearing previous game
16:39:55.662 [JavaFX Application Thread] DEBUG GameScene            - Clearing game scene
16:39:55.662 [JavaFX Application Thread] DEBUG GameWorld            - Clearing game world
16:39:55.662 [JavaFX Application Thread] DEBUG PhysicsWorld         - Clearing physics world
16:39:55.664 [FXGL Background Thread 2 ] DEBUG FXGLApplication      - Initializing game
16:39:55.695 [FXGL Background Thread 2 ] WARN  TMXLevelLoader       - TiledMap generated from 1.9.2. Supported version: 1.4.2. Some features may not be parsed fully.
16:39:55.706 [FXGL Background Thread 2 ] DEBUG TMXLevelLoader       - Parsed TiledMap: file:/C:/Users/ADMIN/IdeaProjects/BombermanPlus/target/classes/assets/levels/lv1main.tmx
16:39:55.707 [FXGL Background Thread 2 ] DEBUG TMXLevelLoader       - Creating tile layer entities
16:39:55.708 [FXGL Background Thread 2 ] DEBUG TilesetLoader        - Loading view for layer Tile Layer 1
16:39:55.712 [FXGL Background Thread 2 ] DEBUG TilesetLoader        - Created buffer with size 1056.0x720.0
16:39:55.768 [FXGL Background Thread 2 ] DEBUG TMXLevelLoader       - Creating object layer entities
16:39:55.841 [FXGL Background Thread 2 ] DEBUG FXGLAssetLoaderServi - Loading from file system: file:/C:/Users/ADMIN/IdeaProjects/BombermanPlus/target/classes/assets/textures/sprites.png
16:39:55.862 [FXGL Background Thread 2 ] DEBUG GameWorld            - Clearing removable entities
16:39:55.862 [FXGL Background Thread 2 ] DEBUG GameWorld            - Setting level: com.almasb.fxgl.entity.level.Level@67ca8132
16:39:55.873 [FXGL Background Thread 2 ] INFO  FXGLApplication      - Game initialization took: 0.209 sec
16:39:55.874 [JavaFX Application Thread] DEBUG Input                - Clearing active input actions
16:39:55.879 [JavaFX Application Thread] DEBUG GameApplicationServi - Removing overlay from FXGLLoadingScene and adding to GameScene
16:39:55.879 [JavaFX Application Thread] DEBUG PrimaryStageWindow   - FXGLLoadingScene -> GameScene
16:39:57.478 [FXGL Background Thread 3 ] DEBUG Engine               - Logging environment variables
16:39:57.478 [FXGL Background Thread 3 ] DEBUG Engine               - achievements: []
16:39:57.478 [FXGL Background Thread 3 ] DEBUG Engine               - actualHeight: 720.0
16:39:57.478 [FXGL Background Thread 3 ] DEBUG Engine               - actualHeightProperty: ReadOnlyDoubleProperty [value: 720.0]
16:39:57.478 [FXGL Background Thread 3 ] DEBUG Engine               - actualWidth: 1080.0
16:39:57.478 [FXGL Background Thread 3 ] DEBUG Engine               - actualWidthProperty: ReadOnlyDoubleProperty [value: 1080.0]
16:39:57.478 [FXGL Background Thread 3 ] DEBUG Engine               - appIcon: fxgl_icon.png
16:39:57.478 [FXGL Background Thread 3 ] DEBUG Engine               - applicationMode: DEVELOPER
16:39:57.479 [FXGL Background Thread 3 ] DEBUG Engine               - cSSList: [fxgl_dark.css]
16:39:57.479 [FXGL Background Thread 3 ] DEBUG Engine               - collisionDetectionStrategy: BRUTE_FORCE
16:39:57.479 [FXGL Background Thread 3 ] DEBUG Engine               - configClass: Optional.empty
16:39:57.479 [FXGL Background Thread 3 ] DEBUG Engine               - credits: []
16:39:57.479 [FXGL Background Thread 3 ] DEBUG Engine               - defaultCursor: CursorInfo(imageName=fxgl_default_cursor.png, hotspotX=7.0, hotspotY=6.0)
16:39:57.479 [FXGL Background Thread 3 ] DEBUG Engine               - devBBoxColorProperty: ObjectProperty [value: 0xff0000ff]
16:39:57.479 [FXGL Background Thread 3 ] DEBUG Engine               - devEnableDebugCameraProperty: BooleanProperty [value: false]
16:39:57.479 [FXGL Background Thread 3 ] DEBUG Engine               - devSensorColorProperty: ObjectProperty [value: 0xffff00ff]
16:39:57.479 [FXGL Background Thread 3 ] DEBUG Engine               - devShowBBoxProperty: BooleanProperty [value: false]
16:39:57.479 [FXGL Background Thread 3 ] DEBUG Engine               - devShowPositionProperty: BooleanProperty [value: false]
16:39:57.479 [FXGL Background Thread 3 ] DEBUG Engine               - enabledMenuItems: []
16:39:57.479 [FXGL Background Thread 3 ] DEBUG Engine               - engineServices: [class com.almasb.fxgl.app.services.FXGLAssetLoaderService, class com.almasb.fxgl.app.FXGLApplication$GameApplicationService, class com.almasb.fxgl.app.services.FXGLDialogService, class com.almasb.fxgl.app.services.IOTaskExecutorService, class com.almasb.fxgl.io.FileSystemService, class com.almasb.fxgl.localization.LocalizationService, class com.almasb.fxgl.app.services.SystemBundleService, class com.almasb.fxgl.profile.SaveLoadService, class com.almasb.fxgl.ui.FXGLUIFactoryServiceProvider, class com.almasb.fxgl.ui.FXGLDialogFactoryServiceProvider, class com.almasb.fxgl.audio.AudioPlayer, class com.almasb.fxgl.notification.impl.NotificationServiceProvider, class com.almasb.fxgl.achievement.AchievementService, class com.almasb.fxgl.cutscene.CutsceneService, class com.almasb.fxgl.minigames.MiniGameService, class com.almasb.fxgl.net.NetService, class com.almasb.fxgl.app.services.UpdaterService, class com.almasb.fxgl.dev.DevService]
16:39:57.479 [FXGL Background Thread 3 ] DEBUG Engine               - fontGame: Abel-Regular.ttf
16:39:57.479 [FXGL Background Thread 3 ] DEBUG Engine               - fontMono: TerminalLandMono-Regular.otf
16:39:57.479 [FXGL Background Thread 3 ] DEBUG Engine               - fontText: Courier-Prime.ttf
16:39:57.479 [FXGL Background Thread 3 ] DEBUG Engine               - fontUI: VarelaRound-Regular.ttf
16:39:57.479 [FXGL Background Thread 3 ] DEBUG Engine               - fullScreen: BooleanProperty [value: false]
16:39:57.479 [FXGL Background Thread 3 ] DEBUG Engine               - gameDifficulty: MEDIUM
16:39:57.480 [FXGL Background Thread 3 ] DEBUG Engine               - gameDifficultyProperty: ObjectProperty [value: MEDIUM]
16:39:57.480 [FXGL Background Thread 3 ] DEBUG Engine               - globalMusicVolume: 0.5
16:39:57.480 [FXGL Background Thread 3 ] DEBUG Engine               - globalMusicVolumeProperty: DoubleProperty [value: 0.5]
16:39:57.480 [FXGL Background Thread 3 ] DEBUG Engine               - globalSoundVolume: 0.5
16:39:57.480 [FXGL Background Thread 3 ] DEBUG Engine               - globalSoundVolumeProperty: DoubleProperty [value: 0.5]
16:39:57.480 [FXGL Background Thread 3 ] DEBUG Engine               - height: 720
16:39:57.480 [FXGL Background Thread 3 ] DEBUG Engine               - is3D: false
16:39:57.480 [FXGL Background Thread 3 ] DEBUG Engine               - isAndroid: false
16:39:57.480 [FXGL Background Thread 3 ] DEBUG Engine               - isBrowser: false
16:39:57.480 [FXGL Background Thread 3 ] DEBUG Engine               - isClickFeedbackEnabled: false
16:39:57.480 [FXGL Background Thread 3 ] DEBUG Engine               - isCloseConfirmation: false
16:39:57.480 [FXGL Background Thread 3 ] DEBUG Engine               - isDesktop: true
16:39:57.480 [FXGL Background Thread 3 ] DEBUG Engine               - isDeveloperMenuEnabled: false
16:39:57.480 [FXGL Background Thread 3 ] DEBUG Engine               - isEmbedded: false
16:39:57.480 [FXGL Background Thread 3 ] DEBUG Engine               - isEntityPreloadEnabled: true
16:39:57.480 [FXGL Background Thread 3 ] DEBUG Engine               - isExperimentalTiledLargeMap: false
16:39:57.480 [FXGL Background Thread 3 ] DEBUG Engine               - isFileSystemWriteAllowed: true
16:39:57.480 [FXGL Background Thread 3 ] DEBUG Engine               - isFullScreenAllowed: false
16:39:57.480 [FXGL Background Thread 3 ] DEBUG Engine               - isFullScreenFromStart: false
16:39:57.480 [FXGL Background Thread 3 ] DEBUG Engine               - isGameMenuEnabled: false
16:39:57.480 [FXGL Background Thread 3 ] DEBUG Engine               - isIOS: false
16:39:57.480 [FXGL Background Thread 3 ] DEBUG Engine               - isIntroEnabled: false
16:39:57.480 [FXGL Background Thread 3 ] DEBUG Engine               - isLinux: false
16:39:57.480 [FXGL Background Thread 3 ] DEBUG Engine               - isMac: false
16:39:57.480 [FXGL Background Thread 3 ] DEBUG Engine               - isMainMenuEnabled: true
16:39:57.480 [FXGL Background Thread 3 ] DEBUG Engine               - isManualResizeEnabled: false
16:39:57.480 [FXGL Background Thread 3 ] DEBUG Engine               - isMobile: false
16:39:57.480 [FXGL Background Thread 3 ] DEBUG Engine               - isNative: false
16:39:57.480 [FXGL Background Thread 3 ] DEBUG Engine               - isPauseMusicWhenMinimized: true
16:39:57.480 [FXGL Background Thread 3 ] DEBUG Engine               - isPreserveResizeRatio: false
16:39:57.481 [FXGL Background Thread 3 ] DEBUG Engine               - isProfilingEnabled: false
16:39:57.481 [FXGL Background Thread 3 ] DEBUG Engine               - isScaleAffectedOnResize: true
16:39:57.481 [FXGL Background Thread 3 ] DEBUG Engine               - isSingleStep: false
16:39:57.481 [FXGL Background Thread 3 ] DEBUG Engine               - isUserProfileEnabled: false
16:39:57.481 [FXGL Background Thread 3 ] DEBUG Engine               - isWindows: true
16:39:57.481 [FXGL Background Thread 3 ] DEBUG Engine               - language: ObjectProperty [value: ENGLISH]
16:39:57.481 [FXGL Background Thread 3 ] DEBUG Engine               - menuKey: ESCAPE
16:39:57.481 [FXGL Background Thread 3 ] DEBUG Engine               - mouseSensitivity: 0.2
16:39:57.481 [FXGL Background Thread 3 ] DEBUG Engine               - notificationViewClass: class com.almasb.fxgl.notification.view.XboxNotificationView
16:39:57.481 [FXGL Background Thread 3 ] DEBUG Engine               - pixelsPerMeter: 50.0
16:39:57.481 [FXGL Background Thread 3 ] DEBUG Engine               - platform: WINDOWS
16:39:57.481 [FXGL Background Thread 3 ] DEBUG Engine               - prefHeightProperty: ReadOnlyDoubleProperty [value: 720.0]
16:39:57.481 [FXGL Background Thread 3 ] DEBUG Engine               - prefWidthProperty: ReadOnlyDoubleProperty [value: 1080.0]
16:39:57.481 [FXGL Background Thread 3 ] DEBUG Engine               - profileDir: profiles/
16:39:57.481 [FXGL Background Thread 3 ] DEBUG Engine               - profileName: StringProperty [value: DEFAULT]
16:39:57.481 [FXGL Background Thread 3 ] DEBUG Engine               - randomSeed: -1
16:39:57.481 [FXGL Background Thread 3 ] DEBUG Engine               - runtimeInfo: RuntimeInfo(platform=WINDOWS, version=17.1, build=24.03.2022 17.34)
16:39:57.481 [FXGL Background Thread 3 ] DEBUG Engine               - saveFileExt: sav
16:39:57.481 [FXGL Background Thread 3 ] DEBUG Engine               - scaledHeightProp$fxgl: DoubleProperty [bound, value: 720.0]
16:39:57.482 [FXGL Background Thread 3 ] DEBUG Engine               - scaledWidthProp$fxgl: DoubleProperty [bound, value: 1080.0]
16:39:57.482 [FXGL Background Thread 3 ] DEBUG Engine               - sceneFactory: com.almasb.fxgl.app.scene.SceneFactory@1dd7d0c1
16:39:57.482 [FXGL Background Thread 3 ] DEBUG Engine               - secondsIn24h: 60
16:39:57.482 [FXGL Background Thread 3 ] DEBUG Engine               - soundMenuBack: menu/back.wav
16:39:57.482 [FXGL Background Thread 3 ] DEBUG Engine               - soundMenuPress: menu/press.wav
16:39:57.482 [FXGL Background Thread 3 ] DEBUG Engine               - soundMenuSelect: menu/select.wav
16:39:57.482 [FXGL Background Thread 3 ] DEBUG Engine               - soundNotification: core/notification.wav
16:39:57.482 [FXGL Background Thread 3 ] DEBUG Engine               - stageStyle: DECORATED
16:39:57.482 [FXGL Background Thread 3 ] DEBUG Engine               - supportedLanguages: [ENGLISH, FRENCH, GERMAN, HUNGARIAN, RUSSIAN]
16:39:57.482 [FXGL Background Thread 3 ] DEBUG Engine               - ticksPerSecond: -1
16:39:57.482 [FXGL Background Thread 3 ] DEBUG Engine               - title: BOMBERMAN
16:39:57.482 [FXGL Background Thread 3 ] DEBUG Engine               - urlGithub: https://github.com/AlmasB/FXGL
16:39:57.482 [FXGL Background Thread 3 ] DEBUG Engine               - urlLeaderboard: http://fxgl-top.herokuapp.com/
16:39:57.482 [FXGL Background Thread 3 ] DEBUG Engine               - urlPOM: https://raw.githubusercontent.com/AlmasB/FXGL/release/README.md
16:39:57.482 [FXGL Background Thread 3 ] DEBUG Engine               - userAppClass: class com.bomberman.bombermanplus.BombermanApp
16:39:57.482 [FXGL Background Thread 3 ] DEBUG Engine               - version: 1.0
16:39:57.482 [FXGL Background Thread 3 ] DEBUG Engine               - versionCheckDays: 7
16:39:57.482 [FXGL Background Thread 3 ] DEBUG Engine               - width: 1080
16:39:57.482 [FXGL Background Thread 3 ] DEBUG Engine               - Logging services
16:39:57.482 [FXGL Background Thread 3 ] DEBUG Engine               - class com.almasb.fxgl.app.services.FXGLAssetLoaderService
16:39:57.482 [FXGL Background Thread 3 ] DEBUG Engine               - class com.almasb.fxgl.app.FXGLApplication$GameApplicationService
16:39:57.482 [FXGL Background Thread 3 ] DEBUG Engine               - class com.almasb.fxgl.app.services.FXGLDialogService
16:39:57.482 [FXGL Background Thread 3 ] DEBUG Engine               - class com.almasb.fxgl.app.services.IOTaskExecutorService
16:39:57.482 [FXGL Background Thread 3 ] DEBUG Engine               - class com.almasb.fxgl.io.FileSystemService
16:39:57.482 [FXGL Background Thread 3 ] DEBUG Engine               - class com.almasb.fxgl.localization.LocalizationService
16:39:57.482 [FXGL Background Thread 3 ] DEBUG Engine               - class com.almasb.fxgl.app.services.SystemBundleService
16:39:57.483 [FXGL Background Thread 3 ] DEBUG Engine               - class com.almasb.fxgl.profile.SaveLoadService
16:39:57.483 [FXGL Background Thread 3 ] DEBUG Engine               - class com.almasb.fxgl.ui.FXGLUIFactoryServiceProvider
16:39:57.483 [FXGL Background Thread 3 ] DEBUG Engine               - class com.almasb.fxgl.ui.FXGLDialogFactoryServiceProvider
16:39:57.483 [FXGL Background Thread 3 ] DEBUG Engine               - class com.almasb.fxgl.audio.AudioPlayer
16:39:57.483 [FXGL Background Thread 3 ] DEBUG Engine               - class com.almasb.fxgl.notification.impl.NotificationServiceProvider
16:39:57.483 [FXGL Background Thread 3 ] DEBUG Engine               - class com.almasb.fxgl.achievement.AchievementService
16:39:57.483 [FXGL Background Thread 3 ] DEBUG Engine               - class com.almasb.fxgl.cutscene.CutsceneService
16:39:57.483 [FXGL Background Thread 3 ] DEBUG Engine               - class com.almasb.fxgl.minigames.MiniGameService
16:39:57.483 [FXGL Background Thread 3 ] DEBUG Engine               - class com.almasb.fxgl.net.NetService
16:39:57.483 [FXGL Background Thread 3 ] DEBUG Engine               - class com.almasb.fxgl.app.services.UpdaterService
16:39:57.483 [FXGL Background Thread 3 ] DEBUG Engine               - class com.almasb.fxgl.dev.DevService
16:40:00.086 [JavaFX Application Thread] WARN  FXGLAssetLoaderServi - Asset "/assets/textures/sprites.,png" was not found!
16:40:00.086 [JavaFX Application Thread] WARN  FXGLAssetLoaderServi - Failed to load IMAGE
16:40:00.092 [JavaFX Application Thread] DEBUG LoopRunner           - Stopping loop
16:40:00.093 [JavaFX Application Thread] FATAL FXGLApplication      - Uncaught Exception:
java.lang.IllegalArgumentException: No EntityFactory has a method annotated @Spawns(rightEFLame)
	at com.almasb.fxgl.entity@17.1/com.almasb.fxgl.entity.GameWorld.create(GameWorld.kt:413)
	at com.almasb.fxgl.entity@17.1/com.almasb.fxgl.entity.GameWorld.spawn(GameWorld.kt:396)
	at com.almasb.fxgl.all@17.1/com.almasb.fxgl.dsl.FXGL$Companion.spawn(FXGL.kt:565)
	at com.almasb.fxgl.all@17.1/com.almasb.fxgl.dsl.FXGL.spawn(FXGL.kt)
	at BombermanPlus/com.bomberman.bombermanplus.components.BombComponent.explode(BombComponent.java:62)
	at BombermanPlus/com.bomberman.bombermanplus.components.PlayerComponent.lambda$placeBomb$2(PlayerComponent.java:267)
	at com.almasb.fxgl.core@17.1/com.almasb.fxgl.time.TimerAction.update(TimerAction.kt:69)
	at com.almasb.fxgl.core@17.1/com.almasb.fxgl.time.Timer.update(Timer.kt:38)
	at com.almasb.fxgl.scene@17.1/com.almasb.fxgl.scene.Scene.update(Scene.kt:104)
	at com.almasb.fxgl.all@17.1/com.almasb.fxgl.app.MainWindow$update$1.invoke(MainWindow.kt:115)
	at com.almasb.fxgl.all@17.1/com.almasb.fxgl.app.MainWindow$update$1.invoke(MainWindow.kt:115)
	at com.almasb.fxgl.core@17.1/com.almasb.fxgl.core.fsm.StateMachine.runOnActiveStates(StateMachine.kt:69)
	at com.almasb.fxgl.all@17.1/com.almasb.fxgl.app.MainWindow.update(MainWindow.kt:115)
	at com.almasb.fxgl.all@17.1/com.almasb.fxgl.app.FXGLApplication$GameApplicationService.onUpdate(FXGLApplication.kt:426)
	at com.almasb.fxgl.all@17.1/com.almasb.fxgl.app.Engine.loop(Engine.kt:134)
	at com.almasb.fxgl.all@17.1/com.almasb.fxgl.app.Engine.access$loop(Engine.kt:24)
	at com.almasb.fxgl.all@17.1/com.almasb.fxgl.app.Engine$loop$1.invoke(Engine.kt:28)
	at com.almasb.fxgl.all@17.1/com.almasb.fxgl.app.Engine$loop$1.invoke(Engine.kt:28)
	at com.almasb.fxgl.all@17.1/com.almasb.fxgl.app.LoopRunner.frame(LoopRunner.kt:103)
	at com.almasb.fxgl.all@17.1/com.almasb.fxgl.app.LoopRunner.access$frame(LoopRunner.kt:23)
	at com.almasb.fxgl.all@17.1/com.almasb.fxgl.app.LoopRunner$impl$2$1.onTick(LoopRunner.kt:57)
	at com.almasb.fxgl.all@17.1/com.almasb.fxgl.app.AnimationTimerLoop$timer$1.handle(LoopRunner.kt:137)
	at javafx.graphics@19-ea/javafx.animation.AnimationTimer$AnimationTimerReceiver.lambda$handle$0(AnimationTimer.java:58)
	at java.base/java.security.AccessController.doPrivileged(AccessController.java:399)
	at javafx.graphics@19-ea/javafx.animation.AnimationTimer$AnimationTimerReceiver.handle(AnimationTimer.java:57)
	at javafx.graphics@19-ea/com.sun.scenario.animation.AbstractPrimaryTimer.timePulseImpl(AbstractPrimaryTimer.java:356)
	at javafx.graphics@19-ea/com.sun.scenario.animation.AbstractPrimaryTimer$MainLoop.run(AbstractPrimaryTimer.java:266)
	at javafx.graphics@19-ea/com.sun.javafx.tk.quantum.QuantumToolkit.pulse(QuantumToolkit.java:571)
	at javafx.graphics@19-ea/com.sun.javafx.tk.quantum.QuantumToolkit.pulse(QuantumToolkit.java:555)
	at javafx.graphics@19-ea/com.sun.javafx.tk.quantum.QuantumToolkit.pulseFromQueue(QuantumToolkit.java:548)
	at javafx.graphics@19-ea/com.sun.javafx.tk.quantum.QuantumToolkit.lambda$runToolkit$11(QuantumToolkit.java:352)
	at javafx.graphics@19-ea/com.sun.glass.ui.InvokeLaterDispatcher$Future.run(InvokeLaterDispatcher.java:96)
	at javafx.graphics@19-ea/com.sun.glass.ui.win.WinApplication._runLoop(Native Method)
	at javafx.graphics@19-ea/com.sun.glass.ui.win.WinApplication.lambda$runLoop$3(WinApplication.java:184)
	at java.base/java.lang.Thread.run(Thread.java:1589)

16:40:00.093 [JavaFX Application Thread] FATAL FXGLApplication      - Application will now exit
16:40:00.104 [JavaFX Application Thread] DEBUG PrimaryStageWindow   - Push state: ErrorSubScene
16:40:00.104 [JavaFX Application Thread] DEBUG Input                - Clearing active input actions
16:40:00.105 [JavaFX Application Thread] DEBUG GameApplicationServi - Removing overlay from GameScene and adding to ErrorSubScene
16:40:00.105 [JavaFX Application Thread] DEBUG PrimaryStageWindow   - GameScene -> ErrorSubScene
16:40:11.692 [JavaFX Application Thread] DEBUG FXGLApplication      - Exiting FXGL
16:40:11.692 [JavaFX Application Thread] DEBUG Async                - Shutting down background threads
16:40:11.693 [JavaFX Application Thread] DEBUG PrimaryStageWindow   - Closing main window
16:40:11.699 [JavaFX Application Thread] DEBUG Logger               - Closing Logger
