23:53:13.412 [main                     ] DEBUG Logger               - Configured Logger
23:53:13.427 [main                     ] DEBUG GameApplication      - Logging settings
Title: BOMBERMAN
Version: 1.0
Width: 1080
Height: 720
Fullscreen: false
Intro: false
Profiling: false
Single step:false
App Mode: DEVELOPER
Menu Key: ESCAPE
Stage Style: DECORATED
Scene Factory: class com.bomberman.bombermanplus.BombermanApp$1

23:53:13.817 [JavaFX Application Thread] DEBUG FXGLApplication      - Initializing FXGL
23:53:13.821 [JavaFX Application Thread] INFO  Engine               - FXGL-17.1 (24.03.2022 17.34) on WINDOWS (J:19 FX:19-ea)
23:53:13.821 [JavaFX Application Thread] DEBUG Engine               - JRE Vendor Name: Oracle Corporation
23:53:13.822 [JavaFX Application Thread] DEBUG Engine               - Running on OS: Windows 11 version 10.0
23:53:13.822 [JavaFX Application Thread] DEBUG Engine               - Architecture: amd64
23:53:13.822 [JavaFX Application Thread] INFO  Engine               - Source code and latest versions at: https://github.com/AlmasB/FXGL
23:53:13.822 [JavaFX Application Thread] INFO  Engine               -       Ask questions and discuss at: https://github.com/AlmasB/FXGL/discussions
23:53:13.822 [JavaFX Application Thread] INFO  Engine               -              Join the FXGL chat at: https://gitter.im/AlmasB/FXGL
23:53:13.904 [JavaFX Application Thread] DEBUG PrimaryStageWindow   - Creating a JavaFX scene
23:53:13.947 [JavaFX Application Thread] DEBUG PrimaryStageWindow   - Target settings size: 1080.0 x 720.0
23:53:13.948 [JavaFX Application Thread] DEBUG PrimaryStageWindow   - Scaled scene size:    1080.0 x 720.0
23:53:13.948 [JavaFX Application Thread] DEBUG PrimaryStageWindow   - Scaled ratio: (1.0, 1.0)
23:53:13.949 [JavaFX Application Thread] DEBUG PrimaryStageWindow   - Set initial scene to FXGLStartupScene
23:53:13.954 [JavaFX Application Thread] DEBUG PrimaryStageWindow   - Opening main window
23:53:14.036 [JavaFX Application Thread] DEBUG PrimaryStageWindow   - Window border size: (14.4000244140625, 37.5999755859375)
23:53:14.037 [JavaFX Application Thread] DEBUG PrimaryStageWindow   - Scaled size: 1080.0 x 720.0
23:53:14.037 [JavaFX Application Thread] DEBUG PrimaryStageWindow   - Scaled ratio: (1.0, 1.0)
23:53:14.037 [JavaFX Application Thread] DEBUG PrimaryStageWindow   - Scene size: 1080.0 x 720.0
23:53:14.038 [JavaFX Application Thread] DEBUG PrimaryStageWindow   - Stage size: 1094.4000244140625 x 757.5999755859375
23:53:14.047 [FXGL Background Thread 1 ] DEBUG Engine               - Initializing environment variables
23:53:14.106 [FXGL Background Thread 1 ] DEBUG FXGLAssetLoaderServi - User app class for loading assets: class com.bomberman.bombermanplus.BombermanApp
23:53:14.106 [FXGL Background Thread 1 ] DEBUG GameApplicationServi - Applying CSS: fxgl_dark.css
23:53:14.107 [FXGL Background Thread 1 ] DEBUG FXGLAssetLoaderServi - Loading from file system: jar:file:///C:/Users/ADMIN/.m2/repository/com/github/almasb/fxgl/17.1/fxgl-17.1.jar!/fxglassets/ui/css/fxgl_dark.css
23:53:14.146 [FXGL Background Thread 1 ] DEBUG GameApplicationServi - Initializing application scenes
23:53:14.191 [FXGL Background Thread 1 ] DEBUG GameWorld            - Game world initialized
23:53:14.250 [FXGL Background Thread 1 ] DEBUG PhysicsWorld         - Physics world initialized: appHeight=720, physics.ppm=50.0
23:53:14.250 [FXGL Background Thread 1 ] DEBUG PhysicsWorld         - Using strategy: BRUTE_FORCE
23:53:14.254 [FXGL Background Thread 1 ] DEBUG GameScene            - Game scene initialized: 1080x720
23:53:14.305 [FXGL Background Thread 1 ] DEBUG GameApplicationServi - Application scenes initialized
23:53:14.314 [FXGL Background Thread 1 ] DEBUG SystemBundleService  - Loading FXGL system data
23:53:14.319 [FXGL Background Thread 1 ] DEBUG FileSystemAccess     - Reading from: C:\Users\ADMIN\IdeaProjects\BombermanPlus\system\fxgl.bundle
23:53:14.334 [FXGL Background Thread 1 ] DEBUG SystemBundleService  - Bundle FXGL: {}
23:53:14.334 [FXGL Background Thread 1 ] DEBUG UpdaterService       - Checking for updates
23:53:14.371 [FXGL Background Thread 4 ] DEBUG FXGLApplication      - Loading fonts
23:53:14.372 [FXGL Background Thread 1 ] DEBUG FXGLApplication      - Loading default localization
23:53:14.372 [FXGL Background Thread 4 ] DEBUG FXGLAssetLoaderServi - Loading from file system: file:/C:/Users/ADMIN/IdeaProjects/BombermanPlus/target/classes/assets/ui/fonts/Retro%20Gaming.ttf
23:53:14.373 [FXGL Background Thread 1 ] DEBUG FXGLAssetLoaderServi - Loading from file system: jar:file:///C:/Users/ADMIN/.m2/repository/com/github/almasb/fxgl/17.1/fxgl-17.1.jar!/fxglassets/languages/english.lang
23:53:14.403 [FXGL Background Thread 1 ] INFO  FXGLApplication      - FXGL initialization took: 0.356 sec
23:53:14.420 [JavaFX Application Thread] DEBUG Input                - Registered new binding: Move Right - D
23:53:14.420 [JavaFX Application Thread] DEBUG Input                - Registered new binding: Move Up - W
23:53:14.420 [JavaFX Application Thread] DEBUG Input                - Registered new binding: Move Down - S
23:53:14.420 [JavaFX Application Thread] DEBUG Input                - Registered new binding: Move Left - A
23:53:14.421 [JavaFX Application Thread] DEBUG Input                - Registered new binding: Place bomb - Space
23:53:14.422 [JavaFX Application Thread] DEBUG FXGLAssetLoaderServi - Loading from file system: file:/C:/Users/ADMIN/IdeaProjects/BombermanPlus/target/classes/assets/music/title_screen.mp3
23:53:14.468 [FXGL Background Thread 4 ] DEBUG FXGLAssetLoaderServi - Loading from file system: jar:file:///C:/Users/ADMIN/.m2/repository/com/github/almasb/fxgl/17.1/fxgl-17.1.jar!/fxglassets/ui/fonts/Abel-Regular.ttf
23:53:14.491 [FXGL Background Thread 4 ] DEBUG FXGLAssetLoaderServi - Loading from file system: jar:file:///C:/Users/ADMIN/.m2/repository/com/github/almasb/fxgl/17.1/fxgl-17.1.jar!/fxglassets/ui/fonts/TerminalLandMono-Regular.otf
23:53:14.510 [FXGL Background Thread 4 ] DEBUG FXGLAssetLoaderServi - Loading from file system: jar:file:///C:/Users/ADMIN/.m2/repository/com/github/almasb/fxgl/17.1/fxgl-17.1.jar!/fxglassets/ui/fonts/Courier-Prime.ttf
23:53:15.393 [JavaFX Application Thread] DEBUG AudioPlayer          - Playing music com.almasb.fxgl.audio.Music@5a7ba77
23:53:15.394 [JavaFX Application Thread] DEBUG FXGLAssetLoaderServi - Loading from file system: jar:file:///C:/Users/ADMIN/.m2/repository/com/github/almasb/fxgl/17.1/fxgl-17.1.jar!/fxglassets/textures/fxgl_icon.png
23:53:15.416 [JavaFX Application Thread] DEBUG FXGLAssetLoaderServi - Loading from file system: jar:file:///C:/Users/ADMIN/.m2/repository/com/github/almasb/fxgl/17.1/fxgl-17.1.jar!/fxglassets/textures/fxgl_default_cursor.png
23:53:15.417 [JavaFX Application Thread] DEBUG Input                - Registered new binding: Screenshot - CTRL+8
23:53:15.418 [JavaFX Application Thread] DEBUG Input                - Registered new binding: Dev Options - 1
23:53:15.418 [JavaFX Application Thread] DEBUG Input                - Registered new binding: Dev Console - 2
23:53:15.418 [JavaFX Application Thread] DEBUG Input                - Registered new binding: System info dump - CTRL+9
23:53:15.418 [JavaFX Application Thread] DEBUG Input                - Registered new binding: Restart - CTRL+R
23:53:15.418 [JavaFX Application Thread] DEBUG Input                - Registered new binding: Toggle Debug Camera - CTRL+7
23:53:15.420 [JavaFX Application Thread] DEBUG AchievementService   - Registered new achievement: Slayer
23:53:15.420 [JavaFX Application Thread] DEBUG AchievementService   - Registered new achievement: See the world
23:53:15.420 [JavaFX Application Thread] DEBUG AchievementService   - Registered new achievement: Score owner
23:53:15.420 [JavaFX Application Thread] DEBUG LoopRunner           - Starting loop
23:53:15.430 [JavaFX Application Thread] DEBUG LoopRunner           - Initializing JavaFX AnimationTimerLoop
23:53:15.432 [JavaFX Application Thread] DEBUG Input                - Clearing active input actions
23:53:15.439 [JavaFX Application Thread] DEBUG GameApplicationServi - Removing overlay from FXGLStartupScene and adding to FXGLMainMenuDummyScene
23:53:15.441 [JavaFX Application Thread] DEBUG PrimaryStageWindow   - FXGLStartupScene -> FXGLMainMenuDummyScene
23:53:15.441 [JavaFX Application Thread] DEBUG PrimaryStageWindow   - Push state: BombermanMenu
23:53:15.441 [JavaFX Application Thread] DEBUG Input                - Clearing active input actions
23:53:15.443 [JavaFX Application Thread] DEBUG GameApplicationServi - Removing overlay from FXGLMainMenuDummyScene and adding to BombermanMenu
23:53:15.443 [JavaFX Application Thread] DEBUG PrimaryStageWindow   - FXGLMainMenuDummyScene -> BombermanMenu
23:53:15.449 [JavaFX Application Thread] DEBUG FXGLApplication      - Registering font factories with UI factory
23:53:15.452 [FXGL Background Thread 2 ] INFO  UpdaterService       - Your current version:  17.1
23:53:15.452 [FXGL Background Thread 2 ] INFO  UpdaterService       - Latest stable version: 17.2
23:53:16.502 [JavaFX Application Thread] DEBUG Menu                 - fireNewGame()
23:53:16.502 [JavaFX Application Thread] DEBUG GameApplicationServi - Starting new game
23:53:16.502 [JavaFX Application Thread] DEBUG PrimaryStageWindow   - Pop state: BombermanMenu
23:53:16.502 [JavaFX Application Thread] DEBUG Input                - Clearing active input actions
23:53:16.503 [JavaFX Application Thread] DEBUG GameApplicationServi - Removing overlay from BombermanMenu and adding to FXGLMainMenuDummyScene
23:53:16.505 [JavaFX Application Thread] DEBUG PrimaryStageWindow   - FXGLMainMenuDummyScene <- BombermanMenu
23:53:16.505 [JavaFX Application Thread] DEBUG Input                - Clearing active input actions
23:53:16.509 [JavaFX Application Thread] DEBUG GameApplicationServi - Removing overlay from FXGLMainMenuDummyScene and adding to FXGLLoadingScene
23:53:16.510 [JavaFX Application Thread] DEBUG PrimaryStageWindow   - FXGLMainMenuDummyScene -> FXGLLoadingScene
23:53:16.510 [JavaFX Application Thread] DEBUG GameApplicationServi - Clearing previous game
23:53:16.510 [JavaFX Application Thread] DEBUG GameScene            - Clearing game scene
23:53:16.510 [JavaFX Application Thread] DEBUG GameWorld            - Clearing game world
23:53:16.510 [JavaFX Application Thread] DEBUG PhysicsWorld         - Clearing physics world
23:53:16.511 [FXGL Background Thread 2 ] DEBUG FXGLApplication      - Initializing game
23:53:16.528 [FXGL Background Thread 2 ] DEBUG FXGLAssetLoaderServi - Loading from file system: file:/C:/Users/ADMIN/IdeaProjects/BombermanPlus/target/classes/assets/sounds/stage_start.wav
23:53:16.560 [FXGL Background Thread 2 ] INFO  FXGLApplication      - Game initialization took: 0.049 sec
23:53:16.567 [JavaFX Application Thread] DEBUG Input                - Clearing active input actions
23:53:16.571 [JavaFX Application Thread] DEBUG GameApplicationServi - Removing overlay from FXGLLoadingScene and adding to GameScene
23:53:16.573 [JavaFX Application Thread] DEBUG PrimaryStageWindow   - FXGLLoadingScene -> GameScene
23:53:17.369 [FXGL Background Thread 3 ] DEBUG Engine               - Logging environment variables
23:53:17.370 [FXGL Background Thread 3 ] DEBUG Engine               - achievements: [Slayer:achieved(false), See the world:achieved(false), Score owner:achieved(false)]
23:53:17.370 [FXGL Background Thread 3 ] DEBUG Engine               - actualHeight: 720.0
23:53:17.370 [FXGL Background Thread 3 ] DEBUG Engine               - actualHeightProperty: ReadOnlyDoubleProperty [value: 720.0]
23:53:17.370 [FXGL Background Thread 3 ] DEBUG Engine               - actualWidth: 1080.0
23:53:17.370 [FXGL Background Thread 3 ] DEBUG Engine               - actualWidthProperty: ReadOnlyDoubleProperty [value: 1080.0]
23:53:17.370 [FXGL Background Thread 3 ] DEBUG Engine               - appIcon: fxgl_icon.png
23:53:17.370 [FXGL Background Thread 3 ] DEBUG Engine               - applicationMode: DEVELOPER
23:53:17.370 [FXGL Background Thread 3 ] DEBUG Engine               - cSSList: [fxgl_dark.css]
23:53:17.370 [FXGL Background Thread 3 ] DEBUG Engine               - collisionDetectionStrategy: BRUTE_FORCE
23:53:17.370 [FXGL Background Thread 3 ] DEBUG Engine               - configClass: Optional.empty
23:53:17.370 [FXGL Background Thread 3 ] DEBUG Engine               - credits: []
23:53:17.371 [FXGL Background Thread 3 ] DEBUG Engine               - defaultCursor: CursorInfo(imageName=fxgl_default_cursor.png, hotspotX=7.0, hotspotY=6.0)
23:53:17.371 [FXGL Background Thread 3 ] DEBUG Engine               - devBBoxColorProperty: ObjectProperty [value: 0xff0000ff]
23:53:17.372 [FXGL Background Thread 3 ] DEBUG Engine               - devEnableDebugCameraProperty: BooleanProperty [value: false]
23:53:17.372 [FXGL Background Thread 3 ] DEBUG Engine               - devSensorColorProperty: ObjectProperty [value: 0xffff00ff]
23:53:17.372 [FXGL Background Thread 3 ] DEBUG Engine               - devShowBBoxProperty: BooleanProperty [value: false]
23:53:17.372 [FXGL Background Thread 3 ] DEBUG Engine               - devShowPositionProperty: BooleanProperty [value: false]
23:53:17.372 [FXGL Background Thread 3 ] DEBUG Engine               - enabledMenuItems: []
23:53:17.372 [FXGL Background Thread 3 ] DEBUG Engine               - engineServices: [class com.almasb.fxgl.app.services.FXGLAssetLoaderService, class com.almasb.fxgl.app.FXGLApplication$GameApplicationService, class com.almasb.fxgl.app.services.FXGLDialogService, class com.almasb.fxgl.app.services.IOTaskExecutorService, class com.almasb.fxgl.io.FileSystemService, class com.almasb.fxgl.localization.LocalizationService, class com.almasb.fxgl.app.services.SystemBundleService, class com.almasb.fxgl.profile.SaveLoadService, class com.almasb.fxgl.ui.FXGLUIFactoryServiceProvider, class com.almasb.fxgl.ui.FXGLDialogFactoryServiceProvider, class com.almasb.fxgl.audio.AudioPlayer, class com.almasb.fxgl.notification.impl.NotificationServiceProvider, class com.almasb.fxgl.achievement.AchievementService, class com.almasb.fxgl.cutscene.CutsceneService, class com.almasb.fxgl.minigames.MiniGameService, class com.almasb.fxgl.net.NetService, class com.almasb.fxgl.app.services.UpdaterService, class com.almasb.fxgl.dev.DevService]
23:53:17.372 [FXGL Background Thread 3 ] DEBUG Engine               - fontGame: Abel-Regular.ttf
23:53:17.372 [FXGL Background Thread 3 ] DEBUG Engine               - fontMono: TerminalLandMono-Regular.otf
23:53:17.372 [FXGL Background Thread 3 ] DEBUG Engine               - fontText: Courier-Prime.ttf
23:53:17.372 [FXGL Background Thread 3 ] DEBUG Engine               - fontUI: Retro Gaming.ttf
23:53:17.372 [FXGL Background Thread 3 ] DEBUG Engine               - fullScreen: BooleanProperty [value: false]
23:53:17.372 [FXGL Background Thread 3 ] DEBUG Engine               - gameDifficulty: MEDIUM
23:53:17.372 [FXGL Background Thread 3 ] DEBUG Engine               - gameDifficultyProperty: ObjectProperty [value: MEDIUM]
23:53:17.372 [FXGL Background Thread 3 ] DEBUG Engine               - globalMusicVolume: 0.5
23:53:17.372 [FXGL Background Thread 3 ] DEBUG Engine               - globalMusicVolumeProperty: DoubleProperty [value: 0.0]
23:53:17.372 [FXGL Background Thread 3 ] DEBUG Engine               - globalSoundVolume: 0.5
23:53:17.372 [FXGL Background Thread 3 ] DEBUG Engine               - globalSoundVolumeProperty: DoubleProperty [value: 0.4]
23:53:17.373 [FXGL Background Thread 3 ] DEBUG Engine               - height: 720
23:53:17.373 [FXGL Background Thread 3 ] DEBUG Engine               - is3D: false
23:53:17.373 [FXGL Background Thread 3 ] DEBUG Engine               - isAndroid: false
23:53:17.373 [FXGL Background Thread 3 ] DEBUG Engine               - isBrowser: false
23:53:17.373 [FXGL Background Thread 3 ] DEBUG Engine               - isClickFeedbackEnabled: false
23:53:17.373 [FXGL Background Thread 3 ] DEBUG Engine               - isCloseConfirmation: false
23:53:17.373 [FXGL Background Thread 3 ] DEBUG Engine               - isDesktop: true
23:53:17.373 [FXGL Background Thread 3 ] DEBUG Engine               - isDeveloperMenuEnabled: true
23:53:17.373 [FXGL Background Thread 3 ] DEBUG Engine               - isEmbedded: false
23:53:17.373 [FXGL Background Thread 3 ] DEBUG Engine               - isEntityPreloadEnabled: true
23:53:17.374 [FXGL Background Thread 3 ] DEBUG Engine               - isExperimentalTiledLargeMap: false
23:53:17.374 [FXGL Background Thread 3 ] DEBUG Engine               - isFileSystemWriteAllowed: true
23:53:17.374 [FXGL Background Thread 3 ] DEBUG Engine               - isFullScreenAllowed: false
23:53:17.374 [FXGL Background Thread 3 ] DEBUG Engine               - isFullScreenFromStart: false
23:53:17.374 [FXGL Background Thread 3 ] DEBUG Engine               - isGameMenuEnabled: true
23:53:17.374 [FXGL Background Thread 3 ] DEBUG Engine               - isIOS: false
23:53:17.374 [FXGL Background Thread 3 ] DEBUG Engine               - isIntroEnabled: false
23:53:17.374 [FXGL Background Thread 3 ] DEBUG Engine               - isLinux: false
23:53:17.374 [FXGL Background Thread 3 ] DEBUG Engine               - isMac: false
23:53:17.374 [FXGL Background Thread 3 ] DEBUG Engine               - isMainMenuEnabled: true
23:53:17.374 [FXGL Background Thread 3 ] DEBUG Engine               - isManualResizeEnabled: true
23:53:17.374 [FXGL Background Thread 3 ] DEBUG Engine               - isMobile: false
23:53:17.374 [FXGL Background Thread 3 ] DEBUG Engine               - isNative: false
23:53:17.374 [FXGL Background Thread 3 ] DEBUG Engine               - isPauseMusicWhenMinimized: true
23:53:17.374 [FXGL Background Thread 3 ] DEBUG Engine               - isPreserveResizeRatio: true
23:53:17.374 [FXGL Background Thread 3 ] DEBUG Engine               - isProfilingEnabled: false
23:53:17.374 [FXGL Background Thread 3 ] DEBUG Engine               - isScaleAffectedOnResize: true
23:53:17.374 [FXGL Background Thread 3 ] DEBUG Engine               - isSingleStep: false
23:53:17.374 [FXGL Background Thread 3 ] DEBUG Engine               - isUserProfileEnabled: false
23:53:17.374 [FXGL Background Thread 3 ] DEBUG Engine               - isWindows: true
23:53:17.374 [FXGL Background Thread 3 ] DEBUG Engine               - language: ObjectProperty [value: ENGLISH]
23:53:17.374 [FXGL Background Thread 3 ] DEBUG Engine               - menuKey: ESCAPE
23:53:17.375 [FXGL Background Thread 3 ] DEBUG Engine               - mouseSensitivity: 0.2
23:53:17.375 [FXGL Background Thread 3 ] DEBUG Engine               - notificationViewClass: class com.almasb.fxgl.notification.view.XboxNotificationView
23:53:17.375 [FXGL Background Thread 3 ] DEBUG Engine               - pixelsPerMeter: 50.0
23:53:17.375 [FXGL Background Thread 3 ] DEBUG Engine               - platform: WINDOWS
23:53:17.375 [FXGL Background Thread 3 ] DEBUG Engine               - prefHeightProperty: ReadOnlyDoubleProperty [value: 720.0]
23:53:17.375 [FXGL Background Thread 3 ] DEBUG Engine               - prefWidthProperty: ReadOnlyDoubleProperty [value: 1080.0]
23:53:17.375 [FXGL Background Thread 3 ] DEBUG Engine               - profileDir: profiles/
23:53:17.375 [FXGL Background Thread 3 ] DEBUG Engine               - profileName: StringProperty [value: DEFAULT]
23:53:17.375 [FXGL Background Thread 3 ] DEBUG Engine               - randomSeed: -1
23:53:17.375 [FXGL Background Thread 3 ] DEBUG Engine               - runtimeInfo: RuntimeInfo(platform=WINDOWS, version=17.1, build=24.03.2022 17.34)
23:53:17.375 [FXGL Background Thread 3 ] DEBUG Engine               - saveFileExt: sav
23:53:17.375 [FXGL Background Thread 3 ] DEBUG Engine               - scaledHeightProp$fxgl: DoubleProperty [bound, value: 720.0]
23:53:17.375 [FXGL Background Thread 3 ] DEBUG Engine               - scaledWidthProp$fxgl: DoubleProperty [bound, value: 1080.0]
23:53:17.375 [FXGL Background Thread 3 ] DEBUG Engine               - sceneFactory: com.bomberman.bombermanplus.BombermanApp$1@59db6fa8
23:53:17.375 [FXGL Background Thread 3 ] DEBUG Engine               - secondsIn24h: 60
23:53:17.375 [FXGL Background Thread 3 ] DEBUG Engine               - soundMenuBack: menu/back.wav
23:53:17.375 [FXGL Background Thread 3 ] DEBUG Engine               - soundMenuPress: menu/press.wav
23:53:17.376 [FXGL Background Thread 3 ] DEBUG Engine               - soundMenuSelect: menu/select.wav
23:53:17.376 [FXGL Background Thread 3 ] DEBUG Engine               - soundNotification: core/notification.wav
23:53:17.376 [FXGL Background Thread 3 ] DEBUG Engine               - stageStyle: DECORATED
23:53:17.376 [FXGL Background Thread 3 ] DEBUG Engine               - supportedLanguages: [ENGLISH, FRENCH, GERMAN, HUNGARIAN, RUSSIAN]
23:53:17.376 [FXGL Background Thread 3 ] DEBUG Engine               - ticksPerSecond: -1
23:53:17.376 [FXGL Background Thread 3 ] DEBUG Engine               - title: BOMBERMAN
23:53:17.376 [FXGL Background Thread 3 ] DEBUG Engine               - urlGithub: https://github.com/AlmasB/FXGL
23:53:17.376 [FXGL Background Thread 3 ] DEBUG Engine               - urlLeaderboard: http://fxgl-top.herokuapp.com/
23:53:17.376 [FXGL Background Thread 3 ] DEBUG Engine               - urlPOM: https://raw.githubusercontent.com/AlmasB/FXGL/release/README.md
23:53:17.376 [FXGL Background Thread 3 ] DEBUG Engine               - userAppClass: class com.bomberman.bombermanplus.BombermanApp
23:53:17.376 [FXGL Background Thread 3 ] DEBUG Engine               - version: 1.0
23:53:17.376 [FXGL Background Thread 3 ] DEBUG Engine               - versionCheckDays: 7
23:53:17.376 [FXGL Background Thread 3 ] DEBUG Engine               - width: 1080
23:53:17.376 [FXGL Background Thread 3 ] DEBUG Engine               - Logging services
23:53:17.376 [FXGL Background Thread 3 ] DEBUG Engine               - class com.almasb.fxgl.app.services.FXGLAssetLoaderService
23:53:17.376 [FXGL Background Thread 3 ] DEBUG Engine               - class com.almasb.fxgl.app.FXGLApplication$GameApplicationService
23:53:17.376 [FXGL Background Thread 3 ] DEBUG Engine               - class com.almasb.fxgl.app.services.FXGLDialogService
23:53:17.376 [FXGL Background Thread 3 ] DEBUG Engine               - class com.almasb.fxgl.app.services.IOTaskExecutorService
23:53:17.376 [FXGL Background Thread 3 ] DEBUG Engine               - class com.almasb.fxgl.io.FileSystemService
23:53:17.376 [FXGL Background Thread 3 ] DEBUG Engine               - class com.almasb.fxgl.localization.LocalizationService
23:53:17.376 [FXGL Background Thread 3 ] DEBUG Engine               - class com.almasb.fxgl.app.services.SystemBundleService
23:53:17.376 [FXGL Background Thread 3 ] DEBUG Engine               - class com.almasb.fxgl.profile.SaveLoadService
23:53:17.376 [FXGL Background Thread 3 ] DEBUG Engine               - class com.almasb.fxgl.ui.FXGLUIFactoryServiceProvider
23:53:17.376 [FXGL Background Thread 3 ] DEBUG Engine               - class com.almasb.fxgl.ui.FXGLDialogFactoryServiceProvider
23:53:17.377 [FXGL Background Thread 3 ] DEBUG Engine               - class com.almasb.fxgl.audio.AudioPlayer
23:53:17.377 [FXGL Background Thread 3 ] DEBUG Engine               - class com.almasb.fxgl.notification.impl.NotificationServiceProvider
23:53:17.377 [FXGL Background Thread 3 ] DEBUG Engine               - class com.almasb.fxgl.achievement.AchievementService
23:53:17.377 [FXGL Background Thread 3 ] DEBUG Engine               - class com.almasb.fxgl.cutscene.CutsceneService
23:53:17.377 [FXGL Background Thread 3 ] DEBUG Engine               - class com.almasb.fxgl.minigames.MiniGameService
23:53:17.377 [FXGL Background Thread 3 ] DEBUG Engine               - class com.almasb.fxgl.net.NetService
23:53:17.377 [FXGL Background Thread 3 ] DEBUG Engine               - class com.almasb.fxgl.app.services.UpdaterService
23:53:17.377 [FXGL Background Thread 3 ] DEBUG Engine               - class com.almasb.fxgl.dev.DevService
23:53:19.327 [JavaFX Application Thread] WARN  TMXLevelLoader       - TiledMap generated from 1.9.2. Supported version: 1.4.2. Some features may not be parsed fully.
23:53:19.344 [JavaFX Application Thread] DEBUG TMXLevelLoader       - Parsed TiledMap: file:/C:/Users/ADMIN/IdeaProjects/BombermanPlus/target/classes/assets/levels/bbm_level1.tmx
23:53:19.345 [JavaFX Application Thread] DEBUG TMXLevelLoader       - Creating tile layer entities
23:53:19.346 [JavaFX Application Thread] DEBUG TilesetLoader        - Loading view for layer Tile Layer 1
23:53:19.350 [JavaFX Application Thread] DEBUG TilesetLoader        - Created buffer with size 1488.0x720.0
23:53:19.416 [JavaFX Application Thread] DEBUG TMXLevelLoader       - Creating object layer entities
23:53:19.417 [JavaFX Application Thread] DEBUG FXGLAssetLoaderServi - Loading from file system: file:/C:/Users/ADMIN/IdeaProjects/BombermanPlus/target/classes/assets/textures/items/powerup_speed.png
23:53:19.423 [JavaFX Application Thread] DEBUG FXGLAssetLoaderServi - Loading from file system: file:/C:/Users/ADMIN/IdeaProjects/BombermanPlus/target/classes/assets/textures/items/powerup_flames.png
23:53:19.424 [JavaFX Application Thread] DEBUG FXGLAssetLoaderServi - Loading from file system: file:/C:/Users/ADMIN/IdeaProjects/BombermanPlus/target/classes/assets/textures/items/powerup_bombs.png
23:53:19.426 [JavaFX Application Thread] DEBUG FXGLAssetLoaderServi - Loading from file system: file:/C:/Users/ADMIN/IdeaProjects/BombermanPlus/target/classes/assets/textures/items/powerup_flamepass.png
23:53:19.429 [JavaFX Application Thread] DEBUG FXGLAssetLoaderServi - Loading from file system: file:/C:/Users/ADMIN/IdeaProjects/BombermanPlus/target/classes/assets/textures/items/portal.png
23:53:19.432 [JavaFX Application Thread] DEBUG FXGLAssetLoaderServi - Loading from file system: file:/C:/Users/ADMIN/IdeaProjects/BombermanPlus/target/classes/assets/textures/sprites.png
23:53:19.517 [JavaFX Application Thread] DEBUG GameWorld            - Clearing removable entities
23:53:19.517 [JavaFX Application Thread] DEBUG GameWorld            - Setting level: com.almasb.fxgl.entity.level.Level@62752344
23:53:19.557 [JavaFX Application Thread] DEBUG FXGLAssetLoaderServi - Loading from file system: file:/C:/Users/ADMIN/IdeaProjects/BombermanPlus/target/classes/assets/sounds/walk_2.wav
23:53:20.511 [JavaFX Application Thread] DEBUG FXGLAssetLoaderServi - Loading from file system: file:/C:/Users/ADMIN/IdeaProjects/BombermanPlus/target/classes/assets/sounds/power_up.wav
23:53:20.935 [JavaFX Application Thread] DEBUG FXGLAssetLoaderServi - Loading from file system: file:/C:/Users/ADMIN/IdeaProjects/BombermanPlus/target/classes/assets/sounds/placed_bomb.wav
23:53:21.391 [JavaFX Application Thread] DEBUG FXGLAssetLoaderServi - Loading from file system: file:/C:/Users/ADMIN/IdeaProjects/BombermanPlus/target/classes/assets/sounds/walk_1.wav
23:53:22.680 [JavaFX Application Thread] DEBUG FXGLAssetLoaderServi - Loading from file system: file:/C:/Users/ADMIN/IdeaProjects/BombermanPlus/target/classes/assets/sounds/bomb_exploded.wav
23:53:38.641 [JavaFX Application Thread] DEBUG FXGLApplication      - Exiting FXGL
23:53:38.642 [JavaFX Application Thread] DEBUG LoopRunner           - Stopping loop
23:53:38.642 [JavaFX Application Thread] DEBUG SystemBundleService  - Saving FXGL system data
23:53:38.655 [JavaFX Application Thread] DEBUG FileSystemAccess     - Writing to: C:\Users\ADMIN\IdeaProjects\BombermanPlus\system\fxgl.bundle
23:53:38.658 [JavaFX Application Thread] DEBUG Async                - Shutting down background threads
23:53:38.658 [JavaFX Application Thread] DEBUG PrimaryStageWindow   - Closing main window
23:53:38.665 [JavaFX Application Thread] DEBUG Logger               - Closing Logger
