09:20:09.333 [main                     ] DEBUG Logger               - Configured Logger
09:20:09.350 [main                     ] DEBUG GameApplication      - Logging settings
Title: BOMBERMAN
Version: 1.0
Width: 1080
Height: 720
Fullscreen: false
Intro: false
Profiling: false
Single step:false
App Mode: DEVELOPER
Menu Key: ESCAPE
Stage Style: DECORATED
Scene Factory: class com.bomberman.bombermanplus.BombermanApp$1

09:20:09.852 [JavaFX Application Thread] DEBUG FXGLApplication      - Initializing FXGL
09:20:09.857 [JavaFX Application Thread] INFO  Engine               - FXGL-17.1 (24.03.2022 17.34) on WINDOWS (J:19 FX:19-ea)
09:20:09.857 [JavaFX Application Thread] DEBUG Engine               - JRE Vendor Name: Oracle Corporation
09:20:09.858 [JavaFX Application Thread] DEBUG Engine               - Running on OS: Windows 11 version 10.0
09:20:09.858 [JavaFX Application Thread] DEBUG Engine               - Architecture: amd64
09:20:09.858 [JavaFX Application Thread] INFO  Engine               - Source code and latest versions at: https://github.com/AlmasB/FXGL
09:20:09.858 [JavaFX Application Thread] INFO  Engine               -       Ask questions and discuss at: https://github.com/AlmasB/FXGL/discussions
09:20:09.858 [JavaFX Application Thread] INFO  Engine               -              Join the FXGL chat at: https://gitter.im/AlmasB/FXGL
09:20:09.967 [JavaFX Application Thread] DEBUG PrimaryStageWindow   - Creating a JavaFX scene
09:20:10.033 [JavaFX Application Thread] DEBUG PrimaryStageWindow   - Target settings size: 1080.0 x 720.0
09:20:10.033 [JavaFX Application Thread] DEBUG PrimaryStageWindow   - Scaled scene size:    1080.0 x 720.0
09:20:10.033 [JavaFX Application Thread] DEBUG PrimaryStageWindow   - Scaled ratio: (1.0, 1.0)
09:20:10.035 [JavaFX Application Thread] DEBUG PrimaryStageWindow   - Set initial scene to FXGLStartupScene
09:20:10.040 [JavaFX Application Thread] DEBUG PrimaryStageWindow   - Opening main window
09:20:10.127 [JavaFX Application Thread] DEBUG PrimaryStageWindow   - Window border size: (14.4000244140625, 37.5999755859375)
09:20:10.127 [JavaFX Application Thread] DEBUG PrimaryStageWindow   - Scaled size: 1080.0 x 720.0
09:20:10.127 [JavaFX Application Thread] DEBUG PrimaryStageWindow   - Scaled ratio: (1.0, 1.0)
09:20:10.127 [JavaFX Application Thread] DEBUG PrimaryStageWindow   - Scene size: 1080.0 x 720.0
09:20:10.128 [JavaFX Application Thread] DEBUG PrimaryStageWindow   - Stage size: 1094.4000244140625 x 757.5999755859375
09:20:10.138 [FXGL Background Thread 1 ] DEBUG Engine               - Initializing environment variables
09:20:10.201 [FXGL Background Thread 1 ] DEBUG FXGLAssetLoaderServi - User app class for loading assets: class com.bomberman.bombermanplus.BombermanApp
09:20:10.201 [FXGL Background Thread 1 ] DEBUG GameApplicationServi - Applying CSS: fxgl_dark.css
09:20:10.202 [FXGL Background Thread 1 ] DEBUG FXGLAssetLoaderServi - Loading from file system: jar:file:///C:/Users/ADMIN/.m2/repository/com/github/almasb/fxgl/17.1/fxgl-17.1.jar!/fxglassets/ui/css/fxgl_dark.css
09:20:10.245 [FXGL Background Thread 1 ] DEBUG GameApplicationServi - Initializing application scenes
09:20:10.285 [FXGL Background Thread 1 ] DEBUG GameWorld            - Game world initialized
09:20:10.342 [FXGL Background Thread 1 ] DEBUG PhysicsWorld         - Physics world initialized: appHeight=720, physics.ppm=50.0
09:20:10.343 [FXGL Background Thread 1 ] DEBUG PhysicsWorld         - Using strategy: BRUTE_FORCE
09:20:10.347 [FXGL Background Thread 1 ] DEBUG GameScene            - Game scene initialized: 1080x720
09:20:10.379 [FXGL Background Thread 1 ] DEBUG GameApplicationServi - Application scenes initialized
09:20:10.389 [FXGL Background Thread 1 ] DEBUG SystemBundleService  - Loading FXGL system data
09:20:10.395 [FXGL Background Thread 1 ] DEBUG FileSystemAccess     - Reading from: C:\Users\ADMIN\IdeaProjects\BombermanPlus\system\fxgl.bundle
09:20:10.408 [FXGL Background Thread 1 ] DEBUG SystemBundleService  - Bundle FXGL: {}
09:20:10.409 [FXGL Background Thread 1 ] DEBUG UpdaterService       - Checking for updates
09:20:10.413 [FXGL Background Thread 4 ] DEBUG FXGLApplication      - Loading fonts
09:20:10.413 [FXGL Background Thread 4 ] DEBUG FXGLAssetLoaderServi - Loading from file system: jar:file:///C:/Users/ADMIN/.m2/repository/com/github/almasb/fxgl/17.1/fxgl-17.1.jar!/fxglassets/ui/fonts/VarelaRound-Regular.ttf
09:20:10.413 [FXGL Background Thread 1 ] DEBUG FXGLApplication      - Loading default localization
09:20:10.414 [FXGL Background Thread 1 ] DEBUG FXGLAssetLoaderServi - Loading from file system: jar:file:///C:/Users/ADMIN/.m2/repository/com/github/almasb/fxgl/17.1/fxgl-17.1.jar!/fxglassets/languages/english.lang
09:20:10.440 [FXGL Background Thread 1 ] INFO  FXGLApplication      - FXGL initialization took: 0.303 sec
09:20:10.452 [JavaFX Application Thread] DEBUG Input                - Registered new binding: Move Right - D
09:20:10.452 [JavaFX Application Thread] DEBUG Input                - Registered new binding: Move Up - W
09:20:10.452 [JavaFX Application Thread] DEBUG Input                - Registered new binding: Move Down - S
09:20:10.452 [JavaFX Application Thread] DEBUG Input                - Registered new binding: Move Left - A
09:20:10.453 [JavaFX Application Thread] DEBUG Input                - Registered new binding: Place bomb - Space
09:20:10.454 [JavaFX Application Thread] DEBUG FXGLAssetLoaderServi - Loading from file system: jar:file:///C:/Users/ADMIN/.m2/repository/com/github/almasb/fxgl/17.1/fxgl-17.1.jar!/fxglassets/textures/fxgl_icon.png
09:20:10.506 [JavaFX Application Thread] DEBUG FXGLAssetLoaderServi - Loading from file system: jar:file:///C:/Users/ADMIN/.m2/repository/com/github/almasb/fxgl/17.1/fxgl-17.1.jar!/fxglassets/textures/fxgl_default_cursor.png
09:20:10.510 [JavaFX Application Thread] DEBUG Input                - Registered new binding: Screenshot - CTRL+8
09:20:10.511 [JavaFX Application Thread] DEBUG Input                - Registered new binding: System info dump - CTRL+9
09:20:10.511 [JavaFX Application Thread] DEBUG Input                - Registered new binding: Restart - CTRL+R
09:20:10.512 [JavaFX Application Thread] DEBUG Input                - Registered new binding: Toggle Debug Camera - CTRL+7
09:20:10.515 [JavaFX Application Thread] DEBUG LoopRunner           - Starting loop
09:20:10.515 [JavaFX Application Thread] DEBUG LoopRunner           - Initializing JavaFX AnimationTimerLoop
09:20:10.519 [JavaFX Application Thread] DEBUG Input                - Clearing active input actions
09:20:10.527 [JavaFX Application Thread] DEBUG GameApplicationServi - Removing overlay from FXGLStartupScene and adding to FXGLMainMenuDummyScene
09:20:10.528 [JavaFX Application Thread] DEBUG PrimaryStageWindow   - FXGLStartupScene -> FXGLMainMenuDummyScene
09:20:10.528 [JavaFX Application Thread] DEBUG PrimaryStageWindow   - Push state: BombermanMenu
09:20:10.529 [JavaFX Application Thread] DEBUG Input                - Clearing active input actions
09:20:10.531 [JavaFX Application Thread] DEBUG GameApplicationServi - Removing overlay from FXGLMainMenuDummyScene and adding to BombermanMenu
09:20:10.532 [JavaFX Application Thread] DEBUG PrimaryStageWindow   - FXGLMainMenuDummyScene -> BombermanMenu
09:20:10.533 [FXGL Background Thread 4 ] DEBUG FXGLAssetLoaderServi - Loading from file system: jar:file:///C:/Users/ADMIN/.m2/repository/com/github/almasb/fxgl/17.1/fxgl-17.1.jar!/fxglassets/ui/fonts/Abel-Regular.ttf
09:20:10.546 [FXGL Background Thread 4 ] DEBUG FXGLAssetLoaderServi - Loading from file system: jar:file:///C:/Users/ADMIN/.m2/repository/com/github/almasb/fxgl/17.1/fxgl-17.1.jar!/fxglassets/ui/fonts/TerminalLandMono-Regular.otf
09:20:10.558 [FXGL Background Thread 4 ] DEBUG FXGLAssetLoaderServi - Loading from file system: jar:file:///C:/Users/ADMIN/.m2/repository/com/github/almasb/fxgl/17.1/fxgl-17.1.jar!/fxglassets/ui/fonts/Courier-Prime.ttf
09:20:10.678 [JavaFX Application Thread] DEBUG FXGLApplication      - Registering font factories with UI factory
09:20:11.267 [JavaFX Application Thread] DEBUG Menu                 - fireNewGame()
09:20:11.267 [JavaFX Application Thread] DEBUG GameApplicationServi - Starting new game
09:20:11.267 [JavaFX Application Thread] DEBUG PrimaryStageWindow   - Pop state: BombermanMenu
09:20:11.267 [JavaFX Application Thread] DEBUG Input                - Clearing active input actions
09:20:11.268 [JavaFX Application Thread] DEBUG GameApplicationServi - Removing overlay from BombermanMenu and adding to FXGLMainMenuDummyScene
09:20:11.268 [JavaFX Application Thread] DEBUG PrimaryStageWindow   - FXGLMainMenuDummyScene <- BombermanMenu
09:20:11.268 [JavaFX Application Thread] DEBUG Input                - Clearing active input actions
09:20:11.277 [JavaFX Application Thread] DEBUG GameApplicationServi - Removing overlay from FXGLMainMenuDummyScene and adding to FXGLLoadingScene
09:20:11.278 [JavaFX Application Thread] DEBUG PrimaryStageWindow   - FXGLMainMenuDummyScene -> FXGLLoadingScene
09:20:11.278 [JavaFX Application Thread] DEBUG GameApplicationServi - Clearing previous game
09:20:11.278 [JavaFX Application Thread] DEBUG GameScene            - Clearing game scene
09:20:11.278 [JavaFX Application Thread] DEBUG GameWorld            - Clearing game world
09:20:11.278 [JavaFX Application Thread] DEBUG PhysicsWorld         - Clearing physics world
09:20:11.280 [FXGL Background Thread 4 ] DEBUG FXGLApplication      - Initializing game
09:20:11.344 [FXGL Background Thread 4 ] WARN  TMXLevelLoader       - TiledMap generated from 1.9.2. Supported version: 1.4.2. Some features may not be parsed fully.
09:20:11.358 [FXGL Background Thread 4 ] DEBUG TMXLevelLoader       - Parsed TiledMap: file:/C:/Users/ADMIN/IdeaProjects/BombermanPlus/target/classes/assets/levels/lv1.tmx
09:20:11.359 [FXGL Background Thread 4 ] DEBUG TMXLevelLoader       - Creating tile layer entities
09:20:11.362 [FXGL Background Thread 4 ] DEBUG TilesetLoader        - Loading view for layer Tile Layer 1
09:20:11.366 [FXGL Background Thread 4 ] DEBUG TilesetLoader        - Created buffer with size 1056.0x720.0
09:20:11.407 [FXGL Background Thread 4 ] DEBUG TMXLevelLoader       - Creating object layer entities
09:20:11.419 [FXGL Background Thread 2 ] INFO  UpdaterService       - Your current version:  17.1
09:20:11.420 [FXGL Background Thread 2 ] INFO  UpdaterService       - Latest stable version: 17.2
09:20:11.420 [FXGL Background Thread 4 ] DEBUG FXGLAssetLoaderServi - Loading from file system: file:/C:/Users/ADMIN/IdeaProjects/BombermanPlus/target/classes/assets/textures/items/portal.png
09:20:11.438 [FXGL Background Thread 4 ] DEBUG FXGLAssetLoaderServi - Loading from file system: file:/C:/Users/ADMIN/IdeaProjects/BombermanPlus/target/classes/assets/textures/items/powerup_speed.png
09:20:11.446 [FXGL Background Thread 4 ] DEBUG FXGLAssetLoaderServi - Loading from file system: file:/C:/Users/ADMIN/IdeaProjects/BombermanPlus/target/classes/assets/textures/items/powerup_bombs.png
09:20:11.451 [FXGL Background Thread 4 ] DEBUG FXGLAssetLoaderServi - Loading from file system: file:/C:/Users/ADMIN/IdeaProjects/BombermanPlus/target/classes/assets/textures/items/powerup_flamepass.png
09:20:11.462 [FXGL Background Thread 4 ] DEBUG FXGLAssetLoaderServi - Loading from file system: file:/C:/Users/ADMIN/IdeaProjects/BombermanPlus/target/classes/assets/textures/items/powerup_flames.png
09:20:11.515 [FXGL Background Thread 4 ] DEBUG FXGLAssetLoaderServi - Loading from file system: file:/C:/Users/ADMIN/IdeaProjects/BombermanPlus/target/classes/assets/textures/sprites.png
09:20:11.566 [FXGL Background Thread 4 ] DEBUG GameWorld            - Clearing removable entities
09:20:11.567 [FXGL Background Thread 4 ] DEBUG GameWorld            - Setting level: com.almasb.fxgl.entity.level.Level@58dcb2bc
09:20:11.581 [FXGL Background Thread 4 ] INFO  FXGLApplication      - Game initialization took: 0.301 sec
09:20:11.581 [JavaFX Application Thread] DEBUG Input                - Clearing active input actions
09:20:11.588 [JavaFX Application Thread] DEBUG GameApplicationServi - Removing overlay from FXGLLoadingScene and adding to GameScene
09:20:11.589 [JavaFX Application Thread] DEBUG PrimaryStageWindow   - FXGLLoadingScene -> GameScene
09:20:13.413 [FXGL Background Thread 3 ] DEBUG Engine               - Logging environment variables
09:20:13.414 [FXGL Background Thread 3 ] DEBUG Engine               - achievements: []
09:20:13.414 [FXGL Background Thread 3 ] DEBUG Engine               - actualHeight: 720.0
09:20:13.414 [FXGL Background Thread 3 ] DEBUG Engine               - actualHeightProperty: ReadOnlyDoubleProperty [value: 720.0]
09:20:13.414 [FXGL Background Thread 3 ] DEBUG Engine               - actualWidth: 1080.0
09:20:13.414 [FXGL Background Thread 3 ] DEBUG Engine               - actualWidthProperty: ReadOnlyDoubleProperty [value: 1080.0]
09:20:13.414 [FXGL Background Thread 3 ] DEBUG Engine               - appIcon: fxgl_icon.png
09:20:13.415 [FXGL Background Thread 3 ] DEBUG Engine               - applicationMode: DEVELOPER
09:20:13.415 [FXGL Background Thread 3 ] DEBUG Engine               - cSSList: [fxgl_dark.css]
09:20:13.415 [FXGL Background Thread 3 ] DEBUG Engine               - collisionDetectionStrategy: BRUTE_FORCE
09:20:13.415 [FXGL Background Thread 3 ] DEBUG Engine               - configClass: Optional.empty
09:20:13.415 [FXGL Background Thread 3 ] DEBUG Engine               - credits: []
09:20:13.417 [FXGL Background Thread 3 ] DEBUG Engine               - defaultCursor: CursorInfo(imageName=fxgl_default_cursor.png, hotspotX=7.0, hotspotY=6.0)
09:20:13.417 [FXGL Background Thread 3 ] DEBUG Engine               - devBBoxColorProperty: ObjectProperty [value: 0xff0000ff]
09:20:13.418 [FXGL Background Thread 3 ] DEBUG Engine               - devEnableDebugCameraProperty: BooleanProperty [value: false]
09:20:13.418 [FXGL Background Thread 3 ] DEBUG Engine               - devSensorColorProperty: ObjectProperty [value: 0xffff00ff]
09:20:13.418 [FXGL Background Thread 3 ] DEBUG Engine               - devShowBBoxProperty: BooleanProperty [value: false]
09:20:13.418 [FXGL Background Thread 3 ] DEBUG Engine               - devShowPositionProperty: BooleanProperty [value: false]
09:20:13.418 [FXGL Background Thread 3 ] DEBUG Engine               - enabledMenuItems: []
09:20:13.418 [FXGL Background Thread 3 ] DEBUG Engine               - engineServices: [class com.almasb.fxgl.app.services.FXGLAssetLoaderService, class com.almasb.fxgl.app.FXGLApplication$GameApplicationService, class com.almasb.fxgl.app.services.FXGLDialogService, class com.almasb.fxgl.app.services.IOTaskExecutorService, class com.almasb.fxgl.io.FileSystemService, class com.almasb.fxgl.localization.LocalizationService, class com.almasb.fxgl.app.services.SystemBundleService, class com.almasb.fxgl.profile.SaveLoadService, class com.almasb.fxgl.ui.FXGLUIFactoryServiceProvider, class com.almasb.fxgl.ui.FXGLDialogFactoryServiceProvider, class com.almasb.fxgl.audio.AudioPlayer, class com.almasb.fxgl.notification.impl.NotificationServiceProvider, class com.almasb.fxgl.achievement.AchievementService, class com.almasb.fxgl.cutscene.CutsceneService, class com.almasb.fxgl.minigames.MiniGameService, class com.almasb.fxgl.net.NetService, class com.almasb.fxgl.app.services.UpdaterService, class com.almasb.fxgl.dev.DevService]
09:20:13.418 [FXGL Background Thread 3 ] DEBUG Engine               - fontGame: Abel-Regular.ttf
09:20:13.418 [FXGL Background Thread 3 ] DEBUG Engine               - fontMono: TerminalLandMono-Regular.otf
09:20:13.418 [FXGL Background Thread 3 ] DEBUG Engine               - fontText: Courier-Prime.ttf
09:20:13.418 [FXGL Background Thread 3 ] DEBUG Engine               - fontUI: VarelaRound-Regular.ttf
09:20:13.418 [FXGL Background Thread 3 ] DEBUG Engine               - fullScreen: BooleanProperty [value: false]
09:20:13.418 [FXGL Background Thread 3 ] DEBUG Engine               - gameDifficulty: MEDIUM
09:20:13.418 [FXGL Background Thread 3 ] DEBUG Engine               - gameDifficultyProperty: ObjectProperty [value: MEDIUM]
09:20:13.418 [FXGL Background Thread 3 ] DEBUG Engine               - globalMusicVolume: 0.5
09:20:13.418 [FXGL Background Thread 3 ] DEBUG Engine               - globalMusicVolumeProperty: DoubleProperty [value: 0.5]
09:20:13.418 [FXGL Background Thread 3 ] DEBUG Engine               - globalSoundVolume: 0.5
09:20:13.419 [FXGL Background Thread 3 ] DEBUG Engine               - globalSoundVolumeProperty: DoubleProperty [value: 0.5]
09:20:13.419 [FXGL Background Thread 3 ] DEBUG Engine               - height: 720
09:20:13.419 [FXGL Background Thread 3 ] DEBUG Engine               - is3D: false
09:20:13.419 [FXGL Background Thread 3 ] DEBUG Engine               - isAndroid: false
09:20:13.419 [FXGL Background Thread 3 ] DEBUG Engine               - isBrowser: false
09:20:13.419 [FXGL Background Thread 3 ] DEBUG Engine               - isClickFeedbackEnabled: false
09:20:13.420 [FXGL Background Thread 3 ] DEBUG Engine               - isCloseConfirmation: false
09:20:13.420 [FXGL Background Thread 3 ] DEBUG Engine               - isDesktop: true
09:20:13.420 [FXGL Background Thread 3 ] DEBUG Engine               - isDeveloperMenuEnabled: false
09:20:13.420 [FXGL Background Thread 3 ] DEBUG Engine               - isEmbedded: false
09:20:13.420 [FXGL Background Thread 3 ] DEBUG Engine               - isEntityPreloadEnabled: true
09:20:13.420 [FXGL Background Thread 3 ] DEBUG Engine               - isExperimentalTiledLargeMap: false
09:20:13.420 [FXGL Background Thread 3 ] DEBUG Engine               - isFileSystemWriteAllowed: true
09:20:13.421 [FXGL Background Thread 3 ] DEBUG Engine               - isFullScreenAllowed: false
09:20:13.421 [FXGL Background Thread 3 ] DEBUG Engine               - isFullScreenFromStart: false
09:20:13.421 [FXGL Background Thread 3 ] DEBUG Engine               - isGameMenuEnabled: false
09:20:13.421 [FXGL Background Thread 3 ] DEBUG Engine               - isIOS: false
09:20:13.421 [FXGL Background Thread 3 ] DEBUG Engine               - isIntroEnabled: false
09:20:13.421 [FXGL Background Thread 3 ] DEBUG Engine               - isLinux: false
09:20:13.421 [FXGL Background Thread 3 ] DEBUG Engine               - isMac: false
09:20:13.421 [FXGL Background Thread 3 ] DEBUG Engine               - isMainMenuEnabled: true
09:20:13.421 [FXGL Background Thread 3 ] DEBUG Engine               - isManualResizeEnabled: false
09:20:13.421 [FXGL Background Thread 3 ] DEBUG Engine               - isMobile: false
09:20:13.421 [FXGL Background Thread 3 ] DEBUG Engine               - isNative: false
09:20:13.421 [FXGL Background Thread 3 ] DEBUG Engine               - isPauseMusicWhenMinimized: true
09:20:13.421 [FXGL Background Thread 3 ] DEBUG Engine               - isPreserveResizeRatio: false
09:20:13.421 [FXGL Background Thread 3 ] DEBUG Engine               - isProfilingEnabled: false
09:20:13.421 [FXGL Background Thread 3 ] DEBUG Engine               - isScaleAffectedOnResize: true
09:20:13.421 [FXGL Background Thread 3 ] DEBUG Engine               - isSingleStep: false
09:20:13.421 [FXGL Background Thread 3 ] DEBUG Engine               - isUserProfileEnabled: false
09:20:13.421 [FXGL Background Thread 3 ] DEBUG Engine               - isWindows: true
09:20:13.421 [FXGL Background Thread 3 ] DEBUG Engine               - language: ObjectProperty [value: ENGLISH]
09:20:13.421 [FXGL Background Thread 3 ] DEBUG Engine               - menuKey: ESCAPE
09:20:13.421 [FXGL Background Thread 3 ] DEBUG Engine               - mouseSensitivity: 0.2
09:20:13.421 [FXGL Background Thread 3 ] DEBUG Engine               - notificationViewClass: class com.almasb.fxgl.notification.view.XboxNotificationView
09:20:13.421 [FXGL Background Thread 3 ] DEBUG Engine               - pixelsPerMeter: 50.0
09:20:13.422 [FXGL Background Thread 3 ] DEBUG Engine               - platform: WINDOWS
09:20:13.422 [FXGL Background Thread 3 ] DEBUG Engine               - prefHeightProperty: ReadOnlyDoubleProperty [value: 720.0]
09:20:13.422 [FXGL Background Thread 3 ] DEBUG Engine               - prefWidthProperty: ReadOnlyDoubleProperty [value: 1080.0]
09:20:13.422 [FXGL Background Thread 3 ] DEBUG Engine               - profileDir: profiles/
09:20:13.422 [FXGL Background Thread 3 ] DEBUG Engine               - profileName: StringProperty [value: DEFAULT]
09:20:13.422 [FXGL Background Thread 3 ] DEBUG Engine               - randomSeed: -1
09:20:13.422 [FXGL Background Thread 3 ] DEBUG Engine               - runtimeInfo: RuntimeInfo(platform=WINDOWS, version=17.1, build=24.03.2022 17.34)
09:20:13.422 [FXGL Background Thread 3 ] DEBUG Engine               - saveFileExt: sav
09:20:13.422 [FXGL Background Thread 3 ] DEBUG Engine               - scaledHeightProp$fxgl: DoubleProperty [bound, value: 720.0]
09:20:13.422 [FXGL Background Thread 3 ] DEBUG Engine               - scaledWidthProp$fxgl: DoubleProperty [bound, value: 1080.0]
09:20:13.423 [FXGL Background Thread 3 ] DEBUG Engine               - sceneFactory: com.bomberman.bombermanplus.BombermanApp$1@31c7e878
09:20:13.423 [FXGL Background Thread 3 ] DEBUG Engine               - secondsIn24h: 60
09:20:13.423 [FXGL Background Thread 3 ] DEBUG Engine               - soundMenuBack: menu/back.wav
09:20:13.423 [FXGL Background Thread 3 ] DEBUG Engine               - soundMenuPress: menu/press.wav
09:20:13.423 [FXGL Background Thread 3 ] DEBUG Engine               - soundMenuSelect: menu/select.wav
09:20:13.423 [FXGL Background Thread 3 ] DEBUG Engine               - soundNotification: core/notification.wav
09:20:13.423 [FXGL Background Thread 3 ] DEBUG Engine               - stageStyle: DECORATED
09:20:13.423 [FXGL Background Thread 3 ] DEBUG Engine               - supportedLanguages: [ENGLISH, FRENCH, GERMAN, HUNGARIAN, RUSSIAN]
09:20:13.423 [FXGL Background Thread 3 ] DEBUG Engine               - ticksPerSecond: -1
09:20:13.423 [FXGL Background Thread 3 ] DEBUG Engine               - title: BOMBERMAN
09:20:13.423 [FXGL Background Thread 3 ] DEBUG Engine               - urlGithub: https://github.com/AlmasB/FXGL
09:20:13.423 [FXGL Background Thread 3 ] DEBUG Engine               - urlLeaderboard: http://fxgl-top.herokuapp.com/
09:20:13.423 [FXGL Background Thread 3 ] DEBUG Engine               - urlPOM: https://raw.githubusercontent.com/AlmasB/FXGL/release/README.md
09:20:13.423 [FXGL Background Thread 3 ] DEBUG Engine               - userAppClass: class com.bomberman.bombermanplus.BombermanApp
09:20:13.423 [FXGL Background Thread 3 ] DEBUG Engine               - version: 1.0
09:20:13.423 [FXGL Background Thread 3 ] DEBUG Engine               - versionCheckDays: 7
09:20:13.423 [FXGL Background Thread 3 ] DEBUG Engine               - width: 1080
09:20:13.423 [FXGL Background Thread 3 ] DEBUG Engine               - Logging services
09:20:13.423 [FXGL Background Thread 3 ] DEBUG Engine               - class com.almasb.fxgl.app.services.FXGLAssetLoaderService
09:20:13.423 [FXGL Background Thread 3 ] DEBUG Engine               - class com.almasb.fxgl.app.FXGLApplication$GameApplicationService
09:20:13.423 [FXGL Background Thread 3 ] DEBUG Engine               - class com.almasb.fxgl.app.services.FXGLDialogService
09:20:13.423 [FXGL Background Thread 3 ] DEBUG Engine               - class com.almasb.fxgl.app.services.IOTaskExecutorService
09:20:13.423 [FXGL Background Thread 3 ] DEBUG Engine               - class com.almasb.fxgl.io.FileSystemService
09:20:13.423 [FXGL Background Thread 3 ] DEBUG Engine               - class com.almasb.fxgl.localization.LocalizationService
09:20:13.423 [FXGL Background Thread 3 ] DEBUG Engine               - class com.almasb.fxgl.app.services.SystemBundleService
09:20:13.424 [FXGL Background Thread 3 ] DEBUG Engine               - class com.almasb.fxgl.profile.SaveLoadService
09:20:13.424 [FXGL Background Thread 3 ] DEBUG Engine               - class com.almasb.fxgl.ui.FXGLUIFactoryServiceProvider
09:20:13.424 [FXGL Background Thread 3 ] DEBUG Engine               - class com.almasb.fxgl.ui.FXGLDialogFactoryServiceProvider
09:20:13.424 [FXGL Background Thread 3 ] DEBUG Engine               - class com.almasb.fxgl.audio.AudioPlayer
09:20:13.424 [FXGL Background Thread 3 ] DEBUG Engine               - class com.almasb.fxgl.notification.impl.NotificationServiceProvider
09:20:13.424 [FXGL Background Thread 3 ] DEBUG Engine               - class com.almasb.fxgl.achievement.AchievementService
09:20:13.424 [FXGL Background Thread 3 ] DEBUG Engine               - class com.almasb.fxgl.cutscene.CutsceneService
09:20:13.424 [FXGL Background Thread 3 ] DEBUG Engine               - class com.almasb.fxgl.minigames.MiniGameService
09:20:13.424 [FXGL Background Thread 3 ] DEBUG Engine               - class com.almasb.fxgl.net.NetService
09:20:13.424 [FXGL Background Thread 3 ] DEBUG Engine               - class com.almasb.fxgl.app.services.UpdaterService
09:20:13.424 [FXGL Background Thread 3 ] DEBUG Engine               - class com.almasb.fxgl.dev.DevService
09:20:58.232 [JavaFX Application Thread] DEBUG FXGLApplication      - Exiting FXGL
09:20:58.232 [JavaFX Application Thread] DEBUG LoopRunner           - Stopping loop
09:20:58.232 [JavaFX Application Thread] DEBUG SystemBundleService  - Saving FXGL system data
09:20:58.234 [JavaFX Application Thread] DEBUG FileSystemAccess     - Writing to: C:\Users\ADMIN\IdeaProjects\BombermanPlus\system\fxgl.bundle
09:20:58.236 [JavaFX Application Thread] DEBUG Async                - Shutting down background threads
09:20:58.236 [JavaFX Application Thread] DEBUG PrimaryStageWindow   - Closing main window
09:20:58.250 [JavaFX Application Thread] DEBUG Logger               - Closing Logger
