20:54:55.186 [main                     ] DEBUG Logger               - Configured Logger
20:54:55.201 [main                     ] DEBUG GameApplication      - Logging settings
Title: BOMBERMAN
Version: 1.0
Width: 1080
Height: 720
Fullscreen: false
Intro: false
Profiling: false
Single step:false
App Mode: DEVELOPER
Menu Key: ESCAPE
Stage Style: DECORATED
Scene Factory: class com.bomberman.bombermanplus.BombermanApp$1

20:54:55.474 [JavaFX Application Thread] DEBUG FXGLApplication      - Initializing FXGL
20:54:55.479 [JavaFX Application Thread] INFO  Engine               - FXGL-17.1 (24.03.2022 17.34) on WINDOWS (J:19 FX:19-ea)
20:54:55.479 [JavaFX Application Thread] DEBUG Engine               - JRE Vendor Name: Oracle Corporation
20:54:55.479 [JavaFX Application Thread] DEBUG Engine               - Running on OS: Windows 11 version 10.0
20:54:55.479 [JavaFX Application Thread] DEBUG Engine               - Architecture: amd64
20:54:55.479 [JavaFX Application Thread] INFO  Engine               - Source code and latest versions at: https://github.com/AlmasB/FXGL
20:54:55.479 [JavaFX Application Thread] INFO  Engine               -       Ask questions and discuss at: https://github.com/AlmasB/FXGL/discussions
20:54:55.479 [JavaFX Application Thread] INFO  Engine               -              Join the FXGL chat at: https://gitter.im/AlmasB/FXGL
20:54:55.538 [JavaFX Application Thread] DEBUG PrimaryStageWindow   - Creating a JavaFX scene
20:54:55.569 [JavaFX Application Thread] DEBUG PrimaryStageWindow   - Target settings size: 1080.0 x 720.0
20:54:55.569 [JavaFX Application Thread] DEBUG PrimaryStageWindow   - Scaled scene size:    1080.0 x 720.0
20:54:55.569 [JavaFX Application Thread] DEBUG PrimaryStageWindow   - Scaled ratio: (1.0, 1.0)
20:54:55.570 [JavaFX Application Thread] DEBUG PrimaryStageWindow   - Set initial scene to FXGLStartupScene
20:54:55.575 [JavaFX Application Thread] DEBUG PrimaryStageWindow   - Opening main window
20:54:55.644 [JavaFX Application Thread] DEBUG PrimaryStageWindow   - Window border size: (14.4000244140625, 37.5999755859375)
20:54:55.645 [JavaFX Application Thread] DEBUG PrimaryStageWindow   - Scaled size: 1080.0 x 720.0
20:54:55.645 [JavaFX Application Thread] DEBUG PrimaryStageWindow   - Scaled ratio: (1.0, 1.0)
20:54:55.645 [JavaFX Application Thread] DEBUG PrimaryStageWindow   - Scene size: 1080.0 x 720.0
20:54:55.646 [JavaFX Application Thread] DEBUG PrimaryStageWindow   - Stage size: 1094.4000244140625 x 757.5999755859375
20:54:55.654 [FXGL Background Thread 1 ] DEBUG Engine               - Initializing environment variables
20:54:55.703 [FXGL Background Thread 1 ] DEBUG FXGLAssetLoaderServi - User app class for loading assets: class com.bomberman.bombermanplus.BombermanApp
20:54:55.703 [FXGL Background Thread 1 ] DEBUG GameApplicationServi - Applying CSS: fxgl_dark.css
20:54:55.704 [FXGL Background Thread 1 ] DEBUG FXGLAssetLoaderServi - Loading from file system: jar:file:///C:/Users/ADMIN/.m2/repository/com/github/almasb/fxgl/17.1/fxgl-17.1.jar!/fxglassets/ui/css/fxgl_dark.css
20:54:55.737 [FXGL Background Thread 1 ] DEBUG GameApplicationServi - Initializing application scenes
20:54:55.768 [FXGL Background Thread 1 ] DEBUG GameWorld            - Game world initialized
20:54:55.826 [FXGL Background Thread 1 ] DEBUG PhysicsWorld         - Physics world initialized: appHeight=720, physics.ppm=50.0
20:54:55.826 [FXGL Background Thread 1 ] DEBUG PhysicsWorld         - Using strategy: BRUTE_FORCE
20:54:55.829 [FXGL Background Thread 1 ] DEBUG GameScene            - Game scene initialized: 1080x720
20:54:55.850 [FXGL Background Thread 1 ] DEBUG GameApplicationServi - Application scenes initialized
20:54:55.861 [FXGL Background Thread 1 ] DEBUG SystemBundleService  - Loading FXGL system data
20:54:55.866 [FXGL Background Thread 1 ] DEBUG FileSystemAccess     - Reading from: C:\Users\ADMIN\IdeaProjects\BombermanPlus\system\fxgl.bundle
20:54:55.874 [FXGL Background Thread 1 ] DEBUG SystemBundleService  - Bundle FXGL: {}
20:54:55.874 [FXGL Background Thread 1 ] DEBUG UpdaterService       - Checking for updates
20:54:55.879 [FXGL Background Thread 4 ] DEBUG FXGLApplication      - Loading fonts
20:54:55.879 [FXGL Background Thread 1 ] DEBUG FXGLApplication      - Loading default localization
20:54:55.879 [FXGL Background Thread 1 ] DEBUG FXGLAssetLoaderServi - Loading from file system: jar:file:///C:/Users/ADMIN/.m2/repository/com/github/almasb/fxgl/17.1/fxgl-17.1.jar!/fxglassets/languages/english.lang
20:54:55.879 [FXGL Background Thread 4 ] DEBUG FXGLAssetLoaderServi - Loading from file system: jar:file:///C:/Users/ADMIN/.m2/repository/com/github/almasb/fxgl/17.1/fxgl-17.1.jar!/fxglassets/ui/fonts/VarelaRound-Regular.ttf
20:54:55.893 [FXGL Background Thread 1 ] INFO  FXGLApplication      - FXGL initialization took: 0.238 sec
20:54:55.901 [JavaFX Application Thread] DEBUG Input                - Registered new binding: Move Right - D
20:54:55.901 [JavaFX Application Thread] DEBUG Input                - Registered new binding: Move Up - W
20:54:55.901 [JavaFX Application Thread] DEBUG Input                - Registered new binding: Move Down - S
20:54:55.901 [JavaFX Application Thread] DEBUG Input                - Registered new binding: Move Left - A
20:54:55.901 [JavaFX Application Thread] DEBUG Input                - Registered new binding: Place bomb - Space
20:54:55.902 [JavaFX Application Thread] DEBUG FXGLAssetLoaderServi - Loading from file system: jar:file:///C:/Users/ADMIN/.m2/repository/com/github/almasb/fxgl/17.1/fxgl-17.1.jar!/fxglassets/textures/fxgl_icon.png
20:54:55.934 [JavaFX Application Thread] DEBUG FXGLAssetLoaderServi - Loading from file system: jar:file:///C:/Users/ADMIN/.m2/repository/com/github/almasb/fxgl/17.1/fxgl-17.1.jar!/fxglassets/textures/fxgl_default_cursor.png
20:54:55.936 [JavaFX Application Thread] DEBUG Input                - Registered new binding: Screenshot - CTRL+8
20:54:55.936 [JavaFX Application Thread] DEBUG Input                - Registered new binding: System info dump - CTRL+9
20:54:55.937 [JavaFX Application Thread] DEBUG Input                - Registered new binding: Restart - CTRL+R
20:54:55.937 [JavaFX Application Thread] DEBUG Input                - Registered new binding: Toggle Debug Camera - CTRL+7
20:54:55.939 [JavaFX Application Thread] DEBUG LoopRunner           - Starting loop
20:54:55.940 [JavaFX Application Thread] DEBUG LoopRunner           - Initializing JavaFX AnimationTimerLoop
20:54:55.942 [JavaFX Application Thread] DEBUG Input                - Clearing active input actions
20:54:55.952 [JavaFX Application Thread] DEBUG GameApplicationServi - Removing overlay from FXGLStartupScene and adding to FXGLMainMenuDummyScene
20:54:55.953 [JavaFX Application Thread] DEBUG PrimaryStageWindow   - FXGLStartupScene -> FXGLMainMenuDummyScene
20:54:55.953 [FXGL Background Thread 4 ] DEBUG FXGLAssetLoaderServi - Loading from file system: jar:file:///C:/Users/ADMIN/.m2/repository/com/github/almasb/fxgl/17.1/fxgl-17.1.jar!/fxglassets/ui/fonts/Abel-Regular.ttf
20:54:55.953 [JavaFX Application Thread] DEBUG PrimaryStageWindow   - Push state: BombermanMenu
20:54:55.954 [JavaFX Application Thread] DEBUG Input                - Clearing active input actions
20:54:55.958 [JavaFX Application Thread] DEBUG GameApplicationServi - Removing overlay from FXGLMainMenuDummyScene and adding to BombermanMenu
20:54:55.959 [JavaFX Application Thread] DEBUG PrimaryStageWindow   - FXGLMainMenuDummyScene -> BombermanMenu
20:54:55.973 [FXGL Background Thread 4 ] DEBUG FXGLAssetLoaderServi - Loading from file system: jar:file:///C:/Users/ADMIN/.m2/repository/com/github/almasb/fxgl/17.1/fxgl-17.1.jar!/fxglassets/ui/fonts/TerminalLandMono-Regular.otf
20:54:55.992 [FXGL Background Thread 4 ] DEBUG FXGLAssetLoaderServi - Loading from file system: jar:file:///C:/Users/ADMIN/.m2/repository/com/github/almasb/fxgl/17.1/fxgl-17.1.jar!/fxglassets/ui/fonts/Courier-Prime.ttf
20:54:56.011 [JavaFX Application Thread] DEBUG FXGLApplication      - Registering font factories with UI factory
20:54:56.592 [JavaFX Application Thread] DEBUG Menu                 - fireNewGame()
20:54:56.592 [JavaFX Application Thread] DEBUG GameApplicationServi - Starting new game
20:54:56.592 [JavaFX Application Thread] DEBUG PrimaryStageWindow   - Pop state: BombermanMenu
20:54:56.593 [JavaFX Application Thread] DEBUG Input                - Clearing active input actions
20:54:56.593 [JavaFX Application Thread] DEBUG GameApplicationServi - Removing overlay from BombermanMenu and adding to FXGLMainMenuDummyScene
20:54:56.593 [JavaFX Application Thread] DEBUG PrimaryStageWindow   - FXGLMainMenuDummyScene <- BombermanMenu
20:54:56.594 [JavaFX Application Thread] DEBUG Input                - Clearing active input actions
20:54:56.599 [JavaFX Application Thread] DEBUG GameApplicationServi - Removing overlay from FXGLMainMenuDummyScene and adding to FXGLLoadingScene
20:54:56.599 [JavaFX Application Thread] DEBUG PrimaryStageWindow   - FXGLMainMenuDummyScene -> FXGLLoadingScene
20:54:56.599 [JavaFX Application Thread] DEBUG GameApplicationServi - Clearing previous game
20:54:56.599 [JavaFX Application Thread] DEBUG GameScene            - Clearing game scene
20:54:56.599 [JavaFX Application Thread] DEBUG GameWorld            - Clearing game world
20:54:56.599 [JavaFX Application Thread] DEBUG PhysicsWorld         - Clearing physics world
20:54:56.601 [FXGL Background Thread 4 ] DEBUG FXGLApplication      - Initializing game
20:54:56.622 [FXGL Background Thread 4 ] WARN  TMXLevelLoader       - TiledMap generated from 1.9.2. Supported version: 1.4.2. Some features may not be parsed fully.
20:54:56.641 [FXGL Background Thread 4 ] DEBUG TMXLevelLoader       - Parsed TiledMap: file:/C:/Users/ADMIN/IdeaProjects/BombermanPlus/target/classes/assets/levels/bbm_level1.tmx
20:54:56.642 [FXGL Background Thread 4 ] DEBUG TMXLevelLoader       - Creating tile layer entities
20:54:56.643 [FXGL Background Thread 4 ] DEBUG TilesetLoader        - Loading view for layer Tile Layer 1
20:54:56.649 [FXGL Background Thread 4 ] DEBUG TilesetLoader        - Created buffer with size 1488.0x720.0
20:54:56.694 [FXGL Background Thread 2 ] INFO  UpdaterService       - Your current version:  17.1
20:54:56.694 [FXGL Background Thread 2 ] INFO  UpdaterService       - Latest stable version: 17.2
20:54:56.747 [FXGL Background Thread 4 ] DEBUG TMXLevelLoader       - Creating object layer entities
20:54:56.750 [FXGL Background Thread 4 ] DEBUG FXGLAssetLoaderServi - Loading from file system: file:/C:/Users/ADMIN/IdeaProjects/BombermanPlus/target/classes/assets/textures/items/powerup_speed.png
20:54:56.761 [FXGL Background Thread 4 ] DEBUG FXGLAssetLoaderServi - Loading from file system: file:/C:/Users/ADMIN/IdeaProjects/BombermanPlus/target/classes/assets/textures/items/powerup_flames.png
20:54:56.764 [FXGL Background Thread 4 ] DEBUG FXGLAssetLoaderServi - Loading from file system: file:/C:/Users/ADMIN/IdeaProjects/BombermanPlus/target/classes/assets/textures/items/powerup_bombs.png
20:54:56.766 [FXGL Background Thread 4 ] DEBUG FXGLAssetLoaderServi - Loading from file system: file:/C:/Users/ADMIN/IdeaProjects/BombermanPlus/target/classes/assets/textures/items/powerup_flamepass.png
20:54:56.770 [FXGL Background Thread 4 ] DEBUG FXGLAssetLoaderServi - Loading from file system: file:/C:/Users/ADMIN/IdeaProjects/BombermanPlus/target/classes/assets/textures/items/portal.png
20:54:56.775 [FXGL Background Thread 4 ] DEBUG FXGLAssetLoaderServi - Loading from file system: file:/C:/Users/ADMIN/IdeaProjects/BombermanPlus/target/classes/assets/textures/sprites.png
20:54:56.871 [FXGL Background Thread 4 ] DEBUG GameWorld            - Clearing removable entities
20:54:56.872 [FXGL Background Thread 4 ] DEBUG GameWorld            - Setting level: com.almasb.fxgl.entity.level.Level@6885d4a3
20:54:56.917 [FXGL Background Thread 4 ] INFO  FXGLApplication      - Game initialization took: 0.316 sec
20:54:56.917 [JavaFX Application Thread] DEBUG Input                - Clearing active input actions
20:54:56.925 [JavaFX Application Thread] DEBUG GameApplicationServi - Removing overlay from FXGLLoadingScene and adding to GameScene
20:54:56.925 [JavaFX Application Thread] DEBUG PrimaryStageWindow   - FXGLLoadingScene -> GameScene
20:54:58.879 [FXGL Background Thread 3 ] DEBUG Engine               - Logging environment variables
20:54:58.880 [FXGL Background Thread 3 ] DEBUG Engine               - achievements: []
20:54:58.880 [FXGL Background Thread 3 ] DEBUG Engine               - actualHeight: 720.0
20:54:58.880 [FXGL Background Thread 3 ] DEBUG Engine               - actualHeightProperty: ReadOnlyDoubleProperty [value: 720.0]
20:54:58.880 [FXGL Background Thread 3 ] DEBUG Engine               - actualWidth: 1080.0
20:54:58.880 [FXGL Background Thread 3 ] DEBUG Engine               - actualWidthProperty: ReadOnlyDoubleProperty [value: 1080.0]
20:54:58.880 [FXGL Background Thread 3 ] DEBUG Engine               - appIcon: fxgl_icon.png
20:54:58.880 [FXGL Background Thread 3 ] DEBUG Engine               - applicationMode: DEVELOPER
20:54:58.880 [FXGL Background Thread 3 ] DEBUG Engine               - cSSList: [fxgl_dark.css]
20:54:58.880 [FXGL Background Thread 3 ] DEBUG Engine               - collisionDetectionStrategy: BRUTE_FORCE
20:54:58.880 [FXGL Background Thread 3 ] DEBUG Engine               - configClass: Optional.empty
20:54:58.880 [FXGL Background Thread 3 ] DEBUG Engine               - credits: []
20:54:58.881 [FXGL Background Thread 3 ] DEBUG Engine               - defaultCursor: CursorInfo(imageName=fxgl_default_cursor.png, hotspotX=7.0, hotspotY=6.0)
20:54:58.881 [FXGL Background Thread 3 ] DEBUG Engine               - devBBoxColorProperty: ObjectProperty [value: 0xff0000ff]
20:54:58.881 [FXGL Background Thread 3 ] DEBUG Engine               - devEnableDebugCameraProperty: BooleanProperty [value: false]
20:54:58.881 [FXGL Background Thread 3 ] DEBUG Engine               - devSensorColorProperty: ObjectProperty [value: 0xffff00ff]
20:54:58.881 [FXGL Background Thread 3 ] DEBUG Engine               - devShowBBoxProperty: BooleanProperty [value: false]
20:54:58.881 [FXGL Background Thread 3 ] DEBUG Engine               - devShowPositionProperty: BooleanProperty [value: false]
20:54:58.881 [FXGL Background Thread 3 ] DEBUG Engine               - enabledMenuItems: []
20:54:58.881 [FXGL Background Thread 3 ] DEBUG Engine               - engineServices: [class com.almasb.fxgl.app.services.FXGLAssetLoaderService, class com.almasb.fxgl.app.FXGLApplication$GameApplicationService, class com.almasb.fxgl.app.services.FXGLDialogService, class com.almasb.fxgl.app.services.IOTaskExecutorService, class com.almasb.fxgl.io.FileSystemService, class com.almasb.fxgl.localization.LocalizationService, class com.almasb.fxgl.app.services.SystemBundleService, class com.almasb.fxgl.profile.SaveLoadService, class com.almasb.fxgl.ui.FXGLUIFactoryServiceProvider, class com.almasb.fxgl.ui.FXGLDialogFactoryServiceProvider, class com.almasb.fxgl.audio.AudioPlayer, class com.almasb.fxgl.notification.impl.NotificationServiceProvider, class com.almasb.fxgl.achievement.AchievementService, class com.almasb.fxgl.cutscene.CutsceneService, class com.almasb.fxgl.minigames.MiniGameService, class com.almasb.fxgl.net.NetService, class com.almasb.fxgl.app.services.UpdaterService, class com.almasb.fxgl.dev.DevService]
20:54:58.881 [FXGL Background Thread 3 ] DEBUG Engine               - fontGame: Abel-Regular.ttf
20:54:58.881 [FXGL Background Thread 3 ] DEBUG Engine               - fontMono: TerminalLandMono-Regular.otf
20:54:58.881 [FXGL Background Thread 3 ] DEBUG Engine               - fontText: Courier-Prime.ttf
20:54:58.881 [FXGL Background Thread 3 ] DEBUG Engine               - fontUI: VarelaRound-Regular.ttf
20:54:58.882 [FXGL Background Thread 3 ] DEBUG Engine               - fullScreen: BooleanProperty [value: false]
20:54:58.882 [FXGL Background Thread 3 ] DEBUG Engine               - gameDifficulty: MEDIUM
20:54:58.882 [FXGL Background Thread 3 ] DEBUG Engine               - gameDifficultyProperty: ObjectProperty [value: MEDIUM]
20:54:58.882 [FXGL Background Thread 3 ] DEBUG Engine               - globalMusicVolume: 0.5
20:54:58.882 [FXGL Background Thread 3 ] DEBUG Engine               - globalMusicVolumeProperty: DoubleProperty [value: 0.5]
20:54:58.882 [FXGL Background Thread 3 ] DEBUG Engine               - globalSoundVolume: 0.5
20:54:58.882 [FXGL Background Thread 3 ] DEBUG Engine               - globalSoundVolumeProperty: DoubleProperty [value: 0.5]
20:54:58.882 [FXGL Background Thread 3 ] DEBUG Engine               - height: 720
20:54:58.882 [FXGL Background Thread 3 ] DEBUG Engine               - is3D: false
20:54:58.882 [FXGL Background Thread 3 ] DEBUG Engine               - isAndroid: false
20:54:58.882 [FXGL Background Thread 3 ] DEBUG Engine               - isBrowser: false
20:54:58.882 [FXGL Background Thread 3 ] DEBUG Engine               - isClickFeedbackEnabled: false
20:54:58.882 [FXGL Background Thread 3 ] DEBUG Engine               - isCloseConfirmation: false
20:54:58.882 [FXGL Background Thread 3 ] DEBUG Engine               - isDesktop: true
20:54:58.882 [FXGL Background Thread 3 ] DEBUG Engine               - isDeveloperMenuEnabled: false
20:54:58.882 [FXGL Background Thread 3 ] DEBUG Engine               - isEmbedded: false
20:54:58.882 [FXGL Background Thread 3 ] DEBUG Engine               - isEntityPreloadEnabled: true
20:54:58.882 [FXGL Background Thread 3 ] DEBUG Engine               - isExperimentalTiledLargeMap: false
20:54:58.882 [FXGL Background Thread 3 ] DEBUG Engine               - isFileSystemWriteAllowed: true
20:54:58.882 [FXGL Background Thread 3 ] DEBUG Engine               - isFullScreenAllowed: false
20:54:58.882 [FXGL Background Thread 3 ] DEBUG Engine               - isFullScreenFromStart: false
20:54:58.883 [FXGL Background Thread 3 ] DEBUG Engine               - isGameMenuEnabled: false
20:54:58.883 [FXGL Background Thread 3 ] DEBUG Engine               - isIOS: false
20:54:58.883 [FXGL Background Thread 3 ] DEBUG Engine               - isIntroEnabled: false
20:54:58.883 [FXGL Background Thread 3 ] DEBUG Engine               - isLinux: false
20:54:58.883 [FXGL Background Thread 3 ] DEBUG Engine               - isMac: false
20:54:58.883 [FXGL Background Thread 3 ] DEBUG Engine               - isMainMenuEnabled: true
20:54:58.883 [FXGL Background Thread 3 ] DEBUG Engine               - isManualResizeEnabled: false
20:54:58.883 [FXGL Background Thread 3 ] DEBUG Engine               - isMobile: false
20:54:58.883 [FXGL Background Thread 3 ] DEBUG Engine               - isNative: false
20:54:58.883 [FXGL Background Thread 3 ] DEBUG Engine               - isPauseMusicWhenMinimized: true
20:54:58.883 [FXGL Background Thread 3 ] DEBUG Engine               - isPreserveResizeRatio: false
20:54:58.883 [FXGL Background Thread 3 ] DEBUG Engine               - isProfilingEnabled: false
20:54:58.883 [FXGL Background Thread 3 ] DEBUG Engine               - isScaleAffectedOnResize: true
20:54:58.883 [FXGL Background Thread 3 ] DEBUG Engine               - isSingleStep: false
20:54:58.883 [FXGL Background Thread 3 ] DEBUG Engine               - isUserProfileEnabled: false
20:54:58.883 [FXGL Background Thread 3 ] DEBUG Engine               - isWindows: true
20:54:58.883 [FXGL Background Thread 3 ] DEBUG Engine               - language: ObjectProperty [value: ENGLISH]
20:54:58.883 [FXGL Background Thread 3 ] DEBUG Engine               - menuKey: ESCAPE
20:54:58.883 [FXGL Background Thread 3 ] DEBUG Engine               - mouseSensitivity: 0.2
20:54:58.883 [FXGL Background Thread 3 ] DEBUG Engine               - notificationViewClass: class com.almasb.fxgl.notification.view.XboxNotificationView
20:54:58.883 [FXGL Background Thread 3 ] DEBUG Engine               - pixelsPerMeter: 50.0
20:54:58.883 [FXGL Background Thread 3 ] DEBUG Engine               - platform: WINDOWS
20:54:58.883 [FXGL Background Thread 3 ] DEBUG Engine               - prefHeightProperty: ReadOnlyDoubleProperty [value: 720.0]
20:54:58.883 [FXGL Background Thread 3 ] DEBUG Engine               - prefWidthProperty: ReadOnlyDoubleProperty [value: 1080.0]
20:54:58.883 [FXGL Background Thread 3 ] DEBUG Engine               - profileDir: profiles/
20:54:58.883 [FXGL Background Thread 3 ] DEBUG Engine               - profileName: StringProperty [value: DEFAULT]
20:54:58.884 [FXGL Background Thread 3 ] DEBUG Engine               - randomSeed: -1
20:54:58.884 [FXGL Background Thread 3 ] DEBUG Engine               - runtimeInfo: RuntimeInfo(platform=WINDOWS, version=17.1, build=24.03.2022 17.34)
20:54:58.884 [FXGL Background Thread 3 ] DEBUG Engine               - saveFileExt: sav
20:54:58.884 [FXGL Background Thread 3 ] DEBUG Engine               - scaledHeightProp$fxgl: DoubleProperty [bound, value: 720.0]
20:54:58.884 [FXGL Background Thread 3 ] DEBUG Engine               - scaledWidthProp$fxgl: DoubleProperty [bound, value: 1080.0]
20:54:58.884 [FXGL Background Thread 3 ] DEBUG Engine               - sceneFactory: com.bomberman.bombermanplus.BombermanApp$1@6232668f
20:54:58.884 [FXGL Background Thread 3 ] DEBUG Engine               - secondsIn24h: 60
20:54:58.884 [FXGL Background Thread 3 ] DEBUG Engine               - soundMenuBack: menu/back.wav
20:54:58.884 [FXGL Background Thread 3 ] DEBUG Engine               - soundMenuPress: menu/press.wav
20:54:58.884 [FXGL Background Thread 3 ] DEBUG Engine               - soundMenuSelect: menu/select.wav
20:54:58.884 [FXGL Background Thread 3 ] DEBUG Engine               - soundNotification: core/notification.wav
20:54:58.884 [FXGL Background Thread 3 ] DEBUG Engine               - stageStyle: DECORATED
20:54:58.884 [FXGL Background Thread 3 ] DEBUG Engine               - supportedLanguages: [ENGLISH, FRENCH, GERMAN, HUNGARIAN, RUSSIAN]
20:54:58.884 [FXGL Background Thread 3 ] DEBUG Engine               - ticksPerSecond: -1
20:54:58.884 [FXGL Background Thread 3 ] DEBUG Engine               - title: BOMBERMAN
20:54:58.884 [FXGL Background Thread 3 ] DEBUG Engine               - urlGithub: https://github.com/AlmasB/FXGL
20:54:58.884 [FXGL Background Thread 3 ] DEBUG Engine               - urlLeaderboard: http://fxgl-top.herokuapp.com/
20:54:58.884 [FXGL Background Thread 3 ] DEBUG Engine               - urlPOM: https://raw.githubusercontent.com/AlmasB/FXGL/release/README.md
20:54:58.884 [FXGL Background Thread 3 ] DEBUG Engine               - userAppClass: class com.bomberman.bombermanplus.BombermanApp
20:54:58.884 [FXGL Background Thread 3 ] DEBUG Engine               - version: 1.0
20:54:58.884 [FXGL Background Thread 3 ] DEBUG Engine               - versionCheckDays: 7
20:54:58.884 [FXGL Background Thread 3 ] DEBUG Engine               - width: 1080
20:54:58.884 [FXGL Background Thread 3 ] DEBUG Engine               - Logging services
20:54:58.885 [FXGL Background Thread 3 ] DEBUG Engine               - class com.almasb.fxgl.app.services.FXGLAssetLoaderService
20:54:58.885 [FXGL Background Thread 3 ] DEBUG Engine               - class com.almasb.fxgl.app.FXGLApplication$GameApplicationService
20:54:58.885 [FXGL Background Thread 3 ] DEBUG Engine               - class com.almasb.fxgl.app.services.FXGLDialogService
20:54:58.885 [FXGL Background Thread 3 ] DEBUG Engine               - class com.almasb.fxgl.app.services.IOTaskExecutorService
20:54:58.885 [FXGL Background Thread 3 ] DEBUG Engine               - class com.almasb.fxgl.io.FileSystemService
20:54:58.885 [FXGL Background Thread 3 ] DEBUG Engine               - class com.almasb.fxgl.localization.LocalizationService
20:54:58.885 [FXGL Background Thread 3 ] DEBUG Engine               - class com.almasb.fxgl.app.services.SystemBundleService
20:54:58.885 [FXGL Background Thread 3 ] DEBUG Engine               - class com.almasb.fxgl.profile.SaveLoadService
20:54:58.885 [FXGL Background Thread 3 ] DEBUG Engine               - class com.almasb.fxgl.ui.FXGLUIFactoryServiceProvider
20:54:58.885 [FXGL Background Thread 3 ] DEBUG Engine               - class com.almasb.fxgl.ui.FXGLDialogFactoryServiceProvider
20:54:58.885 [FXGL Background Thread 3 ] DEBUG Engine               - class com.almasb.fxgl.audio.AudioPlayer
20:54:58.885 [FXGL Background Thread 3 ] DEBUG Engine               - class com.almasb.fxgl.notification.impl.NotificationServiceProvider
20:54:58.885 [FXGL Background Thread 3 ] DEBUG Engine               - class com.almasb.fxgl.achievement.AchievementService
20:54:58.885 [FXGL Background Thread 3 ] DEBUG Engine               - class com.almasb.fxgl.cutscene.CutsceneService
20:54:58.885 [FXGL Background Thread 3 ] DEBUG Engine               - class com.almasb.fxgl.minigames.MiniGameService
20:54:58.885 [FXGL Background Thread 3 ] DEBUG Engine               - class com.almasb.fxgl.net.NetService
20:54:58.885 [FXGL Background Thread 3 ] DEBUG Engine               - class com.almasb.fxgl.app.services.UpdaterService
20:54:58.885 [FXGL Background Thread 3 ] DEBUG Engine               - class com.almasb.fxgl.dev.DevService
20:55:42.490 [JavaFX Application Thread] DEBUG FXGLApplication      - Exiting FXGL
20:55:42.490 [JavaFX Application Thread] DEBUG LoopRunner           - Stopping loop
20:55:42.490 [JavaFX Application Thread] DEBUG SystemBundleService  - Saving FXGL system data
20:55:42.492 [JavaFX Application Thread] DEBUG FileSystemAccess     - Writing to: C:\Users\ADMIN\IdeaProjects\BombermanPlus\system\fxgl.bundle
20:55:42.493 [JavaFX Application Thread] DEBUG Async                - Shutting down background threads
20:55:42.494 [JavaFX Application Thread] DEBUG PrimaryStageWindow   - Closing main window
20:55:42.501 [JavaFX Application Thread] DEBUG Logger               - Closing Logger
