21:07:34.731 [main                     ] DEBUG Logger               - Configured Logger
21:07:34.746 [main                     ] DEBUG GameApplication      - Logging settings
Title: BOMBERMAN
Version: 1.0
Width: 1080
Height: 720
Fullscreen: false
Intro: false
Profiling: false
Single step:false
App Mode: DEVELOPER
Menu Key: ESCAPE
Stage Style: DECORATED
Scene Factory: class com.almasb.fxgl.app.scene.SceneFactory

21:07:35.124 [JavaFX Application Thread] DEBUG FXGLApplication      - Initializing FXGL
21:07:35.128 [JavaFX Application Thread] INFO  Engine               - FXGL-17.1 (24.03.2022 17.34) on WINDOWS (J:19 FX:19-ea)
21:07:35.128 [JavaFX Application Thread] DEBUG Engine               - JRE Vendor Name: Oracle Corporation
21:07:35.128 [JavaFX Application Thread] DEBUG Engine               - Running on OS: Windows 11 version 10.0
21:07:35.129 [JavaFX Application Thread] DEBUG Engine               - Architecture: amd64
21:07:35.129 [JavaFX Application Thread] INFO  Engine               - Source code and latest versions at: https://github.com/AlmasB/FXGL
21:07:35.129 [JavaFX Application Thread] INFO  Engine               -       Ask questions and discuss at: https://github.com/AlmasB/FXGL/discussions
21:07:35.129 [JavaFX Application Thread] INFO  Engine               -              Join the FXGL chat at: https://gitter.im/AlmasB/FXGL
21:07:35.217 [JavaFX Application Thread] DEBUG PrimaryStageWindow   - Creating a JavaFX scene
21:07:35.259 [JavaFX Application Thread] DEBUG PrimaryStageWindow   - Target settings size: 1080.0 x 720.0
21:07:35.260 [JavaFX Application Thread] DEBUG PrimaryStageWindow   - Scaled scene size:    1080.0 x 720.0
21:07:35.260 [JavaFX Application Thread] DEBUG PrimaryStageWindow   - Scaled ratio: (1.0, 1.0)
21:07:35.260 [JavaFX Application Thread] DEBUG PrimaryStageWindow   - Set initial scene to FXGLStartupScene
21:07:35.265 [JavaFX Application Thread] DEBUG PrimaryStageWindow   - Opening main window
21:07:35.342 [JavaFX Application Thread] DEBUG PrimaryStageWindow   - Window border size: (14.4000244140625, 37.5999755859375)
21:07:35.342 [JavaFX Application Thread] DEBUG PrimaryStageWindow   - Scaled size: 1080.0 x 720.0
21:07:35.342 [JavaFX Application Thread] DEBUG PrimaryStageWindow   - Scaled ratio: (1.0, 1.0)
21:07:35.343 [JavaFX Application Thread] DEBUG PrimaryStageWindow   - Scene size: 1080.0 x 720.0
21:07:35.343 [JavaFX Application Thread] DEBUG PrimaryStageWindow   - Stage size: 1094.4000244140625 x 757.5999755859375
21:07:35.352 [FXGL Background Thread 1 ] DEBUG Engine               - Initializing environment variables
21:07:35.399 [FXGL Background Thread 1 ] DEBUG FXGLAssetLoaderServi - User app class for loading assets: class com.bomberman.bombermanplus.BombermanApp
21:07:35.399 [FXGL Background Thread 1 ] DEBUG GameApplicationServi - Applying CSS: fxgl_dark.css
21:07:35.399 [FXGL Background Thread 1 ] DEBUG FXGLAssetLoaderServi - Loading from file system: jar:file:///C:/Users/ADMIN/.m2/repository/com/github/almasb/fxgl/17.1/fxgl-17.1.jar!/fxglassets/ui/css/fxgl_dark.css
21:07:35.431 [FXGL Background Thread 1 ] DEBUG GameApplicationServi - Initializing application scenes
21:07:35.463 [FXGL Background Thread 1 ] DEBUG GameWorld            - Game world initialized
21:07:35.524 [FXGL Background Thread 1 ] DEBUG PhysicsWorld         - Physics world initialized: appHeight=720, physics.ppm=50.0
21:07:35.525 [FXGL Background Thread 1 ] DEBUG PhysicsWorld         - Using strategy: BRUTE_FORCE
21:07:35.528 [FXGL Background Thread 1 ] DEBUG GameScene            - Game scene initialized: 1080x720
21:07:35.528 [FXGL Background Thread 1 ] DEBUG GameApplicationServi - Application scenes initialized
21:07:35.545 [FXGL Background Thread 1 ] DEBUG SystemBundleService  - Loading FXGL system data
21:07:35.550 [FXGL Background Thread 1 ] DEBUG FileSystemAccess     - Reading from: C:\Users\ADMIN\IdeaProjects\BombermanPlus\system\fxgl.bundle
21:07:35.564 [FXGL Background Thread 1 ] DEBUG SystemBundleService  - Bundle FXGL: {}
21:07:35.564 [FXGL Background Thread 1 ] DEBUG UpdaterService       - Checking for updates
21:07:35.570 [FXGL Background Thread 4 ] DEBUG FXGLApplication      - Loading fonts
21:07:35.570 [FXGL Background Thread 1 ] DEBUG FXGLApplication      - Loading default localization
21:07:35.570 [FXGL Background Thread 4 ] DEBUG FXGLAssetLoaderServi - Loading from file system: jar:file:///C:/Users/ADMIN/.m2/repository/com/github/almasb/fxgl/17.1/fxgl-17.1.jar!/fxglassets/ui/fonts/VarelaRound-Regular.ttf
21:07:35.570 [FXGL Background Thread 1 ] DEBUG FXGLAssetLoaderServi - Loading from file system: jar:file:///C:/Users/ADMIN/.m2/repository/com/github/almasb/fxgl/17.1/fxgl-17.1.jar!/fxglassets/languages/english.lang
21:07:35.592 [FXGL Background Thread 1 ] INFO  FXGLApplication      - FXGL initialization took: 0.240 sec
21:07:35.599 [JavaFX Application Thread] DEBUG Input                - Registered new binding: Move Right - D
21:07:35.599 [JavaFX Application Thread] DEBUG Input                - Registered new binding: Move Up - W
21:07:35.599 [JavaFX Application Thread] DEBUG Input                - Registered new binding: Move Down - S
21:07:35.600 [JavaFX Application Thread] DEBUG Input                - Registered new binding: Move Left - A
21:07:35.600 [JavaFX Application Thread] DEBUG FXGLAssetLoaderServi - Loading from file system: jar:file:///C:/Users/ADMIN/.m2/repository/com/github/almasb/fxgl/17.1/fxgl-17.1.jar!/fxglassets/textures/fxgl_icon.png
21:07:35.641 [JavaFX Application Thread] DEBUG FXGLAssetLoaderServi - Loading from file system: jar:file:///C:/Users/ADMIN/.m2/repository/com/github/almasb/fxgl/17.1/fxgl-17.1.jar!/fxglassets/textures/fxgl_default_cursor.png
21:07:35.644 [JavaFX Application Thread] DEBUG Input                - Registered new binding: Screenshot - CTRL+8
21:07:35.645 [JavaFX Application Thread] DEBUG Input                - Registered new binding: System info dump - CTRL+9
21:07:35.645 [JavaFX Application Thread] DEBUG Input                - Registered new binding: Restart - CTRL+R
21:07:35.645 [JavaFX Application Thread] DEBUG Input                - Registered new binding: Toggle Debug Camera - CTRL+7
21:07:35.647 [JavaFX Application Thread] DEBUG LoopRunner           - Starting loop
21:07:35.647 [JavaFX Application Thread] DEBUG LoopRunner           - Initializing JavaFX AnimationTimerLoop
21:07:35.649 [JavaFX Application Thread] DEBUG GameApplicationServi - Starting new game
21:07:35.650 [JavaFX Application Thread] DEBUG Input                - Clearing active input actions
21:07:35.652 [FXGL Background Thread 4 ] DEBUG FXGLAssetLoaderServi - Loading from file system: jar:file:///C:/Users/ADMIN/.m2/repository/com/github/almasb/fxgl/17.1/fxgl-17.1.jar!/fxglassets/ui/fonts/Abel-Regular.ttf
21:07:35.661 [JavaFX Application Thread] DEBUG GameApplicationServi - Removing overlay from FXGLStartupScene and adding to FXGLLoadingScene
21:07:35.662 [JavaFX Application Thread] DEBUG PrimaryStageWindow   - FXGLStartupScene -> FXGLLoadingScene
21:07:35.662 [JavaFX Application Thread] DEBUG GameApplicationServi - Clearing previous game
21:07:35.662 [JavaFX Application Thread] DEBUG GameScene            - Clearing game scene
21:07:35.662 [JavaFX Application Thread] DEBUG GameWorld            - Clearing game world
21:07:35.662 [JavaFX Application Thread] DEBUG PhysicsWorld         - Clearing physics world
21:07:35.664 [FXGL Background Thread 1 ] DEBUG FXGLApplication      - Initializing game
21:07:35.670 [FXGL Background Thread 4 ] DEBUG FXGLAssetLoaderServi - Loading from file system: jar:file:///C:/Users/ADMIN/.m2/repository/com/github/almasb/fxgl/17.1/fxgl-17.1.jar!/fxglassets/ui/fonts/TerminalLandMono-Regular.otf
21:07:35.691 [FXGL Background Thread 4 ] DEBUG FXGLAssetLoaderServi - Loading from file system: jar:file:///C:/Users/ADMIN/.m2/repository/com/github/almasb/fxgl/17.1/fxgl-17.1.jar!/fxglassets/ui/fonts/Courier-Prime.ttf
21:07:35.701 [FXGL Background Thread 1 ] WARN  FXGLAssetLoaderServi - Asset "/assets/levels/level1.tmx" was not found!
21:07:35.737 [JavaFX Application Thread] DEBUG LoopRunner           - Stopping loop
21:07:35.740 [JavaFX Application Thread] FATAL FXGLApplication      - Uncaught Exception:
java.lang.RuntimeException: Initialization failed
	at com.almasb.fxgl.all@17.1/com.almasb.fxgl.app.FXGLApplication$InitAppTask.failed(FXGLApplication.kt:343)
	at javafx.graphics@19-ea/javafx.concurrent.Task.setState(Task.java:710)
	at javafx.graphics@19-ea/javafx.concurrent.Task$TaskCallable.lambda$call$2(Task.java:1456)
	at javafx.graphics@19-ea/com.sun.javafx.application.PlatformImpl.lambda$runLater$10(PlatformImpl.java:457)
	at java.base/java.security.AccessController.doPrivileged(AccessController.java:399)
	at javafx.graphics@19-ea/com.sun.javafx.application.PlatformImpl.lambda$runLater$11(PlatformImpl.java:456)
	at javafx.graphics@19-ea/com.sun.glass.ui.InvokeLaterDispatcher$Future.run(InvokeLaterDispatcher.java:96)
	at javafx.graphics@19-ea/com.sun.glass.ui.win.WinApplication._runLoop(Native Method)
	at javafx.graphics@19-ea/com.sun.glass.ui.win.WinApplication.lambda$runLoop$3(WinApplication.java:184)
	at java.base/java.lang.Thread.run(Thread.java:1589)
Caused by: java.lang.IllegalArgumentException: Loading level failed. Asset not found: level1.tmx
	at com.almasb.fxgl.all@17.1/com.almasb.fxgl.app.services.FXGLAssetLoaderService.loadLevel(FXGLAssetLoaderService.kt:443)
	at com.almasb.fxgl.all@17.1/com.almasb.fxgl.dsl.FXGL$Companion.setLevelFromMap(FXGL.kt:634)
	at com.almasb.fxgl.all@17.1/com.almasb.fxgl.dsl.FXGL.setLevelFromMap(FXGL.kt)
	at com.bomberman.bombermanplus/com.bomberman.bombermanplus.BombermanApp.initGame(BombermanApp.java:67)
	at com.almasb.fxgl.all@17.1/com.almasb.fxgl.app.FXGLApplication$InitAppTask.initGame(FXGLApplication.kt:339)
	at com.almasb.fxgl.all@17.1/com.almasb.fxgl.app.FXGLApplication$InitAppTask.call(FXGLApplication.kt:319)
	at com.almasb.fxgl.all@17.1/com.almasb.fxgl.app.FXGLApplication$InitAppTask.call(FXGLApplication.kt:311)
	at javafx.graphics@19-ea/javafx.concurrent.Task$TaskCallable.call(Task.java:1426)
	at java.base/java.util.concurrent.FutureTask.run(FutureTask.java:317)
	at java.base/java.util.concurrent.Executors$RunnableAdapter.call(Executors.java:577)
	at java.base/java.util.concurrent.FutureTask.run(FutureTask.java:317)
	at java.base/java.util.concurrent.ThreadPoolExecutor.runWorker(ThreadPoolExecutor.java:1144)
	at java.base/java.util.concurrent.ThreadPoolExecutor$Worker.run(ThreadPoolExecutor.java:642)
	... 1 more

21:07:35.741 [JavaFX Application Thread] FATAL FXGLApplication      - Application will now exit
21:07:35.773 [JavaFX Application Thread] DEBUG PrimaryStageWindow   - Push state: ErrorSubScene
21:07:35.773 [JavaFX Application Thread] DEBUG Input                - Clearing active input actions
21:07:35.777 [JavaFX Application Thread] DEBUG GameApplicationServi - Removing overlay from FXGLLoadingScene and adding to ErrorSubScene
21:07:35.777 [JavaFX Application Thread] DEBUG PrimaryStageWindow   - FXGLLoadingScene -> ErrorSubScene
21:07:35.787 [JavaFX Application Thread] DEBUG FXGLApplication      - Registering font factories with UI factory
21:07:36.583 [FXGL Background Thread 2 ] INFO  UpdaterService       - Your current version:  17.1
21:07:36.583 [FXGL Background Thread 2 ] INFO  UpdaterService       - Latest stable version: 17.2
21:07:38.569 [FXGL Background Thread 3 ] DEBUG Engine               - Logging environment variables
21:07:38.569 [FXGL Background Thread 3 ] DEBUG Engine               - achievements: []
21:07:38.569 [FXGL Background Thread 3 ] DEBUG Engine               - actualHeight: 720.0
21:07:38.570 [FXGL Background Thread 3 ] DEBUG Engine               - actualHeightProperty: ReadOnlyDoubleProperty [value: 720.0]
21:07:38.570 [FXGL Background Thread 3 ] DEBUG Engine               - actualWidth: 1080.0
21:07:38.570 [FXGL Background Thread 3 ] DEBUG Engine               - actualWidthProperty: ReadOnlyDoubleProperty [value: 1080.0]
21:07:38.570 [FXGL Background Thread 3 ] DEBUG Engine               - appIcon: fxgl_icon.png
21:07:38.570 [FXGL Background Thread 3 ] DEBUG Engine               - applicationMode: DEVELOPER
21:07:38.570 [FXGL Background Thread 3 ] DEBUG Engine               - cSSList: [fxgl_dark.css]
21:07:38.570 [FXGL Background Thread 3 ] DEBUG Engine               - collisionDetectionStrategy: BRUTE_FORCE
21:07:38.570 [FXGL Background Thread 3 ] DEBUG Engine               - configClass: Optional.empty
21:07:38.570 [FXGL Background Thread 3 ] DEBUG Engine               - credits: []
21:07:38.572 [FXGL Background Thread 3 ] DEBUG Engine               - defaultCursor: CursorInfo(imageName=fxgl_default_cursor.png, hotspotX=7.0, hotspotY=6.0)
21:07:38.572 [FXGL Background Thread 3 ] DEBUG Engine               - devBBoxColorProperty: ObjectProperty [value: 0xff0000ff]
21:07:38.572 [FXGL Background Thread 3 ] DEBUG Engine               - devEnableDebugCameraProperty: BooleanProperty [value: false]
21:07:38.572 [FXGL Background Thread 3 ] DEBUG Engine               - devSensorColorProperty: ObjectProperty [value: 0xffff00ff]
21:07:38.572 [FXGL Background Thread 3 ] DEBUG Engine               - devShowBBoxProperty: BooleanProperty [value: false]
21:07:38.572 [FXGL Background Thread 3 ] DEBUG Engine               - devShowPositionProperty: BooleanProperty [value: false]
21:07:38.572 [FXGL Background Thread 3 ] DEBUG Engine               - enabledMenuItems: []
21:07:38.572 [FXGL Background Thread 3 ] DEBUG Engine               - engineServices: [class com.almasb.fxgl.app.services.FXGLAssetLoaderService, class com.almasb.fxgl.app.FXGLApplication$GameApplicationService, class com.almasb.fxgl.app.services.FXGLDialogService, class com.almasb.fxgl.app.services.IOTaskExecutorService, class com.almasb.fxgl.io.FileSystemService, class com.almasb.fxgl.localization.LocalizationService, class com.almasb.fxgl.app.services.SystemBundleService, class com.almasb.fxgl.profile.SaveLoadService, class com.almasb.fxgl.ui.FXGLUIFactoryServiceProvider, class com.almasb.fxgl.ui.FXGLDialogFactoryServiceProvider, class com.almasb.fxgl.audio.AudioPlayer, class com.almasb.fxgl.notification.impl.NotificationServiceProvider, class com.almasb.fxgl.achievement.AchievementService, class com.almasb.fxgl.cutscene.CutsceneService, class com.almasb.fxgl.minigames.MiniGameService, class com.almasb.fxgl.net.NetService, class com.almasb.fxgl.app.services.UpdaterService, class com.almasb.fxgl.dev.DevService]
21:07:38.572 [FXGL Background Thread 3 ] DEBUG Engine               - fontGame: Abel-Regular.ttf
21:07:38.572 [FXGL Background Thread 3 ] DEBUG Engine               - fontMono: TerminalLandMono-Regular.otf
21:07:38.572 [FXGL Background Thread 3 ] DEBUG Engine               - fontText: Courier-Prime.ttf
21:07:38.572 [FXGL Background Thread 3 ] DEBUG Engine               - fontUI: VarelaRound-Regular.ttf
21:07:38.572 [FXGL Background Thread 3 ] DEBUG Engine               - fullScreen: BooleanProperty [value: false]
21:07:38.572 [FXGL Background Thread 3 ] DEBUG Engine               - gameDifficulty: MEDIUM
21:07:38.572 [FXGL Background Thread 3 ] DEBUG Engine               - gameDifficultyProperty: ObjectProperty [value: MEDIUM]
21:07:38.572 [FXGL Background Thread 3 ] DEBUG Engine               - globalMusicVolume: 0.5
21:07:38.572 [FXGL Background Thread 3 ] DEBUG Engine               - globalMusicVolumeProperty: DoubleProperty [value: 0.5]
21:07:38.573 [FXGL Background Thread 3 ] DEBUG Engine               - globalSoundVolume: 0.5
21:07:38.573 [FXGL Background Thread 3 ] DEBUG Engine               - globalSoundVolumeProperty: DoubleProperty [value: 0.5]
21:07:38.573 [FXGL Background Thread 3 ] DEBUG Engine               - height: 720
21:07:38.573 [FXGL Background Thread 3 ] DEBUG Engine               - is3D: false
21:07:38.573 [FXGL Background Thread 3 ] DEBUG Engine               - isAndroid: false
21:07:38.573 [FXGL Background Thread 3 ] DEBUG Engine               - isBrowser: false
21:07:38.573 [FXGL Background Thread 3 ] DEBUG Engine               - isClickFeedbackEnabled: false
21:07:38.573 [FXGL Background Thread 3 ] DEBUG Engine               - isCloseConfirmation: false
21:07:38.573 [FXGL Background Thread 3 ] DEBUG Engine               - isDesktop: true
21:07:38.573 [FXGL Background Thread 3 ] DEBUG Engine               - isDeveloperMenuEnabled: false
21:07:38.573 [FXGL Background Thread 3 ] DEBUG Engine               - isEmbedded: false
21:07:38.573 [FXGL Background Thread 3 ] DEBUG Engine               - isEntityPreloadEnabled: true
21:07:38.573 [FXGL Background Thread 3 ] DEBUG Engine               - isExperimentalTiledLargeMap: false
21:07:38.573 [FXGL Background Thread 3 ] DEBUG Engine               - isFileSystemWriteAllowed: true
21:07:38.573 [FXGL Background Thread 3 ] DEBUG Engine               - isFullScreenAllowed: false
21:07:38.573 [FXGL Background Thread 3 ] DEBUG Engine               - isFullScreenFromStart: false
21:07:38.573 [FXGL Background Thread 3 ] DEBUG Engine               - isGameMenuEnabled: false
21:07:38.573 [FXGL Background Thread 3 ] DEBUG Engine               - isIOS: false
21:07:38.573 [FXGL Background Thread 3 ] DEBUG Engine               - isIntroEnabled: false
21:07:38.573 [FXGL Background Thread 3 ] DEBUG Engine               - isLinux: false
21:07:38.573 [FXGL Background Thread 3 ] DEBUG Engine               - isMac: false
21:07:38.573 [FXGL Background Thread 3 ] DEBUG Engine               - isMainMenuEnabled: false
21:07:38.573 [FXGL Background Thread 3 ] DEBUG Engine               - isManualResizeEnabled: false
21:07:38.573 [FXGL Background Thread 3 ] DEBUG Engine               - isMobile: false
21:07:38.574 [FXGL Background Thread 3 ] DEBUG Engine               - isNative: false
21:07:38.574 [FXGL Background Thread 3 ] DEBUG Engine               - isPauseMusicWhenMinimized: true
21:07:38.574 [FXGL Background Thread 3 ] DEBUG Engine               - isPreserveResizeRatio: false
21:07:38.574 [FXGL Background Thread 3 ] DEBUG Engine               - isProfilingEnabled: false
21:07:38.574 [FXGL Background Thread 3 ] DEBUG Engine               - isScaleAffectedOnResize: true
21:07:38.574 [FXGL Background Thread 3 ] DEBUG Engine               - isSingleStep: false
21:07:38.574 [FXGL Background Thread 3 ] DEBUG Engine               - isUserProfileEnabled: false
21:07:38.574 [FXGL Background Thread 3 ] DEBUG Engine               - isWindows: true
21:07:38.574 [FXGL Background Thread 3 ] DEBUG Engine               - language: ObjectProperty [value: ENGLISH]
21:07:38.574 [FXGL Background Thread 3 ] DEBUG Engine               - menuKey: ESCAPE
21:07:38.574 [FXGL Background Thread 3 ] DEBUG Engine               - mouseSensitivity: 0.2
21:07:38.574 [FXGL Background Thread 3 ] DEBUG Engine               - notificationViewClass: class com.almasb.fxgl.notification.view.XboxNotificationView
21:07:38.574 [FXGL Background Thread 3 ] DEBUG Engine               - pixelsPerMeter: 50.0
21:07:38.574 [FXGL Background Thread 3 ] DEBUG Engine               - platform: WINDOWS
21:07:38.574 [FXGL Background Thread 3 ] DEBUG Engine               - prefHeightProperty: ReadOnlyDoubleProperty [value: 720.0]
21:07:38.574 [FXGL Background Thread 3 ] DEBUG Engine               - prefWidthProperty: ReadOnlyDoubleProperty [value: 1080.0]
21:07:38.574 [FXGL Background Thread 3 ] DEBUG Engine               - profileDir: profiles/
21:07:38.574 [FXGL Background Thread 3 ] DEBUG Engine               - profileName: StringProperty [value: DEFAULT]
21:07:38.574 [FXGL Background Thread 3 ] DEBUG Engine               - randomSeed: -1
21:07:38.575 [FXGL Background Thread 3 ] DEBUG Engine               - runtimeInfo: RuntimeInfo(platform=WINDOWS, version=17.1, build=24.03.2022 17.34)
21:07:38.575 [FXGL Background Thread 3 ] DEBUG Engine               - saveFileExt: sav
21:07:38.575 [FXGL Background Thread 3 ] DEBUG Engine               - scaledHeightProp$fxgl: DoubleProperty [bound, value: 720.0]
21:07:38.575 [FXGL Background Thread 3 ] DEBUG Engine               - scaledWidthProp$fxgl: DoubleProperty [bound, value: 1080.0]
21:07:38.575 [FXGL Background Thread 3 ] DEBUG Engine               - sceneFactory: com.almasb.fxgl.app.scene.SceneFactory@2e7a7acd
21:07:38.575 [FXGL Background Thread 3 ] DEBUG Engine               - secondsIn24h: 60
21:07:38.575 [FXGL Background Thread 3 ] DEBUG Engine               - soundMenuBack: menu/back.wav
21:07:38.575 [FXGL Background Thread 3 ] DEBUG Engine               - soundMenuPress: menu/press.wav
21:07:38.575 [FXGL Background Thread 3 ] DEBUG Engine               - soundMenuSelect: menu/select.wav
21:07:38.575 [FXGL Background Thread 3 ] DEBUG Engine               - soundNotification: core/notification.wav
21:07:38.575 [FXGL Background Thread 3 ] DEBUG Engine               - stageStyle: DECORATED
21:07:38.575 [FXGL Background Thread 3 ] DEBUG Engine               - supportedLanguages: [ENGLISH, FRENCH, GERMAN, HUNGARIAN, RUSSIAN]
21:07:38.575 [FXGL Background Thread 3 ] DEBUG Engine               - ticksPerSecond: -1
21:07:38.575 [FXGL Background Thread 3 ] DEBUG Engine               - title: BOMBERMAN
21:07:38.575 [FXGL Background Thread 3 ] DEBUG Engine               - urlGithub: https://github.com/AlmasB/FXGL
21:07:38.575 [FXGL Background Thread 3 ] DEBUG Engine               - urlLeaderboard: http://fxgl-top.herokuapp.com/
21:07:38.575 [FXGL Background Thread 3 ] DEBUG Engine               - urlPOM: https://raw.githubusercontent.com/AlmasB/FXGL/release/README.md
21:07:38.575 [FXGL Background Thread 3 ] DEBUG Engine               - userAppClass: class com.bomberman.bombermanplus.BombermanApp
21:07:38.575 [FXGL Background Thread 3 ] DEBUG Engine               - version: 1.0
21:07:38.575 [FXGL Background Thread 3 ] DEBUG Engine               - versionCheckDays: 7
21:07:38.575 [FXGL Background Thread 3 ] DEBUG Engine               - width: 1080
21:07:38.575 [FXGL Background Thread 3 ] DEBUG Engine               - Logging services
21:07:38.575 [FXGL Background Thread 3 ] DEBUG Engine               - class com.almasb.fxgl.app.services.FXGLAssetLoaderService
21:07:38.576 [FXGL Background Thread 3 ] DEBUG Engine               - class com.almasb.fxgl.app.FXGLApplication$GameApplicationService
21:07:38.576 [FXGL Background Thread 3 ] DEBUG Engine               - class com.almasb.fxgl.app.services.FXGLDialogService
21:07:38.576 [FXGL Background Thread 3 ] DEBUG Engine               - class com.almasb.fxgl.app.services.IOTaskExecutorService
21:07:38.576 [FXGL Background Thread 3 ] DEBUG Engine               - class com.almasb.fxgl.io.FileSystemService
21:07:38.576 [FXGL Background Thread 3 ] DEBUG Engine               - class com.almasb.fxgl.localization.LocalizationService
21:07:38.576 [FXGL Background Thread 3 ] DEBUG Engine               - class com.almasb.fxgl.app.services.SystemBundleService
21:07:38.576 [FXGL Background Thread 3 ] DEBUG Engine               - class com.almasb.fxgl.profile.SaveLoadService
21:07:38.576 [FXGL Background Thread 3 ] DEBUG Engine               - class com.almasb.fxgl.ui.FXGLUIFactoryServiceProvider
21:07:38.576 [FXGL Background Thread 3 ] DEBUG Engine               - class com.almasb.fxgl.ui.FXGLDialogFactoryServiceProvider
21:07:38.576 [FXGL Background Thread 3 ] DEBUG Engine               - class com.almasb.fxgl.audio.AudioPlayer
21:07:38.576 [FXGL Background Thread 3 ] DEBUG Engine               - class com.almasb.fxgl.notification.impl.NotificationServiceProvider
21:07:38.576 [FXGL Background Thread 3 ] DEBUG Engine               - class com.almasb.fxgl.achievement.AchievementService
21:07:38.576 [FXGL Background Thread 3 ] DEBUG Engine               - class com.almasb.fxgl.cutscene.CutsceneService
21:07:38.576 [FXGL Background Thread 3 ] DEBUG Engine               - class com.almasb.fxgl.minigames.MiniGameService
21:07:38.576 [FXGL Background Thread 3 ] DEBUG Engine               - class com.almasb.fxgl.net.NetService
21:07:38.576 [FXGL Background Thread 3 ] DEBUG Engine               - class com.almasb.fxgl.app.services.UpdaterService
21:07:38.576 [FXGL Background Thread 3 ] DEBUG Engine               - class com.almasb.fxgl.dev.DevService
21:08:11.621 [JavaFX Application Thread] DEBUG FXGLApplication      - Exiting FXGL
21:08:11.621 [JavaFX Application Thread] DEBUG Async                - Shutting down background threads
21:08:11.621 [JavaFX Application Thread] DEBUG PrimaryStageWindow   - Closing main window
21:08:11.630 [JavaFX Application Thread] DEBUG Logger               - Closing Logger
