22:08:48.645 [main                     ] DEBUG Logger               - Configured Logger
22:08:48.671 [main                     ] DEBUG GameApplication      - Logging settings
Title: BOMBERMAN
Version: 1.0
Width: 1080
Height: 720
Fullscreen: false
Intro: false
Profiling: false
Single step:false
App Mode: DEVELOPER
Menu Key: ESCAPE
Stage Style: DECORATED
Scene Factory: class com.almasb.fxgl.app.scene.SceneFactory

22:08:49.872 [JavaFX Application Thread] DEBUG FXGLApplication      - Initializing FXGL
22:08:49.876 [JavaFX Application Thread] INFO  Engine               - FXGL-17.1 (24.03.2022 17.34) on WINDOWS (J:19 FX:19-ea)
22:08:49.876 [JavaFX Application Thread] DEBUG Engine               - JRE Vendor Name: Oracle Corporation
22:08:49.877 [JavaFX Application Thread] DEBUG Engine               - Running on OS: Windows 11 version 10.0
22:08:49.877 [JavaFX Application Thread] DEBUG Engine               - Architecture: amd64
22:08:49.877 [JavaFX Application Thread] INFO  Engine               - Source code and latest versions at: https://github.com/AlmasB/FXGL
22:08:49.877 [JavaFX Application Thread] INFO  Engine               -       Ask questions and discuss at: https://github.com/AlmasB/FXGL/discussions
22:08:49.877 [JavaFX Application Thread] INFO  Engine               -              Join the FXGL chat at: https://gitter.im/AlmasB/FXGL
22:08:49.974 [JavaFX Application Thread] DEBUG PrimaryStageWindow   - Creating a JavaFX scene
22:08:50.049 [JavaFX Application Thread] DEBUG PrimaryStageWindow   - Target settings size: 1080.0 x 720.0
22:08:50.049 [JavaFX Application Thread] DEBUG PrimaryStageWindow   - Scaled scene size:    1080.0 x 720.0
22:08:50.049 [JavaFX Application Thread] DEBUG PrimaryStageWindow   - Scaled ratio: (1.0, 1.0)
22:08:50.051 [JavaFX Application Thread] DEBUG PrimaryStageWindow   - Set initial scene to FXGLStartupScene
22:08:50.056 [JavaFX Application Thread] DEBUG PrimaryStageWindow   - Opening main window
22:08:50.179 [JavaFX Application Thread] DEBUG PrimaryStageWindow   - Window border size: (14.4000244140625, 37.5999755859375)
22:08:50.179 [JavaFX Application Thread] DEBUG PrimaryStageWindow   - Scaled size: 1080.0 x 720.0
22:08:50.181 [JavaFX Application Thread] DEBUG PrimaryStageWindow   - Scaled ratio: (1.0, 1.0)
22:08:50.181 [JavaFX Application Thread] DEBUG PrimaryStageWindow   - Scene size: 1080.0 x 720.0
22:08:50.181 [JavaFX Application Thread] DEBUG PrimaryStageWindow   - Stage size: 1094.4000244140625 x 757.5999755859375
22:08:50.196 [FXGL Background Thread 1 ] DEBUG Engine               - Initializing environment variables
22:08:50.265 [FXGL Background Thread 1 ] DEBUG FXGLAssetLoaderServi - User app class for loading assets: class com.bomberman.bombermanplus.BombermanApp
22:08:50.265 [FXGL Background Thread 1 ] DEBUG GameApplicationServi - Applying CSS: fxgl_dark.css
22:08:50.266 [FXGL Background Thread 1 ] DEBUG FXGLAssetLoaderServi - Loading from file system: jar:file:///C:/Users/Gia%20Phong/.m2/repository/com/github/almasb/fxgl/17.1/fxgl-17.1.jar!/fxglassets/ui/css/fxgl_dark.css
22:08:50.303 [FXGL Background Thread 1 ] DEBUG GameApplicationServi - Initializing application scenes
22:08:50.346 [FXGL Background Thread 1 ] DEBUG GameWorld            - Game world initialized
22:08:50.400 [FXGL Background Thread 1 ] DEBUG PhysicsWorld         - Physics world initialized: appHeight=720, physics.ppm=50.0
22:08:50.400 [FXGL Background Thread 1 ] DEBUG PhysicsWorld         - Using strategy: BRUTE_FORCE
22:08:50.405 [FXGL Background Thread 1 ] DEBUG GameScene            - Game scene initialized: 1080x720
22:08:50.405 [FXGL Background Thread 1 ] DEBUG GameApplicationServi - Application scenes initialized
22:08:50.424 [FXGL Background Thread 1 ] DEBUG SystemBundleService  - Loading FXGL system data
22:08:50.429 [FXGL Background Thread 1 ] DEBUG FileSystemAccess     - Reading from: C:\Users\Gia Phong\Downloads\Java\src\BombermanPlus\system\fxgl.bundle
22:08:50.445 [FXGL Background Thread 1 ] DEBUG SystemBundleService  - Bundle FXGL: {}
22:08:50.445 [FXGL Background Thread 1 ] DEBUG UpdaterService       - Checking for updates
22:08:50.452 [FXGL Background Thread 4 ] DEBUG FXGLApplication      - Loading fonts
22:08:50.452 [FXGL Background Thread 4 ] DEBUG FXGLAssetLoaderServi - Loading from file system: jar:file:///C:/Users/Gia%20Phong/.m2/repository/com/github/almasb/fxgl/17.1/fxgl-17.1.jar!/fxglassets/ui/fonts/VarelaRound-Regular.ttf
22:08:50.452 [FXGL Background Thread 1 ] DEBUG FXGLApplication      - Loading default localization
22:08:50.453 [FXGL Background Thread 1 ] DEBUG FXGLAssetLoaderServi - Loading from file system: jar:file:///C:/Users/Gia%20Phong/.m2/repository/com/github/almasb/fxgl/17.1/fxgl-17.1.jar!/fxglassets/languages/english.lang
22:08:50.495 [FXGL Background Thread 1 ] INFO  FXGLApplication      - FXGL initialization took: 0.300 sec
22:08:50.511 [JavaFX Application Thread] DEBUG Input                - Registered new binding: Move Right - D
22:08:50.511 [JavaFX Application Thread] DEBUG Input                - Registered new binding: Move Up - W
22:08:50.512 [JavaFX Application Thread] DEBUG Input                - Registered new binding: Move Down - S
22:08:50.512 [JavaFX Application Thread] DEBUG Input                - Registered new binding: Move Left - A
22:08:50.513 [JavaFX Application Thread] DEBUG FXGLAssetLoaderServi - Loading from file system: jar:file:///C:/Users/Gia%20Phong/.m2/repository/com/github/almasb/fxgl/17.1/fxgl-17.1.jar!/fxglassets/textures/fxgl_icon.png
22:08:50.571 [JavaFX Application Thread] DEBUG FXGLAssetLoaderServi - Loading from file system: jar:file:///C:/Users/Gia%20Phong/.m2/repository/com/github/almasb/fxgl/17.1/fxgl-17.1.jar!/fxglassets/textures/fxgl_default_cursor.png
22:08:50.575 [JavaFX Application Thread] DEBUG Input                - Registered new binding: Screenshot - CTRL+8
22:08:50.576 [JavaFX Application Thread] DEBUG Input                - Registered new binding: System info dump - CTRL+9
22:08:50.577 [JavaFX Application Thread] DEBUG Input                - Registered new binding: Restart - CTRL+R
22:08:50.578 [JavaFX Application Thread] DEBUG Input                - Registered new binding: Toggle Debug Camera - CTRL+7
22:08:50.582 [JavaFX Application Thread] DEBUG LoopRunner           - Starting loop
22:08:50.582 [JavaFX Application Thread] DEBUG LoopRunner           - Initializing JavaFX AnimationTimerLoop
22:08:50.584 [JavaFX Application Thread] DEBUG GameApplicationServi - Starting new game
22:08:50.585 [JavaFX Application Thread] DEBUG Input                - Clearing active input actions
22:08:50.591 [FXGL Background Thread 4 ] DEBUG FXGLAssetLoaderServi - Loading from file system: jar:file:///C:/Users/Gia%20Phong/.m2/repository/com/github/almasb/fxgl/17.1/fxgl-17.1.jar!/fxglassets/ui/fonts/Abel-Regular.ttf
22:08:50.604 [JavaFX Application Thread] DEBUG GameApplicationServi - Removing overlay from FXGLStartupScene and adding to FXGLLoadingScene
22:08:50.605 [JavaFX Application Thread] DEBUG PrimaryStageWindow   - FXGLStartupScene -> FXGLLoadingScene
22:08:50.605 [JavaFX Application Thread] DEBUG GameApplicationServi - Clearing previous game
22:08:50.605 [JavaFX Application Thread] DEBUG GameScene            - Clearing game scene
22:08:50.605 [JavaFX Application Thread] DEBUG GameWorld            - Clearing game world
22:08:50.607 [JavaFX Application Thread] DEBUG PhysicsWorld         - Clearing physics world
22:08:50.613 [FXGL Background Thread 1 ] DEBUG FXGLApplication      - Initializing game
22:08:50.614 [FXGL Background Thread 4 ] DEBUG FXGLAssetLoaderServi - Loading from file system: jar:file:///C:/Users/Gia%20Phong/.m2/repository/com/github/almasb/fxgl/17.1/fxgl-17.1.jar!/fxglassets/ui/fonts/TerminalLandMono-Regular.otf
22:08:50.629 [FXGL Background Thread 1 ] INFO  FXGLApplication      - Game initialization took: 0.016 sec
22:08:50.636 [FXGL Background Thread 4 ] DEBUG FXGLAssetLoaderServi - Loading from file system: jar:file:///C:/Users/Gia%20Phong/.m2/repository/com/github/almasb/fxgl/17.1/fxgl-17.1.jar!/fxglassets/ui/fonts/Courier-Prime.ttf
22:08:50.714 [JavaFX Application Thread] DEBUG Input                - Clearing active input actions
22:08:50.722 [JavaFX Application Thread] DEBUG GameApplicationServi - Removing overlay from FXGLLoadingScene and adding to GameScene
22:08:50.723 [JavaFX Application Thread] DEBUG PrimaryStageWindow   - FXGLLoadingScene -> GameScene
22:08:50.723 [JavaFX Application Thread] DEBUG FXGLApplication      - Registering font factories with UI factory
22:08:51.611 [FXGL Background Thread 2 ] INFO  UpdaterService       - Your current version:  17.1
22:08:51.611 [FXGL Background Thread 2 ] INFO  UpdaterService       - Latest stable version: 17.2
22:08:53.452 [FXGL Background Thread 3 ] DEBUG Engine               - Logging environment variables
22:08:53.453 [FXGL Background Thread 3 ] DEBUG Engine               - achievements: []
22:08:53.453 [FXGL Background Thread 3 ] DEBUG Engine               - actualHeight: 720.0
22:08:53.453 [FXGL Background Thread 3 ] DEBUG Engine               - actualHeightProperty: ReadOnlyDoubleProperty [value: 720.0]
22:08:53.453 [FXGL Background Thread 3 ] DEBUG Engine               - actualWidth: 1080.0
22:08:53.453 [FXGL Background Thread 3 ] DEBUG Engine               - actualWidthProperty: ReadOnlyDoubleProperty [value: 1080.0]
22:08:53.453 [FXGL Background Thread 3 ] DEBUG Engine               - appIcon: fxgl_icon.png
22:08:53.453 [FXGL Background Thread 3 ] DEBUG Engine               - applicationMode: DEVELOPER
22:08:53.453 [FXGL Background Thread 3 ] DEBUG Engine               - cSSList: [fxgl_dark.css]
22:08:53.453 [FXGL Background Thread 3 ] DEBUG Engine               - collisionDetectionStrategy: BRUTE_FORCE
22:08:53.453 [FXGL Background Thread 3 ] DEBUG Engine               - configClass: Optional.empty
22:08:53.454 [FXGL Background Thread 3 ] DEBUG Engine               - credits: []
22:08:53.456 [FXGL Background Thread 3 ] DEBUG Engine               - defaultCursor: CursorInfo(imageName=fxgl_default_cursor.png, hotspotX=7.0, hotspotY=6.0)
22:08:53.456 [FXGL Background Thread 3 ] DEBUG Engine               - devBBoxColorProperty: ObjectProperty [value: 0xff0000ff]
22:08:53.456 [FXGL Background Thread 3 ] DEBUG Engine               - devEnableDebugCameraProperty: BooleanProperty [value: false]
22:08:53.456 [FXGL Background Thread 3 ] DEBUG Engine               - devSensorColorProperty: ObjectProperty [value: 0xffff00ff]
22:08:53.456 [FXGL Background Thread 3 ] DEBUG Engine               - devShowBBoxProperty: BooleanProperty [value: false]
22:08:53.456 [FXGL Background Thread 3 ] DEBUG Engine               - devShowPositionProperty: BooleanProperty [value: false]
22:08:53.456 [FXGL Background Thread 3 ] DEBUG Engine               - enabledMenuItems: []
22:08:53.456 [FXGL Background Thread 3 ] DEBUG Engine               - engineServices: [class com.almasb.fxgl.app.services.FXGLAssetLoaderService, class com.almasb.fxgl.app.FXGLApplication$GameApplicationService, class com.almasb.fxgl.app.services.FXGLDialogService, class com.almasb.fxgl.app.services.IOTaskExecutorService, class com.almasb.fxgl.io.FileSystemService, class com.almasb.fxgl.localization.LocalizationService, class com.almasb.fxgl.app.services.SystemBundleService, class com.almasb.fxgl.profile.SaveLoadService, class com.almasb.fxgl.ui.FXGLUIFactoryServiceProvider, class com.almasb.fxgl.ui.FXGLDialogFactoryServiceProvider, class com.almasb.fxgl.audio.AudioPlayer, class com.almasb.fxgl.notification.impl.NotificationServiceProvider, class com.almasb.fxgl.achievement.AchievementService, class com.almasb.fxgl.cutscene.CutsceneService, class com.almasb.fxgl.minigames.MiniGameService, class com.almasb.fxgl.net.NetService, class com.almasb.fxgl.app.services.UpdaterService, class com.almasb.fxgl.dev.DevService]
22:08:53.456 [FXGL Background Thread 3 ] DEBUG Engine               - fontGame: Abel-Regular.ttf
22:08:53.456 [FXGL Background Thread 3 ] DEBUG Engine               - fontMono: TerminalLandMono-Regular.otf
22:08:53.457 [FXGL Background Thread 3 ] DEBUG Engine               - fontText: Courier-Prime.ttf
22:08:53.457 [FXGL Background Thread 3 ] DEBUG Engine               - fontUI: VarelaRound-Regular.ttf
22:08:53.457 [FXGL Background Thread 3 ] DEBUG Engine               - fullScreen: BooleanProperty [value: false]
22:08:53.457 [FXGL Background Thread 3 ] DEBUG Engine               - gameDifficulty: MEDIUM
22:08:53.457 [FXGL Background Thread 3 ] DEBUG Engine               - gameDifficultyProperty: ObjectProperty [value: MEDIUM]
22:08:53.457 [FXGL Background Thread 3 ] DEBUG Engine               - globalMusicVolume: 0.5
22:08:53.457 [FXGL Background Thread 3 ] DEBUG Engine               - globalMusicVolumeProperty: DoubleProperty [value: 0.5]
22:08:53.457 [FXGL Background Thread 3 ] DEBUG Engine               - globalSoundVolume: 0.5
22:08:53.457 [FXGL Background Thread 3 ] DEBUG Engine               - globalSoundVolumeProperty: DoubleProperty [value: 0.5]
22:08:53.457 [FXGL Background Thread 3 ] DEBUG Engine               - height: 720
22:08:53.457 [FXGL Background Thread 3 ] DEBUG Engine               - is3D: false
22:08:53.457 [FXGL Background Thread 3 ] DEBUG Engine               - isAndroid: false
22:08:53.457 [FXGL Background Thread 3 ] DEBUG Engine               - isBrowser: false
22:08:53.457 [FXGL Background Thread 3 ] DEBUG Engine               - isClickFeedbackEnabled: false
22:08:53.458 [FXGL Background Thread 3 ] DEBUG Engine               - isCloseConfirmation: false
22:08:53.458 [FXGL Background Thread 3 ] DEBUG Engine               - isDesktop: true
22:08:53.458 [FXGL Background Thread 3 ] DEBUG Engine               - isDeveloperMenuEnabled: false
22:08:53.458 [FXGL Background Thread 3 ] DEBUG Engine               - isEmbedded: false
22:08:53.458 [FXGL Background Thread 3 ] DEBUG Engine               - isEntityPreloadEnabled: true
22:08:53.458 [FXGL Background Thread 3 ] DEBUG Engine               - isExperimentalTiledLargeMap: false
22:08:53.458 [FXGL Background Thread 3 ] DEBUG Engine               - isFileSystemWriteAllowed: true
22:08:53.458 [FXGL Background Thread 3 ] DEBUG Engine               - isFullScreenAllowed: false
22:08:53.458 [FXGL Background Thread 3 ] DEBUG Engine               - isFullScreenFromStart: false
22:08:53.458 [FXGL Background Thread 3 ] DEBUG Engine               - isGameMenuEnabled: false
22:08:53.458 [FXGL Background Thread 3 ] DEBUG Engine               - isIOS: false
22:08:53.458 [FXGL Background Thread 3 ] DEBUG Engine               - isIntroEnabled: false
22:08:53.458 [FXGL Background Thread 3 ] DEBUG Engine               - isLinux: false
22:08:53.458 [FXGL Background Thread 3 ] DEBUG Engine               - isMac: false
22:08:53.458 [FXGL Background Thread 3 ] DEBUG Engine               - isMainMenuEnabled: false
22:08:53.458 [FXGL Background Thread 3 ] DEBUG Engine               - isManualResizeEnabled: false
22:08:53.458 [FXGL Background Thread 3 ] DEBUG Engine               - isMobile: false
22:08:53.459 [FXGL Background Thread 3 ] DEBUG Engine               - isNative: false
22:08:53.459 [FXGL Background Thread 3 ] DEBUG Engine               - isPauseMusicWhenMinimized: true
22:08:53.459 [FXGL Background Thread 3 ] DEBUG Engine               - isPreserveResizeRatio: false
22:08:53.459 [FXGL Background Thread 3 ] DEBUG Engine               - isProfilingEnabled: false
22:08:53.459 [FXGL Background Thread 3 ] DEBUG Engine               - isScaleAffectedOnResize: true
22:08:53.459 [FXGL Background Thread 3 ] DEBUG Engine               - isSingleStep: false
22:08:53.459 [FXGL Background Thread 3 ] DEBUG Engine               - isUserProfileEnabled: false
22:08:53.459 [FXGL Background Thread 3 ] DEBUG Engine               - isWindows: true
22:08:53.459 [FXGL Background Thread 3 ] DEBUG Engine               - language: ObjectProperty [value: ENGLISH]
22:08:53.459 [FXGL Background Thread 3 ] DEBUG Engine               - menuKey: ESCAPE
22:08:53.459 [FXGL Background Thread 3 ] DEBUG Engine               - mouseSensitivity: 0.2
22:08:53.459 [FXGL Background Thread 3 ] DEBUG Engine               - notificationViewClass: class com.almasb.fxgl.notification.view.XboxNotificationView
22:08:53.459 [FXGL Background Thread 3 ] DEBUG Engine               - pixelsPerMeter: 50.0
22:08:53.459 [FXGL Background Thread 3 ] DEBUG Engine               - platform: WINDOWS
22:08:53.460 [FXGL Background Thread 3 ] DEBUG Engine               - prefHeightProperty: ReadOnlyDoubleProperty [value: 720.0]
22:08:53.460 [FXGL Background Thread 3 ] DEBUG Engine               - prefWidthProperty: ReadOnlyDoubleProperty [value: 1080.0]
22:08:53.460 [FXGL Background Thread 3 ] DEBUG Engine               - profileDir: profiles/
22:08:53.460 [FXGL Background Thread 3 ] DEBUG Engine               - profileName: StringProperty [value: DEFAULT]
22:08:53.460 [FXGL Background Thread 3 ] DEBUG Engine               - randomSeed: -1
22:08:53.460 [FXGL Background Thread 3 ] DEBUG Engine               - runtimeInfo: RuntimeInfo(platform=WINDOWS, version=17.1, build=24.03.2022 17.34)
22:08:53.460 [FXGL Background Thread 3 ] DEBUG Engine               - saveFileExt: sav
22:08:53.460 [FXGL Background Thread 3 ] DEBUG Engine               - scaledHeightProp$fxgl: DoubleProperty [bound, value: 720.0]
22:08:53.461 [FXGL Background Thread 3 ] DEBUG Engine               - scaledWidthProp$fxgl: DoubleProperty [bound, value: 1080.0]
22:08:53.461 [FXGL Background Thread 3 ] DEBUG Engine               - sceneFactory: com.almasb.fxgl.app.scene.SceneFactory@37f7a572
22:08:53.461 [FXGL Background Thread 3 ] DEBUG Engine               - secondsIn24h: 60
22:08:53.462 [FXGL Background Thread 3 ] DEBUG Engine               - soundMenuBack: menu/back.wav
22:08:53.462 [FXGL Background Thread 3 ] DEBUG Engine               - soundMenuPress: menu/press.wav
22:08:53.462 [FXGL Background Thread 3 ] DEBUG Engine               - soundMenuSelect: menu/select.wav
22:08:53.462 [FXGL Background Thread 3 ] DEBUG Engine               - soundNotification: core/notification.wav
22:08:53.462 [FXGL Background Thread 3 ] DEBUG Engine               - stageStyle: DECORATED
22:08:53.462 [FXGL Background Thread 3 ] DEBUG Engine               - supportedLanguages: [ENGLISH, FRENCH, GERMAN, HUNGARIAN, RUSSIAN]
22:08:53.462 [FXGL Background Thread 3 ] DEBUG Engine               - ticksPerSecond: -1
22:08:53.462 [FXGL Background Thread 3 ] DEBUG Engine               - title: BOMBERMAN
22:08:53.462 [FXGL Background Thread 3 ] DEBUG Engine               - urlGithub: https://github.com/AlmasB/FXGL
22:08:53.462 [FXGL Background Thread 3 ] DEBUG Engine               - urlLeaderboard: http://fxgl-top.herokuapp.com/
22:08:53.462 [FXGL Background Thread 3 ] DEBUG Engine               - urlPOM: https://raw.githubusercontent.com/AlmasB/FXGL/release/README.md
22:08:53.462 [FXGL Background Thread 3 ] DEBUG Engine               - userAppClass: class com.bomberman.bombermanplus.BombermanApp
22:08:53.462 [FXGL Background Thread 3 ] DEBUG Engine               - version: 1.0
22:08:53.462 [FXGL Background Thread 3 ] DEBUG Engine               - versionCheckDays: 7
22:08:53.463 [FXGL Background Thread 3 ] DEBUG Engine               - width: 1080
22:08:53.463 [FXGL Background Thread 3 ] DEBUG Engine               - Logging services
22:08:53.463 [FXGL Background Thread 3 ] DEBUG Engine               - class com.almasb.fxgl.app.services.FXGLAssetLoaderService
22:08:53.463 [FXGL Background Thread 3 ] DEBUG Engine               - class com.almasb.fxgl.app.FXGLApplication$GameApplicationService
22:08:53.463 [FXGL Background Thread 3 ] DEBUG Engine               - class com.almasb.fxgl.app.services.FXGLDialogService
22:08:53.463 [FXGL Background Thread 3 ] DEBUG Engine               - class com.almasb.fxgl.app.services.IOTaskExecutorService
22:08:53.463 [FXGL Background Thread 3 ] DEBUG Engine               - class com.almasb.fxgl.io.FileSystemService
22:08:53.463 [FXGL Background Thread 3 ] DEBUG Engine               - class com.almasb.fxgl.localization.LocalizationService
22:08:53.463 [FXGL Background Thread 3 ] DEBUG Engine               - class com.almasb.fxgl.app.services.SystemBundleService
22:08:53.463 [FXGL Background Thread 3 ] DEBUG Engine               - class com.almasb.fxgl.profile.SaveLoadService
22:08:53.463 [FXGL Background Thread 3 ] DEBUG Engine               - class com.almasb.fxgl.ui.FXGLUIFactoryServiceProvider
22:08:53.463 [FXGL Background Thread 3 ] DEBUG Engine               - class com.almasb.fxgl.ui.FXGLDialogFactoryServiceProvider
22:08:53.463 [FXGL Background Thread 3 ] DEBUG Engine               - class com.almasb.fxgl.audio.AudioPlayer
22:08:53.463 [FXGL Background Thread 3 ] DEBUG Engine               - class com.almasb.fxgl.notification.impl.NotificationServiceProvider
22:08:53.463 [FXGL Background Thread 3 ] DEBUG Engine               - class com.almasb.fxgl.achievement.AchievementService
22:08:53.463 [FXGL Background Thread 3 ] DEBUG Engine               - class com.almasb.fxgl.cutscene.CutsceneService
22:08:53.463 [FXGL Background Thread 3 ] DEBUG Engine               - class com.almasb.fxgl.minigames.MiniGameService
22:08:53.464 [FXGL Background Thread 3 ] DEBUG Engine               - class com.almasb.fxgl.net.NetService
22:08:53.464 [FXGL Background Thread 3 ] DEBUG Engine               - class com.almasb.fxgl.app.services.UpdaterService
22:08:53.464 [FXGL Background Thread 3 ] DEBUG Engine               - class com.almasb.fxgl.dev.DevService
22:10:14.092 [JavaFX Application Thread] DEBUG FXGLApplication      - Exiting FXGL
22:10:14.092 [JavaFX Application Thread] DEBUG LoopRunner           - Stopping loop
22:10:14.092 [JavaFX Application Thread] DEBUG SystemBundleService  - Saving FXGL system data
22:10:14.096 [JavaFX Application Thread] DEBUG FileSystemAccess     - Writing to: C:\Users\Gia Phong\Downloads\Java\src\BombermanPlus\system\fxgl.bundle
22:10:14.099 [JavaFX Application Thread] DEBUG Async                - Shutting down background threads
22:10:14.100 [JavaFX Application Thread] DEBUG PrimaryStageWindow   - Closing main window
22:10:14.118 [JavaFX Application Thread] DEBUG Logger               - Closing Logger
