10:31:13.920 [main                     ] DEBUG Logger               - Configured Logger
10:31:13.941 [main                     ] DEBUG GameApplication      - Logging settings
Title: BOMBERMAN
Version: 1.0
Width: 1080
Height: 720
Fullscreen: false
Intro: false
Profiling: false
Single step:false
App Mode: DEVELOPER
Menu Key: ESCAPE
Stage Style: DECORATED
Scene Factory: class com.bomberman.bombermanplus.BombermanApp$1

10:31:14.489 [JavaFX Application Thread] DEBUG FXGLApplication      - Initializing FXGL
10:31:14.494 [JavaFX Application Thread] INFO  Engine               - FXGL-17.1 (24.03.2022 17.34) on WINDOWS (J:19 FX:19-ea)
10:31:14.495 [JavaFX Application Thread] DEBUG Engine               - JRE Vendor Name: Oracle Corporation
10:31:14.495 [JavaFX Application Thread] DEBUG Engine               - Running on OS: Windows 11 version 10.0
10:31:14.495 [JavaFX Application Thread] DEBUG Engine               - Architecture: amd64
10:31:14.495 [JavaFX Application Thread] INFO  Engine               - Source code and latest versions at: https://github.com/AlmasB/FXGL
10:31:14.495 [JavaFX Application Thread] INFO  Engine               -       Ask questions and discuss at: https://github.com/AlmasB/FXGL/discussions
10:31:14.495 [JavaFX Application Thread] INFO  Engine               -              Join the FXGL chat at: https://gitter.im/AlmasB/FXGL
10:31:14.592 [JavaFX Application Thread] DEBUG PrimaryStageWindow   - Creating a JavaFX scene
10:31:14.647 [JavaFX Application Thread] DEBUG PrimaryStageWindow   - Target settings size: 1080.0 x 720.0
10:31:14.647 [JavaFX Application Thread] DEBUG PrimaryStageWindow   - Scaled scene size:    1080.0 x 720.0
10:31:14.648 [JavaFX Application Thread] DEBUG PrimaryStageWindow   - Scaled ratio: (1.0, 1.0)
10:31:14.648 [JavaFX Application Thread] DEBUG PrimaryStageWindow   - Set initial scene to FXGLStartupScene
10:31:14.655 [JavaFX Application Thread] DEBUG PrimaryStageWindow   - Opening main window
10:31:14.740 [JavaFX Application Thread] DEBUG PrimaryStageWindow   - Window border size: (14.4000244140625, 37.5999755859375)
10:31:14.741 [JavaFX Application Thread] DEBUG PrimaryStageWindow   - Scaled size: 1080.0 x 720.0
10:31:14.741 [JavaFX Application Thread] DEBUG PrimaryStageWindow   - Scaled ratio: (1.0, 1.0)
10:31:14.741 [JavaFX Application Thread] DEBUG PrimaryStageWindow   - Scene size: 1080.0 x 720.0
10:31:14.741 [JavaFX Application Thread] DEBUG PrimaryStageWindow   - Stage size: 1094.4000244140625 x 757.5999755859375
10:31:14.752 [FXGL Background Thread 1 ] DEBUG Engine               - Initializing environment variables
10:31:14.807 [FXGL Background Thread 1 ] DEBUG FXGLAssetLoaderServi - User app class for loading assets: class com.bomberman.bombermanplus.BombermanApp
10:31:14.807 [FXGL Background Thread 1 ] DEBUG GameApplicationServi - Applying CSS: fxgl_dark.css
10:31:14.808 [FXGL Background Thread 1 ] DEBUG FXGLAssetLoaderServi - Loading from file system: jar:file:///C:/Users/ADMIN/.m2/repository/com/github/almasb/fxgl/17.1/fxgl-17.1.jar!/fxglassets/ui/css/fxgl_dark.css
10:31:14.853 [FXGL Background Thread 1 ] DEBUG GameApplicationServi - Initializing application scenes
10:31:14.906 [FXGL Background Thread 1 ] DEBUG GameWorld            - Game world initialized
10:31:14.959 [FXGL Background Thread 1 ] DEBUG PhysicsWorld         - Physics world initialized: appHeight=720, physics.ppm=50.0
10:31:14.960 [FXGL Background Thread 1 ] DEBUG PhysicsWorld         - Using strategy: BRUTE_FORCE
10:31:14.964 [FXGL Background Thread 1 ] DEBUG GameScene            - Game scene initialized: 1080x720
10:31:15.014 [FXGL Background Thread 1 ] DEBUG GameApplicationServi - Application scenes initialized
10:31:15.025 [FXGL Background Thread 1 ] DEBUG SystemBundleService  - Loading FXGL system data
10:31:15.029 [FXGL Background Thread 1 ] DEBUG FileSystemAccess     - Reading from: C:\Users\ADMIN\IdeaProjects\BombermanPlus\system\fxgl.bundle
10:31:15.047 [FXGL Background Thread 1 ] DEBUG SystemBundleService  - Bundle FXGL: {}
10:31:15.048 [FXGL Background Thread 1 ] DEBUG UpdaterService       - Checking for updates
10:31:15.082 [FXGL Background Thread 4 ] DEBUG FXGLApplication      - Loading fonts
10:31:15.083 [FXGL Background Thread 1 ] DEBUG FXGLApplication      - Loading default localization
10:31:15.083 [FXGL Background Thread 4 ] WARN  FXGLAssetLoaderServi - Asset "/assets/ui/fonts/Retro Gaming.ttf" was not found!
10:31:15.083 [FXGL Background Thread 1 ] DEBUG FXGLAssetLoaderServi - Loading from file system: jar:file:///C:/Users/ADMIN/.m2/repository/com/github/almasb/fxgl/17.1/fxgl-17.1.jar!/fxglassets/languages/english.lang
10:31:15.084 [FXGL Background Thread 4 ] WARN  FXGLAssetLoaderServi - Failed to load FONT
10:31:15.084 [FXGL Background Thread 4 ] DEBUG FXGLAssetLoaderServi - Loading from file system: jar:file:///C:/Users/ADMIN/.m2/repository/com/github/almasb/fxgl/17.1/fxgl-17.1.jar!/fxglassets/ui/fonts/Abel-Regular.ttf
10:31:15.110 [FXGL Background Thread 1 ] INFO  FXGLApplication      - FXGL initialization took: 0.357 sec
10:31:15.126 [JavaFX Application Thread] DEBUG Input                - Registered new binding: Move Right - D
10:31:15.126 [JavaFX Application Thread] DEBUG Input                - Registered new binding: Move Up - W
10:31:15.126 [JavaFX Application Thread] DEBUG Input                - Registered new binding: Move Down - S
10:31:15.126 [JavaFX Application Thread] DEBUG Input                - Registered new binding: Move Left - A
10:31:15.126 [JavaFX Application Thread] DEBUG Input                - Registered new binding: Place bomb - Space
10:31:15.128 [JavaFX Application Thread] DEBUG FXGLAssetLoaderServi - Loading from file system: file:/C:/Users/ADMIN/IdeaProjects/BombermanPlus/target/classes/assets/music/title_screen.mp3
10:31:15.224 [FXGL Background Thread 4 ] DEBUG FXGLAssetLoaderServi - Loading from file system: jar:file:///C:/Users/ADMIN/.m2/repository/com/github/almasb/fxgl/17.1/fxgl-17.1.jar!/fxglassets/ui/fonts/TerminalLandMono-Regular.otf
10:31:15.258 [FXGL Background Thread 4 ] DEBUG FXGLAssetLoaderServi - Loading from file system: jar:file:///C:/Users/ADMIN/.m2/repository/com/github/almasb/fxgl/17.1/fxgl-17.1.jar!/fxglassets/ui/fonts/Courier-Prime.ttf
10:31:15.832 [JavaFX Application Thread] DEBUG AudioPlayer          - Playing music com.almasb.fxgl.audio.Music@4759d82d
10:31:15.834 [JavaFX Application Thread] DEBUG FXGLAssetLoaderServi - Loading from file system: jar:file:///C:/Users/ADMIN/.m2/repository/com/github/almasb/fxgl/17.1/fxgl-17.1.jar!/fxglassets/textures/fxgl_icon.png
10:31:15.876 [JavaFX Application Thread] DEBUG FXGLAssetLoaderServi - Loading from file system: jar:file:///C:/Users/ADMIN/.m2/repository/com/github/almasb/fxgl/17.1/fxgl-17.1.jar!/fxglassets/textures/fxgl_default_cursor.png
10:31:15.881 [JavaFX Application Thread] DEBUG Input                - Registered new binding: Screenshot - CTRL+8
10:31:15.882 [JavaFX Application Thread] DEBUG Input                - Registered new binding: Dev Options - 1
10:31:15.882 [JavaFX Application Thread] DEBUG Input                - Registered new binding: Dev Console - 2
10:31:15.882 [JavaFX Application Thread] DEBUG Input                - Registered new binding: System info dump - CTRL+9
10:31:15.882 [JavaFX Application Thread] DEBUG Input                - Registered new binding: Restart - CTRL+R
10:31:15.883 [JavaFX Application Thread] DEBUG Input                - Registered new binding: Toggle Debug Camera - CTRL+7
10:31:15.889 [JavaFX Application Thread] DEBUG LoopRunner           - Starting loop
10:31:15.911 [JavaFX Application Thread] DEBUG LoopRunner           - Initializing JavaFX AnimationTimerLoop
10:31:15.917 [JavaFX Application Thread] DEBUG Input                - Clearing active input actions
10:31:15.929 [JavaFX Application Thread] DEBUG GameApplicationServi - Removing overlay from FXGLStartupScene and adding to FXGLMainMenuDummyScene
10:31:15.935 [JavaFX Application Thread] DEBUG PrimaryStageWindow   - FXGLStartupScene -> FXGLMainMenuDummyScene
10:31:15.935 [JavaFX Application Thread] DEBUG PrimaryStageWindow   - Push state: BombermanMenu
10:31:15.936 [JavaFX Application Thread] DEBUG Input                - Clearing active input actions
10:31:15.939 [JavaFX Application Thread] DEBUG GameApplicationServi - Removing overlay from FXGLMainMenuDummyScene and adding to BombermanMenu
10:31:15.940 [JavaFX Application Thread] DEBUG PrimaryStageWindow   - FXGLMainMenuDummyScene -> BombermanMenu
10:31:15.950 [JavaFX Application Thread] DEBUG FXGLApplication      - Registering font factories with UI factory
10:31:16.043 [FXGL Background Thread 2 ] INFO  UpdaterService       - Your current version:  17.1
10:31:16.043 [FXGL Background Thread 2 ] INFO  UpdaterService       - Latest stable version: 17.2
10:31:17.063 [JavaFX Application Thread] DEBUG Menu                 - fireNewGame()
10:31:17.064 [JavaFX Application Thread] DEBUG GameApplicationServi - Starting new game
10:31:17.064 [JavaFX Application Thread] DEBUG PrimaryStageWindow   - Pop state: BombermanMenu
10:31:17.064 [JavaFX Application Thread] DEBUG Input                - Clearing active input actions
10:31:17.066 [JavaFX Application Thread] DEBUG GameApplicationServi - Removing overlay from BombermanMenu and adding to FXGLMainMenuDummyScene
10:31:17.068 [JavaFX Application Thread] DEBUG PrimaryStageWindow   - FXGLMainMenuDummyScene <- BombermanMenu
10:31:17.068 [JavaFX Application Thread] DEBUG Input                - Clearing active input actions
10:31:17.074 [JavaFX Application Thread] DEBUG GameApplicationServi - Removing overlay from FXGLMainMenuDummyScene and adding to FXGLLoadingScene
10:31:17.074 [JavaFX Application Thread] DEBUG PrimaryStageWindow   - FXGLMainMenuDummyScene -> FXGLLoadingScene
10:31:17.075 [JavaFX Application Thread] DEBUG GameApplicationServi - Clearing previous game
10:31:17.075 [JavaFX Application Thread] DEBUG GameScene            - Clearing game scene
10:31:17.075 [JavaFX Application Thread] DEBUG GameWorld            - Clearing game world
10:31:17.075 [JavaFX Application Thread] DEBUG PhysicsWorld         - Clearing physics world
10:31:17.077 [FXGL Background Thread 2 ] DEBUG FXGLApplication      - Initializing game
10:31:17.083 [FXGL Background Thread 2 ] DEBUG FXGLAssetLoaderServi - Loading from file system: file:/C:/Users/ADMIN/IdeaProjects/BombermanPlus/target/classes/assets/sounds/stage_start.wav
10:31:17.125 [FXGL Background Thread 2 ] INFO  FXGLApplication      - Game initialization took: 0.047 sec
10:31:17.125 [JavaFX Application Thread] DEBUG Input                - Clearing active input actions
10:31:17.129 [JavaFX Application Thread] DEBUG GameApplicationServi - Removing overlay from FXGLLoadingScene and adding to GameScene
10:31:17.132 [JavaFX Application Thread] DEBUG PrimaryStageWindow   - FXGLLoadingScene -> GameScene
10:31:18.080 [FXGL Background Thread 3 ] DEBUG Engine               - Logging environment variables
10:31:18.080 [FXGL Background Thread 3 ] DEBUG Engine               - achievements: []
10:31:18.080 [FXGL Background Thread 3 ] DEBUG Engine               - actualHeight: 720.0
10:31:18.081 [FXGL Background Thread 3 ] DEBUG Engine               - actualHeightProperty: ReadOnlyDoubleProperty [value: 720.0]
10:31:18.081 [FXGL Background Thread 3 ] DEBUG Engine               - actualWidth: 1080.0
10:31:18.081 [FXGL Background Thread 3 ] DEBUG Engine               - actualWidthProperty: ReadOnlyDoubleProperty [value: 1080.0]
10:31:18.081 [FXGL Background Thread 3 ] DEBUG Engine               - appIcon: fxgl_icon.png
10:31:18.081 [FXGL Background Thread 3 ] DEBUG Engine               - applicationMode: DEVELOPER
10:31:18.081 [FXGL Background Thread 3 ] DEBUG Engine               - cSSList: [fxgl_dark.css]
10:31:18.081 [FXGL Background Thread 3 ] DEBUG Engine               - collisionDetectionStrategy: BRUTE_FORCE
10:31:18.081 [FXGL Background Thread 3 ] DEBUG Engine               - configClass: Optional.empty
10:31:18.081 [FXGL Background Thread 3 ] DEBUG Engine               - credits: []
10:31:18.082 [FXGL Background Thread 3 ] DEBUG Engine               - defaultCursor: CursorInfo(imageName=fxgl_default_cursor.png, hotspotX=7.0, hotspotY=6.0)
10:31:18.082 [FXGL Background Thread 3 ] DEBUG Engine               - devBBoxColorProperty: ObjectProperty [value: 0xff0000ff]
10:31:18.082 [FXGL Background Thread 3 ] DEBUG Engine               - devEnableDebugCameraProperty: BooleanProperty [value: false]
10:31:18.082 [FXGL Background Thread 3 ] DEBUG Engine               - devSensorColorProperty: ObjectProperty [value: 0xffff00ff]
10:31:18.082 [FXGL Background Thread 3 ] DEBUG Engine               - devShowBBoxProperty: BooleanProperty [value: false]
10:31:18.082 [FXGL Background Thread 3 ] DEBUG Engine               - devShowPositionProperty: BooleanProperty [value: false]
10:31:18.082 [FXGL Background Thread 3 ] DEBUG Engine               - enabledMenuItems: []
10:31:18.082 [FXGL Background Thread 3 ] DEBUG Engine               - engineServices: [class com.almasb.fxgl.app.services.FXGLAssetLoaderService, class com.almasb.fxgl.app.FXGLApplication$GameApplicationService, class com.almasb.fxgl.app.services.FXGLDialogService, class com.almasb.fxgl.app.services.IOTaskExecutorService, class com.almasb.fxgl.io.FileSystemService, class com.almasb.fxgl.localization.LocalizationService, class com.almasb.fxgl.app.services.SystemBundleService, class com.almasb.fxgl.profile.SaveLoadService, class com.almasb.fxgl.ui.FXGLUIFactoryServiceProvider, class com.almasb.fxgl.ui.FXGLDialogFactoryServiceProvider, class com.almasb.fxgl.audio.AudioPlayer, class com.almasb.fxgl.notification.impl.NotificationServiceProvider, class com.almasb.fxgl.achievement.AchievementService, class com.almasb.fxgl.cutscene.CutsceneService, class com.almasb.fxgl.minigames.MiniGameService, class com.almasb.fxgl.net.NetService, class com.almasb.fxgl.app.services.UpdaterService, class com.almasb.fxgl.dev.DevService]
10:31:18.082 [FXGL Background Thread 3 ] DEBUG Engine               - fontGame: Abel-Regular.ttf
10:31:18.082 [FXGL Background Thread 3 ] DEBUG Engine               - fontMono: TerminalLandMono-Regular.otf
10:31:18.082 [FXGL Background Thread 3 ] DEBUG Engine               - fontText: Courier-Prime.ttf
10:31:18.082 [FXGL Background Thread 3 ] DEBUG Engine               - fontUI: Retro Gaming.ttf
10:31:18.082 [FXGL Background Thread 3 ] DEBUG Engine               - fullScreen: BooleanProperty [value: false]
10:31:18.082 [FXGL Background Thread 3 ] DEBUG Engine               - gameDifficulty: MEDIUM
10:31:18.082 [FXGL Background Thread 3 ] DEBUG Engine               - gameDifficultyProperty: ObjectProperty [value: MEDIUM]
10:31:18.083 [FXGL Background Thread 3 ] DEBUG Engine               - globalMusicVolume: 0.5
10:31:18.083 [FXGL Background Thread 3 ] DEBUG Engine               - globalMusicVolumeProperty: DoubleProperty [value: 0.0]
10:31:18.083 [FXGL Background Thread 3 ] DEBUG Engine               - globalSoundVolume: 0.5
10:31:18.083 [FXGL Background Thread 3 ] DEBUG Engine               - globalSoundVolumeProperty: DoubleProperty [value: 0.4]
10:31:18.083 [FXGL Background Thread 3 ] DEBUG Engine               - height: 720
10:31:18.083 [FXGL Background Thread 3 ] DEBUG Engine               - is3D: false
10:31:18.083 [FXGL Background Thread 3 ] DEBUG Engine               - isAndroid: false
10:31:18.083 [FXGL Background Thread 3 ] DEBUG Engine               - isBrowser: false
10:31:18.083 [FXGL Background Thread 3 ] DEBUG Engine               - isClickFeedbackEnabled: false
10:31:18.083 [FXGL Background Thread 3 ] DEBUG Engine               - isCloseConfirmation: false
10:31:18.083 [FXGL Background Thread 3 ] DEBUG Engine               - isDesktop: true
10:31:18.083 [FXGL Background Thread 3 ] DEBUG Engine               - isDeveloperMenuEnabled: true
10:31:18.083 [FXGL Background Thread 3 ] DEBUG Engine               - isEmbedded: false
10:31:18.083 [FXGL Background Thread 3 ] DEBUG Engine               - isEntityPreloadEnabled: true
10:31:18.083 [FXGL Background Thread 3 ] DEBUG Engine               - isExperimentalTiledLargeMap: false
10:31:18.083 [FXGL Background Thread 3 ] DEBUG Engine               - isFileSystemWriteAllowed: true
10:31:18.083 [FXGL Background Thread 3 ] DEBUG Engine               - isFullScreenAllowed: false
10:31:18.083 [FXGL Background Thread 3 ] DEBUG Engine               - isFullScreenFromStart: false
10:31:18.083 [FXGL Background Thread 3 ] DEBUG Engine               - isGameMenuEnabled: true
10:31:18.083 [FXGL Background Thread 3 ] DEBUG Engine               - isIOS: false
10:31:18.083 [FXGL Background Thread 3 ] DEBUG Engine               - isIntroEnabled: false
10:31:18.083 [FXGL Background Thread 3 ] DEBUG Engine               - isLinux: false
10:31:18.083 [FXGL Background Thread 3 ] DEBUG Engine               - isMac: false
10:31:18.083 [FXGL Background Thread 3 ] DEBUG Engine               - isMainMenuEnabled: true
10:31:18.083 [FXGL Background Thread 3 ] DEBUG Engine               - isManualResizeEnabled: true
10:31:18.084 [FXGL Background Thread 3 ] DEBUG Engine               - isMobile: false
10:31:18.084 [FXGL Background Thread 3 ] DEBUG Engine               - isNative: false
10:31:18.084 [FXGL Background Thread 3 ] DEBUG Engine               - isPauseMusicWhenMinimized: true
10:31:18.084 [FXGL Background Thread 3 ] DEBUG Engine               - isPreserveResizeRatio: true
10:31:18.084 [FXGL Background Thread 3 ] DEBUG Engine               - isProfilingEnabled: false
10:31:18.084 [FXGL Background Thread 3 ] DEBUG Engine               - isScaleAffectedOnResize: true
10:31:18.084 [FXGL Background Thread 3 ] DEBUG Engine               - isSingleStep: false
10:31:18.084 [FXGL Background Thread 3 ] DEBUG Engine               - isUserProfileEnabled: false
10:31:18.084 [FXGL Background Thread 3 ] DEBUG Engine               - isWindows: true
10:31:18.084 [FXGL Background Thread 3 ] DEBUG Engine               - language: ObjectProperty [value: ENGLISH]
10:31:18.084 [FXGL Background Thread 3 ] DEBUG Engine               - menuKey: ESCAPE
10:31:18.084 [FXGL Background Thread 3 ] DEBUG Engine               - mouseSensitivity: 0.2
10:31:18.084 [FXGL Background Thread 3 ] DEBUG Engine               - notificationViewClass: class com.almasb.fxgl.notification.view.XboxNotificationView
10:31:18.084 [FXGL Background Thread 3 ] DEBUG Engine               - pixelsPerMeter: 50.0
10:31:18.084 [FXGL Background Thread 3 ] DEBUG Engine               - platform: WINDOWS
10:31:18.084 [FXGL Background Thread 3 ] DEBUG Engine               - prefHeightProperty: ReadOnlyDoubleProperty [value: 720.0]
10:31:18.084 [FXGL Background Thread 3 ] DEBUG Engine               - prefWidthProperty: ReadOnlyDoubleProperty [value: 1080.0]
10:31:18.084 [FXGL Background Thread 3 ] DEBUG Engine               - profileDir: profiles/
10:31:18.084 [FXGL Background Thread 3 ] DEBUG Engine               - profileName: StringProperty [value: DEFAULT]
10:31:18.084 [FXGL Background Thread 3 ] DEBUG Engine               - randomSeed: -1
10:31:18.084 [FXGL Background Thread 3 ] DEBUG Engine               - runtimeInfo: RuntimeInfo(platform=WINDOWS, version=17.1, build=24.03.2022 17.34)
10:31:18.084 [FXGL Background Thread 3 ] DEBUG Engine               - saveFileExt: sav
10:31:18.084 [FXGL Background Thread 3 ] DEBUG Engine               - scaledHeightProp$fxgl: DoubleProperty [bound, value: 720.0]
10:31:18.085 [FXGL Background Thread 3 ] DEBUG Engine               - scaledWidthProp$fxgl: DoubleProperty [bound, value: 1080.0]
10:31:18.085 [FXGL Background Thread 3 ] DEBUG Engine               - sceneFactory: com.bomberman.bombermanplus.BombermanApp$1@18b3aab0
10:31:18.085 [FXGL Background Thread 3 ] DEBUG Engine               - secondsIn24h: 60
10:31:18.085 [FXGL Background Thread 3 ] DEBUG Engine               - soundMenuBack: menu/back.wav
10:31:18.085 [FXGL Background Thread 3 ] DEBUG Engine               - soundMenuPress: menu/press.wav
10:31:18.085 [FXGL Background Thread 3 ] DEBUG Engine               - soundMenuSelect: menu/select.wav
10:31:18.085 [FXGL Background Thread 3 ] DEBUG Engine               - soundNotification: core/notification.wav
10:31:18.085 [FXGL Background Thread 3 ] DEBUG Engine               - stageStyle: DECORATED
10:31:18.085 [FXGL Background Thread 3 ] DEBUG Engine               - supportedLanguages: [ENGLISH, FRENCH, GERMAN, HUNGARIAN, RUSSIAN]
10:31:18.085 [FXGL Background Thread 3 ] DEBUG Engine               - ticksPerSecond: -1
10:31:18.085 [FXGL Background Thread 3 ] DEBUG Engine               - title: BOMBERMAN
10:31:18.085 [FXGL Background Thread 3 ] DEBUG Engine               - urlGithub: https://github.com/AlmasB/FXGL
10:31:18.085 [FXGL Background Thread 3 ] DEBUG Engine               - urlLeaderboard: http://fxgl-top.herokuapp.com/
10:31:18.085 [FXGL Background Thread 3 ] DEBUG Engine               - urlPOM: https://raw.githubusercontent.com/AlmasB/FXGL/release/README.md
10:31:18.085 [FXGL Background Thread 3 ] DEBUG Engine               - userAppClass: class com.bomberman.bombermanplus.BombermanApp
10:31:18.085 [FXGL Background Thread 3 ] DEBUG Engine               - version: 1.0
10:31:18.085 [FXGL Background Thread 3 ] DEBUG Engine               - versionCheckDays: 7
10:31:18.085 [FXGL Background Thread 3 ] DEBUG Engine               - width: 1080
10:31:18.085 [FXGL Background Thread 3 ] DEBUG Engine               - Logging services
10:31:18.085 [FXGL Background Thread 3 ] DEBUG Engine               - class com.almasb.fxgl.app.services.FXGLAssetLoaderService
10:31:18.085 [FXGL Background Thread 3 ] DEBUG Engine               - class com.almasb.fxgl.app.FXGLApplication$GameApplicationService
10:31:18.085 [FXGL Background Thread 3 ] DEBUG Engine               - class com.almasb.fxgl.app.services.FXGLDialogService
10:31:18.085 [FXGL Background Thread 3 ] DEBUG Engine               - class com.almasb.fxgl.app.services.IOTaskExecutorService
10:31:18.085 [FXGL Background Thread 3 ] DEBUG Engine               - class com.almasb.fxgl.io.FileSystemService
10:31:18.085 [FXGL Background Thread 3 ] DEBUG Engine               - class com.almasb.fxgl.localization.LocalizationService
10:31:18.085 [FXGL Background Thread 3 ] DEBUG Engine               - class com.almasb.fxgl.app.services.SystemBundleService
10:31:18.085 [FXGL Background Thread 3 ] DEBUG Engine               - class com.almasb.fxgl.profile.SaveLoadService
10:31:18.086 [FXGL Background Thread 3 ] DEBUG Engine               - class com.almasb.fxgl.ui.FXGLUIFactoryServiceProvider
10:31:18.086 [FXGL Background Thread 3 ] DEBUG Engine               - class com.almasb.fxgl.ui.FXGLDialogFactoryServiceProvider
10:31:18.086 [FXGL Background Thread 3 ] DEBUG Engine               - class com.almasb.fxgl.audio.AudioPlayer
10:31:18.086 [FXGL Background Thread 3 ] DEBUG Engine               - class com.almasb.fxgl.notification.impl.NotificationServiceProvider
10:31:18.086 [FXGL Background Thread 3 ] DEBUG Engine               - class com.almasb.fxgl.achievement.AchievementService
10:31:18.086 [FXGL Background Thread 3 ] DEBUG Engine               - class com.almasb.fxgl.cutscene.CutsceneService
10:31:18.086 [FXGL Background Thread 3 ] DEBUG Engine               - class com.almasb.fxgl.minigames.MiniGameService
10:31:18.086 [FXGL Background Thread 3 ] DEBUG Engine               - class com.almasb.fxgl.net.NetService
10:31:18.086 [FXGL Background Thread 3 ] DEBUG Engine               - class com.almasb.fxgl.app.services.UpdaterService
10:31:18.086 [FXGL Background Thread 3 ] DEBUG Engine               - class com.almasb.fxgl.dev.DevService
10:31:18.594 [JavaFX Application Thread] DEBUG FXGLApplication      - Exiting FXGL
10:31:18.594 [JavaFX Application Thread] DEBUG LoopRunner           - Stopping loop
10:31:18.594 [JavaFX Application Thread] DEBUG SystemBundleService  - Saving FXGL system data
10:31:18.598 [JavaFX Application Thread] DEBUG FileSystemAccess     - Writing to: C:\Users\ADMIN\IdeaProjects\BombermanPlus\system\fxgl.bundle
10:31:18.599 [JavaFX Application Thread] DEBUG Async                - Shutting down background threads
10:31:18.599 [JavaFX Application Thread] DEBUG PrimaryStageWindow   - Closing main window
10:31:18.612 [JavaFX Application Thread] DEBUG Logger               - Closing Logger
