10:33:03.090 [main                     ] DEBUG Logger               - Configured Logger
10:33:03.109 [main                     ] DEBUG GameApplication      - Logging settings
Title: BOMBERMAN
Version: 1.0
Width: 1080
Height: 720
Fullscreen: false
Intro: false
Profiling: false
Single step:false
App Mode: DEVELOPER
Menu Key: ESCAPE
Stage Style: DECORATED
Scene Factory: class com.bomberman.bombermanplus.BombermanApp$1

10:33:03.504 [JavaFX Application Thread] DEBUG FXGLApplication      - Initializing FXGL
10:33:03.509 [JavaFX Application Thread] INFO  Engine               - FXGL-17.1 (24.03.2022 17.34) on WINDOWS (J:19 FX:19-ea)
10:33:03.509 [JavaFX Application Thread] DEBUG Engine               - JRE Vendor Name: Oracle Corporation
10:33:03.509 [JavaFX Application Thread] DEBUG Engine               - Running on OS: Windows 11 version 10.0
10:33:03.509 [JavaFX Application Thread] DEBUG Engine               - Architecture: amd64
10:33:03.510 [JavaFX Application Thread] INFO  Engine               - Source code and latest versions at: https://github.com/AlmasB/FXGL
10:33:03.510 [JavaFX Application Thread] INFO  Engine               -       Ask questions and discuss at: https://github.com/AlmasB/FXGL/discussions
10:33:03.510 [JavaFX Application Thread] INFO  Engine               -              Join the FXGL chat at: https://gitter.im/AlmasB/FXGL
10:33:03.579 [JavaFX Application Thread] DEBUG PrimaryStageWindow   - Creating a JavaFX scene
10:33:03.614 [JavaFX Application Thread] DEBUG PrimaryStageWindow   - Target settings size: 1080.0 x 720.0
10:33:03.614 [JavaFX Application Thread] DEBUG PrimaryStageWindow   - Scaled scene size:    1080.0 x 720.0
10:33:03.614 [JavaFX Application Thread] DEBUG PrimaryStageWindow   - Scaled ratio: (1.0, 1.0)
10:33:03.614 [JavaFX Application Thread] DEBUG PrimaryStageWindow   - Set initial scene to FXGLStartupScene
10:33:03.619 [JavaFX Application Thread] DEBUG PrimaryStageWindow   - Opening main window
10:33:03.705 [JavaFX Application Thread] DEBUG PrimaryStageWindow   - Window border size: (14.4000244140625, 37.5999755859375)
10:33:03.705 [JavaFX Application Thread] DEBUG PrimaryStageWindow   - Scaled size: 1080.0 x 720.0
10:33:03.706 [JavaFX Application Thread] DEBUG PrimaryStageWindow   - Scaled ratio: (1.0, 1.0)
10:33:03.706 [JavaFX Application Thread] DEBUG PrimaryStageWindow   - Scene size: 1080.0 x 720.0
10:33:03.706 [JavaFX Application Thread] DEBUG PrimaryStageWindow   - Stage size: 1094.4000244140625 x 757.5999755859375
10:33:03.717 [FXGL Background Thread 1 ] DEBUG Engine               - Initializing environment variables
10:33:03.784 [FXGL Background Thread 1 ] DEBUG FXGLAssetLoaderServi - User app class for loading assets: class com.bomberman.bombermanplus.BombermanApp
10:33:03.784 [FXGL Background Thread 1 ] DEBUG GameApplicationServi - Applying CSS: fxgl_dark.css
10:33:03.786 [FXGL Background Thread 1 ] DEBUG FXGLAssetLoaderServi - Loading from file system: jar:file:///C:/Users/Gia%20Phong/.m2/repository/com/github/almasb/fxgl/17.1/fxgl-17.1.jar!/fxglassets/ui/css/fxgl_dark.css
10:33:03.831 [FXGL Background Thread 1 ] DEBUG GameApplicationServi - Initializing application scenes
10:33:03.875 [FXGL Background Thread 1 ] DEBUG GameWorld            - Game world initialized
10:33:03.960 [FXGL Background Thread 1 ] DEBUG PhysicsWorld         - Physics world initialized: appHeight=720, physics.ppm=50.0
10:33:03.961 [FXGL Background Thread 1 ] DEBUG PhysicsWorld         - Using strategy: BRUTE_FORCE
10:33:03.968 [FXGL Background Thread 1 ] DEBUG GameScene            - Game scene initialized: 1080x720
10:33:04.001 [FXGL Background Thread 1 ] DEBUG GameApplicationServi - Application scenes initialized
10:33:04.029 [FXGL Background Thread 1 ] DEBUG SystemBundleService  - Loading FXGL system data
10:33:04.038 [FXGL Background Thread 1 ] DEBUG FileSystemAccess     - Reading from: C:\Users\Gia Phong\Downloads\Java\src\BombermanPlus\system\fxgl.bundle
10:33:04.062 [FXGL Background Thread 1 ] DEBUG SystemBundleService  - Bundle FXGL: {}
10:33:04.062 [FXGL Background Thread 1 ] DEBUG UpdaterService       - Checking for updates
10:33:04.074 [FXGL Background Thread 1 ] DEBUG FXGLApplication      - Loading default localization
10:33:04.076 [FXGL Background Thread 1 ] DEBUG FXGLAssetLoaderServi - Loading from file system: jar:file:///C:/Users/Gia%20Phong/.m2/repository/com/github/almasb/fxgl/17.1/fxgl-17.1.jar!/fxglassets/languages/english.lang
10:33:04.079 [FXGL Background Thread 4 ] DEBUG FXGLApplication      - Loading fonts
10:33:04.081 [FXGL Background Thread 4 ] DEBUG FXGLAssetLoaderServi - Loading from file system: jar:file:///C:/Users/Gia%20Phong/.m2/repository/com/github/almasb/fxgl/17.1/fxgl-17.1.jar!/fxglassets/ui/fonts/VarelaRound-Regular.ttf
10:33:04.098 [FXGL Background Thread 1 ] INFO  FXGLApplication      - FXGL initialization took: 0.381 sec
10:33:04.116 [JavaFX Application Thread] DEBUG Input                - Registered new binding: Move Right - D
10:33:04.117 [JavaFX Application Thread] DEBUG Input                - Registered new binding: Move Up - W
10:33:04.117 [JavaFX Application Thread] DEBUG Input                - Registered new binding: Move Down - S
10:33:04.117 [JavaFX Application Thread] DEBUG Input                - Registered new binding: Move Left - A
10:33:04.118 [JavaFX Application Thread] DEBUG FXGLAssetLoaderServi - Loading from file system: jar:file:///C:/Users/Gia%20Phong/.m2/repository/com/github/almasb/fxgl/17.1/fxgl-17.1.jar!/fxglassets/textures/fxgl_icon.png
10:33:04.174 [JavaFX Application Thread] DEBUG FXGLAssetLoaderServi - Loading from file system: jar:file:///C:/Users/Gia%20Phong/.m2/repository/com/github/almasb/fxgl/17.1/fxgl-17.1.jar!/fxglassets/textures/fxgl_default_cursor.png
10:33:04.179 [JavaFX Application Thread] DEBUG Input                - Registered new binding: Screenshot - CTRL+8
10:33:04.179 [JavaFX Application Thread] DEBUG Input                - Registered new binding: System info dump - CTRL+9
10:33:04.180 [JavaFX Application Thread] DEBUG Input                - Registered new binding: Restart - CTRL+R
10:33:04.180 [JavaFX Application Thread] DEBUG Input                - Registered new binding: Toggle Debug Camera - CTRL+7
10:33:04.184 [JavaFX Application Thread] DEBUG LoopRunner           - Starting loop
10:33:04.184 [JavaFX Application Thread] DEBUG LoopRunner           - Initializing JavaFX AnimationTimerLoop
10:33:04.188 [JavaFX Application Thread] DEBUG Input                - Clearing active input actions
10:33:04.198 [JavaFX Application Thread] DEBUG GameApplicationServi - Removing overlay from FXGLStartupScene and adding to FXGLMainMenuDummyScene
10:33:04.200 [JavaFX Application Thread] DEBUG PrimaryStageWindow   - FXGLStartupScene -> FXGLMainMenuDummyScene
10:33:04.200 [JavaFX Application Thread] DEBUG PrimaryStageWindow   - Push state: BombermanMenu
10:33:04.200 [JavaFX Application Thread] DEBUG Input                - Clearing active input actions
10:33:04.205 [JavaFX Application Thread] DEBUG GameApplicationServi - Removing overlay from FXGLMainMenuDummyScene and adding to BombermanMenu
10:33:04.206 [JavaFX Application Thread] DEBUG PrimaryStageWindow   - FXGLMainMenuDummyScene -> BombermanMenu
10:33:04.283 [FXGL Background Thread 4 ] DEBUG FXGLAssetLoaderServi - Loading from file system: jar:file:///C:/Users/Gia%20Phong/.m2/repository/com/github/almasb/fxgl/17.1/fxgl-17.1.jar!/fxglassets/ui/fonts/Abel-Regular.ttf
10:33:04.301 [FXGL Background Thread 4 ] DEBUG FXGLAssetLoaderServi - Loading from file system: jar:file:///C:/Users/Gia%20Phong/.m2/repository/com/github/almasb/fxgl/17.1/fxgl-17.1.jar!/fxglassets/ui/fonts/TerminalLandMono-Regular.otf
10:33:04.323 [FXGL Background Thread 4 ] DEBUG FXGLAssetLoaderServi - Loading from file system: jar:file:///C:/Users/Gia%20Phong/.m2/repository/com/github/almasb/fxgl/17.1/fxgl-17.1.jar!/fxglassets/ui/fonts/Courier-Prime.ttf
10:33:04.357 [JavaFX Application Thread] DEBUG FXGLApplication      - Registering font factories with UI factory
10:33:04.700 [FXGL Background Thread 2 ] INFO  UpdaterService       - Your current version:  17.1
10:33:04.701 [FXGL Background Thread 2 ] INFO  UpdaterService       - Latest stable version: 17.2
10:33:04.898 [JavaFX Application Thread] DEBUG Menu                 - fireNewGame()
10:33:04.899 [JavaFX Application Thread] DEBUG GameApplicationServi - Starting new game
10:33:04.899 [JavaFX Application Thread] DEBUG PrimaryStageWindow   - Pop state: BombermanMenu
10:33:04.899 [JavaFX Application Thread] DEBUG Input                - Clearing active input actions
10:33:04.901 [JavaFX Application Thread] DEBUG GameApplicationServi - Removing overlay from BombermanMenu and adding to FXGLMainMenuDummyScene
10:33:04.902 [JavaFX Application Thread] DEBUG PrimaryStageWindow   - FXGLMainMenuDummyScene <- BombermanMenu
10:33:04.902 [JavaFX Application Thread] DEBUG Input                - Clearing active input actions
10:33:04.916 [JavaFX Application Thread] DEBUG GameApplicationServi - Removing overlay from FXGLMainMenuDummyScene and adding to FXGLLoadingScene
10:33:04.917 [JavaFX Application Thread] DEBUG PrimaryStageWindow   - FXGLMainMenuDummyScene -> FXGLLoadingScene
10:33:04.917 [JavaFX Application Thread] DEBUG GameApplicationServi - Clearing previous game
10:33:04.917 [JavaFX Application Thread] DEBUG GameScene            - Clearing game scene
10:33:04.918 [JavaFX Application Thread] DEBUG GameWorld            - Clearing game world
10:33:04.918 [JavaFX Application Thread] DEBUG PhysicsWorld         - Clearing physics world
10:33:04.922 [FXGL Background Thread 2 ] DEBUG FXGLApplication      - Initializing game
10:33:04.972 [FXGL Background Thread 2 ] WARN  TMXLevelLoader       - TiledMap generated from 1.9.2. Supported version: 1.4.2. Some features may not be parsed fully.
10:33:04.982 [FXGL Background Thread 2 ] DEBUG TMXLevelLoader       - Parsed TiledMap: file:/C:/Users/Gia%20Phong/Downloads/Java/src/BombermanPlus/target/classes/assets/levels/lv1demo.tmx
10:33:04.984 [FXGL Background Thread 2 ] DEBUG TMXLevelLoader       - Creating tile layer entities
10:33:04.987 [FXGL Background Thread 2 ] DEBUG TilesetLoader        - Loading view for layer Tile Layer 1
10:33:04.995 [FXGL Background Thread 2 ] DEBUG TilesetLoader        - Created buffer with size 1488.0x720.0
10:33:05.042 [FXGL Background Thread 2 ] DEBUG TMXLevelLoader       - Creating object layer entities
10:33:05.089 [FXGL Background Thread 2 ] DEBUG FXGLAssetLoaderServi - Loading from file system: file:/C:/Users/Gia%20Phong/Downloads/Java/src/BombermanPlus/target/classes/assets/textures/sprites.png
10:33:05.146 [FXGL Background Thread 2 ] DEBUG GameWorld            - Clearing removable entities
10:33:05.146 [FXGL Background Thread 2 ] DEBUG GameWorld            - Setting level: com.almasb.fxgl.entity.level.Level@5bb682cd
10:33:05.160 [FXGL Background Thread 2 ] INFO  FXGLApplication      - Game initialization took: 0.238 sec
10:33:05.161 [JavaFX Application Thread] DEBUG Input                - Clearing active input actions
10:33:05.179 [JavaFX Application Thread] DEBUG GameApplicationServi - Removing overlay from FXGLLoadingScene and adding to GameScene
10:33:05.179 [JavaFX Application Thread] DEBUG PrimaryStageWindow   - FXGLLoadingScene -> GameScene
10:33:07.071 [FXGL Background Thread 3 ] DEBUG Engine               - Logging environment variables
10:33:07.071 [FXGL Background Thread 3 ] DEBUG Engine               - achievements: []
10:33:07.071 [FXGL Background Thread 3 ] DEBUG Engine               - actualHeight: 720.0
10:33:07.072 [FXGL Background Thread 3 ] DEBUG Engine               - actualHeightProperty: ReadOnlyDoubleProperty [value: 720.0]
10:33:07.072 [FXGL Background Thread 3 ] DEBUG Engine               - actualWidth: 1080.0
10:33:07.072 [FXGL Background Thread 3 ] DEBUG Engine               - actualWidthProperty: ReadOnlyDoubleProperty [value: 1080.0]
10:33:07.072 [FXGL Background Thread 3 ] DEBUG Engine               - appIcon: fxgl_icon.png
10:33:07.072 [FXGL Background Thread 3 ] DEBUG Engine               - applicationMode: DEVELOPER
10:33:07.072 [FXGL Background Thread 3 ] DEBUG Engine               - cSSList: [fxgl_dark.css]
10:33:07.072 [FXGL Background Thread 3 ] DEBUG Engine               - collisionDetectionStrategy: BRUTE_FORCE
10:33:07.072 [FXGL Background Thread 3 ] DEBUG Engine               - configClass: Optional.empty
10:33:07.072 [FXGL Background Thread 3 ] DEBUG Engine               - credits: []
10:33:07.072 [FXGL Background Thread 3 ] DEBUG Engine               - defaultCursor: CursorInfo(imageName=fxgl_default_cursor.png, hotspotX=7.0, hotspotY=6.0)
10:33:07.073 [FXGL Background Thread 3 ] DEBUG Engine               - devBBoxColorProperty: ObjectProperty [value: 0xff0000ff]
10:33:07.073 [FXGL Background Thread 3 ] DEBUG Engine               - devEnableDebugCameraProperty: BooleanProperty [value: false]
10:33:07.073 [FXGL Background Thread 3 ] DEBUG Engine               - devSensorColorProperty: ObjectProperty [value: 0xffff00ff]
10:33:07.073 [FXGL Background Thread 3 ] DEBUG Engine               - devShowBBoxProperty: BooleanProperty [value: false]
10:33:07.073 [FXGL Background Thread 3 ] DEBUG Engine               - devShowPositionProperty: BooleanProperty [value: false]
10:33:07.073 [FXGL Background Thread 3 ] DEBUG Engine               - enabledMenuItems: []
10:33:07.073 [FXGL Background Thread 3 ] DEBUG Engine               - engineServices: [class com.almasb.fxgl.app.services.FXGLAssetLoaderService, class com.almasb.fxgl.app.FXGLApplication$GameApplicationService, class com.almasb.fxgl.app.services.FXGLDialogService, class com.almasb.fxgl.app.services.IOTaskExecutorService, class com.almasb.fxgl.io.FileSystemService, class com.almasb.fxgl.localization.LocalizationService, class com.almasb.fxgl.app.services.SystemBundleService, class com.almasb.fxgl.profile.SaveLoadService, class com.almasb.fxgl.ui.FXGLUIFactoryServiceProvider, class com.almasb.fxgl.ui.FXGLDialogFactoryServiceProvider, class com.almasb.fxgl.audio.AudioPlayer, class com.almasb.fxgl.notification.impl.NotificationServiceProvider, class com.almasb.fxgl.achievement.AchievementService, class com.almasb.fxgl.cutscene.CutsceneService, class com.almasb.fxgl.minigames.MiniGameService, class com.almasb.fxgl.net.NetService, class com.almasb.fxgl.app.services.UpdaterService, class com.almasb.fxgl.dev.DevService]
10:33:07.073 [FXGL Background Thread 3 ] DEBUG Engine               - fontGame: Abel-Regular.ttf
10:33:07.073 [FXGL Background Thread 3 ] DEBUG Engine               - fontMono: TerminalLandMono-Regular.otf
10:33:07.073 [FXGL Background Thread 3 ] DEBUG Engine               - fontText: Courier-Prime.ttf
10:33:07.073 [FXGL Background Thread 3 ] DEBUG Engine               - fontUI: VarelaRound-Regular.ttf
10:33:07.073 [FXGL Background Thread 3 ] DEBUG Engine               - fullScreen: BooleanProperty [value: false]
10:33:07.074 [FXGL Background Thread 3 ] DEBUG Engine               - gameDifficulty: MEDIUM
10:33:07.074 [FXGL Background Thread 3 ] DEBUG Engine               - gameDifficultyProperty: ObjectProperty [value: MEDIUM]
10:33:07.074 [FXGL Background Thread 3 ] DEBUG Engine               - globalMusicVolume: 0.5
10:33:07.074 [FXGL Background Thread 3 ] DEBUG Engine               - globalMusicVolumeProperty: DoubleProperty [value: 0.5]
10:33:07.074 [FXGL Background Thread 3 ] DEBUG Engine               - globalSoundVolume: 0.5
10:33:07.074 [FXGL Background Thread 3 ] DEBUG Engine               - globalSoundVolumeProperty: DoubleProperty [value: 0.5]
10:33:07.074 [FXGL Background Thread 3 ] DEBUG Engine               - height: 720
10:33:07.074 [FXGL Background Thread 3 ] DEBUG Engine               - is3D: false
10:33:07.074 [FXGL Background Thread 3 ] DEBUG Engine               - isAndroid: false
10:33:07.074 [FXGL Background Thread 3 ] DEBUG Engine               - isBrowser: false
10:33:07.074 [FXGL Background Thread 3 ] DEBUG Engine               - isClickFeedbackEnabled: false
10:33:07.074 [FXGL Background Thread 3 ] DEBUG Engine               - isCloseConfirmation: false
10:33:07.074 [FXGL Background Thread 3 ] DEBUG Engine               - isDesktop: true
10:33:07.074 [FXGL Background Thread 3 ] DEBUG Engine               - isDeveloperMenuEnabled: false
10:33:07.074 [FXGL Background Thread 3 ] DEBUG Engine               - isEmbedded: false
10:33:07.074 [FXGL Background Thread 3 ] DEBUG Engine               - isEntityPreloadEnabled: true
10:33:07.074 [FXGL Background Thread 3 ] DEBUG Engine               - isExperimentalTiledLargeMap: false
10:33:07.074 [FXGL Background Thread 3 ] DEBUG Engine               - isFileSystemWriteAllowed: true
10:33:07.074 [FXGL Background Thread 3 ] DEBUG Engine               - isFullScreenAllowed: false
10:33:07.074 [FXGL Background Thread 3 ] DEBUG Engine               - isFullScreenFromStart: false
10:33:07.074 [FXGL Background Thread 3 ] DEBUG Engine               - isGameMenuEnabled: false
10:33:07.074 [FXGL Background Thread 3 ] DEBUG Engine               - isIOS: false
10:33:07.075 [FXGL Background Thread 3 ] DEBUG Engine               - isIntroEnabled: false
10:33:07.075 [FXGL Background Thread 3 ] DEBUG Engine               - isLinux: false
10:33:07.075 [FXGL Background Thread 3 ] DEBUG Engine               - isMac: false
10:33:07.075 [FXGL Background Thread 3 ] DEBUG Engine               - isMainMenuEnabled: true
10:33:07.075 [FXGL Background Thread 3 ] DEBUG Engine               - isManualResizeEnabled: false
10:33:07.075 [FXGL Background Thread 3 ] DEBUG Engine               - isMobile: false
10:33:07.075 [FXGL Background Thread 3 ] DEBUG Engine               - isNative: false
10:33:07.075 [FXGL Background Thread 3 ] DEBUG Engine               - isPauseMusicWhenMinimized: true
10:33:07.075 [FXGL Background Thread 3 ] DEBUG Engine               - isPreserveResizeRatio: false
10:33:07.075 [FXGL Background Thread 3 ] DEBUG Engine               - isProfilingEnabled: false
10:33:07.075 [FXGL Background Thread 3 ] DEBUG Engine               - isScaleAffectedOnResize: true
10:33:07.075 [FXGL Background Thread 3 ] DEBUG Engine               - isSingleStep: false
10:33:07.075 [FXGL Background Thread 3 ] DEBUG Engine               - isUserProfileEnabled: false
10:33:07.075 [FXGL Background Thread 3 ] DEBUG Engine               - isWindows: true
10:33:07.075 [FXGL Background Thread 3 ] DEBUG Engine               - language: ObjectProperty [value: ENGLISH]
10:33:07.075 [FXGL Background Thread 3 ] DEBUG Engine               - menuKey: ESCAPE
10:33:07.075 [FXGL Background Thread 3 ] DEBUG Engine               - mouseSensitivity: 0.2
10:33:07.075 [FXGL Background Thread 3 ] DEBUG Engine               - notificationViewClass: class com.almasb.fxgl.notification.view.XboxNotificationView
10:33:07.075 [FXGL Background Thread 3 ] DEBUG Engine               - pixelsPerMeter: 50.0
10:33:07.075 [FXGL Background Thread 3 ] DEBUG Engine               - platform: WINDOWS
10:33:07.075 [FXGL Background Thread 3 ] DEBUG Engine               - prefHeightProperty: ReadOnlyDoubleProperty [value: 720.0]
10:33:07.075 [FXGL Background Thread 3 ] DEBUG Engine               - prefWidthProperty: ReadOnlyDoubleProperty [value: 1080.0]
10:33:07.075 [FXGL Background Thread 3 ] DEBUG Engine               - profileDir: profiles/
10:33:07.075 [FXGL Background Thread 3 ] DEBUG Engine               - profileName: StringProperty [value: DEFAULT]
10:33:07.075 [FXGL Background Thread 3 ] DEBUG Engine               - randomSeed: -1
10:33:07.075 [FXGL Background Thread 3 ] DEBUG Engine               - runtimeInfo: RuntimeInfo(platform=WINDOWS, version=17.1, build=24.03.2022 17.34)
10:33:07.075 [FXGL Background Thread 3 ] DEBUG Engine               - saveFileExt: sav
10:33:07.075 [FXGL Background Thread 3 ] DEBUG Engine               - scaledHeightProp$fxgl: DoubleProperty [bound, value: 720.0]
10:33:07.077 [FXGL Background Thread 3 ] DEBUG Engine               - scaledWidthProp$fxgl: DoubleProperty [bound, value: 1080.0]
10:33:07.077 [FXGL Background Thread 3 ] DEBUG Engine               - sceneFactory: com.bomberman.bombermanplus.BombermanApp$1@7db88b96
10:33:07.077 [FXGL Background Thread 3 ] DEBUG Engine               - secondsIn24h: 60
10:33:07.077 [FXGL Background Thread 3 ] DEBUG Engine               - soundMenuBack: menu/back.wav
10:33:07.077 [FXGL Background Thread 3 ] DEBUG Engine               - soundMenuPress: menu/press.wav
10:33:07.077 [FXGL Background Thread 3 ] DEBUG Engine               - soundMenuSelect: menu/select.wav
10:33:07.077 [FXGL Background Thread 3 ] DEBUG Engine               - soundNotification: core/notification.wav
10:33:07.077 [FXGL Background Thread 3 ] DEBUG Engine               - stageStyle: DECORATED
10:33:07.077 [FXGL Background Thread 3 ] DEBUG Engine               - supportedLanguages: [ENGLISH, FRENCH, GERMAN, HUNGARIAN, RUSSIAN]
10:33:07.077 [FXGL Background Thread 3 ] DEBUG Engine               - ticksPerSecond: -1
10:33:07.077 [FXGL Background Thread 3 ] DEBUG Engine               - title: BOMBERMAN
10:33:07.077 [FXGL Background Thread 3 ] DEBUG Engine               - urlGithub: https://github.com/AlmasB/FXGL
10:33:07.077 [FXGL Background Thread 3 ] DEBUG Engine               - urlLeaderboard: http://fxgl-top.herokuapp.com/
10:33:07.077 [FXGL Background Thread 3 ] DEBUG Engine               - urlPOM: https://raw.githubusercontent.com/AlmasB/FXGL/release/README.md
10:33:07.077 [FXGL Background Thread 3 ] DEBUG Engine               - userAppClass: class com.bomberman.bombermanplus.BombermanApp
10:33:07.077 [FXGL Background Thread 3 ] DEBUG Engine               - version: 1.0
10:33:07.077 [FXGL Background Thread 3 ] DEBUG Engine               - versionCheckDays: 7
10:33:07.077 [FXGL Background Thread 3 ] DEBUG Engine               - width: 1080
10:33:07.077 [FXGL Background Thread 3 ] DEBUG Engine               - Logging services
10:33:07.077 [FXGL Background Thread 3 ] DEBUG Engine               - class com.almasb.fxgl.app.services.FXGLAssetLoaderService
10:33:07.077 [FXGL Background Thread 3 ] DEBUG Engine               - class com.almasb.fxgl.app.FXGLApplication$GameApplicationService
10:33:07.077 [FXGL Background Thread 3 ] DEBUG Engine               - class com.almasb.fxgl.app.services.FXGLDialogService
10:33:07.077 [FXGL Background Thread 3 ] DEBUG Engine               - class com.almasb.fxgl.app.services.IOTaskExecutorService
10:33:07.077 [FXGL Background Thread 3 ] DEBUG Engine               - class com.almasb.fxgl.io.FileSystemService
10:33:07.077 [FXGL Background Thread 3 ] DEBUG Engine               - class com.almasb.fxgl.localization.LocalizationService
10:33:07.077 [FXGL Background Thread 3 ] DEBUG Engine               - class com.almasb.fxgl.app.services.SystemBundleService
10:33:07.077 [FXGL Background Thread 3 ] DEBUG Engine               - class com.almasb.fxgl.profile.SaveLoadService
10:33:07.077 [FXGL Background Thread 3 ] DEBUG Engine               - class com.almasb.fxgl.ui.FXGLUIFactoryServiceProvider
10:33:07.077 [FXGL Background Thread 3 ] DEBUG Engine               - class com.almasb.fxgl.ui.FXGLDialogFactoryServiceProvider
10:33:07.077 [FXGL Background Thread 3 ] DEBUG Engine               - class com.almasb.fxgl.audio.AudioPlayer
10:33:07.077 [FXGL Background Thread 3 ] DEBUG Engine               - class com.almasb.fxgl.notification.impl.NotificationServiceProvider
10:33:07.077 [FXGL Background Thread 3 ] DEBUG Engine               - class com.almasb.fxgl.achievement.AchievementService
10:33:07.078 [FXGL Background Thread 3 ] DEBUG Engine               - class com.almasb.fxgl.cutscene.CutsceneService
10:33:07.078 [FXGL Background Thread 3 ] DEBUG Engine               - class com.almasb.fxgl.minigames.MiniGameService
10:33:07.078 [FXGL Background Thread 3 ] DEBUG Engine               - class com.almasb.fxgl.net.NetService
10:33:07.078 [FXGL Background Thread 3 ] DEBUG Engine               - class com.almasb.fxgl.app.services.UpdaterService
10:33:07.078 [FXGL Background Thread 3 ] DEBUG Engine               - class com.almasb.fxgl.dev.DevService
10:43:36.894 [JavaFX Application Thread] DEBUG FXGLApplication      - Exiting FXGL
10:43:36.894 [JavaFX Application Thread] DEBUG LoopRunner           - Stopping loop
10:43:36.894 [JavaFX Application Thread] DEBUG SystemBundleService  - Saving FXGL system data
10:43:36.897 [JavaFX Application Thread] DEBUG FileSystemAccess     - Writing to: C:\Users\Gia Phong\Downloads\Java\src\BombermanPlus\system\fxgl.bundle
10:43:36.900 [JavaFX Application Thread] DEBUG Async                - Shutting down background threads
10:43:36.900 [JavaFX Application Thread] DEBUG PrimaryStageWindow   - Closing main window
10:43:36.906 [JavaFX Application Thread] DEBUG Logger               - Closing Logger
