17:53:40.947 [main                     ] DEBUG Logger               - Configured Logger
17:53:40.966 [main                     ] DEBUG GameApplication      - Logging settings
Title: BOMBERMAN
Version: 1.0
Width: 1080
Height: 720
Fullscreen: false
Intro: false
Profiling: false
Single step:false
App Mode: DEVELOPER
Menu Key: ESCAPE
Stage Style: DECORATED
Scene Factory: class com.bomberman.bombermanplus.BombermanApp$1

17:53:41.309 [JavaFX Application Thread] DEBUG FXGLApplication      - Initializing FXGL
17:53:41.312 [JavaFX Application Thread] INFO  Engine               - FXGL-17.1 (24.03.2022 17.34) on WINDOWS (J:19 FX:19-ea)
17:53:41.313 [JavaFX Application Thread] DEBUG Engine               - JRE Vendor Name: Oracle Corporation
17:53:41.313 [JavaFX Application Thread] DEBUG Engine               - Running on OS: Windows 11 version 10.0
17:53:41.313 [JavaFX Application Thread] DEBUG Engine               - Architecture: amd64
17:53:41.313 [JavaFX Application Thread] INFO  Engine               - Source code and latest versions at: https://github.com/AlmasB/FXGL
17:53:41.313 [JavaFX Application Thread] INFO  Engine               -       Ask questions and discuss at: https://github.com/AlmasB/FXGL/discussions
17:53:41.313 [JavaFX Application Thread] INFO  Engine               -              Join the FXGL chat at: https://gitter.im/AlmasB/FXGL
17:53:41.378 [JavaFX Application Thread] DEBUG PrimaryStageWindow   - Creating a JavaFX scene
17:53:41.410 [JavaFX Application Thread] DEBUG PrimaryStageWindow   - Target settings size: 1080.0 x 720.0
17:53:41.411 [JavaFX Application Thread] DEBUG PrimaryStageWindow   - Scaled scene size:    1080.0 x 720.0
17:53:41.411 [JavaFX Application Thread] DEBUG PrimaryStageWindow   - Scaled ratio: (1.0, 1.0)
17:53:41.412 [JavaFX Application Thread] DEBUG PrimaryStageWindow   - Set initial scene to FXGLStartupScene
17:53:41.417 [JavaFX Application Thread] DEBUG PrimaryStageWindow   - Opening main window
17:53:41.500 [JavaFX Application Thread] DEBUG PrimaryStageWindow   - Window border size: (14.4000244140625, 37.5999755859375)
17:53:41.501 [JavaFX Application Thread] DEBUG PrimaryStageWindow   - Scaled size: 1080.0 x 720.0
17:53:41.501 [JavaFX Application Thread] DEBUG PrimaryStageWindow   - Scaled ratio: (1.0, 1.0)
17:53:41.501 [JavaFX Application Thread] DEBUG PrimaryStageWindow   - Scene size: 1080.0 x 720.0
17:53:41.502 [JavaFX Application Thread] DEBUG PrimaryStageWindow   - Stage size: 1094.4000244140625 x 757.5999755859375
17:53:41.511 [FXGL Background Thread 1 ] DEBUG Engine               - Initializing environment variables
17:53:41.568 [FXGL Background Thread 1 ] DEBUG FXGLAssetLoaderServi - User app class for loading assets: class com.bomberman.bombermanplus.BombermanApp
17:53:41.568 [FXGL Background Thread 1 ] DEBUG GameApplicationServi - Applying CSS: fxgl_dark.css
17:53:41.569 [FXGL Background Thread 1 ] DEBUG FXGLAssetLoaderServi - Loading from file system: jar:file:///C:/Users/Gia%20Phong/.m2/repository/com/github/almasb/fxgl/17.1/fxgl-17.1.jar!/fxglassets/ui/css/fxgl_dark.css
17:53:41.607 [FXGL Background Thread 1 ] DEBUG GameApplicationServi - Initializing application scenes
17:53:41.640 [FXGL Background Thread 1 ] DEBUG GameWorld            - Game world initialized
17:53:41.712 [FXGL Background Thread 1 ] DEBUG PhysicsWorld         - Physics world initialized: appHeight=720, physics.ppm=50.0
17:53:41.712 [FXGL Background Thread 1 ] DEBUG PhysicsWorld         - Using strategy: BRUTE_FORCE
17:53:41.717 [FXGL Background Thread 1 ] DEBUG GameScene            - Game scene initialized: 1080x720
17:53:41.770 [FXGL Background Thread 1 ] DEBUG GameApplicationServi - Application scenes initialized
17:53:41.779 [FXGL Background Thread 1 ] DEBUG SystemBundleService  - Loading FXGL system data
17:53:41.785 [FXGL Background Thread 1 ] DEBUG FileSystemAccess     - Reading from: C:\Users\Gia Phong\Downloads\Java\src\BombermanPlus\system\fxgl.bundle
17:53:41.795 [FXGL Background Thread 1 ] DEBUG SystemBundleService  - Bundle FXGL: {}
17:53:41.796 [FXGL Background Thread 1 ] DEBUG UpdaterService       - Checking for updates
17:53:41.833 [FXGL Background Thread 1 ] DEBUG FXGLApplication      - Loading default localization
17:53:41.835 [FXGL Background Thread 4 ] DEBUG FXGLApplication      - Loading fonts
17:53:41.836 [FXGL Background Thread 1 ] DEBUG FXGLAssetLoaderServi - Loading from file system: jar:file:///C:/Users/Gia%20Phong/.m2/repository/com/github/almasb/fxgl/17.1/fxgl-17.1.jar!/fxglassets/languages/english.lang
17:53:41.836 [FXGL Background Thread 4 ] DEBUG FXGLAssetLoaderServi - Loading from file system: file:/C:/Users/Gia%20Phong/Downloads/Java/src/BombermanPlus/target/classes/assets/ui/fonts/Retro%20Gaming.ttf
17:53:41.865 [FXGL Background Thread 1 ] INFO  FXGLApplication      - FXGL initialization took: 0.353 sec
17:53:41.883 [JavaFX Application Thread] DEBUG Input                - Registered new binding: Move Right - D
17:53:41.884 [JavaFX Application Thread] DEBUG Input                - Registered new binding: Move Up - W
17:53:41.884 [JavaFX Application Thread] DEBUG Input                - Registered new binding: Move Down - S
17:53:41.884 [JavaFX Application Thread] DEBUG Input                - Registered new binding: Move Left - A
17:53:41.884 [JavaFX Application Thread] DEBUG Input                - Registered new binding: Place bomb - Space
17:53:41.885 [JavaFX Application Thread] DEBUG FXGLAssetLoaderServi - Loading from file system: file:/C:/Users/Gia%20Phong/Downloads/Java/src/BombermanPlus/target/classes/assets/music/title_screen.mp3
17:53:42.001 [FXGL Background Thread 4 ] DEBUG FXGLAssetLoaderServi - Loading from file system: jar:file:///C:/Users/Gia%20Phong/.m2/repository/com/github/almasb/fxgl/17.1/fxgl-17.1.jar!/fxglassets/ui/fonts/Abel-Regular.ttf
17:53:42.020 [FXGL Background Thread 4 ] DEBUG FXGLAssetLoaderServi - Loading from file system: jar:file:///C:/Users/Gia%20Phong/.m2/repository/com/github/almasb/fxgl/17.1/fxgl-17.1.jar!/fxglassets/ui/fonts/TerminalLandMono-Regular.otf
17:53:42.038 [FXGL Background Thread 4 ] DEBUG FXGLAssetLoaderServi - Loading from file system: jar:file:///C:/Users/Gia%20Phong/.m2/repository/com/github/almasb/fxgl/17.1/fxgl-17.1.jar!/fxglassets/ui/fonts/Courier-Prime.ttf
17:53:42.193 [JavaFX Application Thread] DEBUG AudioPlayer          - Playing music com.almasb.fxgl.audio.Music@2a3fe0a0
17:53:42.194 [JavaFX Application Thread] DEBUG FXGLAssetLoaderServi - Loading from file system: jar:file:///C:/Users/Gia%20Phong/.m2/repository/com/github/almasb/fxgl/17.1/fxgl-17.1.jar!/fxglassets/textures/fxgl_icon.png
17:53:42.229 [JavaFX Application Thread] DEBUG FXGLAssetLoaderServi - Loading from file system: jar:file:///C:/Users/Gia%20Phong/.m2/repository/com/github/almasb/fxgl/17.1/fxgl-17.1.jar!/fxglassets/textures/fxgl_default_cursor.png
17:53:42.234 [JavaFX Application Thread] DEBUG Input                - Registered new binding: Screenshot - CTRL+8
17:53:42.235 [JavaFX Application Thread] DEBUG Input                - Registered new binding: Dev Options - 1
17:53:42.235 [JavaFX Application Thread] DEBUG Input                - Registered new binding: Dev Console - 2
17:53:42.236 [JavaFX Application Thread] DEBUG Input                - Registered new binding: System info dump - CTRL+9
17:53:42.237 [JavaFX Application Thread] DEBUG Input                - Registered new binding: Restart - CTRL+R
17:53:42.238 [JavaFX Application Thread] DEBUG Input                - Registered new binding: Toggle Debug Camera - CTRL+7
17:53:42.242 [JavaFX Application Thread] DEBUG LoopRunner           - Starting loop
17:53:42.260 [JavaFX Application Thread] DEBUG LoopRunner           - Initializing JavaFX AnimationTimerLoop
17:53:42.265 [JavaFX Application Thread] DEBUG Input                - Clearing active input actions
17:53:42.279 [JavaFX Application Thread] DEBUG GameApplicationServi - Removing overlay from FXGLStartupScene and adding to FXGLMainMenuDummyScene
17:53:42.285 [JavaFX Application Thread] DEBUG PrimaryStageWindow   - FXGLStartupScene -> FXGLMainMenuDummyScene
17:53:42.287 [JavaFX Application Thread] DEBUG PrimaryStageWindow   - Push state: BombermanMenu
17:53:42.288 [JavaFX Application Thread] DEBUG Input                - Clearing active input actions
17:53:42.293 [JavaFX Application Thread] DEBUG GameApplicationServi - Removing overlay from FXGLMainMenuDummyScene and adding to BombermanMenu
17:53:42.295 [JavaFX Application Thread] DEBUG PrimaryStageWindow   - FXGLMainMenuDummyScene -> BombermanMenu
17:53:42.319 [JavaFX Application Thread] DEBUG FXGLApplication      - Registering font factories with UI factory
17:53:42.663 [FXGL Background Thread 2 ] INFO  UpdaterService       - Your current version:  17.1
17:53:42.663 [FXGL Background Thread 2 ] INFO  UpdaterService       - Latest stable version: 17.2
17:53:44.832 [FXGL Background Thread 3 ] DEBUG Engine               - Logging environment variables
17:53:44.832 [FXGL Background Thread 3 ] DEBUG Engine               - achievements: []
17:53:44.832 [FXGL Background Thread 3 ] DEBUG Engine               - actualHeight: 720.0
17:53:44.832 [FXGL Background Thread 3 ] DEBUG Engine               - actualHeightProperty: ReadOnlyDoubleProperty [value: 720.0]
17:53:44.833 [FXGL Background Thread 3 ] DEBUG Engine               - actualWidth: 1080.0
17:53:44.833 [FXGL Background Thread 3 ] DEBUG Engine               - actualWidthProperty: ReadOnlyDoubleProperty [value: 1080.0]
17:53:44.833 [FXGL Background Thread 3 ] DEBUG Engine               - appIcon: fxgl_icon.png
17:53:44.833 [FXGL Background Thread 3 ] DEBUG Engine               - applicationMode: DEVELOPER
17:53:44.833 [FXGL Background Thread 3 ] DEBUG Engine               - cSSList: [fxgl_dark.css]
17:53:44.833 [FXGL Background Thread 3 ] DEBUG Engine               - collisionDetectionStrategy: BRUTE_FORCE
17:53:44.833 [FXGL Background Thread 3 ] DEBUG Engine               - configClass: Optional.empty
17:53:44.833 [FXGL Background Thread 3 ] DEBUG Engine               - credits: []
17:53:44.834 [FXGL Background Thread 3 ] DEBUG Engine               - defaultCursor: CursorInfo(imageName=fxgl_default_cursor.png, hotspotX=7.0, hotspotY=6.0)
17:53:44.834 [FXGL Background Thread 3 ] DEBUG Engine               - devBBoxColorProperty: ObjectProperty [value: 0xff0000ff]
17:53:44.834 [FXGL Background Thread 3 ] DEBUG Engine               - devEnableDebugCameraProperty: BooleanProperty [value: false]
17:53:44.834 [FXGL Background Thread 3 ] DEBUG Engine               - devSensorColorProperty: ObjectProperty [value: 0xffff00ff]
17:53:44.834 [FXGL Background Thread 3 ] DEBUG Engine               - devShowBBoxProperty: BooleanProperty [value: false]
17:53:44.834 [FXGL Background Thread 3 ] DEBUG Engine               - devShowPositionProperty: BooleanProperty [value: false]
17:53:44.834 [FXGL Background Thread 3 ] DEBUG Engine               - enabledMenuItems: []
17:53:44.834 [FXGL Background Thread 3 ] DEBUG Engine               - engineServices: [class com.almasb.fxgl.app.services.FXGLAssetLoaderService, class com.almasb.fxgl.app.FXGLApplication$GameApplicationService, class com.almasb.fxgl.app.services.FXGLDialogService, class com.almasb.fxgl.app.services.IOTaskExecutorService, class com.almasb.fxgl.io.FileSystemService, class com.almasb.fxgl.localization.LocalizationService, class com.almasb.fxgl.app.services.SystemBundleService, class com.almasb.fxgl.profile.SaveLoadService, class com.almasb.fxgl.ui.FXGLUIFactoryServiceProvider, class com.almasb.fxgl.ui.FXGLDialogFactoryServiceProvider, class com.almasb.fxgl.audio.AudioPlayer, class com.almasb.fxgl.notification.impl.NotificationServiceProvider, class com.almasb.fxgl.achievement.AchievementService, class com.almasb.fxgl.cutscene.CutsceneService, class com.almasb.fxgl.minigames.MiniGameService, class com.almasb.fxgl.net.NetService, class com.almasb.fxgl.app.services.UpdaterService, class com.almasb.fxgl.dev.DevService]
17:53:44.834 [FXGL Background Thread 3 ] DEBUG Engine               - fontGame: Abel-Regular.ttf
17:53:44.834 [FXGL Background Thread 3 ] DEBUG Engine               - fontMono: TerminalLandMono-Regular.otf
17:53:44.834 [FXGL Background Thread 3 ] DEBUG Engine               - fontText: Courier-Prime.ttf
17:53:44.834 [FXGL Background Thread 3 ] DEBUG Engine               - fontUI: Retro Gaming.ttf
17:53:44.834 [FXGL Background Thread 3 ] DEBUG Engine               - fullScreen: BooleanProperty [value: false]
17:53:44.834 [FXGL Background Thread 3 ] DEBUG Engine               - gameDifficulty: MEDIUM
17:53:44.834 [FXGL Background Thread 3 ] DEBUG Engine               - gameDifficultyProperty: ObjectProperty [value: MEDIUM]
17:53:44.834 [FXGL Background Thread 3 ] DEBUG Engine               - globalMusicVolume: 0.5
17:53:44.834 [FXGL Background Thread 3 ] DEBUG Engine               - globalMusicVolumeProperty: DoubleProperty [value: 0.05]
17:53:44.834 [FXGL Background Thread 3 ] DEBUG Engine               - globalSoundVolume: 0.5
17:53:44.835 [FXGL Background Thread 3 ] DEBUG Engine               - globalSoundVolumeProperty: DoubleProperty [value: 0.4]
17:53:44.835 [FXGL Background Thread 3 ] DEBUG Engine               - height: 720
17:53:44.835 [FXGL Background Thread 3 ] DEBUG Engine               - is3D: false
17:53:44.835 [FXGL Background Thread 3 ] DEBUG Engine               - isAndroid: false
17:53:44.835 [FXGL Background Thread 3 ] DEBUG Engine               - isBrowser: false
17:53:44.835 [FXGL Background Thread 3 ] DEBUG Engine               - isClickFeedbackEnabled: false
17:53:44.835 [FXGL Background Thread 3 ] DEBUG Engine               - isCloseConfirmation: false
17:53:44.835 [FXGL Background Thread 3 ] DEBUG Engine               - isDesktop: true
17:53:44.835 [FXGL Background Thread 3 ] DEBUG Engine               - isDeveloperMenuEnabled: true
17:53:44.835 [FXGL Background Thread 3 ] DEBUG Engine               - isEmbedded: false
17:53:44.835 [FXGL Background Thread 3 ] DEBUG Engine               - isEntityPreloadEnabled: true
17:53:44.835 [FXGL Background Thread 3 ] DEBUG Engine               - isExperimentalTiledLargeMap: false
17:53:44.835 [FXGL Background Thread 3 ] DEBUG Engine               - isFileSystemWriteAllowed: true
17:53:44.836 [FXGL Background Thread 3 ] DEBUG Engine               - isFullScreenAllowed: false
17:53:44.836 [FXGL Background Thread 3 ] DEBUG Engine               - isFullScreenFromStart: false
17:53:44.836 [FXGL Background Thread 3 ] DEBUG Engine               - isGameMenuEnabled: true
17:53:44.836 [FXGL Background Thread 3 ] DEBUG Engine               - isIOS: false
17:53:44.836 [FXGL Background Thread 3 ] DEBUG Engine               - isIntroEnabled: false
17:53:44.836 [FXGL Background Thread 3 ] DEBUG Engine               - isLinux: false
17:53:44.836 [FXGL Background Thread 3 ] DEBUG Engine               - isMac: false
17:53:44.836 [FXGL Background Thread 3 ] DEBUG Engine               - isMainMenuEnabled: true
17:53:44.836 [FXGL Background Thread 3 ] DEBUG Engine               - isManualResizeEnabled: true
17:53:44.836 [FXGL Background Thread 3 ] DEBUG Engine               - isMobile: false
17:53:44.836 [FXGL Background Thread 3 ] DEBUG Engine               - isNative: false
17:53:44.836 [FXGL Background Thread 3 ] DEBUG Engine               - isPauseMusicWhenMinimized: true
17:53:44.836 [FXGL Background Thread 3 ] DEBUG Engine               - isPreserveResizeRatio: true
17:53:44.836 [FXGL Background Thread 3 ] DEBUG Engine               - isProfilingEnabled: false
17:53:44.836 [FXGL Background Thread 3 ] DEBUG Engine               - isScaleAffectedOnResize: true
17:53:44.836 [FXGL Background Thread 3 ] DEBUG Engine               - isSingleStep: false
17:53:44.837 [FXGL Background Thread 3 ] DEBUG Engine               - isUserProfileEnabled: false
17:53:44.837 [FXGL Background Thread 3 ] DEBUG Engine               - isWindows: true
17:53:44.837 [FXGL Background Thread 3 ] DEBUG Engine               - language: ObjectProperty [value: ENGLISH]
17:53:44.837 [FXGL Background Thread 3 ] DEBUG Engine               - menuKey: ESCAPE
17:53:44.837 [FXGL Background Thread 3 ] DEBUG Engine               - mouseSensitivity: 0.2
17:53:44.837 [FXGL Background Thread 3 ] DEBUG Engine               - notificationViewClass: class com.almasb.fxgl.notification.view.XboxNotificationView
17:53:44.837 [FXGL Background Thread 3 ] DEBUG Engine               - pixelsPerMeter: 50.0
17:53:44.837 [FXGL Background Thread 3 ] DEBUG Engine               - platform: WINDOWS
17:53:44.837 [FXGL Background Thread 3 ] DEBUG Engine               - prefHeightProperty: ReadOnlyDoubleProperty [value: 720.0]
17:53:44.837 [FXGL Background Thread 3 ] DEBUG Engine               - prefWidthProperty: ReadOnlyDoubleProperty [value: 1080.0]
17:53:44.837 [FXGL Background Thread 3 ] DEBUG Engine               - profileDir: profiles/
17:53:44.837 [FXGL Background Thread 3 ] DEBUG Engine               - profileName: StringProperty [value: DEFAULT]
17:53:44.837 [FXGL Background Thread 3 ] DEBUG Engine               - randomSeed: -1
17:53:44.837 [FXGL Background Thread 3 ] DEBUG Engine               - runtimeInfo: RuntimeInfo(platform=WINDOWS, version=17.1, build=24.03.2022 17.34)
17:53:44.837 [FXGL Background Thread 3 ] DEBUG Engine               - saveFileExt: sav
17:53:44.837 [FXGL Background Thread 3 ] DEBUG Engine               - scaledHeightProp$fxgl: DoubleProperty [bound, value: 720.0]
17:53:44.839 [FXGL Background Thread 3 ] DEBUG Engine               - scaledWidthProp$fxgl: DoubleProperty [bound, value: 1080.0]
17:53:44.839 [FXGL Background Thread 3 ] DEBUG Engine               - sceneFactory: com.bomberman.bombermanplus.BombermanApp$1@2858b5ef
17:53:44.839 [FXGL Background Thread 3 ] DEBUG Engine               - secondsIn24h: 60
17:53:44.839 [FXGL Background Thread 3 ] DEBUG Engine               - soundMenuBack: menu/back.wav
17:53:44.839 [FXGL Background Thread 3 ] DEBUG Engine               - soundMenuPress: menu/press.wav
17:53:44.839 [FXGL Background Thread 3 ] DEBUG Engine               - soundMenuSelect: menu/select.wav
17:53:44.839 [FXGL Background Thread 3 ] DEBUG Engine               - soundNotification: core/notification.wav
17:53:44.839 [FXGL Background Thread 3 ] DEBUG Engine               - stageStyle: DECORATED
17:53:44.839 [FXGL Background Thread 3 ] DEBUG Engine               - supportedLanguages: [ENGLISH, FRENCH, GERMAN, HUNGARIAN, RUSSIAN]
17:53:44.839 [FXGL Background Thread 3 ] DEBUG Engine               - ticksPerSecond: -1
17:53:44.839 [FXGL Background Thread 3 ] DEBUG Engine               - title: BOMBERMAN
17:53:44.839 [FXGL Background Thread 3 ] DEBUG Engine               - urlGithub: https://github.com/AlmasB/FXGL
17:53:44.839 [FXGL Background Thread 3 ] DEBUG Engine               - urlLeaderboard: http://fxgl-top.herokuapp.com/
17:53:44.839 [FXGL Background Thread 3 ] DEBUG Engine               - urlPOM: https://raw.githubusercontent.com/AlmasB/FXGL/release/README.md
17:53:44.839 [FXGL Background Thread 3 ] DEBUG Engine               - userAppClass: class com.bomberman.bombermanplus.BombermanApp
17:53:44.839 [FXGL Background Thread 3 ] DEBUG Engine               - version: 1.0
17:53:44.839 [FXGL Background Thread 3 ] DEBUG Engine               - versionCheckDays: 7
17:53:44.839 [FXGL Background Thread 3 ] DEBUG Engine               - width: 1080
17:53:44.839 [FXGL Background Thread 3 ] DEBUG Engine               - Logging services
17:53:44.839 [FXGL Background Thread 3 ] DEBUG Engine               - class com.almasb.fxgl.app.services.FXGLAssetLoaderService
17:53:44.839 [FXGL Background Thread 3 ] DEBUG Engine               - class com.almasb.fxgl.app.FXGLApplication$GameApplicationService
17:53:44.839 [FXGL Background Thread 3 ] DEBUG Engine               - class com.almasb.fxgl.app.services.FXGLDialogService
17:53:44.839 [FXGL Background Thread 3 ] DEBUG Engine               - class com.almasb.fxgl.app.services.IOTaskExecutorService
17:53:44.840 [FXGL Background Thread 3 ] DEBUG Engine               - class com.almasb.fxgl.io.FileSystemService
17:53:44.840 [FXGL Background Thread 3 ] DEBUG Engine               - class com.almasb.fxgl.localization.LocalizationService
17:53:44.840 [FXGL Background Thread 3 ] DEBUG Engine               - class com.almasb.fxgl.app.services.SystemBundleService
17:53:44.840 [FXGL Background Thread 3 ] DEBUG Engine               - class com.almasb.fxgl.profile.SaveLoadService
17:53:44.840 [FXGL Background Thread 3 ] DEBUG Engine               - class com.almasb.fxgl.ui.FXGLUIFactoryServiceProvider
17:53:44.840 [FXGL Background Thread 3 ] DEBUG Engine               - class com.almasb.fxgl.ui.FXGLDialogFactoryServiceProvider
17:53:44.840 [FXGL Background Thread 3 ] DEBUG Engine               - class com.almasb.fxgl.audio.AudioPlayer
17:53:44.840 [FXGL Background Thread 3 ] DEBUG Engine               - class com.almasb.fxgl.notification.impl.NotificationServiceProvider
17:53:44.840 [FXGL Background Thread 3 ] DEBUG Engine               - class com.almasb.fxgl.achievement.AchievementService
17:53:44.840 [FXGL Background Thread 3 ] DEBUG Engine               - class com.almasb.fxgl.cutscene.CutsceneService
17:53:44.840 [FXGL Background Thread 3 ] DEBUG Engine               - class com.almasb.fxgl.minigames.MiniGameService
17:53:44.840 [FXGL Background Thread 3 ] DEBUG Engine               - class com.almasb.fxgl.net.NetService
17:53:44.840 [FXGL Background Thread 3 ] DEBUG Engine               - class com.almasb.fxgl.app.services.UpdaterService
17:53:44.840 [FXGL Background Thread 3 ] DEBUG Engine               - class com.almasb.fxgl.dev.DevService
17:53:49.995 [JavaFX Application Thread] DEBUG FXGLApplication      - Exiting FXGL
17:53:49.995 [JavaFX Application Thread] DEBUG LoopRunner           - Stopping loop
17:53:49.995 [JavaFX Application Thread] DEBUG SystemBundleService  - Saving FXGL system data
17:53:49.996 [JavaFX Application Thread] DEBUG FileSystemAccess     - Writing to: C:\Users\Gia Phong\Downloads\Java\src\BombermanPlus\system\fxgl.bundle
17:53:49.998 [JavaFX Application Thread] DEBUG Async                - Shutting down background threads
17:53:49.998 [JavaFX Application Thread] DEBUG PrimaryStageWindow   - Closing main window
17:53:50.013 [JavaFX Application Thread] DEBUG Logger               - Closing Logger
