23:01:20.472 [main                     ] DEBUG Logger               - Configured Logger
23:01:20.487 [main                     ] DEBUG GameApplication      - Logging settings
Title: BOMBERMAN
Version: 1.0
Width: 1080
Height: 720
Fullscreen: false
Intro: false
Profiling: false
Single step:false
App Mode: DEVELOPER
Menu Key: ESCAPE
Stage Style: DECORATED
Scene Factory: class com.bomberman.bombermanplus.BombermanApp$1

23:01:20.782 [JavaFX Application Thread] DEBUG FXGLApplication      - Initializing FXGL
23:01:20.786 [JavaFX Application Thread] INFO  Engine               - FXGL-17.1 (24.03.2022 17.34) on WINDOWS (J:19 FX:19-ea)
23:01:20.786 [JavaFX Application Thread] DEBUG Engine               - JRE Vendor Name: Oracle Corporation
23:01:20.787 [JavaFX Application Thread] DEBUG Engine               - Running on OS: Windows 11 version 10.0
23:01:20.787 [JavaFX Application Thread] DEBUG Engine               - Architecture: amd64
23:01:20.787 [JavaFX Application Thread] INFO  Engine               - Source code and latest versions at: https://github.com/AlmasB/FXGL
23:01:20.787 [JavaFX Application Thread] INFO  Engine               -       Ask questions and discuss at: https://github.com/AlmasB/FXGL/discussions
23:01:20.787 [JavaFX Application Thread] INFO  Engine               -              Join the FXGL chat at: https://gitter.im/AlmasB/FXGL
23:01:20.847 [JavaFX Application Thread] DEBUG PrimaryStageWindow   - Creating a JavaFX scene
23:01:20.881 [JavaFX Application Thread] DEBUG PrimaryStageWindow   - Target settings size: 1080.0 x 720.0
23:01:20.881 [JavaFX Application Thread] DEBUG PrimaryStageWindow   - Scaled scene size:    1080.0 x 720.0
23:01:20.881 [JavaFX Application Thread] DEBUG PrimaryStageWindow   - Scaled ratio: (1.0, 1.0)
23:01:20.882 [JavaFX Application Thread] DEBUG PrimaryStageWindow   - Set initial scene to FXGLStartupScene
23:01:20.886 [JavaFX Application Thread] DEBUG PrimaryStageWindow   - Opening main window
23:01:20.949 [JavaFX Application Thread] DEBUG PrimaryStageWindow   - Window border size: (14.4000244140625, 37.5999755859375)
23:01:20.949 [JavaFX Application Thread] DEBUG PrimaryStageWindow   - Scaled size: 1080.0 x 720.0
23:01:20.949 [JavaFX Application Thread] DEBUG PrimaryStageWindow   - Scaled ratio: (1.0, 1.0)
23:01:20.949 [JavaFX Application Thread] DEBUG PrimaryStageWindow   - Scene size: 1080.0 x 720.0
23:01:20.950 [JavaFX Application Thread] DEBUG PrimaryStageWindow   - Stage size: 1094.4000244140625 x 757.5999755859375
23:01:20.957 [FXGL Background Thread 1 ] DEBUG Engine               - Initializing environment variables
23:01:21.004 [FXGL Background Thread 1 ] DEBUG FXGLAssetLoaderServi - User app class for loading assets: class com.bomberman.bombermanplus.BombermanApp
23:01:21.004 [FXGL Background Thread 1 ] DEBUG GameApplicationServi - Applying CSS: fxgl_dark.css
23:01:21.006 [FXGL Background Thread 1 ] DEBUG FXGLAssetLoaderServi - Loading from file system: jar:file:///C:/Users/ADMIN/.m2/repository/com/github/almasb/fxgl/17.1/fxgl-17.1.jar!/fxglassets/ui/css/fxgl_dark.css
23:01:21.036 [FXGL Background Thread 1 ] DEBUG GameApplicationServi - Initializing application scenes
23:01:21.064 [FXGL Background Thread 1 ] DEBUG GameWorld            - Game world initialized
23:01:21.120 [FXGL Background Thread 1 ] DEBUG PhysicsWorld         - Physics world initialized: appHeight=720, physics.ppm=50.0
23:01:21.120 [FXGL Background Thread 1 ] DEBUG PhysicsWorld         - Using strategy: BRUTE_FORCE
23:01:21.123 [FXGL Background Thread 1 ] DEBUG GameScene            - Game scene initialized: 1080x720
23:01:21.145 [FXGL Background Thread 1 ] DEBUG GameApplicationServi - Application scenes initialized
23:01:21.156 [FXGL Background Thread 1 ] DEBUG SystemBundleService  - Loading FXGL system data
23:01:21.159 [FXGL Background Thread 1 ] DEBUG FileSystemAccess     - Reading from: C:\Users\ADMIN\IdeaProjects\BombermanPlus\system\fxgl.bundle
23:01:21.167 [FXGL Background Thread 1 ] DEBUG SystemBundleService  - Bundle FXGL: {}
23:01:21.167 [FXGL Background Thread 1 ] DEBUG UpdaterService       - Checking for updates
23:01:21.172 [FXGL Background Thread 4 ] DEBUG FXGLApplication      - Loading fonts
23:01:21.172 [FXGL Background Thread 1 ] DEBUG FXGLApplication      - Loading default localization
23:01:21.174 [FXGL Background Thread 4 ] DEBUG FXGLAssetLoaderServi - Loading from file system: jar:file:///C:/Users/ADMIN/.m2/repository/com/github/almasb/fxgl/17.1/fxgl-17.1.jar!/fxglassets/ui/fonts/VarelaRound-Regular.ttf
23:01:21.174 [FXGL Background Thread 1 ] DEBUG FXGLAssetLoaderServi - Loading from file system: jar:file:///C:/Users/ADMIN/.m2/repository/com/github/almasb/fxgl/17.1/fxgl-17.1.jar!/fxglassets/languages/english.lang
23:01:21.186 [FXGL Background Thread 1 ] INFO  FXGLApplication      - FXGL initialization took: 0.229 sec
23:01:21.195 [JavaFX Application Thread] DEBUG Input                - Registered new binding: Move Right - D
23:01:21.196 [JavaFX Application Thread] DEBUG Input                - Registered new binding: Move Up - W
23:01:21.196 [JavaFX Application Thread] DEBUG Input                - Registered new binding: Move Down - S
23:01:21.196 [JavaFX Application Thread] DEBUG Input                - Registered new binding: Move Left - A
23:01:21.196 [JavaFX Application Thread] DEBUG Input                - Registered new binding: Place bomb - Space
23:01:21.198 [JavaFX Application Thread] DEBUG FXGLAssetLoaderServi - Loading from file system: jar:file:///C:/Users/ADMIN/.m2/repository/com/github/almasb/fxgl/17.1/fxgl-17.1.jar!/fxglassets/textures/fxgl_icon.png
23:01:21.232 [JavaFX Application Thread] DEBUG FXGLAssetLoaderServi - Loading from file system: jar:file:///C:/Users/ADMIN/.m2/repository/com/github/almasb/fxgl/17.1/fxgl-17.1.jar!/fxglassets/textures/fxgl_default_cursor.png
23:01:21.234 [JavaFX Application Thread] DEBUG Input                - Registered new binding: Screenshot - CTRL+8
23:01:21.236 [JavaFX Application Thread] DEBUG Input                - Registered new binding: System info dump - CTRL+9
23:01:21.236 [JavaFX Application Thread] DEBUG Input                - Registered new binding: Restart - CTRL+R
23:01:21.236 [JavaFX Application Thread] DEBUG Input                - Registered new binding: Toggle Debug Camera - CTRL+7
23:01:21.239 [JavaFX Application Thread] DEBUG LoopRunner           - Starting loop
23:01:21.239 [JavaFX Application Thread] DEBUG LoopRunner           - Initializing JavaFX AnimationTimerLoop
23:01:21.240 [FXGL Background Thread 4 ] DEBUG FXGLAssetLoaderServi - Loading from file system: jar:file:///C:/Users/ADMIN/.m2/repository/com/github/almasb/fxgl/17.1/fxgl-17.1.jar!/fxglassets/ui/fonts/Abel-Regular.ttf
23:01:21.241 [JavaFX Application Thread] DEBUG Input                - Clearing active input actions
23:01:21.248 [JavaFX Application Thread] DEBUG GameApplicationServi - Removing overlay from FXGLStartupScene and adding to FXGLMainMenuDummyScene
23:01:21.248 [JavaFX Application Thread] DEBUG PrimaryStageWindow   - FXGLStartupScene -> FXGLMainMenuDummyScene
23:01:21.248 [JavaFX Application Thread] DEBUG PrimaryStageWindow   - Push state: BombermanMenu
23:01:21.248 [JavaFX Application Thread] DEBUG Input                - Clearing active input actions
23:01:21.250 [FXGL Background Thread 4 ] DEBUG FXGLAssetLoaderServi - Loading from file system: jar:file:///C:/Users/ADMIN/.m2/repository/com/github/almasb/fxgl/17.1/fxgl-17.1.jar!/fxglassets/ui/fonts/TerminalLandMono-Regular.otf
23:01:21.251 [JavaFX Application Thread] DEBUG GameApplicationServi - Removing overlay from FXGLMainMenuDummyScene and adding to BombermanMenu
23:01:21.251 [JavaFX Application Thread] DEBUG PrimaryStageWindow   - FXGLMainMenuDummyScene -> BombermanMenu
23:01:21.264 [FXGL Background Thread 4 ] DEBUG FXGLAssetLoaderServi - Loading from file system: jar:file:///C:/Users/ADMIN/.m2/repository/com/github/almasb/fxgl/17.1/fxgl-17.1.jar!/fxglassets/ui/fonts/Courier-Prime.ttf
23:01:21.302 [JavaFX Application Thread] DEBUG FXGLApplication      - Registering font factories with UI factory
23:01:21.549 [FXGL Background Thread 2 ] INFO  UpdaterService       - Your current version:  17.1
23:01:21.549 [FXGL Background Thread 2 ] INFO  UpdaterService       - Latest stable version: 17.2
23:01:21.808 [JavaFX Application Thread] DEBUG Menu                 - fireNewGame()
23:01:21.809 [JavaFX Application Thread] DEBUG GameApplicationServi - Starting new game
23:01:21.810 [JavaFX Application Thread] DEBUG PrimaryStageWindow   - Pop state: BombermanMenu
23:01:21.810 [JavaFX Application Thread] DEBUG Input                - Clearing active input actions
23:01:21.810 [JavaFX Application Thread] DEBUG GameApplicationServi - Removing overlay from BombermanMenu and adding to FXGLMainMenuDummyScene
23:01:21.810 [JavaFX Application Thread] DEBUG PrimaryStageWindow   - FXGLMainMenuDummyScene <- BombermanMenu
23:01:21.811 [JavaFX Application Thread] DEBUG Input                - Clearing active input actions
23:01:21.818 [JavaFX Application Thread] DEBUG GameApplicationServi - Removing overlay from FXGLMainMenuDummyScene and adding to FXGLLoadingScene
23:01:21.818 [JavaFX Application Thread] DEBUG PrimaryStageWindow   - FXGLMainMenuDummyScene -> FXGLLoadingScene
23:01:21.818 [JavaFX Application Thread] DEBUG GameApplicationServi - Clearing previous game
23:01:21.818 [JavaFX Application Thread] DEBUG GameScene            - Clearing game scene
23:01:21.818 [JavaFX Application Thread] DEBUG GameWorld            - Clearing game world
23:01:21.819 [JavaFX Application Thread] DEBUG PhysicsWorld         - Clearing physics world
23:01:21.820 [FXGL Background Thread 2 ] DEBUG FXGLApplication      - Initializing game
23:01:21.825 [FXGL Background Thread 2 ] DEBUG FXGLAssetLoaderServi - Loading from file system: file:/C:/Users/ADMIN/IdeaProjects/BombermanPlus/target/classes/assets/sounds/stage_start.wav
23:01:21.908 [FXGL Background Thread 2 ] INFO  FXGLApplication      - Game initialization took: 0.088 sec
23:01:21.909 [JavaFX Application Thread] DEBUG Input                - Clearing active input actions
23:01:21.917 [JavaFX Application Thread] DEBUG GameApplicationServi - Removing overlay from FXGLLoadingScene and adding to GameScene
23:01:21.917 [JavaFX Application Thread] DEBUG PrimaryStageWindow   - FXGLLoadingScene -> GameScene
23:01:24.172 [FXGL Background Thread 3 ] DEBUG Engine               - Logging environment variables
23:01:24.172 [FXGL Background Thread 3 ] DEBUG Engine               - achievements: []
23:01:24.172 [FXGL Background Thread 3 ] DEBUG Engine               - actualHeight: 720.0
23:01:24.173 [FXGL Background Thread 3 ] DEBUG Engine               - actualHeightProperty: ReadOnlyDoubleProperty [value: 720.0]
23:01:24.173 [FXGL Background Thread 3 ] DEBUG Engine               - actualWidth: 1080.0
23:01:24.173 [FXGL Background Thread 3 ] DEBUG Engine               - actualWidthProperty: ReadOnlyDoubleProperty [value: 1080.0]
23:01:24.173 [FXGL Background Thread 3 ] DEBUG Engine               - appIcon: fxgl_icon.png
23:01:24.173 [FXGL Background Thread 3 ] DEBUG Engine               - applicationMode: DEVELOPER
23:01:24.173 [FXGL Background Thread 3 ] DEBUG Engine               - cSSList: [fxgl_dark.css]
23:01:24.173 [FXGL Background Thread 3 ] DEBUG Engine               - collisionDetectionStrategy: BRUTE_FORCE
23:01:24.173 [FXGL Background Thread 3 ] DEBUG Engine               - configClass: Optional.empty
23:01:24.173 [FXGL Background Thread 3 ] DEBUG Engine               - credits: []
23:01:24.174 [FXGL Background Thread 3 ] DEBUG Engine               - defaultCursor: CursorInfo(imageName=fxgl_default_cursor.png, hotspotX=7.0, hotspotY=6.0)
23:01:24.174 [FXGL Background Thread 3 ] DEBUG Engine               - devBBoxColorProperty: ObjectProperty [value: 0xff0000ff]
23:01:24.174 [FXGL Background Thread 3 ] DEBUG Engine               - devEnableDebugCameraProperty: BooleanProperty [value: false]
23:01:24.174 [FXGL Background Thread 3 ] DEBUG Engine               - devSensorColorProperty: ObjectProperty [value: 0xffff00ff]
23:01:24.174 [FXGL Background Thread 3 ] DEBUG Engine               - devShowBBoxProperty: BooleanProperty [value: false]
23:01:24.174 [FXGL Background Thread 3 ] DEBUG Engine               - devShowPositionProperty: BooleanProperty [value: false]
23:01:24.174 [FXGL Background Thread 3 ] DEBUG Engine               - enabledMenuItems: []
23:01:24.174 [FXGL Background Thread 3 ] DEBUG Engine               - engineServices: [class com.almasb.fxgl.app.services.FXGLAssetLoaderService, class com.almasb.fxgl.app.FXGLApplication$GameApplicationService, class com.almasb.fxgl.app.services.FXGLDialogService, class com.almasb.fxgl.app.services.IOTaskExecutorService, class com.almasb.fxgl.io.FileSystemService, class com.almasb.fxgl.localization.LocalizationService, class com.almasb.fxgl.app.services.SystemBundleService, class com.almasb.fxgl.profile.SaveLoadService, class com.almasb.fxgl.ui.FXGLUIFactoryServiceProvider, class com.almasb.fxgl.ui.FXGLDialogFactoryServiceProvider, class com.almasb.fxgl.audio.AudioPlayer, class com.almasb.fxgl.notification.impl.NotificationServiceProvider, class com.almasb.fxgl.achievement.AchievementService, class com.almasb.fxgl.cutscene.CutsceneService, class com.almasb.fxgl.minigames.MiniGameService, class com.almasb.fxgl.net.NetService, class com.almasb.fxgl.app.services.UpdaterService, class com.almasb.fxgl.dev.DevService]
23:01:24.174 [FXGL Background Thread 3 ] DEBUG Engine               - fontGame: Abel-Regular.ttf
23:01:24.175 [FXGL Background Thread 3 ] DEBUG Engine               - fontMono: TerminalLandMono-Regular.otf
23:01:24.175 [FXGL Background Thread 3 ] DEBUG Engine               - fontText: Courier-Prime.ttf
23:01:24.175 [FXGL Background Thread 3 ] DEBUG Engine               - fontUI: VarelaRound-Regular.ttf
23:01:24.175 [FXGL Background Thread 3 ] DEBUG Engine               - fullScreen: BooleanProperty [value: false]
23:01:24.175 [FXGL Background Thread 3 ] DEBUG Engine               - gameDifficulty: MEDIUM
23:01:24.175 [FXGL Background Thread 3 ] DEBUG Engine               - gameDifficultyProperty: ObjectProperty [value: MEDIUM]
23:01:24.175 [FXGL Background Thread 3 ] DEBUG Engine               - globalMusicVolume: 0.5
23:01:24.175 [FXGL Background Thread 3 ] DEBUG Engine               - globalMusicVolumeProperty: DoubleProperty [value: 0.0]
23:01:24.175 [FXGL Background Thread 3 ] DEBUG Engine               - globalSoundVolume: 0.5
23:01:24.175 [FXGL Background Thread 3 ] DEBUG Engine               - globalSoundVolumeProperty: DoubleProperty [value: 0.5]
23:01:24.175 [FXGL Background Thread 3 ] DEBUG Engine               - height: 720
23:01:24.175 [FXGL Background Thread 3 ] DEBUG Engine               - is3D: false
23:01:24.175 [FXGL Background Thread 3 ] DEBUG Engine               - isAndroid: false
23:01:24.175 [FXGL Background Thread 3 ] DEBUG Engine               - isBrowser: false
23:01:24.175 [FXGL Background Thread 3 ] DEBUG Engine               - isClickFeedbackEnabled: false
23:01:24.175 [FXGL Background Thread 3 ] DEBUG Engine               - isCloseConfirmation: false
23:01:24.175 [FXGL Background Thread 3 ] DEBUG Engine               - isDesktop: true
23:01:24.175 [FXGL Background Thread 3 ] DEBUG Engine               - isDeveloperMenuEnabled: false
23:01:24.175 [FXGL Background Thread 3 ] DEBUG Engine               - isEmbedded: false
23:01:24.175 [FXGL Background Thread 3 ] DEBUG Engine               - isEntityPreloadEnabled: true
23:01:24.175 [FXGL Background Thread 3 ] DEBUG Engine               - isExperimentalTiledLargeMap: false
23:01:24.175 [FXGL Background Thread 3 ] DEBUG Engine               - isFileSystemWriteAllowed: true
23:01:24.175 [FXGL Background Thread 3 ] DEBUG Engine               - isFullScreenAllowed: false
23:01:24.175 [FXGL Background Thread 3 ] DEBUG Engine               - isFullScreenFromStart: false
23:01:24.175 [FXGL Background Thread 3 ] DEBUG Engine               - isGameMenuEnabled: false
23:01:24.175 [FXGL Background Thread 3 ] DEBUG Engine               - isIOS: false
23:01:24.175 [FXGL Background Thread 3 ] DEBUG Engine               - isIntroEnabled: false
23:01:24.175 [FXGL Background Thread 3 ] DEBUG Engine               - isLinux: false
23:01:24.175 [FXGL Background Thread 3 ] DEBUG Engine               - isMac: false
23:01:24.175 [FXGL Background Thread 3 ] DEBUG Engine               - isMainMenuEnabled: true
23:01:24.175 [FXGL Background Thread 3 ] DEBUG Engine               - isManualResizeEnabled: false
23:01:24.175 [FXGL Background Thread 3 ] DEBUG Engine               - isMobile: false
23:01:24.175 [FXGL Background Thread 3 ] DEBUG Engine               - isNative: false
23:01:24.175 [FXGL Background Thread 3 ] DEBUG Engine               - isPauseMusicWhenMinimized: true
23:01:24.175 [FXGL Background Thread 3 ] DEBUG Engine               - isPreserveResizeRatio: false
23:01:24.175 [FXGL Background Thread 3 ] DEBUG Engine               - isProfilingEnabled: false
23:01:24.175 [FXGL Background Thread 3 ] DEBUG Engine               - isScaleAffectedOnResize: true
23:01:24.175 [FXGL Background Thread 3 ] DEBUG Engine               - isSingleStep: false
23:01:24.175 [FXGL Background Thread 3 ] DEBUG Engine               - isUserProfileEnabled: false
23:01:24.175 [FXGL Background Thread 3 ] DEBUG Engine               - isWindows: true
23:01:24.177 [FXGL Background Thread 3 ] DEBUG Engine               - language: ObjectProperty [value: ENGLISH]
23:01:24.177 [FXGL Background Thread 3 ] DEBUG Engine               - menuKey: ESCAPE
23:01:24.177 [FXGL Background Thread 3 ] DEBUG Engine               - mouseSensitivity: 0.2
23:01:24.177 [FXGL Background Thread 3 ] DEBUG Engine               - notificationViewClass: class com.almasb.fxgl.notification.view.XboxNotificationView
23:01:24.177 [FXGL Background Thread 3 ] DEBUG Engine               - pixelsPerMeter: 50.0
23:01:24.177 [FXGL Background Thread 3 ] DEBUG Engine               - platform: WINDOWS
23:01:24.177 [FXGL Background Thread 3 ] DEBUG Engine               - prefHeightProperty: ReadOnlyDoubleProperty [value: 720.0]
23:01:24.177 [FXGL Background Thread 3 ] DEBUG Engine               - prefWidthProperty: ReadOnlyDoubleProperty [value: 1080.0]
23:01:24.177 [FXGL Background Thread 3 ] DEBUG Engine               - profileDir: profiles/
23:01:24.177 [FXGL Background Thread 3 ] DEBUG Engine               - profileName: StringProperty [value: DEFAULT]
23:01:24.177 [FXGL Background Thread 3 ] DEBUG Engine               - randomSeed: -1
23:01:24.177 [FXGL Background Thread 3 ] DEBUG Engine               - runtimeInfo: RuntimeInfo(platform=WINDOWS, version=17.1, build=24.03.2022 17.34)
23:01:24.177 [FXGL Background Thread 3 ] DEBUG Engine               - saveFileExt: sav
23:01:24.177 [FXGL Background Thread 3 ] DEBUG Engine               - scaledHeightProp$fxgl: DoubleProperty [bound, value: 720.0]
23:01:24.177 [FXGL Background Thread 3 ] DEBUG Engine               - scaledWidthProp$fxgl: DoubleProperty [bound, value: 1080.0]
23:01:24.177 [FXGL Background Thread 3 ] DEBUG Engine               - sceneFactory: com.bomberman.bombermanplus.BombermanApp$1@4673fcb6
23:01:24.177 [FXGL Background Thread 3 ] DEBUG Engine               - secondsIn24h: 60
23:01:24.177 [FXGL Background Thread 3 ] DEBUG Engine               - soundMenuBack: menu/back.wav
23:01:24.177 [FXGL Background Thread 3 ] DEBUG Engine               - soundMenuPress: menu/press.wav
23:01:24.177 [FXGL Background Thread 3 ] DEBUG Engine               - soundMenuSelect: menu/select.wav
23:01:24.178 [FXGL Background Thread 3 ] DEBUG Engine               - soundNotification: core/notification.wav
23:01:24.178 [FXGL Background Thread 3 ] DEBUG Engine               - stageStyle: DECORATED
23:01:24.178 [FXGL Background Thread 3 ] DEBUG Engine               - supportedLanguages: [ENGLISH, FRENCH, GERMAN, HUNGARIAN, RUSSIAN]
23:01:24.178 [FXGL Background Thread 3 ] DEBUG Engine               - ticksPerSecond: -1
23:01:24.178 [FXGL Background Thread 3 ] DEBUG Engine               - title: BOMBERMAN
23:01:24.178 [FXGL Background Thread 3 ] DEBUG Engine               - urlGithub: https://github.com/AlmasB/FXGL
23:01:24.178 [FXGL Background Thread 3 ] DEBUG Engine               - urlLeaderboard: http://fxgl-top.herokuapp.com/
23:01:24.178 [FXGL Background Thread 3 ] DEBUG Engine               - urlPOM: https://raw.githubusercontent.com/AlmasB/FXGL/release/README.md
23:01:24.178 [FXGL Background Thread 3 ] DEBUG Engine               - userAppClass: class com.bomberman.bombermanplus.BombermanApp
23:01:24.178 [FXGL Background Thread 3 ] DEBUG Engine               - version: 1.0
23:01:24.178 [FXGL Background Thread 3 ] DEBUG Engine               - versionCheckDays: 7
23:01:24.178 [FXGL Background Thread 3 ] DEBUG Engine               - width: 1080
23:01:24.178 [FXGL Background Thread 3 ] DEBUG Engine               - Logging services
23:01:24.178 [FXGL Background Thread 3 ] DEBUG Engine               - class com.almasb.fxgl.app.services.FXGLAssetLoaderService
23:01:24.178 [FXGL Background Thread 3 ] DEBUG Engine               - class com.almasb.fxgl.app.FXGLApplication$GameApplicationService
23:01:24.178 [FXGL Background Thread 3 ] DEBUG Engine               - class com.almasb.fxgl.app.services.FXGLDialogService
23:01:24.178 [FXGL Background Thread 3 ] DEBUG Engine               - class com.almasb.fxgl.app.services.IOTaskExecutorService
23:01:24.178 [FXGL Background Thread 3 ] DEBUG Engine               - class com.almasb.fxgl.io.FileSystemService
23:01:24.178 [FXGL Background Thread 3 ] DEBUG Engine               - class com.almasb.fxgl.localization.LocalizationService
23:01:24.178 [FXGL Background Thread 3 ] DEBUG Engine               - class com.almasb.fxgl.app.services.SystemBundleService
23:01:24.178 [FXGL Background Thread 3 ] DEBUG Engine               - class com.almasb.fxgl.profile.SaveLoadService
23:01:24.178 [FXGL Background Thread 3 ] DEBUG Engine               - class com.almasb.fxgl.ui.FXGLUIFactoryServiceProvider
23:01:24.178 [FXGL Background Thread 3 ] DEBUG Engine               - class com.almasb.fxgl.ui.FXGLDialogFactoryServiceProvider
23:01:24.178 [FXGL Background Thread 3 ] DEBUG Engine               - class com.almasb.fxgl.audio.AudioPlayer
23:01:24.178 [FXGL Background Thread 3 ] DEBUG Engine               - class com.almasb.fxgl.notification.impl.NotificationServiceProvider
23:01:24.178 [FXGL Background Thread 3 ] DEBUG Engine               - class com.almasb.fxgl.achievement.AchievementService
23:01:24.178 [FXGL Background Thread 3 ] DEBUG Engine               - class com.almasb.fxgl.cutscene.CutsceneService
23:01:24.178 [FXGL Background Thread 3 ] DEBUG Engine               - class com.almasb.fxgl.minigames.MiniGameService
23:01:24.179 [FXGL Background Thread 3 ] DEBUG Engine               - class com.almasb.fxgl.net.NetService
23:01:24.179 [FXGL Background Thread 3 ] DEBUG Engine               - class com.almasb.fxgl.app.services.UpdaterService
23:01:24.179 [FXGL Background Thread 3 ] DEBUG Engine               - class com.almasb.fxgl.dev.DevService
23:01:24.840 [JavaFX Application Thread] WARN  TMXLevelLoader       - TiledMap generated from 1.9.2. Supported version: 1.4.2. Some features may not be parsed fully.
23:01:24.857 [JavaFX Application Thread] DEBUG TMXLevelLoader       - Parsed TiledMap: file:/C:/Users/ADMIN/IdeaProjects/BombermanPlus/target/classes/assets/levels/bbm_level1.tmx
23:01:24.857 [JavaFX Application Thread] DEBUG TMXLevelLoader       - Creating tile layer entities
23:01:24.858 [JavaFX Application Thread] DEBUG TilesetLoader        - Loading view for layer Tile Layer 1
23:01:24.861 [JavaFX Application Thread] DEBUG TilesetLoader        - Created buffer with size 1488.0x720.0
23:01:24.929 [JavaFX Application Thread] DEBUG TMXLevelLoader       - Creating object layer entities
23:01:24.930 [JavaFX Application Thread] DEBUG FXGLAssetLoaderServi - Loading from file system: file:/C:/Users/ADMIN/IdeaProjects/BombermanPlus/target/classes/assets/textures/items/powerup_speed.png
23:01:24.936 [JavaFX Application Thread] DEBUG FXGLAssetLoaderServi - Loading from file system: file:/C:/Users/ADMIN/IdeaProjects/BombermanPlus/target/classes/assets/textures/items/powerup_flames.png
23:01:24.937 [JavaFX Application Thread] DEBUG FXGLAssetLoaderServi - Loading from file system: file:/C:/Users/ADMIN/IdeaProjects/BombermanPlus/target/classes/assets/textures/items/powerup_bombs.png
23:01:24.939 [JavaFX Application Thread] DEBUG FXGLAssetLoaderServi - Loading from file system: file:/C:/Users/ADMIN/IdeaProjects/BombermanPlus/target/classes/assets/textures/items/powerup_flamepass.png
23:01:24.941 [JavaFX Application Thread] DEBUG FXGLAssetLoaderServi - Loading from file system: file:/C:/Users/ADMIN/IdeaProjects/BombermanPlus/target/classes/assets/textures/items/portal.png
23:01:24.943 [JavaFX Application Thread] DEBUG FXGLAssetLoaderServi - Loading from file system: file:/C:/Users/ADMIN/IdeaProjects/BombermanPlus/target/classes/assets/textures/sprites.png
23:01:25.020 [JavaFX Application Thread] DEBUG GameWorld            - Clearing removable entities
23:01:25.021 [JavaFX Application Thread] DEBUG GameWorld            - Setting level: com.almasb.fxgl.entity.level.Level@71392514
23:01:27.703 [JavaFX Application Thread] DEBUG FXGLAssetLoaderServi - Loading from file system: file:/C:/Users/ADMIN/IdeaProjects/BombermanPlus/target/classes/assets/sounds/bomb_explored.wav
23:01:46.137 [JavaFX Application Thread] WARN  TMXLevelLoader       - TiledMap generated from 1.9.2. Supported version: 1.4.2. Some features may not be parsed fully.
23:01:46.147 [JavaFX Application Thread] DEBUG TMXLevelLoader       - Parsed TiledMap: file:/C:/Users/ADMIN/IdeaProjects/BombermanPlus/target/classes/assets/levels/bbm_level1.tmx
23:01:46.147 [JavaFX Application Thread] DEBUG TMXLevelLoader       - Creating tile layer entities
23:01:46.147 [JavaFX Application Thread] DEBUG TilesetLoader        - Loading view for layer Tile Layer 1
23:01:46.148 [JavaFX Application Thread] DEBUG TilesetLoader        - Created buffer with size 1488.0x720.0
23:01:46.196 [JavaFX Application Thread] DEBUG TMXLevelLoader       - Creating object layer entities
23:01:46.227 [JavaFX Application Thread] DEBUG GameWorld            - Clearing removable entities
23:01:46.234 [JavaFX Application Thread] DEBUG GameWorld            - Setting level: com.almasb.fxgl.entity.level.Level@35773d57
23:02:11.670 [JavaFX Application Thread] DEBUG FXGLAssetLoaderServi - Loading from file system: file:/C:/Users/ADMIN/IdeaProjects/BombermanPlus/target/classes/assets/sounds/next_level.wav
23:02:13.687 [JavaFX Application Thread] DEBUG PrimaryStageWindow   - Push state: DialogSubScene
23:02:13.687 [JavaFX Application Thread] DEBUG Input                - Clearing active input actions
23:02:13.688 [JavaFX Application Thread] DEBUG GameApplicationServi - Removing overlay from GameScene and adding to DialogSubScene
23:02:13.688 [JavaFX Application Thread] DEBUG PrimaryStageWindow   - GameScene -> DialogSubScene
23:02:18.209 [JavaFX Application Thread] DEBUG PrimaryStageWindow   - Pop state: DialogSubScene
23:02:18.209 [JavaFX Application Thread] DEBUG Input                - Clearing active input actions
23:02:18.209 [JavaFX Application Thread] DEBUG GameApplicationServi - Removing overlay from DialogSubScene and adding to GameScene
23:02:18.209 [JavaFX Application Thread] DEBUG PrimaryStageWindow   - GameScene <- DialogSubScene
23:02:18.209 [JavaFX Application Thread] DEBUG Input                - Clearing active input actions
23:02:18.213 [JavaFX Application Thread] DEBUG GameApplicationServi - Removing overlay from GameScene and adding to FXGLMainMenuDummyScene
23:02:18.213 [JavaFX Application Thread] DEBUG PrimaryStageWindow   - GameScene -> FXGLMainMenuDummyScene
23:02:18.213 [JavaFX Application Thread] DEBUG PrimaryStageWindow   - Push state: BombermanMenu
23:02:18.213 [JavaFX Application Thread] DEBUG Input                - Clearing active input actions
23:02:18.213 [JavaFX Application Thread] DEBUG GameApplicationServi - Removing overlay from FXGLMainMenuDummyScene and adding to BombermanMenu
23:02:18.213 [JavaFX Application Thread] DEBUG PrimaryStageWindow   - FXGLMainMenuDummyScene -> BombermanMenu
23:02:19.466 [JavaFX Application Thread] DEBUG FXGLApplication      - Exiting FXGL
23:02:19.466 [JavaFX Application Thread] DEBUG LoopRunner           - Stopping loop
23:02:19.467 [JavaFX Application Thread] DEBUG SystemBundleService  - Saving FXGL system data
23:02:19.468 [JavaFX Application Thread] DEBUG FileSystemAccess     - Writing to: C:\Users\ADMIN\IdeaProjects\BombermanPlus\system\fxgl.bundle
23:02:19.470 [JavaFX Application Thread] DEBUG Async                - Shutting down background threads
23:02:19.471 [JavaFX Application Thread] DEBUG PrimaryStageWindow   - Closing main window
23:02:19.479 [JavaFX Application Thread] DEBUG Logger               - Closing Logger
