23:21:58.868 [main                     ] DEBUG Logger               - Configured Logger
23:21:58.883 [main                     ] DEBUG GameApplication      - Logging settings
Title: BOMBERMAN
Version: 1.0
Width: 1080
Height: 720
Fullscreen: false
Intro: false
Profiling: false
Single step:false
App Mode: DEVELOPER
Menu Key: ESCAPE
Stage Style: DECORATED
Scene Factory: class com.bomberman.bombermanplus.BombermanApp$1

23:21:59.264 [JavaFX Application Thread] DEBUG FXGLApplication      - Initializing FXGL
23:21:59.267 [JavaFX Application Thread] INFO  Engine               - FXGL-17.1 (24.03.2022 17.34) on WINDOWS (J:19 FX:19-ea)
23:21:59.268 [JavaFX Application Thread] DEBUG Engine               - JRE Vendor Name: Oracle Corporation
23:21:59.268 [JavaFX Application Thread] DEBUG Engine               - Running on OS: Windows 11 version 10.0
23:21:59.268 [JavaFX Application Thread] DEBUG Engine               - Architecture: amd64
23:21:59.268 [JavaFX Application Thread] INFO  Engine               - Source code and latest versions at: https://github.com/AlmasB/FXGL
23:21:59.268 [JavaFX Application Thread] INFO  Engine               -       Ask questions and discuss at: https://github.com/AlmasB/FXGL/discussions
23:21:59.269 [JavaFX Application Thread] INFO  Engine               -              Join the FXGL chat at: https://gitter.im/AlmasB/FXGL
23:21:59.352 [JavaFX Application Thread] DEBUG PrimaryStageWindow   - Creating a JavaFX scene
23:21:59.393 [JavaFX Application Thread] DEBUG PrimaryStageWindow   - Target settings size: 1080.0 x 720.0
23:21:59.393 [JavaFX Application Thread] DEBUG PrimaryStageWindow   - Scaled scene size:    1080.0 x 720.0
23:21:59.393 [JavaFX Application Thread] DEBUG PrimaryStageWindow   - Scaled ratio: (1.0, 1.0)
23:21:59.394 [JavaFX Application Thread] DEBUG PrimaryStageWindow   - Set initial scene to FXGLStartupScene
23:21:59.399 [JavaFX Application Thread] DEBUG PrimaryStageWindow   - Opening main window
23:21:59.469 [JavaFX Application Thread] DEBUG PrimaryStageWindow   - Window border size: (14.4000244140625, 37.5999755859375)
23:21:59.470 [JavaFX Application Thread] DEBUG PrimaryStageWindow   - Scaled size: 1080.0 x 720.0
23:21:59.470 [JavaFX Application Thread] DEBUG PrimaryStageWindow   - Scaled ratio: (1.0, 1.0)
23:21:59.471 [JavaFX Application Thread] DEBUG PrimaryStageWindow   - Scene size: 1080.0 x 720.0
23:21:59.471 [JavaFX Application Thread] DEBUG PrimaryStageWindow   - Stage size: 1094.4000244140625 x 757.5999755859375
23:21:59.481 [FXGL Background Thread 1 ] DEBUG Engine               - Initializing environment variables
23:21:59.523 [FXGL Background Thread 1 ] DEBUG FXGLAssetLoaderServi - User app class for loading assets: class com.bomberman.bombermanplus.BombermanApp
23:21:59.524 [FXGL Background Thread 1 ] DEBUG GameApplicationServi - Applying CSS: fxgl_dark.css
23:21:59.524 [FXGL Background Thread 1 ] DEBUG FXGLAssetLoaderServi - Loading from file system: jar:file:///C:/Users/ADMIN/.m2/repository/com/github/almasb/fxgl/17.1/fxgl-17.1.jar!/fxglassets/ui/css/fxgl_dark.css
23:21:59.558 [FXGL Background Thread 1 ] DEBUG GameApplicationServi - Initializing application scenes
23:21:59.589 [FXGL Background Thread 1 ] DEBUG GameWorld            - Game world initialized
23:21:59.647 [FXGL Background Thread 1 ] DEBUG PhysicsWorld         - Physics world initialized: appHeight=720, physics.ppm=50.0
23:21:59.648 [FXGL Background Thread 1 ] DEBUG PhysicsWorld         - Using strategy: BRUTE_FORCE
23:21:59.652 [FXGL Background Thread 1 ] DEBUG GameScene            - Game scene initialized: 1080x720
23:21:59.676 [FXGL Background Thread 1 ] DEBUG GameApplicationServi - Application scenes initialized
23:21:59.685 [FXGL Background Thread 1 ] DEBUG SystemBundleService  - Loading FXGL system data
23:21:59.691 [FXGL Background Thread 1 ] DEBUG FileSystemAccess     - Reading from: C:\Users\ADMIN\IdeaProjects\BombermanPlus\system\fxgl.bundle
23:21:59.703 [FXGL Background Thread 1 ] DEBUG SystemBundleService  - Bundle FXGL: {}
23:21:59.703 [FXGL Background Thread 1 ] DEBUG UpdaterService       - Checking for updates
23:21:59.707 [FXGL Background Thread 4 ] DEBUG FXGLApplication      - Loading fonts
23:21:59.708 [FXGL Background Thread 1 ] DEBUG FXGLApplication      - Loading default localization
23:21:59.709 [FXGL Background Thread 4 ] DEBUG FXGLAssetLoaderServi - Loading from file system: jar:file:///C:/Users/ADMIN/.m2/repository/com/github/almasb/fxgl/17.1/fxgl-17.1.jar!/fxglassets/ui/fonts/VarelaRound-Regular.ttf
23:21:59.709 [FXGL Background Thread 1 ] DEBUG FXGLAssetLoaderServi - Loading from file system: jar:file:///C:/Users/ADMIN/.m2/repository/com/github/almasb/fxgl/17.1/fxgl-17.1.jar!/fxglassets/languages/english.lang
23:21:59.726 [FXGL Background Thread 1 ] INFO  FXGLApplication      - FXGL initialization took: 0.245 sec
23:21:59.731 [JavaFX Application Thread] DEBUG Input                - Registered new binding: Move Right - D
23:21:59.732 [JavaFX Application Thread] DEBUG Input                - Registered new binding: Move Up - W
23:21:59.732 [JavaFX Application Thread] DEBUG Input                - Registered new binding: Move Down - S
23:21:59.733 [JavaFX Application Thread] DEBUG Input                - Registered new binding: Move Left - A
23:21:59.733 [JavaFX Application Thread] DEBUG FXGLAssetLoaderServi - Loading from file system: jar:file:///C:/Users/ADMIN/.m2/repository/com/github/almasb/fxgl/17.1/fxgl-17.1.jar!/fxglassets/textures/fxgl_icon.png
23:21:59.765 [JavaFX Application Thread] DEBUG FXGLAssetLoaderServi - Loading from file system: jar:file:///C:/Users/ADMIN/.m2/repository/com/github/almasb/fxgl/17.1/fxgl-17.1.jar!/fxglassets/textures/fxgl_default_cursor.png
23:21:59.769 [JavaFX Application Thread] DEBUG Input                - Registered new binding: Screenshot - CTRL+8
23:21:59.770 [JavaFX Application Thread] DEBUG Input                - Registered new binding: System info dump - CTRL+9
23:21:59.770 [JavaFX Application Thread] DEBUG Input                - Registered new binding: Restart - CTRL+R
23:21:59.771 [JavaFX Application Thread] DEBUG Input                - Registered new binding: Toggle Debug Camera - CTRL+7
23:21:59.775 [JavaFX Application Thread] DEBUG LoopRunner           - Starting loop
23:21:59.775 [JavaFX Application Thread] DEBUG LoopRunner           - Initializing JavaFX AnimationTimerLoop
23:21:59.779 [JavaFX Application Thread] DEBUG Input                - Clearing active input actions
23:21:59.782 [FXGL Background Thread 4 ] DEBUG FXGLAssetLoaderServi - Loading from file system: jar:file:///C:/Users/ADMIN/.m2/repository/com/github/almasb/fxgl/17.1/fxgl-17.1.jar!/fxglassets/ui/fonts/Abel-Regular.ttf
23:21:59.786 [JavaFX Application Thread] DEBUG GameApplicationServi - Removing overlay from FXGLStartupScene and adding to FXGLMainMenuDummyScene
23:21:59.787 [JavaFX Application Thread] DEBUG PrimaryStageWindow   - FXGLStartupScene -> FXGLMainMenuDummyScene
23:21:59.787 [JavaFX Application Thread] DEBUG PrimaryStageWindow   - Push state: BombermanMenu
23:21:59.787 [JavaFX Application Thread] DEBUG Input                - Clearing active input actions
23:21:59.789 [JavaFX Application Thread] DEBUG GameApplicationServi - Removing overlay from FXGLMainMenuDummyScene and adding to BombermanMenu
23:21:59.790 [JavaFX Application Thread] DEBUG PrimaryStageWindow   - FXGLMainMenuDummyScene -> BombermanMenu
23:21:59.804 [FXGL Background Thread 4 ] DEBUG FXGLAssetLoaderServi - Loading from file system: jar:file:///C:/Users/ADMIN/.m2/repository/com/github/almasb/fxgl/17.1/fxgl-17.1.jar!/fxglassets/ui/fonts/TerminalLandMono-Regular.otf
23:21:59.823 [FXGL Background Thread 4 ] DEBUG FXGLAssetLoaderServi - Loading from file system: jar:file:///C:/Users/ADMIN/.m2/repository/com/github/almasb/fxgl/17.1/fxgl-17.1.jar!/fxglassets/ui/fonts/Courier-Prime.ttf
23:21:59.844 [JavaFX Application Thread] DEBUG FXGLApplication      - Registering font factories with UI factory
23:22:00.255 [FXGL Background Thread 2 ] INFO  UpdaterService       - Your current version:  17.1
23:22:00.255 [FXGL Background Thread 2 ] INFO  UpdaterService       - Latest stable version: 17.2
23:22:00.693 [JavaFX Application Thread] DEBUG Menu                 - fireNewGame()
23:22:00.693 [JavaFX Application Thread] DEBUG GameApplicationServi - Starting new game
23:22:00.694 [JavaFX Application Thread] DEBUG PrimaryStageWindow   - Pop state: BombermanMenu
23:22:00.694 [JavaFX Application Thread] DEBUG Input                - Clearing active input actions
23:22:00.694 [JavaFX Application Thread] DEBUG GameApplicationServi - Removing overlay from BombermanMenu and adding to FXGLMainMenuDummyScene
23:22:00.695 [JavaFX Application Thread] DEBUG PrimaryStageWindow   - FXGLMainMenuDummyScene <- BombermanMenu
23:22:00.695 [JavaFX Application Thread] DEBUG Input                - Clearing active input actions
23:22:00.702 [JavaFX Application Thread] DEBUG GameApplicationServi - Removing overlay from FXGLMainMenuDummyScene and adding to FXGLLoadingScene
23:22:00.703 [JavaFX Application Thread] DEBUG PrimaryStageWindow   - FXGLMainMenuDummyScene -> FXGLLoadingScene
23:22:00.703 [JavaFX Application Thread] DEBUG GameApplicationServi - Clearing previous game
23:22:00.703 [JavaFX Application Thread] DEBUG GameScene            - Clearing game scene
23:22:00.703 [JavaFX Application Thread] DEBUG GameWorld            - Clearing game world
23:22:00.703 [JavaFX Application Thread] DEBUG PhysicsWorld         - Clearing physics world
23:22:00.704 [FXGL Background Thread 2 ] DEBUG FXGLApplication      - Initializing game
23:22:00.737 [FXGL Background Thread 2 ] WARN  TMXLevelLoader       - TiledMap generated from 1.9.2. Supported version: 1.4.2. Some features may not be parsed fully.
23:22:00.742 [FXGL Background Thread 2 ] DEBUG TMXLevelLoader       - Parsed TiledMap: file:/C:/Users/ADMIN/IdeaProjects/BombermanPlus/target/classes/assets/levels/lv1demo.tmx
23:22:00.743 [FXGL Background Thread 2 ] DEBUG TMXLevelLoader       - Creating tile layer entities
23:22:00.744 [FXGL Background Thread 2 ] DEBUG TilesetLoader        - Loading view for layer Tile Layer 1
23:22:00.747 [FXGL Background Thread 2 ] DEBUG TilesetLoader        - Created buffer with size 1488.0x720.0
23:22:00.774 [FXGL Background Thread 2 ] DEBUG TMXLevelLoader       - Creating object layer entities
23:22:00.796 [FXGL Background Thread 2 ] DEBUG FXGLAssetLoaderServi - Loading from file system: file:/C:/Users/ADMIN/IdeaProjects/BombermanPlus/target/classes/assets/textures/sprites.png
23:22:00.836 [FXGL Background Thread 2 ] DEBUG GameWorld            - Clearing removable entities
23:22:00.837 [FXGL Background Thread 2 ] DEBUG GameWorld            - Setting level: com.almasb.fxgl.entity.level.Level@a10d39b
23:22:00.846 [FXGL Background Thread 2 ] INFO  FXGLApplication      - Game initialization took: 0.142 sec
23:22:00.847 [JavaFX Application Thread] DEBUG Input                - Clearing active input actions
23:22:00.852 [JavaFX Application Thread] DEBUG GameApplicationServi - Removing overlay from FXGLLoadingScene and adding to GameScene
23:22:00.852 [JavaFX Application Thread] DEBUG PrimaryStageWindow   - FXGLLoadingScene -> GameScene
23:22:02.708 [FXGL Background Thread 3 ] DEBUG Engine               - Logging environment variables
23:22:02.708 [FXGL Background Thread 3 ] DEBUG Engine               - achievements: []
23:22:02.708 [FXGL Background Thread 3 ] DEBUG Engine               - actualHeight: 720.0
23:22:02.708 [FXGL Background Thread 3 ] DEBUG Engine               - actualHeightProperty: ReadOnlyDoubleProperty [value: 720.0]
23:22:02.708 [FXGL Background Thread 3 ] DEBUG Engine               - actualWidth: 1080.0
23:22:02.708 [FXGL Background Thread 3 ] DEBUG Engine               - actualWidthProperty: ReadOnlyDoubleProperty [value: 1080.0]
23:22:02.708 [FXGL Background Thread 3 ] DEBUG Engine               - appIcon: fxgl_icon.png
23:22:02.708 [FXGL Background Thread 3 ] DEBUG Engine               - applicationMode: DEVELOPER
23:22:02.708 [FXGL Background Thread 3 ] DEBUG Engine               - cSSList: [fxgl_dark.css]
23:22:02.709 [FXGL Background Thread 3 ] DEBUG Engine               - collisionDetectionStrategy: BRUTE_FORCE
23:22:02.709 [FXGL Background Thread 3 ] DEBUG Engine               - configClass: Optional.empty
23:22:02.709 [FXGL Background Thread 3 ] DEBUG Engine               - credits: []
23:22:02.710 [FXGL Background Thread 3 ] DEBUG Engine               - defaultCursor: CursorInfo(imageName=fxgl_default_cursor.png, hotspotX=7.0, hotspotY=6.0)
23:22:02.710 [FXGL Background Thread 3 ] DEBUG Engine               - devBBoxColorProperty: ObjectProperty [value: 0xff0000ff]
23:22:02.710 [FXGL Background Thread 3 ] DEBUG Engine               - devEnableDebugCameraProperty: BooleanProperty [value: false]
23:22:02.710 [FXGL Background Thread 3 ] DEBUG Engine               - devSensorColorProperty: ObjectProperty [value: 0xffff00ff]
23:22:02.710 [FXGL Background Thread 3 ] DEBUG Engine               - devShowBBoxProperty: BooleanProperty [value: false]
23:22:02.711 [FXGL Background Thread 3 ] DEBUG Engine               - devShowPositionProperty: BooleanProperty [value: false]
23:22:02.711 [FXGL Background Thread 3 ] DEBUG Engine               - enabledMenuItems: []
23:22:02.711 [FXGL Background Thread 3 ] DEBUG Engine               - engineServices: [class com.almasb.fxgl.app.services.FXGLAssetLoaderService, class com.almasb.fxgl.app.FXGLApplication$GameApplicationService, class com.almasb.fxgl.app.services.FXGLDialogService, class com.almasb.fxgl.app.services.IOTaskExecutorService, class com.almasb.fxgl.io.FileSystemService, class com.almasb.fxgl.localization.LocalizationService, class com.almasb.fxgl.app.services.SystemBundleService, class com.almasb.fxgl.profile.SaveLoadService, class com.almasb.fxgl.ui.FXGLUIFactoryServiceProvider, class com.almasb.fxgl.ui.FXGLDialogFactoryServiceProvider, class com.almasb.fxgl.audio.AudioPlayer, class com.almasb.fxgl.notification.impl.NotificationServiceProvider, class com.almasb.fxgl.achievement.AchievementService, class com.almasb.fxgl.cutscene.CutsceneService, class com.almasb.fxgl.minigames.MiniGameService, class com.almasb.fxgl.net.NetService, class com.almasb.fxgl.app.services.UpdaterService, class com.almasb.fxgl.dev.DevService]
23:22:02.711 [FXGL Background Thread 3 ] DEBUG Engine               - fontGame: Abel-Regular.ttf
23:22:02.711 [FXGL Background Thread 3 ] DEBUG Engine               - fontMono: TerminalLandMono-Regular.otf
23:22:02.711 [FXGL Background Thread 3 ] DEBUG Engine               - fontText: Courier-Prime.ttf
23:22:02.711 [FXGL Background Thread 3 ] DEBUG Engine               - fontUI: VarelaRound-Regular.ttf
23:22:02.711 [FXGL Background Thread 3 ] DEBUG Engine               - fullScreen: BooleanProperty [value: false]
23:22:02.711 [FXGL Background Thread 3 ] DEBUG Engine               - gameDifficulty: MEDIUM
23:22:02.711 [FXGL Background Thread 3 ] DEBUG Engine               - gameDifficultyProperty: ObjectProperty [value: MEDIUM]
23:22:02.711 [FXGL Background Thread 3 ] DEBUG Engine               - globalMusicVolume: 0.5
23:22:02.711 [FXGL Background Thread 3 ] DEBUG Engine               - globalMusicVolumeProperty: DoubleProperty [value: 0.5]
23:22:02.711 [FXGL Background Thread 3 ] DEBUG Engine               - globalSoundVolume: 0.5
23:22:02.711 [FXGL Background Thread 3 ] DEBUG Engine               - globalSoundVolumeProperty: DoubleProperty [value: 0.5]
23:22:02.711 [FXGL Background Thread 3 ] DEBUG Engine               - height: 720
23:22:02.711 [FXGL Background Thread 3 ] DEBUG Engine               - is3D: false
23:22:02.711 [FXGL Background Thread 3 ] DEBUG Engine               - isAndroid: false
23:22:02.711 [FXGL Background Thread 3 ] DEBUG Engine               - isBrowser: false
23:22:02.711 [FXGL Background Thread 3 ] DEBUG Engine               - isClickFeedbackEnabled: false
23:22:02.711 [FXGL Background Thread 3 ] DEBUG Engine               - isCloseConfirmation: false
23:22:02.711 [FXGL Background Thread 3 ] DEBUG Engine               - isDesktop: true
23:22:02.711 [FXGL Background Thread 3 ] DEBUG Engine               - isDeveloperMenuEnabled: false
23:22:02.711 [FXGL Background Thread 3 ] DEBUG Engine               - isEmbedded: false
23:22:02.711 [FXGL Background Thread 3 ] DEBUG Engine               - isEntityPreloadEnabled: true
23:22:02.711 [FXGL Background Thread 3 ] DEBUG Engine               - isExperimentalTiledLargeMap: false
23:22:02.711 [FXGL Background Thread 3 ] DEBUG Engine               - isFileSystemWriteAllowed: true
23:22:02.712 [FXGL Background Thread 3 ] DEBUG Engine               - isFullScreenAllowed: false
23:22:02.712 [FXGL Background Thread 3 ] DEBUG Engine               - isFullScreenFromStart: false
23:22:02.712 [FXGL Background Thread 3 ] DEBUG Engine               - isGameMenuEnabled: false
23:22:02.712 [FXGL Background Thread 3 ] DEBUG Engine               - isIOS: false
23:22:02.712 [FXGL Background Thread 3 ] DEBUG Engine               - isIntroEnabled: false
23:22:02.712 [FXGL Background Thread 3 ] DEBUG Engine               - isLinux: false
23:22:02.712 [FXGL Background Thread 3 ] DEBUG Engine               - isMac: false
23:22:02.712 [FXGL Background Thread 3 ] DEBUG Engine               - isMainMenuEnabled: true
23:22:02.712 [FXGL Background Thread 3 ] DEBUG Engine               - isManualResizeEnabled: false
23:22:02.712 [FXGL Background Thread 3 ] DEBUG Engine               - isMobile: false
23:22:02.712 [FXGL Background Thread 3 ] DEBUG Engine               - isNative: false
23:22:02.712 [FXGL Background Thread 3 ] DEBUG Engine               - isPauseMusicWhenMinimized: true
23:22:02.712 [FXGL Background Thread 3 ] DEBUG Engine               - isPreserveResizeRatio: false
23:22:02.712 [FXGL Background Thread 3 ] DEBUG Engine               - isProfilingEnabled: false
23:22:02.712 [FXGL Background Thread 3 ] DEBUG Engine               - isScaleAffectedOnResize: true
23:22:02.712 [FXGL Background Thread 3 ] DEBUG Engine               - isSingleStep: false
23:22:02.712 [FXGL Background Thread 3 ] DEBUG Engine               - isUserProfileEnabled: false
23:22:02.712 [FXGL Background Thread 3 ] DEBUG Engine               - isWindows: true
23:22:02.712 [FXGL Background Thread 3 ] DEBUG Engine               - language: ObjectProperty [value: ENGLISH]
23:22:02.712 [FXGL Background Thread 3 ] DEBUG Engine               - menuKey: ESCAPE
23:22:02.712 [FXGL Background Thread 3 ] DEBUG Engine               - mouseSensitivity: 0.2
23:22:02.712 [FXGL Background Thread 3 ] DEBUG Engine               - notificationViewClass: class com.almasb.fxgl.notification.view.XboxNotificationView
23:22:02.712 [FXGL Background Thread 3 ] DEBUG Engine               - pixelsPerMeter: 50.0
23:22:02.712 [FXGL Background Thread 3 ] DEBUG Engine               - platform: WINDOWS
23:22:02.712 [FXGL Background Thread 3 ] DEBUG Engine               - prefHeightProperty: ReadOnlyDoubleProperty [value: 720.0]
23:22:02.712 [FXGL Background Thread 3 ] DEBUG Engine               - prefWidthProperty: ReadOnlyDoubleProperty [value: 1080.0]
23:22:02.712 [FXGL Background Thread 3 ] DEBUG Engine               - profileDir: profiles/
23:22:02.713 [FXGL Background Thread 3 ] DEBUG Engine               - profileName: StringProperty [value: DEFAULT]
23:22:02.713 [FXGL Background Thread 3 ] DEBUG Engine               - randomSeed: -1
23:22:02.713 [FXGL Background Thread 3 ] DEBUG Engine               - runtimeInfo: RuntimeInfo(platform=WINDOWS, version=17.1, build=24.03.2022 17.34)
23:22:02.713 [FXGL Background Thread 3 ] DEBUG Engine               - saveFileExt: sav
23:22:02.713 [FXGL Background Thread 3 ] DEBUG Engine               - scaledHeightProp$fxgl: DoubleProperty [bound, value: 720.0]
23:22:02.713 [FXGL Background Thread 3 ] DEBUG Engine               - scaledWidthProp$fxgl: DoubleProperty [bound, value: 1080.0]
23:22:02.713 [FXGL Background Thread 3 ] DEBUG Engine               - sceneFactory: com.bomberman.bombermanplus.BombermanApp$1@4a5f3136
23:22:02.713 [FXGL Background Thread 3 ] DEBUG Engine               - secondsIn24h: 60
23:22:02.713 [FXGL Background Thread 3 ] DEBUG Engine               - soundMenuBack: menu/back.wav
23:22:02.713 [FXGL Background Thread 3 ] DEBUG Engine               - soundMenuPress: menu/press.wav
23:22:02.713 [FXGL Background Thread 3 ] DEBUG Engine               - soundMenuSelect: menu/select.wav
23:22:02.713 [FXGL Background Thread 3 ] DEBUG Engine               - soundNotification: core/notification.wav
23:22:02.713 [FXGL Background Thread 3 ] DEBUG Engine               - stageStyle: DECORATED
23:22:02.714 [FXGL Background Thread 3 ] DEBUG Engine               - supportedLanguages: [ENGLISH, FRENCH, GERMAN, HUNGARIAN, RUSSIAN]
23:22:02.714 [FXGL Background Thread 3 ] DEBUG Engine               - ticksPerSecond: -1
23:22:02.714 [FXGL Background Thread 3 ] DEBUG Engine               - title: BOMBERMAN
23:22:02.714 [FXGL Background Thread 3 ] DEBUG Engine               - urlGithub: https://github.com/AlmasB/FXGL
23:22:02.714 [FXGL Background Thread 3 ] DEBUG Engine               - urlLeaderboard: http://fxgl-top.herokuapp.com/
23:22:02.714 [FXGL Background Thread 3 ] DEBUG Engine               - urlPOM: https://raw.githubusercontent.com/AlmasB/FXGL/release/README.md
23:22:02.714 [FXGL Background Thread 3 ] DEBUG Engine               - userAppClass: class com.bomberman.bombermanplus.BombermanApp
23:22:02.714 [FXGL Background Thread 3 ] DEBUG Engine               - version: 1.0
23:22:02.714 [FXGL Background Thread 3 ] DEBUG Engine               - versionCheckDays: 7
23:22:02.714 [FXGL Background Thread 3 ] DEBUG Engine               - width: 1080
23:22:02.714 [FXGL Background Thread 3 ] DEBUG Engine               - Logging services
23:22:02.714 [FXGL Background Thread 3 ] DEBUG Engine               - class com.almasb.fxgl.app.services.FXGLAssetLoaderService
23:22:02.714 [FXGL Background Thread 3 ] DEBUG Engine               - class com.almasb.fxgl.app.FXGLApplication$GameApplicationService
23:22:02.714 [FXGL Background Thread 3 ] DEBUG Engine               - class com.almasb.fxgl.app.services.FXGLDialogService
23:22:02.714 [FXGL Background Thread 3 ] DEBUG Engine               - class com.almasb.fxgl.app.services.IOTaskExecutorService
23:22:02.714 [FXGL Background Thread 3 ] DEBUG Engine               - class com.almasb.fxgl.io.FileSystemService
23:22:02.714 [FXGL Background Thread 3 ] DEBUG Engine               - class com.almasb.fxgl.localization.LocalizationService
23:22:02.714 [FXGL Background Thread 3 ] DEBUG Engine               - class com.almasb.fxgl.app.services.SystemBundleService
23:22:02.714 [FXGL Background Thread 3 ] DEBUG Engine               - class com.almasb.fxgl.profile.SaveLoadService
23:22:02.714 [FXGL Background Thread 3 ] DEBUG Engine               - class com.almasb.fxgl.ui.FXGLUIFactoryServiceProvider
23:22:02.714 [FXGL Background Thread 3 ] DEBUG Engine               - class com.almasb.fxgl.ui.FXGLDialogFactoryServiceProvider
23:22:02.714 [FXGL Background Thread 3 ] DEBUG Engine               - class com.almasb.fxgl.audio.AudioPlayer
23:22:02.714 [FXGL Background Thread 3 ] DEBUG Engine               - class com.almasb.fxgl.notification.impl.NotificationServiceProvider
23:22:02.714 [FXGL Background Thread 3 ] DEBUG Engine               - class com.almasb.fxgl.achievement.AchievementService
23:22:02.714 [FXGL Background Thread 3 ] DEBUG Engine               - class com.almasb.fxgl.cutscene.CutsceneService
23:22:02.714 [FXGL Background Thread 3 ] DEBUG Engine               - class com.almasb.fxgl.minigames.MiniGameService
23:22:02.714 [FXGL Background Thread 3 ] DEBUG Engine               - class com.almasb.fxgl.net.NetService
23:22:02.714 [FXGL Background Thread 3 ] DEBUG Engine               - class com.almasb.fxgl.app.services.UpdaterService
23:22:02.714 [FXGL Background Thread 3 ] DEBUG Engine               - class com.almasb.fxgl.dev.DevService
23:22:23.008 [JavaFX Application Thread] DEBUG FXGLApplication      - Exiting FXGL
23:22:23.009 [JavaFX Application Thread] DEBUG LoopRunner           - Stopping loop
23:22:23.009 [JavaFX Application Thread] DEBUG SystemBundleService  - Saving FXGL system data
23:22:23.011 [JavaFX Application Thread] DEBUG FileSystemAccess     - Writing to: C:\Users\ADMIN\IdeaProjects\BombermanPlus\system\fxgl.bundle
23:22:23.012 [JavaFX Application Thread] DEBUG Async                - Shutting down background threads
23:22:23.012 [JavaFX Application Thread] DEBUG PrimaryStageWindow   - Closing main window
23:22:23.020 [JavaFX Application Thread] DEBUG Logger               - Closing Logger
