09:09:26.038 [main                     ] DEBUG Logger               - Configured Logger
09:09:26.054 [main                     ] DEBUG GameApplication      - Logging settings
Title: BOMBERMAN
Version: 1.0
Width: 1080
Height: 720
Fullscreen: false
Intro: false
Profiling: false
Single step:false
App Mode: DEVELOPER
Menu Key: ESCAPE
Stage Style: DECORATED
Scene Factory: class com.bomberman.bombermanplus.BombermanApp$1

09:09:26.319 [JavaFX Application Thread] DEBUG FXGLApplication      - Initializing FXGL
09:09:26.322 [JavaFX Application Thread] INFO  Engine               - FXGL-17.1 (24.03.2022 17.34) on WINDOWS (J:19 FX:19-ea)
09:09:26.324 [JavaFX Application Thread] DEBUG Engine               - JRE Vendor Name: Oracle Corporation
09:09:26.324 [JavaFX Application Thread] DEBUG Engine               - Running on OS: Windows 11 version 10.0
09:09:26.324 [JavaFX Application Thread] DEBUG Engine               - Architecture: amd64
09:09:26.324 [JavaFX Application Thread] INFO  Engine               - Source code and latest versions at: https://github.com/AlmasB/FXGL
09:09:26.324 [JavaFX Application Thread] INFO  Engine               -       Ask questions and discuss at: https://github.com/AlmasB/FXGL/discussions
09:09:26.324 [JavaFX Application Thread] INFO  Engine               -              Join the FXGL chat at: https://gitter.im/AlmasB/FXGL
09:09:26.382 [JavaFX Application Thread] DEBUG PrimaryStageWindow   - Creating a JavaFX scene
09:09:26.413 [JavaFX Application Thread] DEBUG PrimaryStageWindow   - Target settings size: 1080.0 x 720.0
09:09:26.413 [JavaFX Application Thread] DEBUG PrimaryStageWindow   - Scaled scene size:    1080.0 x 720.0
09:09:26.413 [JavaFX Application Thread] DEBUG PrimaryStageWindow   - Scaled ratio: (1.0, 1.0)
09:09:26.414 [JavaFX Application Thread] DEBUG PrimaryStageWindow   - Set initial scene to FXGLStartupScene
09:09:26.418 [JavaFX Application Thread] DEBUG PrimaryStageWindow   - Opening main window
09:09:26.476 [JavaFX Application Thread] DEBUG PrimaryStageWindow   - Window border size: (14.4000244140625, 37.5999755859375)
09:09:26.476 [JavaFX Application Thread] DEBUG PrimaryStageWindow   - Scaled size: 1080.0 x 720.0
09:09:26.476 [JavaFX Application Thread] DEBUG PrimaryStageWindow   - Scaled ratio: (1.0, 1.0)
09:09:26.477 [JavaFX Application Thread] DEBUG PrimaryStageWindow   - Scene size: 1080.0 x 720.0
09:09:26.478 [JavaFX Application Thread] DEBUG PrimaryStageWindow   - Stage size: 1094.4000244140625 x 757.5999755859375
09:09:26.483 [FXGL Background Thread 1 ] DEBUG Engine               - Initializing environment variables
09:09:26.527 [FXGL Background Thread 1 ] DEBUG FXGLAssetLoaderServi - User app class for loading assets: class com.bomberman.bombermanplus.BombermanApp
09:09:26.527 [FXGL Background Thread 1 ] DEBUG GameApplicationServi - Applying CSS: fxgl_dark.css
09:09:26.528 [FXGL Background Thread 1 ] DEBUG FXGLAssetLoaderServi - Loading from file system: jar:file:///C:/Users/ADMIN/.m2/repository/com/github/almasb/fxgl/17.1/fxgl-17.1.jar!/fxglassets/ui/css/fxgl_dark.css
09:09:26.559 [FXGL Background Thread 1 ] DEBUG GameApplicationServi - Initializing application scenes
09:09:26.589 [FXGL Background Thread 1 ] DEBUG GameWorld            - Game world initialized
09:09:26.650 [FXGL Background Thread 1 ] DEBUG PhysicsWorld         - Physics world initialized: appHeight=720, physics.ppm=50.0
09:09:26.650 [FXGL Background Thread 1 ] DEBUG PhysicsWorld         - Using strategy: BRUTE_FORCE
09:09:26.653 [FXGL Background Thread 1 ] DEBUG GameScene            - Game scene initialized: 1080x720
09:09:26.697 [FXGL Background Thread 1 ] DEBUG GameApplicationServi - Application scenes initialized
09:09:26.706 [FXGL Background Thread 1 ] DEBUG SystemBundleService  - Loading FXGL system data
09:09:26.709 [FXGL Background Thread 1 ] DEBUG FileSystemAccess     - Reading from: C:\Users\ADMIN\IdeaProjects\BombermanPlus\system\fxgl.bundle
09:09:26.717 [FXGL Background Thread 1 ] DEBUG SystemBundleService  - Bundle FXGL: {}
09:09:26.717 [FXGL Background Thread 1 ] DEBUG UpdaterService       - Checking for updates
09:09:26.736 [FXGL Background Thread 4 ] DEBUG FXGLApplication      - Loading fonts
09:09:26.737 [FXGL Background Thread 1 ] DEBUG FXGLApplication      - Loading default localization
09:09:26.737 [FXGL Background Thread 4 ] WARN  FXGLAssetLoaderServi - Asset "/assets/ui/fonts/Retro Gaming.ttf" was not found!
09:09:26.737 [FXGL Background Thread 1 ] DEBUG FXGLAssetLoaderServi - Loading from file system: jar:file:///C:/Users/ADMIN/.m2/repository/com/github/almasb/fxgl/17.1/fxgl-17.1.jar!/fxglassets/languages/english.lang
09:09:26.737 [FXGL Background Thread 4 ] WARN  FXGLAssetLoaderServi - Failed to load FONT
09:09:26.738 [FXGL Background Thread 4 ] DEBUG FXGLAssetLoaderServi - Loading from file system: jar:file:///C:/Users/ADMIN/.m2/repository/com/github/almasb/fxgl/17.1/fxgl-17.1.jar!/fxglassets/ui/fonts/Abel-Regular.ttf
09:09:26.749 [FXGL Background Thread 1 ] INFO  FXGLApplication      - FXGL initialization took: 0.265 sec
09:09:26.757 [JavaFX Application Thread] DEBUG Input                - Registered new binding: Move Right - D
09:09:26.757 [JavaFX Application Thread] DEBUG Input                - Registered new binding: Move Up - W
09:09:26.757 [JavaFX Application Thread] DEBUG Input                - Registered new binding: Move Down - S
09:09:26.757 [JavaFX Application Thread] DEBUG Input                - Registered new binding: Move Left - A
09:09:26.757 [JavaFX Application Thread] DEBUG Input                - Registered new binding: Place bomb - Space
09:09:26.757 [JavaFX Application Thread] DEBUG FXGLAssetLoaderServi - Loading from file system: file:/C:/Users/ADMIN/IdeaProjects/BombermanPlus/target/classes/assets/music/title_screen.mp3
09:09:26.828 [FXGL Background Thread 4 ] DEBUG FXGLAssetLoaderServi - Loading from file system: jar:file:///C:/Users/ADMIN/.m2/repository/com/github/almasb/fxgl/17.1/fxgl-17.1.jar!/fxglassets/ui/fonts/TerminalLandMono-Regular.otf
09:09:26.845 [FXGL Background Thread 4 ] DEBUG FXGLAssetLoaderServi - Loading from file system: jar:file:///C:/Users/ADMIN/.m2/repository/com/github/almasb/fxgl/17.1/fxgl-17.1.jar!/fxglassets/ui/fonts/Courier-Prime.ttf
09:09:27.382 [JavaFX Application Thread] DEBUG AudioPlayer          - Playing music com.almasb.fxgl.audio.Music@6802fd99
09:09:27.382 [JavaFX Application Thread] DEBUG FXGLAssetLoaderServi - Loading from file system: jar:file:///C:/Users/ADMIN/.m2/repository/com/github/almasb/fxgl/17.1/fxgl-17.1.jar!/fxglassets/textures/fxgl_icon.png
09:09:27.403 [JavaFX Application Thread] DEBUG FXGLAssetLoaderServi - Loading from file system: jar:file:///C:/Users/ADMIN/.m2/repository/com/github/almasb/fxgl/17.1/fxgl-17.1.jar!/fxglassets/textures/fxgl_default_cursor.png
09:09:27.405 [JavaFX Application Thread] DEBUG Input                - Registered new binding: Screenshot - CTRL+8
09:09:27.405 [JavaFX Application Thread] DEBUG Input                - Registered new binding: Dev Options - 1
09:09:27.405 [JavaFX Application Thread] DEBUG Input                - Registered new binding: Dev Console - 2
09:09:27.405 [JavaFX Application Thread] DEBUG Input                - Registered new binding: System info dump - CTRL+9
09:09:27.405 [JavaFX Application Thread] DEBUG Input                - Registered new binding: Restart - CTRL+R
09:09:27.406 [JavaFX Application Thread] DEBUG Input                - Registered new binding: Toggle Debug Camera - CTRL+7
09:09:27.407 [JavaFX Application Thread] DEBUG LoopRunner           - Starting loop
09:09:27.414 [JavaFX Application Thread] DEBUG LoopRunner           - Initializing JavaFX AnimationTimerLoop
09:09:27.415 [JavaFX Application Thread] DEBUG Input                - Clearing active input actions
09:09:27.423 [JavaFX Application Thread] DEBUG GameApplicationServi - Removing overlay from FXGLStartupScene and adding to FXGLMainMenuDummyScene
09:09:27.425 [JavaFX Application Thread] DEBUG PrimaryStageWindow   - FXGLStartupScene -> FXGLMainMenuDummyScene
09:09:27.425 [JavaFX Application Thread] DEBUG PrimaryStageWindow   - Push state: BombermanMenu
09:09:27.425 [JavaFX Application Thread] DEBUG Input                - Clearing active input actions
09:09:27.426 [JavaFX Application Thread] DEBUG GameApplicationServi - Removing overlay from FXGLMainMenuDummyScene and adding to BombermanMenu
09:09:27.426 [JavaFX Application Thread] DEBUG PrimaryStageWindow   - FXGLMainMenuDummyScene -> BombermanMenu
09:09:27.432 [JavaFX Application Thread] DEBUG FXGLApplication      - Registering font factories with UI factory
09:09:27.507 [FXGL Background Thread 2 ] INFO  UpdaterService       - Your current version:  17.1
09:09:27.508 [FXGL Background Thread 2 ] INFO  UpdaterService       - Latest stable version: 17.2
09:09:29.737 [FXGL Background Thread 3 ] DEBUG Engine               - Logging environment variables
09:09:29.737 [FXGL Background Thread 3 ] DEBUG Engine               - achievements: []
09:09:29.737 [FXGL Background Thread 3 ] DEBUG Engine               - actualHeight: 720.0
09:09:29.737 [FXGL Background Thread 3 ] DEBUG Engine               - actualHeightProperty: ReadOnlyDoubleProperty [value: 720.0]
09:09:29.738 [FXGL Background Thread 3 ] DEBUG Engine               - actualWidth: 1080.0
09:09:29.738 [FXGL Background Thread 3 ] DEBUG Engine               - actualWidthProperty: ReadOnlyDoubleProperty [value: 1080.0]
09:09:29.738 [FXGL Background Thread 3 ] DEBUG Engine               - appIcon: fxgl_icon.png
09:09:29.738 [FXGL Background Thread 3 ] DEBUG Engine               - applicationMode: DEVELOPER
09:09:29.738 [FXGL Background Thread 3 ] DEBUG Engine               - cSSList: [fxgl_dark.css]
09:09:29.738 [FXGL Background Thread 3 ] DEBUG Engine               - collisionDetectionStrategy: BRUTE_FORCE
09:09:29.738 [FXGL Background Thread 3 ] DEBUG Engine               - configClass: Optional.empty
09:09:29.738 [FXGL Background Thread 3 ] DEBUG Engine               - credits: []
09:09:29.739 [FXGL Background Thread 3 ] DEBUG Engine               - defaultCursor: CursorInfo(imageName=fxgl_default_cursor.png, hotspotX=7.0, hotspotY=6.0)
09:09:29.739 [FXGL Background Thread 3 ] DEBUG Engine               - devBBoxColorProperty: ObjectProperty [value: 0xff0000ff]
09:09:29.739 [FXGL Background Thread 3 ] DEBUG Engine               - devEnableDebugCameraProperty: BooleanProperty [value: false]
09:09:29.739 [FXGL Background Thread 3 ] DEBUG Engine               - devSensorColorProperty: ObjectProperty [value: 0xffff00ff]
09:09:29.739 [FXGL Background Thread 3 ] DEBUG Engine               - devShowBBoxProperty: BooleanProperty [value: false]
09:09:29.739 [FXGL Background Thread 3 ] DEBUG Engine               - devShowPositionProperty: BooleanProperty [value: false]
09:09:29.739 [FXGL Background Thread 3 ] DEBUG Engine               - enabledMenuItems: []
09:09:29.739 [FXGL Background Thread 3 ] DEBUG Engine               - engineServices: [class com.almasb.fxgl.app.services.FXGLAssetLoaderService, class com.almasb.fxgl.app.FXGLApplication$GameApplicationService, class com.almasb.fxgl.app.services.FXGLDialogService, class com.almasb.fxgl.app.services.IOTaskExecutorService, class com.almasb.fxgl.io.FileSystemService, class com.almasb.fxgl.localization.LocalizationService, class com.almasb.fxgl.app.services.SystemBundleService, class com.almasb.fxgl.profile.SaveLoadService, class com.almasb.fxgl.ui.FXGLUIFactoryServiceProvider, class com.almasb.fxgl.ui.FXGLDialogFactoryServiceProvider, class com.almasb.fxgl.audio.AudioPlayer, class com.almasb.fxgl.notification.impl.NotificationServiceProvider, class com.almasb.fxgl.achievement.AchievementService, class com.almasb.fxgl.cutscene.CutsceneService, class com.almasb.fxgl.minigames.MiniGameService, class com.almasb.fxgl.net.NetService, class com.almasb.fxgl.app.services.UpdaterService, class com.almasb.fxgl.dev.DevService]
09:09:29.739 [FXGL Background Thread 3 ] DEBUG Engine               - fontGame: Abel-Regular.ttf
09:09:29.739 [FXGL Background Thread 3 ] DEBUG Engine               - fontMono: TerminalLandMono-Regular.otf
09:09:29.740 [FXGL Background Thread 3 ] DEBUG Engine               - fontText: Courier-Prime.ttf
09:09:29.740 [FXGL Background Thread 3 ] DEBUG Engine               - fontUI: Retro Gaming.ttf
09:09:29.740 [FXGL Background Thread 3 ] DEBUG Engine               - fullScreen: BooleanProperty [value: false]
09:09:29.740 [FXGL Background Thread 3 ] DEBUG Engine               - gameDifficulty: MEDIUM
09:09:29.740 [FXGL Background Thread 3 ] DEBUG Engine               - gameDifficultyProperty: ObjectProperty [value: MEDIUM]
09:09:29.740 [FXGL Background Thread 3 ] DEBUG Engine               - globalMusicVolume: 0.5
09:09:29.740 [FXGL Background Thread 3 ] DEBUG Engine               - globalMusicVolumeProperty: DoubleProperty [value: 0.05]
09:09:29.740 [FXGL Background Thread 3 ] DEBUG Engine               - globalSoundVolume: 0.5
09:09:29.740 [FXGL Background Thread 3 ] DEBUG Engine               - globalSoundVolumeProperty: DoubleProperty [value: 0.4]
09:09:29.740 [FXGL Background Thread 3 ] DEBUG Engine               - height: 720
09:09:29.740 [FXGL Background Thread 3 ] DEBUG Engine               - is3D: false
09:09:29.740 [FXGL Background Thread 3 ] DEBUG Engine               - isAndroid: false
09:09:29.740 [FXGL Background Thread 3 ] DEBUG Engine               - isBrowser: false
09:09:29.740 [FXGL Background Thread 3 ] DEBUG Engine               - isClickFeedbackEnabled: false
09:09:29.740 [FXGL Background Thread 3 ] DEBUG Engine               - isCloseConfirmation: false
09:09:29.740 [FXGL Background Thread 3 ] DEBUG Engine               - isDesktop: true
09:09:29.740 [FXGL Background Thread 3 ] DEBUG Engine               - isDeveloperMenuEnabled: true
09:09:29.741 [FXGL Background Thread 3 ] DEBUG Engine               - isEmbedded: false
09:09:29.741 [FXGL Background Thread 3 ] DEBUG Engine               - isEntityPreloadEnabled: true
09:09:29.741 [FXGL Background Thread 3 ] DEBUG Engine               - isExperimentalTiledLargeMap: false
09:09:29.741 [FXGL Background Thread 3 ] DEBUG Engine               - isFileSystemWriteAllowed: true
09:09:29.741 [FXGL Background Thread 3 ] DEBUG Engine               - isFullScreenAllowed: false
09:09:29.741 [FXGL Background Thread 3 ] DEBUG Engine               - isFullScreenFromStart: false
09:09:29.741 [FXGL Background Thread 3 ] DEBUG Engine               - isGameMenuEnabled: true
09:09:29.741 [FXGL Background Thread 3 ] DEBUG Engine               - isIOS: false
09:09:29.741 [FXGL Background Thread 3 ] DEBUG Engine               - isIntroEnabled: false
09:09:29.741 [FXGL Background Thread 3 ] DEBUG Engine               - isLinux: false
09:09:29.741 [FXGL Background Thread 3 ] DEBUG Engine               - isMac: false
09:09:29.741 [FXGL Background Thread 3 ] DEBUG Engine               - isMainMenuEnabled: true
09:09:29.741 [FXGL Background Thread 3 ] DEBUG Engine               - isManualResizeEnabled: true
09:09:29.741 [FXGL Background Thread 3 ] DEBUG Engine               - isMobile: false
09:09:29.741 [FXGL Background Thread 3 ] DEBUG Engine               - isNative: false
09:09:29.741 [FXGL Background Thread 3 ] DEBUG Engine               - isPauseMusicWhenMinimized: true
09:09:29.741 [FXGL Background Thread 3 ] DEBUG Engine               - isPreserveResizeRatio: true
09:09:29.741 [FXGL Background Thread 3 ] DEBUG Engine               - isProfilingEnabled: false
09:09:29.741 [FXGL Background Thread 3 ] DEBUG Engine               - isScaleAffectedOnResize: true
09:09:29.741 [FXGL Background Thread 3 ] DEBUG Engine               - isSingleStep: false
09:09:29.742 [FXGL Background Thread 3 ] DEBUG Engine               - isUserProfileEnabled: false
09:09:29.742 [FXGL Background Thread 3 ] DEBUG Engine               - isWindows: true
09:09:29.742 [FXGL Background Thread 3 ] DEBUG Engine               - language: ObjectProperty [value: ENGLISH]
09:09:29.742 [FXGL Background Thread 3 ] DEBUG Engine               - menuKey: ESCAPE
09:09:29.742 [FXGL Background Thread 3 ] DEBUG Engine               - mouseSensitivity: 0.2
09:09:29.742 [FXGL Background Thread 3 ] DEBUG Engine               - notificationViewClass: class com.almasb.fxgl.notification.view.XboxNotificationView
09:09:29.742 [FXGL Background Thread 3 ] DEBUG Engine               - pixelsPerMeter: 50.0
09:09:29.742 [FXGL Background Thread 3 ] DEBUG Engine               - platform: WINDOWS
09:09:29.742 [FXGL Background Thread 3 ] DEBUG Engine               - prefHeightProperty: ReadOnlyDoubleProperty [value: 720.0]
09:09:29.742 [FXGL Background Thread 3 ] DEBUG Engine               - prefWidthProperty: ReadOnlyDoubleProperty [value: 1080.0]
09:09:29.742 [FXGL Background Thread 3 ] DEBUG Engine               - profileDir: profiles/
09:09:29.742 [FXGL Background Thread 3 ] DEBUG Engine               - profileName: StringProperty [value: DEFAULT]
09:09:29.742 [FXGL Background Thread 3 ] DEBUG Engine               - randomSeed: -1
09:09:29.742 [FXGL Background Thread 3 ] DEBUG Engine               - runtimeInfo: RuntimeInfo(platform=WINDOWS, version=17.1, build=24.03.2022 17.34)
09:09:29.742 [FXGL Background Thread 3 ] DEBUG Engine               - saveFileExt: sav
09:09:29.742 [FXGL Background Thread 3 ] DEBUG Engine               - scaledHeightProp$fxgl: DoubleProperty [bound, value: 720.0]
09:09:29.742 [FXGL Background Thread 3 ] DEBUG Engine               - scaledWidthProp$fxgl: DoubleProperty [bound, value: 1080.0]
09:09:29.743 [FXGL Background Thread 3 ] DEBUG Engine               - sceneFactory: com.bomberman.bombermanplus.BombermanApp$1@1ab74d1
09:09:29.743 [FXGL Background Thread 3 ] DEBUG Engine               - secondsIn24h: 60
09:09:29.743 [FXGL Background Thread 3 ] DEBUG Engine               - soundMenuBack: menu/back.wav
09:09:29.743 [FXGL Background Thread 3 ] DEBUG Engine               - soundMenuPress: menu/press.wav
09:09:29.743 [FXGL Background Thread 3 ] DEBUG Engine               - soundMenuSelect: menu/select.wav
09:09:29.743 [FXGL Background Thread 3 ] DEBUG Engine               - soundNotification: core/notification.wav
09:09:29.743 [FXGL Background Thread 3 ] DEBUG Engine               - stageStyle: DECORATED
09:09:29.743 [FXGL Background Thread 3 ] DEBUG Engine               - supportedLanguages: [ENGLISH, FRENCH, GERMAN, HUNGARIAN, RUSSIAN]
09:09:29.743 [FXGL Background Thread 3 ] DEBUG Engine               - ticksPerSecond: -1
09:09:29.743 [FXGL Background Thread 3 ] DEBUG Engine               - title: BOMBERMAN
09:09:29.743 [FXGL Background Thread 3 ] DEBUG Engine               - urlGithub: https://github.com/AlmasB/FXGL
09:09:29.743 [FXGL Background Thread 3 ] DEBUG Engine               - urlLeaderboard: http://fxgl-top.herokuapp.com/
09:09:29.743 [FXGL Background Thread 3 ] DEBUG Engine               - urlPOM: https://raw.githubusercontent.com/AlmasB/FXGL/release/README.md
09:09:29.743 [FXGL Background Thread 3 ] DEBUG Engine               - userAppClass: class com.bomberman.bombermanplus.BombermanApp
09:09:29.743 [FXGL Background Thread 3 ] DEBUG Engine               - version: 1.0
09:09:29.743 [FXGL Background Thread 3 ] DEBUG Engine               - versionCheckDays: 7
09:09:29.743 [FXGL Background Thread 3 ] DEBUG Engine               - width: 1080
09:09:29.743 [FXGL Background Thread 3 ] DEBUG Engine               - Logging services
09:09:29.743 [FXGL Background Thread 3 ] DEBUG Engine               - class com.almasb.fxgl.app.services.FXGLAssetLoaderService
09:09:29.743 [FXGL Background Thread 3 ] DEBUG Engine               - class com.almasb.fxgl.app.FXGLApplication$GameApplicationService
09:09:29.743 [FXGL Background Thread 3 ] DEBUG Engine               - class com.almasb.fxgl.app.services.FXGLDialogService
09:09:29.743 [FXGL Background Thread 3 ] DEBUG Engine               - class com.almasb.fxgl.app.services.IOTaskExecutorService
09:09:29.744 [FXGL Background Thread 3 ] DEBUG Engine               - class com.almasb.fxgl.io.FileSystemService
09:09:29.744 [FXGL Background Thread 3 ] DEBUG Engine               - class com.almasb.fxgl.localization.LocalizationService
09:09:29.744 [FXGL Background Thread 3 ] DEBUG Engine               - class com.almasb.fxgl.app.services.SystemBundleService
09:09:29.744 [FXGL Background Thread 3 ] DEBUG Engine               - class com.almasb.fxgl.profile.SaveLoadService
09:09:29.744 [FXGL Background Thread 3 ] DEBUG Engine               - class com.almasb.fxgl.ui.FXGLUIFactoryServiceProvider
09:09:29.744 [FXGL Background Thread 3 ] DEBUG Engine               - class com.almasb.fxgl.ui.FXGLDialogFactoryServiceProvider
09:09:29.744 [FXGL Background Thread 3 ] DEBUG Engine               - class com.almasb.fxgl.audio.AudioPlayer
09:09:29.744 [FXGL Background Thread 3 ] DEBUG Engine               - class com.almasb.fxgl.notification.impl.NotificationServiceProvider
09:09:29.744 [FXGL Background Thread 3 ] DEBUG Engine               - class com.almasb.fxgl.achievement.AchievementService
09:09:29.744 [FXGL Background Thread 3 ] DEBUG Engine               - class com.almasb.fxgl.cutscene.CutsceneService
09:09:29.744 [FXGL Background Thread 3 ] DEBUG Engine               - class com.almasb.fxgl.minigames.MiniGameService
09:09:29.744 [FXGL Background Thread 3 ] DEBUG Engine               - class com.almasb.fxgl.net.NetService
09:09:29.744 [FXGL Background Thread 3 ] DEBUG Engine               - class com.almasb.fxgl.app.services.UpdaterService
09:09:29.744 [FXGL Background Thread 3 ] DEBUG Engine               - class com.almasb.fxgl.dev.DevService
09:09:30.943 [JavaFX Application Thread] DEBUG Menu                 - fireNewGame()
09:09:30.944 [JavaFX Application Thread] DEBUG GameApplicationServi - Starting new game
09:09:30.944 [JavaFX Application Thread] DEBUG PrimaryStageWindow   - Pop state: BombermanMenu
09:09:30.944 [JavaFX Application Thread] DEBUG Input                - Clearing active input actions
09:09:30.945 [JavaFX Application Thread] DEBUG GameApplicationServi - Removing overlay from BombermanMenu and adding to FXGLMainMenuDummyScene
09:09:30.946 [JavaFX Application Thread] DEBUG PrimaryStageWindow   - FXGLMainMenuDummyScene <- BombermanMenu
09:09:30.946 [JavaFX Application Thread] DEBUG Input                - Clearing active input actions
09:09:30.950 [JavaFX Application Thread] DEBUG GameApplicationServi - Removing overlay from FXGLMainMenuDummyScene and adding to FXGLLoadingScene
09:09:30.950 [JavaFX Application Thread] DEBUG PrimaryStageWindow   - FXGLMainMenuDummyScene -> FXGLLoadingScene
09:09:30.950 [JavaFX Application Thread] DEBUG GameApplicationServi - Clearing previous game
09:09:30.950 [JavaFX Application Thread] DEBUG GameScene            - Clearing game scene
09:09:30.950 [JavaFX Application Thread] DEBUG GameWorld            - Clearing game world
09:09:30.950 [JavaFX Application Thread] DEBUG PhysicsWorld         - Clearing physics world
09:09:30.952 [FXGL Background Thread 2 ] DEBUG FXGLApplication      - Initializing game
09:09:30.959 [FXGL Background Thread 2 ] DEBUG FXGLAssetLoaderServi - Loading from file system: file:/C:/Users/ADMIN/IdeaProjects/BombermanPlus/target/classes/assets/sounds/stage_start.wav
09:09:30.989 [FXGL Background Thread 2 ] INFO  FXGLApplication      - Game initialization took: 0.037 sec
09:09:30.990 [JavaFX Application Thread] DEBUG Input                - Clearing active input actions
09:09:30.996 [JavaFX Application Thread] DEBUG GameApplicationServi - Removing overlay from FXGLLoadingScene and adding to GameScene
09:09:30.999 [JavaFX Application Thread] DEBUG PrimaryStageWindow   - FXGLLoadingScene -> GameScene
09:09:33.961 [JavaFX Application Thread] WARN  TMXLevelLoader       - TiledMap generated from 1.9.2. Supported version: 1.4.2. Some features may not be parsed fully.
09:09:33.978 [JavaFX Application Thread] DEBUG TMXLevelLoader       - Parsed TiledMap: file:/C:/Users/ADMIN/IdeaProjects/BombermanPlus/target/classes/assets/levels/bbm_level1.tmx
09:09:33.978 [JavaFX Application Thread] DEBUG TMXLevelLoader       - Creating tile layer entities
09:09:33.980 [JavaFX Application Thread] DEBUG TilesetLoader        - Loading view for layer Tile Layer 1
09:09:33.984 [JavaFX Application Thread] DEBUG TilesetLoader        - Created buffer with size 1488.0x720.0
09:09:34.050 [JavaFX Application Thread] DEBUG TMXLevelLoader       - Creating object layer entities
09:09:34.051 [JavaFX Application Thread] DEBUG FXGLAssetLoaderServi - Loading from file system: file:/C:/Users/ADMIN/IdeaProjects/BombermanPlus/target/classes/assets/textures/items/powerup_speed.png
09:09:34.057 [JavaFX Application Thread] DEBUG FXGLAssetLoaderServi - Loading from file system: file:/C:/Users/ADMIN/IdeaProjects/BombermanPlus/target/classes/assets/textures/items/powerup_flames.png
09:09:34.058 [JavaFX Application Thread] DEBUG FXGLAssetLoaderServi - Loading from file system: file:/C:/Users/ADMIN/IdeaProjects/BombermanPlus/target/classes/assets/textures/items/powerup_bombs.png
09:09:34.059 [JavaFX Application Thread] DEBUG FXGLAssetLoaderServi - Loading from file system: file:/C:/Users/ADMIN/IdeaProjects/BombermanPlus/target/classes/assets/textures/items/powerup_flamepass.png
09:09:34.062 [JavaFX Application Thread] DEBUG FXGLAssetLoaderServi - Loading from file system: file:/C:/Users/ADMIN/IdeaProjects/BombermanPlus/target/classes/assets/textures/items/portal.png
09:09:34.064 [JavaFX Application Thread] DEBUG FXGLAssetLoaderServi - Loading from file system: file:/C:/Users/ADMIN/IdeaProjects/BombermanPlus/target/classes/assets/textures/sprites.png
09:09:34.132 [JavaFX Application Thread] DEBUG GameWorld            - Clearing removable entities
09:09:34.133 [JavaFX Application Thread] DEBUG GameWorld            - Setting level: com.almasb.fxgl.entity.level.Level@426fb9c2
09:09:37.399 [JavaFX Application Thread] DEBUG FXGLAssetLoaderServi - Loading from file system: file:/C:/Users/ADMIN/IdeaProjects/BombermanPlus/target/classes/assets/sounds/bomb_explored.wav
09:09:41.242 [JavaFX Application Thread] WARN  TMXLevelLoader       - TiledMap generated from 1.9.2. Supported version: 1.4.2. Some features may not be parsed fully.
09:09:41.252 [JavaFX Application Thread] DEBUG TMXLevelLoader       - Parsed TiledMap: file:/C:/Users/ADMIN/IdeaProjects/BombermanPlus/target/classes/assets/levels/bbm_level1.tmx
09:09:41.253 [JavaFX Application Thread] DEBUG TMXLevelLoader       - Creating tile layer entities
09:09:41.253 [JavaFX Application Thread] DEBUG TilesetLoader        - Loading view for layer Tile Layer 1
09:09:41.254 [JavaFX Application Thread] DEBUG TilesetLoader        - Created buffer with size 1488.0x720.0
09:09:41.309 [JavaFX Application Thread] DEBUG TMXLevelLoader       - Creating object layer entities
09:09:41.342 [JavaFX Application Thread] DEBUG GameWorld            - Clearing removable entities
09:09:41.349 [JavaFX Application Thread] DEBUG GameWorld            - Setting level: com.almasb.fxgl.entity.level.Level@3c2a9134
09:10:28.403 [JavaFX Application Thread] WARN  GameWorld            - Attempted to remove entity which is not active
09:11:33.385 [JavaFX Application Thread] WARN  TMXLevelLoader       - TiledMap generated from 1.9.2. Supported version: 1.4.2. Some features may not be parsed fully.
09:11:33.391 [JavaFX Application Thread] DEBUG TMXLevelLoader       - Parsed TiledMap: file:/C:/Users/ADMIN/IdeaProjects/BombermanPlus/target/classes/assets/levels/bbm_level1.tmx
09:11:33.391 [JavaFX Application Thread] DEBUG TMXLevelLoader       - Creating tile layer entities
09:11:33.391 [JavaFX Application Thread] DEBUG TilesetLoader        - Loading view for layer Tile Layer 1
09:11:33.392 [JavaFX Application Thread] DEBUG TilesetLoader        - Created buffer with size 1488.0x720.0
09:11:33.419 [JavaFX Application Thread] DEBUG TMXLevelLoader       - Creating object layer entities
09:11:33.439 [JavaFX Application Thread] DEBUG GameWorld            - Clearing removable entities
09:11:33.441 [JavaFX Application Thread] DEBUG GameWorld            - Setting level: com.almasb.fxgl.entity.level.Level@3f3d56a2
09:11:35.339 [JavaFX Application Thread] DEBUG FXGLApplication      - Exiting FXGL
09:11:35.339 [JavaFX Application Thread] DEBUG LoopRunner           - Stopping loop
09:11:35.339 [JavaFX Application Thread] DEBUG SystemBundleService  - Saving FXGL system data
09:11:35.342 [JavaFX Application Thread] DEBUG FileSystemAccess     - Writing to: C:\Users\ADMIN\IdeaProjects\BombermanPlus\system\fxgl.bundle
09:11:35.343 [JavaFX Application Thread] DEBUG Async                - Shutting down background threads
09:11:35.343 [JavaFX Application Thread] DEBUG PrimaryStageWindow   - Closing main window
09:11:35.349 [JavaFX Application Thread] DEBUG Logger               - Closing Logger
