19:03:59.400 [main                     ] DEBUG Logger               - Configured Logger
19:03:59.415 [main                     ] DEBUG GameApplication      - Logging settings
Title: BOMBERMAN
Version: 1.0
Width: 1080
Height: 720
Fullscreen: false
Intro: false
Profiling: false
Single step:false
App Mode: DEVELOPER
Menu Key: ESCAPE
Stage Style: DECORATED
Scene Factory: class com.bomberman.bombermanplus.BombermanApp$1

19:03:59.678 [JavaFX Application Thread] DEBUG FXGLApplication      - Initializing FXGL
19:03:59.681 [JavaFX Application Thread] INFO  Engine               - FXGL-17.1 (24.03.2022 17.34) on WINDOWS (J:19 FX:19-ea)
19:03:59.681 [JavaFX Application Thread] DEBUG Engine               - JRE Vendor Name: Oracle Corporation
19:03:59.682 [JavaFX Application Thread] DEBUG Engine               - Running on OS: Windows 11 version 10.0
19:03:59.682 [JavaFX Application Thread] DEBUG Engine               - Architecture: amd64
19:03:59.682 [JavaFX Application Thread] INFO  Engine               - Source code and latest versions at: https://github.com/AlmasB/FXGL
19:03:59.682 [JavaFX Application Thread] INFO  Engine               -       Ask questions and discuss at: https://github.com/AlmasB/FXGL/discussions
19:03:59.682 [JavaFX Application Thread] INFO  Engine               -              Join the FXGL chat at: https://gitter.im/AlmasB/FXGL
19:03:59.741 [JavaFX Application Thread] DEBUG PrimaryStageWindow   - Creating a JavaFX scene
19:03:59.773 [JavaFX Application Thread] DEBUG PrimaryStageWindow   - Target settings size: 1080.0 x 720.0
19:03:59.773 [JavaFX Application Thread] DEBUG PrimaryStageWindow   - Scaled scene size:    1080.0 x 720.0
19:03:59.773 [JavaFX Application Thread] DEBUG PrimaryStageWindow   - Scaled ratio: (1.0, 1.0)
19:03:59.774 [JavaFX Application Thread] DEBUG PrimaryStageWindow   - Set initial scene to FXGLStartupScene
19:03:59.778 [JavaFX Application Thread] DEBUG PrimaryStageWindow   - Opening main window
19:03:59.838 [JavaFX Application Thread] DEBUG PrimaryStageWindow   - Window border size: (14.4000244140625, 37.5999755859375)
19:03:59.838 [JavaFX Application Thread] DEBUG PrimaryStageWindow   - Scaled size: 1080.0 x 720.0
19:03:59.839 [JavaFX Application Thread] DEBUG PrimaryStageWindow   - Scaled ratio: (1.0, 1.0)
19:03:59.839 [JavaFX Application Thread] DEBUG PrimaryStageWindow   - Scene size: 1080.0 x 720.0
19:03:59.839 [JavaFX Application Thread] DEBUG PrimaryStageWindow   - Stage size: 1094.4000244140625 x 757.5999755859375
19:03:59.847 [FXGL Background Thread 1 ] DEBUG Engine               - Initializing environment variables
19:03:59.893 [FXGL Background Thread 1 ] DEBUG FXGLAssetLoaderServi - User app class for loading assets: class com.bomberman.bombermanplus.BombermanApp
19:03:59.894 [FXGL Background Thread 1 ] DEBUG GameApplicationServi - Applying CSS: fxgl_dark.css
19:03:59.895 [FXGL Background Thread 1 ] DEBUG FXGLAssetLoaderServi - Loading from file system: jar:file:///C:/Users/ADMIN/.m2/repository/com/github/almasb/fxgl/17.1/fxgl-17.1.jar!/fxglassets/ui/css/fxgl_dark.css
19:03:59.927 [FXGL Background Thread 1 ] DEBUG GameApplicationServi - Initializing application scenes
19:03:59.960 [FXGL Background Thread 1 ] DEBUG GameWorld            - Game world initialized
19:04:00.025 [FXGL Background Thread 1 ] DEBUG PhysicsWorld         - Physics world initialized: appHeight=720, physics.ppm=50.0
19:04:00.025 [FXGL Background Thread 1 ] DEBUG PhysicsWorld         - Using strategy: BRUTE_FORCE
19:04:00.030 [FXGL Background Thread 1 ] DEBUG GameScene            - Game scene initialized: 1080x720
19:04:00.055 [FXGL Background Thread 1 ] DEBUG GameApplicationServi - Application scenes initialized
19:04:00.067 [FXGL Background Thread 1 ] DEBUG SystemBundleService  - Loading FXGL system data
19:04:00.071 [FXGL Background Thread 1 ] DEBUG FileSystemAccess     - Reading from: C:\Users\ADMIN\IdeaProjects\BombermanPlus\system\fxgl.bundle
19:04:00.080 [FXGL Background Thread 1 ] DEBUG SystemBundleService  - Bundle FXGL: {}
19:04:00.080 [FXGL Background Thread 1 ] DEBUG UpdaterService       - Checking for updates
19:04:00.085 [FXGL Background Thread 4 ] DEBUG FXGLApplication      - Loading fonts
19:04:00.085 [FXGL Background Thread 1 ] DEBUG FXGLApplication      - Loading default localization
19:04:00.086 [FXGL Background Thread 4 ] DEBUG FXGLAssetLoaderServi - Loading from file system: jar:file:///C:/Users/ADMIN/.m2/repository/com/github/almasb/fxgl/17.1/fxgl-17.1.jar!/fxglassets/ui/fonts/VarelaRound-Regular.ttf
19:04:00.086 [FXGL Background Thread 1 ] DEBUG FXGLAssetLoaderServi - Loading from file system: jar:file:///C:/Users/ADMIN/.m2/repository/com/github/almasb/fxgl/17.1/fxgl-17.1.jar!/fxglassets/languages/english.lang
19:04:00.101 [FXGL Background Thread 1 ] INFO  FXGLApplication      - FXGL initialization took: 0.255 sec
19:04:00.110 [JavaFX Application Thread] DEBUG Input                - Registered new binding: Move Right - D
19:04:00.111 [JavaFX Application Thread] DEBUG Input                - Registered new binding: Move Up - W
19:04:00.111 [JavaFX Application Thread] DEBUG Input                - Registered new binding: Move Down - S
19:04:00.111 [JavaFX Application Thread] DEBUG Input                - Registered new binding: Move Left - A
19:04:00.111 [JavaFX Application Thread] DEBUG Input                - Registered new binding: Place bomb - Space
19:04:00.111 [JavaFX Application Thread] DEBUG FXGLAssetLoaderServi - Loading from file system: jar:file:///C:/Users/ADMIN/.m2/repository/com/github/almasb/fxgl/17.1/fxgl-17.1.jar!/fxglassets/textures/fxgl_icon.png
19:04:00.150 [JavaFX Application Thread] DEBUG FXGLAssetLoaderServi - Loading from file system: jar:file:///C:/Users/ADMIN/.m2/repository/com/github/almasb/fxgl/17.1/fxgl-17.1.jar!/fxglassets/textures/fxgl_default_cursor.png
19:04:00.153 [JavaFX Application Thread] DEBUG Input                - Registered new binding: Screenshot - CTRL+8
19:04:00.160 [JavaFX Application Thread] DEBUG Input                - Registered new binding: System info dump - CTRL+9
19:04:00.160 [JavaFX Application Thread] DEBUG Input                - Registered new binding: Restart - CTRL+R
19:04:00.161 [JavaFX Application Thread] DEBUG Input                - Registered new binding: Toggle Debug Camera - CTRL+7
19:04:00.164 [JavaFX Application Thread] DEBUG LoopRunner           - Starting loop
19:04:00.164 [JavaFX Application Thread] DEBUG LoopRunner           - Initializing JavaFX AnimationTimerLoop
19:04:00.166 [JavaFX Application Thread] DEBUG Input                - Clearing active input actions
19:04:00.173 [FXGL Background Thread 4 ] DEBUG FXGLAssetLoaderServi - Loading from file system: jar:file:///C:/Users/ADMIN/.m2/repository/com/github/almasb/fxgl/17.1/fxgl-17.1.jar!/fxglassets/ui/fonts/Abel-Regular.ttf
19:04:00.174 [JavaFX Application Thread] DEBUG GameApplicationServi - Removing overlay from FXGLStartupScene and adding to FXGLMainMenuDummyScene
19:04:00.175 [JavaFX Application Thread] DEBUG PrimaryStageWindow   - FXGLStartupScene -> FXGLMainMenuDummyScene
19:04:00.175 [JavaFX Application Thread] DEBUG PrimaryStageWindow   - Push state: BombermanMenu
19:04:00.175 [JavaFX Application Thread] DEBUG Input                - Clearing active input actions
19:04:00.179 [JavaFX Application Thread] DEBUG GameApplicationServi - Removing overlay from FXGLMainMenuDummyScene and adding to BombermanMenu
19:04:00.180 [JavaFX Application Thread] DEBUG PrimaryStageWindow   - FXGLMainMenuDummyScene -> BombermanMenu
19:04:00.192 [FXGL Background Thread 4 ] DEBUG FXGLAssetLoaderServi - Loading from file system: jar:file:///C:/Users/ADMIN/.m2/repository/com/github/almasb/fxgl/17.1/fxgl-17.1.jar!/fxglassets/ui/fonts/TerminalLandMono-Regular.otf
19:04:00.210 [FXGL Background Thread 4 ] DEBUG FXGLAssetLoaderServi - Loading from file system: jar:file:///C:/Users/ADMIN/.m2/repository/com/github/almasb/fxgl/17.1/fxgl-17.1.jar!/fxglassets/ui/fonts/Courier-Prime.ttf
19:04:00.226 [JavaFX Application Thread] DEBUG FXGLApplication      - Registering font factories with UI factory
19:04:00.513 [FXGL Background Thread 2 ] INFO  UpdaterService       - Your current version:  17.1
19:04:00.514 [FXGL Background Thread 2 ] INFO  UpdaterService       - Latest stable version: 17.2
19:04:01.289 [JavaFX Application Thread] DEBUG Menu                 - fireNewGame()
19:04:01.289 [JavaFX Application Thread] DEBUG GameApplicationServi - Starting new game
19:04:01.289 [JavaFX Application Thread] DEBUG PrimaryStageWindow   - Pop state: BombermanMenu
19:04:01.289 [JavaFX Application Thread] DEBUG Input                - Clearing active input actions
19:04:01.290 [JavaFX Application Thread] DEBUG GameApplicationServi - Removing overlay from BombermanMenu and adding to FXGLMainMenuDummyScene
19:04:01.290 [JavaFX Application Thread] DEBUG PrimaryStageWindow   - FXGLMainMenuDummyScene <- BombermanMenu
19:04:01.291 [JavaFX Application Thread] DEBUG Input                - Clearing active input actions
19:04:01.297 [JavaFX Application Thread] DEBUG GameApplicationServi - Removing overlay from FXGLMainMenuDummyScene and adding to FXGLLoadingScene
19:04:01.297 [JavaFX Application Thread] DEBUG PrimaryStageWindow   - FXGLMainMenuDummyScene -> FXGLLoadingScene
19:04:01.297 [JavaFX Application Thread] DEBUG GameApplicationServi - Clearing previous game
19:04:01.297 [JavaFX Application Thread] DEBUG GameScene            - Clearing game scene
19:04:01.297 [JavaFX Application Thread] DEBUG GameWorld            - Clearing game world
19:04:01.297 [JavaFX Application Thread] DEBUG PhysicsWorld         - Clearing physics world
19:04:01.299 [FXGL Background Thread 2 ] DEBUG FXGLApplication      - Initializing game
19:04:01.320 [FXGL Background Thread 2 ] WARN  TMXLevelLoader       - TiledMap generated from 1.9.2. Supported version: 1.4.2. Some features may not be parsed fully.
19:04:01.341 [FXGL Background Thread 2 ] DEBUG TMXLevelLoader       - Parsed TiledMap: file:/C:/Users/ADMIN/IdeaProjects/BombermanPlus/target/classes/assets/levels/bbm_level1.tmx
19:04:01.343 [FXGL Background Thread 2 ] DEBUG TMXLevelLoader       - Creating tile layer entities
19:04:01.344 [FXGL Background Thread 2 ] DEBUG TilesetLoader        - Loading view for layer Tile Layer 1
19:04:01.347 [FXGL Background Thread 2 ] DEBUG TilesetLoader        - Created buffer with size 1488.0x720.0
19:04:01.433 [FXGL Background Thread 2 ] DEBUG TMXLevelLoader       - Creating object layer entities
19:04:01.435 [FXGL Background Thread 2 ] DEBUG FXGLAssetLoaderServi - Loading from file system: file:/C:/Users/ADMIN/IdeaProjects/BombermanPlus/target/classes/assets/textures/items/powerup_speed.png
19:04:01.446 [FXGL Background Thread 2 ] DEBUG FXGLAssetLoaderServi - Loading from file system: file:/C:/Users/ADMIN/IdeaProjects/BombermanPlus/target/classes/assets/textures/items/powerup_flames.png
19:04:01.448 [FXGL Background Thread 2 ] DEBUG FXGLAssetLoaderServi - Loading from file system: file:/C:/Users/ADMIN/IdeaProjects/BombermanPlus/target/classes/assets/textures/items/powerup_bombs.png
19:04:01.450 [FXGL Background Thread 2 ] DEBUG FXGLAssetLoaderServi - Loading from file system: file:/C:/Users/ADMIN/IdeaProjects/BombermanPlus/target/classes/assets/textures/items/powerup_flamepass.png
19:04:01.453 [FXGL Background Thread 2 ] DEBUG FXGLAssetLoaderServi - Loading from file system: file:/C:/Users/ADMIN/IdeaProjects/BombermanPlus/target/classes/assets/textures/items/portal.png
19:04:01.457 [FXGL Background Thread 2 ] DEBUG FXGLAssetLoaderServi - Loading from file system: file:/C:/Users/ADMIN/IdeaProjects/BombermanPlus/target/classes/assets/textures/sprites.png
19:04:01.549 [FXGL Background Thread 2 ] DEBUG GameWorld            - Clearing removable entities
19:04:01.550 [FXGL Background Thread 2 ] DEBUG GameWorld            - Setting level: com.almasb.fxgl.entity.level.Level@670942b5
19:04:01.594 [FXGL Background Thread 2 ] INFO  FXGLApplication      - Game initialization took: 0.295 sec
19:04:01.598 [JavaFX Application Thread] DEBUG Input                - Clearing active input actions
19:04:01.607 [JavaFX Application Thread] DEBUG GameApplicationServi - Removing overlay from FXGLLoadingScene and adding to GameScene
19:04:01.608 [JavaFX Application Thread] DEBUG PrimaryStageWindow   - FXGLLoadingScene -> GameScene
19:04:03.085 [FXGL Background Thread 3 ] DEBUG Engine               - Logging environment variables
19:04:03.085 [FXGL Background Thread 3 ] DEBUG Engine               - achievements: []
19:04:03.085 [FXGL Background Thread 3 ] DEBUG Engine               - actualHeight: 720.0
19:04:03.085 [FXGL Background Thread 3 ] DEBUG Engine               - actualHeightProperty: ReadOnlyDoubleProperty [value: 720.0]
19:04:03.085 [FXGL Background Thread 3 ] DEBUG Engine               - actualWidth: 1080.0
19:04:03.085 [FXGL Background Thread 3 ] DEBUG Engine               - actualWidthProperty: ReadOnlyDoubleProperty [value: 1080.0]
19:04:03.086 [FXGL Background Thread 3 ] DEBUG Engine               - appIcon: fxgl_icon.png
19:04:03.086 [FXGL Background Thread 3 ] DEBUG Engine               - applicationMode: DEVELOPER
19:04:03.086 [FXGL Background Thread 3 ] DEBUG Engine               - cSSList: [fxgl_dark.css]
19:04:03.086 [FXGL Background Thread 3 ] DEBUG Engine               - collisionDetectionStrategy: BRUTE_FORCE
19:04:03.086 [FXGL Background Thread 3 ] DEBUG Engine               - configClass: Optional.empty
19:04:03.086 [FXGL Background Thread 3 ] DEBUG Engine               - credits: []
19:04:03.087 [FXGL Background Thread 3 ] DEBUG Engine               - defaultCursor: CursorInfo(imageName=fxgl_default_cursor.png, hotspotX=7.0, hotspotY=6.0)
19:04:03.088 [FXGL Background Thread 3 ] DEBUG Engine               - devBBoxColorProperty: ObjectProperty [value: 0xff0000ff]
19:04:03.088 [FXGL Background Thread 3 ] DEBUG Engine               - devEnableDebugCameraProperty: BooleanProperty [value: false]
19:04:03.088 [FXGL Background Thread 3 ] DEBUG Engine               - devSensorColorProperty: ObjectProperty [value: 0xffff00ff]
19:04:03.088 [FXGL Background Thread 3 ] DEBUG Engine               - devShowBBoxProperty: BooleanProperty [value: false]
19:04:03.088 [FXGL Background Thread 3 ] DEBUG Engine               - devShowPositionProperty: BooleanProperty [value: false]
19:04:03.088 [FXGL Background Thread 3 ] DEBUG Engine               - enabledMenuItems: []
19:04:03.088 [FXGL Background Thread 3 ] DEBUG Engine               - engineServices: [class com.almasb.fxgl.app.services.FXGLAssetLoaderService, class com.almasb.fxgl.app.FXGLApplication$GameApplicationService, class com.almasb.fxgl.app.services.FXGLDialogService, class com.almasb.fxgl.app.services.IOTaskExecutorService, class com.almasb.fxgl.io.FileSystemService, class com.almasb.fxgl.localization.LocalizationService, class com.almasb.fxgl.app.services.SystemBundleService, class com.almasb.fxgl.profile.SaveLoadService, class com.almasb.fxgl.ui.FXGLUIFactoryServiceProvider, class com.almasb.fxgl.ui.FXGLDialogFactoryServiceProvider, class com.almasb.fxgl.audio.AudioPlayer, class com.almasb.fxgl.notification.impl.NotificationServiceProvider, class com.almasb.fxgl.achievement.AchievementService, class com.almasb.fxgl.cutscene.CutsceneService, class com.almasb.fxgl.minigames.MiniGameService, class com.almasb.fxgl.net.NetService, class com.almasb.fxgl.app.services.UpdaterService, class com.almasb.fxgl.dev.DevService]
19:04:03.088 [FXGL Background Thread 3 ] DEBUG Engine               - fontGame: Abel-Regular.ttf
19:04:03.088 [FXGL Background Thread 3 ] DEBUG Engine               - fontMono: TerminalLandMono-Regular.otf
19:04:03.088 [FXGL Background Thread 3 ] DEBUG Engine               - fontText: Courier-Prime.ttf
19:04:03.088 [FXGL Background Thread 3 ] DEBUG Engine               - fontUI: VarelaRound-Regular.ttf
19:04:03.088 [FXGL Background Thread 3 ] DEBUG Engine               - fullScreen: BooleanProperty [value: false]
19:04:03.088 [FXGL Background Thread 3 ] DEBUG Engine               - gameDifficulty: MEDIUM
19:04:03.088 [FXGL Background Thread 3 ] DEBUG Engine               - gameDifficultyProperty: ObjectProperty [value: MEDIUM]
19:04:03.088 [FXGL Background Thread 3 ] DEBUG Engine               - globalMusicVolume: 0.5
19:04:03.088 [FXGL Background Thread 3 ] DEBUG Engine               - globalMusicVolumeProperty: DoubleProperty [value: 0.5]
19:04:03.088 [FXGL Background Thread 3 ] DEBUG Engine               - globalSoundVolume: 0.5
19:04:03.088 [FXGL Background Thread 3 ] DEBUG Engine               - globalSoundVolumeProperty: DoubleProperty [value: 0.5]
19:04:03.088 [FXGL Background Thread 3 ] DEBUG Engine               - height: 720
19:04:03.088 [FXGL Background Thread 3 ] DEBUG Engine               - is3D: false
19:04:03.088 [FXGL Background Thread 3 ] DEBUG Engine               - isAndroid: false
19:04:03.088 [FXGL Background Thread 3 ] DEBUG Engine               - isBrowser: false
19:04:03.088 [FXGL Background Thread 3 ] DEBUG Engine               - isClickFeedbackEnabled: false
19:04:03.089 [FXGL Background Thread 3 ] DEBUG Engine               - isCloseConfirmation: false
19:04:03.089 [FXGL Background Thread 3 ] DEBUG Engine               - isDesktop: true
19:04:03.089 [FXGL Background Thread 3 ] DEBUG Engine               - isDeveloperMenuEnabled: false
19:04:03.089 [FXGL Background Thread 3 ] DEBUG Engine               - isEmbedded: false
19:04:03.089 [FXGL Background Thread 3 ] DEBUG Engine               - isEntityPreloadEnabled: true
19:04:03.089 [FXGL Background Thread 3 ] DEBUG Engine               - isExperimentalTiledLargeMap: false
19:04:03.089 [FXGL Background Thread 3 ] DEBUG Engine               - isFileSystemWriteAllowed: true
19:04:03.089 [FXGL Background Thread 3 ] DEBUG Engine               - isFullScreenAllowed: false
19:04:03.089 [FXGL Background Thread 3 ] DEBUG Engine               - isFullScreenFromStart: false
19:04:03.089 [FXGL Background Thread 3 ] DEBUG Engine               - isGameMenuEnabled: false
19:04:03.089 [FXGL Background Thread 3 ] DEBUG Engine               - isIOS: false
19:04:03.089 [FXGL Background Thread 3 ] DEBUG Engine               - isIntroEnabled: false
19:04:03.089 [FXGL Background Thread 3 ] DEBUG Engine               - isLinux: false
19:04:03.089 [FXGL Background Thread 3 ] DEBUG Engine               - isMac: false
19:04:03.089 [FXGL Background Thread 3 ] DEBUG Engine               - isMainMenuEnabled: true
19:04:03.089 [FXGL Background Thread 3 ] DEBUG Engine               - isManualResizeEnabled: false
19:04:03.089 [FXGL Background Thread 3 ] DEBUG Engine               - isMobile: false
19:04:03.089 [FXGL Background Thread 3 ] DEBUG Engine               - isNative: false
19:04:03.089 [FXGL Background Thread 3 ] DEBUG Engine               - isPauseMusicWhenMinimized: true
19:04:03.089 [FXGL Background Thread 3 ] DEBUG Engine               - isPreserveResizeRatio: false
19:04:03.089 [FXGL Background Thread 3 ] DEBUG Engine               - isProfilingEnabled: false
19:04:03.089 [FXGL Background Thread 3 ] DEBUG Engine               - isScaleAffectedOnResize: true
19:04:03.089 [FXGL Background Thread 3 ] DEBUG Engine               - isSingleStep: false
19:04:03.089 [FXGL Background Thread 3 ] DEBUG Engine               - isUserProfileEnabled: false
19:04:03.089 [FXGL Background Thread 3 ] DEBUG Engine               - isWindows: true
19:04:03.089 [FXGL Background Thread 3 ] DEBUG Engine               - language: ObjectProperty [value: ENGLISH]
19:04:03.089 [FXGL Background Thread 3 ] DEBUG Engine               - menuKey: ESCAPE
19:04:03.089 [FXGL Background Thread 3 ] DEBUG Engine               - mouseSensitivity: 0.2
19:04:03.089 [FXGL Background Thread 3 ] DEBUG Engine               - notificationViewClass: class com.almasb.fxgl.notification.view.XboxNotificationView
19:04:03.089 [FXGL Background Thread 3 ] DEBUG Engine               - pixelsPerMeter: 50.0
19:04:03.089 [FXGL Background Thread 3 ] DEBUG Engine               - platform: WINDOWS
19:04:03.089 [FXGL Background Thread 3 ] DEBUG Engine               - prefHeightProperty: ReadOnlyDoubleProperty [value: 720.0]
19:04:03.089 [FXGL Background Thread 3 ] DEBUG Engine               - prefWidthProperty: ReadOnlyDoubleProperty [value: 1080.0]
19:04:03.089 [FXGL Background Thread 3 ] DEBUG Engine               - profileDir: profiles/
19:04:03.089 [FXGL Background Thread 3 ] DEBUG Engine               - profileName: StringProperty [value: DEFAULT]
19:04:03.089 [FXGL Background Thread 3 ] DEBUG Engine               - randomSeed: -1
19:04:03.090 [FXGL Background Thread 3 ] DEBUG Engine               - runtimeInfo: RuntimeInfo(platform=WINDOWS, version=17.1, build=24.03.2022 17.34)
19:04:03.090 [FXGL Background Thread 3 ] DEBUG Engine               - saveFileExt: sav
19:04:03.090 [FXGL Background Thread 3 ] DEBUG Engine               - scaledHeightProp$fxgl: DoubleProperty [bound, value: 720.0]
19:04:03.090 [FXGL Background Thread 3 ] DEBUG Engine               - scaledWidthProp$fxgl: DoubleProperty [bound, value: 1080.0]
19:04:03.090 [FXGL Background Thread 3 ] DEBUG Engine               - sceneFactory: com.bomberman.bombermanplus.BombermanApp$1@54e7304b
19:04:03.090 [FXGL Background Thread 3 ] DEBUG Engine               - secondsIn24h: 60
19:04:03.090 [FXGL Background Thread 3 ] DEBUG Engine               - soundMenuBack: menu/back.wav
19:04:03.090 [FXGL Background Thread 3 ] DEBUG Engine               - soundMenuPress: menu/press.wav
19:04:03.090 [FXGL Background Thread 3 ] DEBUG Engine               - soundMenuSelect: menu/select.wav
19:04:03.090 [FXGL Background Thread 3 ] DEBUG Engine               - soundNotification: core/notification.wav
19:04:03.090 [FXGL Background Thread 3 ] DEBUG Engine               - stageStyle: DECORATED
19:04:03.090 [FXGL Background Thread 3 ] DEBUG Engine               - supportedLanguages: [ENGLISH, FRENCH, GERMAN, HUNGARIAN, RUSSIAN]
19:04:03.090 [FXGL Background Thread 3 ] DEBUG Engine               - ticksPerSecond: -1
19:04:03.090 [FXGL Background Thread 3 ] DEBUG Engine               - title: BOMBERMAN
19:04:03.090 [FXGL Background Thread 3 ] DEBUG Engine               - urlGithub: https://github.com/AlmasB/FXGL
19:04:03.090 [FXGL Background Thread 3 ] DEBUG Engine               - urlLeaderboard: http://fxgl-top.herokuapp.com/
19:04:03.090 [FXGL Background Thread 3 ] DEBUG Engine               - urlPOM: https://raw.githubusercontent.com/AlmasB/FXGL/release/README.md
19:04:03.090 [FXGL Background Thread 3 ] DEBUG Engine               - userAppClass: class com.bomberman.bombermanplus.BombermanApp
19:04:03.090 [FXGL Background Thread 3 ] DEBUG Engine               - version: 1.0
19:04:03.090 [FXGL Background Thread 3 ] DEBUG Engine               - versionCheckDays: 7
19:04:03.090 [FXGL Background Thread 3 ] DEBUG Engine               - width: 1080
19:04:03.090 [FXGL Background Thread 3 ] DEBUG Engine               - Logging services
19:04:03.090 [FXGL Background Thread 3 ] DEBUG Engine               - class com.almasb.fxgl.app.services.FXGLAssetLoaderService
19:04:03.090 [FXGL Background Thread 3 ] DEBUG Engine               - class com.almasb.fxgl.app.FXGLApplication$GameApplicationService
19:04:03.090 [FXGL Background Thread 3 ] DEBUG Engine               - class com.almasb.fxgl.app.services.FXGLDialogService
19:04:03.091 [FXGL Background Thread 3 ] DEBUG Engine               - class com.almasb.fxgl.app.services.IOTaskExecutorService
19:04:03.091 [FXGL Background Thread 3 ] DEBUG Engine               - class com.almasb.fxgl.io.FileSystemService
19:04:03.091 [FXGL Background Thread 3 ] DEBUG Engine               - class com.almasb.fxgl.localization.LocalizationService
19:04:03.091 [FXGL Background Thread 3 ] DEBUG Engine               - class com.almasb.fxgl.app.services.SystemBundleService
19:04:03.091 [FXGL Background Thread 3 ] DEBUG Engine               - class com.almasb.fxgl.profile.SaveLoadService
19:04:03.091 [FXGL Background Thread 3 ] DEBUG Engine               - class com.almasb.fxgl.ui.FXGLUIFactoryServiceProvider
19:04:03.091 [FXGL Background Thread 3 ] DEBUG Engine               - class com.almasb.fxgl.ui.FXGLDialogFactoryServiceProvider
19:04:03.091 [FXGL Background Thread 3 ] DEBUG Engine               - class com.almasb.fxgl.audio.AudioPlayer
19:04:03.091 [FXGL Background Thread 3 ] DEBUG Engine               - class com.almasb.fxgl.notification.impl.NotificationServiceProvider
19:04:03.091 [FXGL Background Thread 3 ] DEBUG Engine               - class com.almasb.fxgl.achievement.AchievementService
19:04:03.091 [FXGL Background Thread 3 ] DEBUG Engine               - class com.almasb.fxgl.cutscene.CutsceneService
19:04:03.091 [FXGL Background Thread 3 ] DEBUG Engine               - class com.almasb.fxgl.minigames.MiniGameService
19:04:03.091 [FXGL Background Thread 3 ] DEBUG Engine               - class com.almasb.fxgl.net.NetService
19:04:03.091 [FXGL Background Thread 3 ] DEBUG Engine               - class com.almasb.fxgl.app.services.UpdaterService
19:04:03.091 [FXGL Background Thread 3 ] DEBUG Engine               - class com.almasb.fxgl.dev.DevService
19:04:46.479 [JavaFX Application Thread] DEBUG FXGLApplication      - Exiting FXGL
19:04:46.479 [JavaFX Application Thread] DEBUG LoopRunner           - Stopping loop
19:04:46.479 [JavaFX Application Thread] DEBUG SystemBundleService  - Saving FXGL system data
19:04:46.481 [JavaFX Application Thread] DEBUG FileSystemAccess     - Writing to: C:\Users\ADMIN\IdeaProjects\BombermanPlus\system\fxgl.bundle
19:04:46.484 [JavaFX Application Thread] DEBUG Async                - Shutting down background threads
19:04:46.484 [JavaFX Application Thread] DEBUG PrimaryStageWindow   - Closing main window
19:04:46.490 [JavaFX Application Thread] DEBUG Logger               - Closing Logger
