16:50:49.617 [main                     ] DEBUG Logger               - Configured Logger
16:50:49.640 [main                     ] DEBUG GameApplication      - Logging settings
Title: BOMBERMAN
Version: 1.0
Width: 1080
Height: 720
Fullscreen: false
Intro: false
Profiling: false
Single step:false
App Mode: DEVELOPER
Menu Key: ESCAPE
Stage Style: DECORATED
Scene Factory: class com.bomberman.bombermanplus.BombermanApp$1

16:50:50.141 [JavaFX Application Thread] DEBUG FXGLApplication      - Initializing FXGL
16:50:50.146 [JavaFX Application Thread] INFO  Engine               - FXGL-17.1 (24.03.2022 17.34) on WINDOWS (J:19 FX:19-ea)
16:50:50.147 [JavaFX Application Thread] DEBUG Engine               - JRE Vendor Name: Oracle Corporation
16:50:50.147 [JavaFX Application Thread] DEBUG Engine               - Running on OS: Windows 11 version 10.0
16:50:50.147 [JavaFX Application Thread] DEBUG Engine               - Architecture: amd64
16:50:50.147 [JavaFX Application Thread] INFO  Engine               - Source code and latest versions at: https://github.com/AlmasB/FXGL
16:50:50.147 [JavaFX Application Thread] INFO  Engine               -       Ask questions and discuss at: https://github.com/AlmasB/FXGL/discussions
16:50:50.147 [JavaFX Application Thread] INFO  Engine               -              Join the FXGL chat at: https://gitter.im/AlmasB/FXGL
16:50:50.236 [JavaFX Application Thread] DEBUG PrimaryStageWindow   - Creating a JavaFX scene
16:50:50.297 [JavaFX Application Thread] DEBUG PrimaryStageWindow   - Target settings size: 1080.0 x 720.0
16:50:50.297 [JavaFX Application Thread] DEBUG PrimaryStageWindow   - Scaled scene size:    1080.0 x 720.0
16:50:50.298 [JavaFX Application Thread] DEBUG PrimaryStageWindow   - Scaled ratio: (1.0, 1.0)
16:50:50.299 [JavaFX Application Thread] DEBUG PrimaryStageWindow   - Set initial scene to FXGLStartupScene
16:50:50.305 [JavaFX Application Thread] DEBUG PrimaryStageWindow   - Opening main window
16:50:50.400 [JavaFX Application Thread] DEBUG PrimaryStageWindow   - Window border size: (14.4000244140625, 37.5999755859375)
16:50:50.401 [JavaFX Application Thread] DEBUG PrimaryStageWindow   - Scaled size: 1080.0 x 720.0
16:50:50.401 [JavaFX Application Thread] DEBUG PrimaryStageWindow   - Scaled ratio: (1.0, 1.0)
16:50:50.401 [JavaFX Application Thread] DEBUG PrimaryStageWindow   - Scene size: 1080.0 x 720.0
16:50:50.402 [JavaFX Application Thread] DEBUG PrimaryStageWindow   - Stage size: 1094.4000244140625 x 757.5999755859375
16:50:50.413 [FXGL Background Thread 1 ] DEBUG Engine               - Initializing environment variables
16:50:50.467 [FXGL Background Thread 1 ] DEBUG FXGLAssetLoaderServi - User app class for loading assets: class com.bomberman.bombermanplus.BombermanApp
16:50:50.467 [FXGL Background Thread 1 ] DEBUG GameApplicationServi - Applying CSS: fxgl_dark.css
16:50:50.469 [FXGL Background Thread 1 ] DEBUG FXGLAssetLoaderServi - Loading from file system: jar:file:///C:/Users/ADMIN/.m2/repository/com/github/almasb/fxgl/17.1/fxgl-17.1.jar!/fxglassets/ui/css/fxgl_dark.css
16:50:50.529 [FXGL Background Thread 1 ] DEBUG GameApplicationServi - Initializing application scenes
16:50:50.581 [FXGL Background Thread 1 ] DEBUG GameWorld            - Game world initialized
16:50:50.651 [FXGL Background Thread 1 ] DEBUG PhysicsWorld         - Physics world initialized: appHeight=720, physics.ppm=50.0
16:50:50.653 [FXGL Background Thread 1 ] DEBUG PhysicsWorld         - Using strategy: BRUTE_FORCE
16:50:50.659 [FXGL Background Thread 1 ] DEBUG GameScene            - Game scene initialized: 1080x720
16:50:50.708 [FXGL Background Thread 1 ] DEBUG GameApplicationServi - Application scenes initialized
16:50:50.733 [FXGL Background Thread 1 ] DEBUG SystemBundleService  - Loading FXGL system data
16:50:50.744 [FXGL Background Thread 1 ] DEBUG FileSystemAccess     - Reading from: C:\Users\ADMIN\IdeaProjects\BombermanPlus\system\fxgl.bundle
16:50:50.772 [FXGL Background Thread 1 ] DEBUG SystemBundleService  - Bundle FXGL: {}
16:50:50.773 [FXGL Background Thread 1 ] DEBUG UpdaterService       - Checking for updates
16:50:50.784 [FXGL Background Thread 4 ] DEBUG FXGLApplication      - Loading fonts
16:50:50.785 [FXGL Background Thread 1 ] DEBUG FXGLApplication      - Loading default localization
16:50:50.786 [FXGL Background Thread 4 ] DEBUG FXGLAssetLoaderServi - Loading from file system: jar:file:///C:/Users/ADMIN/.m2/repository/com/github/almasb/fxgl/17.1/fxgl-17.1.jar!/fxglassets/ui/fonts/VarelaRound-Regular.ttf
16:50:50.786 [FXGL Background Thread 1 ] DEBUG FXGLAssetLoaderServi - Loading from file system: jar:file:///C:/Users/ADMIN/.m2/repository/com/github/almasb/fxgl/17.1/fxgl-17.1.jar!/fxglassets/languages/english.lang
16:50:50.811 [FXGL Background Thread 1 ] INFO  FXGLApplication      - FXGL initialization took: 0.398 sec
16:50:50.826 [JavaFX Application Thread] DEBUG Input                - Registered new binding: Move Right - D
16:50:50.826 [JavaFX Application Thread] DEBUG Input                - Registered new binding: Move Up - W
16:50:50.826 [JavaFX Application Thread] DEBUG Input                - Registered new binding: Move Down - S
16:50:50.826 [JavaFX Application Thread] DEBUG Input                - Registered new binding: Move Left - A
16:50:50.827 [JavaFX Application Thread] DEBUG Input                - Registered new binding: Place bomb - Space
16:50:50.827 [JavaFX Application Thread] DEBUG FXGLAssetLoaderServi - Loading from file system: jar:file:///C:/Users/ADMIN/.m2/repository/com/github/almasb/fxgl/17.1/fxgl-17.1.jar!/fxglassets/textures/fxgl_icon.png
16:50:50.878 [JavaFX Application Thread] DEBUG FXGLAssetLoaderServi - Loading from file system: jar:file:///C:/Users/ADMIN/.m2/repository/com/github/almasb/fxgl/17.1/fxgl-17.1.jar!/fxglassets/textures/fxgl_default_cursor.png
16:50:50.882 [JavaFX Application Thread] DEBUG Input                - Registered new binding: Screenshot - CTRL+8
16:50:50.882 [JavaFX Application Thread] DEBUG Input                - Registered new binding: System info dump - CTRL+9
16:50:50.883 [JavaFX Application Thread] DEBUG Input                - Registered new binding: Restart - CTRL+R
16:50:50.883 [JavaFX Application Thread] DEBUG Input                - Registered new binding: Toggle Debug Camera - CTRL+7
16:50:50.886 [JavaFX Application Thread] DEBUG LoopRunner           - Starting loop
16:50:50.886 [JavaFX Application Thread] DEBUG LoopRunner           - Initializing JavaFX AnimationTimerLoop
16:50:50.890 [JavaFX Application Thread] DEBUG Input                - Clearing active input actions
16:50:50.901 [JavaFX Application Thread] DEBUG GameApplicationServi - Removing overlay from FXGLStartupScene and adding to FXGLMainMenuDummyScene
16:50:50.902 [JavaFX Application Thread] DEBUG PrimaryStageWindow   - FXGLStartupScene -> FXGLMainMenuDummyScene
16:50:50.902 [JavaFX Application Thread] DEBUG PrimaryStageWindow   - Push state: BombermanMenu
16:50:50.902 [JavaFX Application Thread] DEBUG Input                - Clearing active input actions
16:50:50.907 [JavaFX Application Thread] DEBUG GameApplicationServi - Removing overlay from FXGLMainMenuDummyScene and adding to BombermanMenu
16:50:50.908 [JavaFX Application Thread] DEBUG PrimaryStageWindow   - FXGLMainMenuDummyScene -> BombermanMenu
16:50:50.949 [FXGL Background Thread 4 ] DEBUG FXGLAssetLoaderServi - Loading from file system: jar:file:///C:/Users/ADMIN/.m2/repository/com/github/almasb/fxgl/17.1/fxgl-17.1.jar!/fxglassets/ui/fonts/Abel-Regular.ttf
16:50:50.969 [FXGL Background Thread 4 ] DEBUG FXGLAssetLoaderServi - Loading from file system: jar:file:///C:/Users/ADMIN/.m2/repository/com/github/almasb/fxgl/17.1/fxgl-17.1.jar!/fxglassets/ui/fonts/TerminalLandMono-Regular.otf
16:50:50.990 [FXGL Background Thread 4 ] DEBUG FXGLAssetLoaderServi - Loading from file system: jar:file:///C:/Users/ADMIN/.m2/repository/com/github/almasb/fxgl/17.1/fxgl-17.1.jar!/fxglassets/ui/fonts/Courier-Prime.ttf
16:50:51.141 [JavaFX Application Thread] DEBUG FXGLApplication      - Registering font factories with UI factory
16:50:51.779 [JavaFX Application Thread] DEBUG Menu                 - fireNewGame()
16:50:51.779 [JavaFX Application Thread] DEBUG GameApplicationServi - Starting new game
16:50:51.779 [JavaFX Application Thread] DEBUG PrimaryStageWindow   - Pop state: BombermanMenu
16:50:51.779 [JavaFX Application Thread] DEBUG Input                - Clearing active input actions
16:50:51.781 [JavaFX Application Thread] DEBUG GameApplicationServi - Removing overlay from BombermanMenu and adding to FXGLMainMenuDummyScene
16:50:51.782 [JavaFX Application Thread] DEBUG PrimaryStageWindow   - FXGLMainMenuDummyScene <- BombermanMenu
16:50:51.783 [JavaFX Application Thread] DEBUG Input                - Clearing active input actions
16:50:51.792 [JavaFX Application Thread] DEBUG GameApplicationServi - Removing overlay from FXGLMainMenuDummyScene and adding to FXGLLoadingScene
16:50:51.792 [JavaFX Application Thread] DEBUG PrimaryStageWindow   - FXGLMainMenuDummyScene -> FXGLLoadingScene
16:50:51.793 [JavaFX Application Thread] DEBUG GameApplicationServi - Clearing previous game
16:50:51.793 [JavaFX Application Thread] DEBUG GameScene            - Clearing game scene
16:50:51.793 [JavaFX Application Thread] DEBUG GameWorld            - Clearing game world
16:50:51.793 [JavaFX Application Thread] DEBUG PhysicsWorld         - Clearing physics world
16:50:51.796 [FXGL Background Thread 4 ] DEBUG FXGLApplication      - Initializing game
16:50:51.890 [FXGL Background Thread 4 ] WARN  TMXLevelLoader       - TiledMap generated from 1.9.2. Supported version: 1.4.2. Some features may not be parsed fully.
16:50:51.924 [FXGL Background Thread 4 ] DEBUG TMXLevelLoader       - Parsed TiledMap: file:/C:/Users/ADMIN/IdeaProjects/BombermanPlus/target/classes/assets/levels/bbm_level1.tmx
16:50:51.928 [FXGL Background Thread 4 ] DEBUG TMXLevelLoader       - Creating tile layer entities
16:50:51.934 [FXGL Background Thread 4 ] DEBUG TilesetLoader        - Loading view for layer Tile Layer 1
16:50:51.947 [FXGL Background Thread 4 ] DEBUG TilesetLoader        - Created buffer with size 1488.0x720.0
16:50:51.959 [FXGL Background Thread 2 ] INFO  UpdaterService       - Your current version:  17.1
16:50:51.960 [FXGL Background Thread 2 ] INFO  UpdaterService       - Latest stable version: 17.2
16:50:52.172 [FXGL Background Thread 4 ] DEBUG TMXLevelLoader       - Creating object layer entities
16:50:52.183 [FXGL Background Thread 4 ] DEBUG FXGLAssetLoaderServi - Loading from file system: file:/C:/Users/ADMIN/IdeaProjects/BombermanPlus/target/classes/assets/textures/items/powerup_speed.png
16:50:52.221 [FXGL Background Thread 4 ] DEBUG FXGLAssetLoaderServi - Loading from file system: file:/C:/Users/ADMIN/IdeaProjects/BombermanPlus/target/classes/assets/textures/items/powerup_flames.png
16:50:52.227 [FXGL Background Thread 4 ] DEBUG FXGLAssetLoaderServi - Loading from file system: file:/C:/Users/ADMIN/IdeaProjects/BombermanPlus/target/classes/assets/textures/items/powerup_bombs.png
16:50:52.235 [FXGL Background Thread 4 ] DEBUG FXGLAssetLoaderServi - Loading from file system: file:/C:/Users/ADMIN/IdeaProjects/BombermanPlus/target/classes/assets/textures/items/powerup_flamepass.png
16:50:52.243 [FXGL Background Thread 4 ] DEBUG FXGLAssetLoaderServi - Loading from file system: file:/C:/Users/ADMIN/IdeaProjects/BombermanPlus/target/classes/assets/textures/items/portal.png
16:50:52.260 [FXGL Background Thread 4 ] DEBUG FXGLAssetLoaderServi - Loading from file system: file:/C:/Users/ADMIN/IdeaProjects/BombermanPlus/target/classes/assets/textures/sprites.png
16:50:52.489 [FXGL Background Thread 4 ] DEBUG GameWorld            - Clearing removable entities
16:50:52.490 [FXGL Background Thread 4 ] DEBUG GameWorld            - Setting level: com.almasb.fxgl.entity.level.Level@56dffbea
16:50:52.555 [FXGL Background Thread 4 ] INFO  FXGLApplication      - Game initialization took: 0.758 sec
16:50:52.565 [JavaFX Application Thread] DEBUG Input                - Clearing active input actions
16:50:52.584 [JavaFX Application Thread] DEBUG GameApplicationServi - Removing overlay from FXGLLoadingScene and adding to GameScene
16:50:52.586 [JavaFX Application Thread] DEBUG PrimaryStageWindow   - FXGLLoadingScene -> GameScene
16:50:53.781 [FXGL Background Thread 3 ] DEBUG Engine               - Logging environment variables
16:50:53.782 [FXGL Background Thread 3 ] DEBUG Engine               - achievements: []
16:50:53.782 [FXGL Background Thread 3 ] DEBUG Engine               - actualHeight: 720.0
16:50:53.783 [FXGL Background Thread 3 ] DEBUG Engine               - actualHeightProperty: ReadOnlyDoubleProperty [value: 720.0]
16:50:53.783 [FXGL Background Thread 3 ] DEBUG Engine               - actualWidth: 1080.0
16:50:53.783 [FXGL Background Thread 3 ] DEBUG Engine               - actualWidthProperty: ReadOnlyDoubleProperty [value: 1080.0]
16:50:53.783 [FXGL Background Thread 3 ] DEBUG Engine               - appIcon: fxgl_icon.png
16:50:53.783 [FXGL Background Thread 3 ] DEBUG Engine               - applicationMode: DEVELOPER
16:50:53.783 [FXGL Background Thread 3 ] DEBUG Engine               - cSSList: [fxgl_dark.css]
16:50:53.783 [FXGL Background Thread 3 ] DEBUG Engine               - collisionDetectionStrategy: BRUTE_FORCE
16:50:53.783 [FXGL Background Thread 3 ] DEBUG Engine               - configClass: Optional.empty
16:50:53.783 [FXGL Background Thread 3 ] DEBUG Engine               - credits: []
16:50:53.785 [FXGL Background Thread 3 ] DEBUG Engine               - defaultCursor: CursorInfo(imageName=fxgl_default_cursor.png, hotspotX=7.0, hotspotY=6.0)
16:50:53.785 [FXGL Background Thread 3 ] DEBUG Engine               - devBBoxColorProperty: ObjectProperty [value: 0xff0000ff]
16:50:53.785 [FXGL Background Thread 3 ] DEBUG Engine               - devEnableDebugCameraProperty: BooleanProperty [value: false]
16:50:53.785 [FXGL Background Thread 3 ] DEBUG Engine               - devSensorColorProperty: ObjectProperty [value: 0xffff00ff]
16:50:53.785 [FXGL Background Thread 3 ] DEBUG Engine               - devShowBBoxProperty: BooleanProperty [value: false]
16:50:53.785 [FXGL Background Thread 3 ] DEBUG Engine               - devShowPositionProperty: BooleanProperty [value: false]
16:50:53.786 [FXGL Background Thread 3 ] DEBUG Engine               - enabledMenuItems: []
16:50:53.786 [FXGL Background Thread 3 ] DEBUG Engine               - engineServices: [class com.almasb.fxgl.app.services.FXGLAssetLoaderService, class com.almasb.fxgl.app.FXGLApplication$GameApplicationService, class com.almasb.fxgl.app.services.FXGLDialogService, class com.almasb.fxgl.app.services.IOTaskExecutorService, class com.almasb.fxgl.io.FileSystemService, class com.almasb.fxgl.localization.LocalizationService, class com.almasb.fxgl.app.services.SystemBundleService, class com.almasb.fxgl.profile.SaveLoadService, class com.almasb.fxgl.ui.FXGLUIFactoryServiceProvider, class com.almasb.fxgl.ui.FXGLDialogFactoryServiceProvider, class com.almasb.fxgl.audio.AudioPlayer, class com.almasb.fxgl.notification.impl.NotificationServiceProvider, class com.almasb.fxgl.achievement.AchievementService, class com.almasb.fxgl.cutscene.CutsceneService, class com.almasb.fxgl.minigames.MiniGameService, class com.almasb.fxgl.net.NetService, class com.almasb.fxgl.app.services.UpdaterService, class com.almasb.fxgl.dev.DevService]
16:50:53.786 [FXGL Background Thread 3 ] DEBUG Engine               - fontGame: Abel-Regular.ttf
16:50:53.786 [FXGL Background Thread 3 ] DEBUG Engine               - fontMono: TerminalLandMono-Regular.otf
16:50:53.786 [FXGL Background Thread 3 ] DEBUG Engine               - fontText: Courier-Prime.ttf
16:50:53.786 [FXGL Background Thread 3 ] DEBUG Engine               - fontUI: VarelaRound-Regular.ttf
16:50:53.786 [FXGL Background Thread 3 ] DEBUG Engine               - fullScreen: BooleanProperty [value: false]
16:50:53.786 [FXGL Background Thread 3 ] DEBUG Engine               - gameDifficulty: MEDIUM
16:50:53.786 [FXGL Background Thread 3 ] DEBUG Engine               - gameDifficultyProperty: ObjectProperty [value: MEDIUM]
16:50:53.787 [FXGL Background Thread 3 ] DEBUG Engine               - globalMusicVolume: 0.5
16:50:53.788 [FXGL Background Thread 3 ] DEBUG Engine               - globalMusicVolumeProperty: DoubleProperty [value: 0.5]
16:50:53.788 [FXGL Background Thread 3 ] DEBUG Engine               - globalSoundVolume: 0.5
16:50:53.790 [FXGL Background Thread 3 ] DEBUG Engine               - globalSoundVolumeProperty: DoubleProperty [value: 0.5]
16:50:53.791 [FXGL Background Thread 3 ] DEBUG Engine               - height: 720
16:50:53.791 [FXGL Background Thread 3 ] DEBUG Engine               - is3D: false
16:50:53.791 [FXGL Background Thread 3 ] DEBUG Engine               - isAndroid: false
16:50:53.791 [FXGL Background Thread 3 ] DEBUG Engine               - isBrowser: false
16:50:53.791 [FXGL Background Thread 3 ] DEBUG Engine               - isClickFeedbackEnabled: false
16:50:53.791 [FXGL Background Thread 3 ] DEBUG Engine               - isCloseConfirmation: false
16:50:53.791 [FXGL Background Thread 3 ] DEBUG Engine               - isDesktop: true
16:50:53.791 [FXGL Background Thread 3 ] DEBUG Engine               - isDeveloperMenuEnabled: false
16:50:53.792 [FXGL Background Thread 3 ] DEBUG Engine               - isEmbedded: false
16:50:53.792 [FXGL Background Thread 3 ] DEBUG Engine               - isEntityPreloadEnabled: true
16:50:53.792 [FXGL Background Thread 3 ] DEBUG Engine               - isExperimentalTiledLargeMap: false
16:50:53.792 [FXGL Background Thread 3 ] DEBUG Engine               - isFileSystemWriteAllowed: true
16:50:53.792 [FXGL Background Thread 3 ] DEBUG Engine               - isFullScreenAllowed: false
16:50:53.792 [FXGL Background Thread 3 ] DEBUG Engine               - isFullScreenFromStart: false
16:50:53.792 [FXGL Background Thread 3 ] DEBUG Engine               - isGameMenuEnabled: false
16:50:53.792 [FXGL Background Thread 3 ] DEBUG Engine               - isIOS: false
16:50:53.793 [FXGL Background Thread 3 ] DEBUG Engine               - isIntroEnabled: false
16:50:53.793 [FXGL Background Thread 3 ] DEBUG Engine               - isLinux: false
16:50:53.793 [FXGL Background Thread 3 ] DEBUG Engine               - isMac: false
16:50:53.793 [FXGL Background Thread 3 ] DEBUG Engine               - isMainMenuEnabled: true
16:50:53.793 [FXGL Background Thread 3 ] DEBUG Engine               - isManualResizeEnabled: false
16:50:53.793 [FXGL Background Thread 3 ] DEBUG Engine               - isMobile: false
16:50:53.793 [FXGL Background Thread 3 ] DEBUG Engine               - isNative: false
16:50:53.793 [FXGL Background Thread 3 ] DEBUG Engine               - isPauseMusicWhenMinimized: true
16:50:53.793 [FXGL Background Thread 3 ] DEBUG Engine               - isPreserveResizeRatio: false
16:50:53.793 [FXGL Background Thread 3 ] DEBUG Engine               - isProfilingEnabled: false
16:50:53.793 [FXGL Background Thread 3 ] DEBUG Engine               - isScaleAffectedOnResize: true
16:50:53.793 [FXGL Background Thread 3 ] DEBUG Engine               - isSingleStep: false
16:50:53.793 [FXGL Background Thread 3 ] DEBUG Engine               - isUserProfileEnabled: false
16:50:53.793 [FXGL Background Thread 3 ] DEBUG Engine               - isWindows: true
16:50:53.793 [FXGL Background Thread 3 ] DEBUG Engine               - language: ObjectProperty [value: ENGLISH]
16:50:53.793 [FXGL Background Thread 3 ] DEBUG Engine               - menuKey: ESCAPE
16:50:53.793 [FXGL Background Thread 3 ] DEBUG Engine               - mouseSensitivity: 0.2
16:50:53.793 [FXGL Background Thread 3 ] DEBUG Engine               - notificationViewClass: class com.almasb.fxgl.notification.view.XboxNotificationView
16:50:53.793 [FXGL Background Thread 3 ] DEBUG Engine               - pixelsPerMeter: 50.0
16:50:53.793 [FXGL Background Thread 3 ] DEBUG Engine               - platform: WINDOWS
16:50:53.793 [FXGL Background Thread 3 ] DEBUG Engine               - prefHeightProperty: ReadOnlyDoubleProperty [value: 720.0]
16:50:53.794 [FXGL Background Thread 3 ] DEBUG Engine               - prefWidthProperty: ReadOnlyDoubleProperty [value: 1080.0]
16:50:53.794 [FXGL Background Thread 3 ] DEBUG Engine               - profileDir: profiles/
16:50:53.794 [FXGL Background Thread 3 ] DEBUG Engine               - profileName: StringProperty [value: DEFAULT]
16:50:53.794 [FXGL Background Thread 3 ] DEBUG Engine               - randomSeed: -1
16:50:53.796 [FXGL Background Thread 3 ] DEBUG Engine               - runtimeInfo: RuntimeInfo(platform=WINDOWS, version=17.1, build=24.03.2022 17.34)
16:50:53.796 [FXGL Background Thread 3 ] DEBUG Engine               - saveFileExt: sav
16:50:53.796 [FXGL Background Thread 3 ] DEBUG Engine               - scaledHeightProp$fxgl: DoubleProperty [bound, value: 720.0]
16:50:53.796 [FXGL Background Thread 3 ] DEBUG Engine               - scaledWidthProp$fxgl: DoubleProperty [bound, value: 1080.0]
16:50:53.796 [FXGL Background Thread 3 ] DEBUG Engine               - sceneFactory: com.bomberman.bombermanplus.BombermanApp$1@5206b581
16:50:53.796 [FXGL Background Thread 3 ] DEBUG Engine               - secondsIn24h: 60
16:50:53.796 [FXGL Background Thread 3 ] DEBUG Engine               - soundMenuBack: menu/back.wav
16:50:53.796 [FXGL Background Thread 3 ] DEBUG Engine               - soundMenuPress: menu/press.wav
16:50:53.796 [FXGL Background Thread 3 ] DEBUG Engine               - soundMenuSelect: menu/select.wav
16:50:53.796 [FXGL Background Thread 3 ] DEBUG Engine               - soundNotification: core/notification.wav
16:50:53.796 [FXGL Background Thread 3 ] DEBUG Engine               - stageStyle: DECORATED
16:50:53.796 [FXGL Background Thread 3 ] DEBUG Engine               - supportedLanguages: [ENGLISH, FRENCH, GERMAN, HUNGARIAN, RUSSIAN]
16:50:53.796 [FXGL Background Thread 3 ] DEBUG Engine               - ticksPerSecond: -1
16:50:53.796 [FXGL Background Thread 3 ] DEBUG Engine               - title: BOMBERMAN
16:50:53.796 [FXGL Background Thread 3 ] DEBUG Engine               - urlGithub: https://github.com/AlmasB/FXGL
16:50:53.796 [FXGL Background Thread 3 ] DEBUG Engine               - urlLeaderboard: http://fxgl-top.herokuapp.com/
16:50:53.796 [FXGL Background Thread 3 ] DEBUG Engine               - urlPOM: https://raw.githubusercontent.com/AlmasB/FXGL/release/README.md
16:50:53.796 [FXGL Background Thread 3 ] DEBUG Engine               - userAppClass: class com.bomberman.bombermanplus.BombermanApp
16:50:53.796 [FXGL Background Thread 3 ] DEBUG Engine               - version: 1.0
16:50:53.796 [FXGL Background Thread 3 ] DEBUG Engine               - versionCheckDays: 7
16:50:53.796 [FXGL Background Thread 3 ] DEBUG Engine               - width: 1080
16:50:53.796 [FXGL Background Thread 3 ] DEBUG Engine               - Logging services
16:50:53.796 [FXGL Background Thread 3 ] DEBUG Engine               - class com.almasb.fxgl.app.services.FXGLAssetLoaderService
16:50:53.796 [FXGL Background Thread 3 ] DEBUG Engine               - class com.almasb.fxgl.app.FXGLApplication$GameApplicationService
16:50:53.796 [FXGL Background Thread 3 ] DEBUG Engine               - class com.almasb.fxgl.app.services.FXGLDialogService
16:50:53.796 [FXGL Background Thread 3 ] DEBUG Engine               - class com.almasb.fxgl.app.services.IOTaskExecutorService
16:50:53.796 [FXGL Background Thread 3 ] DEBUG Engine               - class com.almasb.fxgl.io.FileSystemService
16:50:53.797 [FXGL Background Thread 3 ] DEBUG Engine               - class com.almasb.fxgl.localization.LocalizationService
16:50:53.797 [FXGL Background Thread 3 ] DEBUG Engine               - class com.almasb.fxgl.app.services.SystemBundleService
16:50:53.797 [FXGL Background Thread 3 ] DEBUG Engine               - class com.almasb.fxgl.profile.SaveLoadService
16:50:53.797 [FXGL Background Thread 3 ] DEBUG Engine               - class com.almasb.fxgl.ui.FXGLUIFactoryServiceProvider
16:50:53.797 [FXGL Background Thread 3 ] DEBUG Engine               - class com.almasb.fxgl.ui.FXGLDialogFactoryServiceProvider
16:50:53.797 [FXGL Background Thread 3 ] DEBUG Engine               - class com.almasb.fxgl.audio.AudioPlayer
16:50:53.797 [FXGL Background Thread 3 ] DEBUG Engine               - class com.almasb.fxgl.notification.impl.NotificationServiceProvider
16:50:53.797 [FXGL Background Thread 3 ] DEBUG Engine               - class com.almasb.fxgl.achievement.AchievementService
16:50:53.797 [FXGL Background Thread 3 ] DEBUG Engine               - class com.almasb.fxgl.cutscene.CutsceneService
16:50:53.797 [FXGL Background Thread 3 ] DEBUG Engine               - class com.almasb.fxgl.minigames.MiniGameService
16:50:53.797 [FXGL Background Thread 3 ] DEBUG Engine               - class com.almasb.fxgl.net.NetService
16:50:53.797 [FXGL Background Thread 3 ] DEBUG Engine               - class com.almasb.fxgl.app.services.UpdaterService
16:50:53.797 [FXGL Background Thread 3 ] DEBUG Engine               - class com.almasb.fxgl.dev.DevService
16:52:04.272 [JavaFX Application Thread] DEBUG FXGLApplication      - Exiting FXGL
16:52:04.272 [JavaFX Application Thread] DEBUG LoopRunner           - Stopping loop
16:52:04.272 [JavaFX Application Thread] DEBUG SystemBundleService  - Saving FXGL system data
16:52:04.287 [JavaFX Application Thread] DEBUG FileSystemAccess     - Writing to: C:\Users\ADMIN\IdeaProjects\BombermanPlus\system\fxgl.bundle
16:52:04.290 [JavaFX Application Thread] DEBUG Async                - Shutting down background threads
16:52:04.290 [JavaFX Application Thread] DEBUG PrimaryStageWindow   - Closing main window
16:52:04.299 [JavaFX Application Thread] DEBUG Logger               - Closing Logger
