22:54:19.048 [main                     ] DEBUG Logger               - Configured Logger
22:54:19.063 [main                     ] DEBUG GameApplication      - Logging settings
Title: BOMBERMAN
Version: 1.0
Width: 1080
Height: 720
Fullscreen: false
Intro: false
Profiling: false
Single step:false
App Mode: DEVELOPER
Menu Key: ESCAPE
Stage Style: DECORATED
Scene Factory: class com.bomberman.bombermanplus.BombermanApp$1

22:54:19.348 [JavaFX Application Thread] DEBUG FXGLApplication      - Initializing FXGL
22:54:19.351 [JavaFX Application Thread] INFO  Engine               - FXGL-17.1 (24.03.2022 17.34) on WINDOWS (J:19 FX:19-ea)
22:54:19.351 [JavaFX Application Thread] DEBUG Engine               - JRE Vendor Name: Oracle Corporation
22:54:19.351 [JavaFX Application Thread] DEBUG Engine               - Running on OS: Windows 11 version 10.0
22:54:19.351 [JavaFX Application Thread] DEBUG Engine               - Architecture: amd64
22:54:19.352 [JavaFX Application Thread] INFO  Engine               - Source code and latest versions at: https://github.com/AlmasB/FXGL
22:54:19.352 [JavaFX Application Thread] INFO  Engine               -       Ask questions and discuss at: https://github.com/AlmasB/FXGL/discussions
22:54:19.352 [JavaFX Application Thread] INFO  Engine               -              Join the FXGL chat at: https://gitter.im/AlmasB/FXGL
22:54:19.412 [JavaFX Application Thread] DEBUG PrimaryStageWindow   - Creating a JavaFX scene
22:54:19.445 [JavaFX Application Thread] DEBUG PrimaryStageWindow   - Target settings size: 1080.0 x 720.0
22:54:19.445 [JavaFX Application Thread] DEBUG PrimaryStageWindow   - Scaled scene size:    1080.0 x 720.0
22:54:19.445 [JavaFX Application Thread] DEBUG PrimaryStageWindow   - Scaled ratio: (1.0, 1.0)
22:54:19.446 [JavaFX Application Thread] DEBUG PrimaryStageWindow   - Set initial scene to FXGLStartupScene
22:54:19.450 [JavaFX Application Thread] DEBUG PrimaryStageWindow   - Opening main window
22:54:19.513 [JavaFX Application Thread] DEBUG PrimaryStageWindow   - Window border size: (14.4000244140625, 37.5999755859375)
22:54:19.514 [JavaFX Application Thread] DEBUG PrimaryStageWindow   - Scaled size: 1080.0 x 720.0
22:54:19.514 [JavaFX Application Thread] DEBUG PrimaryStageWindow   - Scaled ratio: (1.0, 1.0)
22:54:19.514 [JavaFX Application Thread] DEBUG PrimaryStageWindow   - Scene size: 1080.0 x 720.0
22:54:19.515 [JavaFX Application Thread] DEBUG PrimaryStageWindow   - Stage size: 1094.4000244140625 x 757.5999755859375
22:54:19.520 [FXGL Background Thread 1 ] DEBUG Engine               - Initializing environment variables
22:54:19.567 [FXGL Background Thread 1 ] DEBUG FXGLAssetLoaderServi - User app class for loading assets: class com.bomberman.bombermanplus.BombermanApp
22:54:19.567 [FXGL Background Thread 1 ] DEBUG GameApplicationServi - Applying CSS: fxgl_dark.css
22:54:19.568 [FXGL Background Thread 1 ] DEBUG FXGLAssetLoaderServi - Loading from file system: jar:file:///C:/Users/ADMIN/.m2/repository/com/github/almasb/fxgl/17.1/fxgl-17.1.jar!/fxglassets/ui/css/fxgl_dark.css
22:54:19.601 [FXGL Background Thread 1 ] DEBUG GameApplicationServi - Initializing application scenes
22:54:19.628 [FXGL Background Thread 1 ] DEBUG GameWorld            - Game world initialized
22:54:19.683 [FXGL Background Thread 1 ] DEBUG PhysicsWorld         - Physics world initialized: appHeight=720, physics.ppm=50.0
22:54:19.684 [FXGL Background Thread 1 ] DEBUG PhysicsWorld         - Using strategy: BRUTE_FORCE
22:54:19.689 [FXGL Background Thread 1 ] DEBUG GameScene            - Game scene initialized: 1080x720
22:54:19.710 [FXGL Background Thread 1 ] DEBUG GameApplicationServi - Application scenes initialized
22:54:19.720 [FXGL Background Thread 1 ] DEBUG SystemBundleService  - Loading FXGL system data
22:54:19.727 [FXGL Background Thread 1 ] DEBUG FileSystemAccess     - Reading from: C:\Users\ADMIN\IdeaProjects\BombermanPlus\system\fxgl.bundle
22:54:19.735 [FXGL Background Thread 1 ] DEBUG SystemBundleService  - Bundle FXGL: {}
22:54:19.735 [FXGL Background Thread 1 ] DEBUG UpdaterService       - Checking for updates
22:54:19.739 [FXGL Background Thread 4 ] DEBUG FXGLApplication      - Loading fonts
22:54:19.739 [FXGL Background Thread 1 ] DEBUG FXGLApplication      - Loading default localization
22:54:19.739 [FXGL Background Thread 4 ] DEBUG FXGLAssetLoaderServi - Loading from file system: jar:file:///C:/Users/ADMIN/.m2/repository/com/github/almasb/fxgl/17.1/fxgl-17.1.jar!/fxglassets/ui/fonts/VarelaRound-Regular.ttf
22:54:19.740 [FXGL Background Thread 1 ] DEBUG FXGLAssetLoaderServi - Loading from file system: jar:file:///C:/Users/ADMIN/.m2/repository/com/github/almasb/fxgl/17.1/fxgl-17.1.jar!/fxglassets/languages/english.lang
22:54:19.755 [FXGL Background Thread 1 ] INFO  FXGLApplication      - FXGL initialization took: 0.235 sec
22:54:19.762 [JavaFX Application Thread] DEBUG Input                - Registered new binding: Move Right - D
22:54:19.762 [JavaFX Application Thread] DEBUG Input                - Registered new binding: Move Up - W
22:54:19.762 [JavaFX Application Thread] DEBUG Input                - Registered new binding: Move Down - S
22:54:19.762 [JavaFX Application Thread] DEBUG Input                - Registered new binding: Move Left - A
22:54:19.762 [JavaFX Application Thread] DEBUG Input                - Registered new binding: Place bomb - Space
22:54:19.763 [JavaFX Application Thread] DEBUG FXGLAssetLoaderServi - Loading from file system: jar:file:///C:/Users/ADMIN/.m2/repository/com/github/almasb/fxgl/17.1/fxgl-17.1.jar!/fxglassets/textures/fxgl_icon.png
22:54:19.797 [JavaFX Application Thread] DEBUG FXGLAssetLoaderServi - Loading from file system: jar:file:///C:/Users/ADMIN/.m2/repository/com/github/almasb/fxgl/17.1/fxgl-17.1.jar!/fxglassets/textures/fxgl_default_cursor.png
22:54:19.799 [JavaFX Application Thread] DEBUG Input                - Registered new binding: Screenshot - CTRL+8
22:54:19.799 [JavaFX Application Thread] DEBUG Input                - Registered new binding: System info dump - CTRL+9
22:54:19.800 [JavaFX Application Thread] DEBUG Input                - Registered new binding: Restart - CTRL+R
22:54:19.800 [JavaFX Application Thread] DEBUG Input                - Registered new binding: Toggle Debug Camera - CTRL+7
22:54:19.803 [JavaFX Application Thread] DEBUG LoopRunner           - Starting loop
22:54:19.803 [JavaFX Application Thread] DEBUG LoopRunner           - Initializing JavaFX AnimationTimerLoop
22:54:19.805 [JavaFX Application Thread] DEBUG Input                - Clearing active input actions
22:54:19.805 [FXGL Background Thread 4 ] DEBUG FXGLAssetLoaderServi - Loading from file system: jar:file:///C:/Users/ADMIN/.m2/repository/com/github/almasb/fxgl/17.1/fxgl-17.1.jar!/fxglassets/ui/fonts/Abel-Regular.ttf
22:54:19.811 [JavaFX Application Thread] DEBUG GameApplicationServi - Removing overlay from FXGLStartupScene and adding to FXGLMainMenuDummyScene
22:54:19.811 [JavaFX Application Thread] DEBUG PrimaryStageWindow   - FXGLStartupScene -> FXGLMainMenuDummyScene
22:54:19.811 [JavaFX Application Thread] DEBUG PrimaryStageWindow   - Push state: BombermanMenu
22:54:19.811 [JavaFX Application Thread] DEBUG Input                - Clearing active input actions
22:54:19.813 [JavaFX Application Thread] DEBUG GameApplicationServi - Removing overlay from FXGLMainMenuDummyScene and adding to BombermanMenu
22:54:19.814 [JavaFX Application Thread] DEBUG PrimaryStageWindow   - FXGLMainMenuDummyScene -> BombermanMenu
22:54:19.815 [FXGL Background Thread 4 ] DEBUG FXGLAssetLoaderServi - Loading from file system: jar:file:///C:/Users/ADMIN/.m2/repository/com/github/almasb/fxgl/17.1/fxgl-17.1.jar!/fxglassets/ui/fonts/TerminalLandMono-Regular.otf
22:54:19.828 [FXGL Background Thread 4 ] DEBUG FXGLAssetLoaderServi - Loading from file system: jar:file:///C:/Users/ADMIN/.m2/repository/com/github/almasb/fxgl/17.1/fxgl-17.1.jar!/fxglassets/ui/fonts/Courier-Prime.ttf
22:54:19.862 [JavaFX Application Thread] DEBUG FXGLApplication      - Registering font factories with UI factory
22:54:20.159 [FXGL Background Thread 2 ] INFO  UpdaterService       - Your current version:  17.1
22:54:20.160 [FXGL Background Thread 2 ] INFO  UpdaterService       - Latest stable version: 17.2
22:54:20.397 [JavaFX Application Thread] DEBUG Menu                 - fireNewGame()
22:54:20.397 [JavaFX Application Thread] DEBUG GameApplicationServi - Starting new game
22:54:20.397 [JavaFX Application Thread] DEBUG PrimaryStageWindow   - Pop state: BombermanMenu
22:54:20.397 [JavaFX Application Thread] DEBUG Input                - Clearing active input actions
22:54:20.398 [JavaFX Application Thread] DEBUG GameApplicationServi - Removing overlay from BombermanMenu and adding to FXGLMainMenuDummyScene
22:54:20.398 [JavaFX Application Thread] DEBUG PrimaryStageWindow   - FXGLMainMenuDummyScene <- BombermanMenu
22:54:20.398 [JavaFX Application Thread] DEBUG Input                - Clearing active input actions
22:54:20.403 [JavaFX Application Thread] DEBUG GameApplicationServi - Removing overlay from FXGLMainMenuDummyScene and adding to FXGLLoadingScene
22:54:20.403 [JavaFX Application Thread] DEBUG PrimaryStageWindow   - FXGLMainMenuDummyScene -> FXGLLoadingScene
22:54:20.403 [JavaFX Application Thread] DEBUG GameApplicationServi - Clearing previous game
22:54:20.403 [JavaFX Application Thread] DEBUG GameScene            - Clearing game scene
22:54:20.403 [JavaFX Application Thread] DEBUG GameWorld            - Clearing game world
22:54:20.403 [JavaFX Application Thread] DEBUG PhysicsWorld         - Clearing physics world
22:54:20.405 [FXGL Background Thread 2 ] DEBUG FXGLApplication      - Initializing game
22:54:20.431 [FXGL Background Thread 2 ] DEBUG FXGLAssetLoaderServi - Loading from file system: file:/C:/Users/ADMIN/IdeaProjects/BombermanPlus/target/classes/assets/sounds/stage_start.wav
22:54:20.514 [FXGL Background Thread 2 ] INFO  FXGLApplication      - Game initialization took: 0.109 sec
22:54:20.515 [JavaFX Application Thread] DEBUG Input                - Clearing active input actions
22:54:20.522 [JavaFX Application Thread] DEBUG GameApplicationServi - Removing overlay from FXGLLoadingScene and adding to GameScene
22:54:20.522 [JavaFX Application Thread] DEBUG PrimaryStageWindow   - FXGLLoadingScene -> GameScene
22:54:22.739 [FXGL Background Thread 3 ] DEBUG Engine               - Logging environment variables
22:54:22.739 [FXGL Background Thread 3 ] DEBUG Engine               - achievements: []
22:54:22.739 [FXGL Background Thread 3 ] DEBUG Engine               - actualHeight: 720.0
22:54:22.739 [FXGL Background Thread 3 ] DEBUG Engine               - actualHeightProperty: ReadOnlyDoubleProperty [value: 720.0]
22:54:22.740 [FXGL Background Thread 3 ] DEBUG Engine               - actualWidth: 1080.0
22:54:22.740 [FXGL Background Thread 3 ] DEBUG Engine               - actualWidthProperty: ReadOnlyDoubleProperty [value: 1080.0]
22:54:22.740 [FXGL Background Thread 3 ] DEBUG Engine               - appIcon: fxgl_icon.png
22:54:22.740 [FXGL Background Thread 3 ] DEBUG Engine               - applicationMode: DEVELOPER
22:54:22.740 [FXGL Background Thread 3 ] DEBUG Engine               - cSSList: [fxgl_dark.css]
22:54:22.740 [FXGL Background Thread 3 ] DEBUG Engine               - collisionDetectionStrategy: BRUTE_FORCE
22:54:22.740 [FXGL Background Thread 3 ] DEBUG Engine               - configClass: Optional.empty
22:54:22.740 [FXGL Background Thread 3 ] DEBUG Engine               - credits: []
22:54:22.741 [FXGL Background Thread 3 ] DEBUG Engine               - defaultCursor: CursorInfo(imageName=fxgl_default_cursor.png, hotspotX=7.0, hotspotY=6.0)
22:54:22.741 [FXGL Background Thread 3 ] DEBUG Engine               - devBBoxColorProperty: ObjectProperty [value: 0xff0000ff]
22:54:22.741 [FXGL Background Thread 3 ] DEBUG Engine               - devEnableDebugCameraProperty: BooleanProperty [value: false]
22:54:22.741 [FXGL Background Thread 3 ] DEBUG Engine               - devSensorColorProperty: ObjectProperty [value: 0xffff00ff]
22:54:22.741 [FXGL Background Thread 3 ] DEBUG Engine               - devShowBBoxProperty: BooleanProperty [value: false]
22:54:22.741 [FXGL Background Thread 3 ] DEBUG Engine               - devShowPositionProperty: BooleanProperty [value: false]
22:54:22.741 [FXGL Background Thread 3 ] DEBUG Engine               - enabledMenuItems: []
22:54:22.741 [FXGL Background Thread 3 ] DEBUG Engine               - engineServices: [class com.almasb.fxgl.app.services.FXGLAssetLoaderService, class com.almasb.fxgl.app.FXGLApplication$GameApplicationService, class com.almasb.fxgl.app.services.FXGLDialogService, class com.almasb.fxgl.app.services.IOTaskExecutorService, class com.almasb.fxgl.io.FileSystemService, class com.almasb.fxgl.localization.LocalizationService, class com.almasb.fxgl.app.services.SystemBundleService, class com.almasb.fxgl.profile.SaveLoadService, class com.almasb.fxgl.ui.FXGLUIFactoryServiceProvider, class com.almasb.fxgl.ui.FXGLDialogFactoryServiceProvider, class com.almasb.fxgl.audio.AudioPlayer, class com.almasb.fxgl.notification.impl.NotificationServiceProvider, class com.almasb.fxgl.achievement.AchievementService, class com.almasb.fxgl.cutscene.CutsceneService, class com.almasb.fxgl.minigames.MiniGameService, class com.almasb.fxgl.net.NetService, class com.almasb.fxgl.app.services.UpdaterService, class com.almasb.fxgl.dev.DevService]
22:54:22.741 [FXGL Background Thread 3 ] DEBUG Engine               - fontGame: Abel-Regular.ttf
22:54:22.741 [FXGL Background Thread 3 ] DEBUG Engine               - fontMono: TerminalLandMono-Regular.otf
22:54:22.741 [FXGL Background Thread 3 ] DEBUG Engine               - fontText: Courier-Prime.ttf
22:54:22.741 [FXGL Background Thread 3 ] DEBUG Engine               - fontUI: VarelaRound-Regular.ttf
22:54:22.741 [FXGL Background Thread 3 ] DEBUG Engine               - fullScreen: BooleanProperty [value: false]
22:54:22.742 [FXGL Background Thread 3 ] DEBUG Engine               - gameDifficulty: MEDIUM
22:54:22.742 [FXGL Background Thread 3 ] DEBUG Engine               - gameDifficultyProperty: ObjectProperty [value: MEDIUM]
22:54:22.742 [FXGL Background Thread 3 ] DEBUG Engine               - globalMusicVolume: 0.5
22:54:22.742 [FXGL Background Thread 3 ] DEBUG Engine               - globalMusicVolumeProperty: DoubleProperty [value: 0.0]
22:54:22.742 [FXGL Background Thread 3 ] DEBUG Engine               - globalSoundVolume: 0.5
22:54:22.742 [FXGL Background Thread 3 ] DEBUG Engine               - globalSoundVolumeProperty: DoubleProperty [value: 0.5]
22:54:22.742 [FXGL Background Thread 3 ] DEBUG Engine               - height: 720
22:54:22.742 [FXGL Background Thread 3 ] DEBUG Engine               - is3D: false
22:54:22.742 [FXGL Background Thread 3 ] DEBUG Engine               - isAndroid: false
22:54:22.742 [FXGL Background Thread 3 ] DEBUG Engine               - isBrowser: false
22:54:22.743 [FXGL Background Thread 3 ] DEBUG Engine               - isClickFeedbackEnabled: false
22:54:22.744 [FXGL Background Thread 3 ] DEBUG Engine               - isCloseConfirmation: false
22:54:22.744 [FXGL Background Thread 3 ] DEBUG Engine               - isDesktop: true
22:54:22.744 [FXGL Background Thread 3 ] DEBUG Engine               - isDeveloperMenuEnabled: false
22:54:22.744 [FXGL Background Thread 3 ] DEBUG Engine               - isEmbedded: false
22:54:22.744 [FXGL Background Thread 3 ] DEBUG Engine               - isEntityPreloadEnabled: true
22:54:22.744 [FXGL Background Thread 3 ] DEBUG Engine               - isExperimentalTiledLargeMap: false
22:54:22.744 [FXGL Background Thread 3 ] DEBUG Engine               - isFileSystemWriteAllowed: true
22:54:22.744 [FXGL Background Thread 3 ] DEBUG Engine               - isFullScreenAllowed: false
22:54:22.744 [FXGL Background Thread 3 ] DEBUG Engine               - isFullScreenFromStart: false
22:54:22.744 [FXGL Background Thread 3 ] DEBUG Engine               - isGameMenuEnabled: false
22:54:22.744 [FXGL Background Thread 3 ] DEBUG Engine               - isIOS: false
22:54:22.744 [FXGL Background Thread 3 ] DEBUG Engine               - isIntroEnabled: false
22:54:22.744 [FXGL Background Thread 3 ] DEBUG Engine               - isLinux: false
22:54:22.744 [FXGL Background Thread 3 ] DEBUG Engine               - isMac: false
22:54:22.744 [FXGL Background Thread 3 ] DEBUG Engine               - isMainMenuEnabled: true
22:54:22.744 [FXGL Background Thread 3 ] DEBUG Engine               - isManualResizeEnabled: false
22:54:22.744 [FXGL Background Thread 3 ] DEBUG Engine               - isMobile: false
22:54:22.744 [FXGL Background Thread 3 ] DEBUG Engine               - isNative: false
22:54:22.744 [FXGL Background Thread 3 ] DEBUG Engine               - isPauseMusicWhenMinimized: true
22:54:22.744 [FXGL Background Thread 3 ] DEBUG Engine               - isPreserveResizeRatio: false
22:54:22.744 [FXGL Background Thread 3 ] DEBUG Engine               - isProfilingEnabled: false
22:54:22.744 [FXGL Background Thread 3 ] DEBUG Engine               - isScaleAffectedOnResize: true
22:54:22.744 [FXGL Background Thread 3 ] DEBUG Engine               - isSingleStep: false
22:54:22.744 [FXGL Background Thread 3 ] DEBUG Engine               - isUserProfileEnabled: false
22:54:22.744 [FXGL Background Thread 3 ] DEBUG Engine               - isWindows: true
22:54:22.745 [FXGL Background Thread 3 ] DEBUG Engine               - language: ObjectProperty [value: ENGLISH]
22:54:22.745 [FXGL Background Thread 3 ] DEBUG Engine               - menuKey: ESCAPE
22:54:22.745 [FXGL Background Thread 3 ] DEBUG Engine               - mouseSensitivity: 0.2
22:54:22.745 [FXGL Background Thread 3 ] DEBUG Engine               - notificationViewClass: class com.almasb.fxgl.notification.view.XboxNotificationView
22:54:22.745 [FXGL Background Thread 3 ] DEBUG Engine               - pixelsPerMeter: 50.0
22:54:22.745 [FXGL Background Thread 3 ] DEBUG Engine               - platform: WINDOWS
22:54:22.745 [FXGL Background Thread 3 ] DEBUG Engine               - prefHeightProperty: ReadOnlyDoubleProperty [value: 720.0]
22:54:22.745 [FXGL Background Thread 3 ] DEBUG Engine               - prefWidthProperty: ReadOnlyDoubleProperty [value: 1080.0]
22:54:22.745 [FXGL Background Thread 3 ] DEBUG Engine               - profileDir: profiles/
22:54:22.745 [FXGL Background Thread 3 ] DEBUG Engine               - profileName: StringProperty [value: DEFAULT]
22:54:22.745 [FXGL Background Thread 3 ] DEBUG Engine               - randomSeed: -1
22:54:22.745 [FXGL Background Thread 3 ] DEBUG Engine               - runtimeInfo: RuntimeInfo(platform=WINDOWS, version=17.1, build=24.03.2022 17.34)
22:54:22.745 [FXGL Background Thread 3 ] DEBUG Engine               - saveFileExt: sav
22:54:22.745 [FXGL Background Thread 3 ] DEBUG Engine               - scaledHeightProp$fxgl: DoubleProperty [bound, value: 720.0]
22:54:22.745 [FXGL Background Thread 3 ] DEBUG Engine               - scaledWidthProp$fxgl: DoubleProperty [bound, value: 1080.0]
22:54:22.745 [FXGL Background Thread 3 ] DEBUG Engine               - sceneFactory: com.bomberman.bombermanplus.BombermanApp$1@14950916
22:54:22.745 [FXGL Background Thread 3 ] DEBUG Engine               - secondsIn24h: 60
22:54:22.745 [FXGL Background Thread 3 ] DEBUG Engine               - soundMenuBack: menu/back.wav
22:54:22.745 [FXGL Background Thread 3 ] DEBUG Engine               - soundMenuPress: menu/press.wav
22:54:22.745 [FXGL Background Thread 3 ] DEBUG Engine               - soundMenuSelect: menu/select.wav
22:54:22.745 [FXGL Background Thread 3 ] DEBUG Engine               - soundNotification: core/notification.wav
22:54:22.746 [FXGL Background Thread 3 ] DEBUG Engine               - stageStyle: DECORATED
22:54:22.746 [FXGL Background Thread 3 ] DEBUG Engine               - supportedLanguages: [ENGLISH, FRENCH, GERMAN, HUNGARIAN, RUSSIAN]
22:54:22.746 [FXGL Background Thread 3 ] DEBUG Engine               - ticksPerSecond: -1
22:54:22.746 [FXGL Background Thread 3 ] DEBUG Engine               - title: BOMBERMAN
22:54:22.746 [FXGL Background Thread 3 ] DEBUG Engine               - urlGithub: https://github.com/AlmasB/FXGL
22:54:22.746 [FXGL Background Thread 3 ] DEBUG Engine               - urlLeaderboard: http://fxgl-top.herokuapp.com/
22:54:22.746 [FXGL Background Thread 3 ] DEBUG Engine               - urlPOM: https://raw.githubusercontent.com/AlmasB/FXGL/release/README.md
22:54:22.746 [FXGL Background Thread 3 ] DEBUG Engine               - userAppClass: class com.bomberman.bombermanplus.BombermanApp
22:54:22.746 [FXGL Background Thread 3 ] DEBUG Engine               - version: 1.0
22:54:22.746 [FXGL Background Thread 3 ] DEBUG Engine               - versionCheckDays: 7
22:54:22.746 [FXGL Background Thread 3 ] DEBUG Engine               - width: 1080
22:54:22.746 [FXGL Background Thread 3 ] DEBUG Engine               - Logging services
22:54:22.746 [FXGL Background Thread 3 ] DEBUG Engine               - class com.almasb.fxgl.app.services.FXGLAssetLoaderService
22:54:22.746 [FXGL Background Thread 3 ] DEBUG Engine               - class com.almasb.fxgl.app.FXGLApplication$GameApplicationService
22:54:22.746 [FXGL Background Thread 3 ] DEBUG Engine               - class com.almasb.fxgl.app.services.FXGLDialogService
22:54:22.746 [FXGL Background Thread 3 ] DEBUG Engine               - class com.almasb.fxgl.app.services.IOTaskExecutorService
22:54:22.746 [FXGL Background Thread 3 ] DEBUG Engine               - class com.almasb.fxgl.io.FileSystemService
22:54:22.746 [FXGL Background Thread 3 ] DEBUG Engine               - class com.almasb.fxgl.localization.LocalizationService
22:54:22.746 [FXGL Background Thread 3 ] DEBUG Engine               - class com.almasb.fxgl.app.services.SystemBundleService
22:54:22.746 [FXGL Background Thread 3 ] DEBUG Engine               - class com.almasb.fxgl.profile.SaveLoadService
22:54:22.746 [FXGL Background Thread 3 ] DEBUG Engine               - class com.almasb.fxgl.ui.FXGLUIFactoryServiceProvider
22:54:22.746 [FXGL Background Thread 3 ] DEBUG Engine               - class com.almasb.fxgl.ui.FXGLDialogFactoryServiceProvider
22:54:22.746 [FXGL Background Thread 3 ] DEBUG Engine               - class com.almasb.fxgl.audio.AudioPlayer
22:54:22.746 [FXGL Background Thread 3 ] DEBUG Engine               - class com.almasb.fxgl.notification.impl.NotificationServiceProvider
22:54:22.746 [FXGL Background Thread 3 ] DEBUG Engine               - class com.almasb.fxgl.achievement.AchievementService
22:54:22.746 [FXGL Background Thread 3 ] DEBUG Engine               - class com.almasb.fxgl.cutscene.CutsceneService
22:54:22.746 [FXGL Background Thread 3 ] DEBUG Engine               - class com.almasb.fxgl.minigames.MiniGameService
22:54:22.746 [FXGL Background Thread 3 ] DEBUG Engine               - class com.almasb.fxgl.net.NetService
22:54:22.746 [FXGL Background Thread 3 ] DEBUG Engine               - class com.almasb.fxgl.app.services.UpdaterService
22:54:22.746 [FXGL Background Thread 3 ] DEBUG Engine               - class com.almasb.fxgl.dev.DevService
22:54:23.453 [JavaFX Application Thread] WARN  TMXLevelLoader       - TiledMap generated from 1.9.2. Supported version: 1.4.2. Some features may not be parsed fully.
22:54:23.469 [JavaFX Application Thread] DEBUG TMXLevelLoader       - Parsed TiledMap: file:/C:/Users/ADMIN/IdeaProjects/BombermanPlus/target/classes/assets/levels/bbm_level1.tmx
22:54:23.469 [JavaFX Application Thread] DEBUG TMXLevelLoader       - Creating tile layer entities
22:54:23.470 [JavaFX Application Thread] DEBUG TilesetLoader        - Loading view for layer Tile Layer 1
22:54:23.473 [JavaFX Application Thread] DEBUG TilesetLoader        - Created buffer with size 1488.0x720.0
22:54:23.539 [JavaFX Application Thread] DEBUG TMXLevelLoader       - Creating object layer entities
22:54:23.540 [JavaFX Application Thread] DEBUG FXGLAssetLoaderServi - Loading from file system: file:/C:/Users/ADMIN/IdeaProjects/BombermanPlus/target/classes/assets/textures/items/powerup_speed.png
22:54:23.546 [JavaFX Application Thread] DEBUG FXGLAssetLoaderServi - Loading from file system: file:/C:/Users/ADMIN/IdeaProjects/BombermanPlus/target/classes/assets/textures/items/powerup_flames.png
22:54:23.548 [JavaFX Application Thread] DEBUG FXGLAssetLoaderServi - Loading from file system: file:/C:/Users/ADMIN/IdeaProjects/BombermanPlus/target/classes/assets/textures/items/powerup_bombs.png
22:54:23.549 [JavaFX Application Thread] DEBUG FXGLAssetLoaderServi - Loading from file system: file:/C:/Users/ADMIN/IdeaProjects/BombermanPlus/target/classes/assets/textures/items/powerup_flamepass.png
22:54:23.552 [JavaFX Application Thread] DEBUG FXGLAssetLoaderServi - Loading from file system: file:/C:/Users/ADMIN/IdeaProjects/BombermanPlus/target/classes/assets/textures/items/portal.png
22:54:23.554 [JavaFX Application Thread] DEBUG FXGLAssetLoaderServi - Loading from file system: file:/C:/Users/ADMIN/IdeaProjects/BombermanPlus/target/classes/assets/textures/sprites.png
22:54:23.631 [JavaFX Application Thread] DEBUG GameWorld            - Clearing removable entities
22:54:23.631 [JavaFX Application Thread] DEBUG GameWorld            - Setting level: com.almasb.fxgl.entity.level.Level@68c73081
22:54:29.799 [JavaFX Application Thread] DEBUG FXGLAssetLoaderServi - Loading from file system: file:/C:/Users/ADMIN/IdeaProjects/BombermanPlus/target/classes/assets/sounds/bomb_explored.wav
22:54:35.856 [JavaFX Application Thread] DEBUG FXGLApplication      - Exiting FXGL
22:54:35.857 [JavaFX Application Thread] DEBUG LoopRunner           - Stopping loop
22:54:35.857 [JavaFX Application Thread] DEBUG SystemBundleService  - Saving FXGL system data
22:54:35.858 [JavaFX Application Thread] DEBUG FileSystemAccess     - Writing to: C:\Users\ADMIN\IdeaProjects\BombermanPlus\system\fxgl.bundle
22:54:35.860 [JavaFX Application Thread] DEBUG Async                - Shutting down background threads
22:54:35.860 [JavaFX Application Thread] DEBUG PrimaryStageWindow   - Closing main window
22:54:35.870 [JavaFX Application Thread] DEBUG Logger               - Closing Logger
