09:07:31.493 [main                     ] DEBUG Logger               - Configured Logger
09:07:31.514 [main                     ] DEBUG GameApplication      - Logging settings
Title: 
Version: 
Width: 1080
Height: 720
Fullscreen: false
Intro: false
Profiling: false
Single step:false
App Mode: DEVELOPER
Menu Key: ESCAPE
Stage Style: DECORATED
Scene Factory: class com.bomberman.bombermanplus.BombermanApp$1

09:07:32.012 [JavaFX Application Thread] DEBUG FXGLApplication      - Initializing FXGL
09:07:32.016 [JavaFX Application Thread] INFO  Engine               - FXGL-17.1 (24.03.2022 17.34) on WINDOWS (J:19 FX:19-ea)
09:07:32.017 [JavaFX Application Thread] DEBUG Engine               - JRE Vendor Name: Oracle Corporation
09:07:32.017 [JavaFX Application Thread] DEBUG Engine               - Running on OS: Windows 11 version 10.0
09:07:32.017 [JavaFX Application Thread] DEBUG Engine               - Architecture: amd64
09:07:32.017 [JavaFX Application Thread] INFO  Engine               - Source code and latest versions at: https://github.com/AlmasB/FXGL
09:07:32.017 [JavaFX Application Thread] INFO  Engine               -       Ask questions and discuss at: https://github.com/AlmasB/FXGL/discussions
09:07:32.017 [JavaFX Application Thread] INFO  Engine               -              Join the FXGL chat at: https://gitter.im/AlmasB/FXGL
09:07:32.115 [JavaFX Application Thread] DEBUG PrimaryStageWindow   - Creating a JavaFX scene
09:07:32.218 [JavaFX Application Thread] DEBUG PrimaryStageWindow   - Target settings size: 1080.0 x 720.0
09:07:32.218 [JavaFX Application Thread] DEBUG PrimaryStageWindow   - Scaled scene size:    1080.0 x 720.0
09:07:32.218 [JavaFX Application Thread] DEBUG PrimaryStageWindow   - Scaled ratio: (1.0, 1.0)
09:07:32.219 [JavaFX Application Thread] DEBUG PrimaryStageWindow   - Set initial scene to FXGLStartupScene
09:07:32.226 [JavaFX Application Thread] DEBUG PrimaryStageWindow   - Opening main window
09:07:32.340 [JavaFX Application Thread] DEBUG PrimaryStageWindow   - Window border size: (14.4000244140625, 37.5999755859375)
09:07:32.340 [JavaFX Application Thread] DEBUG PrimaryStageWindow   - Scaled size: 1080.0 x 720.0
09:07:32.340 [JavaFX Application Thread] DEBUG PrimaryStageWindow   - Scaled ratio: (1.0, 1.0)
09:07:32.341 [JavaFX Application Thread] DEBUG PrimaryStageWindow   - Scene size: 1080.0 x 720.0
09:07:32.341 [JavaFX Application Thread] DEBUG PrimaryStageWindow   - Stage size: 1094.4000244140625 x 757.5999755859375
09:07:32.352 [FXGL Background Thread 1 ] DEBUG Engine               - Initializing environment variables
09:07:32.410 [FXGL Background Thread 1 ] DEBUG FXGLAssetLoaderServi - User app class for loading assets: class com.bomberman.bombermanplus.BombermanApp
09:07:32.410 [FXGL Background Thread 1 ] DEBUG GameApplicationServi - Applying CSS: fxgl_dark.css
09:07:32.411 [FXGL Background Thread 1 ] DEBUG FXGLAssetLoaderServi - Loading from file system: jar:file:///C:/Users/ADMIN/.m2/repository/com/github/almasb/fxgl/17.1/fxgl-17.1.jar!/fxglassets/ui/css/fxgl_dark.css
09:07:32.455 [FXGL Background Thread 1 ] DEBUG GameApplicationServi - Initializing application scenes
09:07:32.494 [FXGL Background Thread 1 ] DEBUG GameWorld            - Game world initialized
09:07:32.568 [FXGL Background Thread 1 ] DEBUG PhysicsWorld         - Physics world initialized: appHeight=720, physics.ppm=50.0
09:07:32.569 [FXGL Background Thread 1 ] DEBUG PhysicsWorld         - Using strategy: BRUTE_FORCE
09:07:32.572 [FXGL Background Thread 1 ] DEBUG GameScene            - Game scene initialized: 1080x720
09:07:32.579 [FXGL Background Thread 1 ] DEBUG FXGLAssetLoaderServi - Loading from file system: file:/C:/Users/ADMIN/IdeaProjects/BombermanPlus/target/classes/assets/textures/Bomber%20BG.png
09:07:32.699 [FXGL Background Thread 1 ] DEBUG GameApplicationServi - Application scenes initialized
09:07:32.721 [FXGL Background Thread 1 ] DEBUG SystemBundleService  - Loading FXGL system data
09:07:32.732 [FXGL Background Thread 1 ] DEBUG FileSystemAccess     - Reading from: C:\Users\ADMIN\IdeaProjects\BombermanPlus\system\fxgl.bundle
09:07:32.757 [FXGL Background Thread 1 ] DEBUG SystemBundleService  - Bundle FXGL: {}
09:07:32.757 [FXGL Background Thread 1 ] DEBUG UpdaterService       - Checking for updates
09:07:32.807 [FXGL Background Thread 1 ] DEBUG FXGLApplication      - Loading default localization
09:07:32.807 [FXGL Background Thread 4 ] DEBUG FXGLApplication      - Loading fonts
09:07:32.808 [FXGL Background Thread 4 ] DEBUG FXGLAssetLoaderServi - Loading from file system: file:/C:/Users/ADMIN/IdeaProjects/BombermanPlus/target/classes/assets/ui/fonts/Retro%20Gaming.ttf
09:07:32.808 [FXGL Background Thread 1 ] DEBUG FXGLAssetLoaderServi - Loading from file system: jar:file:///C:/Users/ADMIN/.m2/repository/com/github/almasb/fxgl/17.1/fxgl-17.1.jar!/fxglassets/languages/english.lang
09:07:32.849 [FXGL Background Thread 1 ] INFO  FXGLApplication      - FXGL initialization took: 0.497 sec
09:07:32.859 [JavaFX Application Thread] DEBUG Input                - Registered new binding: Move Right - D
09:07:32.860 [JavaFX Application Thread] DEBUG Input                - Registered new binding: Move Up - W
09:07:32.860 [JavaFX Application Thread] DEBUG Input                - Registered new binding: Move Down - S
09:07:32.860 [JavaFX Application Thread] DEBUG Input                - Registered new binding: Move Left - A
09:07:32.860 [JavaFX Application Thread] DEBUG Input                - Registered new binding: Place bomb - Space
09:07:32.861 [JavaFX Application Thread] DEBUG FXGLAssetLoaderServi - Loading from file system: file:/C:/Users/ADMIN/IdeaProjects/BombermanPlus/target/classes/assets/music/title_screen.mp3
09:07:32.901 [FXGL Background Thread 4 ] DEBUG FXGLAssetLoaderServi - Loading from file system: jar:file:///C:/Users/ADMIN/.m2/repository/com/github/almasb/fxgl/17.1/fxgl-17.1.jar!/fxglassets/ui/fonts/Abel-Regular.ttf
09:07:32.915 [FXGL Background Thread 4 ] DEBUG FXGLAssetLoaderServi - Loading from file system: jar:file:///C:/Users/ADMIN/.m2/repository/com/github/almasb/fxgl/17.1/fxgl-17.1.jar!/fxglassets/ui/fonts/TerminalLandMono-Regular.otf
09:07:32.929 [FXGL Background Thread 4 ] DEBUG FXGLAssetLoaderServi - Loading from file system: jar:file:///C:/Users/ADMIN/.m2/repository/com/github/almasb/fxgl/17.1/fxgl-17.1.jar!/fxglassets/ui/fonts/Courier-Prime.ttf
09:07:33.083 [FXGL Background Thread 2 ] WARN  UpdaterService       - Failed to find updates: java.net.UnknownHostException: raw.githubusercontent.com
09:07:33.534 [JavaFX Application Thread] DEBUG AudioPlayer          - Playing music com.almasb.fxgl.audio.Music@767afcfd
09:07:33.534 [JavaFX Application Thread] DEBUG FXGLAssetLoaderServi - Loading from file system: jar:file:///C:/Users/ADMIN/.m2/repository/com/github/almasb/fxgl/17.1/fxgl-17.1.jar!/fxglassets/textures/fxgl_icon.png
09:07:33.560 [JavaFX Application Thread] DEBUG FXGLAssetLoaderServi - Loading from file system: jar:file:///C:/Users/ADMIN/.m2/repository/com/github/almasb/fxgl/17.1/fxgl-17.1.jar!/fxglassets/textures/fxgl_default_cursor.png
09:07:33.562 [JavaFX Application Thread] DEBUG Input                - Registered new binding: Screenshot - CTRL+8
09:07:33.562 [JavaFX Application Thread] DEBUG Input                - Registered new binding: Dev Options - 1
09:07:33.562 [JavaFX Application Thread] DEBUG Input                - Registered new binding: Dev Console - 2
09:07:33.563 [JavaFX Application Thread] DEBUG Input                - Registered new binding: System info dump - CTRL+9
09:07:33.563 [JavaFX Application Thread] DEBUG Input                - Registered new binding: Restart - CTRL+R
09:07:33.564 [JavaFX Application Thread] DEBUG Input                - Registered new binding: Toggle Debug Camera - CTRL+7
09:07:33.565 [JavaFX Application Thread] DEBUG AchievementService   - Registered new achievement: Slayer
09:07:33.565 [JavaFX Application Thread] DEBUG AchievementService   - Registered new achievement: See the world
09:07:33.565 [JavaFX Application Thread] DEBUG AchievementService   - Registered new achievement: Score owner
09:07:33.566 [JavaFX Application Thread] DEBUG LoopRunner           - Starting loop
09:07:33.577 [JavaFX Application Thread] DEBUG LoopRunner           - Initializing JavaFX AnimationTimerLoop
09:07:33.579 [JavaFX Application Thread] DEBUG Input                - Clearing active input actions
09:07:33.588 [JavaFX Application Thread] DEBUG GameApplicationServi - Removing overlay from FXGLStartupScene and adding to FXGLMainMenuDummyScene
09:07:33.590 [JavaFX Application Thread] DEBUG PrimaryStageWindow   - FXGLStartupScene -> FXGLMainMenuDummyScene
09:07:33.590 [JavaFX Application Thread] DEBUG PrimaryStageWindow   - Push state: BombermanMenu
09:07:33.590 [JavaFX Application Thread] DEBUG Input                - Clearing active input actions
09:07:33.592 [JavaFX Application Thread] DEBUG GameApplicationServi - Removing overlay from FXGLMainMenuDummyScene and adding to BombermanMenu
09:07:33.593 [JavaFX Application Thread] DEBUG PrimaryStageWindow   - FXGLMainMenuDummyScene -> BombermanMenu
09:07:33.612 [JavaFX Application Thread] DEBUG FXGLApplication      - Registering font factories with UI factory
09:07:35.804 [FXGL Background Thread 3 ] DEBUG Engine               - Logging environment variables
09:07:35.805 [FXGL Background Thread 3 ] DEBUG Engine               - achievements: [Slayer:achieved(false), See the world:achieved(false), Score owner:achieved(false)]
09:07:35.805 [FXGL Background Thread 3 ] DEBUG Engine               - actualHeight: 720.0
09:07:35.805 [FXGL Background Thread 3 ] DEBUG Engine               - actualHeightProperty: ReadOnlyDoubleProperty [value: 720.0]
09:07:35.805 [FXGL Background Thread 3 ] DEBUG Engine               - actualWidth: 1080.0
09:07:35.805 [FXGL Background Thread 3 ] DEBUG Engine               - actualWidthProperty: ReadOnlyDoubleProperty [value: 1080.0]
09:07:35.805 [FXGL Background Thread 3 ] DEBUG Engine               - appIcon: fxgl_icon.png
09:07:35.805 [FXGL Background Thread 3 ] DEBUG Engine               - applicationMode: DEVELOPER
09:07:35.805 [FXGL Background Thread 3 ] DEBUG Engine               - cSSList: [fxgl_dark.css]
09:07:35.806 [FXGL Background Thread 3 ] DEBUG Engine               - collisionDetectionStrategy: BRUTE_FORCE
09:07:35.806 [FXGL Background Thread 3 ] DEBUG Engine               - configClass: Optional.empty
09:07:35.806 [FXGL Background Thread 3 ] DEBUG Engine               - credits: []
09:07:35.807 [FXGL Background Thread 3 ] DEBUG Engine               - defaultCursor: CursorInfo(imageName=fxgl_default_cursor.png, hotspotX=7.0, hotspotY=6.0)
09:07:35.807 [FXGL Background Thread 3 ] DEBUG Engine               - devBBoxColorProperty: ObjectProperty [value: 0xff0000ff]
09:07:35.807 [FXGL Background Thread 3 ] DEBUG Engine               - devEnableDebugCameraProperty: BooleanProperty [value: false]
09:07:35.807 [FXGL Background Thread 3 ] DEBUG Engine               - devSensorColorProperty: ObjectProperty [value: 0xffff00ff]
09:07:35.807 [FXGL Background Thread 3 ] DEBUG Engine               - devShowBBoxProperty: BooleanProperty [value: false]
09:07:35.807 [FXGL Background Thread 3 ] DEBUG Engine               - devShowPositionProperty: BooleanProperty [value: false]
09:07:35.808 [FXGL Background Thread 3 ] DEBUG Engine               - enabledMenuItems: []
09:07:35.808 [FXGL Background Thread 3 ] DEBUG Engine               - engineServices: [class com.almasb.fxgl.app.services.FXGLAssetLoaderService, class com.almasb.fxgl.app.FXGLApplication$GameApplicationService, class com.almasb.fxgl.app.services.FXGLDialogService, class com.almasb.fxgl.app.services.IOTaskExecutorService, class com.almasb.fxgl.io.FileSystemService, class com.almasb.fxgl.localization.LocalizationService, class com.almasb.fxgl.app.services.SystemBundleService, class com.almasb.fxgl.profile.SaveLoadService, class com.almasb.fxgl.ui.FXGLUIFactoryServiceProvider, class com.almasb.fxgl.ui.FXGLDialogFactoryServiceProvider, class com.almasb.fxgl.audio.AudioPlayer, class com.almasb.fxgl.notification.impl.NotificationServiceProvider, class com.almasb.fxgl.achievement.AchievementService, class com.almasb.fxgl.cutscene.CutsceneService, class com.almasb.fxgl.minigames.MiniGameService, class com.almasb.fxgl.net.NetService, class com.almasb.fxgl.app.services.UpdaterService, class com.almasb.fxgl.dev.DevService]
09:07:35.808 [FXGL Background Thread 3 ] DEBUG Engine               - fontGame: Abel-Regular.ttf
09:07:35.808 [FXGL Background Thread 3 ] DEBUG Engine               - fontMono: TerminalLandMono-Regular.otf
09:07:35.808 [FXGL Background Thread 3 ] DEBUG Engine               - fontText: Courier-Prime.ttf
09:07:35.808 [FXGL Background Thread 3 ] DEBUG Engine               - fontUI: Retro Gaming.ttf
09:07:35.808 [FXGL Background Thread 3 ] DEBUG Engine               - fullScreen: BooleanProperty [value: false]
09:07:35.808 [FXGL Background Thread 3 ] DEBUG Engine               - gameDifficulty: MEDIUM
09:07:35.808 [FXGL Background Thread 3 ] DEBUG Engine               - gameDifficultyProperty: ObjectProperty [value: MEDIUM]
09:07:35.809 [FXGL Background Thread 3 ] DEBUG Engine               - globalMusicVolume: 0.5
09:07:35.809 [FXGL Background Thread 3 ] DEBUG Engine               - globalMusicVolumeProperty: DoubleProperty [value: 0.05]
09:07:35.809 [FXGL Background Thread 3 ] DEBUG Engine               - globalSoundVolume: 0.5
09:07:35.809 [FXGL Background Thread 3 ] DEBUG Engine               - globalSoundVolumeProperty: DoubleProperty [value: 0.4]
09:07:35.809 [FXGL Background Thread 3 ] DEBUG Engine               - height: 720
09:07:35.809 [FXGL Background Thread 3 ] DEBUG Engine               - is3D: false
09:07:35.809 [FXGL Background Thread 3 ] DEBUG Engine               - isAndroid: false
09:07:35.809 [FXGL Background Thread 3 ] DEBUG Engine               - isBrowser: false
09:07:35.809 [FXGL Background Thread 3 ] DEBUG Engine               - isClickFeedbackEnabled: false
09:07:35.809 [FXGL Background Thread 3 ] DEBUG Engine               - isCloseConfirmation: false
09:07:35.809 [FXGL Background Thread 3 ] DEBUG Engine               - isDesktop: true
09:07:35.809 [FXGL Background Thread 3 ] DEBUG Engine               - isDeveloperMenuEnabled: true
09:07:35.809 [FXGL Background Thread 3 ] DEBUG Engine               - isEmbedded: false
09:07:35.809 [FXGL Background Thread 3 ] DEBUG Engine               - isEntityPreloadEnabled: true
09:07:35.810 [FXGL Background Thread 3 ] DEBUG Engine               - isExperimentalTiledLargeMap: false
09:07:35.810 [FXGL Background Thread 3 ] DEBUG Engine               - isFileSystemWriteAllowed: true
09:07:35.810 [FXGL Background Thread 3 ] DEBUG Engine               - isFullScreenAllowed: false
09:07:35.810 [FXGL Background Thread 3 ] DEBUG Engine               - isFullScreenFromStart: false
09:07:35.810 [FXGL Background Thread 3 ] DEBUG Engine               - isGameMenuEnabled: true
09:07:35.810 [FXGL Background Thread 3 ] DEBUG Engine               - isIOS: false
09:07:35.810 [FXGL Background Thread 3 ] DEBUG Engine               - isIntroEnabled: false
09:07:35.810 [FXGL Background Thread 3 ] DEBUG Engine               - isLinux: false
09:07:35.810 [FXGL Background Thread 3 ] DEBUG Engine               - isMac: false
09:07:35.810 [FXGL Background Thread 3 ] DEBUG Engine               - isMainMenuEnabled: true
09:07:35.810 [FXGL Background Thread 3 ] DEBUG Engine               - isManualResizeEnabled: true
09:07:35.810 [FXGL Background Thread 3 ] DEBUG Engine               - isMobile: false
09:07:35.810 [FXGL Background Thread 3 ] DEBUG Engine               - isNative: false
09:07:35.810 [FXGL Background Thread 3 ] DEBUG Engine               - isPauseMusicWhenMinimized: true
09:07:35.810 [FXGL Background Thread 3 ] DEBUG Engine               - isPreserveResizeRatio: true
09:07:35.810 [FXGL Background Thread 3 ] DEBUG Engine               - isProfilingEnabled: false
09:07:35.810 [FXGL Background Thread 3 ] DEBUG Engine               - isScaleAffectedOnResize: true
09:07:35.810 [FXGL Background Thread 3 ] DEBUG Engine               - isSingleStep: false
09:07:35.810 [FXGL Background Thread 3 ] DEBUG Engine               - isUserProfileEnabled: false
09:07:35.810 [FXGL Background Thread 3 ] DEBUG Engine               - isWindows: true
09:07:35.811 [FXGL Background Thread 3 ] DEBUG Engine               - language: ObjectProperty [value: ENGLISH]
09:07:35.811 [FXGL Background Thread 3 ] DEBUG Engine               - menuKey: ESCAPE
09:07:35.811 [FXGL Background Thread 3 ] DEBUG Engine               - mouseSensitivity: 0.2
09:07:35.811 [FXGL Background Thread 3 ] DEBUG Engine               - notificationViewClass: class com.almasb.fxgl.notification.view.XboxNotificationView
09:07:35.811 [FXGL Background Thread 3 ] DEBUG Engine               - pixelsPerMeter: 50.0
09:07:35.811 [FXGL Background Thread 3 ] DEBUG Engine               - platform: WINDOWS
09:07:35.811 [FXGL Background Thread 3 ] DEBUG Engine               - prefHeightProperty: ReadOnlyDoubleProperty [value: 720.0]
09:07:35.811 [FXGL Background Thread 3 ] DEBUG Engine               - prefWidthProperty: ReadOnlyDoubleProperty [value: 1080.0]
09:07:35.811 [FXGL Background Thread 3 ] DEBUG Engine               - profileDir: profiles/
09:07:35.811 [FXGL Background Thread 3 ] DEBUG Engine               - profileName: StringProperty [value: DEFAULT]
09:07:35.811 [FXGL Background Thread 3 ] DEBUG Engine               - randomSeed: -1
09:07:35.811 [FXGL Background Thread 3 ] DEBUG Engine               - runtimeInfo: RuntimeInfo(platform=WINDOWS, version=17.1, build=24.03.2022 17.34)
09:07:35.811 [FXGL Background Thread 3 ] DEBUG Engine               - saveFileExt: sav
09:07:35.811 [FXGL Background Thread 3 ] DEBUG Engine               - scaledHeightProp$fxgl: DoubleProperty [bound, value: 720.0]
09:07:35.811 [FXGL Background Thread 3 ] DEBUG Engine               - scaledWidthProp$fxgl: DoubleProperty [bound, value: 1080.0]
09:07:35.812 [FXGL Background Thread 3 ] DEBUG Engine               - sceneFactory: com.bomberman.bombermanplus.BombermanApp$1@406b15a4
09:07:35.812 [FXGL Background Thread 3 ] DEBUG Engine               - secondsIn24h: 60
09:07:35.812 [FXGL Background Thread 3 ] DEBUG Engine               - soundMenuBack: menu/back.wav
09:07:35.812 [FXGL Background Thread 3 ] DEBUG Engine               - soundMenuPress: menu/press.wav
09:07:35.812 [FXGL Background Thread 3 ] DEBUG Engine               - soundMenuSelect: menu/select.wav
09:07:35.812 [FXGL Background Thread 3 ] DEBUG Engine               - soundNotification: core/notification.wav
09:07:35.812 [FXGL Background Thread 3 ] DEBUG Engine               - stageStyle: DECORATED
09:07:35.812 [FXGL Background Thread 3 ] DEBUG Engine               - supportedLanguages: [ENGLISH, FRENCH, GERMAN, HUNGARIAN, RUSSIAN]
09:07:35.812 [FXGL Background Thread 3 ] DEBUG Engine               - ticksPerSecond: -1
09:07:35.812 [FXGL Background Thread 3 ] DEBUG Engine               - title: 
09:07:35.812 [FXGL Background Thread 3 ] DEBUG Engine               - urlGithub: https://github.com/AlmasB/FXGL
09:07:35.812 [FXGL Background Thread 3 ] DEBUG Engine               - urlLeaderboard: http://fxgl-top.herokuapp.com/
09:07:35.812 [FXGL Background Thread 3 ] DEBUG Engine               - urlPOM: https://raw.githubusercontent.com/AlmasB/FXGL/release/README.md
09:07:35.812 [FXGL Background Thread 3 ] DEBUG Engine               - userAppClass: class com.bomberman.bombermanplus.BombermanApp
09:07:35.812 [FXGL Background Thread 3 ] DEBUG Engine               - version: 
09:07:35.812 [FXGL Background Thread 3 ] DEBUG Engine               - versionCheckDays: 7
09:07:35.812 [FXGL Background Thread 3 ] DEBUG Engine               - width: 1080
09:07:35.812 [FXGL Background Thread 3 ] DEBUG Engine               - Logging services
09:07:35.813 [FXGL Background Thread 3 ] DEBUG Engine               - class com.almasb.fxgl.app.services.FXGLAssetLoaderService
09:07:35.813 [FXGL Background Thread 3 ] DEBUG Engine               - class com.almasb.fxgl.app.FXGLApplication$GameApplicationService
09:07:35.813 [FXGL Background Thread 3 ] DEBUG Engine               - class com.almasb.fxgl.app.services.FXGLDialogService
09:07:35.813 [FXGL Background Thread 3 ] DEBUG Engine               - class com.almasb.fxgl.app.services.IOTaskExecutorService
09:07:35.813 [FXGL Background Thread 3 ] DEBUG Engine               - class com.almasb.fxgl.io.FileSystemService
09:07:35.813 [FXGL Background Thread 3 ] DEBUG Engine               - class com.almasb.fxgl.localization.LocalizationService
09:07:35.813 [FXGL Background Thread 3 ] DEBUG Engine               - class com.almasb.fxgl.app.services.SystemBundleService
09:07:35.813 [FXGL Background Thread 3 ] DEBUG Engine               - class com.almasb.fxgl.profile.SaveLoadService
09:07:35.813 [FXGL Background Thread 3 ] DEBUG Engine               - class com.almasb.fxgl.ui.FXGLUIFactoryServiceProvider
09:07:35.813 [FXGL Background Thread 3 ] DEBUG Engine               - class com.almasb.fxgl.ui.FXGLDialogFactoryServiceProvider
09:07:35.813 [FXGL Background Thread 3 ] DEBUG Engine               - class com.almasb.fxgl.audio.AudioPlayer
09:07:35.813 [FXGL Background Thread 3 ] DEBUG Engine               - class com.almasb.fxgl.notification.impl.NotificationServiceProvider
09:07:35.813 [FXGL Background Thread 3 ] DEBUG Engine               - class com.almasb.fxgl.achievement.AchievementService
09:07:35.813 [FXGL Background Thread 3 ] DEBUG Engine               - class com.almasb.fxgl.cutscene.CutsceneService
09:07:35.813 [FXGL Background Thread 3 ] DEBUG Engine               - class com.almasb.fxgl.minigames.MiniGameService
09:07:35.813 [FXGL Background Thread 3 ] DEBUG Engine               - class com.almasb.fxgl.net.NetService
09:07:35.813 [FXGL Background Thread 3 ] DEBUG Engine               - class com.almasb.fxgl.app.services.UpdaterService
09:07:35.813 [FXGL Background Thread 3 ] DEBUG Engine               - class com.almasb.fxgl.dev.DevService
09:07:35.859 [JavaFX Application Thread] DEBUG Menu                 - fireNewGame()
09:07:35.859 [JavaFX Application Thread] DEBUG GameApplicationServi - Starting new game
09:07:35.859 [JavaFX Application Thread] DEBUG PrimaryStageWindow   - Pop state: BombermanMenu
09:07:35.859 [JavaFX Application Thread] DEBUG Input                - Clearing active input actions
09:07:35.860 [JavaFX Application Thread] DEBUG GameApplicationServi - Removing overlay from BombermanMenu and adding to FXGLMainMenuDummyScene
09:07:35.862 [JavaFX Application Thread] DEBUG PrimaryStageWindow   - FXGLMainMenuDummyScene <- BombermanMenu
09:07:35.862 [JavaFX Application Thread] DEBUG Input                - Clearing active input actions
09:07:35.867 [JavaFX Application Thread] DEBUG GameApplicationServi - Removing overlay from FXGLMainMenuDummyScene and adding to FXGLLoadingScene
09:07:35.867 [JavaFX Application Thread] DEBUG PrimaryStageWindow   - FXGLMainMenuDummyScene -> FXGLLoadingScene
09:07:35.867 [JavaFX Application Thread] DEBUG GameApplicationServi - Clearing previous game
09:07:35.868 [JavaFX Application Thread] DEBUG GameScene            - Clearing game scene
09:07:35.868 [JavaFX Application Thread] DEBUG GameWorld            - Clearing game world
09:07:35.868 [JavaFX Application Thread] DEBUG PhysicsWorld         - Clearing physics world
09:07:35.870 [FXGL Background Thread 2 ] DEBUG FXGLApplication      - Initializing game
09:07:35.890 [FXGL Background Thread 2 ] DEBUG FXGLAssetLoaderServi - Loading from file system: file:/C:/Users/ADMIN/IdeaProjects/BombermanPlus/target/classes/assets/sounds/stage_start.wav
09:07:35.922 [FXGL Background Thread 2 ] INFO  FXGLApplication      - Game initialization took: 0.052 sec
09:07:35.935 [JavaFX Application Thread] DEBUG Input                - Clearing active input actions
09:07:35.940 [JavaFX Application Thread] DEBUG GameApplicationServi - Removing overlay from FXGLLoadingScene and adding to GameScene
09:07:35.944 [JavaFX Application Thread] DEBUG PrimaryStageWindow   - FXGLLoadingScene -> GameScene
09:07:38.751 [JavaFX Application Thread] WARN  TMXLevelLoader       - TiledMap generated from 1.9.2. Supported version: 1.4.2. Some features may not be parsed fully.
09:07:38.773 [JavaFX Application Thread] DEBUG TMXLevelLoader       - Parsed TiledMap: file:/C:/Users/ADMIN/IdeaProjects/BombermanPlus/target/classes/assets/levels/bbm_level1.tmx
09:07:38.774 [JavaFX Application Thread] DEBUG TMXLevelLoader       - Creating tile layer entities
09:07:38.775 [JavaFX Application Thread] DEBUG TilesetLoader        - Loading view for layer Tile Layer 1
09:07:38.781 [JavaFX Application Thread] DEBUG TilesetLoader        - Created buffer with size 1488.0x720.0
09:07:38.887 [JavaFX Application Thread] DEBUG TMXLevelLoader       - Creating object layer entities
09:07:38.889 [JavaFX Application Thread] DEBUG FXGLAssetLoaderServi - Loading from file system: file:/C:/Users/ADMIN/IdeaProjects/BombermanPlus/target/classes/assets/textures/items/powerup_speed.png
09:07:38.898 [JavaFX Application Thread] DEBUG FXGLAssetLoaderServi - Loading from file system: file:/C:/Users/ADMIN/IdeaProjects/BombermanPlus/target/classes/assets/textures/items/powerup_flames.png
09:07:38.899 [JavaFX Application Thread] DEBUG FXGLAssetLoaderServi - Loading from file system: file:/C:/Users/ADMIN/IdeaProjects/BombermanPlus/target/classes/assets/textures/items/powerup_bombs.png
09:07:38.901 [JavaFX Application Thread] DEBUG FXGLAssetLoaderServi - Loading from file system: file:/C:/Users/ADMIN/IdeaProjects/BombermanPlus/target/classes/assets/textures/items/powerup_flamepass.png
09:07:38.905 [JavaFX Application Thread] DEBUG FXGLAssetLoaderServi - Loading from file system: file:/C:/Users/ADMIN/IdeaProjects/BombermanPlus/target/classes/assets/textures/items/portal.png
09:07:38.909 [JavaFX Application Thread] DEBUG FXGLAssetLoaderServi - Loading from file system: file:/C:/Users/ADMIN/IdeaProjects/BombermanPlus/target/classes/assets/textures/sprites.png
09:07:38.978 [JavaFX Application Thread] DEBUG FXGLAssetLoaderServi - Loading from file system: file:/C:/Users/ADMIN/IdeaProjects/BombermanPlus/target/classes/assets/textures/char3.png
09:07:39.030 [JavaFX Application Thread] DEBUG GameWorld            - Clearing removable entities
09:07:39.031 [JavaFX Application Thread] DEBUG GameWorld            - Setting level: com.almasb.fxgl.entity.level.Level@12c78839
09:07:39.089 [JavaFX Application Thread] DEBUG FXGLAssetLoaderServi - Loading from file system: file:/C:/Users/ADMIN/IdeaProjects/BombermanPlus/target/classes/assets/sounds/walk_2.wav
09:07:40.110 [JavaFX Application Thread] DEBUG FXGLAssetLoaderServi - Loading from file system: file:/C:/Users/ADMIN/IdeaProjects/BombermanPlus/target/classes/assets/sounds/walk_1.wav
09:07:41.226 [JavaFX Application Thread] DEBUG FXGLAssetLoaderServi - Loading from file system: file:/C:/Users/ADMIN/IdeaProjects/BombermanPlus/target/classes/assets/sounds/power_up.wav
09:07:41.773 [JavaFX Application Thread] DEBUG FXGLAssetLoaderServi - Loading from file system: file:/C:/Users/ADMIN/IdeaProjects/BombermanPlus/target/classes/assets/sounds/placed_bomb.wav
09:07:44.268 [JavaFX Application Thread] DEBUG FXGLAssetLoaderServi - Loading from file system: file:/C:/Users/ADMIN/IdeaProjects/BombermanPlus/target/classes/assets/sounds/bomb_exploded.wav
09:07:50.167 [JavaFX Application Thread] DEBUG PrimaryStageWindow   - Push state: BombermanGameMenu
09:07:50.168 [JavaFX Application Thread] DEBUG Input                - Clearing active input actions
09:07:50.169 [JavaFX Application Thread] DEBUG GameApplicationServi - Removing overlay from GameScene and adding to BombermanGameMenu
09:07:50.171 [JavaFX Application Thread] DEBUG PrimaryStageWindow   - GameScene -> BombermanGameMenu
09:07:52.465 [JavaFX Application Thread] DEBUG Menu                 - fireExitToMainMenu()
09:07:52.470 [JavaFX Application Thread] DEBUG PrimaryStageWindow   - Push state: DialogSubScene
09:07:52.470 [JavaFX Application Thread] DEBUG Input                - Clearing active input actions
09:07:52.471 [JavaFX Application Thread] DEBUG GameApplicationServi - Removing overlay from BombermanGameMenu and adding to DialogSubScene
09:07:52.472 [JavaFX Application Thread] DEBUG PrimaryStageWindow   - BombermanGameMenu -> DialogSubScene
09:07:55.510 [JavaFX Application Thread] DEBUG PrimaryStageWindow   - Pop state: DialogSubScene
09:07:55.510 [JavaFX Application Thread] DEBUG Input                - Clearing active input actions
09:07:55.511 [JavaFX Application Thread] DEBUG GameApplicationServi - Removing overlay from DialogSubScene and adding to BombermanGameMenu
09:07:55.512 [JavaFX Application Thread] DEBUG PrimaryStageWindow   - BombermanGameMenu <- DialogSubScene
09:07:55.512 [JavaFX Application Thread] DEBUG PrimaryStageWindow   - Pop state: BombermanGameMenu
09:07:55.512 [JavaFX Application Thread] DEBUG Input                - Clearing active input actions
09:07:55.512 [JavaFX Application Thread] DEBUG GameApplicationServi - Removing overlay from BombermanGameMenu and adding to GameScene
09:07:55.512 [JavaFX Application Thread] DEBUG PrimaryStageWindow   - GameScene <- BombermanGameMenu
09:07:55.512 [JavaFX Application Thread] DEBUG Input                - Clearing active input actions
09:07:55.517 [JavaFX Application Thread] DEBUG GameApplicationServi - Removing overlay from GameScene and adding to FXGLMainMenuDummyScene
09:07:55.520 [JavaFX Application Thread] DEBUG PrimaryStageWindow   - GameScene -> FXGLMainMenuDummyScene
09:07:55.520 [JavaFX Application Thread] DEBUG PrimaryStageWindow   - Push state: BombermanMenu
09:07:55.520 [JavaFX Application Thread] DEBUG Input                - Clearing active input actions
09:07:55.520 [JavaFX Application Thread] DEBUG GameApplicationServi - Removing overlay from FXGLMainMenuDummyScene and adding to BombermanMenu
09:07:55.521 [JavaFX Application Thread] DEBUG PrimaryStageWindow   - FXGLMainMenuDummyScene -> BombermanMenu
09:08:02.061 [JavaFX Application Thread] DEBUG FXGLApplication      - Exiting FXGL
09:08:02.061 [JavaFX Application Thread] DEBUG LoopRunner           - Stopping loop
09:08:02.061 [JavaFX Application Thread] DEBUG SystemBundleService  - Saving FXGL system data
09:08:02.076 [JavaFX Application Thread] DEBUG FileSystemAccess     - Writing to: C:\Users\ADMIN\IdeaProjects\BombermanPlus\system\fxgl.bundle
09:08:02.080 [JavaFX Application Thread] DEBUG Async                - Shutting down background threads
09:08:02.080 [JavaFX Application Thread] DEBUG PrimaryStageWindow   - Closing main window
09:08:02.091 [JavaFX Application Thread] DEBUG Logger               - Closing Logger
