18:39:36.067 [main                     ] DEBUG Logger               - Configured Logger
18:39:36.086 [main                     ] DEBUG GameApplication      - Logging settings
Title: BOMBERMAN
Version: 
Width: 1080
Height: 720
Fullscreen: false
Intro: false
Profiling: false
Single step:false
App Mode: DEVELOPER
Menu Key: ESCAPE
Stage Style: DECORATED
Scene Factory: class com.bomberman.bombermanplus.BombermanApp$1

18:39:36.404 [JavaFX Application Thread] DEBUG FXGLApplication      - Initializing FXGL
18:39:36.409 [JavaFX Application Thread] INFO  Engine               - FXGL-17.1 (24.03.2022 17.34) on WINDOWS (J:19 FX:19-ea)
18:39:36.410 [JavaFX Application Thread] DEBUG Engine               - JRE Vendor Name: Oracle Corporation
18:39:36.410 [JavaFX Application Thread] DEBUG Engine               - Running on OS: Windows 11 version 10.0
18:39:36.410 [JavaFX Application Thread] DEBUG Engine               - Architecture: amd64
18:39:36.410 [JavaFX Application Thread] INFO  Engine               - Source code and latest versions at: https://github.com/AlmasB/FXGL
18:39:36.410 [JavaFX Application Thread] INFO  Engine               -       Ask questions and discuss at: https://github.com/AlmasB/FXGL/discussions
18:39:36.410 [JavaFX Application Thread] INFO  Engine               -              Join the FXGL chat at: https://gitter.im/AlmasB/FXGL
18:39:36.474 [JavaFX Application Thread] DEBUG PrimaryStageWindow   - Creating a JavaFX scene
18:39:36.506 [JavaFX Application Thread] DEBUG PrimaryStageWindow   - Target settings size: 1080.0 x 720.0
18:39:36.507 [JavaFX Application Thread] DEBUG PrimaryStageWindow   - Scaled scene size:    1080.0 x 720.0
18:39:36.507 [JavaFX Application Thread] DEBUG PrimaryStageWindow   - Scaled ratio: (1.0, 1.0)
18:39:36.508 [JavaFX Application Thread] DEBUG PrimaryStageWindow   - Set initial scene to FXGLStartupScene
18:39:36.513 [JavaFX Application Thread] DEBUG PrimaryStageWindow   - Opening main window
18:39:36.588 [JavaFX Application Thread] DEBUG PrimaryStageWindow   - Window border size: (14.4000244140625, 37.5999755859375)
18:39:36.588 [JavaFX Application Thread] DEBUG PrimaryStageWindow   - Scaled size: 1080.0 x 720.0
18:39:36.588 [JavaFX Application Thread] DEBUG PrimaryStageWindow   - Scaled ratio: (1.0, 1.0)
18:39:36.589 [JavaFX Application Thread] DEBUG PrimaryStageWindow   - Scene size: 1080.0 x 720.0
18:39:36.589 [JavaFX Application Thread] DEBUG PrimaryStageWindow   - Stage size: 1094.4000244140625 x 757.5999755859375
18:39:36.595 [FXGL Background Thread 1 ] DEBUG Engine               - Initializing environment variables
18:39:36.645 [FXGL Background Thread 1 ] DEBUG FXGLAssetLoaderServi - User app class for loading assets: class com.bomberman.bombermanplus.BombermanApp
18:39:36.645 [FXGL Background Thread 1 ] DEBUG GameApplicationServi - Applying CSS: fxgl_dark.css
18:39:36.646 [FXGL Background Thread 1 ] DEBUG FXGLAssetLoaderServi - Loading from file system: jar:file:///C:/Users/Gia%20Phong/.m2/repository/com/github/almasb/fxgl/17.1/fxgl-17.1.jar!/fxglassets/ui/css/fxgl_dark.css
18:39:36.682 [FXGL Background Thread 1 ] DEBUG GameApplicationServi - Initializing application scenes
18:39:36.717 [FXGL Background Thread 1 ] DEBUG GameWorld            - Game world initialized
18:39:36.773 [FXGL Background Thread 1 ] DEBUG PhysicsWorld         - Physics world initialized: appHeight=720, physics.ppm=50.0
18:39:36.774 [FXGL Background Thread 1 ] DEBUG PhysicsWorld         - Using strategy: BRUTE_FORCE
18:39:36.777 [FXGL Background Thread 1 ] DEBUG GameScene            - Game scene initialized: 1080x720
18:39:36.783 [FXGL Background Thread 1 ] DEBUG FXGLAssetLoaderServi - Loading from file system: file:/C:/Users/Gia%20Phong/Downloads/Java/src/BombermanPlus/target/classes/assets/textures/Bomber%20BG.png
18:39:36.857 [FXGL Background Thread 1 ] DEBUG GameApplicationServi - Application scenes initialized
18:39:36.867 [FXGL Background Thread 1 ] DEBUG SystemBundleService  - Loading FXGL system data
18:39:36.870 [FXGL Background Thread 1 ] DEBUG FileSystemAccess     - Reading from: C:\Users\Gia Phong\Downloads\Java\src\BombermanPlus\system\fxgl.bundle
18:39:36.879 [FXGL Background Thread 1 ] DEBUG SystemBundleService  - Bundle FXGL: {}
18:39:36.880 [FXGL Background Thread 1 ] DEBUG UpdaterService       - Checking for updates
18:39:36.915 [FXGL Background Thread 4 ] DEBUG FXGLApplication      - Loading fonts
18:39:36.915 [FXGL Background Thread 1 ] DEBUG FXGLApplication      - Loading default localization
18:39:36.915 [FXGL Background Thread 4 ] DEBUG FXGLAssetLoaderServi - Loading from file system: file:/C:/Users/Gia%20Phong/Downloads/Java/src/BombermanPlus/target/classes/assets/ui/fonts/Retro%20Gaming.ttf
18:39:36.916 [FXGL Background Thread 1 ] DEBUG FXGLAssetLoaderServi - Loading from file system: jar:file:///C:/Users/Gia%20Phong/.m2/repository/com/github/almasb/fxgl/17.1/fxgl-17.1.jar!/fxglassets/languages/english.lang
18:39:36.940 [FXGL Background Thread 1 ] INFO  FXGLApplication      - FXGL initialization took: 0.345 sec
18:39:36.952 [JavaFX Application Thread] DEBUG Input                - Registered new binding: Move Right - D
18:39:36.952 [JavaFX Application Thread] DEBUG Input                - Registered new binding: Move Up - W
18:39:36.953 [JavaFX Application Thread] DEBUG Input                - Registered new binding: Move Down - S
18:39:36.953 [JavaFX Application Thread] DEBUG Input                - Registered new binding: Move Left - A
18:39:36.953 [JavaFX Application Thread] DEBUG Input                - Registered new binding: Place bomb - Space
18:39:36.954 [JavaFX Application Thread] DEBUG FXGLAssetLoaderServi - Loading from file system: file:/C:/Users/Gia%20Phong/Downloads/Java/src/BombermanPlus/target/classes/assets/music/title_screen.mp3
18:39:37.047 [FXGL Background Thread 4 ] DEBUG FXGLAssetLoaderServi - Loading from file system: jar:file:///C:/Users/Gia%20Phong/.m2/repository/com/github/almasb/fxgl/17.1/fxgl-17.1.jar!/fxglassets/ui/fonts/Abel-Regular.ttf
18:39:37.057 [FXGL Background Thread 4 ] DEBUG FXGLAssetLoaderServi - Loading from file system: jar:file:///C:/Users/Gia%20Phong/.m2/repository/com/github/almasb/fxgl/17.1/fxgl-17.1.jar!/fxglassets/ui/fonts/TerminalLandMono-Regular.otf
18:39:37.070 [FXGL Background Thread 4 ] DEBUG FXGLAssetLoaderServi - Loading from file system: jar:file:///C:/Users/Gia%20Phong/.m2/repository/com/github/almasb/fxgl/17.1/fxgl-17.1.jar!/fxglassets/ui/fonts/Courier-Prime.ttf
18:39:37.177 [JavaFX Application Thread] DEBUG AudioPlayer          - Playing music com.almasb.fxgl.audio.Music@4e5ebe06
18:39:37.178 [JavaFX Application Thread] DEBUG FXGLAssetLoaderServi - Loading from file system: jar:file:///C:/Users/Gia%20Phong/.m2/repository/com/github/almasb/fxgl/17.1/fxgl-17.1.jar!/fxglassets/textures/fxgl_icon.png
18:39:37.229 [JavaFX Application Thread] DEBUG FXGLAssetLoaderServi - Loading from file system: jar:file:///C:/Users/Gia%20Phong/.m2/repository/com/github/almasb/fxgl/17.1/fxgl-17.1.jar!/fxglassets/textures/fxgl_default_cursor.png
18:39:37.232 [JavaFX Application Thread] DEBUG Input                - Registered new binding: Screenshot - CTRL+8
18:39:37.232 [JavaFX Application Thread] DEBUG Input                - Registered new binding: Dev Options - 1
18:39:37.233 [JavaFX Application Thread] DEBUG Input                - Registered new binding: Dev Console - 2
18:39:37.233 [JavaFX Application Thread] DEBUG Input                - Registered new binding: System info dump - CTRL+9
18:39:37.233 [JavaFX Application Thread] DEBUG Input                - Registered new binding: Restart - CTRL+R
18:39:37.234 [JavaFX Application Thread] DEBUG Input                - Registered new binding: Toggle Debug Camera - CTRL+7
18:39:37.237 [JavaFX Application Thread] DEBUG AchievementService   - Registered new achievement: Slayer
18:39:37.237 [JavaFX Application Thread] DEBUG AchievementService   - Registered new achievement: See the world
18:39:37.237 [JavaFX Application Thread] DEBUG AchievementService   - Registered new achievement: Score owner
18:39:37.238 [JavaFX Application Thread] DEBUG LoopRunner           - Starting loop
18:39:37.256 [JavaFX Application Thread] DEBUG LoopRunner           - Initializing JavaFX AnimationTimerLoop
18:39:37.260 [JavaFX Application Thread] DEBUG Input                - Clearing active input actions
18:39:37.280 [JavaFX Application Thread] DEBUG GameApplicationServi - Removing overlay from FXGLStartupScene and adding to FXGLMainMenuDummyScene
18:39:37.287 [JavaFX Application Thread] DEBUG PrimaryStageWindow   - FXGLStartupScene -> FXGLMainMenuDummyScene
18:39:37.287 [JavaFX Application Thread] DEBUG PrimaryStageWindow   - Push state: BombermanMenu
18:39:37.288 [JavaFX Application Thread] DEBUG Input                - Clearing active input actions
18:39:37.292 [JavaFX Application Thread] DEBUG GameApplicationServi - Removing overlay from FXGLMainMenuDummyScene and adding to BombermanMenu
18:39:37.293 [JavaFX Application Thread] DEBUG PrimaryStageWindow   - FXGLMainMenuDummyScene -> BombermanMenu
18:39:37.304 [JavaFX Application Thread] DEBUG FXGLApplication      - Registering font factories with UI factory
18:39:37.501 [FXGL Background Thread 2 ] INFO  UpdaterService       - Your current version:  17.1
18:39:37.503 [FXGL Background Thread 2 ] INFO  UpdaterService       - Latest stable version: 17.2
18:39:39.913 [FXGL Background Thread 3 ] DEBUG Engine               - Logging environment variables
18:39:39.913 [FXGL Background Thread 3 ] DEBUG Engine               - achievements: [Slayer:achieved(false), See the world:achieved(false), Score owner:achieved(false)]
18:39:39.914 [FXGL Background Thread 3 ] DEBUG Engine               - actualHeight: 720.0
18:39:39.914 [FXGL Background Thread 3 ] DEBUG Engine               - actualHeightProperty: ReadOnlyDoubleProperty [value: 720.0]
18:39:39.914 [FXGL Background Thread 3 ] DEBUG Engine               - actualWidth: 1080.0
18:39:39.914 [FXGL Background Thread 3 ] DEBUG Engine               - actualWidthProperty: ReadOnlyDoubleProperty [value: 1080.0]
18:39:39.914 [FXGL Background Thread 3 ] DEBUG Engine               - appIcon: fxgl_icon.png
18:39:39.914 [FXGL Background Thread 3 ] DEBUG Engine               - applicationMode: DEVELOPER
18:39:39.914 [FXGL Background Thread 3 ] DEBUG Engine               - cSSList: [fxgl_dark.css]
18:39:39.914 [FXGL Background Thread 3 ] DEBUG Engine               - collisionDetectionStrategy: BRUTE_FORCE
18:39:39.914 [FXGL Background Thread 3 ] DEBUG Engine               - configClass: Optional.empty
18:39:39.914 [FXGL Background Thread 3 ] DEBUG Engine               - credits: []
18:39:39.915 [FXGL Background Thread 3 ] DEBUG Engine               - defaultCursor: CursorInfo(imageName=fxgl_default_cursor.png, hotspotX=7.0, hotspotY=6.0)
18:39:39.915 [FXGL Background Thread 3 ] DEBUG Engine               - devBBoxColorProperty: ObjectProperty [value: 0xff0000ff]
18:39:39.915 [FXGL Background Thread 3 ] DEBUG Engine               - devEnableDebugCameraProperty: BooleanProperty [value: false]
18:39:39.915 [FXGL Background Thread 3 ] DEBUG Engine               - devSensorColorProperty: ObjectProperty [value: 0xffff00ff]
18:39:39.915 [FXGL Background Thread 3 ] DEBUG Engine               - devShowBBoxProperty: BooleanProperty [value: false]
18:39:39.915 [FXGL Background Thread 3 ] DEBUG Engine               - devShowPositionProperty: BooleanProperty [value: false]
18:39:39.915 [FXGL Background Thread 3 ] DEBUG Engine               - enabledMenuItems: []
18:39:39.916 [FXGL Background Thread 3 ] DEBUG Engine               - engineServices: [class com.almasb.fxgl.app.services.FXGLAssetLoaderService, class com.almasb.fxgl.app.FXGLApplication$GameApplicationService, class com.almasb.fxgl.app.services.FXGLDialogService, class com.almasb.fxgl.app.services.IOTaskExecutorService, class com.almasb.fxgl.io.FileSystemService, class com.almasb.fxgl.localization.LocalizationService, class com.almasb.fxgl.app.services.SystemBundleService, class com.almasb.fxgl.profile.SaveLoadService, class com.almasb.fxgl.ui.FXGLUIFactoryServiceProvider, class com.almasb.fxgl.ui.FXGLDialogFactoryServiceProvider, class com.almasb.fxgl.audio.AudioPlayer, class com.almasb.fxgl.notification.impl.NotificationServiceProvider, class com.almasb.fxgl.achievement.AchievementService, class com.almasb.fxgl.cutscene.CutsceneService, class com.almasb.fxgl.minigames.MiniGameService, class com.almasb.fxgl.net.NetService, class com.almasb.fxgl.app.services.UpdaterService, class com.almasb.fxgl.dev.DevService]
18:39:39.916 [FXGL Background Thread 3 ] DEBUG Engine               - fontGame: Abel-Regular.ttf
18:39:39.916 [FXGL Background Thread 3 ] DEBUG Engine               - fontMono: TerminalLandMono-Regular.otf
18:39:39.916 [FXGL Background Thread 3 ] DEBUG Engine               - fontText: Courier-Prime.ttf
18:39:39.916 [FXGL Background Thread 3 ] DEBUG Engine               - fontUI: Retro Gaming.ttf
18:39:39.916 [FXGL Background Thread 3 ] DEBUG Engine               - fullScreen: BooleanProperty [value: false]
18:39:39.916 [FXGL Background Thread 3 ] DEBUG Engine               - gameDifficulty: MEDIUM
18:39:39.916 [FXGL Background Thread 3 ] DEBUG Engine               - gameDifficultyProperty: ObjectProperty [value: MEDIUM]
18:39:39.916 [FXGL Background Thread 3 ] DEBUG Engine               - globalMusicVolume: 0.5
18:39:39.916 [FXGL Background Thread 3 ] DEBUG Engine               - globalMusicVolumeProperty: DoubleProperty [value: 0.05]
18:39:39.916 [FXGL Background Thread 3 ] DEBUG Engine               - globalSoundVolume: 0.5
18:39:39.916 [FXGL Background Thread 3 ] DEBUG Engine               - globalSoundVolumeProperty: DoubleProperty [value: 0.4]
18:39:39.916 [FXGL Background Thread 3 ] DEBUG Engine               - height: 720
18:39:39.916 [FXGL Background Thread 3 ] DEBUG Engine               - is3D: false
18:39:39.916 [FXGL Background Thread 3 ] DEBUG Engine               - isAndroid: false
18:39:39.916 [FXGL Background Thread 3 ] DEBUG Engine               - isBrowser: false
18:39:39.916 [FXGL Background Thread 3 ] DEBUG Engine               - isClickFeedbackEnabled: false
18:39:39.916 [FXGL Background Thread 3 ] DEBUG Engine               - isCloseConfirmation: false
18:39:39.917 [FXGL Background Thread 3 ] DEBUG Engine               - isDesktop: true
18:39:39.917 [FXGL Background Thread 3 ] DEBUG Engine               - isDeveloperMenuEnabled: true
18:39:39.917 [FXGL Background Thread 3 ] DEBUG Engine               - isEmbedded: false
18:39:39.917 [FXGL Background Thread 3 ] DEBUG Engine               - isEntityPreloadEnabled: true
18:39:39.917 [FXGL Background Thread 3 ] DEBUG Engine               - isExperimentalTiledLargeMap: false
18:39:39.917 [FXGL Background Thread 3 ] DEBUG Engine               - isFileSystemWriteAllowed: true
18:39:39.917 [FXGL Background Thread 3 ] DEBUG Engine               - isFullScreenAllowed: false
18:39:39.917 [FXGL Background Thread 3 ] DEBUG Engine               - isFullScreenFromStart: false
18:39:39.917 [FXGL Background Thread 3 ] DEBUG Engine               - isGameMenuEnabled: true
18:39:39.917 [FXGL Background Thread 3 ] DEBUG Engine               - isIOS: false
18:39:39.917 [FXGL Background Thread 3 ] DEBUG Engine               - isIntroEnabled: false
18:39:39.917 [FXGL Background Thread 3 ] DEBUG Engine               - isLinux: false
18:39:39.917 [FXGL Background Thread 3 ] DEBUG Engine               - isMac: false
18:39:39.917 [FXGL Background Thread 3 ] DEBUG Engine               - isMainMenuEnabled: true
18:39:39.917 [FXGL Background Thread 3 ] DEBUG Engine               - isManualResizeEnabled: true
18:39:39.917 [FXGL Background Thread 3 ] DEBUG Engine               - isMobile: false
18:39:39.917 [FXGL Background Thread 3 ] DEBUG Engine               - isNative: false
18:39:39.917 [FXGL Background Thread 3 ] DEBUG Engine               - isPauseMusicWhenMinimized: true
18:39:39.917 [FXGL Background Thread 3 ] DEBUG Engine               - isPreserveResizeRatio: true
18:39:39.917 [FXGL Background Thread 3 ] DEBUG Engine               - isProfilingEnabled: false
18:39:39.918 [FXGL Background Thread 3 ] DEBUG Engine               - isScaleAffectedOnResize: true
18:39:39.918 [FXGL Background Thread 3 ] DEBUG Engine               - isSingleStep: false
18:39:39.918 [FXGL Background Thread 3 ] DEBUG Engine               - isUserProfileEnabled: false
18:39:39.918 [FXGL Background Thread 3 ] DEBUG Engine               - isWindows: true
18:39:39.918 [FXGL Background Thread 3 ] DEBUG Engine               - language: ObjectProperty [value: ENGLISH]
18:39:39.918 [FXGL Background Thread 3 ] DEBUG Engine               - menuKey: ESCAPE
18:39:39.918 [FXGL Background Thread 3 ] DEBUG Engine               - mouseSensitivity: 0.2
18:39:39.918 [FXGL Background Thread 3 ] DEBUG Engine               - notificationViewClass: class com.almasb.fxgl.notification.view.XboxNotificationView
18:39:39.918 [FXGL Background Thread 3 ] DEBUG Engine               - pixelsPerMeter: 50.0
18:39:39.918 [FXGL Background Thread 3 ] DEBUG Engine               - platform: WINDOWS
18:39:39.918 [FXGL Background Thread 3 ] DEBUG Engine               - prefHeightProperty: ReadOnlyDoubleProperty [value: 720.0]
18:39:39.918 [FXGL Background Thread 3 ] DEBUG Engine               - prefWidthProperty: ReadOnlyDoubleProperty [value: 1080.0]
18:39:39.918 [FXGL Background Thread 3 ] DEBUG Engine               - profileDir: profiles/
18:39:39.918 [FXGL Background Thread 3 ] DEBUG Engine               - profileName: StringProperty [value: DEFAULT]
18:39:39.919 [FXGL Background Thread 3 ] DEBUG Engine               - randomSeed: -1
18:39:39.919 [FXGL Background Thread 3 ] DEBUG Engine               - runtimeInfo: RuntimeInfo(platform=WINDOWS, version=17.1, build=24.03.2022 17.34)
18:39:39.919 [FXGL Background Thread 3 ] DEBUG Engine               - saveFileExt: sav
18:39:39.919 [FXGL Background Thread 3 ] DEBUG Engine               - scaledHeightProp$fxgl: DoubleProperty [bound, value: 720.0]
18:39:39.919 [FXGL Background Thread 3 ] DEBUG Engine               - scaledWidthProp$fxgl: DoubleProperty [bound, value: 1080.0]
18:39:39.919 [FXGL Background Thread 3 ] DEBUG Engine               - sceneFactory: com.bomberman.bombermanplus.BombermanApp$1@5891de1
18:39:39.919 [FXGL Background Thread 3 ] DEBUG Engine               - secondsIn24h: 60
18:39:39.919 [FXGL Background Thread 3 ] DEBUG Engine               - soundMenuBack: menu/back.wav
18:39:39.919 [FXGL Background Thread 3 ] DEBUG Engine               - soundMenuPress: menu/press.wav
18:39:39.919 [FXGL Background Thread 3 ] DEBUG Engine               - soundMenuSelect: menu/select.wav
18:39:39.919 [FXGL Background Thread 3 ] DEBUG Engine               - soundNotification: core/notification.wav
18:39:39.919 [FXGL Background Thread 3 ] DEBUG Engine               - stageStyle: DECORATED
18:39:39.919 [FXGL Background Thread 3 ] DEBUG Engine               - supportedLanguages: [ENGLISH, FRENCH, GERMAN, HUNGARIAN, RUSSIAN]
18:39:39.919 [FXGL Background Thread 3 ] DEBUG Engine               - ticksPerSecond: -1
18:39:39.919 [FXGL Background Thread 3 ] DEBUG Engine               - title: BOMBERMAN
18:39:39.919 [FXGL Background Thread 3 ] DEBUG Engine               - urlGithub: https://github.com/AlmasB/FXGL
18:39:39.920 [FXGL Background Thread 3 ] DEBUG Engine               - urlLeaderboard: http://fxgl-top.herokuapp.com/
18:39:39.920 [FXGL Background Thread 3 ] DEBUG Engine               - urlPOM: https://raw.githubusercontent.com/AlmasB/FXGL/release/README.md
18:39:39.920 [FXGL Background Thread 3 ] DEBUG Engine               - userAppClass: class com.bomberman.bombermanplus.BombermanApp
18:39:39.920 [FXGL Background Thread 3 ] DEBUG Engine               - version: 
18:39:39.920 [FXGL Background Thread 3 ] DEBUG Engine               - versionCheckDays: 7
18:39:39.920 [FXGL Background Thread 3 ] DEBUG Engine               - width: 1080
18:39:39.920 [FXGL Background Thread 3 ] DEBUG Engine               - Logging services
18:39:39.920 [FXGL Background Thread 3 ] DEBUG Engine               - class com.almasb.fxgl.app.services.FXGLAssetLoaderService
18:39:39.920 [FXGL Background Thread 3 ] DEBUG Engine               - class com.almasb.fxgl.app.FXGLApplication$GameApplicationService
18:39:39.920 [FXGL Background Thread 3 ] DEBUG Engine               - class com.almasb.fxgl.app.services.FXGLDialogService
18:39:39.920 [FXGL Background Thread 3 ] DEBUG Engine               - class com.almasb.fxgl.app.services.IOTaskExecutorService
18:39:39.920 [FXGL Background Thread 3 ] DEBUG Engine               - class com.almasb.fxgl.io.FileSystemService
18:39:39.920 [FXGL Background Thread 3 ] DEBUG Engine               - class com.almasb.fxgl.localization.LocalizationService
18:39:39.920 [FXGL Background Thread 3 ] DEBUG Engine               - class com.almasb.fxgl.app.services.SystemBundleService
18:39:39.920 [FXGL Background Thread 3 ] DEBUG Engine               - class com.almasb.fxgl.profile.SaveLoadService
18:39:39.920 [FXGL Background Thread 3 ] DEBUG Engine               - class com.almasb.fxgl.ui.FXGLUIFactoryServiceProvider
18:39:39.920 [FXGL Background Thread 3 ] DEBUG Engine               - class com.almasb.fxgl.ui.FXGLDialogFactoryServiceProvider
18:39:39.920 [FXGL Background Thread 3 ] DEBUG Engine               - class com.almasb.fxgl.audio.AudioPlayer
18:39:39.920 [FXGL Background Thread 3 ] DEBUG Engine               - class com.almasb.fxgl.notification.impl.NotificationServiceProvider
18:39:39.920 [FXGL Background Thread 3 ] DEBUG Engine               - class com.almasb.fxgl.achievement.AchievementService
18:39:39.920 [FXGL Background Thread 3 ] DEBUG Engine               - class com.almasb.fxgl.cutscene.CutsceneService
18:39:39.920 [FXGL Background Thread 3 ] DEBUG Engine               - class com.almasb.fxgl.minigames.MiniGameService
18:39:39.920 [FXGL Background Thread 3 ] DEBUG Engine               - class com.almasb.fxgl.net.NetService
18:39:39.920 [FXGL Background Thread 3 ] DEBUG Engine               - class com.almasb.fxgl.app.services.UpdaterService
18:39:39.920 [FXGL Background Thread 3 ] DEBUG Engine               - class com.almasb.fxgl.dev.DevService
18:39:47.675 [JavaFX Application Thread] DEBUG FXGLApplication      - Exiting FXGL
18:39:47.675 [JavaFX Application Thread] DEBUG LoopRunner           - Stopping loop
18:39:47.675 [JavaFX Application Thread] DEBUG SystemBundleService  - Saving FXGL system data
18:39:47.677 [JavaFX Application Thread] DEBUG FileSystemAccess     - Writing to: C:\Users\Gia Phong\Downloads\Java\src\BombermanPlus\system\fxgl.bundle
18:39:47.678 [JavaFX Application Thread] DEBUG Async                - Shutting down background threads
18:39:47.680 [JavaFX Application Thread] DEBUG PrimaryStageWindow   - Closing main window
18:39:47.693 [JavaFX Application Thread] DEBUG Logger               - Closing Logger
