09:01:15.892 [main                     ] DEBUG Logger               - Configured Logger
09:01:15.908 [main                     ] DEBUG GameApplication      - Logging settings
Title: BOMBERMAN
Version: 1.0
Width: 1080
Height: 720
Fullscreen: false
Intro: false
Profiling: false
Single step:false
App Mode: DEVELOPER
Menu Key: ESCAPE
Stage Style: DECORATED
Scene Factory: class com.bomberman.bombermanplus.BombermanApp$1

09:01:16.174 [JavaFX Application Thread] DEBUG FXGLApplication      - Initializing FXGL
09:01:16.177 [JavaFX Application Thread] INFO  Engine               - FXGL-17.1 (24.03.2022 17.34) on WINDOWS (J:19 FX:19-ea)
09:01:16.178 [JavaFX Application Thread] DEBUG Engine               - JRE Vendor Name: Oracle Corporation
09:01:16.178 [JavaFX Application Thread] DEBUG Engine               - Running on OS: Windows 11 version 10.0
09:01:16.178 [JavaFX Application Thread] DEBUG Engine               - Architecture: amd64
09:01:16.178 [JavaFX Application Thread] INFO  Engine               - Source code and latest versions at: https://github.com/AlmasB/FXGL
09:01:16.178 [JavaFX Application Thread] INFO  Engine               -       Ask questions and discuss at: https://github.com/AlmasB/FXGL/discussions
09:01:16.178 [JavaFX Application Thread] INFO  Engine               -              Join the FXGL chat at: https://gitter.im/AlmasB/FXGL
09:01:16.238 [JavaFX Application Thread] DEBUG PrimaryStageWindow   - Creating a JavaFX scene
09:01:16.268 [JavaFX Application Thread] DEBUG PrimaryStageWindow   - Target settings size: 1080.0 x 720.0
09:01:16.269 [JavaFX Application Thread] DEBUG PrimaryStageWindow   - Scaled scene size:    1080.0 x 720.0
09:01:16.269 [JavaFX Application Thread] DEBUG PrimaryStageWindow   - Scaled ratio: (1.0, 1.0)
09:01:16.269 [JavaFX Application Thread] DEBUG PrimaryStageWindow   - Set initial scene to FXGLStartupScene
09:01:16.274 [JavaFX Application Thread] DEBUG PrimaryStageWindow   - Opening main window
09:01:16.332 [JavaFX Application Thread] DEBUG PrimaryStageWindow   - Window border size: (14.4000244140625, 37.5999755859375)
09:01:16.332 [JavaFX Application Thread] DEBUG PrimaryStageWindow   - Scaled size: 1080.0 x 720.0
09:01:16.332 [JavaFX Application Thread] DEBUG PrimaryStageWindow   - Scaled ratio: (1.0, 1.0)
09:01:16.332 [JavaFX Application Thread] DEBUG PrimaryStageWindow   - Scene size: 1080.0 x 720.0
09:01:16.333 [JavaFX Application Thread] DEBUG PrimaryStageWindow   - Stage size: 1094.4000244140625 x 757.5999755859375
09:01:16.340 [FXGL Background Thread 1 ] DEBUG Engine               - Initializing environment variables
09:01:16.386 [FXGL Background Thread 1 ] DEBUG FXGLAssetLoaderServi - User app class for loading assets: class com.bomberman.bombermanplus.BombermanApp
09:01:16.387 [FXGL Background Thread 1 ] DEBUG GameApplicationServi - Applying CSS: fxgl_dark.css
09:01:16.388 [FXGL Background Thread 1 ] DEBUG FXGLAssetLoaderServi - Loading from file system: jar:file:///C:/Users/ADMIN/.m2/repository/com/github/almasb/fxgl/17.1/fxgl-17.1.jar!/fxglassets/ui/css/fxgl_dark.css
09:01:16.422 [FXGL Background Thread 1 ] DEBUG GameApplicationServi - Initializing application scenes
09:01:16.452 [FXGL Background Thread 1 ] DEBUG GameWorld            - Game world initialized
09:01:16.506 [FXGL Background Thread 1 ] DEBUG PhysicsWorld         - Physics world initialized: appHeight=720, physics.ppm=50.0
09:01:16.506 [FXGL Background Thread 1 ] DEBUG PhysicsWorld         - Using strategy: BRUTE_FORCE
09:01:16.510 [FXGL Background Thread 1 ] DEBUG GameScene            - Game scene initialized: 1080x720
09:01:16.549 [FXGL Background Thread 1 ] DEBUG GameApplicationServi - Application scenes initialized
09:01:16.558 [FXGL Background Thread 1 ] DEBUG SystemBundleService  - Loading FXGL system data
09:01:16.561 [FXGL Background Thread 1 ] DEBUG FileSystemAccess     - Reading from: C:\Users\ADMIN\IdeaProjects\BombermanPlus\system\fxgl.bundle
09:01:16.568 [FXGL Background Thread 1 ] DEBUG SystemBundleService  - Bundle FXGL: {}
09:01:16.568 [FXGL Background Thread 1 ] DEBUG UpdaterService       - Checking for updates
09:01:16.583 [FXGL Background Thread 4 ] DEBUG FXGLApplication      - Loading fonts
09:01:16.584 [FXGL Background Thread 1 ] DEBUG FXGLApplication      - Loading default localization
09:01:16.584 [FXGL Background Thread 4 ] DEBUG FXGLAssetLoaderServi - Loading from file system: file:/C:/Users/ADMIN/IdeaProjects/BombermanPlus/target/classes/assets/ui/fonts/Retro%20Gaming.ttf
09:01:16.584 [FXGL Background Thread 1 ] DEBUG FXGLAssetLoaderServi - Loading from file system: jar:file:///C:/Users/ADMIN/.m2/repository/com/github/almasb/fxgl/17.1/fxgl-17.1.jar!/fxglassets/languages/english.lang
09:01:16.595 [FXGL Background Thread 1 ] INFO  FXGLApplication      - FXGL initialization took: 0.256 sec
09:01:16.602 [JavaFX Application Thread] DEBUG Input                - Registered new binding: Move Right - D
09:01:16.603 [JavaFX Application Thread] DEBUG Input                - Registered new binding: Move Up - W
09:01:16.603 [JavaFX Application Thread] DEBUG Input                - Registered new binding: Move Down - S
09:01:16.603 [JavaFX Application Thread] DEBUG Input                - Registered new binding: Move Left - A
09:01:16.603 [JavaFX Application Thread] DEBUG Input                - Registered new binding: Place bomb - Space
09:01:16.603 [JavaFX Application Thread] DEBUG FXGLAssetLoaderServi - Loading from file system: file:/C:/Users/ADMIN/IdeaProjects/BombermanPlus/target/classes/assets/music/title_screen.mp3
09:01:16.654 [FXGL Background Thread 4 ] DEBUG FXGLAssetLoaderServi - Loading from file system: jar:file:///C:/Users/ADMIN/.m2/repository/com/github/almasb/fxgl/17.1/fxgl-17.1.jar!/fxglassets/ui/fonts/Abel-Regular.ttf
09:01:16.670 [FXGL Background Thread 4 ] DEBUG FXGLAssetLoaderServi - Loading from file system: jar:file:///C:/Users/ADMIN/.m2/repository/com/github/almasb/fxgl/17.1/fxgl-17.1.jar!/fxglassets/ui/fonts/TerminalLandMono-Regular.otf
09:01:16.684 [FXGL Background Thread 4 ] DEBUG FXGLAssetLoaderServi - Loading from file system: jar:file:///C:/Users/ADMIN/.m2/repository/com/github/almasb/fxgl/17.1/fxgl-17.1.jar!/fxglassets/ui/fonts/Courier-Prime.ttf
09:01:16.893 [JavaFX Application Thread] DEBUG AudioPlayer          - Playing music com.almasb.fxgl.audio.Music@5f5e986
09:01:16.894 [JavaFX Application Thread] DEBUG FXGLAssetLoaderServi - Loading from file system: jar:file:///C:/Users/ADMIN/.m2/repository/com/github/almasb/fxgl/17.1/fxgl-17.1.jar!/fxglassets/textures/fxgl_icon.png
09:01:16.921 [JavaFX Application Thread] DEBUG FXGLAssetLoaderServi - Loading from file system: jar:file:///C:/Users/ADMIN/.m2/repository/com/github/almasb/fxgl/17.1/fxgl-17.1.jar!/fxglassets/textures/fxgl_default_cursor.png
09:01:16.924 [JavaFX Application Thread] DEBUG Input                - Registered new binding: Screenshot - CTRL+8
09:01:16.925 [JavaFX Application Thread] DEBUG Input                - Registered new binding: Dev Options - 1
09:01:16.925 [JavaFX Application Thread] DEBUG Input                - Registered new binding: Dev Console - 2
09:01:16.925 [JavaFX Application Thread] DEBUG Input                - Registered new binding: System info dump - CTRL+9
09:01:16.926 [JavaFX Application Thread] DEBUG Input                - Registered new binding: Restart - CTRL+R
09:01:16.926 [JavaFX Application Thread] DEBUG Input                - Registered new binding: Toggle Debug Camera - CTRL+7
09:01:16.931 [JavaFX Application Thread] DEBUG LoopRunner           - Starting loop
09:01:16.964 [JavaFX Application Thread] DEBUG LoopRunner           - Initializing JavaFX AnimationTimerLoop
09:01:16.968 [JavaFX Application Thread] DEBUG Input                - Clearing active input actions
09:01:16.979 [JavaFX Application Thread] DEBUG GameApplicationServi - Removing overlay from FXGLStartupScene and adding to FXGLMainMenuDummyScene
09:01:16.985 [JavaFX Application Thread] DEBUG PrimaryStageWindow   - FXGLStartupScene -> FXGLMainMenuDummyScene
09:01:16.985 [JavaFX Application Thread] DEBUG PrimaryStageWindow   - Push state: BombermanMenu
09:01:16.986 [JavaFX Application Thread] DEBUG Input                - Clearing active input actions
09:01:16.989 [JavaFX Application Thread] DEBUG GameApplicationServi - Removing overlay from FXGLMainMenuDummyScene and adding to BombermanMenu
09:01:16.989 [JavaFX Application Thread] DEBUG PrimaryStageWindow   - FXGLMainMenuDummyScene -> BombermanMenu
09:01:17.006 [JavaFX Application Thread] DEBUG FXGLApplication      - Registering font factories with UI factory
09:01:17.224 [FXGL Background Thread 2 ] INFO  UpdaterService       - Your current version:  17.1
09:01:17.224 [FXGL Background Thread 2 ] INFO  UpdaterService       - Latest stable version: 17.2
09:01:17.689 [JavaFX Application Thread] DEBUG Menu                 - fireNewGame()
09:01:17.689 [JavaFX Application Thread] DEBUG GameApplicationServi - Starting new game
09:01:17.689 [JavaFX Application Thread] DEBUG PrimaryStageWindow   - Pop state: BombermanMenu
09:01:17.689 [JavaFX Application Thread] DEBUG Input                - Clearing active input actions
09:01:17.690 [JavaFX Application Thread] DEBUG GameApplicationServi - Removing overlay from BombermanMenu and adding to FXGLMainMenuDummyScene
09:01:17.691 [JavaFX Application Thread] DEBUG PrimaryStageWindow   - FXGLMainMenuDummyScene <- BombermanMenu
09:01:17.692 [JavaFX Application Thread] DEBUG Input                - Clearing active input actions
09:01:17.695 [JavaFX Application Thread] DEBUG GameApplicationServi - Removing overlay from FXGLMainMenuDummyScene and adding to FXGLLoadingScene
09:01:17.696 [JavaFX Application Thread] DEBUG PrimaryStageWindow   - FXGLMainMenuDummyScene -> FXGLLoadingScene
09:01:17.696 [JavaFX Application Thread] DEBUG GameApplicationServi - Clearing previous game
09:01:17.696 [JavaFX Application Thread] DEBUG GameScene            - Clearing game scene
09:01:17.696 [JavaFX Application Thread] DEBUG GameWorld            - Clearing game world
09:01:17.696 [JavaFX Application Thread] DEBUG PhysicsWorld         - Clearing physics world
09:01:17.698 [FXGL Background Thread 2 ] DEBUG FXGLApplication      - Initializing game
09:01:17.704 [FXGL Background Thread 2 ] DEBUG FXGLAssetLoaderServi - Loading from file system: file:/C:/Users/ADMIN/IdeaProjects/BombermanPlus/target/classes/assets/sounds/stage_start.wav
09:01:17.730 [FXGL Background Thread 2 ] INFO  FXGLApplication      - Game initialization took: 0.032 sec
09:01:17.736 [JavaFX Application Thread] DEBUG Input                - Clearing active input actions
09:01:17.740 [JavaFX Application Thread] DEBUG GameApplicationServi - Removing overlay from FXGLLoadingScene and adding to GameScene
09:01:17.742 [JavaFX Application Thread] DEBUG PrimaryStageWindow   - FXGLLoadingScene -> GameScene
09:01:19.584 [FXGL Background Thread 3 ] DEBUG Engine               - Logging environment variables
09:01:19.584 [FXGL Background Thread 3 ] DEBUG Engine               - achievements: []
09:01:19.584 [FXGL Background Thread 3 ] DEBUG Engine               - actualHeight: 720.0
09:01:19.584 [FXGL Background Thread 3 ] DEBUG Engine               - actualHeightProperty: ReadOnlyDoubleProperty [value: 720.0]
09:01:19.584 [FXGL Background Thread 3 ] DEBUG Engine               - actualWidth: 1080.0
09:01:19.584 [FXGL Background Thread 3 ] DEBUG Engine               - actualWidthProperty: ReadOnlyDoubleProperty [value: 1080.0]
09:01:19.584 [FXGL Background Thread 3 ] DEBUG Engine               - appIcon: fxgl_icon.png
09:01:19.584 [FXGL Background Thread 3 ] DEBUG Engine               - applicationMode: DEVELOPER
09:01:19.584 [FXGL Background Thread 3 ] DEBUG Engine               - cSSList: [fxgl_dark.css]
09:01:19.584 [FXGL Background Thread 3 ] DEBUG Engine               - collisionDetectionStrategy: BRUTE_FORCE
09:01:19.585 [FXGL Background Thread 3 ] DEBUG Engine               - configClass: Optional.empty
09:01:19.585 [FXGL Background Thread 3 ] DEBUG Engine               - credits: []
09:01:19.585 [FXGL Background Thread 3 ] DEBUG Engine               - defaultCursor: CursorInfo(imageName=fxgl_default_cursor.png, hotspotX=7.0, hotspotY=6.0)
09:01:19.585 [FXGL Background Thread 3 ] DEBUG Engine               - devBBoxColorProperty: ObjectProperty [value: 0xff0000ff]
09:01:19.585 [FXGL Background Thread 3 ] DEBUG Engine               - devEnableDebugCameraProperty: BooleanProperty [value: false]
09:01:19.585 [FXGL Background Thread 3 ] DEBUG Engine               - devSensorColorProperty: ObjectProperty [value: 0xffff00ff]
09:01:19.585 [FXGL Background Thread 3 ] DEBUG Engine               - devShowBBoxProperty: BooleanProperty [value: false]
09:01:19.585 [FXGL Background Thread 3 ] DEBUG Engine               - devShowPositionProperty: BooleanProperty [value: false]
09:01:19.586 [FXGL Background Thread 3 ] DEBUG Engine               - enabledMenuItems: []
09:01:19.586 [FXGL Background Thread 3 ] DEBUG Engine               - engineServices: [class com.almasb.fxgl.app.services.FXGLAssetLoaderService, class com.almasb.fxgl.app.FXGLApplication$GameApplicationService, class com.almasb.fxgl.app.services.FXGLDialogService, class com.almasb.fxgl.app.services.IOTaskExecutorService, class com.almasb.fxgl.io.FileSystemService, class com.almasb.fxgl.localization.LocalizationService, class com.almasb.fxgl.app.services.SystemBundleService, class com.almasb.fxgl.profile.SaveLoadService, class com.almasb.fxgl.ui.FXGLUIFactoryServiceProvider, class com.almasb.fxgl.ui.FXGLDialogFactoryServiceProvider, class com.almasb.fxgl.audio.AudioPlayer, class com.almasb.fxgl.notification.impl.NotificationServiceProvider, class com.almasb.fxgl.achievement.AchievementService, class com.almasb.fxgl.cutscene.CutsceneService, class com.almasb.fxgl.minigames.MiniGameService, class com.almasb.fxgl.net.NetService, class com.almasb.fxgl.app.services.UpdaterService, class com.almasb.fxgl.dev.DevService]
09:01:19.586 [FXGL Background Thread 3 ] DEBUG Engine               - fontGame: Abel-Regular.ttf
09:01:19.586 [FXGL Background Thread 3 ] DEBUG Engine               - fontMono: TerminalLandMono-Regular.otf
09:01:19.586 [FXGL Background Thread 3 ] DEBUG Engine               - fontText: Courier-Prime.ttf
09:01:19.586 [FXGL Background Thread 3 ] DEBUG Engine               - fontUI: Retro Gaming.ttf
09:01:19.586 [FXGL Background Thread 3 ] DEBUG Engine               - fullScreen: BooleanProperty [value: false]
09:01:19.586 [FXGL Background Thread 3 ] DEBUG Engine               - gameDifficulty: MEDIUM
09:01:19.586 [FXGL Background Thread 3 ] DEBUG Engine               - gameDifficultyProperty: ObjectProperty [value: MEDIUM]
09:01:19.586 [FXGL Background Thread 3 ] DEBUG Engine               - globalMusicVolume: 0.5
09:01:19.586 [FXGL Background Thread 3 ] DEBUG Engine               - globalMusicVolumeProperty: DoubleProperty [value: 0.0]
09:01:19.586 [FXGL Background Thread 3 ] DEBUG Engine               - globalSoundVolume: 0.5
09:01:19.586 [FXGL Background Thread 3 ] DEBUG Engine               - globalSoundVolumeProperty: DoubleProperty [value: 0.4]
09:01:19.586 [FXGL Background Thread 3 ] DEBUG Engine               - height: 720
09:01:19.586 [FXGL Background Thread 3 ] DEBUG Engine               - is3D: false
09:01:19.586 [FXGL Background Thread 3 ] DEBUG Engine               - isAndroid: false
09:01:19.586 [FXGL Background Thread 3 ] DEBUG Engine               - isBrowser: false
09:01:19.586 [FXGL Background Thread 3 ] DEBUG Engine               - isClickFeedbackEnabled: false
09:01:19.587 [FXGL Background Thread 3 ] DEBUG Engine               - isCloseConfirmation: false
09:01:19.587 [FXGL Background Thread 3 ] DEBUG Engine               - isDesktop: true
09:01:19.587 [FXGL Background Thread 3 ] DEBUG Engine               - isDeveloperMenuEnabled: true
09:01:19.587 [FXGL Background Thread 3 ] DEBUG Engine               - isEmbedded: false
09:01:19.587 [FXGL Background Thread 3 ] DEBUG Engine               - isEntityPreloadEnabled: true
09:01:19.587 [FXGL Background Thread 3 ] DEBUG Engine               - isExperimentalTiledLargeMap: false
09:01:19.587 [FXGL Background Thread 3 ] DEBUG Engine               - isFileSystemWriteAllowed: true
09:01:19.587 [FXGL Background Thread 3 ] DEBUG Engine               - isFullScreenAllowed: false
09:01:19.587 [FXGL Background Thread 3 ] DEBUG Engine               - isFullScreenFromStart: false
09:01:19.587 [FXGL Background Thread 3 ] DEBUG Engine               - isGameMenuEnabled: true
09:01:19.587 [FXGL Background Thread 3 ] DEBUG Engine               - isIOS: false
09:01:19.587 [FXGL Background Thread 3 ] DEBUG Engine               - isIntroEnabled: false
09:01:19.587 [FXGL Background Thread 3 ] DEBUG Engine               - isLinux: false
09:01:19.587 [FXGL Background Thread 3 ] DEBUG Engine               - isMac: false
09:01:19.587 [FXGL Background Thread 3 ] DEBUG Engine               - isMainMenuEnabled: true
09:01:19.587 [FXGL Background Thread 3 ] DEBUG Engine               - isManualResizeEnabled: true
09:01:19.587 [FXGL Background Thread 3 ] DEBUG Engine               - isMobile: false
09:01:19.587 [FXGL Background Thread 3 ] DEBUG Engine               - isNative: false
09:01:19.587 [FXGL Background Thread 3 ] DEBUG Engine               - isPauseMusicWhenMinimized: true
09:01:19.588 [FXGL Background Thread 3 ] DEBUG Engine               - isPreserveResizeRatio: true
09:01:19.588 [FXGL Background Thread 3 ] DEBUG Engine               - isProfilingEnabled: false
09:01:19.588 [FXGL Background Thread 3 ] DEBUG Engine               - isScaleAffectedOnResize: true
09:01:19.588 [FXGL Background Thread 3 ] DEBUG Engine               - isSingleStep: false
09:01:19.588 [FXGL Background Thread 3 ] DEBUG Engine               - isUserProfileEnabled: false
09:01:19.588 [FXGL Background Thread 3 ] DEBUG Engine               - isWindows: true
09:01:19.588 [FXGL Background Thread 3 ] DEBUG Engine               - language: ObjectProperty [value: ENGLISH]
09:01:19.588 [FXGL Background Thread 3 ] DEBUG Engine               - menuKey: ESCAPE
09:01:19.588 [FXGL Background Thread 3 ] DEBUG Engine               - mouseSensitivity: 0.2
09:01:19.588 [FXGL Background Thread 3 ] DEBUG Engine               - notificationViewClass: class com.almasb.fxgl.notification.view.XboxNotificationView
09:01:19.588 [FXGL Background Thread 3 ] DEBUG Engine               - pixelsPerMeter: 50.0
09:01:19.588 [FXGL Background Thread 3 ] DEBUG Engine               - platform: WINDOWS
09:01:19.588 [FXGL Background Thread 3 ] DEBUG Engine               - prefHeightProperty: ReadOnlyDoubleProperty [value: 720.0]
09:01:19.588 [FXGL Background Thread 3 ] DEBUG Engine               - prefWidthProperty: ReadOnlyDoubleProperty [value: 1080.0]
09:01:19.588 [FXGL Background Thread 3 ] DEBUG Engine               - profileDir: profiles/
09:01:19.588 [FXGL Background Thread 3 ] DEBUG Engine               - profileName: StringProperty [value: DEFAULT]
09:01:19.588 [FXGL Background Thread 3 ] DEBUG Engine               - randomSeed: -1
09:01:19.588 [FXGL Background Thread 3 ] DEBUG Engine               - runtimeInfo: RuntimeInfo(platform=WINDOWS, version=17.1, build=24.03.2022 17.34)
09:01:19.589 [FXGL Background Thread 3 ] DEBUG Engine               - saveFileExt: sav
09:01:19.589 [FXGL Background Thread 3 ] DEBUG Engine               - scaledHeightProp$fxgl: DoubleProperty [bound, value: 720.0]
09:01:19.589 [FXGL Background Thread 3 ] DEBUG Engine               - scaledWidthProp$fxgl: DoubleProperty [bound, value: 1080.0]
09:01:19.589 [FXGL Background Thread 3 ] DEBUG Engine               - sceneFactory: com.bomberman.bombermanplus.BombermanApp$1@60c43d6e
09:01:19.589 [FXGL Background Thread 3 ] DEBUG Engine               - secondsIn24h: 60
09:01:19.589 [FXGL Background Thread 3 ] DEBUG Engine               - soundMenuBack: menu/back.wav
09:01:19.589 [FXGL Background Thread 3 ] DEBUG Engine               - soundMenuPress: menu/press.wav
09:01:19.589 [FXGL Background Thread 3 ] DEBUG Engine               - soundMenuSelect: menu/select.wav
09:01:19.589 [FXGL Background Thread 3 ] DEBUG Engine               - soundNotification: core/notification.wav
09:01:19.589 [FXGL Background Thread 3 ] DEBUG Engine               - stageStyle: DECORATED
09:01:19.589 [FXGL Background Thread 3 ] DEBUG Engine               - supportedLanguages: [ENGLISH, FRENCH, GERMAN, HUNGARIAN, RUSSIAN]
09:01:19.589 [FXGL Background Thread 3 ] DEBUG Engine               - ticksPerSecond: -1
09:01:19.589 [FXGL Background Thread 3 ] DEBUG Engine               - title: BOMBERMAN
09:01:19.589 [FXGL Background Thread 3 ] DEBUG Engine               - urlGithub: https://github.com/AlmasB/FXGL
09:01:19.589 [FXGL Background Thread 3 ] DEBUG Engine               - urlLeaderboard: http://fxgl-top.herokuapp.com/
09:01:19.589 [FXGL Background Thread 3 ] DEBUG Engine               - urlPOM: https://raw.githubusercontent.com/AlmasB/FXGL/release/README.md
09:01:19.589 [FXGL Background Thread 3 ] DEBUG Engine               - userAppClass: class com.bomberman.bombermanplus.BombermanApp
09:01:19.589 [FXGL Background Thread 3 ] DEBUG Engine               - version: 1.0
09:01:19.589 [FXGL Background Thread 3 ] DEBUG Engine               - versionCheckDays: 7
09:01:19.589 [FXGL Background Thread 3 ] DEBUG Engine               - width: 1080
09:01:19.589 [FXGL Background Thread 3 ] DEBUG Engine               - Logging services
09:01:19.590 [FXGL Background Thread 3 ] DEBUG Engine               - class com.almasb.fxgl.app.services.FXGLAssetLoaderService
09:01:19.590 [FXGL Background Thread 3 ] DEBUG Engine               - class com.almasb.fxgl.app.FXGLApplication$GameApplicationService
09:01:19.590 [FXGL Background Thread 3 ] DEBUG Engine               - class com.almasb.fxgl.app.services.FXGLDialogService
09:01:19.590 [FXGL Background Thread 3 ] DEBUG Engine               - class com.almasb.fxgl.app.services.IOTaskExecutorService
09:01:19.590 [FXGL Background Thread 3 ] DEBUG Engine               - class com.almasb.fxgl.io.FileSystemService
09:01:19.590 [FXGL Background Thread 3 ] DEBUG Engine               - class com.almasb.fxgl.localization.LocalizationService
09:01:19.591 [FXGL Background Thread 3 ] DEBUG Engine               - class com.almasb.fxgl.app.services.SystemBundleService
09:01:19.591 [FXGL Background Thread 3 ] DEBUG Engine               - class com.almasb.fxgl.profile.SaveLoadService
09:01:19.591 [FXGL Background Thread 3 ] DEBUG Engine               - class com.almasb.fxgl.ui.FXGLUIFactoryServiceProvider
09:01:19.591 [FXGL Background Thread 3 ] DEBUG Engine               - class com.almasb.fxgl.ui.FXGLDialogFactoryServiceProvider
09:01:19.591 [FXGL Background Thread 3 ] DEBUG Engine               - class com.almasb.fxgl.audio.AudioPlayer
09:01:19.591 [FXGL Background Thread 3 ] DEBUG Engine               - class com.almasb.fxgl.notification.impl.NotificationServiceProvider
09:01:19.591 [FXGL Background Thread 3 ] DEBUG Engine               - class com.almasb.fxgl.achievement.AchievementService
09:01:19.591 [FXGL Background Thread 3 ] DEBUG Engine               - class com.almasb.fxgl.cutscene.CutsceneService
09:01:19.591 [FXGL Background Thread 3 ] DEBUG Engine               - class com.almasb.fxgl.minigames.MiniGameService
09:01:19.591 [FXGL Background Thread 3 ] DEBUG Engine               - class com.almasb.fxgl.net.NetService
09:01:19.591 [FXGL Background Thread 3 ] DEBUG Engine               - class com.almasb.fxgl.app.services.UpdaterService
09:01:19.591 [FXGL Background Thread 3 ] DEBUG Engine               - class com.almasb.fxgl.dev.DevService
09:01:20.535 [JavaFX Application Thread] WARN  TMXLevelLoader       - TiledMap generated from 1.9.2. Supported version: 1.4.2. Some features may not be parsed fully.
09:01:20.551 [JavaFX Application Thread] DEBUG TMXLevelLoader       - Parsed TiledMap: file:/C:/Users/ADMIN/IdeaProjects/BombermanPlus/target/classes/assets/levels/bbm_level1.tmx
09:01:20.553 [JavaFX Application Thread] DEBUG TMXLevelLoader       - Creating tile layer entities
09:01:20.553 [JavaFX Application Thread] DEBUG TilesetLoader        - Loading view for layer Tile Layer 1
09:01:20.557 [JavaFX Application Thread] DEBUG TilesetLoader        - Created buffer with size 1488.0x720.0
09:01:20.624 [JavaFX Application Thread] DEBUG TMXLevelLoader       - Creating object layer entities
09:01:20.626 [JavaFX Application Thread] DEBUG FXGLAssetLoaderServi - Loading from file system: file:/C:/Users/ADMIN/IdeaProjects/BombermanPlus/target/classes/assets/textures/items/powerup_speed.png
09:01:20.632 [JavaFX Application Thread] DEBUG FXGLAssetLoaderServi - Loading from file system: file:/C:/Users/ADMIN/IdeaProjects/BombermanPlus/target/classes/assets/textures/items/powerup_flames.png
09:01:20.633 [JavaFX Application Thread] DEBUG FXGLAssetLoaderServi - Loading from file system: file:/C:/Users/ADMIN/IdeaProjects/BombermanPlus/target/classes/assets/textures/items/powerup_bombs.png
09:01:20.634 [JavaFX Application Thread] DEBUG FXGLAssetLoaderServi - Loading from file system: file:/C:/Users/ADMIN/IdeaProjects/BombermanPlus/target/classes/assets/textures/items/powerup_flamepass.png
09:01:20.637 [JavaFX Application Thread] DEBUG FXGLAssetLoaderServi - Loading from file system: file:/C:/Users/ADMIN/IdeaProjects/BombermanPlus/target/classes/assets/textures/items/portal.png
09:01:20.639 [JavaFX Application Thread] DEBUG FXGLAssetLoaderServi - Loading from file system: file:/C:/Users/ADMIN/IdeaProjects/BombermanPlus/target/classes/assets/textures/sprites.png
09:01:20.709 [JavaFX Application Thread] DEBUG GameWorld            - Clearing removable entities
09:01:20.709 [JavaFX Application Thread] DEBUG GameWorld            - Setting level: com.almasb.fxgl.entity.level.Level@10a5415a
09:01:20.745 [JavaFX Application Thread] DEBUG FXGLAssetLoaderServi - Loading from file system: file:/C:/Users/ADMIN/IdeaProjects/BombermanPlus/target/classes/assets/sounds/walk_2.wav
09:01:53.239 [JavaFX Application Thread] DEBUG FXGLAssetLoaderServi - Loading from file system: file:/C:/Users/ADMIN/IdeaProjects/BombermanPlus/target/classes/assets/sounds/power_up.wav
09:02:04.275 [JavaFX Application Thread] DEBUG FXGLAssetLoaderServi - Loading from file system: file:/C:/Users/ADMIN/IdeaProjects/BombermanPlus/target/classes/assets/sounds/walk_1.wav
09:02:09.150 [JavaFX Application Thread] DEBUG FXGLAssetLoaderServi - Loading from file system: file:/C:/Users/ADMIN/IdeaProjects/BombermanPlus/target/classes/assets/sounds/placed_bomb.wav
09:02:11.654 [JavaFX Application Thread] DEBUG FXGLAssetLoaderServi - Loading from file system: file:/C:/Users/ADMIN/IdeaProjects/BombermanPlus/target/classes/assets/sounds/bomb_exploded.wav
09:03:27.728 [JavaFX Application Thread] DEBUG FXGLApplication      - Exiting FXGL
09:03:27.729 [JavaFX Application Thread] DEBUG LoopRunner           - Stopping loop
09:03:27.729 [JavaFX Application Thread] DEBUG SystemBundleService  - Saving FXGL system data
09:03:27.731 [JavaFX Application Thread] DEBUG FileSystemAccess     - Writing to: C:\Users\ADMIN\IdeaProjects\BombermanPlus\system\fxgl.bundle
09:03:27.733 [JavaFX Application Thread] DEBUG Async                - Shutting down background threads
09:03:27.733 [JavaFX Application Thread] DEBUG PrimaryStageWindow   - Closing main window
09:03:27.740 [JavaFX Application Thread] DEBUG Logger               - Closing Logger
