21:59:29.687 [main                     ] DEBUG Logger               - Configured Logger
21:59:29.706 [main                     ] DEBUG GameApplication      - Logging settings
Title: BOMBERMAN
Version: 1.0
Width: 1080
Height: 720
Fullscreen: false
Intro: false
Profiling: false
Single step:false
App Mode: DEVELOPER
Menu Key: ESCAPE
Stage Style: DECORATED
Scene Factory: class com.bomberman.bombermanplus.BombermanApp$1

21:59:29.994 [JavaFX Application Thread] DEBUG FXGLApplication      - Initializing FXGL
21:59:29.998 [JavaFX Application Thread] INFO  Engine               - FXGL-17.1 (24.03.2022 17.34) on WINDOWS (J:19 FX:19-ea)
21:59:29.998 [JavaFX Application Thread] DEBUG Engine               - JRE Vendor Name: Oracle Corporation
21:59:29.998 [JavaFX Application Thread] DEBUG Engine               - Running on OS: Windows 11 version 10.0
21:59:29.998 [JavaFX Application Thread] DEBUG Engine               - Architecture: amd64
21:59:29.998 [JavaFX Application Thread] INFO  Engine               - Source code and latest versions at: https://github.com/AlmasB/FXGL
21:59:29.998 [JavaFX Application Thread] INFO  Engine               -       Ask questions and discuss at: https://github.com/AlmasB/FXGL/discussions
21:59:29.999 [JavaFX Application Thread] INFO  Engine               -              Join the FXGL chat at: https://gitter.im/AlmasB/FXGL
21:59:30.064 [JavaFX Application Thread] DEBUG PrimaryStageWindow   - Creating a JavaFX scene
21:59:30.097 [JavaFX Application Thread] DEBUG PrimaryStageWindow   - Target settings size: 1080.0 x 720.0
21:59:30.098 [JavaFX Application Thread] DEBUG PrimaryStageWindow   - Scaled scene size:    1080.0 x 720.0
21:59:30.098 [JavaFX Application Thread] DEBUG PrimaryStageWindow   - Scaled ratio: (1.0, 1.0)
21:59:30.098 [JavaFX Application Thread] DEBUG PrimaryStageWindow   - Set initial scene to FXGLStartupScene
21:59:30.103 [JavaFX Application Thread] DEBUG PrimaryStageWindow   - Opening main window
21:59:30.168 [JavaFX Application Thread] DEBUG PrimaryStageWindow   - Window border size: (14.4000244140625, 37.5999755859375)
21:59:30.169 [JavaFX Application Thread] DEBUG PrimaryStageWindow   - Scaled size: 1080.0 x 720.0
21:59:30.169 [JavaFX Application Thread] DEBUG PrimaryStageWindow   - Scaled ratio: (1.0, 1.0)
21:59:30.169 [JavaFX Application Thread] DEBUG PrimaryStageWindow   - Scene size: 1080.0 x 720.0
21:59:30.169 [JavaFX Application Thread] DEBUG PrimaryStageWindow   - Stage size: 1094.4000244140625 x 757.5999755859375
21:59:30.177 [FXGL Background Thread 1 ] DEBUG Engine               - Initializing environment variables
21:59:30.228 [FXGL Background Thread 1 ] DEBUG FXGLAssetLoaderServi - User app class for loading assets: class com.bomberman.bombermanplus.BombermanApp
21:59:30.228 [FXGL Background Thread 1 ] DEBUG GameApplicationServi - Applying CSS: fxgl_dark.css
21:59:30.229 [FXGL Background Thread 1 ] DEBUG FXGLAssetLoaderServi - Loading from file system: jar:file:///C:/Users/ADMIN/.m2/repository/com/github/almasb/fxgl/17.1/fxgl-17.1.jar!/fxglassets/ui/css/fxgl_dark.css
21:59:30.263 [FXGL Background Thread 1 ] DEBUG GameApplicationServi - Initializing application scenes
21:59:30.295 [FXGL Background Thread 1 ] DEBUG GameWorld            - Game world initialized
21:59:30.353 [FXGL Background Thread 1 ] DEBUG PhysicsWorld         - Physics world initialized: appHeight=720, physics.ppm=50.0
21:59:30.353 [FXGL Background Thread 1 ] DEBUG PhysicsWorld         - Using strategy: BRUTE_FORCE
21:59:30.357 [FXGL Background Thread 1 ] DEBUG GameScene            - Game scene initialized: 1080x720
21:59:30.381 [FXGL Background Thread 1 ] DEBUG GameApplicationServi - Application scenes initialized
21:59:30.392 [FXGL Background Thread 1 ] DEBUG SystemBundleService  - Loading FXGL system data
21:59:30.399 [FXGL Background Thread 1 ] DEBUG FileSystemAccess     - Reading from: C:\Users\ADMIN\IdeaProjects\BombermanPlus\system\fxgl.bundle
21:59:30.409 [FXGL Background Thread 1 ] DEBUG SystemBundleService  - Bundle FXGL: {}
21:59:30.409 [FXGL Background Thread 1 ] DEBUG UpdaterService       - Checking for updates
21:59:30.415 [FXGL Background Thread 4 ] DEBUG FXGLApplication      - Loading fonts
21:59:30.415 [FXGL Background Thread 1 ] DEBUG FXGLApplication      - Loading default localization
21:59:30.415 [FXGL Background Thread 4 ] DEBUG FXGLAssetLoaderServi - Loading from file system: jar:file:///C:/Users/ADMIN/.m2/repository/com/github/almasb/fxgl/17.1/fxgl-17.1.jar!/fxglassets/ui/fonts/VarelaRound-Regular.ttf
21:59:30.416 [FXGL Background Thread 1 ] DEBUG FXGLAssetLoaderServi - Loading from file system: jar:file:///C:/Users/ADMIN/.m2/repository/com/github/almasb/fxgl/17.1/fxgl-17.1.jar!/fxglassets/languages/english.lang
21:59:30.429 [FXGL Background Thread 1 ] INFO  FXGLApplication      - FXGL initialization took: 0.251 sec
21:59:30.437 [JavaFX Application Thread] DEBUG Input                - Registered new binding: Move Right - D
21:59:30.438 [JavaFX Application Thread] DEBUG Input                - Registered new binding: Move Up - W
21:59:30.438 [JavaFX Application Thread] DEBUG Input                - Registered new binding: Move Down - S
21:59:30.438 [JavaFX Application Thread] DEBUG Input                - Registered new binding: Move Left - A
21:59:30.438 [JavaFX Application Thread] DEBUG FXGLAssetLoaderServi - Loading from file system: jar:file:///C:/Users/ADMIN/.m2/repository/com/github/almasb/fxgl/17.1/fxgl-17.1.jar!/fxglassets/textures/fxgl_icon.png
21:59:30.479 [JavaFX Application Thread] DEBUG FXGLAssetLoaderServi - Loading from file system: jar:file:///C:/Users/ADMIN/.m2/repository/com/github/almasb/fxgl/17.1/fxgl-17.1.jar!/fxglassets/textures/fxgl_default_cursor.png
21:59:30.483 [JavaFX Application Thread] DEBUG Input                - Registered new binding: Screenshot - CTRL+8
21:59:30.483 [JavaFX Application Thread] DEBUG Input                - Registered new binding: System info dump - CTRL+9
21:59:30.484 [JavaFX Application Thread] DEBUG Input                - Registered new binding: Restart - CTRL+R
21:59:30.485 [JavaFX Application Thread] DEBUG Input                - Registered new binding: Toggle Debug Camera - CTRL+7
21:59:30.491 [JavaFX Application Thread] DEBUG LoopRunner           - Starting loop
21:59:30.491 [JavaFX Application Thread] DEBUG LoopRunner           - Initializing JavaFX AnimationTimerLoop
21:59:30.501 [JavaFX Application Thread] DEBUG Input                - Clearing active input actions
21:59:30.510 [FXGL Background Thread 4 ] DEBUG FXGLAssetLoaderServi - Loading from file system: jar:file:///C:/Users/ADMIN/.m2/repository/com/github/almasb/fxgl/17.1/fxgl-17.1.jar!/fxglassets/ui/fonts/Abel-Regular.ttf
21:59:30.510 [JavaFX Application Thread] DEBUG GameApplicationServi - Removing overlay from FXGLStartupScene and adding to FXGLMainMenuDummyScene
21:59:30.511 [JavaFX Application Thread] DEBUG PrimaryStageWindow   - FXGLStartupScene -> FXGLMainMenuDummyScene
21:59:30.511 [JavaFX Application Thread] DEBUG PrimaryStageWindow   - Push state: BombermanMenu
21:59:30.511 [JavaFX Application Thread] DEBUG Input                - Clearing active input actions
21:59:30.514 [JavaFX Application Thread] DEBUG GameApplicationServi - Removing overlay from FXGLMainMenuDummyScene and adding to BombermanMenu
21:59:30.516 [JavaFX Application Thread] DEBUG PrimaryStageWindow   - FXGLMainMenuDummyScene -> BombermanMenu
21:59:30.527 [FXGL Background Thread 4 ] DEBUG FXGLAssetLoaderServi - Loading from file system: jar:file:///C:/Users/ADMIN/.m2/repository/com/github/almasb/fxgl/17.1/fxgl-17.1.jar!/fxglassets/ui/fonts/TerminalLandMono-Regular.otf
21:59:30.543 [FXGL Background Thread 4 ] DEBUG FXGLAssetLoaderServi - Loading from file system: jar:file:///C:/Users/ADMIN/.m2/repository/com/github/almasb/fxgl/17.1/fxgl-17.1.jar!/fxglassets/ui/fonts/Courier-Prime.ttf
21:59:30.560 [JavaFX Application Thread] DEBUG FXGLApplication      - Registering font factories with UI factory
21:59:30.792 [FXGL Background Thread 2 ] INFO  UpdaterService       - Your current version:  17.1
21:59:30.793 [FXGL Background Thread 2 ] INFO  UpdaterService       - Latest stable version: 17.2
21:59:31.353 [JavaFX Application Thread] DEBUG Menu                 - fireNewGame()
21:59:31.354 [JavaFX Application Thread] DEBUG GameApplicationServi - Starting new game
21:59:31.354 [JavaFX Application Thread] DEBUG PrimaryStageWindow   - Pop state: BombermanMenu
21:59:31.354 [JavaFX Application Thread] DEBUG Input                - Clearing active input actions
21:59:31.354 [JavaFX Application Thread] DEBUG GameApplicationServi - Removing overlay from BombermanMenu and adding to FXGLMainMenuDummyScene
21:59:31.355 [JavaFX Application Thread] DEBUG PrimaryStageWindow   - FXGLMainMenuDummyScene <- BombermanMenu
21:59:31.355 [JavaFX Application Thread] DEBUG Input                - Clearing active input actions
21:59:31.360 [JavaFX Application Thread] DEBUG GameApplicationServi - Removing overlay from FXGLMainMenuDummyScene and adding to FXGLLoadingScene
21:59:31.361 [JavaFX Application Thread] DEBUG PrimaryStageWindow   - FXGLMainMenuDummyScene -> FXGLLoadingScene
21:59:31.361 [JavaFX Application Thread] DEBUG GameApplicationServi - Clearing previous game
21:59:31.361 [JavaFX Application Thread] DEBUG GameScene            - Clearing game scene
21:59:31.361 [JavaFX Application Thread] DEBUG GameWorld            - Clearing game world
21:59:31.361 [JavaFX Application Thread] DEBUG PhysicsWorld         - Clearing physics world
21:59:31.362 [FXGL Background Thread 2 ] DEBUG FXGLApplication      - Initializing game
21:59:31.391 [FXGL Background Thread 2 ] WARN  TMXLevelLoader       - TiledMap generated from 1.9.2. Supported version: 1.4.2. Some features may not be parsed fully.
21:59:31.401 [FXGL Background Thread 2 ] DEBUG TMXLevelLoader       - Parsed TiledMap: file:/C:/Users/ADMIN/IdeaProjects/BombermanPlus/target/classes/assets/levels/lv1demo.tmx
21:59:31.402 [FXGL Background Thread 2 ] DEBUG TMXLevelLoader       - Creating tile layer entities
21:59:31.406 [FXGL Background Thread 2 ] DEBUG TilesetLoader        - Loading view for layer Tile Layer 1
21:59:31.417 [FXGL Background Thread 2 ] DEBUG TilesetLoader        - Created buffer with size 1488.0x720.0
21:59:31.463 [FXGL Background Thread 2 ] DEBUG TMXLevelLoader       - Creating object layer entities
21:59:31.493 [FXGL Background Thread 2 ] DEBUG FXGLAssetLoaderServi - Loading from file system: file:/C:/Users/ADMIN/IdeaProjects/BombermanPlus/target/classes/assets/textures/sprites.png
21:59:31.536 [FXGL Background Thread 2 ] DEBUG GameWorld            - Clearing removable entities
21:59:31.537 [FXGL Background Thread 2 ] DEBUG GameWorld            - Setting level: com.almasb.fxgl.entity.level.Level@406aafd
21:59:31.545 [FXGL Background Thread 2 ] INFO  FXGLApplication      - Game initialization took: 0.183 sec
21:59:31.547 [JavaFX Application Thread] DEBUG Input                - Clearing active input actions
21:59:31.551 [JavaFX Application Thread] DEBUG GameApplicationServi - Removing overlay from FXGLLoadingScene and adding to GameScene
21:59:31.551 [JavaFX Application Thread] DEBUG PrimaryStageWindow   - FXGLLoadingScene -> GameScene
21:59:33.414 [FXGL Background Thread 3 ] DEBUG Engine               - Logging environment variables
21:59:33.414 [FXGL Background Thread 3 ] DEBUG Engine               - achievements: []
21:59:33.414 [FXGL Background Thread 3 ] DEBUG Engine               - actualHeight: 720.0
21:59:33.414 [FXGL Background Thread 3 ] DEBUG Engine               - actualHeightProperty: ReadOnlyDoubleProperty [value: 720.0]
21:59:33.414 [FXGL Background Thread 3 ] DEBUG Engine               - actualWidth: 1080.0
21:59:33.414 [FXGL Background Thread 3 ] DEBUG Engine               - actualWidthProperty: ReadOnlyDoubleProperty [value: 1080.0]
21:59:33.414 [FXGL Background Thread 3 ] DEBUG Engine               - appIcon: fxgl_icon.png
21:59:33.415 [FXGL Background Thread 3 ] DEBUG Engine               - applicationMode: DEVELOPER
21:59:33.415 [FXGL Background Thread 3 ] DEBUG Engine               - cSSList: [fxgl_dark.css]
21:59:33.415 [FXGL Background Thread 3 ] DEBUG Engine               - collisionDetectionStrategy: BRUTE_FORCE
21:59:33.415 [FXGL Background Thread 3 ] DEBUG Engine               - configClass: Optional.empty
21:59:33.415 [FXGL Background Thread 3 ] DEBUG Engine               - credits: []
21:59:33.416 [FXGL Background Thread 3 ] DEBUG Engine               - defaultCursor: CursorInfo(imageName=fxgl_default_cursor.png, hotspotX=7.0, hotspotY=6.0)
21:59:33.416 [FXGL Background Thread 3 ] DEBUG Engine               - devBBoxColorProperty: ObjectProperty [value: 0xff0000ff]
21:59:33.416 [FXGL Background Thread 3 ] DEBUG Engine               - devEnableDebugCameraProperty: BooleanProperty [value: false]
21:59:33.416 [FXGL Background Thread 3 ] DEBUG Engine               - devSensorColorProperty: ObjectProperty [value: 0xffff00ff]
21:59:33.416 [FXGL Background Thread 3 ] DEBUG Engine               - devShowBBoxProperty: BooleanProperty [value: false]
21:59:33.416 [FXGL Background Thread 3 ] DEBUG Engine               - devShowPositionProperty: BooleanProperty [value: false]
21:59:33.416 [FXGL Background Thread 3 ] DEBUG Engine               - enabledMenuItems: []
21:59:33.416 [FXGL Background Thread 3 ] DEBUG Engine               - engineServices: [class com.almasb.fxgl.app.services.FXGLAssetLoaderService, class com.almasb.fxgl.app.FXGLApplication$GameApplicationService, class com.almasb.fxgl.app.services.FXGLDialogService, class com.almasb.fxgl.app.services.IOTaskExecutorService, class com.almasb.fxgl.io.FileSystemService, class com.almasb.fxgl.localization.LocalizationService, class com.almasb.fxgl.app.services.SystemBundleService, class com.almasb.fxgl.profile.SaveLoadService, class com.almasb.fxgl.ui.FXGLUIFactoryServiceProvider, class com.almasb.fxgl.ui.FXGLDialogFactoryServiceProvider, class com.almasb.fxgl.audio.AudioPlayer, class com.almasb.fxgl.notification.impl.NotificationServiceProvider, class com.almasb.fxgl.achievement.AchievementService, class com.almasb.fxgl.cutscene.CutsceneService, class com.almasb.fxgl.minigames.MiniGameService, class com.almasb.fxgl.net.NetService, class com.almasb.fxgl.app.services.UpdaterService, class com.almasb.fxgl.dev.DevService]
21:59:33.416 [FXGL Background Thread 3 ] DEBUG Engine               - fontGame: Abel-Regular.ttf
21:59:33.417 [FXGL Background Thread 3 ] DEBUG Engine               - fontMono: TerminalLandMono-Regular.otf
21:59:33.417 [FXGL Background Thread 3 ] DEBUG Engine               - fontText: Courier-Prime.ttf
21:59:33.417 [FXGL Background Thread 3 ] DEBUG Engine               - fontUI: VarelaRound-Regular.ttf
21:59:33.417 [FXGL Background Thread 3 ] DEBUG Engine               - fullScreen: BooleanProperty [value: false]
21:59:33.417 [FXGL Background Thread 3 ] DEBUG Engine               - gameDifficulty: MEDIUM
21:59:33.417 [FXGL Background Thread 3 ] DEBUG Engine               - gameDifficultyProperty: ObjectProperty [value: MEDIUM]
21:59:33.417 [FXGL Background Thread 3 ] DEBUG Engine               - globalMusicVolume: 0.5
21:59:33.417 [FXGL Background Thread 3 ] DEBUG Engine               - globalMusicVolumeProperty: DoubleProperty [value: 0.5]
21:59:33.417 [FXGL Background Thread 3 ] DEBUG Engine               - globalSoundVolume: 0.5
21:59:33.417 [FXGL Background Thread 3 ] DEBUG Engine               - globalSoundVolumeProperty: DoubleProperty [value: 0.5]
21:59:33.417 [FXGL Background Thread 3 ] DEBUG Engine               - height: 720
21:59:33.417 [FXGL Background Thread 3 ] DEBUG Engine               - is3D: false
21:59:33.417 [FXGL Background Thread 3 ] DEBUG Engine               - isAndroid: false
21:59:33.417 [FXGL Background Thread 3 ] DEBUG Engine               - isBrowser: false
21:59:33.417 [FXGL Background Thread 3 ] DEBUG Engine               - isClickFeedbackEnabled: false
21:59:33.417 [FXGL Background Thread 3 ] DEBUG Engine               - isCloseConfirmation: false
21:59:33.418 [FXGL Background Thread 3 ] DEBUG Engine               - isDesktop: true
21:59:33.418 [FXGL Background Thread 3 ] DEBUG Engine               - isDeveloperMenuEnabled: false
21:59:33.418 [FXGL Background Thread 3 ] DEBUG Engine               - isEmbedded: false
21:59:33.418 [FXGL Background Thread 3 ] DEBUG Engine               - isEntityPreloadEnabled: true
21:59:33.418 [FXGL Background Thread 3 ] DEBUG Engine               - isExperimentalTiledLargeMap: false
21:59:33.418 [FXGL Background Thread 3 ] DEBUG Engine               - isFileSystemWriteAllowed: true
21:59:33.418 [FXGL Background Thread 3 ] DEBUG Engine               - isFullScreenAllowed: false
21:59:33.418 [FXGL Background Thread 3 ] DEBUG Engine               - isFullScreenFromStart: false
21:59:33.418 [FXGL Background Thread 3 ] DEBUG Engine               - isGameMenuEnabled: false
21:59:33.418 [FXGL Background Thread 3 ] DEBUG Engine               - isIOS: false
21:59:33.418 [FXGL Background Thread 3 ] DEBUG Engine               - isIntroEnabled: false
21:59:33.418 [FXGL Background Thread 3 ] DEBUG Engine               - isLinux: false
21:59:33.418 [FXGL Background Thread 3 ] DEBUG Engine               - isMac: false
21:59:33.418 [FXGL Background Thread 3 ] DEBUG Engine               - isMainMenuEnabled: true
21:59:33.418 [FXGL Background Thread 3 ] DEBUG Engine               - isManualResizeEnabled: false
21:59:33.418 [FXGL Background Thread 3 ] DEBUG Engine               - isMobile: false
21:59:33.418 [FXGL Background Thread 3 ] DEBUG Engine               - isNative: false
21:59:33.418 [FXGL Background Thread 3 ] DEBUG Engine               - isPauseMusicWhenMinimized: true
21:59:33.418 [FXGL Background Thread 3 ] DEBUG Engine               - isPreserveResizeRatio: false
21:59:33.418 [FXGL Background Thread 3 ] DEBUG Engine               - isProfilingEnabled: false
21:59:33.418 [FXGL Background Thread 3 ] DEBUG Engine               - isScaleAffectedOnResize: true
21:59:33.418 [FXGL Background Thread 3 ] DEBUG Engine               - isSingleStep: false
21:59:33.418 [FXGL Background Thread 3 ] DEBUG Engine               - isUserProfileEnabled: false
21:59:33.418 [FXGL Background Thread 3 ] DEBUG Engine               - isWindows: true
21:59:33.418 [FXGL Background Thread 3 ] DEBUG Engine               - language: ObjectProperty [value: ENGLISH]
21:59:33.418 [FXGL Background Thread 3 ] DEBUG Engine               - menuKey: ESCAPE
21:59:33.418 [FXGL Background Thread 3 ] DEBUG Engine               - mouseSensitivity: 0.2
21:59:33.418 [FXGL Background Thread 3 ] DEBUG Engine               - notificationViewClass: class com.almasb.fxgl.notification.view.XboxNotificationView
21:59:33.418 [FXGL Background Thread 3 ] DEBUG Engine               - pixelsPerMeter: 50.0
21:59:33.418 [FXGL Background Thread 3 ] DEBUG Engine               - platform: WINDOWS
21:59:33.418 [FXGL Background Thread 3 ] DEBUG Engine               - prefHeightProperty: ReadOnlyDoubleProperty [value: 720.0]
21:59:33.418 [FXGL Background Thread 3 ] DEBUG Engine               - prefWidthProperty: ReadOnlyDoubleProperty [value: 1080.0]
21:59:33.418 [FXGL Background Thread 3 ] DEBUG Engine               - profileDir: profiles/
21:59:33.418 [FXGL Background Thread 3 ] DEBUG Engine               - profileName: StringProperty [value: DEFAULT]
21:59:33.418 [FXGL Background Thread 3 ] DEBUG Engine               - randomSeed: -1
21:59:33.418 [FXGL Background Thread 3 ] DEBUG Engine               - runtimeInfo: RuntimeInfo(platform=WINDOWS, version=17.1, build=24.03.2022 17.34)
21:59:33.418 [FXGL Background Thread 3 ] DEBUG Engine               - saveFileExt: sav
21:59:33.419 [FXGL Background Thread 3 ] DEBUG Engine               - scaledHeightProp$fxgl: DoubleProperty [bound, value: 720.0]
21:59:33.419 [FXGL Background Thread 3 ] DEBUG Engine               - scaledWidthProp$fxgl: DoubleProperty [bound, value: 1080.0]
21:59:33.419 [FXGL Background Thread 3 ] DEBUG Engine               - sceneFactory: com.bomberman.bombermanplus.BombermanApp$1@532809bc
21:59:33.419 [FXGL Background Thread 3 ] DEBUG Engine               - secondsIn24h: 60
21:59:33.419 [FXGL Background Thread 3 ] DEBUG Engine               - soundMenuBack: menu/back.wav
21:59:33.419 [FXGL Background Thread 3 ] DEBUG Engine               - soundMenuPress: menu/press.wav
21:59:33.419 [FXGL Background Thread 3 ] DEBUG Engine               - soundMenuSelect: menu/select.wav
21:59:33.419 [FXGL Background Thread 3 ] DEBUG Engine               - soundNotification: core/notification.wav
21:59:33.419 [FXGL Background Thread 3 ] DEBUG Engine               - stageStyle: DECORATED
21:59:33.419 [FXGL Background Thread 3 ] DEBUG Engine               - supportedLanguages: [ENGLISH, FRENCH, GERMAN, HUNGARIAN, RUSSIAN]
21:59:33.419 [FXGL Background Thread 3 ] DEBUG Engine               - ticksPerSecond: -1
21:59:33.419 [FXGL Background Thread 3 ] DEBUG Engine               - title: BOMBERMAN
21:59:33.419 [FXGL Background Thread 3 ] DEBUG Engine               - urlGithub: https://github.com/AlmasB/FXGL
21:59:33.419 [FXGL Background Thread 3 ] DEBUG Engine               - urlLeaderboard: http://fxgl-top.herokuapp.com/
21:59:33.419 [FXGL Background Thread 3 ] DEBUG Engine               - urlPOM: https://raw.githubusercontent.com/AlmasB/FXGL/release/README.md
21:59:33.419 [FXGL Background Thread 3 ] DEBUG Engine               - userAppClass: class com.bomberman.bombermanplus.BombermanApp
21:59:33.419 [FXGL Background Thread 3 ] DEBUG Engine               - version: 1.0
21:59:33.419 [FXGL Background Thread 3 ] DEBUG Engine               - versionCheckDays: 7
21:59:33.419 [FXGL Background Thread 3 ] DEBUG Engine               - width: 1080
21:59:33.419 [FXGL Background Thread 3 ] DEBUG Engine               - Logging services
21:59:33.419 [FXGL Background Thread 3 ] DEBUG Engine               - class com.almasb.fxgl.app.services.FXGLAssetLoaderService
21:59:33.419 [FXGL Background Thread 3 ] DEBUG Engine               - class com.almasb.fxgl.app.FXGLApplication$GameApplicationService
21:59:33.419 [FXGL Background Thread 3 ] DEBUG Engine               - class com.almasb.fxgl.app.services.FXGLDialogService
21:59:33.419 [FXGL Background Thread 3 ] DEBUG Engine               - class com.almasb.fxgl.app.services.IOTaskExecutorService
21:59:33.419 [FXGL Background Thread 3 ] DEBUG Engine               - class com.almasb.fxgl.io.FileSystemService
21:59:33.419 [FXGL Background Thread 3 ] DEBUG Engine               - class com.almasb.fxgl.localization.LocalizationService
21:59:33.419 [FXGL Background Thread 3 ] DEBUG Engine               - class com.almasb.fxgl.app.services.SystemBundleService
21:59:33.419 [FXGL Background Thread 3 ] DEBUG Engine               - class com.almasb.fxgl.profile.SaveLoadService
21:59:33.419 [FXGL Background Thread 3 ] DEBUG Engine               - class com.almasb.fxgl.ui.FXGLUIFactoryServiceProvider
21:59:33.419 [FXGL Background Thread 3 ] DEBUG Engine               - class com.almasb.fxgl.ui.FXGLDialogFactoryServiceProvider
21:59:33.419 [FXGL Background Thread 3 ] DEBUG Engine               - class com.almasb.fxgl.audio.AudioPlayer
21:59:33.419 [FXGL Background Thread 3 ] DEBUG Engine               - class com.almasb.fxgl.notification.impl.NotificationServiceProvider
21:59:33.419 [FXGL Background Thread 3 ] DEBUG Engine               - class com.almasb.fxgl.achievement.AchievementService
21:59:33.419 [FXGL Background Thread 3 ] DEBUG Engine               - class com.almasb.fxgl.cutscene.CutsceneService
21:59:33.420 [FXGL Background Thread 3 ] DEBUG Engine               - class com.almasb.fxgl.minigames.MiniGameService
21:59:33.420 [FXGL Background Thread 3 ] DEBUG Engine               - class com.almasb.fxgl.net.NetService
21:59:33.420 [FXGL Background Thread 3 ] DEBUG Engine               - class com.almasb.fxgl.app.services.UpdaterService
21:59:33.420 [FXGL Background Thread 3 ] DEBUG Engine               - class com.almasb.fxgl.dev.DevService
21:59:52.467 [JavaFX Application Thread] DEBUG FXGLApplication      - Exiting FXGL
21:59:52.467 [JavaFX Application Thread] DEBUG LoopRunner           - Stopping loop
21:59:52.467 [JavaFX Application Thread] DEBUG SystemBundleService  - Saving FXGL system data
21:59:52.469 [JavaFX Application Thread] DEBUG FileSystemAccess     - Writing to: C:\Users\ADMIN\IdeaProjects\BombermanPlus\system\fxgl.bundle
21:59:52.471 [JavaFX Application Thread] DEBUG Async                - Shutting down background threads
21:59:52.471 [JavaFX Application Thread] DEBUG PrimaryStageWindow   - Closing main window
21:59:52.478 [JavaFX Application Thread] DEBUG Logger               - Closing Logger
