19:53:11.321 [main                     ] DEBUG Logger               - Configured Logger
19:53:11.341 [main                     ] DEBUG GameApplication      - Logging settings
Title: 
Version: 
Width: 1080
Height: 720
Fullscreen: false
Intro: false
Profiling: false
Single step:false
App Mode: DEVELOPER
Menu Key: ESCAPE
Stage Style: DECORATED
Scene Factory: class com.bomberman.bombermanplus.BombermanApp$1

19:53:11.706 [JavaFX Application Thread] DEBUG FXGLApplication      - Initializing FXGL
19:53:11.709 [JavaFX Application Thread] INFO  Engine               - FXGL-17.1 (24.03.2022 17.34) on WINDOWS (J:19 FX:19-ea)
19:53:11.709 [JavaFX Application Thread] DEBUG Engine               - JRE Vendor Name: Oracle Corporation
19:53:11.709 [JavaFX Application Thread] DEBUG Engine               - Running on OS: Windows 11 version 10.0
19:53:11.710 [JavaFX Application Thread] DEBUG Engine               - Architecture: amd64
19:53:11.710 [JavaFX Application Thread] INFO  Engine               - Source code and latest versions at: https://github.com/AlmasB/FXGL
19:53:11.710 [JavaFX Application Thread] INFO  Engine               -       Ask questions and discuss at: https://github.com/AlmasB/FXGL/discussions
19:53:11.710 [JavaFX Application Thread] INFO  Engine               -              Join the FXGL chat at: https://gitter.im/AlmasB/FXGL
19:53:11.787 [JavaFX Application Thread] DEBUG PrimaryStageWindow   - Creating a JavaFX scene
19:53:11.831 [JavaFX Application Thread] DEBUG PrimaryStageWindow   - Target settings size: 1080.0 x 720.0
19:53:11.831 [JavaFX Application Thread] DEBUG PrimaryStageWindow   - Scaled scene size:    1080.0 x 720.0
19:53:11.831 [JavaFX Application Thread] DEBUG PrimaryStageWindow   - Scaled ratio: (1.0, 1.0)
19:53:11.832 [JavaFX Application Thread] DEBUG PrimaryStageWindow   - Set initial scene to FXGLStartupScene
19:53:11.837 [JavaFX Application Thread] DEBUG PrimaryStageWindow   - Opening main window
19:53:11.909 [JavaFX Application Thread] DEBUG PrimaryStageWindow   - Window border size: (14.4000244140625, 37.5999755859375)
19:53:11.910 [JavaFX Application Thread] DEBUG PrimaryStageWindow   - Scaled size: 1080.0 x 720.0
19:53:11.910 [JavaFX Application Thread] DEBUG PrimaryStageWindow   - Scaled ratio: (1.0, 1.0)
19:53:11.910 [JavaFX Application Thread] DEBUG PrimaryStageWindow   - Scene size: 1080.0 x 720.0
19:53:11.910 [JavaFX Application Thread] DEBUG PrimaryStageWindow   - Stage size: 1094.4000244140625 x 757.5999755859375
19:53:11.920 [FXGL Background Thread 1 ] DEBUG Engine               - Initializing environment variables
19:53:11.978 [FXGL Background Thread 1 ] DEBUG FXGLAssetLoaderServi - User app class for loading assets: class com.bomberman.bombermanplus.BombermanApp
19:53:11.979 [FXGL Background Thread 1 ] DEBUG GameApplicationServi - Applying CSS: fxgl_dark.css
19:53:11.980 [FXGL Background Thread 1 ] DEBUG FXGLAssetLoaderServi - Loading from file system: jar:file:///C:/Users/ADMIN/.m2/repository/com/github/almasb/fxgl/17.1/fxgl-17.1.jar!/fxglassets/ui/css/fxgl_dark.css
19:53:12.015 [FXGL Background Thread 1 ] DEBUG GameApplicationServi - Initializing application scenes
19:53:12.047 [FXGL Background Thread 1 ] DEBUG GameWorld            - Game world initialized
19:53:12.102 [FXGL Background Thread 1 ] DEBUG PhysicsWorld         - Physics world initialized: appHeight=720, physics.ppm=50.0
19:53:12.102 [FXGL Background Thread 1 ] DEBUG PhysicsWorld         - Using strategy: BRUTE_FORCE
19:53:12.105 [FXGL Background Thread 1 ] DEBUG GameScene            - Game scene initialized: 1080x720
19:53:12.112 [FXGL Background Thread 1 ] DEBUG FXGLAssetLoaderServi - Loading from file system: file:/C:/Users/ADMIN/IdeaProjects/BombermanPlus/target/classes/assets/textures/Bomber%20BG.png
19:53:12.178 [FXGL Background Thread 1 ] DEBUG GameApplicationServi - Application scenes initialized
19:53:12.187 [FXGL Background Thread 1 ] DEBUG SystemBundleService  - Loading FXGL system data
19:53:12.192 [FXGL Background Thread 1 ] DEBUG FileSystemAccess     - Reading from: C:\Users\ADMIN\IdeaProjects\BombermanPlus\system\fxgl.bundle
19:53:12.202 [FXGL Background Thread 1 ] DEBUG SystemBundleService  - Bundle FXGL: {}
19:53:12.202 [FXGL Background Thread 1 ] DEBUG UpdaterService       - Checking for updates
19:53:12.220 [FXGL Background Thread 4 ] DEBUG FXGLApplication      - Loading fonts
19:53:12.220 [FXGL Background Thread 1 ] DEBUG FXGLApplication      - Loading default localization
19:53:12.221 [FXGL Background Thread 4 ] DEBUG FXGLAssetLoaderServi - Loading from file system: file:/C:/Users/ADMIN/IdeaProjects/BombermanPlus/target/classes/assets/ui/fonts/Retro%20Gaming.ttf
19:53:12.221 [FXGL Background Thread 1 ] DEBUG FXGLAssetLoaderServi - Loading from file system: jar:file:///C:/Users/ADMIN/.m2/repository/com/github/almasb/fxgl/17.1/fxgl-17.1.jar!/fxglassets/languages/english.lang
19:53:12.232 [FXGL Background Thread 1 ] INFO  FXGLApplication      - FXGL initialization took: 0.313 sec
19:53:12.239 [JavaFX Application Thread] DEBUG Input                - Registered new binding: Move Right - D
19:53:12.239 [JavaFX Application Thread] DEBUG Input                - Registered new binding: Move Up - W
19:53:12.239 [JavaFX Application Thread] DEBUG Input                - Registered new binding: Move Down - S
19:53:12.239 [JavaFX Application Thread] DEBUG Input                - Registered new binding: Move Left - A
19:53:12.239 [JavaFX Application Thread] DEBUG Input                - Registered new binding: Place bomb - Space
19:53:12.239 [JavaFX Application Thread] DEBUG FXGLAssetLoaderServi - Loading from file system: file:/C:/Users/ADMIN/IdeaProjects/BombermanPlus/target/classes/assets/music/title_screen.mp3
19:53:12.273 [FXGL Background Thread 4 ] DEBUG FXGLAssetLoaderServi - Loading from file system: jar:file:///C:/Users/ADMIN/.m2/repository/com/github/almasb/fxgl/17.1/fxgl-17.1.jar!/fxglassets/ui/fonts/Abel-Regular.ttf
19:53:12.280 [FXGL Background Thread 4 ] DEBUG FXGLAssetLoaderServi - Loading from file system: jar:file:///C:/Users/ADMIN/.m2/repository/com/github/almasb/fxgl/17.1/fxgl-17.1.jar!/fxglassets/ui/fonts/TerminalLandMono-Regular.otf
19:53:12.288 [FXGL Background Thread 4 ] DEBUG FXGLAssetLoaderServi - Loading from file system: jar:file:///C:/Users/ADMIN/.m2/repository/com/github/almasb/fxgl/17.1/fxgl-17.1.jar!/fxglassets/ui/fonts/Courier-Prime.ttf
19:53:12.638 [FXGL Background Thread 2 ] INFO  UpdaterService       - Your current version:  17.1
19:53:12.638 [FXGL Background Thread 2 ] INFO  UpdaterService       - Latest stable version: 17.2
19:53:13.044 [JavaFX Application Thread] DEBUG AudioPlayer          - Playing music com.almasb.fxgl.audio.Music@f4d8c22
19:53:13.045 [JavaFX Application Thread] DEBUG FXGLAssetLoaderServi - Loading from file system: jar:file:///C:/Users/ADMIN/.m2/repository/com/github/almasb/fxgl/17.1/fxgl-17.1.jar!/fxglassets/textures/fxgl_icon.png
19:53:13.063 [JavaFX Application Thread] DEBUG FXGLAssetLoaderServi - Loading from file system: jar:file:///C:/Users/ADMIN/.m2/repository/com/github/almasb/fxgl/17.1/fxgl-17.1.jar!/fxglassets/textures/fxgl_default_cursor.png
19:53:13.065 [JavaFX Application Thread] DEBUG Input                - Registered new binding: Screenshot - CTRL+8
19:53:13.065 [JavaFX Application Thread] DEBUG Input                - Registered new binding: Dev Options - 1
19:53:13.065 [JavaFX Application Thread] DEBUG Input                - Registered new binding: Dev Console - 2
19:53:13.065 [JavaFX Application Thread] DEBUG Input                - Registered new binding: System info dump - CTRL+9
19:53:13.065 [JavaFX Application Thread] DEBUG Input                - Registered new binding: Restart - CTRL+R
19:53:13.066 [JavaFX Application Thread] DEBUG Input                - Registered new binding: Toggle Debug Camera - CTRL+7
19:53:13.067 [JavaFX Application Thread] DEBUG AchievementService   - Registered new achievement: Slayer
19:53:13.067 [JavaFX Application Thread] DEBUG AchievementService   - Registered new achievement: See the world
19:53:13.067 [JavaFX Application Thread] DEBUG AchievementService   - Registered new achievement: Score owner
19:53:13.067 [JavaFX Application Thread] DEBUG LoopRunner           - Starting loop
19:53:13.075 [JavaFX Application Thread] DEBUG LoopRunner           - Initializing JavaFX AnimationTimerLoop
19:53:13.077 [JavaFX Application Thread] DEBUG Input                - Clearing active input actions
19:53:13.084 [JavaFX Application Thread] DEBUG GameApplicationServi - Removing overlay from FXGLStartupScene and adding to FXGLMainMenuDummyScene
19:53:13.086 [JavaFX Application Thread] DEBUG PrimaryStageWindow   - FXGLStartupScene -> FXGLMainMenuDummyScene
19:53:13.086 [JavaFX Application Thread] DEBUG PrimaryStageWindow   - Push state: BombermanMenu
19:53:13.086 [JavaFX Application Thread] DEBUG Input                - Clearing active input actions
19:53:13.088 [JavaFX Application Thread] DEBUG GameApplicationServi - Removing overlay from FXGLMainMenuDummyScene and adding to BombermanMenu
19:53:13.088 [JavaFX Application Thread] DEBUG PrimaryStageWindow   - FXGLMainMenuDummyScene -> BombermanMenu
19:53:13.089 [JavaFX Application Thread] DEBUG FXGLApplication      - Registering font factories with UI factory
19:53:15.219 [FXGL Background Thread 3 ] DEBUG Engine               - Logging environment variables
19:53:15.219 [FXGL Background Thread 3 ] DEBUG Engine               - achievements: [Slayer:achieved(false), See the world:achieved(false), Score owner:achieved(false)]
19:53:15.220 [FXGL Background Thread 3 ] DEBUG Engine               - actualHeight: 720.0
19:53:15.220 [FXGL Background Thread 3 ] DEBUG Engine               - actualHeightProperty: ReadOnlyDoubleProperty [value: 720.0]
19:53:15.220 [FXGL Background Thread 3 ] DEBUG Engine               - actualWidth: 1080.0
19:53:15.220 [FXGL Background Thread 3 ] DEBUG Engine               - actualWidthProperty: ReadOnlyDoubleProperty [value: 1080.0]
19:53:15.220 [FXGL Background Thread 3 ] DEBUG Engine               - appIcon: fxgl_icon.png
19:53:15.220 [FXGL Background Thread 3 ] DEBUG Engine               - applicationMode: DEVELOPER
19:53:15.220 [FXGL Background Thread 3 ] DEBUG Engine               - cSSList: [fxgl_dark.css]
19:53:15.220 [FXGL Background Thread 3 ] DEBUG Engine               - collisionDetectionStrategy: BRUTE_FORCE
19:53:15.220 [FXGL Background Thread 3 ] DEBUG Engine               - configClass: Optional.empty
19:53:15.220 [FXGL Background Thread 3 ] DEBUG Engine               - credits: []
19:53:15.221 [FXGL Background Thread 3 ] DEBUG Engine               - defaultCursor: CursorInfo(imageName=fxgl_default_cursor.png, hotspotX=7.0, hotspotY=6.0)
19:53:15.221 [FXGL Background Thread 3 ] DEBUG Engine               - devBBoxColorProperty: ObjectProperty [value: 0xff0000ff]
19:53:15.221 [FXGL Background Thread 3 ] DEBUG Engine               - devEnableDebugCameraProperty: BooleanProperty [value: false]
19:53:15.221 [FXGL Background Thread 3 ] DEBUG Engine               - devSensorColorProperty: ObjectProperty [value: 0xffff00ff]
19:53:15.221 [FXGL Background Thread 3 ] DEBUG Engine               - devShowBBoxProperty: BooleanProperty [value: false]
19:53:15.221 [FXGL Background Thread 3 ] DEBUG Engine               - devShowPositionProperty: BooleanProperty [value: false]
19:53:15.221 [FXGL Background Thread 3 ] DEBUG Engine               - enabledMenuItems: []
19:53:15.222 [FXGL Background Thread 3 ] DEBUG Engine               - engineServices: [class com.almasb.fxgl.app.services.FXGLAssetLoaderService, class com.almasb.fxgl.app.FXGLApplication$GameApplicationService, class com.almasb.fxgl.app.services.FXGLDialogService, class com.almasb.fxgl.app.services.IOTaskExecutorService, class com.almasb.fxgl.io.FileSystemService, class com.almasb.fxgl.localization.LocalizationService, class com.almasb.fxgl.app.services.SystemBundleService, class com.almasb.fxgl.profile.SaveLoadService, class com.almasb.fxgl.ui.FXGLUIFactoryServiceProvider, class com.almasb.fxgl.ui.FXGLDialogFactoryServiceProvider, class com.almasb.fxgl.audio.AudioPlayer, class com.almasb.fxgl.notification.impl.NotificationServiceProvider, class com.almasb.fxgl.achievement.AchievementService, class com.almasb.fxgl.cutscene.CutsceneService, class com.almasb.fxgl.minigames.MiniGameService, class com.almasb.fxgl.net.NetService, class com.almasb.fxgl.app.services.UpdaterService, class com.almasb.fxgl.dev.DevService]
19:53:15.222 [FXGL Background Thread 3 ] DEBUG Engine               - fontGame: Abel-Regular.ttf
19:53:15.222 [FXGL Background Thread 3 ] DEBUG Engine               - fontMono: TerminalLandMono-Regular.otf
19:53:15.222 [FXGL Background Thread 3 ] DEBUG Engine               - fontText: Courier-Prime.ttf
19:53:15.222 [FXGL Background Thread 3 ] DEBUG Engine               - fontUI: Retro Gaming.ttf
19:53:15.222 [FXGL Background Thread 3 ] DEBUG Engine               - fullScreen: BooleanProperty [value: false]
19:53:15.222 [FXGL Background Thread 3 ] DEBUG Engine               - gameDifficulty: MEDIUM
19:53:15.222 [FXGL Background Thread 3 ] DEBUG Engine               - gameDifficultyProperty: ObjectProperty [value: MEDIUM]
19:53:15.222 [FXGL Background Thread 3 ] DEBUG Engine               - globalMusicVolume: 0.5
19:53:15.222 [FXGL Background Thread 3 ] DEBUG Engine               - globalMusicVolumeProperty: DoubleProperty [value: 0.05]
19:53:15.222 [FXGL Background Thread 3 ] DEBUG Engine               - globalSoundVolume: 0.5
19:53:15.222 [FXGL Background Thread 3 ] DEBUG Engine               - globalSoundVolumeProperty: DoubleProperty [value: 0.4]
19:53:15.222 [FXGL Background Thread 3 ] DEBUG Engine               - height: 720
19:53:15.222 [FXGL Background Thread 3 ] DEBUG Engine               - is3D: false
19:53:15.222 [FXGL Background Thread 3 ] DEBUG Engine               - isAndroid: false
19:53:15.222 [FXGL Background Thread 3 ] DEBUG Engine               - isBrowser: false
19:53:15.222 [FXGL Background Thread 3 ] DEBUG Engine               - isClickFeedbackEnabled: false
19:53:15.223 [FXGL Background Thread 3 ] DEBUG Engine               - isCloseConfirmation: false
19:53:15.223 [FXGL Background Thread 3 ] DEBUG Engine               - isDesktop: true
19:53:15.223 [FXGL Background Thread 3 ] DEBUG Engine               - isDeveloperMenuEnabled: true
19:53:15.223 [FXGL Background Thread 3 ] DEBUG Engine               - isEmbedded: false
19:53:15.223 [FXGL Background Thread 3 ] DEBUG Engine               - isEntityPreloadEnabled: true
19:53:15.223 [FXGL Background Thread 3 ] DEBUG Engine               - isExperimentalTiledLargeMap: false
19:53:15.223 [FXGL Background Thread 3 ] DEBUG Engine               - isFileSystemWriteAllowed: true
19:53:15.223 [FXGL Background Thread 3 ] DEBUG Engine               - isFullScreenAllowed: false
19:53:15.223 [FXGL Background Thread 3 ] DEBUG Engine               - isFullScreenFromStart: false
19:53:15.223 [FXGL Background Thread 3 ] DEBUG Engine               - isGameMenuEnabled: true
19:53:15.223 [FXGL Background Thread 3 ] DEBUG Engine               - isIOS: false
19:53:15.223 [FXGL Background Thread 3 ] DEBUG Engine               - isIntroEnabled: false
19:53:15.223 [FXGL Background Thread 3 ] DEBUG Engine               - isLinux: false
19:53:15.223 [FXGL Background Thread 3 ] DEBUG Engine               - isMac: false
19:53:15.223 [FXGL Background Thread 3 ] DEBUG Engine               - isMainMenuEnabled: true
19:53:15.223 [FXGL Background Thread 3 ] DEBUG Engine               - isManualResizeEnabled: true
19:53:15.223 [FXGL Background Thread 3 ] DEBUG Engine               - isMobile: false
19:53:15.223 [FXGL Background Thread 3 ] DEBUG Engine               - isNative: false
19:53:15.223 [FXGL Background Thread 3 ] DEBUG Engine               - isPauseMusicWhenMinimized: true
19:53:15.223 [FXGL Background Thread 3 ] DEBUG Engine               - isPreserveResizeRatio: true
19:53:15.224 [FXGL Background Thread 3 ] DEBUG Engine               - isProfilingEnabled: false
19:53:15.224 [FXGL Background Thread 3 ] DEBUG Engine               - isScaleAffectedOnResize: true
19:53:15.224 [FXGL Background Thread 3 ] DEBUG Engine               - isSingleStep: false
19:53:15.224 [FXGL Background Thread 3 ] DEBUG Engine               - isUserProfileEnabled: false
19:53:15.224 [FXGL Background Thread 3 ] DEBUG Engine               - isWindows: true
19:53:15.224 [FXGL Background Thread 3 ] DEBUG Engine               - language: ObjectProperty [value: ENGLISH]
19:53:15.224 [FXGL Background Thread 3 ] DEBUG Engine               - menuKey: ESCAPE
19:53:15.224 [FXGL Background Thread 3 ] DEBUG Engine               - mouseSensitivity: 0.2
19:53:15.224 [FXGL Background Thread 3 ] DEBUG Engine               - notificationViewClass: class com.almasb.fxgl.notification.view.XboxNotificationView
19:53:15.224 [FXGL Background Thread 3 ] DEBUG Engine               - pixelsPerMeter: 50.0
19:53:15.224 [FXGL Background Thread 3 ] DEBUG Engine               - platform: WINDOWS
19:53:15.224 [FXGL Background Thread 3 ] DEBUG Engine               - prefHeightProperty: ReadOnlyDoubleProperty [value: 720.0]
19:53:15.224 [FXGL Background Thread 3 ] DEBUG Engine               - prefWidthProperty: ReadOnlyDoubleProperty [value: 1080.0]
19:53:15.224 [FXGL Background Thread 3 ] DEBUG Engine               - profileDir: profiles/
19:53:15.224 [FXGL Background Thread 3 ] DEBUG Engine               - profileName: StringProperty [value: DEFAULT]
19:53:15.224 [FXGL Background Thread 3 ] DEBUG Engine               - randomSeed: -1
19:53:15.224 [FXGL Background Thread 3 ] DEBUG Engine               - runtimeInfo: RuntimeInfo(platform=WINDOWS, version=17.1, build=24.03.2022 17.34)
19:53:15.225 [FXGL Background Thread 3 ] DEBUG Engine               - saveFileExt: sav
19:53:15.225 [FXGL Background Thread 3 ] DEBUG Engine               - scaledHeightProp$fxgl: DoubleProperty [bound, value: 720.0]
19:53:15.225 [FXGL Background Thread 3 ] DEBUG Engine               - scaledWidthProp$fxgl: DoubleProperty [bound, value: 1080.0]
19:53:15.225 [FXGL Background Thread 3 ] DEBUG Engine               - sceneFactory: com.bomberman.bombermanplus.BombermanApp$1@2ce52f4a
19:53:15.225 [FXGL Background Thread 3 ] DEBUG Engine               - secondsIn24h: 60
19:53:15.225 [FXGL Background Thread 3 ] DEBUG Engine               - soundMenuBack: menu/back.wav
19:53:15.225 [FXGL Background Thread 3 ] DEBUG Engine               - soundMenuPress: menu/press.wav
19:53:15.225 [FXGL Background Thread 3 ] DEBUG Engine               - soundMenuSelect: menu/select.wav
19:53:15.225 [FXGL Background Thread 3 ] DEBUG Engine               - soundNotification: core/notification.wav
19:53:15.225 [FXGL Background Thread 3 ] DEBUG Engine               - stageStyle: DECORATED
19:53:15.225 [FXGL Background Thread 3 ] DEBUG Engine               - supportedLanguages: [ENGLISH, FRENCH, GERMAN, HUNGARIAN, RUSSIAN]
19:53:15.225 [FXGL Background Thread 3 ] DEBUG Engine               - ticksPerSecond: -1
19:53:15.225 [FXGL Background Thread 3 ] DEBUG Engine               - title: 
19:53:15.225 [FXGL Background Thread 3 ] DEBUG Engine               - urlGithub: https://github.com/AlmasB/FXGL
19:53:15.225 [FXGL Background Thread 3 ] DEBUG Engine               - urlLeaderboard: http://fxgl-top.herokuapp.com/
19:53:15.225 [FXGL Background Thread 3 ] DEBUG Engine               - urlPOM: https://raw.githubusercontent.com/AlmasB/FXGL/release/README.md
19:53:15.225 [FXGL Background Thread 3 ] DEBUG Engine               - userAppClass: class com.bomberman.bombermanplus.BombermanApp
19:53:15.225 [FXGL Background Thread 3 ] DEBUG Engine               - version: 
19:53:15.225 [FXGL Background Thread 3 ] DEBUG Engine               - versionCheckDays: 7
19:53:15.225 [FXGL Background Thread 3 ] DEBUG Engine               - width: 1080
19:53:15.225 [FXGL Background Thread 3 ] DEBUG Engine               - Logging services
19:53:15.226 [FXGL Background Thread 3 ] DEBUG Engine               - class com.almasb.fxgl.app.services.FXGLAssetLoaderService
19:53:15.226 [FXGL Background Thread 3 ] DEBUG Engine               - class com.almasb.fxgl.app.FXGLApplication$GameApplicationService
19:53:15.226 [FXGL Background Thread 3 ] DEBUG Engine               - class com.almasb.fxgl.app.services.FXGLDialogService
19:53:15.226 [FXGL Background Thread 3 ] DEBUG Engine               - class com.almasb.fxgl.app.services.IOTaskExecutorService
19:53:15.226 [FXGL Background Thread 3 ] DEBUG Engine               - class com.almasb.fxgl.io.FileSystemService
19:53:15.226 [FXGL Background Thread 3 ] DEBUG Engine               - class com.almasb.fxgl.localization.LocalizationService
19:53:15.226 [FXGL Background Thread 3 ] DEBUG Engine               - class com.almasb.fxgl.app.services.SystemBundleService
19:53:15.226 [FXGL Background Thread 3 ] DEBUG Engine               - class com.almasb.fxgl.profile.SaveLoadService
19:53:15.226 [FXGL Background Thread 3 ] DEBUG Engine               - class com.almasb.fxgl.ui.FXGLUIFactoryServiceProvider
19:53:15.226 [FXGL Background Thread 3 ] DEBUG Engine               - class com.almasb.fxgl.ui.FXGLDialogFactoryServiceProvider
19:53:15.226 [FXGL Background Thread 3 ] DEBUG Engine               - class com.almasb.fxgl.audio.AudioPlayer
19:53:15.226 [FXGL Background Thread 3 ] DEBUG Engine               - class com.almasb.fxgl.notification.impl.NotificationServiceProvider
19:53:15.226 [FXGL Background Thread 3 ] DEBUG Engine               - class com.almasb.fxgl.achievement.AchievementService
19:53:15.226 [FXGL Background Thread 3 ] DEBUG Engine               - class com.almasb.fxgl.cutscene.CutsceneService
19:53:15.226 [FXGL Background Thread 3 ] DEBUG Engine               - class com.almasb.fxgl.minigames.MiniGameService
19:53:15.226 [FXGL Background Thread 3 ] DEBUG Engine               - class com.almasb.fxgl.net.NetService
19:53:15.226 [FXGL Background Thread 3 ] DEBUG Engine               - class com.almasb.fxgl.app.services.UpdaterService
19:53:15.226 [FXGL Background Thread 3 ] DEBUG Engine               - class com.almasb.fxgl.dev.DevService
19:53:15.340 [JavaFX Application Thread] DEBUG Menu                 - fireNewGame()
19:53:15.341 [JavaFX Application Thread] DEBUG GameApplicationServi - Starting new game
19:53:15.341 [JavaFX Application Thread] DEBUG PrimaryStageWindow   - Pop state: BombermanMenu
19:53:15.341 [JavaFX Application Thread] DEBUG Input                - Clearing active input actions
19:53:15.341 [JavaFX Application Thread] DEBUG GameApplicationServi - Removing overlay from BombermanMenu and adding to FXGLMainMenuDummyScene
19:53:15.343 [JavaFX Application Thread] DEBUG PrimaryStageWindow   - FXGLMainMenuDummyScene <- BombermanMenu
19:53:15.343 [JavaFX Application Thread] DEBUG Input                - Clearing active input actions
19:53:15.347 [JavaFX Application Thread] DEBUG GameApplicationServi - Removing overlay from FXGLMainMenuDummyScene and adding to FXGLLoadingScene
19:53:15.348 [JavaFX Application Thread] DEBUG PrimaryStageWindow   - FXGLMainMenuDummyScene -> FXGLLoadingScene
19:53:15.348 [JavaFX Application Thread] DEBUG GameApplicationServi - Clearing previous game
19:53:15.348 [JavaFX Application Thread] DEBUG GameScene            - Clearing game scene
19:53:15.348 [JavaFX Application Thread] DEBUG GameWorld            - Clearing game world
19:53:15.348 [JavaFX Application Thread] DEBUG PhysicsWorld         - Clearing physics world
19:53:15.349 [FXGL Background Thread 2 ] DEBUG FXGLApplication      - Initializing game
19:53:15.361 [FXGL Background Thread 2 ] DEBUG FXGLAssetLoaderServi - Loading from file system: file:/C:/Users/ADMIN/IdeaProjects/BombermanPlus/target/classes/assets/sounds/stage_start.wav
19:53:15.386 [FXGL Background Thread 2 ] INFO  FXGLApplication      - Game initialization took: 0.036 sec
19:53:15.387 [JavaFX Application Thread] DEBUG Input                - Clearing active input actions
19:53:15.391 [JavaFX Application Thread] DEBUG GameApplicationServi - Removing overlay from FXGLLoadingScene and adding to GameScene
19:53:15.392 [JavaFX Application Thread] DEBUG PrimaryStageWindow   - FXGLLoadingScene -> GameScene
19:53:18.302 [JavaFX Application Thread] WARN  TMXLevelLoader       - TiledMap generated from 1.9.2. Supported version: 1.4.2. Some features may not be parsed fully.
19:53:18.319 [JavaFX Application Thread] DEBUG TMXLevelLoader       - Parsed TiledMap: file:/C:/Users/ADMIN/IdeaProjects/BombermanPlus/target/classes/assets/levels/bbm_level1.tmx
19:53:18.320 [JavaFX Application Thread] DEBUG TMXLevelLoader       - Creating tile layer entities
19:53:18.321 [JavaFX Application Thread] DEBUG TilesetLoader        - Loading view for layer Tile Layer 1
19:53:18.324 [JavaFX Application Thread] DEBUG TilesetLoader        - Created buffer with size 1488.0x720.0
19:53:18.391 [JavaFX Application Thread] DEBUG TMXLevelLoader       - Creating object layer entities
19:53:18.392 [JavaFX Application Thread] DEBUG FXGLAssetLoaderServi - Loading from file system: file:/C:/Users/ADMIN/IdeaProjects/BombermanPlus/target/classes/assets/textures/items/powerup_speed.png
19:53:18.398 [JavaFX Application Thread] DEBUG FXGLAssetLoaderServi - Loading from file system: file:/C:/Users/ADMIN/IdeaProjects/BombermanPlus/target/classes/assets/textures/items/powerup_flames.png
19:53:18.400 [JavaFX Application Thread] DEBUG FXGLAssetLoaderServi - Loading from file system: file:/C:/Users/ADMIN/IdeaProjects/BombermanPlus/target/classes/assets/textures/items/powerup_bombs.png
19:53:18.401 [JavaFX Application Thread] DEBUG FXGLAssetLoaderServi - Loading from file system: file:/C:/Users/ADMIN/IdeaProjects/BombermanPlus/target/classes/assets/textures/items/powerup_flamepass.png
19:53:18.404 [JavaFX Application Thread] DEBUG FXGLAssetLoaderServi - Loading from file system: file:/C:/Users/ADMIN/IdeaProjects/BombermanPlus/target/classes/assets/textures/items/portal.png
19:53:18.407 [JavaFX Application Thread] DEBUG FXGLAssetLoaderServi - Loading from file system: file:/C:/Users/ADMIN/IdeaProjects/BombermanPlus/target/classes/assets/textures/sprites.png
19:53:18.454 [JavaFX Application Thread] DEBUG FXGLAssetLoaderServi - Loading from file system: file:/C:/Users/ADMIN/IdeaProjects/BombermanPlus/target/classes/assets/textures/char3.png
19:53:18.492 [JavaFX Application Thread] DEBUG GameWorld            - Clearing removable entities
19:53:18.493 [JavaFX Application Thread] DEBUG GameWorld            - Setting level: com.almasb.fxgl.entity.level.Level@272649f
19:53:18.533 [JavaFX Application Thread] DEBUG FXGLAssetLoaderServi - Loading from file system: file:/C:/Users/ADMIN/IdeaProjects/BombermanPlus/target/classes/assets/sounds/walk_2.wav
19:53:20.192 [JavaFX Application Thread] DEBUG FXGLAssetLoaderServi - Loading from file system: file:/C:/Users/ADMIN/IdeaProjects/BombermanPlus/target/classes/assets/sounds/power_up.wav
19:53:21.086 [JavaFX Application Thread] DEBUG FXGLApplication      - Exiting FXGL
19:53:21.086 [JavaFX Application Thread] DEBUG LoopRunner           - Stopping loop
19:53:21.087 [JavaFX Application Thread] DEBUG SystemBundleService  - Saving FXGL system data
19:53:21.089 [JavaFX Application Thread] DEBUG FileSystemAccess     - Writing to: C:\Users\ADMIN\IdeaProjects\BombermanPlus\system\fxgl.bundle
19:53:21.091 [JavaFX Application Thread] DEBUG Async                - Shutting down background threads
19:53:21.091 [JavaFX Application Thread] DEBUG PrimaryStageWindow   - Closing main window
19:53:21.100 [JavaFX Application Thread] DEBUG Logger               - Closing Logger
