09:00:22.355 [main                     ] DEBUG Logger               - Configured Logger
09:00:22.370 [main                     ] DEBUG GameApplication      - Logging settings
Title: BOMBERMAN
Version: 1.0
Width: 1080
Height: 720
Fullscreen: false
Intro: false
Profiling: false
Single step:false
App Mode: DEVELOPER
Menu Key: ESCAPE
Stage Style: DECORATED
Scene Factory: class com.bomberman.bombermanplus.BombermanApp$1

09:00:22.662 [JavaFX Application Thread] DEBUG FXGLApplication      - Initializing FXGL
09:00:22.665 [JavaFX Application Thread] INFO  Engine               - FXGL-17.1 (24.03.2022 17.34) on WINDOWS (J:19 FX:19-ea)
09:00:22.665 [JavaFX Application Thread] DEBUG Engine               - JRE Vendor Name: Oracle Corporation
09:00:22.665 [JavaFX Application Thread] DEBUG Engine               - Running on OS: Windows 11 version 10.0
09:00:22.665 [JavaFX Application Thread] DEBUG Engine               - Architecture: amd64
09:00:22.665 [JavaFX Application Thread] INFO  Engine               - Source code and latest versions at: https://github.com/AlmasB/FXGL
09:00:22.665 [JavaFX Application Thread] INFO  Engine               -       Ask questions and discuss at: https://github.com/AlmasB/FXGL/discussions
09:00:22.665 [JavaFX Application Thread] INFO  Engine               -              Join the FXGL chat at: https://gitter.im/AlmasB/FXGL
09:00:22.726 [JavaFX Application Thread] DEBUG PrimaryStageWindow   - Creating a JavaFX scene
09:00:22.758 [JavaFX Application Thread] DEBUG PrimaryStageWindow   - Target settings size: 1080.0 x 720.0
09:00:22.758 [JavaFX Application Thread] DEBUG PrimaryStageWindow   - Scaled scene size:    1080.0 x 720.0
09:00:22.758 [JavaFX Application Thread] DEBUG PrimaryStageWindow   - Scaled ratio: (1.0, 1.0)
09:00:22.759 [JavaFX Application Thread] DEBUG PrimaryStageWindow   - Set initial scene to FXGLStartupScene
09:00:22.763 [JavaFX Application Thread] DEBUG PrimaryStageWindow   - Opening main window
09:00:22.824 [JavaFX Application Thread] DEBUG PrimaryStageWindow   - Window border size: (14.4000244140625, 37.5999755859375)
09:00:22.824 [JavaFX Application Thread] DEBUG PrimaryStageWindow   - Scaled size: 1080.0 x 720.0
09:00:22.825 [JavaFX Application Thread] DEBUG PrimaryStageWindow   - Scaled ratio: (1.0, 1.0)
09:00:22.825 [JavaFX Application Thread] DEBUG PrimaryStageWindow   - Scene size: 1080.0 x 720.0
09:00:22.825 [JavaFX Application Thread] DEBUG PrimaryStageWindow   - Stage size: 1094.4000244140625 x 757.5999755859375
09:00:22.830 [FXGL Background Thread 1 ] DEBUG Engine               - Initializing environment variables
09:00:22.873 [FXGL Background Thread 1 ] DEBUG FXGLAssetLoaderServi - User app class for loading assets: class com.bomberman.bombermanplus.BombermanApp
09:00:22.874 [FXGL Background Thread 1 ] DEBUG GameApplicationServi - Applying CSS: fxgl_dark.css
09:00:22.875 [FXGL Background Thread 1 ] DEBUG FXGLAssetLoaderServi - Loading from file system: jar:file:///C:/Users/ADMIN/.m2/repository/com/github/almasb/fxgl/17.1/fxgl-17.1.jar!/fxglassets/ui/css/fxgl_dark.css
09:00:22.907 [FXGL Background Thread 1 ] DEBUG GameApplicationServi - Initializing application scenes
09:00:22.932 [FXGL Background Thread 1 ] DEBUG GameWorld            - Game world initialized
09:00:22.984 [FXGL Background Thread 1 ] DEBUG PhysicsWorld         - Physics world initialized: appHeight=720, physics.ppm=50.0
09:00:22.984 [FXGL Background Thread 1 ] DEBUG PhysicsWorld         - Using strategy: BRUTE_FORCE
09:00:22.987 [FXGL Background Thread 1 ] DEBUG GameScene            - Game scene initialized: 1080x720
09:00:23.027 [FXGL Background Thread 1 ] DEBUG GameApplicationServi - Application scenes initialized
09:00:23.036 [FXGL Background Thread 1 ] DEBUG SystemBundleService  - Loading FXGL system data
09:00:23.039 [FXGL Background Thread 1 ] DEBUG FileSystemAccess     - Reading from: C:\Users\ADMIN\IdeaProjects\BombermanPlus\system\fxgl.bundle
09:00:23.046 [FXGL Background Thread 1 ] DEBUG SystemBundleService  - Bundle FXGL: {}
09:00:23.046 [FXGL Background Thread 1 ] DEBUG UpdaterService       - Checking for updates
09:00:23.065 [FXGL Background Thread 4 ] DEBUG FXGLApplication      - Loading fonts
09:00:23.065 [FXGL Background Thread 1 ] DEBUG FXGLApplication      - Loading default localization
09:00:23.065 [FXGL Background Thread 1 ] DEBUG FXGLAssetLoaderServi - Loading from file system: jar:file:///C:/Users/ADMIN/.m2/repository/com/github/almasb/fxgl/17.1/fxgl-17.1.jar!/fxglassets/languages/english.lang
09:00:23.065 [FXGL Background Thread 4 ] DEBUG FXGLAssetLoaderServi - Loading from file system: file:/C:/Users/ADMIN/IdeaProjects/BombermanPlus/target/classes/assets/ui/fonts/Retro%20Gaming.ttf
09:00:23.078 [FXGL Background Thread 1 ] INFO  FXGLApplication      - FXGL initialization took: 0.248 sec
09:00:23.086 [JavaFX Application Thread] DEBUG Input                - Registered new binding: Move Right - D
09:00:23.087 [JavaFX Application Thread] DEBUG Input                - Registered new binding: Move Up - W
09:00:23.087 [JavaFX Application Thread] DEBUG Input                - Registered new binding: Move Down - S
09:00:23.087 [JavaFX Application Thread] DEBUG Input                - Registered new binding: Move Left - A
09:00:23.087 [JavaFX Application Thread] DEBUG Input                - Registered new binding: Place bomb - Space
09:00:23.087 [JavaFX Application Thread] DEBUG FXGLAssetLoaderServi - Loading from file system: file:/C:/Users/ADMIN/IdeaProjects/BombermanPlus/target/classes/assets/music/title_screen.mp3
09:00:23.125 [FXGL Background Thread 4 ] DEBUG FXGLAssetLoaderServi - Loading from file system: jar:file:///C:/Users/ADMIN/.m2/repository/com/github/almasb/fxgl/17.1/fxgl-17.1.jar!/fxglassets/ui/fonts/Abel-Regular.ttf
09:00:23.137 [FXGL Background Thread 4 ] DEBUG FXGLAssetLoaderServi - Loading from file system: jar:file:///C:/Users/ADMIN/.m2/repository/com/github/almasb/fxgl/17.1/fxgl-17.1.jar!/fxglassets/ui/fonts/TerminalLandMono-Regular.otf
09:00:23.159 [FXGL Background Thread 4 ] DEBUG FXGLAssetLoaderServi - Loading from file system: jar:file:///C:/Users/ADMIN/.m2/repository/com/github/almasb/fxgl/17.1/fxgl-17.1.jar!/fxglassets/ui/fonts/Courier-Prime.ttf
09:00:23.452 [FXGL Background Thread 2 ] INFO  UpdaterService       - Your current version:  17.1
09:00:23.452 [FXGL Background Thread 2 ] INFO  UpdaterService       - Latest stable version: 17.2
09:00:23.919 [JavaFX Application Thread] DEBUG AudioPlayer          - Playing music com.almasb.fxgl.audio.Music@4e065f7e
09:00:23.920 [JavaFX Application Thread] DEBUG FXGLAssetLoaderServi - Loading from file system: jar:file:///C:/Users/ADMIN/.m2/repository/com/github/almasb/fxgl/17.1/fxgl-17.1.jar!/fxglassets/textures/fxgl_icon.png
09:00:23.940 [JavaFX Application Thread] DEBUG FXGLAssetLoaderServi - Loading from file system: jar:file:///C:/Users/ADMIN/.m2/repository/com/github/almasb/fxgl/17.1/fxgl-17.1.jar!/fxglassets/textures/fxgl_default_cursor.png
09:00:23.942 [JavaFX Application Thread] DEBUG Input                - Registered new binding: Screenshot - CTRL+8
09:00:23.942 [JavaFX Application Thread] DEBUG Input                - Registered new binding: Dev Options - 1
09:00:23.942 [JavaFX Application Thread] DEBUG Input                - Registered new binding: Dev Console - 2
09:00:23.942 [JavaFX Application Thread] DEBUG Input                - Registered new binding: System info dump - CTRL+9
09:00:23.943 [JavaFX Application Thread] DEBUG Input                - Registered new binding: Restart - CTRL+R
09:00:23.943 [JavaFX Application Thread] DEBUG Input                - Registered new binding: Toggle Debug Camera - CTRL+7
09:00:23.945 [JavaFX Application Thread] DEBUG LoopRunner           - Starting loop
09:00:23.952 [JavaFX Application Thread] DEBUG LoopRunner           - Initializing JavaFX AnimationTimerLoop
09:00:23.954 [JavaFX Application Thread] DEBUG Input                - Clearing active input actions
09:00:23.960 [JavaFX Application Thread] DEBUG GameApplicationServi - Removing overlay from FXGLStartupScene and adding to FXGLMainMenuDummyScene
09:00:23.963 [JavaFX Application Thread] DEBUG PrimaryStageWindow   - FXGLStartupScene -> FXGLMainMenuDummyScene
09:00:23.963 [JavaFX Application Thread] DEBUG PrimaryStageWindow   - Push state: BombermanMenu
09:00:23.963 [JavaFX Application Thread] DEBUG Input                - Clearing active input actions
09:00:23.964 [JavaFX Application Thread] DEBUG GameApplicationServi - Removing overlay from FXGLMainMenuDummyScene and adding to BombermanMenu
09:00:23.965 [JavaFX Application Thread] DEBUG PrimaryStageWindow   - FXGLMainMenuDummyScene -> BombermanMenu
09:00:23.973 [JavaFX Application Thread] DEBUG FXGLApplication      - Registering font factories with UI factory
09:00:25.029 [JavaFX Application Thread] DEBUG Menu                 - fireNewGame()
09:00:25.029 [JavaFX Application Thread] DEBUG GameApplicationServi - Starting new game
09:00:25.029 [JavaFX Application Thread] DEBUG PrimaryStageWindow   - Pop state: BombermanMenu
09:00:25.029 [JavaFX Application Thread] DEBUG Input                - Clearing active input actions
09:00:25.030 [JavaFX Application Thread] DEBUG GameApplicationServi - Removing overlay from BombermanMenu and adding to FXGLMainMenuDummyScene
09:00:25.031 [JavaFX Application Thread] DEBUG PrimaryStageWindow   - FXGLMainMenuDummyScene <- BombermanMenu
09:00:25.031 [JavaFX Application Thread] DEBUG Input                - Clearing active input actions
09:00:25.035 [JavaFX Application Thread] DEBUG GameApplicationServi - Removing overlay from FXGLMainMenuDummyScene and adding to FXGLLoadingScene
09:00:25.036 [JavaFX Application Thread] DEBUG PrimaryStageWindow   - FXGLMainMenuDummyScene -> FXGLLoadingScene
09:00:25.036 [JavaFX Application Thread] DEBUG GameApplicationServi - Clearing previous game
09:00:25.036 [JavaFX Application Thread] DEBUG GameScene            - Clearing game scene
09:00:25.036 [JavaFX Application Thread] DEBUG GameWorld            - Clearing game world
09:00:25.036 [JavaFX Application Thread] DEBUG PhysicsWorld         - Clearing physics world
09:00:25.037 [FXGL Background Thread 2 ] DEBUG FXGLApplication      - Initializing game
09:00:25.043 [FXGL Background Thread 2 ] DEBUG FXGLAssetLoaderServi - Loading from file system: file:/C:/Users/ADMIN/IdeaProjects/BombermanPlus/target/classes/assets/sounds/stage_start.wav
09:00:25.070 [FXGL Background Thread 2 ] INFO  FXGLApplication      - Game initialization took: 0.032 sec
09:00:25.073 [JavaFX Application Thread] DEBUG Input                - Clearing active input actions
09:00:25.077 [JavaFX Application Thread] DEBUG GameApplicationServi - Removing overlay from FXGLLoadingScene and adding to GameScene
09:00:25.079 [JavaFX Application Thread] DEBUG PrimaryStageWindow   - FXGLLoadingScene -> GameScene
09:00:26.064 [FXGL Background Thread 3 ] DEBUG Engine               - Logging environment variables
09:00:26.064 [FXGL Background Thread 3 ] DEBUG Engine               - achievements: []
09:00:26.064 [FXGL Background Thread 3 ] DEBUG Engine               - actualHeight: 720.0
09:00:26.065 [FXGL Background Thread 3 ] DEBUG Engine               - actualHeightProperty: ReadOnlyDoubleProperty [value: 720.0]
09:00:26.065 [FXGL Background Thread 3 ] DEBUG Engine               - actualWidth: 1080.0
09:00:26.065 [FXGL Background Thread 3 ] DEBUG Engine               - actualWidthProperty: ReadOnlyDoubleProperty [value: 1080.0]
09:00:26.065 [FXGL Background Thread 3 ] DEBUG Engine               - appIcon: fxgl_icon.png
09:00:26.065 [FXGL Background Thread 3 ] DEBUG Engine               - applicationMode: DEVELOPER
09:00:26.065 [FXGL Background Thread 3 ] DEBUG Engine               - cSSList: [fxgl_dark.css]
09:00:26.065 [FXGL Background Thread 3 ] DEBUG Engine               - collisionDetectionStrategy: BRUTE_FORCE
09:00:26.065 [FXGL Background Thread 3 ] DEBUG Engine               - configClass: Optional.empty
09:00:26.065 [FXGL Background Thread 3 ] DEBUG Engine               - credits: []
09:00:26.066 [FXGL Background Thread 3 ] DEBUG Engine               - defaultCursor: CursorInfo(imageName=fxgl_default_cursor.png, hotspotX=7.0, hotspotY=6.0)
09:00:26.066 [FXGL Background Thread 3 ] DEBUG Engine               - devBBoxColorProperty: ObjectProperty [value: 0xff0000ff]
09:00:26.066 [FXGL Background Thread 3 ] DEBUG Engine               - devEnableDebugCameraProperty: BooleanProperty [value: false]
09:00:26.066 [FXGL Background Thread 3 ] DEBUG Engine               - devSensorColorProperty: ObjectProperty [value: 0xffff00ff]
09:00:26.066 [FXGL Background Thread 3 ] DEBUG Engine               - devShowBBoxProperty: BooleanProperty [value: false]
09:00:26.066 [FXGL Background Thread 3 ] DEBUG Engine               - devShowPositionProperty: BooleanProperty [value: false]
09:00:26.066 [FXGL Background Thread 3 ] DEBUG Engine               - enabledMenuItems: []
09:00:26.066 [FXGL Background Thread 3 ] DEBUG Engine               - engineServices: [class com.almasb.fxgl.app.services.FXGLAssetLoaderService, class com.almasb.fxgl.app.FXGLApplication$GameApplicationService, class com.almasb.fxgl.app.services.FXGLDialogService, class com.almasb.fxgl.app.services.IOTaskExecutorService, class com.almasb.fxgl.io.FileSystemService, class com.almasb.fxgl.localization.LocalizationService, class com.almasb.fxgl.app.services.SystemBundleService, class com.almasb.fxgl.profile.SaveLoadService, class com.almasb.fxgl.ui.FXGLUIFactoryServiceProvider, class com.almasb.fxgl.ui.FXGLDialogFactoryServiceProvider, class com.almasb.fxgl.audio.AudioPlayer, class com.almasb.fxgl.notification.impl.NotificationServiceProvider, class com.almasb.fxgl.achievement.AchievementService, class com.almasb.fxgl.cutscene.CutsceneService, class com.almasb.fxgl.minigames.MiniGameService, class com.almasb.fxgl.net.NetService, class com.almasb.fxgl.app.services.UpdaterService, class com.almasb.fxgl.dev.DevService]
09:00:26.067 [FXGL Background Thread 3 ] DEBUG Engine               - fontGame: Abel-Regular.ttf
09:00:26.067 [FXGL Background Thread 3 ] DEBUG Engine               - fontMono: TerminalLandMono-Regular.otf
09:00:26.067 [FXGL Background Thread 3 ] DEBUG Engine               - fontText: Courier-Prime.ttf
09:00:26.067 [FXGL Background Thread 3 ] DEBUG Engine               - fontUI: Retro Gaming.ttf
09:00:26.067 [FXGL Background Thread 3 ] DEBUG Engine               - fullScreen: BooleanProperty [value: false]
09:00:26.067 [FXGL Background Thread 3 ] DEBUG Engine               - gameDifficulty: MEDIUM
09:00:26.067 [FXGL Background Thread 3 ] DEBUG Engine               - gameDifficultyProperty: ObjectProperty [value: MEDIUM]
09:00:26.067 [FXGL Background Thread 3 ] DEBUG Engine               - globalMusicVolume: 0.5
09:00:26.067 [FXGL Background Thread 3 ] DEBUG Engine               - globalMusicVolumeProperty: DoubleProperty [value: 0.0]
09:00:26.067 [FXGL Background Thread 3 ] DEBUG Engine               - globalSoundVolume: 0.5
09:00:26.067 [FXGL Background Thread 3 ] DEBUG Engine               - globalSoundVolumeProperty: DoubleProperty [value: 0.4]
09:00:26.067 [FXGL Background Thread 3 ] DEBUG Engine               - height: 720
09:00:26.067 [FXGL Background Thread 3 ] DEBUG Engine               - is3D: false
09:00:26.067 [FXGL Background Thread 3 ] DEBUG Engine               - isAndroid: false
09:00:26.067 [FXGL Background Thread 3 ] DEBUG Engine               - isBrowser: false
09:00:26.067 [FXGL Background Thread 3 ] DEBUG Engine               - isClickFeedbackEnabled: false
09:00:26.067 [FXGL Background Thread 3 ] DEBUG Engine               - isCloseConfirmation: false
09:00:26.067 [FXGL Background Thread 3 ] DEBUG Engine               - isDesktop: true
09:00:26.067 [FXGL Background Thread 3 ] DEBUG Engine               - isDeveloperMenuEnabled: true
09:00:26.068 [FXGL Background Thread 3 ] DEBUG Engine               - isEmbedded: false
09:00:26.068 [FXGL Background Thread 3 ] DEBUG Engine               - isEntityPreloadEnabled: true
09:00:26.068 [FXGL Background Thread 3 ] DEBUG Engine               - isExperimentalTiledLargeMap: false
09:00:26.068 [FXGL Background Thread 3 ] DEBUG Engine               - isFileSystemWriteAllowed: true
09:00:26.068 [FXGL Background Thread 3 ] DEBUG Engine               - isFullScreenAllowed: false
09:00:26.068 [FXGL Background Thread 3 ] DEBUG Engine               - isFullScreenFromStart: false
09:00:26.068 [FXGL Background Thread 3 ] DEBUG Engine               - isGameMenuEnabled: true
09:00:26.068 [FXGL Background Thread 3 ] DEBUG Engine               - isIOS: false
09:00:26.068 [FXGL Background Thread 3 ] DEBUG Engine               - isIntroEnabled: false
09:00:26.068 [FXGL Background Thread 3 ] DEBUG Engine               - isLinux: false
09:00:26.068 [FXGL Background Thread 3 ] DEBUG Engine               - isMac: false
09:00:26.068 [FXGL Background Thread 3 ] DEBUG Engine               - isMainMenuEnabled: true
09:00:26.068 [FXGL Background Thread 3 ] DEBUG Engine               - isManualResizeEnabled: true
09:00:26.068 [FXGL Background Thread 3 ] DEBUG Engine               - isMobile: false
09:00:26.068 [FXGL Background Thread 3 ] DEBUG Engine               - isNative: false
09:00:26.068 [FXGL Background Thread 3 ] DEBUG Engine               - isPauseMusicWhenMinimized: true
09:00:26.068 [FXGL Background Thread 3 ] DEBUG Engine               - isPreserveResizeRatio: true
09:00:26.068 [FXGL Background Thread 3 ] DEBUG Engine               - isProfilingEnabled: false
09:00:26.068 [FXGL Background Thread 3 ] DEBUG Engine               - isScaleAffectedOnResize: true
09:00:26.068 [FXGL Background Thread 3 ] DEBUG Engine               - isSingleStep: false
09:00:26.068 [FXGL Background Thread 3 ] DEBUG Engine               - isUserProfileEnabled: false
09:00:26.068 [FXGL Background Thread 3 ] DEBUG Engine               - isWindows: true
09:00:26.068 [FXGL Background Thread 3 ] DEBUG Engine               - language: ObjectProperty [value: ENGLISH]
09:00:26.068 [FXGL Background Thread 3 ] DEBUG Engine               - menuKey: ESCAPE
09:00:26.068 [FXGL Background Thread 3 ] DEBUG Engine               - mouseSensitivity: 0.2
09:00:26.069 [FXGL Background Thread 3 ] DEBUG Engine               - notificationViewClass: class com.almasb.fxgl.notification.view.XboxNotificationView
09:00:26.069 [FXGL Background Thread 3 ] DEBUG Engine               - pixelsPerMeter: 50.0
09:00:26.069 [FXGL Background Thread 3 ] DEBUG Engine               - platform: WINDOWS
09:00:26.069 [FXGL Background Thread 3 ] DEBUG Engine               - prefHeightProperty: ReadOnlyDoubleProperty [value: 720.0]
09:00:26.069 [FXGL Background Thread 3 ] DEBUG Engine               - prefWidthProperty: ReadOnlyDoubleProperty [value: 1080.0]
09:00:26.069 [FXGL Background Thread 3 ] DEBUG Engine               - profileDir: profiles/
09:00:26.069 [FXGL Background Thread 3 ] DEBUG Engine               - profileName: StringProperty [value: DEFAULT]
09:00:26.069 [FXGL Background Thread 3 ] DEBUG Engine               - randomSeed: -1
09:00:26.069 [FXGL Background Thread 3 ] DEBUG Engine               - runtimeInfo: RuntimeInfo(platform=WINDOWS, version=17.1, build=24.03.2022 17.34)
09:00:26.069 [FXGL Background Thread 3 ] DEBUG Engine               - saveFileExt: sav
09:00:26.069 [FXGL Background Thread 3 ] DEBUG Engine               - scaledHeightProp$fxgl: DoubleProperty [bound, value: 720.0]
09:00:26.069 [FXGL Background Thread 3 ] DEBUG Engine               - scaledWidthProp$fxgl: DoubleProperty [bound, value: 1080.0]
09:00:26.069 [FXGL Background Thread 3 ] DEBUG Engine               - sceneFactory: com.bomberman.bombermanplus.BombermanApp$1@60c43d6e
09:00:26.069 [FXGL Background Thread 3 ] DEBUG Engine               - secondsIn24h: 60
09:00:26.069 [FXGL Background Thread 3 ] DEBUG Engine               - soundMenuBack: menu/back.wav
09:00:26.069 [FXGL Background Thread 3 ] DEBUG Engine               - soundMenuPress: menu/press.wav
09:00:26.069 [FXGL Background Thread 3 ] DEBUG Engine               - soundMenuSelect: menu/select.wav
09:00:26.070 [FXGL Background Thread 3 ] DEBUG Engine               - soundNotification: core/notification.wav
09:00:26.070 [FXGL Background Thread 3 ] DEBUG Engine               - stageStyle: DECORATED
09:00:26.070 [FXGL Background Thread 3 ] DEBUG Engine               - supportedLanguages: [ENGLISH, FRENCH, GERMAN, HUNGARIAN, RUSSIAN]
09:00:26.070 [FXGL Background Thread 3 ] DEBUG Engine               - ticksPerSecond: -1
09:00:26.070 [FXGL Background Thread 3 ] DEBUG Engine               - title: BOMBERMAN
09:00:26.070 [FXGL Background Thread 3 ] DEBUG Engine               - urlGithub: https://github.com/AlmasB/FXGL
09:00:26.070 [FXGL Background Thread 3 ] DEBUG Engine               - urlLeaderboard: http://fxgl-top.herokuapp.com/
09:00:26.070 [FXGL Background Thread 3 ] DEBUG Engine               - urlPOM: https://raw.githubusercontent.com/AlmasB/FXGL/release/README.md
09:00:26.070 [FXGL Background Thread 3 ] DEBUG Engine               - userAppClass: class com.bomberman.bombermanplus.BombermanApp
09:00:26.070 [FXGL Background Thread 3 ] DEBUG Engine               - version: 1.0
09:00:26.070 [FXGL Background Thread 3 ] DEBUG Engine               - versionCheckDays: 7
09:00:26.070 [FXGL Background Thread 3 ] DEBUG Engine               - width: 1080
09:00:26.070 [FXGL Background Thread 3 ] DEBUG Engine               - Logging services
09:00:26.070 [FXGL Background Thread 3 ] DEBUG Engine               - class com.almasb.fxgl.app.services.FXGLAssetLoaderService
09:00:26.071 [FXGL Background Thread 3 ] DEBUG Engine               - class com.almasb.fxgl.app.FXGLApplication$GameApplicationService
09:00:26.071 [FXGL Background Thread 3 ] DEBUG Engine               - class com.almasb.fxgl.app.services.FXGLDialogService
09:00:26.071 [FXGL Background Thread 3 ] DEBUG Engine               - class com.almasb.fxgl.app.services.IOTaskExecutorService
09:00:26.071 [FXGL Background Thread 3 ] DEBUG Engine               - class com.almasb.fxgl.io.FileSystemService
09:00:26.071 [FXGL Background Thread 3 ] DEBUG Engine               - class com.almasb.fxgl.localization.LocalizationService
09:00:26.071 [FXGL Background Thread 3 ] DEBUG Engine               - class com.almasb.fxgl.app.services.SystemBundleService
09:00:26.071 [FXGL Background Thread 3 ] DEBUG Engine               - class com.almasb.fxgl.profile.SaveLoadService
09:00:26.071 [FXGL Background Thread 3 ] DEBUG Engine               - class com.almasb.fxgl.ui.FXGLUIFactoryServiceProvider
09:00:26.071 [FXGL Background Thread 3 ] DEBUG Engine               - class com.almasb.fxgl.ui.FXGLDialogFactoryServiceProvider
09:00:26.071 [FXGL Background Thread 3 ] DEBUG Engine               - class com.almasb.fxgl.audio.AudioPlayer
09:00:26.071 [FXGL Background Thread 3 ] DEBUG Engine               - class com.almasb.fxgl.notification.impl.NotificationServiceProvider
09:00:26.071 [FXGL Background Thread 3 ] DEBUG Engine               - class com.almasb.fxgl.achievement.AchievementService
09:00:26.071 [FXGL Background Thread 3 ] DEBUG Engine               - class com.almasb.fxgl.cutscene.CutsceneService
09:00:26.071 [FXGL Background Thread 3 ] DEBUG Engine               - class com.almasb.fxgl.minigames.MiniGameService
09:00:26.071 [FXGL Background Thread 3 ] DEBUG Engine               - class com.almasb.fxgl.net.NetService
09:00:26.071 [FXGL Background Thread 3 ] DEBUG Engine               - class com.almasb.fxgl.app.services.UpdaterService
09:00:26.071 [FXGL Background Thread 3 ] DEBUG Engine               - class com.almasb.fxgl.dev.DevService
09:00:27.902 [JavaFX Application Thread] WARN  TMXLevelLoader       - TiledMap generated from 1.9.2. Supported version: 1.4.2. Some features may not be parsed fully.
09:00:27.918 [JavaFX Application Thread] DEBUG TMXLevelLoader       - Parsed TiledMap: file:/C:/Users/ADMIN/IdeaProjects/BombermanPlus/target/classes/assets/levels/bbm_level1.tmx
09:00:27.919 [JavaFX Application Thread] DEBUG TMXLevelLoader       - Creating tile layer entities
09:00:27.920 [JavaFX Application Thread] DEBUG TilesetLoader        - Loading view for layer Tile Layer 1
09:00:27.922 [JavaFX Application Thread] DEBUG TilesetLoader        - Created buffer with size 1488.0x720.0
09:00:27.982 [JavaFX Application Thread] DEBUG TMXLevelLoader       - Creating object layer entities
09:00:27.983 [JavaFX Application Thread] DEBUG FXGLAssetLoaderServi - Loading from file system: file:/C:/Users/ADMIN/IdeaProjects/BombermanPlus/target/classes/assets/textures/items/powerup_speed.png
09:00:27.988 [JavaFX Application Thread] DEBUG FXGLAssetLoaderServi - Loading from file system: file:/C:/Users/ADMIN/IdeaProjects/BombermanPlus/target/classes/assets/textures/items/powerup_flames.png
09:00:27.990 [JavaFX Application Thread] DEBUG FXGLAssetLoaderServi - Loading from file system: file:/C:/Users/ADMIN/IdeaProjects/BombermanPlus/target/classes/assets/textures/items/powerup_bombs.png
09:00:27.991 [JavaFX Application Thread] DEBUG FXGLAssetLoaderServi - Loading from file system: file:/C:/Users/ADMIN/IdeaProjects/BombermanPlus/target/classes/assets/textures/items/powerup_flamepass.png
09:00:27.993 [JavaFX Application Thread] DEBUG FXGLAssetLoaderServi - Loading from file system: file:/C:/Users/ADMIN/IdeaProjects/BombermanPlus/target/classes/assets/textures/items/portal.png
09:00:27.996 [JavaFX Application Thread] DEBUG FXGLAssetLoaderServi - Loading from file system: file:/C:/Users/ADMIN/IdeaProjects/BombermanPlus/target/classes/assets/textures/sprites.png
09:00:28.064 [JavaFX Application Thread] DEBUG GameWorld            - Clearing removable entities
09:00:28.064 [JavaFX Application Thread] DEBUG GameWorld            - Setting level: com.almasb.fxgl.entity.level.Level@7f4cf96f
09:00:28.098 [JavaFX Application Thread] DEBUG FXGLAssetLoaderServi - Loading from file system: file:/C:/Users/ADMIN/IdeaProjects/BombermanPlus/target/classes/assets/sounds/walk_2.wav
09:00:49.883 [JavaFX Application Thread] DEBUG FXGLAssetLoaderServi - Loading from file system: file:/C:/Users/ADMIN/IdeaProjects/BombermanPlus/target/classes/assets/sounds/power_up.wav
09:00:50.250 [JavaFX Application Thread] DEBUG FXGLAssetLoaderServi - Loading from file system: file:/C:/Users/ADMIN/IdeaProjects/BombermanPlus/target/classes/assets/sounds/placed_bomb.wav
09:00:50.797 [JavaFX Application Thread] DEBUG FXGLAssetLoaderServi - Loading from file system: file:/C:/Users/ADMIN/IdeaProjects/BombermanPlus/target/classes/assets/sounds/walk_1.wav
09:00:52.750 [JavaFX Application Thread] DEBUG FXGLAssetLoaderServi - Loading from file system: file:/C:/Users/ADMIN/IdeaProjects/BombermanPlus/target/classes/assets/sounds/bomb_exploded.wav
09:00:59.837 [JavaFX Application Thread] DEBUG LoopRunner           - Stopping loop
09:00:59.838 [JavaFX Application Thread] FATAL FXGLApplication      - Uncaught Exception:
java.lang.IllegalArgumentException: Children: duplicate children added: parent = Group@5eb00efe
	at javafx.graphics@19-ea/javafx.scene.Parent$3.onProposedChange(Parent.java:561)
	at javafx.base@19-ea/com.sun.javafx.collections.VetoableListDecorator.add(VetoableListDecorator.java:205)
	at com.almasb.fxgl.all@17.1/com.almasb.fxgl.app.scene.GameScene.addUINode(GameScene.kt:257)
	at com.almasb.fxgl.all@17.1/com.almasb.fxgl.dev.Console.open(Console.kt:52)
	at com.almasb.fxgl.all@17.1/com.almasb.fxgl.dev.DevService.openConsole(DevService.kt:66)
	at com.almasb.fxgl.all@17.1/com.almasb.fxgl.app.SystemActions$devConsole$1.onActionBegin(SystemActions.kt:64)
	at com.almasb.fxgl.core@17.1/com.almasb.fxgl.input.UserAction.begin$fxgl_core(UserAction.kt:37)
	at com.almasb.fxgl.core@17.1/com.almasb.fxgl.input.Input.handlePressed(Input.kt:350)
	at com.almasb.fxgl.core@17.1/com.almasb.fxgl.input.Input.onKeyEvent(Input.kt:291)
	at com.almasb.fxgl.all@17.1/com.almasb.fxgl.app.PrimaryStageWindow$1.invoke(MainWindow.kt:307)
	at com.almasb.fxgl.all@17.1/com.almasb.fxgl.app.PrimaryStageWindow$1.invoke(MainWindow.kt:306)
	at com.almasb.fxgl.all@17.1/com.almasb.fxgl.app.MainWindow.addKeyHandler$lambda-1(MainWindow.kt:221)
	at javafx.base@19-ea/com.sun.javafx.event.CompositeEventHandler$NormalEventHandlerRecord.handleBubblingEvent(CompositeEventHandler.java:247)
	at javafx.base@19-ea/com.sun.javafx.event.CompositeEventHandler.dispatchBubblingEvent(CompositeEventHandler.java:80)
	at javafx.base@19-ea/com.sun.javafx.event.EventHandlerManager.dispatchBubblingEvent(EventHandlerManager.java:234)
	at javafx.base@19-ea/com.sun.javafx.event.EventHandlerManager.dispatchBubblingEvent(EventHandlerManager.java:191)
	at javafx.base@19-ea/com.sun.javafx.event.CompositeEventDispatcher.dispatchBubblingEvent(CompositeEventDispatcher.java:59)
	at javafx.base@19-ea/com.sun.javafx.event.BasicEventDispatcher.dispatchEvent(BasicEventDispatcher.java:58)
	at javafx.base@19-ea/com.sun.javafx.event.EventDispatchChainImpl.dispatchEvent(EventDispatchChainImpl.java:114)
	at javafx.base@19-ea/com.sun.javafx.event.BasicEventDispatcher.dispatchEvent(BasicEventDispatcher.java:56)
	at javafx.base@19-ea/com.sun.javafx.event.EventDispatchChainImpl.dispatchEvent(EventDispatchChainImpl.java:114)
	at javafx.base@19-ea/com.sun.javafx.event.EventUtil.fireEventImpl(EventUtil.java:74)
	at javafx.base@19-ea/com.sun.javafx.event.EventUtil.fireEvent(EventUtil.java:54)
	at javafx.base@19-ea/javafx.event.Event.fireEvent(Event.java:198)
	at javafx.graphics@19-ea/javafx.scene.Scene$KeyHandler.process(Scene.java:4089)
	at javafx.graphics@19-ea/javafx.scene.Scene.processKeyEvent(Scene.java:2146)
	at javafx.graphics@19-ea/javafx.scene.Scene$ScenePeerListener.keyEvent(Scene.java:2614)
	at javafx.graphics@19-ea/com.sun.javafx.tk.quantum.GlassViewEventHandler$KeyEventNotification.run(GlassViewEventHandler.java:218)
	at javafx.graphics@19-ea/com.sun.javafx.tk.quantum.GlassViewEventHandler$KeyEventNotification.run(GlassViewEventHandler.java:150)
	at java.base/java.security.AccessController.doPrivileged(AccessController.java:399)
	at javafx.graphics@19-ea/com.sun.javafx.tk.quantum.GlassViewEventHandler.lambda$handleKeyEvent$1(GlassViewEventHandler.java:250)
	at javafx.graphics@19-ea/com.sun.javafx.tk.quantum.QuantumToolkit.runWithoutRenderLock(QuantumToolkit.java:424)
	at javafx.graphics@19-ea/com.sun.javafx.tk.quantum.GlassViewEventHandler.handleKeyEvent(GlassViewEventHandler.java:249)
	at javafx.graphics@19-ea/com.sun.glass.ui.View.handleKeyEvent(View.java:542)
	at javafx.graphics@19-ea/com.sun.glass.ui.View.notifyKey(View.java:966)
	at javafx.graphics@19-ea/com.sun.glass.ui.win.WinApplication._runLoop(Native Method)
	at javafx.graphics@19-ea/com.sun.glass.ui.win.WinApplication.lambda$runLoop$3(WinApplication.java:184)
	at java.base/java.lang.Thread.run(Thread.java:1589)

09:00:59.838 [JavaFX Application Thread] FATAL FXGLApplication      - Application will now exit
09:00:59.843 [JavaFX Application Thread] DEBUG PrimaryStageWindow   - Push state: ErrorSubScene
09:00:59.844 [JavaFX Application Thread] DEBUG Input                - Clearing active input actions
09:00:59.844 [JavaFX Application Thread] DEBUG GameApplicationServi - Removing overlay from GameScene and adding to ErrorSubScene
09:00:59.845 [JavaFX Application Thread] DEBUG PrimaryStageWindow   - GameScene -> ErrorSubScene
09:01:13.108 [JavaFX Application Thread] DEBUG FXGLApplication      - Exiting FXGL
09:01:13.108 [JavaFX Application Thread] DEBUG Async                - Shutting down background threads
09:01:13.109 [JavaFX Application Thread] DEBUG PrimaryStageWindow   - Closing main window
09:01:13.114 [JavaFX Application Thread] DEBUG Logger               - Closing Logger
