00:43:16.672 [main                     ] DEBUG Logger               - Configured Logger
00:43:16.691 [main                     ] DEBUG GameApplication      - Logging settings
Title: BOMBERMAN
Version: 1.0
Width: 1080
Height: 720
Fullscreen: false
Intro: true
Profiling: false
Single step:false
App Mode: DEVELOPER
Menu Key: ESCAPE
Stage Style: DECORATED
Scene Factory: class com.almasb.fxgl.app.scene.SceneFactory

00:43:17.235 [JavaFX Application Thread] DEBUG FXGLApplication      - Initializing FXGL
00:43:17.240 [JavaFX Application Thread] INFO  Engine               - FXGL-17.1 (24.03.2022 17.34) on WINDOWS (J:19 FX:19-ea)
00:43:17.241 [JavaFX Application Thread] DEBUG Engine               - JRE Vendor Name: Oracle Corporation
00:43:17.241 [JavaFX Application Thread] DEBUG Engine               - Running on OS: Windows 11 version 10.0
00:43:17.241 [JavaFX Application Thread] DEBUG Engine               - Architecture: amd64
00:43:17.241 [JavaFX Application Thread] INFO  Engine               - Source code and latest versions at: https://github.com/AlmasB/FXGL
00:43:17.241 [JavaFX Application Thread] INFO  Engine               -       Ask questions and discuss at: https://github.com/AlmasB/FXGL/discussions
00:43:17.241 [JavaFX Application Thread] INFO  Engine               -              Join the FXGL chat at: https://gitter.im/AlmasB/FXGL
00:43:17.329 [JavaFX Application Thread] DEBUG PrimaryStageWindow   - Creating a JavaFX scene
00:43:17.392 [JavaFX Application Thread] DEBUG PrimaryStageWindow   - Target settings size: 1080.0 x 720.0
00:43:17.392 [JavaFX Application Thread] DEBUG PrimaryStageWindow   - Scaled scene size:    1080.0 x 720.0
00:43:17.392 [JavaFX Application Thread] DEBUG PrimaryStageWindow   - Scaled ratio: (1.0, 1.0)
00:43:17.394 [JavaFX Application Thread] DEBUG PrimaryStageWindow   - Set initial scene to FXGLStartupScene
00:43:17.400 [JavaFX Application Thread] DEBUG PrimaryStageWindow   - Opening main window
00:43:17.512 [JavaFX Application Thread] DEBUG PrimaryStageWindow   - Window border size: (14.4000244140625, 37.5999755859375)
00:43:17.513 [JavaFX Application Thread] DEBUG PrimaryStageWindow   - Scaled size: 1080.0 x 720.0
00:43:17.513 [JavaFX Application Thread] DEBUG PrimaryStageWindow   - Scaled ratio: (1.0, 1.0)
00:43:17.514 [JavaFX Application Thread] DEBUG PrimaryStageWindow   - Scene size: 1080.0 x 720.0
00:43:17.514 [JavaFX Application Thread] DEBUG PrimaryStageWindow   - Stage size: 1094.4000244140625 x 757.5999755859375
00:43:17.525 [FXGL Background Thread 1 ] DEBUG Engine               - Initializing environment variables
00:43:17.581 [FXGL Background Thread 1 ] DEBUG FXGLAssetLoaderServi - User app class for loading assets: class com.bomberman.bombermanplus.BombermanApp
00:43:17.581 [FXGL Background Thread 1 ] DEBUG GameApplicationServi - Applying CSS: fxgl_dark.css
00:43:17.582 [FXGL Background Thread 1 ] DEBUG FXGLAssetLoaderServi - Loading from file system: jar:file:///C:/Users/Gia%20Phong/.m2/repository/com/github/almasb/fxgl/17.1/fxgl-17.1.jar!/fxglassets/ui/css/fxgl_dark.css
00:43:17.622 [FXGL Background Thread 1 ] DEBUG GameApplicationServi - Initializing application scenes
00:43:17.656 [FXGL Background Thread 1 ] DEBUG GameWorld            - Game world initialized
00:43:17.727 [FXGL Background Thread 1 ] DEBUG PhysicsWorld         - Physics world initialized: appHeight=720, physics.ppm=50.0
00:43:17.727 [FXGL Background Thread 1 ] DEBUG PhysicsWorld         - Using strategy: BRUTE_FORCE
00:43:17.731 [FXGL Background Thread 1 ] DEBUG GameScene            - Game scene initialized: 1080x720
00:43:17.737 [FXGL Background Thread 1 ] DEBUG FXGLAssetLoaderServi - Loading from file system: jar:file:///C:/Users/Gia%20Phong/.m2/repository/com/github/almasb/fxgl/17.1/fxgl-17.1.jar!/fxglassets/textures/intro/fxgl_logo.png
00:43:17.764 [FXGL Background Thread 1 ] DEBUG FXGLAssetLoaderServi - Loading from file system: jar:file:///C:/Users/Gia%20Phong/.m2/repository/com/github/almasb/fxgl/17.1/fxgl-17.1.jar!/fxglassets/textures/intro/javafx_logo.png
00:43:17.874 [FXGL Background Thread 1 ] DEBUG GameApplicationServi - Application scenes initialized
00:43:17.890 [FXGL Background Thread 1 ] DEBUG SystemBundleService  - Loading FXGL system data
00:43:17.901 [FXGL Background Thread 1 ] DEBUG FileSystemAccess     - Reading from: C:\Users\Gia Phong\Downloads\Java\src\BombermanPlus\system\fxgl.bundle
00:43:17.912 [FXGL Background Thread 1 ] DEBUG SystemBundleService  - Bundle FXGL: {}
00:43:17.912 [FXGL Background Thread 1 ] DEBUG UpdaterService       - Checking for updates
00:43:17.916 [FXGL Background Thread 4 ] DEBUG FXGLApplication      - Loading fonts
00:43:17.916 [FXGL Background Thread 1 ] DEBUG FXGLApplication      - Loading default localization
00:43:17.916 [FXGL Background Thread 4 ] DEBUG FXGLAssetLoaderServi - Loading from file system: jar:file:///C:/Users/Gia%20Phong/.m2/repository/com/github/almasb/fxgl/17.1/fxgl-17.1.jar!/fxglassets/ui/fonts/VarelaRound-Regular.ttf
00:43:17.916 [FXGL Background Thread 1 ] DEBUG FXGLAssetLoaderServi - Loading from file system: jar:file:///C:/Users/Gia%20Phong/.m2/repository/com/github/almasb/fxgl/17.1/fxgl-17.1.jar!/fxglassets/languages/english.lang
00:43:17.937 [FXGL Background Thread 1 ] INFO  FXGLApplication      - FXGL initialization took: 0.411 sec
00:43:17.946 [JavaFX Application Thread] DEBUG Input                - Registered new binding: Move Right - D
00:43:17.946 [JavaFX Application Thread] DEBUG Input                - Registered new binding: Move Up - W
00:43:17.947 [JavaFX Application Thread] DEBUG Input                - Registered new binding: Move Down - S
00:43:17.947 [JavaFX Application Thread] DEBUG Input                - Registered new binding: Move Left - A
00:43:17.947 [JavaFX Application Thread] DEBUG FXGLAssetLoaderServi - Loading from file system: jar:file:///C:/Users/Gia%20Phong/.m2/repository/com/github/almasb/fxgl/17.1/fxgl-17.1.jar!/fxglassets/textures/fxgl_icon.png
00:43:17.963 [JavaFX Application Thread] DEBUG FXGLAssetLoaderServi - Loading from file system: jar:file:///C:/Users/Gia%20Phong/.m2/repository/com/github/almasb/fxgl/17.1/fxgl-17.1.jar!/fxglassets/textures/fxgl_default_cursor.png
00:43:17.965 [JavaFX Application Thread] DEBUG Input                - Registered new binding: Screenshot - CTRL+8
00:43:17.966 [JavaFX Application Thread] DEBUG Input                - Registered new binding: System info dump - CTRL+9
00:43:17.966 [JavaFX Application Thread] DEBUG Input                - Registered new binding: Restart - CTRL+R
00:43:17.966 [JavaFX Application Thread] DEBUG Input                - Registered new binding: Toggle Debug Camera - CTRL+7
00:43:17.969 [JavaFX Application Thread] DEBUG LoopRunner           - Starting loop
00:43:17.969 [JavaFX Application Thread] DEBUG LoopRunner           - Initializing JavaFX AnimationTimerLoop
00:43:18.015 [JavaFX Application Thread] DEBUG Input                - Clearing active input actions
00:43:18.020 [JavaFX Application Thread] DEBUG GameApplicationServi - Removing overlay from FXGLStartupScene and adding to FXGLIntroScene
00:43:18.021 [JavaFX Application Thread] DEBUG PrimaryStageWindow   - FXGLStartupScene -> FXGLIntroScene
00:43:18.031 [FXGL Background Thread 4 ] DEBUG FXGLAssetLoaderServi - Loading from file system: jar:file:///C:/Users/Gia%20Phong/.m2/repository/com/github/almasb/fxgl/17.1/fxgl-17.1.jar!/fxglassets/ui/fonts/TerminalLandMono-Regular.otf
00:43:18.041 [FXGL Background Thread 4 ] DEBUG FXGLAssetLoaderServi - Loading from file system: jar:file:///C:/Users/Gia%20Phong/.m2/repository/com/github/almasb/fxgl/17.1/fxgl-17.1.jar!/fxglassets/ui/fonts/Courier-Prime.ttf
00:43:18.058 [JavaFX Application Thread] DEBUG FXGLApplication      - Registering font factories with UI factory
00:43:18.586 [FXGL Background Thread 2 ] INFO  UpdaterService       - Your current version:  17.1
00:43:18.587 [FXGL Background Thread 2 ] INFO  UpdaterService       - Latest stable version: 17.2
00:43:20.915 [FXGL Background Thread 3 ] DEBUG Engine               - Logging environment variables
00:43:20.915 [FXGL Background Thread 3 ] DEBUG Engine               - achievements: []
00:43:20.915 [FXGL Background Thread 3 ] DEBUG Engine               - actualHeight: 720.0
00:43:20.916 [FXGL Background Thread 3 ] DEBUG Engine               - actualHeightProperty: ReadOnlyDoubleProperty [value: 720.0]
00:43:20.916 [FXGL Background Thread 3 ] DEBUG Engine               - actualWidth: 1080.0
00:43:20.916 [FXGL Background Thread 3 ] DEBUG Engine               - actualWidthProperty: ReadOnlyDoubleProperty [value: 1080.0]
00:43:20.916 [FXGL Background Thread 3 ] DEBUG Engine               - appIcon: fxgl_icon.png
00:43:20.916 [FXGL Background Thread 3 ] DEBUG Engine               - applicationMode: DEVELOPER
00:43:20.916 [FXGL Background Thread 3 ] DEBUG Engine               - cSSList: [fxgl_dark.css]
00:43:20.916 [FXGL Background Thread 3 ] DEBUG Engine               - collisionDetectionStrategy: BRUTE_FORCE
00:43:20.916 [FXGL Background Thread 3 ] DEBUG Engine               - configClass: Optional.empty
00:43:20.916 [FXGL Background Thread 3 ] DEBUG Engine               - credits: []
00:43:20.917 [FXGL Background Thread 3 ] DEBUG Engine               - defaultCursor: CursorInfo(imageName=fxgl_default_cursor.png, hotspotX=7.0, hotspotY=6.0)
00:43:20.917 [FXGL Background Thread 3 ] DEBUG Engine               - devBBoxColorProperty: ObjectProperty [value: 0xff0000ff]
00:43:20.918 [FXGL Background Thread 3 ] DEBUG Engine               - devEnableDebugCameraProperty: BooleanProperty [value: false]
00:43:20.918 [FXGL Background Thread 3 ] DEBUG Engine               - devSensorColorProperty: ObjectProperty [value: 0xffff00ff]
00:43:20.918 [FXGL Background Thread 3 ] DEBUG Engine               - devShowBBoxProperty: BooleanProperty [value: false]
00:43:20.918 [FXGL Background Thread 3 ] DEBUG Engine               - devShowPositionProperty: BooleanProperty [value: false]
00:43:20.918 [FXGL Background Thread 3 ] DEBUG Engine               - enabledMenuItems: []
00:43:20.918 [FXGL Background Thread 3 ] DEBUG Engine               - engineServices: [class com.almasb.fxgl.app.services.FXGLAssetLoaderService, class com.almasb.fxgl.app.FXGLApplication$GameApplicationService, class com.almasb.fxgl.app.services.FXGLDialogService, class com.almasb.fxgl.app.services.IOTaskExecutorService, class com.almasb.fxgl.io.FileSystemService, class com.almasb.fxgl.localization.LocalizationService, class com.almasb.fxgl.app.services.SystemBundleService, class com.almasb.fxgl.profile.SaveLoadService, class com.almasb.fxgl.ui.FXGLUIFactoryServiceProvider, class com.almasb.fxgl.ui.FXGLDialogFactoryServiceProvider, class com.almasb.fxgl.audio.AudioPlayer, class com.almasb.fxgl.notification.impl.NotificationServiceProvider, class com.almasb.fxgl.achievement.AchievementService, class com.almasb.fxgl.cutscene.CutsceneService, class com.almasb.fxgl.minigames.MiniGameService, class com.almasb.fxgl.net.NetService, class com.almasb.fxgl.app.services.UpdaterService, class com.almasb.fxgl.dev.DevService]
00:43:20.918 [FXGL Background Thread 3 ] DEBUG Engine               - fontGame: Abel-Regular.ttf
00:43:20.918 [FXGL Background Thread 3 ] DEBUG Engine               - fontMono: TerminalLandMono-Regular.otf
00:43:20.918 [FXGL Background Thread 3 ] DEBUG Engine               - fontText: Courier-Prime.ttf
00:43:20.918 [FXGL Background Thread 3 ] DEBUG Engine               - fontUI: VarelaRound-Regular.ttf
00:43:20.918 [FXGL Background Thread 3 ] DEBUG Engine               - fullScreen: BooleanProperty [value: false]
00:43:20.918 [FXGL Background Thread 3 ] DEBUG Engine               - gameDifficulty: MEDIUM
00:43:20.918 [FXGL Background Thread 3 ] DEBUG Engine               - gameDifficultyProperty: ObjectProperty [value: MEDIUM]
00:43:20.918 [FXGL Background Thread 3 ] DEBUG Engine               - globalMusicVolume: 0.5
00:43:20.918 [FXGL Background Thread 3 ] DEBUG Engine               - globalMusicVolumeProperty: DoubleProperty [value: 0.5]
00:43:20.918 [FXGL Background Thread 3 ] DEBUG Engine               - globalSoundVolume: 0.5
00:43:20.918 [FXGL Background Thread 3 ] DEBUG Engine               - globalSoundVolumeProperty: DoubleProperty [value: 0.5]
00:43:20.918 [FXGL Background Thread 3 ] DEBUG Engine               - height: 720
00:43:20.918 [FXGL Background Thread 3 ] DEBUG Engine               - is3D: false
00:43:20.918 [FXGL Background Thread 3 ] DEBUG Engine               - isAndroid: false
00:43:20.918 [FXGL Background Thread 3 ] DEBUG Engine               - isBrowser: false
00:43:20.918 [FXGL Background Thread 3 ] DEBUG Engine               - isClickFeedbackEnabled: false
00:43:20.918 [FXGL Background Thread 3 ] DEBUG Engine               - isCloseConfirmation: false
00:43:20.918 [FXGL Background Thread 3 ] DEBUG Engine               - isDesktop: true
00:43:20.918 [FXGL Background Thread 3 ] DEBUG Engine               - isDeveloperMenuEnabled: false
00:43:20.918 [FXGL Background Thread 3 ] DEBUG Engine               - isEmbedded: false
00:43:20.918 [FXGL Background Thread 3 ] DEBUG Engine               - isEntityPreloadEnabled: true
00:43:20.918 [FXGL Background Thread 3 ] DEBUG Engine               - isExperimentalTiledLargeMap: false
00:43:20.918 [FXGL Background Thread 3 ] DEBUG Engine               - isFileSystemWriteAllowed: true
00:43:20.919 [FXGL Background Thread 3 ] DEBUG Engine               - isFullScreenAllowed: false
00:43:20.919 [FXGL Background Thread 3 ] DEBUG Engine               - isFullScreenFromStart: false
00:43:20.919 [FXGL Background Thread 3 ] DEBUG Engine               - isGameMenuEnabled: false
00:43:20.919 [FXGL Background Thread 3 ] DEBUG Engine               - isIOS: false
00:43:20.919 [FXGL Background Thread 3 ] DEBUG Engine               - isIntroEnabled: true
00:43:20.919 [FXGL Background Thread 3 ] DEBUG Engine               - isLinux: false
00:43:20.919 [FXGL Background Thread 3 ] DEBUG Engine               - isMac: false
00:43:20.919 [FXGL Background Thread 3 ] DEBUG Engine               - isMainMenuEnabled: false
00:43:20.919 [FXGL Background Thread 3 ] DEBUG Engine               - isManualResizeEnabled: false
00:43:20.919 [FXGL Background Thread 3 ] DEBUG Engine               - isMobile: false
00:43:20.919 [FXGL Background Thread 3 ] DEBUG Engine               - isNative: false
00:43:20.919 [FXGL Background Thread 3 ] DEBUG Engine               - isPauseMusicWhenMinimized: true
00:43:20.919 [FXGL Background Thread 3 ] DEBUG Engine               - isPreserveResizeRatio: false
00:43:20.919 [FXGL Background Thread 3 ] DEBUG Engine               - isProfilingEnabled: false
00:43:20.919 [FXGL Background Thread 3 ] DEBUG Engine               - isScaleAffectedOnResize: true
00:43:20.919 [FXGL Background Thread 3 ] DEBUG Engine               - isSingleStep: false
00:43:20.919 [FXGL Background Thread 3 ] DEBUG Engine               - isUserProfileEnabled: false
00:43:20.919 [FXGL Background Thread 3 ] DEBUG Engine               - isWindows: true
00:43:20.919 [FXGL Background Thread 3 ] DEBUG Engine               - language: ObjectProperty [value: ENGLISH]
00:43:20.919 [FXGL Background Thread 3 ] DEBUG Engine               - menuKey: ESCAPE
00:43:20.919 [FXGL Background Thread 3 ] DEBUG Engine               - mouseSensitivity: 0.2
00:43:20.919 [FXGL Background Thread 3 ] DEBUG Engine               - notificationViewClass: class com.almasb.fxgl.notification.view.XboxNotificationView
00:43:20.919 [FXGL Background Thread 3 ] DEBUG Engine               - pixelsPerMeter: 50.0
00:43:20.919 [FXGL Background Thread 3 ] DEBUG Engine               - platform: WINDOWS
00:43:20.919 [FXGL Background Thread 3 ] DEBUG Engine               - prefHeightProperty: ReadOnlyDoubleProperty [value: 720.0]
00:43:20.919 [FXGL Background Thread 3 ] DEBUG Engine               - prefWidthProperty: ReadOnlyDoubleProperty [value: 1080.0]
00:43:20.919 [FXGL Background Thread 3 ] DEBUG Engine               - profileDir: profiles/
00:43:20.919 [FXGL Background Thread 3 ] DEBUG Engine               - profileName: StringProperty [value: DEFAULT]
00:43:20.919 [FXGL Background Thread 3 ] DEBUG Engine               - randomSeed: -1
00:43:20.920 [FXGL Background Thread 3 ] DEBUG Engine               - runtimeInfo: RuntimeInfo(platform=WINDOWS, version=17.1, build=24.03.2022 17.34)
00:43:20.920 [FXGL Background Thread 3 ] DEBUG Engine               - saveFileExt: sav
00:43:20.920 [FXGL Background Thread 3 ] DEBUG Engine               - scaledHeightProp$fxgl: DoubleProperty [bound, value: 720.0]
00:43:20.920 [FXGL Background Thread 3 ] DEBUG Engine               - scaledWidthProp$fxgl: DoubleProperty [bound, value: 1080.0]
00:43:20.920 [FXGL Background Thread 3 ] DEBUG Engine               - sceneFactory: com.almasb.fxgl.app.scene.SceneFactory@afa648b
00:43:20.920 [FXGL Background Thread 3 ] DEBUG Engine               - secondsIn24h: 60
00:43:20.920 [FXGL Background Thread 3 ] DEBUG Engine               - soundMenuBack: menu/back.wav
00:43:20.920 [FXGL Background Thread 3 ] DEBUG Engine               - soundMenuPress: menu/press.wav
00:43:20.920 [FXGL Background Thread 3 ] DEBUG Engine               - soundMenuSelect: menu/select.wav
00:43:20.920 [FXGL Background Thread 3 ] DEBUG Engine               - soundNotification: core/notification.wav
00:43:20.920 [FXGL Background Thread 3 ] DEBUG Engine               - stageStyle: DECORATED
00:43:20.920 [FXGL Background Thread 3 ] DEBUG Engine               - supportedLanguages: [ENGLISH, FRENCH, GERMAN, HUNGARIAN, RUSSIAN]
00:43:20.920 [FXGL Background Thread 3 ] DEBUG Engine               - ticksPerSecond: -1
00:43:20.920 [FXGL Background Thread 3 ] DEBUG Engine               - title: BOMBERMAN
00:43:20.920 [FXGL Background Thread 3 ] DEBUG Engine               - urlGithub: https://github.com/AlmasB/FXGL
00:43:20.920 [FXGL Background Thread 3 ] DEBUG Engine               - urlLeaderboard: http://fxgl-top.herokuapp.com/
00:43:20.920 [FXGL Background Thread 3 ] DEBUG Engine               - urlPOM: https://raw.githubusercontent.com/AlmasB/FXGL/release/README.md
00:43:20.920 [FXGL Background Thread 3 ] DEBUG Engine               - userAppClass: class com.bomberman.bombermanplus.BombermanApp
00:43:20.920 [FXGL Background Thread 3 ] DEBUG Engine               - version: 1.0
00:43:20.920 [FXGL Background Thread 3 ] DEBUG Engine               - versionCheckDays: 7
00:43:20.920 [FXGL Background Thread 3 ] DEBUG Engine               - width: 1080
00:43:20.920 [FXGL Background Thread 3 ] DEBUG Engine               - Logging services
00:43:20.920 [FXGL Background Thread 3 ] DEBUG Engine               - class com.almasb.fxgl.app.services.FXGLAssetLoaderService
00:43:20.920 [FXGL Background Thread 3 ] DEBUG Engine               - class com.almasb.fxgl.app.FXGLApplication$GameApplicationService
00:43:20.921 [FXGL Background Thread 3 ] DEBUG Engine               - class com.almasb.fxgl.app.services.FXGLDialogService
00:43:20.921 [FXGL Background Thread 3 ] DEBUG Engine               - class com.almasb.fxgl.app.services.IOTaskExecutorService
00:43:20.921 [FXGL Background Thread 3 ] DEBUG Engine               - class com.almasb.fxgl.io.FileSystemService
00:43:20.921 [FXGL Background Thread 3 ] DEBUG Engine               - class com.almasb.fxgl.localization.LocalizationService
00:43:20.921 [FXGL Background Thread 3 ] DEBUG Engine               - class com.almasb.fxgl.app.services.SystemBundleService
00:43:20.921 [FXGL Background Thread 3 ] DEBUG Engine               - class com.almasb.fxgl.profile.SaveLoadService
00:43:20.921 [FXGL Background Thread 3 ] DEBUG Engine               - class com.almasb.fxgl.ui.FXGLUIFactoryServiceProvider
00:43:20.921 [FXGL Background Thread 3 ] DEBUG Engine               - class com.almasb.fxgl.ui.FXGLDialogFactoryServiceProvider
00:43:20.921 [FXGL Background Thread 3 ] DEBUG Engine               - class com.almasb.fxgl.audio.AudioPlayer
00:43:20.921 [FXGL Background Thread 3 ] DEBUG Engine               - class com.almasb.fxgl.notification.impl.NotificationServiceProvider
00:43:20.921 [FXGL Background Thread 3 ] DEBUG Engine               - class com.almasb.fxgl.achievement.AchievementService
00:43:20.921 [FXGL Background Thread 3 ] DEBUG Engine               - class com.almasb.fxgl.cutscene.CutsceneService
00:43:20.921 [FXGL Background Thread 3 ] DEBUG Engine               - class com.almasb.fxgl.minigames.MiniGameService
00:43:20.921 [FXGL Background Thread 3 ] DEBUG Engine               - class com.almasb.fxgl.net.NetService
00:43:20.921 [FXGL Background Thread 3 ] DEBUG Engine               - class com.almasb.fxgl.app.services.UpdaterService
00:43:20.921 [FXGL Background Thread 3 ] DEBUG Engine               - class com.almasb.fxgl.dev.DevService
00:43:22.754 [JavaFX Application Thread] DEBUG GameApplicationServi - Starting new game
00:43:22.754 [JavaFX Application Thread] DEBUG Input                - Clearing active input actions
00:43:22.763 [JavaFX Application Thread] DEBUG GameApplicationServi - Removing overlay from FXGLIntroScene and adding to FXGLLoadingScene
00:43:22.764 [JavaFX Application Thread] DEBUG PrimaryStageWindow   - FXGLIntroScene -> FXGLLoadingScene
00:43:22.764 [JavaFX Application Thread] DEBUG GameApplicationServi - Clearing previous game
00:43:22.764 [JavaFX Application Thread] DEBUG GameScene            - Clearing game scene
00:43:22.764 [JavaFX Application Thread] DEBUG GameWorld            - Clearing game world
00:43:22.764 [JavaFX Application Thread] DEBUG PhysicsWorld         - Clearing physics world
00:43:22.765 [FXGL Background Thread 2 ] DEBUG FXGLApplication      - Initializing game
00:43:22.770 [FXGL Background Thread 2 ] INFO  FXGLApplication      - Game initialization took: 0.005 sec
00:43:22.794 [JavaFX Application Thread] DEBUG Input                - Clearing active input actions
00:43:22.801 [JavaFX Application Thread] DEBUG GameApplicationServi - Removing overlay from FXGLLoadingScene and adding to GameScene
00:43:22.801 [JavaFX Application Thread] DEBUG PrimaryStageWindow   - FXGLLoadingScene -> GameScene
00:43:33.107 [JavaFX Application Thread] DEBUG FXGLApplication      - Exiting FXGL
00:43:33.108 [JavaFX Application Thread] DEBUG LoopRunner           - Stopping loop
00:43:33.108 [JavaFX Application Thread] DEBUG SystemBundleService  - Saving FXGL system data
00:43:33.110 [JavaFX Application Thread] DEBUG FileSystemAccess     - Writing to: C:\Users\Gia Phong\Downloads\Java\src\BombermanPlus\system\fxgl.bundle
00:43:33.112 [JavaFX Application Thread] DEBUG Async                - Shutting down background threads
00:43:33.112 [JavaFX Application Thread] DEBUG PrimaryStageWindow   - Closing main window
00:43:33.127 [JavaFX Application Thread] DEBUG Logger               - Closing Logger
