14:39:49.542 [main                     ] DEBUG Logger               - Configured Logger
14:39:49.567 [main                     ] DEBUG GameApplication      - Logging settings
Title: BOMBERMAN
Version: 1.0
Width: 1080
Height: 720
Fullscreen: false
Intro: false
Profiling: false
Single step:false
App Mode: DEVELOPER
Menu Key: ESCAPE
Stage Style: DECORATED
Scene Factory: class com.almasb.fxgl.app.scene.SceneFactory

14:39:50.075 [JavaFX Application Thread] DEBUG FXGLApplication      - Initializing FXGL
14:39:50.080 [JavaFX Application Thread] INFO  Engine               - FXGL-17.1 (24.03.2022 17.34) on WINDOWS (J:19 FX:19-ea)
14:39:50.080 [JavaFX Application Thread] DEBUG Engine               - JRE Vendor Name: Oracle Corporation
14:39:50.081 [JavaFX Application Thread] DEBUG Engine               - Running on OS: Windows 11 version 10.0
14:39:50.081 [JavaFX Application Thread] DEBUG Engine               - Architecture: amd64
14:39:50.081 [JavaFX Application Thread] INFO  Engine               - Source code and latest versions at: https://github.com/AlmasB/FXGL
14:39:50.081 [JavaFX Application Thread] INFO  Engine               -       Ask questions and discuss at: https://github.com/AlmasB/FXGL/discussions
14:39:50.081 [JavaFX Application Thread] INFO  Engine               -              Join the FXGL chat at: https://gitter.im/AlmasB/FXGL
14:39:50.176 [JavaFX Application Thread] DEBUG PrimaryStageWindow   - Creating a JavaFX scene
14:39:50.233 [JavaFX Application Thread] DEBUG PrimaryStageWindow   - Target settings size: 1080.0 x 720.0
14:39:50.234 [JavaFX Application Thread] DEBUG PrimaryStageWindow   - Scaled scene size:    1080.0 x 720.0
14:39:50.234 [JavaFX Application Thread] DEBUG PrimaryStageWindow   - Scaled ratio: (1.0, 1.0)
14:39:50.235 [JavaFX Application Thread] DEBUG PrimaryStageWindow   - Set initial scene to FXGLStartupScene
14:39:50.239 [JavaFX Application Thread] DEBUG PrimaryStageWindow   - Opening main window
14:39:50.364 [JavaFX Application Thread] DEBUG PrimaryStageWindow   - Window border size: (14.4000244140625, 37.5999755859375)
14:39:50.366 [JavaFX Application Thread] DEBUG PrimaryStageWindow   - Scaled size: 1080.0 x 720.0
14:39:50.367 [JavaFX Application Thread] DEBUG PrimaryStageWindow   - Scaled ratio: (1.0, 1.0)
14:39:50.367 [JavaFX Application Thread] DEBUG PrimaryStageWindow   - Scene size: 1080.0 x 720.0
14:39:50.368 [JavaFX Application Thread] DEBUG PrimaryStageWindow   - Stage size: 1094.4000244140625 x 757.5999755859375
14:39:50.383 [FXGL Background Thread 1 ] DEBUG Engine               - Initializing environment variables
14:39:50.444 [FXGL Background Thread 1 ] DEBUG FXGLAssetLoaderServi - User app class for loading assets: class com.bomberman.bombermanplus.BombermanApp
14:39:50.444 [FXGL Background Thread 1 ] DEBUG GameApplicationServi - Applying CSS: fxgl_dark.css
14:39:50.446 [FXGL Background Thread 1 ] DEBUG FXGLAssetLoaderServi - Loading from file system: jar:file:///C:/Users/Gia%20Phong/.m2/repository/com/github/almasb/fxgl/17.1/fxgl-17.1.jar!/fxglassets/ui/css/fxgl_dark.css
14:39:50.491 [FXGL Background Thread 1 ] DEBUG GameApplicationServi - Initializing application scenes
14:39:50.547 [FXGL Background Thread 1 ] DEBUG GameWorld            - Game world initialized
14:39:50.633 [FXGL Background Thread 1 ] DEBUG PhysicsWorld         - Physics world initialized: appHeight=720, physics.ppm=50.0
14:39:50.634 [FXGL Background Thread 1 ] DEBUG PhysicsWorld         - Using strategy: BRUTE_FORCE
14:39:50.641 [FXGL Background Thread 1 ] DEBUG GameScene            - Game scene initialized: 1080x720
14:39:50.668 [FXGL Background Thread 1 ] DEBUG FXGL.DefaultMenu     - createMenuBodyMainMenu()
14:39:50.694 [FXGL Background Thread 1 ] DEBUG FXGL.DefaultMenu     - createOptionsMenu()
14:39:50.718 [FXGL Background Thread 1 ] DEBUG FXGLAssetLoaderServi - Loading from file system: jar:file:///C:/Users/Gia%20Phong/.m2/repository/com/github/almasb/fxgl/17.1/fxgl-17.1.jar!/fxglassets/textures/particles/smoke.png
14:39:50.894 [FXGL Background Thread 1 ] DEBUG FXGLAssetLoaderServi - Loading from file system: jar:file:///C:/Users/Gia%20Phong/.m2/repository/com/github/almasb/fxgl/17.1/fxgl-17.1.jar!/fxglassets/textures/particles/trace_horizontal.png
14:39:50.938 [FXGL Background Thread 1 ] DEBUG GameApplicationServi - Application scenes initialized
14:39:50.963 [FXGL Background Thread 1 ] DEBUG SystemBundleService  - Loading FXGL system data
14:39:50.975 [FXGL Background Thread 1 ] DEBUG FileSystemAccess     - Reading from: C:\Users\Gia Phong\Downloads\Java\src\BombermanPlus\system\fxgl.bundle
14:39:50.996 [FXGL Background Thread 1 ] DEBUG SystemBundleService  - Bundle FXGL: {}
14:39:50.996 [FXGL Background Thread 1 ] DEBUG UpdaterService       - Checking for updates
14:39:51.002 [FXGL Background Thread 4 ] DEBUG FXGLApplication      - Loading fonts
14:39:51.003 [FXGL Background Thread 1 ] DEBUG FXGLApplication      - Loading default localization
14:39:51.003 [FXGL Background Thread 4 ] DEBUG FXGLAssetLoaderServi - Loading from file system: jar:file:///C:/Users/Gia%20Phong/.m2/repository/com/github/almasb/fxgl/17.1/fxgl-17.1.jar!/fxglassets/ui/fonts/VarelaRound-Regular.ttf
14:39:51.003 [FXGL Background Thread 1 ] DEBUG FXGLAssetLoaderServi - Loading from file system: jar:file:///C:/Users/Gia%20Phong/.m2/repository/com/github/almasb/fxgl/17.1/fxgl-17.1.jar!/fxglassets/languages/english.lang
14:39:51.029 [FXGL Background Thread 1 ] INFO  FXGLApplication      - FXGL initialization took: 0.647 sec
14:39:51.044 [JavaFX Application Thread] DEBUG Input                - Registered new binding: Move Right - D
14:39:51.044 [JavaFX Application Thread] DEBUG Input                - Registered new binding: Move Up - W
14:39:51.044 [JavaFX Application Thread] DEBUG Input                - Registered new binding: Move Down - S
14:39:51.044 [JavaFX Application Thread] DEBUG Input                - Registered new binding: Move Left - A
14:39:51.045 [JavaFX Application Thread] DEBUG FXGLAssetLoaderServi - Loading from file system: jar:file:///C:/Users/Gia%20Phong/.m2/repository/com/github/almasb/fxgl/17.1/fxgl-17.1.jar!/fxglassets/textures/fxgl_icon.png
14:39:51.064 [JavaFX Application Thread] DEBUG FXGLAssetLoaderServi - Loading from file system: jar:file:///C:/Users/Gia%20Phong/.m2/repository/com/github/almasb/fxgl/17.1/fxgl-17.1.jar!/fxglassets/textures/fxgl_default_cursor.png
14:39:51.067 [JavaFX Application Thread] DEBUG Input                - Registered new binding: Screenshot - CTRL+8
14:39:51.068 [JavaFX Application Thread] DEBUG Input                - Registered new binding: System info dump - CTRL+9
14:39:51.068 [JavaFX Application Thread] DEBUG Input                - Registered new binding: Restart - CTRL+R
14:39:51.069 [JavaFX Application Thread] DEBUG Input                - Registered new binding: Toggle Debug Camera - CTRL+7
14:39:51.072 [JavaFX Application Thread] DEBUG LoopRunner           - Starting loop
14:39:51.072 [JavaFX Application Thread] DEBUG LoopRunner           - Initializing JavaFX AnimationTimerLoop
14:39:51.075 [JavaFX Application Thread] DEBUG Input                - Clearing active input actions
14:39:51.083 [JavaFX Application Thread] DEBUG GameApplicationServi - Removing overlay from FXGLStartupScene and adding to FXGLMainMenuDummyScene
14:39:51.083 [JavaFX Application Thread] DEBUG PrimaryStageWindow   - FXGLStartupScene -> FXGLMainMenuDummyScene
14:39:51.083 [JavaFX Application Thread] DEBUG PrimaryStageWindow   - Push state: FXGLDefaultMenu
14:39:51.091 [JavaFX Application Thread] DEBUG Input                - Clearing active input actions
14:39:51.104 [JavaFX Application Thread] DEBUG GameApplicationServi - Removing overlay from FXGLMainMenuDummyScene and adding to FXGLDefaultMenu
14:39:51.104 [JavaFX Application Thread] DEBUG PrimaryStageWindow   - FXGLMainMenuDummyScene -> FXGLDefaultMenu
14:39:51.156 [FXGL Background Thread 4 ] DEBUG FXGLAssetLoaderServi - Loading from file system: jar:file:///C:/Users/Gia%20Phong/.m2/repository/com/github/almasb/fxgl/17.1/fxgl-17.1.jar!/fxglassets/ui/fonts/Abel-Regular.ttf
14:39:51.172 [FXGL Background Thread 4 ] DEBUG FXGLAssetLoaderServi - Loading from file system: jar:file:///C:/Users/Gia%20Phong/.m2/repository/com/github/almasb/fxgl/17.1/fxgl-17.1.jar!/fxglassets/ui/fonts/TerminalLandMono-Regular.otf
14:39:51.191 [FXGL Background Thread 4 ] DEBUG FXGLAssetLoaderServi - Loading from file system: jar:file:///C:/Users/Gia%20Phong/.m2/repository/com/github/almasb/fxgl/17.1/fxgl-17.1.jar!/fxglassets/ui/fonts/Courier-Prime.ttf
14:39:51.356 [JavaFX Application Thread] DEBUG FXGLApplication      - Registering font factories with UI factory
14:39:52.479 [FXGL Background Thread 2 ] INFO  UpdaterService       - Your current version:  17.1
14:39:52.480 [FXGL Background Thread 2 ] INFO  UpdaterService       - Latest stable version: 17.2
14:39:54.002 [FXGL Background Thread 3 ] DEBUG Engine               - Logging environment variables
14:39:54.003 [FXGL Background Thread 3 ] DEBUG Engine               - achievements: []
14:39:54.004 [FXGL Background Thread 3 ] DEBUG Engine               - actualHeight: 720.0
14:39:54.004 [FXGL Background Thread 3 ] DEBUG Engine               - actualHeightProperty: ReadOnlyDoubleProperty [value: 720.0]
14:39:54.004 [FXGL Background Thread 3 ] DEBUG Engine               - actualWidth: 1080.0
14:39:54.004 [FXGL Background Thread 3 ] DEBUG Engine               - actualWidthProperty: ReadOnlyDoubleProperty [value: 1080.0]
14:39:54.004 [FXGL Background Thread 3 ] DEBUG Engine               - appIcon: fxgl_icon.png
14:39:54.004 [FXGL Background Thread 3 ] DEBUG Engine               - applicationMode: DEVELOPER
14:39:54.004 [FXGL Background Thread 3 ] DEBUG Engine               - cSSList: [fxgl_dark.css]
14:39:54.004 [FXGL Background Thread 3 ] DEBUG Engine               - collisionDetectionStrategy: BRUTE_FORCE
14:39:54.004 [FXGL Background Thread 3 ] DEBUG Engine               - configClass: Optional.empty
14:39:54.004 [FXGL Background Thread 3 ] DEBUG Engine               - credits: []
14:39:54.006 [FXGL Background Thread 3 ] DEBUG Engine               - defaultCursor: CursorInfo(imageName=fxgl_default_cursor.png, hotspotX=7.0, hotspotY=6.0)
14:39:54.006 [FXGL Background Thread 3 ] DEBUG Engine               - devBBoxColorProperty: ObjectProperty [value: 0xff0000ff]
14:39:54.006 [FXGL Background Thread 3 ] DEBUG Engine               - devEnableDebugCameraProperty: BooleanProperty [value: false]
14:39:54.006 [FXGL Background Thread 3 ] DEBUG Engine               - devSensorColorProperty: ObjectProperty [value: 0xffff00ff]
14:39:54.006 [FXGL Background Thread 3 ] DEBUG Engine               - devShowBBoxProperty: BooleanProperty [value: false]
14:39:54.006 [FXGL Background Thread 3 ] DEBUG Engine               - devShowPositionProperty: BooleanProperty [value: false]
14:39:54.006 [FXGL Background Thread 3 ] DEBUG Engine               - enabledMenuItems: []
14:39:54.006 [FXGL Background Thread 3 ] DEBUG Engine               - engineServices: [class com.almasb.fxgl.app.services.FXGLAssetLoaderService, class com.almasb.fxgl.app.FXGLApplication$GameApplicationService, class com.almasb.fxgl.app.services.FXGLDialogService, class com.almasb.fxgl.app.services.IOTaskExecutorService, class com.almasb.fxgl.io.FileSystemService, class com.almasb.fxgl.localization.LocalizationService, class com.almasb.fxgl.app.services.SystemBundleService, class com.almasb.fxgl.profile.SaveLoadService, class com.almasb.fxgl.ui.FXGLUIFactoryServiceProvider, class com.almasb.fxgl.ui.FXGLDialogFactoryServiceProvider, class com.almasb.fxgl.audio.AudioPlayer, class com.almasb.fxgl.notification.impl.NotificationServiceProvider, class com.almasb.fxgl.achievement.AchievementService, class com.almasb.fxgl.cutscene.CutsceneService, class com.almasb.fxgl.minigames.MiniGameService, class com.almasb.fxgl.net.NetService, class com.almasb.fxgl.app.services.UpdaterService, class com.almasb.fxgl.dev.DevService]
14:39:54.006 [FXGL Background Thread 3 ] DEBUG Engine               - fontGame: Abel-Regular.ttf
14:39:54.006 [FXGL Background Thread 3 ] DEBUG Engine               - fontMono: TerminalLandMono-Regular.otf
14:39:54.006 [FXGL Background Thread 3 ] DEBUG Engine               - fontText: Courier-Prime.ttf
14:39:54.007 [FXGL Background Thread 3 ] DEBUG Engine               - fontUI: VarelaRound-Regular.ttf
14:39:54.007 [FXGL Background Thread 3 ] DEBUG Engine               - fullScreen: BooleanProperty [value: false]
14:39:54.007 [FXGL Background Thread 3 ] DEBUG Engine               - gameDifficulty: MEDIUM
14:39:54.007 [FXGL Background Thread 3 ] DEBUG Engine               - gameDifficultyProperty: ObjectProperty [value: MEDIUM]
14:39:54.007 [FXGL Background Thread 3 ] DEBUG Engine               - globalMusicVolume: 0.5
14:39:54.007 [FXGL Background Thread 3 ] DEBUG Engine               - globalMusicVolumeProperty: DoubleProperty [value: 0.5]
14:39:54.007 [FXGL Background Thread 3 ] DEBUG Engine               - globalSoundVolume: 0.5
14:39:54.007 [FXGL Background Thread 3 ] DEBUG Engine               - globalSoundVolumeProperty: DoubleProperty [value: 0.5]
14:39:54.007 [FXGL Background Thread 3 ] DEBUG Engine               - height: 720
14:39:54.007 [FXGL Background Thread 3 ] DEBUG Engine               - is3D: false
14:39:54.007 [FXGL Background Thread 3 ] DEBUG Engine               - isAndroid: false
14:39:54.007 [FXGL Background Thread 3 ] DEBUG Engine               - isBrowser: false
14:39:54.007 [FXGL Background Thread 3 ] DEBUG Engine               - isClickFeedbackEnabled: false
14:39:54.008 [FXGL Background Thread 3 ] DEBUG Engine               - isCloseConfirmation: false
14:39:54.008 [FXGL Background Thread 3 ] DEBUG Engine               - isDesktop: true
14:39:54.008 [FXGL Background Thread 3 ] DEBUG Engine               - isDeveloperMenuEnabled: false
14:39:54.008 [FXGL Background Thread 3 ] DEBUG Engine               - isEmbedded: false
14:39:54.008 [FXGL Background Thread 3 ] DEBUG Engine               - isEntityPreloadEnabled: true
14:39:54.008 [FXGL Background Thread 3 ] DEBUG Engine               - isExperimentalTiledLargeMap: false
14:39:54.008 [FXGL Background Thread 3 ] DEBUG Engine               - isFileSystemWriteAllowed: true
14:39:54.008 [FXGL Background Thread 3 ] DEBUG Engine               - isFullScreenAllowed: false
14:39:54.008 [FXGL Background Thread 3 ] DEBUG Engine               - isFullScreenFromStart: false
14:39:54.008 [FXGL Background Thread 3 ] DEBUG Engine               - isGameMenuEnabled: false
14:39:54.008 [FXGL Background Thread 3 ] DEBUG Engine               - isIOS: false
14:39:54.008 [FXGL Background Thread 3 ] DEBUG Engine               - isIntroEnabled: false
14:39:54.008 [FXGL Background Thread 3 ] DEBUG Engine               - isLinux: false
14:39:54.008 [FXGL Background Thread 3 ] DEBUG Engine               - isMac: false
14:39:54.008 [FXGL Background Thread 3 ] DEBUG Engine               - isMainMenuEnabled: true
14:39:54.008 [FXGL Background Thread 3 ] DEBUG Engine               - isManualResizeEnabled: false
14:39:54.008 [FXGL Background Thread 3 ] DEBUG Engine               - isMobile: false
14:39:54.008 [FXGL Background Thread 3 ] DEBUG Engine               - isNative: false
14:39:54.008 [FXGL Background Thread 3 ] DEBUG Engine               - isPauseMusicWhenMinimized: true
14:39:54.008 [FXGL Background Thread 3 ] DEBUG Engine               - isPreserveResizeRatio: false
14:39:54.008 [FXGL Background Thread 3 ] DEBUG Engine               - isProfilingEnabled: false
14:39:54.009 [FXGL Background Thread 3 ] DEBUG Engine               - isScaleAffectedOnResize: true
14:39:54.009 [FXGL Background Thread 3 ] DEBUG Engine               - isSingleStep: false
14:39:54.009 [FXGL Background Thread 3 ] DEBUG Engine               - isUserProfileEnabled: false
14:39:54.009 [FXGL Background Thread 3 ] DEBUG Engine               - isWindows: true
14:39:54.009 [FXGL Background Thread 3 ] DEBUG Engine               - language: ObjectProperty [value: ENGLISH]
14:39:54.009 [FXGL Background Thread 3 ] DEBUG Engine               - menuKey: ESCAPE
14:39:54.009 [FXGL Background Thread 3 ] DEBUG Engine               - mouseSensitivity: 0.2
14:39:54.009 [FXGL Background Thread 3 ] DEBUG Engine               - notificationViewClass: class com.almasb.fxgl.notification.view.XboxNotificationView
14:39:54.009 [FXGL Background Thread 3 ] DEBUG Engine               - pixelsPerMeter: 50.0
14:39:54.009 [FXGL Background Thread 3 ] DEBUG Engine               - platform: WINDOWS
14:39:54.009 [FXGL Background Thread 3 ] DEBUG Engine               - prefHeightProperty: ReadOnlyDoubleProperty [value: 720.0]
14:39:54.009 [FXGL Background Thread 3 ] DEBUG Engine               - prefWidthProperty: ReadOnlyDoubleProperty [value: 1080.0]
14:39:54.009 [FXGL Background Thread 3 ] DEBUG Engine               - profileDir: profiles/
14:39:54.009 [FXGL Background Thread 3 ] DEBUG Engine               - profileName: StringProperty [value: DEFAULT]
14:39:54.009 [FXGL Background Thread 3 ] DEBUG Engine               - randomSeed: -1
14:39:54.010 [FXGL Background Thread 3 ] DEBUG Engine               - runtimeInfo: RuntimeInfo(platform=WINDOWS, version=17.1, build=24.03.2022 17.34)
14:39:54.010 [FXGL Background Thread 3 ] DEBUG Engine               - saveFileExt: sav
14:39:54.010 [FXGL Background Thread 3 ] DEBUG Engine               - scaledHeightProp$fxgl: DoubleProperty [bound, value: 720.0]
14:39:54.010 [FXGL Background Thread 3 ] DEBUG Engine               - scaledWidthProp$fxgl: DoubleProperty [bound, value: 1080.0]
14:39:54.010 [FXGL Background Thread 3 ] DEBUG Engine               - sceneFactory: com.almasb.fxgl.app.scene.SceneFactory@51edcbe7
14:39:54.010 [FXGL Background Thread 3 ] DEBUG Engine               - secondsIn24h: 60
14:39:54.010 [FXGL Background Thread 3 ] DEBUG Engine               - soundMenuBack: menu/back.wav
14:39:54.010 [FXGL Background Thread 3 ] DEBUG Engine               - soundMenuPress: menu/press.wav
14:39:54.010 [FXGL Background Thread 3 ] DEBUG Engine               - soundMenuSelect: menu/select.wav
14:39:54.010 [FXGL Background Thread 3 ] DEBUG Engine               - soundNotification: core/notification.wav
14:39:54.010 [FXGL Background Thread 3 ] DEBUG Engine               - stageStyle: DECORATED
14:39:54.010 [FXGL Background Thread 3 ] DEBUG Engine               - supportedLanguages: [ENGLISH, FRENCH, GERMAN, HUNGARIAN, RUSSIAN]
14:39:54.010 [FXGL Background Thread 3 ] DEBUG Engine               - ticksPerSecond: -1
14:39:54.010 [FXGL Background Thread 3 ] DEBUG Engine               - title: BOMBERMAN
14:39:54.010 [FXGL Background Thread 3 ] DEBUG Engine               - urlGithub: https://github.com/AlmasB/FXGL
14:39:54.010 [FXGL Background Thread 3 ] DEBUG Engine               - urlLeaderboard: http://fxgl-top.herokuapp.com/
14:39:54.011 [FXGL Background Thread 3 ] DEBUG Engine               - urlPOM: https://raw.githubusercontent.com/AlmasB/FXGL/release/README.md
14:39:54.011 [FXGL Background Thread 3 ] DEBUG Engine               - userAppClass: class com.bomberman.bombermanplus.BombermanApp
14:39:54.011 [FXGL Background Thread 3 ] DEBUG Engine               - version: 1.0
14:39:54.011 [FXGL Background Thread 3 ] DEBUG Engine               - versionCheckDays: 7
14:39:54.011 [FXGL Background Thread 3 ] DEBUG Engine               - width: 1080
14:39:54.011 [FXGL Background Thread 3 ] DEBUG Engine               - Logging services
14:39:54.011 [FXGL Background Thread 3 ] DEBUG Engine               - class com.almasb.fxgl.app.services.FXGLAssetLoaderService
14:39:54.011 [FXGL Background Thread 3 ] DEBUG Engine               - class com.almasb.fxgl.app.FXGLApplication$GameApplicationService
14:39:54.011 [FXGL Background Thread 3 ] DEBUG Engine               - class com.almasb.fxgl.app.services.FXGLDialogService
14:39:54.011 [FXGL Background Thread 3 ] DEBUG Engine               - class com.almasb.fxgl.app.services.IOTaskExecutorService
14:39:54.011 [FXGL Background Thread 3 ] DEBUG Engine               - class com.almasb.fxgl.io.FileSystemService
14:39:54.011 [FXGL Background Thread 3 ] DEBUG Engine               - class com.almasb.fxgl.localization.LocalizationService
14:39:54.011 [FXGL Background Thread 3 ] DEBUG Engine               - class com.almasb.fxgl.app.services.SystemBundleService
14:39:54.011 [FXGL Background Thread 3 ] DEBUG Engine               - class com.almasb.fxgl.profile.SaveLoadService
14:39:54.011 [FXGL Background Thread 3 ] DEBUG Engine               - class com.almasb.fxgl.ui.FXGLUIFactoryServiceProvider
14:39:54.011 [FXGL Background Thread 3 ] DEBUG Engine               - class com.almasb.fxgl.ui.FXGLDialogFactoryServiceProvider
14:39:54.011 [FXGL Background Thread 3 ] DEBUG Engine               - class com.almasb.fxgl.audio.AudioPlayer
14:39:54.011 [FXGL Background Thread 3 ] DEBUG Engine               - class com.almasb.fxgl.notification.impl.NotificationServiceProvider
14:39:54.011 [FXGL Background Thread 3 ] DEBUG Engine               - class com.almasb.fxgl.achievement.AchievementService
14:39:54.011 [FXGL Background Thread 3 ] DEBUG Engine               - class com.almasb.fxgl.cutscene.CutsceneService
14:39:54.011 [FXGL Background Thread 3 ] DEBUG Engine               - class com.almasb.fxgl.minigames.MiniGameService
14:39:54.011 [FXGL Background Thread 3 ] DEBUG Engine               - class com.almasb.fxgl.net.NetService
14:39:54.012 [FXGL Background Thread 3 ] DEBUG Engine               - class com.almasb.fxgl.app.services.UpdaterService
14:39:54.012 [FXGL Background Thread 3 ] DEBUG Engine               - class com.almasb.fxgl.dev.DevService
14:39:54.889 [JavaFX Application Thread] DEBUG Menu                 - fireNewGame()
14:39:54.890 [JavaFX Application Thread] DEBUG GameApplicationServi - Starting new game
14:39:54.892 [JavaFX Application Thread] DEBUG PrimaryStageWindow   - Pop state: FXGLDefaultMenu
14:39:54.892 [JavaFX Application Thread] DEBUG Input                - Clearing active input actions
14:39:54.893 [JavaFX Application Thread] DEBUG GameApplicationServi - Removing overlay from FXGLDefaultMenu and adding to FXGLMainMenuDummyScene
14:39:54.893 [JavaFX Application Thread] DEBUG PrimaryStageWindow   - FXGLMainMenuDummyScene <- FXGLDefaultMenu
14:39:54.894 [JavaFX Application Thread] DEBUG Input                - Clearing active input actions
14:39:54.901 [JavaFX Application Thread] DEBUG GameApplicationServi - Removing overlay from FXGLMainMenuDummyScene and adding to FXGLLoadingScene
14:39:54.902 [JavaFX Application Thread] DEBUG PrimaryStageWindow   - FXGLMainMenuDummyScene -> FXGLLoadingScene
14:39:54.902 [JavaFX Application Thread] DEBUG GameApplicationServi - Clearing previous game
14:39:54.902 [JavaFX Application Thread] DEBUG GameScene            - Clearing game scene
14:39:54.902 [JavaFX Application Thread] DEBUG GameWorld            - Clearing game world
14:39:54.902 [JavaFX Application Thread] DEBUG PhysicsWorld         - Clearing physics world
14:39:54.905 [FXGL Background Thread 2 ] DEBUG FXGLApplication      - Initializing game
14:39:54.969 [FXGL Background Thread 2 ] WARN  TMXLevelLoader       - TiledMap generated from 1.9.2. Supported version: 1.4.2. Some features may not be parsed fully.
14:39:54.977 [FXGL Background Thread 2 ] DEBUG TMXLevelLoader       - Parsed TiledMap: file:/C:/Users/Gia%20Phong/Downloads/Java/src/BombermanPlus/target/classes/assets/levels/lv1demo.tmx
14:39:54.979 [FXGL Background Thread 2 ] DEBUG TMXLevelLoader       - Creating tile layer entities
14:39:54.982 [FXGL Background Thread 2 ] DEBUG TilesetLoader        - Loading view for layer Tile Layer 1
14:39:54.984 [FXGL Background Thread 2 ] DEBUG TilesetLoader        - Created buffer with size 1488.0x720.0
14:39:55.008 [FXGL Background Thread 2 ] DEBUG TMXLevelLoader       - Creating object layer entities
14:39:55.058 [FXGL Background Thread 2 ] DEBUG FXGLAssetLoaderServi - Loading from file system: file:/C:/Users/Gia%20Phong/Downloads/Java/src/BombermanPlus/target/classes/assets/textures/sprites.png
14:39:55.107 [FXGL Background Thread 2 ] DEBUG GameWorld            - Clearing removable entities
14:39:55.108 [FXGL Background Thread 2 ] DEBUG GameWorld            - Setting level: com.almasb.fxgl.entity.level.Level@139572b3
14:39:55.117 [FXGL Background Thread 2 ] INFO  FXGLApplication      - Game initialization took: 0.213 sec
14:39:55.118 [JavaFX Application Thread] DEBUG Input                - Clearing active input actions
14:39:55.124 [JavaFX Application Thread] DEBUG GameApplicationServi - Removing overlay from FXGLLoadingScene and adding to GameScene
14:39:55.125 [JavaFX Application Thread] DEBUG PrimaryStageWindow   - FXGLLoadingScene -> GameScene
14:47:08.572 [JavaFX Application Thread] DEBUG FXGLApplication      - Exiting FXGL
14:47:08.576 [JavaFX Application Thread] DEBUG LoopRunner           - Stopping loop
14:47:08.577 [JavaFX Application Thread] DEBUG SystemBundleService  - Saving FXGL system data
14:47:08.592 [JavaFX Application Thread] DEBUG FileSystemAccess     - Writing to: C:\Users\Gia Phong\Downloads\Java\src\BombermanPlus\system\fxgl.bundle
14:47:08.596 [JavaFX Application Thread] DEBUG Async                - Shutting down background threads
14:47:08.597 [JavaFX Application Thread] DEBUG PrimaryStageWindow   - Closing main window
14:47:08.625 [JavaFX Application Thread] DEBUG Logger               - Closing Logger
