14:35:02.339 [main                     ] DEBUG Logger               - Configured Logger
14:35:02.357 [main                     ] DEBUG GameApplication      - Logging settings
Title: BOMBERMAN
Version: 1.0
Width: 1080
Height: 720
Fullscreen: false
Intro: false
Profiling: false
Single step:false
App Mode: DEVELOPER
Menu Key: ESCAPE
Stage Style: DECORATED
Scene Factory: class com.bomberman.bombermanplus.BombermanApp$1

14:35:02.701 [JavaFX Application Thread] DEBUG FXGLApplication      - Initializing FXGL
14:35:02.706 [JavaFX Application Thread] INFO  Engine               - FXGL-17.1 (24.03.2022 17.34) on WINDOWS (J:19 FX:19-ea)
14:35:02.706 [JavaFX Application Thread] DEBUG Engine               - JRE Vendor Name: Oracle Corporation
14:35:02.706 [JavaFX Application Thread] DEBUG Engine               - Running on OS: Windows 11 version 10.0
14:35:02.707 [JavaFX Application Thread] DEBUG Engine               - Architecture: amd64
14:35:02.707 [JavaFX Application Thread] INFO  Engine               - Source code and latest versions at: https://github.com/AlmasB/FXGL
14:35:02.707 [JavaFX Application Thread] INFO  Engine               -       Ask questions and discuss at: https://github.com/AlmasB/FXGL/discussions
14:35:02.707 [JavaFX Application Thread] INFO  Engine               -              Join the FXGL chat at: https://gitter.im/AlmasB/FXGL
14:35:02.770 [JavaFX Application Thread] DEBUG PrimaryStageWindow   - Creating a JavaFX scene
14:35:02.806 [JavaFX Application Thread] DEBUG PrimaryStageWindow   - Target settings size: 1080.0 x 720.0
14:35:02.806 [JavaFX Application Thread] DEBUG PrimaryStageWindow   - Scaled scene size:    1080.0 x 720.0
14:35:02.806 [JavaFX Application Thread] DEBUG PrimaryStageWindow   - Scaled ratio: (1.0, 1.0)
14:35:02.807 [JavaFX Application Thread] DEBUG PrimaryStageWindow   - Set initial scene to FXGLStartupScene
14:35:02.812 [JavaFX Application Thread] DEBUG PrimaryStageWindow   - Opening main window
14:35:02.880 [JavaFX Application Thread] DEBUG PrimaryStageWindow   - Window border size: (14.4000244140625, 37.5999755859375)
14:35:02.880 [JavaFX Application Thread] DEBUG PrimaryStageWindow   - Scaled size: 1080.0 x 720.0
14:35:02.880 [JavaFX Application Thread] DEBUG PrimaryStageWindow   - Scaled ratio: (1.0, 1.0)
14:35:02.880 [JavaFX Application Thread] DEBUG PrimaryStageWindow   - Scene size: 1080.0 x 720.0
14:35:02.881 [JavaFX Application Thread] DEBUG PrimaryStageWindow   - Stage size: 1094.4000244140625 x 757.5999755859375
14:35:02.889 [FXGL Background Thread 1 ] DEBUG Engine               - Initializing environment variables
14:35:02.943 [FXGL Background Thread 1 ] DEBUG FXGLAssetLoaderServi - User app class for loading assets: class com.bomberman.bombermanplus.BombermanApp
14:35:02.944 [FXGL Background Thread 1 ] DEBUG GameApplicationServi - Applying CSS: fxgl_dark.css
14:35:02.945 [FXGL Background Thread 1 ] DEBUG FXGLAssetLoaderServi - Loading from file system: jar:file:///C:/Users/ADMIN/.m2/repository/com/github/almasb/fxgl/17.1/fxgl-17.1.jar!/fxglassets/ui/css/fxgl_dark.css
14:35:02.980 [FXGL Background Thread 1 ] DEBUG GameApplicationServi - Initializing application scenes
14:35:03.016 [FXGL Background Thread 1 ] DEBUG GameWorld            - Game world initialized
14:35:03.085 [FXGL Background Thread 1 ] DEBUG PhysicsWorld         - Physics world initialized: appHeight=720, physics.ppm=50.0
14:35:03.086 [FXGL Background Thread 1 ] DEBUG PhysicsWorld         - Using strategy: BRUTE_FORCE
14:35:03.092 [FXGL Background Thread 1 ] DEBUG GameScene            - Game scene initialized: 1080x720
14:35:03.126 [FXGL Background Thread 1 ] DEBUG GameApplicationServi - Application scenes initialized
14:35:03.138 [FXGL Background Thread 1 ] DEBUG SystemBundleService  - Loading FXGL system data
14:35:03.143 [FXGL Background Thread 1 ] DEBUG FileSystemAccess     - Reading from: C:\Users\ADMIN\IdeaProjects\BombermanPlus\system\fxgl.bundle
14:35:03.153 [FXGL Background Thread 1 ] DEBUG SystemBundleService  - Bundle FXGL: {}
14:35:03.153 [FXGL Background Thread 1 ] DEBUG UpdaterService       - Checking for updates
14:35:03.157 [FXGL Background Thread 4 ] DEBUG FXGLApplication      - Loading fonts
14:35:03.158 [FXGL Background Thread 1 ] DEBUG FXGLApplication      - Loading default localization
14:35:03.158 [FXGL Background Thread 4 ] DEBUG FXGLAssetLoaderServi - Loading from file system: jar:file:///C:/Users/ADMIN/.m2/repository/com/github/almasb/fxgl/17.1/fxgl-17.1.jar!/fxglassets/ui/fonts/VarelaRound-Regular.ttf
14:35:03.158 [FXGL Background Thread 1 ] DEBUG FXGLAssetLoaderServi - Loading from file system: jar:file:///C:/Users/ADMIN/.m2/repository/com/github/almasb/fxgl/17.1/fxgl-17.1.jar!/fxglassets/languages/english.lang
14:35:03.173 [FXGL Background Thread 1 ] INFO  FXGLApplication      - FXGL initialization took: 0.284 sec
14:35:03.181 [JavaFX Application Thread] DEBUG Input                - Registered new binding: Move Right - D
14:35:03.182 [JavaFX Application Thread] DEBUG Input                - Registered new binding: Move Up - W
14:35:03.182 [JavaFX Application Thread] DEBUG Input                - Registered new binding: Move Down - S
14:35:03.182 [JavaFX Application Thread] DEBUG Input                - Registered new binding: Move Left - A
14:35:03.182 [JavaFX Application Thread] DEBUG Input                - Registered new binding: Place bomb - Space
14:35:03.183 [JavaFX Application Thread] DEBUG FXGLAssetLoaderServi - Loading from file system: jar:file:///C:/Users/ADMIN/.m2/repository/com/github/almasb/fxgl/17.1/fxgl-17.1.jar!/fxglassets/textures/fxgl_icon.png
14:35:03.230 [JavaFX Application Thread] DEBUG FXGLAssetLoaderServi - Loading from file system: jar:file:///C:/Users/ADMIN/.m2/repository/com/github/almasb/fxgl/17.1/fxgl-17.1.jar!/fxglassets/textures/fxgl_default_cursor.png
14:35:03.233 [JavaFX Application Thread] DEBUG Input                - Registered new binding: Screenshot - CTRL+8
14:35:03.234 [JavaFX Application Thread] DEBUG Input                - Registered new binding: System info dump - CTRL+9
14:35:03.234 [JavaFX Application Thread] DEBUG Input                - Registered new binding: Restart - CTRL+R
14:35:03.236 [JavaFX Application Thread] DEBUG Input                - Registered new binding: Toggle Debug Camera - CTRL+7
14:35:03.240 [JavaFX Application Thread] DEBUG LoopRunner           - Starting loop
14:35:03.240 [JavaFX Application Thread] DEBUG LoopRunner           - Initializing JavaFX AnimationTimerLoop
14:35:03.246 [JavaFX Application Thread] DEBUG Input                - Clearing active input actions
14:35:03.254 [JavaFX Application Thread] DEBUG GameApplicationServi - Removing overlay from FXGLStartupScene and adding to FXGLMainMenuDummyScene
14:35:03.254 [JavaFX Application Thread] DEBUG PrimaryStageWindow   - FXGLStartupScene -> FXGLMainMenuDummyScene
14:35:03.254 [JavaFX Application Thread] DEBUG PrimaryStageWindow   - Push state: BombermanMenu
14:35:03.255 [JavaFX Application Thread] DEBUG Input                - Clearing active input actions
14:35:03.258 [JavaFX Application Thread] DEBUG GameApplicationServi - Removing overlay from FXGLMainMenuDummyScene and adding to BombermanMenu
14:35:03.259 [JavaFX Application Thread] DEBUG PrimaryStageWindow   - FXGLMainMenuDummyScene -> BombermanMenu
14:35:03.264 [FXGL Background Thread 4 ] DEBUG FXGLAssetLoaderServi - Loading from file system: jar:file:///C:/Users/ADMIN/.m2/repository/com/github/almasb/fxgl/17.1/fxgl-17.1.jar!/fxglassets/ui/fonts/Abel-Regular.ttf
14:35:03.281 [FXGL Background Thread 4 ] DEBUG FXGLAssetLoaderServi - Loading from file system: jar:file:///C:/Users/ADMIN/.m2/repository/com/github/almasb/fxgl/17.1/fxgl-17.1.jar!/fxglassets/ui/fonts/TerminalLandMono-Regular.otf
14:35:03.300 [FXGL Background Thread 4 ] DEBUG FXGLAssetLoaderServi - Loading from file system: jar:file:///C:/Users/ADMIN/.m2/repository/com/github/almasb/fxgl/17.1/fxgl-17.1.jar!/fxglassets/ui/fonts/Courier-Prime.ttf
14:35:03.316 [JavaFX Application Thread] DEBUG FXGLApplication      - Registering font factories with UI factory
14:35:03.960 [FXGL Background Thread 2 ] INFO  UpdaterService       - Your current version:  17.1
14:35:03.960 [FXGL Background Thread 2 ] INFO  UpdaterService       - Latest stable version: 17.2
14:35:04.042 [JavaFX Application Thread] DEBUG Menu                 - fireNewGame()
14:35:04.042 [JavaFX Application Thread] DEBUG GameApplicationServi - Starting new game
14:35:04.043 [JavaFX Application Thread] DEBUG PrimaryStageWindow   - Pop state: BombermanMenu
14:35:04.043 [JavaFX Application Thread] DEBUG Input                - Clearing active input actions
14:35:04.043 [JavaFX Application Thread] DEBUG GameApplicationServi - Removing overlay from BombermanMenu and adding to FXGLMainMenuDummyScene
14:35:04.043 [JavaFX Application Thread] DEBUG PrimaryStageWindow   - FXGLMainMenuDummyScene <- BombermanMenu
14:35:04.044 [JavaFX Application Thread] DEBUG Input                - Clearing active input actions
14:35:04.051 [JavaFX Application Thread] DEBUG GameApplicationServi - Removing overlay from FXGLMainMenuDummyScene and adding to FXGLLoadingScene
14:35:04.052 [JavaFX Application Thread] DEBUG PrimaryStageWindow   - FXGLMainMenuDummyScene -> FXGLLoadingScene
14:35:04.052 [JavaFX Application Thread] DEBUG GameApplicationServi - Clearing previous game
14:35:04.052 [JavaFX Application Thread] DEBUG GameScene            - Clearing game scene
14:35:04.052 [JavaFX Application Thread] DEBUG GameWorld            - Clearing game world
14:35:04.052 [JavaFX Application Thread] DEBUG PhysicsWorld         - Clearing physics world
14:35:04.053 [FXGL Background Thread 2 ] DEBUG FXGLApplication      - Initializing game
14:35:04.084 [FXGL Background Thread 2 ] WARN  TMXLevelLoader       - TiledMap generated from 1.9.2. Supported version: 1.4.2. Some features may not be parsed fully.
14:35:04.094 [FXGL Background Thread 2 ] DEBUG TMXLevelLoader       - Parsed TiledMap: file:/C:/Users/ADMIN/IdeaProjects/BombermanPlus/target/classes/assets/levels/lv1.tmx
14:35:04.095 [FXGL Background Thread 2 ] DEBUG TMXLevelLoader       - Creating tile layer entities
14:35:04.096 [FXGL Background Thread 2 ] DEBUG TilesetLoader        - Loading view for layer Tile Layer 1
14:35:04.098 [FXGL Background Thread 2 ] DEBUG TilesetLoader        - Created buffer with size 1056.0x720.0
14:35:04.129 [FXGL Background Thread 2 ] DEBUG TMXLevelLoader       - Creating object layer entities
14:35:04.136 [FXGL Background Thread 2 ] DEBUG FXGLAssetLoaderServi - Loading from file system: file:/C:/Users/ADMIN/IdeaProjects/BombermanPlus/target/classes/assets/textures/items/portal.png
14:35:04.145 [FXGL Background Thread 2 ] DEBUG FXGLAssetLoaderServi - Loading from file system: file:/C:/Users/ADMIN/IdeaProjects/BombermanPlus/target/classes/assets/textures/items/powerup_speed.png
14:35:04.150 [FXGL Background Thread 2 ] DEBUG FXGLAssetLoaderServi - Loading from file system: file:/C:/Users/ADMIN/IdeaProjects/BombermanPlus/target/classes/assets/textures/items/powerup_bombs.png
14:35:04.153 [FXGL Background Thread 2 ] DEBUG FXGLAssetLoaderServi - Loading from file system: file:/C:/Users/ADMIN/IdeaProjects/BombermanPlus/target/classes/assets/textures/items/powerup_flamepass.png
14:35:04.156 [FXGL Background Thread 2 ] DEBUG FXGLAssetLoaderServi - Loading from file system: file:/C:/Users/ADMIN/IdeaProjects/BombermanPlus/target/classes/assets/textures/items/powerup_flames.png
14:35:04.191 [FXGL Background Thread 2 ] DEBUG FXGLAssetLoaderServi - Loading from file system: file:/C:/Users/ADMIN/IdeaProjects/BombermanPlus/target/classes/assets/textures/sprites.png
14:35:04.222 [FXGL Background Thread 2 ] DEBUG GameWorld            - Clearing removable entities
14:35:04.222 [FXGL Background Thread 2 ] DEBUG GameWorld            - Setting level: com.almasb.fxgl.entity.level.Level@1c4eb5e1
14:35:04.235 [FXGL Background Thread 2 ] INFO  FXGLApplication      - Game initialization took: 0.182 sec
14:35:04.236 [JavaFX Application Thread] DEBUG Input                - Clearing active input actions
14:35:04.241 [JavaFX Application Thread] DEBUG GameApplicationServi - Removing overlay from FXGLLoadingScene and adding to GameScene
14:35:04.242 [JavaFX Application Thread] DEBUG PrimaryStageWindow   - FXGLLoadingScene -> GameScene
14:35:06.156 [FXGL Background Thread 3 ] DEBUG Engine               - Logging environment variables
14:35:06.156 [FXGL Background Thread 3 ] DEBUG Engine               - achievements: []
14:35:06.156 [FXGL Background Thread 3 ] DEBUG Engine               - actualHeight: 720.0
14:35:06.157 [FXGL Background Thread 3 ] DEBUG Engine               - actualHeightProperty: ReadOnlyDoubleProperty [value: 720.0]
14:35:06.157 [FXGL Background Thread 3 ] DEBUG Engine               - actualWidth: 1080.0
14:35:06.158 [FXGL Background Thread 3 ] DEBUG Engine               - actualWidthProperty: ReadOnlyDoubleProperty [value: 1080.0]
14:35:06.158 [FXGL Background Thread 3 ] DEBUG Engine               - appIcon: fxgl_icon.png
14:35:06.158 [FXGL Background Thread 3 ] DEBUG Engine               - applicationMode: DEVELOPER
14:35:06.158 [FXGL Background Thread 3 ] DEBUG Engine               - cSSList: [fxgl_dark.css]
14:35:06.158 [FXGL Background Thread 3 ] DEBUG Engine               - collisionDetectionStrategy: BRUTE_FORCE
14:35:06.158 [FXGL Background Thread 3 ] DEBUG Engine               - configClass: Optional.empty
14:35:06.158 [FXGL Background Thread 3 ] DEBUG Engine               - credits: []
14:35:06.158 [FXGL Background Thread 3 ] DEBUG Engine               - defaultCursor: CursorInfo(imageName=fxgl_default_cursor.png, hotspotX=7.0, hotspotY=6.0)
14:35:06.158 [FXGL Background Thread 3 ] DEBUG Engine               - devBBoxColorProperty: ObjectProperty [value: 0xff0000ff]
14:35:06.158 [FXGL Background Thread 3 ] DEBUG Engine               - devEnableDebugCameraProperty: BooleanProperty [value: false]
14:35:06.158 [FXGL Background Thread 3 ] DEBUG Engine               - devSensorColorProperty: ObjectProperty [value: 0xffff00ff]
14:35:06.158 [FXGL Background Thread 3 ] DEBUG Engine               - devShowBBoxProperty: BooleanProperty [value: false]
14:35:06.158 [FXGL Background Thread 3 ] DEBUG Engine               - devShowPositionProperty: BooleanProperty [value: false]
14:35:06.158 [FXGL Background Thread 3 ] DEBUG Engine               - enabledMenuItems: []
14:35:06.158 [FXGL Background Thread 3 ] DEBUG Engine               - engineServices: [class com.almasb.fxgl.app.services.FXGLAssetLoaderService, class com.almasb.fxgl.app.FXGLApplication$GameApplicationService, class com.almasb.fxgl.app.services.FXGLDialogService, class com.almasb.fxgl.app.services.IOTaskExecutorService, class com.almasb.fxgl.io.FileSystemService, class com.almasb.fxgl.localization.LocalizationService, class com.almasb.fxgl.app.services.SystemBundleService, class com.almasb.fxgl.profile.SaveLoadService, class com.almasb.fxgl.ui.FXGLUIFactoryServiceProvider, class com.almasb.fxgl.ui.FXGLDialogFactoryServiceProvider, class com.almasb.fxgl.audio.AudioPlayer, class com.almasb.fxgl.notification.impl.NotificationServiceProvider, class com.almasb.fxgl.achievement.AchievementService, class com.almasb.fxgl.cutscene.CutsceneService, class com.almasb.fxgl.minigames.MiniGameService, class com.almasb.fxgl.net.NetService, class com.almasb.fxgl.app.services.UpdaterService, class com.almasb.fxgl.dev.DevService]
14:35:06.158 [FXGL Background Thread 3 ] DEBUG Engine               - fontGame: Abel-Regular.ttf
14:35:06.158 [FXGL Background Thread 3 ] DEBUG Engine               - fontMono: TerminalLandMono-Regular.otf
14:35:06.158 [FXGL Background Thread 3 ] DEBUG Engine               - fontText: Courier-Prime.ttf
14:35:06.158 [FXGL Background Thread 3 ] DEBUG Engine               - fontUI: VarelaRound-Regular.ttf
14:35:06.158 [FXGL Background Thread 3 ] DEBUG Engine               - fullScreen: BooleanProperty [value: false]
14:35:06.158 [FXGL Background Thread 3 ] DEBUG Engine               - gameDifficulty: MEDIUM
14:35:06.158 [FXGL Background Thread 3 ] DEBUG Engine               - gameDifficultyProperty: ObjectProperty [value: MEDIUM]
14:35:06.159 [FXGL Background Thread 3 ] DEBUG Engine               - globalMusicVolume: 0.5
14:35:06.159 [FXGL Background Thread 3 ] DEBUG Engine               - globalMusicVolumeProperty: DoubleProperty [value: 0.5]
14:35:06.159 [FXGL Background Thread 3 ] DEBUG Engine               - globalSoundVolume: 0.5
14:35:06.159 [FXGL Background Thread 3 ] DEBUG Engine               - globalSoundVolumeProperty: DoubleProperty [value: 0.5]
14:35:06.159 [FXGL Background Thread 3 ] DEBUG Engine               - height: 720
14:35:06.159 [FXGL Background Thread 3 ] DEBUG Engine               - is3D: false
14:35:06.159 [FXGL Background Thread 3 ] DEBUG Engine               - isAndroid: false
14:35:06.159 [FXGL Background Thread 3 ] DEBUG Engine               - isBrowser: false
14:35:06.159 [FXGL Background Thread 3 ] DEBUG Engine               - isClickFeedbackEnabled: false
14:35:06.159 [FXGL Background Thread 3 ] DEBUG Engine               - isCloseConfirmation: false
14:35:06.159 [FXGL Background Thread 3 ] DEBUG Engine               - isDesktop: true
14:35:06.159 [FXGL Background Thread 3 ] DEBUG Engine               - isDeveloperMenuEnabled: false
14:35:06.159 [FXGL Background Thread 3 ] DEBUG Engine               - isEmbedded: false
14:35:06.159 [FXGL Background Thread 3 ] DEBUG Engine               - isEntityPreloadEnabled: true
14:35:06.159 [FXGL Background Thread 3 ] DEBUG Engine               - isExperimentalTiledLargeMap: false
14:35:06.159 [FXGL Background Thread 3 ] DEBUG Engine               - isFileSystemWriteAllowed: true
14:35:06.159 [FXGL Background Thread 3 ] DEBUG Engine               - isFullScreenAllowed: false
14:35:06.159 [FXGL Background Thread 3 ] DEBUG Engine               - isFullScreenFromStart: false
14:35:06.159 [FXGL Background Thread 3 ] DEBUG Engine               - isGameMenuEnabled: false
14:35:06.159 [FXGL Background Thread 3 ] DEBUG Engine               - isIOS: false
14:35:06.159 [FXGL Background Thread 3 ] DEBUG Engine               - isIntroEnabled: false
14:35:06.159 [FXGL Background Thread 3 ] DEBUG Engine               - isLinux: false
14:35:06.159 [FXGL Background Thread 3 ] DEBUG Engine               - isMac: false
14:35:06.159 [FXGL Background Thread 3 ] DEBUG Engine               - isMainMenuEnabled: true
14:35:06.160 [FXGL Background Thread 3 ] DEBUG Engine               - isManualResizeEnabled: false
14:35:06.160 [FXGL Background Thread 3 ] DEBUG Engine               - isMobile: false
14:35:06.160 [FXGL Background Thread 3 ] DEBUG Engine               - isNative: false
14:35:06.160 [FXGL Background Thread 3 ] DEBUG Engine               - isPauseMusicWhenMinimized: true
14:35:06.160 [FXGL Background Thread 3 ] DEBUG Engine               - isPreserveResizeRatio: false
14:35:06.160 [FXGL Background Thread 3 ] DEBUG Engine               - isProfilingEnabled: false
14:35:06.160 [FXGL Background Thread 3 ] DEBUG Engine               - isScaleAffectedOnResize: true
14:35:06.161 [FXGL Background Thread 3 ] DEBUG Engine               - isSingleStep: false
14:35:06.161 [FXGL Background Thread 3 ] DEBUG Engine               - isUserProfileEnabled: false
14:35:06.161 [FXGL Background Thread 3 ] DEBUG Engine               - isWindows: true
14:35:06.161 [FXGL Background Thread 3 ] DEBUG Engine               - language: ObjectProperty [value: ENGLISH]
14:35:06.161 [FXGL Background Thread 3 ] DEBUG Engine               - menuKey: ESCAPE
14:35:06.161 [FXGL Background Thread 3 ] DEBUG Engine               - mouseSensitivity: 0.2
14:35:06.161 [FXGL Background Thread 3 ] DEBUG Engine               - notificationViewClass: class com.almasb.fxgl.notification.view.XboxNotificationView
14:35:06.161 [FXGL Background Thread 3 ] DEBUG Engine               - pixelsPerMeter: 50.0
14:35:06.161 [FXGL Background Thread 3 ] DEBUG Engine               - platform: WINDOWS
14:35:06.161 [FXGL Background Thread 3 ] DEBUG Engine               - prefHeightProperty: ReadOnlyDoubleProperty [value: 720.0]
14:35:06.161 [FXGL Background Thread 3 ] DEBUG Engine               - prefWidthProperty: ReadOnlyDoubleProperty [value: 1080.0]
14:35:06.161 [FXGL Background Thread 3 ] DEBUG Engine               - profileDir: profiles/
14:35:06.161 [FXGL Background Thread 3 ] DEBUG Engine               - profileName: StringProperty [value: DEFAULT]
14:35:06.161 [FXGL Background Thread 3 ] DEBUG Engine               - randomSeed: -1
14:35:06.161 [FXGL Background Thread 3 ] DEBUG Engine               - runtimeInfo: RuntimeInfo(platform=WINDOWS, version=17.1, build=24.03.2022 17.34)
14:35:06.161 [FXGL Background Thread 3 ] DEBUG Engine               - saveFileExt: sav
14:35:06.161 [FXGL Background Thread 3 ] DEBUG Engine               - scaledHeightProp$fxgl: DoubleProperty [bound, value: 720.0]
14:35:06.161 [FXGL Background Thread 3 ] DEBUG Engine               - scaledWidthProp$fxgl: DoubleProperty [bound, value: 1080.0]
14:35:06.161 [FXGL Background Thread 3 ] DEBUG Engine               - sceneFactory: com.bomberman.bombermanplus.BombermanApp$1@2627938d
14:35:06.161 [FXGL Background Thread 3 ] DEBUG Engine               - secondsIn24h: 60
14:35:06.161 [FXGL Background Thread 3 ] DEBUG Engine               - soundMenuBack: menu/back.wav
14:35:06.161 [FXGL Background Thread 3 ] DEBUG Engine               - soundMenuPress: menu/press.wav
14:35:06.162 [FXGL Background Thread 3 ] DEBUG Engine               - soundMenuSelect: menu/select.wav
14:35:06.162 [FXGL Background Thread 3 ] DEBUG Engine               - soundNotification: core/notification.wav
14:35:06.162 [FXGL Background Thread 3 ] DEBUG Engine               - stageStyle: DECORATED
14:35:06.162 [FXGL Background Thread 3 ] DEBUG Engine               - supportedLanguages: [ENGLISH, FRENCH, GERMAN, HUNGARIAN, RUSSIAN]
14:35:06.162 [FXGL Background Thread 3 ] DEBUG Engine               - ticksPerSecond: -1
14:35:06.162 [FXGL Background Thread 3 ] DEBUG Engine               - title: BOMBERMAN
14:35:06.162 [FXGL Background Thread 3 ] DEBUG Engine               - urlGithub: https://github.com/AlmasB/FXGL
14:35:06.162 [FXGL Background Thread 3 ] DEBUG Engine               - urlLeaderboard: http://fxgl-top.herokuapp.com/
14:35:06.162 [FXGL Background Thread 3 ] DEBUG Engine               - urlPOM: https://raw.githubusercontent.com/AlmasB/FXGL/release/README.md
14:35:06.162 [FXGL Background Thread 3 ] DEBUG Engine               - userAppClass: class com.bomberman.bombermanplus.BombermanApp
14:35:06.162 [FXGL Background Thread 3 ] DEBUG Engine               - version: 1.0
14:35:06.162 [FXGL Background Thread 3 ] DEBUG Engine               - versionCheckDays: 7
14:35:06.162 [FXGL Background Thread 3 ] DEBUG Engine               - width: 1080
14:35:06.162 [FXGL Background Thread 3 ] DEBUG Engine               - Logging services
14:35:06.162 [FXGL Background Thread 3 ] DEBUG Engine               - class com.almasb.fxgl.app.services.FXGLAssetLoaderService
14:35:06.162 [FXGL Background Thread 3 ] DEBUG Engine               - class com.almasb.fxgl.app.FXGLApplication$GameApplicationService
14:35:06.162 [FXGL Background Thread 3 ] DEBUG Engine               - class com.almasb.fxgl.app.services.FXGLDialogService
14:35:06.162 [FXGL Background Thread 3 ] DEBUG Engine               - class com.almasb.fxgl.app.services.IOTaskExecutorService
14:35:06.162 [FXGL Background Thread 3 ] DEBUG Engine               - class com.almasb.fxgl.io.FileSystemService
14:35:06.162 [FXGL Background Thread 3 ] DEBUG Engine               - class com.almasb.fxgl.localization.LocalizationService
14:35:06.162 [FXGL Background Thread 3 ] DEBUG Engine               - class com.almasb.fxgl.app.services.SystemBundleService
14:35:06.162 [FXGL Background Thread 3 ] DEBUG Engine               - class com.almasb.fxgl.profile.SaveLoadService
14:35:06.162 [FXGL Background Thread 3 ] DEBUG Engine               - class com.almasb.fxgl.ui.FXGLUIFactoryServiceProvider
14:35:06.162 [FXGL Background Thread 3 ] DEBUG Engine               - class com.almasb.fxgl.ui.FXGLDialogFactoryServiceProvider
14:35:06.162 [FXGL Background Thread 3 ] DEBUG Engine               - class com.almasb.fxgl.audio.AudioPlayer
14:35:06.162 [FXGL Background Thread 3 ] DEBUG Engine               - class com.almasb.fxgl.notification.impl.NotificationServiceProvider
14:35:06.162 [FXGL Background Thread 3 ] DEBUG Engine               - class com.almasb.fxgl.achievement.AchievementService
14:35:06.162 [FXGL Background Thread 3 ] DEBUG Engine               - class com.almasb.fxgl.cutscene.CutsceneService
14:35:06.162 [FXGL Background Thread 3 ] DEBUG Engine               - class com.almasb.fxgl.minigames.MiniGameService
14:35:06.162 [FXGL Background Thread 3 ] DEBUG Engine               - class com.almasb.fxgl.net.NetService
14:35:06.163 [FXGL Background Thread 3 ] DEBUG Engine               - class com.almasb.fxgl.app.services.UpdaterService
14:35:06.163 [FXGL Background Thread 3 ] DEBUG Engine               - class com.almasb.fxgl.dev.DevService
14:35:14.080 [JavaFX Application Thread] WARN  GameWorld            - Attempted to remove entity which is not active
14:36:39.396 [JavaFX Application Thread] DEBUG FXGLApplication      - Exiting FXGL
14:36:39.396 [JavaFX Application Thread] DEBUG LoopRunner           - Stopping loop
14:36:39.396 [JavaFX Application Thread] DEBUG SystemBundleService  - Saving FXGL system data
14:36:39.399 [JavaFX Application Thread] DEBUG FileSystemAccess     - Writing to: C:\Users\ADMIN\IdeaProjects\BombermanPlus\system\fxgl.bundle
14:36:39.401 [JavaFX Application Thread] DEBUG Async                - Shutting down background threads
14:36:39.401 [JavaFX Application Thread] DEBUG PrimaryStageWindow   - Closing main window
14:36:39.409 [JavaFX Application Thread] DEBUG Logger               - Closing Logger
