22:57:00.259 [main                     ] DEBUG Logger               - Configured Logger
22:57:00.296 [main                     ] DEBUG GameApplication      - Logging settings
Title: BOMBERMAN
Version: 1.0
Width: 1080
Height: 720
Fullscreen: false
Intro: false
Profiling: false
Single step:false
App Mode: DEVELOPER
Menu Key: ESCAPE
Stage Style: DECORATED
Scene Factory: class com.bomberman.bombermanplus.BombermanApp$1

22:57:01.024 [JavaFX Application Thread] DEBUG FXGLApplication      - Initializing FXGL
22:57:01.032 [JavaFX Application Thread] INFO  Engine               - FXGL-17.1 (24.03.2022 17.34) on WINDOWS (J:19 FX:19-ea)
22:57:01.033 [JavaFX Application Thread] DEBUG Engine               - JRE Vendor Name: Oracle Corporation
22:57:01.033 [JavaFX Application Thread] DEBUG Engine               - Running on OS: Windows 11 version 10.0
22:57:01.033 [JavaFX Application Thread] DEBUG Engine               - Architecture: amd64
22:57:01.033 [JavaFX Application Thread] INFO  Engine               - Source code and latest versions at: https://github.com/AlmasB/FXGL
22:57:01.034 [JavaFX Application Thread] INFO  Engine               -       Ask questions and discuss at: https://github.com/AlmasB/FXGL/discussions
22:57:01.034 [JavaFX Application Thread] INFO  Engine               -              Join the FXGL chat at: https://gitter.im/AlmasB/FXGL
22:57:01.216 [JavaFX Application Thread] DEBUG PrimaryStageWindow   - Creating a JavaFX scene
22:57:01.315 [JavaFX Application Thread] DEBUG PrimaryStageWindow   - Target settings size: 1080.0 x 720.0
22:57:01.316 [JavaFX Application Thread] DEBUG PrimaryStageWindow   - Scaled scene size:    1080.0 x 720.0
22:57:01.317 [JavaFX Application Thread] DEBUG PrimaryStageWindow   - Scaled ratio: (1.0, 1.0)
22:57:01.318 [JavaFX Application Thread] DEBUG PrimaryStageWindow   - Set initial scene to FXGLStartupScene
22:57:01.328 [JavaFX Application Thread] DEBUG PrimaryStageWindow   - Opening main window
22:57:01.471 [JavaFX Application Thread] DEBUG PrimaryStageWindow   - Window border size: (14.4000244140625, 37.5999755859375)
22:57:01.472 [JavaFX Application Thread] DEBUG PrimaryStageWindow   - Scaled size: 1080.0 x 720.0
22:57:01.473 [JavaFX Application Thread] DEBUG PrimaryStageWindow   - Scaled ratio: (1.0, 1.0)
22:57:01.474 [JavaFX Application Thread] DEBUG PrimaryStageWindow   - Scene size: 1080.0 x 720.0
22:57:01.474 [JavaFX Application Thread] DEBUG PrimaryStageWindow   - Stage size: 1094.4000244140625 x 757.5999755859375
22:57:01.494 [FXGL Background Thread 1 ] DEBUG Engine               - Initializing environment variables
22:57:01.608 [FXGL Background Thread 1 ] DEBUG FXGLAssetLoaderServi - User app class for loading assets: class com.bomberman.bombermanplus.BombermanApp
22:57:01.609 [FXGL Background Thread 1 ] DEBUG GameApplicationServi - Applying CSS: fxgl_dark.css
22:57:01.612 [FXGL Background Thread 1 ] DEBUG FXGLAssetLoaderServi - Loading from file system: jar:file:///C:/Users/ADMIN/.m2/repository/com/github/almasb/fxgl/17.1/fxgl-17.1.jar!/fxglassets/ui/css/fxgl_dark.css
22:57:01.698 [FXGL Background Thread 1 ] DEBUG GameApplicationServi - Initializing application scenes
22:57:01.778 [FXGL Background Thread 1 ] DEBUG GameWorld            - Game world initialized
22:57:01.920 [FXGL Background Thread 1 ] DEBUG PhysicsWorld         - Physics world initialized: appHeight=720, physics.ppm=50.0
22:57:01.921 [FXGL Background Thread 1 ] DEBUG PhysicsWorld         - Using strategy: BRUTE_FORCE
22:57:01.930 [FXGL Background Thread 1 ] DEBUG GameScene            - Game scene initialized: 1080x720
22:57:02.076 [FXGL Background Thread 1 ] DEBUG GameApplicationServi - Application scenes initialized
22:57:02.107 [FXGL Background Thread 1 ] DEBUG SystemBundleService  - Loading FXGL system data
22:57:02.121 [FXGL Background Thread 1 ] DEBUG FileSystemAccess     - Reading from: C:\Users\ADMIN\IdeaProjects\BombermanPlus\system\fxgl.bundle
22:57:02.153 [FXGL Background Thread 1 ] DEBUG SystemBundleService  - Bundle FXGL: {}
22:57:02.154 [FXGL Background Thread 1 ] DEBUG UpdaterService       - Checking for updates
22:57:02.216 [FXGL Background Thread 4 ] DEBUG FXGLApplication      - Loading fonts
22:57:02.216 [FXGL Background Thread 1 ] DEBUG FXGLApplication      - Loading default localization
22:57:02.217 [FXGL Background Thread 4 ] DEBUG FXGLAssetLoaderServi - Loading from file system: file:/C:/Users/ADMIN/IdeaProjects/BombermanPlus/target/classes/assets/ui/fonts/Retro%20Gaming.ttf
22:57:02.217 [FXGL Background Thread 1 ] DEBUG FXGLAssetLoaderServi - Loading from file system: jar:file:///C:/Users/ADMIN/.m2/repository/com/github/almasb/fxgl/17.1/fxgl-17.1.jar!/fxglassets/languages/english.lang
22:57:02.249 [FXGL Background Thread 1 ] INFO  FXGLApplication      - FXGL initialization took: 0.755 sec
22:57:02.269 [JavaFX Application Thread] DEBUG Input                - Registered new binding: Move Right - D
22:57:02.269 [JavaFX Application Thread] DEBUG Input                - Registered new binding: Move Up - W
22:57:02.270 [JavaFX Application Thread] DEBUG Input                - Registered new binding: Move Down - S
22:57:02.270 [JavaFX Application Thread] DEBUG Input                - Registered new binding: Move Left - A
22:57:02.270 [JavaFX Application Thread] DEBUG Input                - Registered new binding: Place bomb - Space
22:57:02.271 [JavaFX Application Thread] DEBUG FXGLAssetLoaderServi - Loading from file system: file:/C:/Users/ADMIN/IdeaProjects/BombermanPlus/target/classes/assets/music/title_screen.mp3
22:57:02.615 [FXGL Background Thread 4 ] DEBUG FXGLAssetLoaderServi - Loading from file system: jar:file:///C:/Users/ADMIN/.m2/repository/com/github/almasb/fxgl/17.1/fxgl-17.1.jar!/fxglassets/ui/fonts/Abel-Regular.ttf
22:57:02.640 [FXGL Background Thread 4 ] DEBUG FXGLAssetLoaderServi - Loading from file system: jar:file:///C:/Users/ADMIN/.m2/repository/com/github/almasb/fxgl/17.1/fxgl-17.1.jar!/fxglassets/ui/fonts/TerminalLandMono-Regular.otf
22:57:02.682 [FXGL Background Thread 4 ] DEBUG FXGLAssetLoaderServi - Loading from file system: jar:file:///C:/Users/ADMIN/.m2/repository/com/github/almasb/fxgl/17.1/fxgl-17.1.jar!/fxglassets/ui/fonts/Courier-Prime.ttf
22:57:03.129 [JavaFX Application Thread] DEBUG AudioPlayer          - Playing music com.almasb.fxgl.audio.Music@6003ccc2
22:57:03.130 [JavaFX Application Thread] DEBUG FXGLAssetLoaderServi - Loading from file system: jar:file:///C:/Users/ADMIN/.m2/repository/com/github/almasb/fxgl/17.1/fxgl-17.1.jar!/fxglassets/textures/fxgl_icon.png
22:57:03.155 [FXGL Background Thread 2 ] INFO  UpdaterService       - Your current version:  17.1
22:57:03.155 [FXGL Background Thread 2 ] INFO  UpdaterService       - Latest stable version: 17.2
22:57:03.184 [JavaFX Application Thread] DEBUG FXGLAssetLoaderServi - Loading from file system: jar:file:///C:/Users/ADMIN/.m2/repository/com/github/almasb/fxgl/17.1/fxgl-17.1.jar!/fxglassets/textures/fxgl_default_cursor.png
22:57:03.188 [JavaFX Application Thread] DEBUG Input                - Registered new binding: Screenshot - CTRL+8
22:57:03.189 [JavaFX Application Thread] DEBUG Input                - Registered new binding: Dev Options - 1
22:57:03.189 [JavaFX Application Thread] DEBUG Input                - Registered new binding: Dev Console - 2
22:57:03.190 [JavaFX Application Thread] DEBUG Input                - Registered new binding: System info dump - CTRL+9
22:57:03.190 [JavaFX Application Thread] DEBUG Input                - Registered new binding: Restart - CTRL+R
22:57:03.191 [JavaFX Application Thread] DEBUG Input                - Registered new binding: Toggle Debug Camera - CTRL+7
22:57:03.194 [JavaFX Application Thread] DEBUG AchievementService   - Registered new achievement: Slayer
22:57:03.194 [JavaFX Application Thread] DEBUG AchievementService   - Registered new achievement: See the world
22:57:03.194 [JavaFX Application Thread] DEBUG AchievementService   - Registered new achievement: Score owner
22:57:03.195 [JavaFX Application Thread] DEBUG LoopRunner           - Starting loop
22:57:03.213 [JavaFX Application Thread] DEBUG LoopRunner           - Initializing JavaFX AnimationTimerLoop
22:57:03.217 [JavaFX Application Thread] DEBUG Input                - Clearing active input actions
22:57:03.234 [JavaFX Application Thread] DEBUG GameApplicationServi - Removing overlay from FXGLStartupScene and adding to FXGLMainMenuDummyScene
22:57:03.240 [JavaFX Application Thread] DEBUG PrimaryStageWindow   - FXGLStartupScene -> FXGLMainMenuDummyScene
22:57:03.240 [JavaFX Application Thread] DEBUG PrimaryStageWindow   - Push state: BombermanMenu
22:57:03.241 [JavaFX Application Thread] DEBUG Input                - Clearing active input actions
22:57:03.244 [JavaFX Application Thread] DEBUG GameApplicationServi - Removing overlay from FXGLMainMenuDummyScene and adding to BombermanMenu
22:57:03.245 [JavaFX Application Thread] DEBUG PrimaryStageWindow   - FXGLMainMenuDummyScene -> BombermanMenu
22:57:03.257 [JavaFX Application Thread] DEBUG FXGLApplication      - Registering font factories with UI factory
22:57:04.327 [JavaFX Application Thread] DEBUG Menu                 - fireNewGame()
22:57:04.328 [JavaFX Application Thread] DEBUG GameApplicationServi - Starting new game
22:57:04.328 [JavaFX Application Thread] DEBUG PrimaryStageWindow   - Pop state: BombermanMenu
22:57:04.328 [JavaFX Application Thread] DEBUG Input                - Clearing active input actions
22:57:04.330 [JavaFX Application Thread] DEBUG GameApplicationServi - Removing overlay from BombermanMenu and adding to FXGLMainMenuDummyScene
22:57:04.334 [JavaFX Application Thread] DEBUG PrimaryStageWindow   - FXGLMainMenuDummyScene <- BombermanMenu
22:57:04.334 [JavaFX Application Thread] DEBUG Input                - Clearing active input actions
22:57:04.347 [JavaFX Application Thread] DEBUG GameApplicationServi - Removing overlay from FXGLMainMenuDummyScene and adding to FXGLLoadingScene
22:57:04.348 [JavaFX Application Thread] DEBUG PrimaryStageWindow   - FXGLMainMenuDummyScene -> FXGLLoadingScene
22:57:04.348 [JavaFX Application Thread] DEBUG GameApplicationServi - Clearing previous game
22:57:04.348 [JavaFX Application Thread] DEBUG GameScene            - Clearing game scene
22:57:04.348 [JavaFX Application Thread] DEBUG GameWorld            - Clearing game world
22:57:04.348 [JavaFX Application Thread] DEBUG PhysicsWorld         - Clearing physics world
22:57:04.351 [FXGL Background Thread 2 ] DEBUG FXGLApplication      - Initializing game
22:57:04.375 [FXGL Background Thread 2 ] DEBUG FXGLAssetLoaderServi - Loading from file system: file:/C:/Users/ADMIN/IdeaProjects/BombermanPlus/target/classes/assets/sounds/stage_start.wav
22:57:04.437 [FXGL Background Thread 2 ] INFO  FXGLApplication      - Game initialization took: 0.086 sec
22:57:04.451 [JavaFX Application Thread] DEBUG Input                - Clearing active input actions
22:57:04.460 [JavaFX Application Thread] DEBUG GameApplicationServi - Removing overlay from FXGLLoadingScene and adding to GameScene
22:57:04.465 [JavaFX Application Thread] DEBUG PrimaryStageWindow   - FXGLLoadingScene -> GameScene
22:57:05.213 [FXGL Background Thread 3 ] DEBUG Engine               - Logging environment variables
22:57:05.214 [FXGL Background Thread 3 ] DEBUG Engine               - achievements: [Slayer:achieved(false), See the world:achieved(false), Score owner:achieved(false)]
22:57:05.214 [FXGL Background Thread 3 ] DEBUG Engine               - actualHeight: 720.0
22:57:05.215 [FXGL Background Thread 3 ] DEBUG Engine               - actualHeightProperty: ReadOnlyDoubleProperty [value: 720.0]
22:57:05.215 [FXGL Background Thread 3 ] DEBUG Engine               - actualWidth: 1080.0
22:57:05.215 [FXGL Background Thread 3 ] DEBUG Engine               - actualWidthProperty: ReadOnlyDoubleProperty [value: 1080.0]
22:57:05.215 [FXGL Background Thread 3 ] DEBUG Engine               - appIcon: fxgl_icon.png
22:57:05.215 [FXGL Background Thread 3 ] DEBUG Engine               - applicationMode: DEVELOPER
22:57:05.215 [FXGL Background Thread 3 ] DEBUG Engine               - cSSList: [fxgl_dark.css]
22:57:05.216 [FXGL Background Thread 3 ] DEBUG Engine               - collisionDetectionStrategy: BRUTE_FORCE
22:57:05.216 [FXGL Background Thread 3 ] DEBUG Engine               - configClass: Optional.empty
22:57:05.216 [FXGL Background Thread 3 ] DEBUG Engine               - credits: []
22:57:05.218 [FXGL Background Thread 3 ] DEBUG Engine               - defaultCursor: CursorInfo(imageName=fxgl_default_cursor.png, hotspotX=7.0, hotspotY=6.0)
22:57:05.219 [FXGL Background Thread 3 ] DEBUG Engine               - devBBoxColorProperty: ObjectProperty [value: 0xff0000ff]
22:57:05.219 [FXGL Background Thread 3 ] DEBUG Engine               - devEnableDebugCameraProperty: BooleanProperty [value: false]
22:57:05.219 [FXGL Background Thread 3 ] DEBUG Engine               - devSensorColorProperty: ObjectProperty [value: 0xffff00ff]
22:57:05.219 [FXGL Background Thread 3 ] DEBUG Engine               - devShowBBoxProperty: BooleanProperty [value: false]
22:57:05.219 [FXGL Background Thread 3 ] DEBUG Engine               - devShowPositionProperty: BooleanProperty [value: false]
22:57:05.219 [FXGL Background Thread 3 ] DEBUG Engine               - enabledMenuItems: []
22:57:05.219 [FXGL Background Thread 3 ] DEBUG Engine               - engineServices: [class com.almasb.fxgl.app.services.FXGLAssetLoaderService, class com.almasb.fxgl.app.FXGLApplication$GameApplicationService, class com.almasb.fxgl.app.services.FXGLDialogService, class com.almasb.fxgl.app.services.IOTaskExecutorService, class com.almasb.fxgl.io.FileSystemService, class com.almasb.fxgl.localization.LocalizationService, class com.almasb.fxgl.app.services.SystemBundleService, class com.almasb.fxgl.profile.SaveLoadService, class com.almasb.fxgl.ui.FXGLUIFactoryServiceProvider, class com.almasb.fxgl.ui.FXGLDialogFactoryServiceProvider, class com.almasb.fxgl.audio.AudioPlayer, class com.almasb.fxgl.notification.impl.NotificationServiceProvider, class com.almasb.fxgl.achievement.AchievementService, class com.almasb.fxgl.cutscene.CutsceneService, class com.almasb.fxgl.minigames.MiniGameService, class com.almasb.fxgl.net.NetService, class com.almasb.fxgl.app.services.UpdaterService, class com.almasb.fxgl.dev.DevService]
22:57:05.220 [FXGL Background Thread 3 ] DEBUG Engine               - fontGame: Abel-Regular.ttf
22:57:05.220 [FXGL Background Thread 3 ] DEBUG Engine               - fontMono: TerminalLandMono-Regular.otf
22:57:05.220 [FXGL Background Thread 3 ] DEBUG Engine               - fontText: Courier-Prime.ttf
22:57:05.220 [FXGL Background Thread 3 ] DEBUG Engine               - fontUI: Retro Gaming.ttf
22:57:05.220 [FXGL Background Thread 3 ] DEBUG Engine               - fullScreen: BooleanProperty [value: false]
22:57:05.220 [FXGL Background Thread 3 ] DEBUG Engine               - gameDifficulty: MEDIUM
22:57:05.220 [FXGL Background Thread 3 ] DEBUG Engine               - gameDifficultyProperty: ObjectProperty [value: MEDIUM]
22:57:05.220 [FXGL Background Thread 3 ] DEBUG Engine               - globalMusicVolume: 0.5
22:57:05.221 [FXGL Background Thread 3 ] DEBUG Engine               - globalMusicVolumeProperty: DoubleProperty [value: 0.0]
22:57:05.221 [FXGL Background Thread 3 ] DEBUG Engine               - globalSoundVolume: 0.5
22:57:05.221 [FXGL Background Thread 3 ] DEBUG Engine               - globalSoundVolumeProperty: DoubleProperty [value: 0.4]
22:57:05.221 [FXGL Background Thread 3 ] DEBUG Engine               - height: 720
22:57:05.221 [FXGL Background Thread 3 ] DEBUG Engine               - is3D: false
22:57:05.221 [FXGL Background Thread 3 ] DEBUG Engine               - isAndroid: false
22:57:05.222 [FXGL Background Thread 3 ] DEBUG Engine               - isBrowser: false
22:57:05.222 [FXGL Background Thread 3 ] DEBUG Engine               - isClickFeedbackEnabled: false
22:57:05.222 [FXGL Background Thread 3 ] DEBUG Engine               - isCloseConfirmation: false
22:57:05.222 [FXGL Background Thread 3 ] DEBUG Engine               - isDesktop: true
22:57:05.222 [FXGL Background Thread 3 ] DEBUG Engine               - isDeveloperMenuEnabled: true
22:57:05.222 [FXGL Background Thread 3 ] DEBUG Engine               - isEmbedded: false
22:57:05.222 [FXGL Background Thread 3 ] DEBUG Engine               - isEntityPreloadEnabled: true
22:57:05.222 [FXGL Background Thread 3 ] DEBUG Engine               - isExperimentalTiledLargeMap: false
22:57:05.222 [FXGL Background Thread 3 ] DEBUG Engine               - isFileSystemWriteAllowed: true
22:57:05.222 [FXGL Background Thread 3 ] DEBUG Engine               - isFullScreenAllowed: false
22:57:05.222 [FXGL Background Thread 3 ] DEBUG Engine               - isFullScreenFromStart: false
22:57:05.222 [FXGL Background Thread 3 ] DEBUG Engine               - isGameMenuEnabled: true
22:57:05.223 [FXGL Background Thread 3 ] DEBUG Engine               - isIOS: false
22:57:05.223 [FXGL Background Thread 3 ] DEBUG Engine               - isIntroEnabled: false
22:57:05.223 [FXGL Background Thread 3 ] DEBUG Engine               - isLinux: false
22:57:05.223 [FXGL Background Thread 3 ] DEBUG Engine               - isMac: false
22:57:05.223 [FXGL Background Thread 3 ] DEBUG Engine               - isMainMenuEnabled: true
22:57:05.223 [FXGL Background Thread 3 ] DEBUG Engine               - isManualResizeEnabled: true
22:57:05.223 [FXGL Background Thread 3 ] DEBUG Engine               - isMobile: false
22:57:05.223 [FXGL Background Thread 3 ] DEBUG Engine               - isNative: false
22:57:05.223 [FXGL Background Thread 3 ] DEBUG Engine               - isPauseMusicWhenMinimized: true
22:57:05.223 [FXGL Background Thread 3 ] DEBUG Engine               - isPreserveResizeRatio: true
22:57:05.223 [FXGL Background Thread 3 ] DEBUG Engine               - isProfilingEnabled: false
22:57:05.223 [FXGL Background Thread 3 ] DEBUG Engine               - isScaleAffectedOnResize: true
22:57:05.224 [FXGL Background Thread 3 ] DEBUG Engine               - isSingleStep: false
22:57:05.224 [FXGL Background Thread 3 ] DEBUG Engine               - isUserProfileEnabled: false
22:57:05.224 [FXGL Background Thread 3 ] DEBUG Engine               - isWindows: true
22:57:05.224 [FXGL Background Thread 3 ] DEBUG Engine               - language: ObjectProperty [value: ENGLISH]
22:57:05.224 [FXGL Background Thread 3 ] DEBUG Engine               - menuKey: ESCAPE
22:57:05.224 [FXGL Background Thread 3 ] DEBUG Engine               - mouseSensitivity: 0.2
22:57:05.224 [FXGL Background Thread 3 ] DEBUG Engine               - notificationViewClass: class com.almasb.fxgl.notification.view.XboxNotificationView
22:57:05.224 [FXGL Background Thread 3 ] DEBUG Engine               - pixelsPerMeter: 50.0
22:57:05.224 [FXGL Background Thread 3 ] DEBUG Engine               - platform: WINDOWS
22:57:05.224 [FXGL Background Thread 3 ] DEBUG Engine               - prefHeightProperty: ReadOnlyDoubleProperty [value: 720.0]
22:57:05.224 [FXGL Background Thread 3 ] DEBUG Engine               - prefWidthProperty: ReadOnlyDoubleProperty [value: 1080.0]
22:57:05.225 [FXGL Background Thread 3 ] DEBUG Engine               - profileDir: profiles/
22:57:05.225 [FXGL Background Thread 3 ] DEBUG Engine               - profileName: StringProperty [value: DEFAULT]
22:57:05.225 [FXGL Background Thread 3 ] DEBUG Engine               - randomSeed: -1
22:57:05.225 [FXGL Background Thread 3 ] DEBUG Engine               - runtimeInfo: RuntimeInfo(platform=WINDOWS, version=17.1, build=24.03.2022 17.34)
22:57:05.225 [FXGL Background Thread 3 ] DEBUG Engine               - saveFileExt: sav
22:57:05.225 [FXGL Background Thread 3 ] DEBUG Engine               - scaledHeightProp$fxgl: DoubleProperty [bound, value: 720.0]
22:57:05.226 [FXGL Background Thread 3 ] DEBUG Engine               - scaledWidthProp$fxgl: DoubleProperty [bound, value: 1080.0]
22:57:05.226 [FXGL Background Thread 3 ] DEBUG Engine               - sceneFactory: com.bomberman.bombermanplus.BombermanApp$1@4f41234b
22:57:05.226 [FXGL Background Thread 3 ] DEBUG Engine               - secondsIn24h: 60
22:57:05.226 [FXGL Background Thread 3 ] DEBUG Engine               - soundMenuBack: menu/back.wav
22:57:05.226 [FXGL Background Thread 3 ] DEBUG Engine               - soundMenuPress: menu/press.wav
22:57:05.226 [FXGL Background Thread 3 ] DEBUG Engine               - soundMenuSelect: menu/select.wav
22:57:05.226 [FXGL Background Thread 3 ] DEBUG Engine               - soundNotification: core/notification.wav
22:57:05.226 [FXGL Background Thread 3 ] DEBUG Engine               - stageStyle: DECORATED
22:57:05.226 [FXGL Background Thread 3 ] DEBUG Engine               - supportedLanguages: [ENGLISH, FRENCH, GERMAN, HUNGARIAN, RUSSIAN]
22:57:05.226 [FXGL Background Thread 3 ] DEBUG Engine               - ticksPerSecond: -1
22:57:05.226 [FXGL Background Thread 3 ] DEBUG Engine               - title: BOMBERMAN
22:57:05.227 [FXGL Background Thread 3 ] DEBUG Engine               - urlGithub: https://github.com/AlmasB/FXGL
22:57:05.227 [FXGL Background Thread 3 ] DEBUG Engine               - urlLeaderboard: http://fxgl-top.herokuapp.com/
22:57:05.227 [FXGL Background Thread 3 ] DEBUG Engine               - urlPOM: https://raw.githubusercontent.com/AlmasB/FXGL/release/README.md
22:57:05.227 [FXGL Background Thread 3 ] DEBUG Engine               - userAppClass: class com.bomberman.bombermanplus.BombermanApp
22:57:05.227 [FXGL Background Thread 3 ] DEBUG Engine               - version: 1.0
22:57:05.227 [FXGL Background Thread 3 ] DEBUG Engine               - versionCheckDays: 7
22:57:05.227 [FXGL Background Thread 3 ] DEBUG Engine               - width: 1080
22:57:05.227 [FXGL Background Thread 3 ] DEBUG Engine               - Logging services
22:57:05.228 [FXGL Background Thread 3 ] DEBUG Engine               - class com.almasb.fxgl.app.services.FXGLAssetLoaderService
22:57:05.228 [FXGL Background Thread 3 ] DEBUG Engine               - class com.almasb.fxgl.app.FXGLApplication$GameApplicationService
22:57:05.228 [FXGL Background Thread 3 ] DEBUG Engine               - class com.almasb.fxgl.app.services.FXGLDialogService
22:57:05.228 [FXGL Background Thread 3 ] DEBUG Engine               - class com.almasb.fxgl.app.services.IOTaskExecutorService
22:57:05.228 [FXGL Background Thread 3 ] DEBUG Engine               - class com.almasb.fxgl.io.FileSystemService
22:57:05.228 [FXGL Background Thread 3 ] DEBUG Engine               - class com.almasb.fxgl.localization.LocalizationService
22:57:05.228 [FXGL Background Thread 3 ] DEBUG Engine               - class com.almasb.fxgl.app.services.SystemBundleService
22:57:05.228 [FXGL Background Thread 3 ] DEBUG Engine               - class com.almasb.fxgl.profile.SaveLoadService
22:57:05.228 [FXGL Background Thread 3 ] DEBUG Engine               - class com.almasb.fxgl.ui.FXGLUIFactoryServiceProvider
22:57:05.229 [FXGL Background Thread 3 ] DEBUG Engine               - class com.almasb.fxgl.ui.FXGLDialogFactoryServiceProvider
22:57:05.229 [FXGL Background Thread 3 ] DEBUG Engine               - class com.almasb.fxgl.audio.AudioPlayer
22:57:05.229 [FXGL Background Thread 3 ] DEBUG Engine               - class com.almasb.fxgl.notification.impl.NotificationServiceProvider
22:57:05.229 [FXGL Background Thread 3 ] DEBUG Engine               - class com.almasb.fxgl.achievement.AchievementService
22:57:05.229 [FXGL Background Thread 3 ] DEBUG Engine               - class com.almasb.fxgl.cutscene.CutsceneService
22:57:05.229 [FXGL Background Thread 3 ] DEBUG Engine               - class com.almasb.fxgl.minigames.MiniGameService
22:57:05.229 [FXGL Background Thread 3 ] DEBUG Engine               - class com.almasb.fxgl.net.NetService
22:57:05.229 [FXGL Background Thread 3 ] DEBUG Engine               - class com.almasb.fxgl.app.services.UpdaterService
22:57:05.229 [FXGL Background Thread 3 ] DEBUG Engine               - class com.almasb.fxgl.dev.DevService
22:57:07.001 [JavaFX Application Thread] WARN  TMXLevelLoader       - TiledMap generated from 1.7.2. Supported version: 1.4.2. Some features may not be parsed fully.
22:57:07.050 [JavaFX Application Thread] DEBUG TMXLevelLoader       - Parsed TiledMap: file:/C:/Users/ADMIN/IdeaProjects/BombermanPlus/target/classes/assets/levels/bbm_level3.tmx
22:57:07.052 [JavaFX Application Thread] DEBUG TMXLevelLoader       - Creating tile layer entities
22:57:07.055 [JavaFX Application Thread] DEBUG TilesetLoader        - Loading view for layer Floor
22:57:07.061 [JavaFX Application Thread] DEBUG TilesetLoader        - Created buffer with size 1488.0x720.0
22:57:07.527 [JavaFX Application Thread] DEBUG TilesetLoader        - Loading view for layer Object Tiles
22:57:07.532 [JavaFX Application Thread] DEBUG TilesetLoader        - Created buffer with size 1488.0x720.0
22:57:07.535 [JavaFX Application Thread] DEBUG TMXLevelLoader       - Creating object layer entities
22:57:07.538 [JavaFX Application Thread] DEBUG FXGLAssetLoaderServi - Loading from file system: file:/C:/Users/ADMIN/IdeaProjects/BombermanPlus/target/classes/assets/textures/items/powerup_speed.png
22:57:07.559 [JavaFX Application Thread] DEBUG FXGLAssetLoaderServi - Loading from file system: file:/C:/Users/ADMIN/IdeaProjects/BombermanPlus/target/classes/assets/textures/items/powerup_flamepass.png
22:57:07.563 [JavaFX Application Thread] DEBUG FXGLAssetLoaderServi - Loading from file system: file:/C:/Users/ADMIN/IdeaProjects/BombermanPlus/target/classes/assets/textures/items/powerup_flames.png
22:57:07.566 [JavaFX Application Thread] DEBUG FXGLAssetLoaderServi - Loading from file system: file:/C:/Users/ADMIN/IdeaProjects/BombermanPlus/target/classes/assets/textures/items/powerup_bombs.png
22:57:07.574 [JavaFX Application Thread] DEBUG FXGLAssetLoaderServi - Loading from file system: file:/C:/Users/ADMIN/IdeaProjects/BombermanPlus/target/classes/assets/textures/items/portal.png
22:57:07.588 [JavaFX Application Thread] DEBUG FXGLAssetLoaderServi - Loading from file system: file:/C:/Users/ADMIN/IdeaProjects/BombermanPlus/target/classes/assets/textures/sprites.png
22:57:07.785 [JavaFX Application Thread] DEBUG GameWorld            - Clearing removable entities
22:57:07.785 [JavaFX Application Thread] DEBUG GameWorld            - Setting level: com.almasb.fxgl.entity.level.Level@67ffe2b9
22:57:07.884 [JavaFX Application Thread] DEBUG FXGLAssetLoaderServi - Loading from file system: file:/C:/Users/ADMIN/IdeaProjects/BombermanPlus/target/classes/assets/sounds/walk_2.wav
22:57:09.608 [JavaFX Application Thread] DEBUG FXGLAssetLoaderServi - Loading from file system: file:/C:/Users/ADMIN/IdeaProjects/BombermanPlus/target/classes/assets/sounds/placed_bomb.wav
22:57:09.857 [JavaFX Application Thread] DEBUG FXGLAssetLoaderServi - Loading from file system: file:/C:/Users/ADMIN/IdeaProjects/BombermanPlus/target/classes/assets/sounds/walk_1.wav
22:57:11.593 [JavaFX Application Thread] DEBUG FXGLAssetLoaderServi - Loading from file system: file:/C:/Users/ADMIN/IdeaProjects/BombermanPlus/target/classes/assets/sounds/bomb_exploded.wav
22:57:25.500 [JavaFX Application Thread] DEBUG FXGLAssetLoaderServi - Loading from file system: file:/C:/Users/ADMIN/IdeaProjects/BombermanPlus/target/classes/assets/sounds/bomberman_die.wav
22:57:28.251 [JavaFX Application Thread] DEBUG FXGLAssetLoaderServi - Loading from file system: file:/C:/Users/ADMIN/IdeaProjects/BombermanPlus/target/classes/assets/sounds/power_up.wav
22:57:55.621 [JavaFX Application Thread] WARN  GameWorld            - Attempted to remove entity which is not active
22:58:06.268 [JavaFX Application Thread] DEBUG FXGLAssetLoaderServi - Loading from file system: file:/C:/Users/ADMIN/IdeaProjects/BombermanPlus/target/classes/assets/sounds/enemy_die.wav
22:58:12.399 [JavaFX Application Thread] DEBUG PrimaryStageWindow   - Push state: DialogSubScene
22:58:12.400 [JavaFX Application Thread] DEBUG Input                - Clearing active input actions
22:58:12.400 [JavaFX Application Thread] DEBUG GameApplicationServi - Removing overlay from GameScene and adding to DialogSubScene
22:58:12.401 [JavaFX Application Thread] DEBUG PrimaryStageWindow   - GameScene -> DialogSubScene
22:58:12.404 [JavaFX Application Thread] WARN  TMXLevelLoader       - TiledMap generated from 1.7.2. Supported version: 1.4.2. Some features may not be parsed fully.
22:58:12.424 [JavaFX Application Thread] DEBUG TMXLevelLoader       - Parsed TiledMap: file:/C:/Users/ADMIN/IdeaProjects/BombermanPlus/target/classes/assets/levels/bbm_level3.tmx
22:58:12.425 [JavaFX Application Thread] DEBUG TMXLevelLoader       - Creating tile layer entities
22:58:12.425 [JavaFX Application Thread] DEBUG TilesetLoader        - Loading view for layer Floor
22:58:12.430 [JavaFX Application Thread] DEBUG TilesetLoader        - Created buffer with size 1488.0x720.0
22:58:12.801 [JavaFX Application Thread] DEBUG TilesetLoader        - Loading view for layer Object Tiles
22:58:12.805 [JavaFX Application Thread] DEBUG TilesetLoader        - Created buffer with size 1488.0x720.0
22:58:12.806 [JavaFX Application Thread] DEBUG TMXLevelLoader       - Creating object layer entities
22:58:12.891 [JavaFX Application Thread] DEBUG GameWorld            - Clearing removable entities
22:58:12.908 [JavaFX Application Thread] DEBUG GameWorld            - Setting level: com.almasb.fxgl.entity.level.Level@4d51c2b6
22:58:18.684 [JavaFX Application Thread] DEBUG PrimaryStageWindow   - Pop state: DialogSubScene
22:58:18.684 [JavaFX Application Thread] DEBUG Input                - Clearing active input actions
22:58:18.685 [JavaFX Application Thread] DEBUG GameApplicationServi - Removing overlay from DialogSubScene and adding to GameScene
22:58:18.686 [JavaFX Application Thread] DEBUG PrimaryStageWindow   - GameScene <- DialogSubScene
22:58:18.686 [JavaFX Application Thread] DEBUG Input                - Clearing active input actions
22:58:18.693 [JavaFX Application Thread] DEBUG GameApplicationServi - Removing overlay from GameScene and adding to FXGLMainMenuDummyScene
22:58:18.694 [JavaFX Application Thread] DEBUG PrimaryStageWindow   - GameScene -> FXGLMainMenuDummyScene
22:58:18.694 [JavaFX Application Thread] DEBUG PrimaryStageWindow   - Push state: BombermanMenu
22:58:18.694 [JavaFX Application Thread] DEBUG Input                - Clearing active input actions
22:58:18.694 [JavaFX Application Thread] DEBUG GameApplicationServi - Removing overlay from FXGLMainMenuDummyScene and adding to BombermanMenu
22:58:18.703 [JavaFX Application Thread] DEBUG PrimaryStageWindow   - FXGLMainMenuDummyScene -> BombermanMenu
22:58:21.502 [JavaFX Application Thread] DEBUG PrimaryStageWindow   - Push state: DialogSubScene
22:58:21.502 [JavaFX Application Thread] DEBUG Input                - Clearing active input actions
22:58:21.503 [JavaFX Application Thread] DEBUG GameApplicationServi - Removing overlay from BombermanMenu and adding to DialogSubScene
22:58:21.505 [JavaFX Application Thread] DEBUG PrimaryStageWindow   - BombermanMenu -> DialogSubScene
22:58:22.402 [JavaFX Application Thread] DEBUG PrimaryStageWindow   - Pop state: DialogSubScene
22:58:22.402 [JavaFX Application Thread] DEBUG Input                - Clearing active input actions
22:58:22.403 [JavaFX Application Thread] DEBUG GameApplicationServi - Removing overlay from DialogSubScene and adding to BombermanMenu
22:58:22.405 [JavaFX Application Thread] DEBUG PrimaryStageWindow   - BombermanMenu <- DialogSubScene
22:58:23.161 [JavaFX Application Thread] DEBUG PrimaryStageWindow   - Push state: DialogSubScene
22:58:23.161 [JavaFX Application Thread] DEBUG Input                - Clearing active input actions
22:58:23.162 [JavaFX Application Thread] DEBUG GameApplicationServi - Removing overlay from BombermanMenu and adding to DialogSubScene
22:58:23.162 [JavaFX Application Thread] DEBUG PrimaryStageWindow   - BombermanMenu -> DialogSubScene
22:58:23.856 [JavaFX Application Thread] DEBUG PrimaryStageWindow   - Pop state: DialogSubScene
22:58:23.856 [JavaFX Application Thread] DEBUG Input                - Clearing active input actions
22:58:23.857 [JavaFX Application Thread] DEBUG GameApplicationServi - Removing overlay from DialogSubScene and adding to BombermanMenu
22:58:23.858 [JavaFX Application Thread] DEBUG PrimaryStageWindow   - BombermanMenu <- DialogSubScene
22:58:24.330 [JavaFX Application Thread] DEBUG PrimaryStageWindow   - Push state: DialogSubScene
22:58:24.331 [JavaFX Application Thread] DEBUG Input                - Clearing active input actions
22:58:24.331 [JavaFX Application Thread] DEBUG GameApplicationServi - Removing overlay from BombermanMenu and adding to DialogSubScene
22:58:24.332 [JavaFX Application Thread] DEBUG PrimaryStageWindow   - BombermanMenu -> DialogSubScene
22:58:25.050 [JavaFX Application Thread] DEBUG PrimaryStageWindow   - Pop state: DialogSubScene
22:58:25.050 [JavaFX Application Thread] DEBUG Input                - Clearing active input actions
22:58:25.051 [JavaFX Application Thread] DEBUG GameApplicationServi - Removing overlay from DialogSubScene and adding to BombermanMenu
22:58:25.052 [JavaFX Application Thread] DEBUG PrimaryStageWindow   - BombermanMenu <- DialogSubScene
22:58:25.502 [JavaFX Application Thread] DEBUG PrimaryStageWindow   - Push state: DialogSubScene
22:58:25.502 [JavaFX Application Thread] DEBUG Input                - Clearing active input actions
22:58:25.503 [JavaFX Application Thread] DEBUG GameApplicationServi - Removing overlay from BombermanMenu and adding to DialogSubScene
22:58:25.504 [JavaFX Application Thread] DEBUG PrimaryStageWindow   - BombermanMenu -> DialogSubScene
22:58:27.742 [JavaFX Application Thread] DEBUG PrimaryStageWindow   - Pop state: DialogSubScene
22:58:27.742 [JavaFX Application Thread] DEBUG Input                - Clearing active input actions
22:58:27.742 [JavaFX Application Thread] DEBUG GameApplicationServi - Removing overlay from DialogSubScene and adding to BombermanMenu
22:58:27.743 [JavaFX Application Thread] DEBUG PrimaryStageWindow   - BombermanMenu <- DialogSubScene
22:58:28.248 [JavaFX Application Thread] DEBUG Menu                 - fireNewGame()
22:58:28.248 [JavaFX Application Thread] DEBUG GameApplicationServi - Starting new game
22:58:28.248 [JavaFX Application Thread] DEBUG PrimaryStageWindow   - Pop state: BombermanMenu
22:58:28.248 [JavaFX Application Thread] DEBUG Input                - Clearing active input actions
22:58:28.248 [JavaFX Application Thread] DEBUG GameApplicationServi - Removing overlay from BombermanMenu and adding to FXGLMainMenuDummyScene
22:58:28.249 [JavaFX Application Thread] DEBUG PrimaryStageWindow   - FXGLMainMenuDummyScene <- BombermanMenu
22:58:28.249 [JavaFX Application Thread] DEBUG Input                - Clearing active input actions
22:58:28.255 [JavaFX Application Thread] DEBUG GameApplicationServi - Removing overlay from FXGLMainMenuDummyScene and adding to FXGLLoadingScene
22:58:28.255 [JavaFX Application Thread] DEBUG PrimaryStageWindow   - FXGLMainMenuDummyScene -> FXGLLoadingScene
22:58:28.255 [JavaFX Application Thread] DEBUG GameApplicationServi - Clearing previous game
22:58:28.255 [JavaFX Application Thread] DEBUG GameScene            - Clearing game scene
22:58:28.255 [JavaFX Application Thread] DEBUG GameWorld            - Clearing game world
22:58:28.265 [JavaFX Application Thread] DEBUG PhysicsWorld         - Clearing physics world
22:58:28.267 [FXGL Background Thread 5 ] DEBUG FXGLApplication      - Initializing game
22:58:28.271 [FXGL Background Thread 5 ] INFO  FXGLApplication      - Game initialization took: 0.004 sec
22:58:28.301 [JavaFX Application Thread] DEBUG Input                - Clearing active input actions
22:58:28.306 [JavaFX Application Thread] DEBUG GameApplicationServi - Removing overlay from FXGLLoadingScene and adding to GameScene
22:58:28.308 [JavaFX Application Thread] DEBUG PrimaryStageWindow   - FXGLLoadingScene -> GameScene
22:58:29.963 [JavaFX Application Thread] WARN  TMXLevelLoader       - TiledMap generated from 1.7.2. Supported version: 1.4.2. Some features may not be parsed fully.
22:58:29.980 [JavaFX Application Thread] DEBUG TMXLevelLoader       - Parsed TiledMap: file:/C:/Users/ADMIN/IdeaProjects/BombermanPlus/target/classes/assets/levels/bbm_level3.tmx
22:58:29.980 [JavaFX Application Thread] DEBUG TMXLevelLoader       - Creating tile layer entities
22:58:29.980 [JavaFX Application Thread] DEBUG TilesetLoader        - Loading view for layer Floor
22:58:29.981 [JavaFX Application Thread] DEBUG TilesetLoader        - Created buffer with size 1488.0x720.0
22:58:30.282 [JavaFX Application Thread] DEBUG TilesetLoader        - Loading view for layer Object Tiles
22:58:30.284 [JavaFX Application Thread] DEBUG TilesetLoader        - Created buffer with size 1488.0x720.0
22:58:30.286 [JavaFX Application Thread] DEBUG TMXLevelLoader       - Creating object layer entities
22:58:30.373 [JavaFX Application Thread] DEBUG GameWorld            - Clearing removable entities
22:58:30.374 [JavaFX Application Thread] DEBUG GameWorld            - Setting level: com.almasb.fxgl.entity.level.Level@2e739a4b
23:00:04.586 [JavaFX Application Thread] DEBUG PrimaryStageWindow   - Push state: DialogSubScene
23:00:04.586 [JavaFX Application Thread] DEBUG Input                - Clearing active input actions
23:00:04.587 [JavaFX Application Thread] DEBUG GameApplicationServi - Removing overlay from GameScene and adding to DialogSubScene
23:00:04.588 [JavaFX Application Thread] DEBUG PrimaryStageWindow   - GameScene -> DialogSubScene
23:00:04.592 [JavaFX Application Thread] WARN  TMXLevelLoader       - TiledMap generated from 1.7.2. Supported version: 1.4.2. Some features may not be parsed fully.
23:00:04.600 [JavaFX Application Thread] DEBUG TMXLevelLoader       - Parsed TiledMap: file:/C:/Users/ADMIN/IdeaProjects/BombermanPlus/target/classes/assets/levels/bbm_level3.tmx
23:00:04.600 [JavaFX Application Thread] DEBUG TMXLevelLoader       - Creating tile layer entities
23:00:04.601 [JavaFX Application Thread] DEBUG TilesetLoader        - Loading view for layer Floor
23:00:04.602 [JavaFX Application Thread] DEBUG TilesetLoader        - Created buffer with size 1488.0x720.0
23:00:04.891 [JavaFX Application Thread] DEBUG TilesetLoader        - Loading view for layer Object Tiles
23:00:04.893 [JavaFX Application Thread] DEBUG TilesetLoader        - Created buffer with size 1488.0x720.0
23:00:04.894 [JavaFX Application Thread] DEBUG TMXLevelLoader       - Creating object layer entities
23:00:04.943 [JavaFX Application Thread] DEBUG GameWorld            - Clearing removable entities
23:00:04.949 [JavaFX Application Thread] DEBUG GameWorld            - Setting level: com.almasb.fxgl.entity.level.Level@15222006
23:00:45.798 [JavaFX Application Thread] DEBUG PrimaryStageWindow   - Pop state: DialogSubScene
23:00:45.798 [JavaFX Application Thread] DEBUG Input                - Clearing active input actions
23:00:45.799 [JavaFX Application Thread] DEBUG GameApplicationServi - Removing overlay from DialogSubScene and adding to GameScene
23:00:45.800 [JavaFX Application Thread] DEBUG PrimaryStageWindow   - GameScene <- DialogSubScene
23:00:45.800 [JavaFX Application Thread] DEBUG Input                - Clearing active input actions
23:00:45.806 [JavaFX Application Thread] DEBUG GameApplicationServi - Removing overlay from GameScene and adding to FXGLMainMenuDummyScene
23:00:45.806 [JavaFX Application Thread] DEBUG PrimaryStageWindow   - GameScene -> FXGLMainMenuDummyScene
23:00:45.806 [JavaFX Application Thread] DEBUG PrimaryStageWindow   - Push state: BombermanMenu
23:00:45.807 [JavaFX Application Thread] DEBUG Input                - Clearing active input actions
23:00:45.807 [JavaFX Application Thread] DEBUG GameApplicationServi - Removing overlay from FXGLMainMenuDummyScene and adding to BombermanMenu
23:00:45.811 [JavaFX Application Thread] DEBUG PrimaryStageWindow   - FXGLMainMenuDummyScene -> BombermanMenu
23:07:14.212 [JavaFX Application Thread] DEBUG PrimaryStageWindow   - Push state: DialogSubScene
23:07:14.223 [JavaFX Application Thread] DEBUG Input                - Clearing active input actions
23:07:14.238 [JavaFX Application Thread] DEBUG GameApplicationServi - Removing overlay from BombermanMenu and adding to DialogSubScene
23:07:14.242 [JavaFX Application Thread] DEBUG PrimaryStageWindow   - BombermanMenu -> DialogSubScene
23:07:14.960 [JavaFX Application Thread] DEBUG PrimaryStageWindow   - Pop state: DialogSubScene
23:07:14.960 [JavaFX Application Thread] DEBUG Input                - Clearing active input actions
23:07:14.961 [JavaFX Application Thread] DEBUG GameApplicationServi - Removing overlay from DialogSubScene and adding to BombermanMenu
23:07:14.961 [JavaFX Application Thread] DEBUG PrimaryStageWindow   - BombermanMenu <- DialogSubScene
23:07:15.993 [JavaFX Application Thread] DEBUG Menu                 - fireExit()
23:07:16.023 [JavaFX Application Thread] DEBUG PrimaryStageWindow   - Push state: DialogSubScene
23:07:16.023 [JavaFX Application Thread] DEBUG Input                - Clearing active input actions
23:07:16.024 [JavaFX Application Thread] DEBUG GameApplicationServi - Removing overlay from BombermanMenu and adding to DialogSubScene
23:07:16.025 [JavaFX Application Thread] DEBUG PrimaryStageWindow   - BombermanMenu -> DialogSubScene
23:07:16.881 [JavaFX Application Thread] DEBUG PrimaryStageWindow   - Pop state: DialogSubScene
23:07:16.882 [JavaFX Application Thread] DEBUG Input                - Clearing active input actions
23:07:16.882 [JavaFX Application Thread] DEBUG GameApplicationServi - Removing overlay from DialogSubScene and adding to BombermanMenu
23:07:16.883 [JavaFX Application Thread] DEBUG PrimaryStageWindow   - BombermanMenu <- DialogSubScene
23:07:17.682 [JavaFX Application Thread] DEBUG Menu                 - fireExit()
23:07:17.693 [JavaFX Application Thread] DEBUG PrimaryStageWindow   - Push state: DialogSubScene
23:07:17.693 [JavaFX Application Thread] DEBUG Input                - Clearing active input actions
23:07:17.693 [JavaFX Application Thread] DEBUG GameApplicationServi - Removing overlay from BombermanMenu and adding to DialogSubScene
23:07:17.694 [JavaFX Application Thread] DEBUG PrimaryStageWindow   - BombermanMenu -> DialogSubScene
23:07:18.296 [JavaFX Application Thread] DEBUG PrimaryStageWindow   - Pop state: DialogSubScene
23:07:18.296 [JavaFX Application Thread] DEBUG Input                - Clearing active input actions
23:07:18.296 [JavaFX Application Thread] DEBUG GameApplicationServi - Removing overlay from DialogSubScene and adding to BombermanMenu
23:07:18.297 [JavaFX Application Thread] DEBUG PrimaryStageWindow   - BombermanMenu <- DialogSubScene
23:07:18.307 [JavaFX Application Thread] DEBUG FXGLApplication      - Exiting FXGL
23:07:18.309 [JavaFX Application Thread] DEBUG LoopRunner           - Stopping loop
23:07:18.310 [JavaFX Application Thread] DEBUG SystemBundleService  - Saving FXGL system data
23:07:18.354 [JavaFX Application Thread] DEBUG FileSystemAccess     - Writing to: C:\Users\ADMIN\IdeaProjects\BombermanPlus\system\fxgl.bundle
23:07:18.382 [JavaFX Application Thread] DEBUG Async                - Shutting down background threads
23:07:18.387 [JavaFX Application Thread] DEBUG PrimaryStageWindow   - Closing main window
23:07:18.466 [JavaFX Application Thread] DEBUG Logger               - Closing Logger
