22:02:21.378 [main                     ] DEBUG Logger               - Configured Logger
22:02:21.394 [main                     ] DEBUG GameApplication      - Logging settings
Title: BOMBERMAN
Version: 1.0
Width: 1080
Height: 720
Fullscreen: false
Intro: false
Profiling: false
Single step:false
App Mode: DEVELOPER
Menu Key: ESCAPE
Stage Style: DECORATED
Scene Factory: class com.bomberman.bombermanplus.BombermanApp$1

22:02:21.700 [JavaFX Application Thread] DEBUG FXGLApplication      - Initializing FXGL
22:02:21.703 [JavaFX Application Thread] INFO  Engine               - FXGL-17.1 (24.03.2022 17.34) on WINDOWS (J:19 FX:19-ea)
22:02:21.703 [JavaFX Application Thread] DEBUG Engine               - JRE Vendor Name: Oracle Corporation
22:02:21.704 [JavaFX Application Thread] DEBUG Engine               - Running on OS: Windows 11 version 10.0
22:02:21.704 [JavaFX Application Thread] DEBUG Engine               - Architecture: amd64
22:02:21.704 [JavaFX Application Thread] INFO  Engine               - Source code and latest versions at: https://github.com/AlmasB/FXGL
22:02:21.704 [JavaFX Application Thread] INFO  Engine               -       Ask questions and discuss at: https://github.com/AlmasB/FXGL/discussions
22:02:21.704 [JavaFX Application Thread] INFO  Engine               -              Join the FXGL chat at: https://gitter.im/AlmasB/FXGL
22:02:21.765 [JavaFX Application Thread] DEBUG PrimaryStageWindow   - Creating a JavaFX scene
22:02:21.798 [JavaFX Application Thread] DEBUG PrimaryStageWindow   - Target settings size: 1080.0 x 720.0
22:02:21.798 [JavaFX Application Thread] DEBUG PrimaryStageWindow   - Scaled scene size:    1080.0 x 720.0
22:02:21.798 [JavaFX Application Thread] DEBUG PrimaryStageWindow   - Scaled ratio: (1.0, 1.0)
22:02:21.799 [JavaFX Application Thread] DEBUG PrimaryStageWindow   - Set initial scene to FXGLStartupScene
22:02:21.804 [JavaFX Application Thread] DEBUG PrimaryStageWindow   - Opening main window
22:02:21.870 [JavaFX Application Thread] DEBUG PrimaryStageWindow   - Window border size: (14.4000244140625, 37.5999755859375)
22:02:21.871 [JavaFX Application Thread] DEBUG PrimaryStageWindow   - Scaled size: 1080.0 x 720.0
22:02:21.871 [JavaFX Application Thread] DEBUG PrimaryStageWindow   - Scaled ratio: (1.0, 1.0)
22:02:21.871 [JavaFX Application Thread] DEBUG PrimaryStageWindow   - Scene size: 1080.0 x 720.0
22:02:21.872 [JavaFX Application Thread] DEBUG PrimaryStageWindow   - Stage size: 1094.4000244140625 x 757.5999755859375
22:02:21.878 [FXGL Background Thread 1 ] DEBUG Engine               - Initializing environment variables
22:02:21.926 [FXGL Background Thread 1 ] DEBUG FXGLAssetLoaderServi - User app class for loading assets: class com.bomberman.bombermanplus.BombermanApp
22:02:21.926 [FXGL Background Thread 1 ] DEBUG GameApplicationServi - Applying CSS: fxgl_dark.css
22:02:21.928 [FXGL Background Thread 1 ] DEBUG FXGLAssetLoaderServi - Loading from file system: jar:file:///C:/Users/ADMIN/.m2/repository/com/github/almasb/fxgl/17.1/fxgl-17.1.jar!/fxglassets/ui/css/fxgl_dark.css
22:02:21.966 [FXGL Background Thread 1 ] DEBUG GameApplicationServi - Initializing application scenes
22:02:21.993 [FXGL Background Thread 1 ] DEBUG GameWorld            - Game world initialized
22:02:22.046 [FXGL Background Thread 1 ] DEBUG PhysicsWorld         - Physics world initialized: appHeight=720, physics.ppm=50.0
22:02:22.047 [FXGL Background Thread 1 ] DEBUG PhysicsWorld         - Using strategy: BRUTE_FORCE
22:02:22.050 [FXGL Background Thread 1 ] DEBUG GameScene            - Game scene initialized: 1080x720
22:02:22.076 [FXGL Background Thread 1 ] DEBUG GameApplicationServi - Application scenes initialized
22:02:22.086 [FXGL Background Thread 1 ] DEBUG SystemBundleService  - Loading FXGL system data
22:02:22.089 [FXGL Background Thread 1 ] DEBUG FileSystemAccess     - Reading from: C:\Users\ADMIN\IdeaProjects\BombermanPlus\system\fxgl.bundle
22:02:22.097 [FXGL Background Thread 1 ] DEBUG SystemBundleService  - Bundle FXGL: {}
22:02:22.097 [FXGL Background Thread 1 ] DEBUG UpdaterService       - Checking for updates
22:02:22.101 [FXGL Background Thread 4 ] DEBUG FXGLApplication      - Loading fonts
22:02:22.102 [FXGL Background Thread 1 ] DEBUG FXGLApplication      - Loading default localization
22:02:22.103 [FXGL Background Thread 4 ] DEBUG FXGLAssetLoaderServi - Loading from file system: jar:file:///C:/Users/ADMIN/.m2/repository/com/github/almasb/fxgl/17.1/fxgl-17.1.jar!/fxglassets/ui/fonts/VarelaRound-Regular.ttf
22:02:22.103 [FXGL Background Thread 1 ] DEBUG FXGLAssetLoaderServi - Loading from file system: jar:file:///C:/Users/ADMIN/.m2/repository/com/github/almasb/fxgl/17.1/fxgl-17.1.jar!/fxglassets/languages/english.lang
22:02:22.114 [FXGL Background Thread 1 ] INFO  FXGLApplication      - FXGL initialization took: 0.235 sec
22:02:22.121 [JavaFX Application Thread] DEBUG Input                - Registered new binding: Move Right - D
22:02:22.121 [JavaFX Application Thread] DEBUG Input                - Registered new binding: Move Up - W
22:02:22.121 [JavaFX Application Thread] DEBUG Input                - Registered new binding: Move Down - S
22:02:22.121 [JavaFX Application Thread] DEBUG Input                - Registered new binding: Move Left - A
22:02:22.121 [JavaFX Application Thread] DEBUG FXGLAssetLoaderServi - Loading from file system: jar:file:///C:/Users/ADMIN/.m2/repository/com/github/almasb/fxgl/17.1/fxgl-17.1.jar!/fxglassets/textures/fxgl_icon.png
22:02:22.154 [JavaFX Application Thread] DEBUG FXGLAssetLoaderServi - Loading from file system: jar:file:///C:/Users/ADMIN/.m2/repository/com/github/almasb/fxgl/17.1/fxgl-17.1.jar!/fxglassets/textures/fxgl_default_cursor.png
22:02:22.155 [JavaFX Application Thread] DEBUG Input                - Registered new binding: Screenshot - CTRL+8
22:02:22.156 [JavaFX Application Thread] DEBUG Input                - Registered new binding: System info dump - CTRL+9
22:02:22.156 [JavaFX Application Thread] DEBUG Input                - Registered new binding: Restart - CTRL+R
22:02:22.157 [JavaFX Application Thread] DEBUG Input                - Registered new binding: Toggle Debug Camera - CTRL+7
22:02:22.158 [JavaFX Application Thread] DEBUG LoopRunner           - Starting loop
22:02:22.158 [JavaFX Application Thread] DEBUG LoopRunner           - Initializing JavaFX AnimationTimerLoop
22:02:22.160 [JavaFX Application Thread] DEBUG Input                - Clearing active input actions
22:02:22.166 [JavaFX Application Thread] DEBUG GameApplicationServi - Removing overlay from FXGLStartupScene and adding to FXGLMainMenuDummyScene
22:02:22.166 [JavaFX Application Thread] DEBUG PrimaryStageWindow   - FXGLStartupScene -> FXGLMainMenuDummyScene
22:02:22.166 [JavaFX Application Thread] DEBUG PrimaryStageWindow   - Push state: BombermanMenu
22:02:22.166 [JavaFX Application Thread] DEBUG Input                - Clearing active input actions
22:02:22.169 [JavaFX Application Thread] DEBUG GameApplicationServi - Removing overlay from FXGLMainMenuDummyScene and adding to BombermanMenu
22:02:22.169 [JavaFX Application Thread] DEBUG PrimaryStageWindow   - FXGLMainMenuDummyScene -> BombermanMenu
22:02:22.176 [FXGL Background Thread 4 ] DEBUG FXGLAssetLoaderServi - Loading from file system: jar:file:///C:/Users/ADMIN/.m2/repository/com/github/almasb/fxgl/17.1/fxgl-17.1.jar!/fxglassets/ui/fonts/Abel-Regular.ttf
22:02:22.203 [FXGL Background Thread 4 ] DEBUG FXGLAssetLoaderServi - Loading from file system: jar:file:///C:/Users/ADMIN/.m2/repository/com/github/almasb/fxgl/17.1/fxgl-17.1.jar!/fxglassets/ui/fonts/TerminalLandMono-Regular.otf
22:02:22.218 [FXGL Background Thread 4 ] DEBUG FXGLAssetLoaderServi - Loading from file system: jar:file:///C:/Users/ADMIN/.m2/repository/com/github/almasb/fxgl/17.1/fxgl-17.1.jar!/fxglassets/ui/fonts/Courier-Prime.ttf
22:02:22.236 [JavaFX Application Thread] DEBUG FXGLApplication      - Registering font factories with UI factory
22:02:22.958 [JavaFX Application Thread] DEBUG Menu                 - fireNewGame()
22:02:22.958 [JavaFX Application Thread] DEBUG GameApplicationServi - Starting new game
22:02:22.958 [JavaFX Application Thread] DEBUG PrimaryStageWindow   - Pop state: BombermanMenu
22:02:22.958 [JavaFX Application Thread] DEBUG Input                - Clearing active input actions
22:02:22.959 [JavaFX Application Thread] DEBUG GameApplicationServi - Removing overlay from BombermanMenu and adding to FXGLMainMenuDummyScene
22:02:22.959 [JavaFX Application Thread] DEBUG PrimaryStageWindow   - FXGLMainMenuDummyScene <- BombermanMenu
22:02:22.959 [JavaFX Application Thread] DEBUG Input                - Clearing active input actions
22:02:22.968 [JavaFX Application Thread] DEBUG GameApplicationServi - Removing overlay from FXGLMainMenuDummyScene and adding to FXGLLoadingScene
22:02:22.968 [JavaFX Application Thread] DEBUG PrimaryStageWindow   - FXGLMainMenuDummyScene -> FXGLLoadingScene
22:02:22.968 [JavaFX Application Thread] DEBUG GameApplicationServi - Clearing previous game
22:02:22.968 [JavaFX Application Thread] DEBUG GameScene            - Clearing game scene
22:02:22.968 [JavaFX Application Thread] DEBUG GameWorld            - Clearing game world
22:02:22.968 [JavaFX Application Thread] DEBUG PhysicsWorld         - Clearing physics world
22:02:22.970 [FXGL Background Thread 4 ] DEBUG FXGLApplication      - Initializing game
22:02:23.011 [FXGL Background Thread 4 ] WARN  TMXLevelLoader       - TiledMap generated from 1.9.2. Supported version: 1.4.2. Some features may not be parsed fully.
22:02:23.015 [FXGL Background Thread 4 ] DEBUG TMXLevelLoader       - Parsed TiledMap: file:/C:/Users/ADMIN/IdeaProjects/BombermanPlus/target/classes/assets/levels/lv1demo.tmx
22:02:23.017 [FXGL Background Thread 4 ] DEBUG TMXLevelLoader       - Creating tile layer entities
22:02:23.019 [FXGL Background Thread 4 ] DEBUG TilesetLoader        - Loading view for layer Tile Layer 1
22:02:23.021 [FXGL Background Thread 4 ] DEBUG TilesetLoader        - Created buffer with size 1488.0x720.0
22:02:23.050 [FXGL Background Thread 4 ] DEBUG TMXLevelLoader       - Creating object layer entities
22:02:23.063 [FXGL Background Thread 2 ] INFO  UpdaterService       - Your current version:  17.1
22:02:23.063 [FXGL Background Thread 2 ] INFO  UpdaterService       - Latest stable version: 17.2
22:02:23.070 [FXGL Background Thread 4 ] DEBUG FXGLAssetLoaderServi - Loading from file system: file:/C:/Users/ADMIN/IdeaProjects/BombermanPlus/target/classes/assets/textures/sprites.png
22:02:23.102 [FXGL Background Thread 4 ] DEBUG GameWorld            - Clearing removable entities
22:02:23.102 [FXGL Background Thread 4 ] DEBUG GameWorld            - Setting level: com.almasb.fxgl.entity.level.Level@4be9ec08
22:02:23.109 [FXGL Background Thread 4 ] INFO  FXGLApplication      - Game initialization took: 0.140 sec
22:02:23.110 [JavaFX Application Thread] DEBUG Input                - Clearing active input actions
22:02:23.114 [JavaFX Application Thread] DEBUG GameApplicationServi - Removing overlay from FXGLLoadingScene and adding to GameScene
22:02:23.114 [JavaFX Application Thread] DEBUG PrimaryStageWindow   - FXGLLoadingScene -> GameScene
22:02:25.101 [FXGL Background Thread 3 ] DEBUG Engine               - Logging environment variables
22:02:25.101 [FXGL Background Thread 3 ] DEBUG Engine               - achievements: []
22:02:25.101 [FXGL Background Thread 3 ] DEBUG Engine               - actualHeight: 720.0
22:02:25.101 [FXGL Background Thread 3 ] DEBUG Engine               - actualHeightProperty: ReadOnlyDoubleProperty [value: 720.0]
22:02:25.101 [FXGL Background Thread 3 ] DEBUG Engine               - actualWidth: 1080.0
22:02:25.101 [FXGL Background Thread 3 ] DEBUG Engine               - actualWidthProperty: ReadOnlyDoubleProperty [value: 1080.0]
22:02:25.102 [FXGL Background Thread 3 ] DEBUG Engine               - appIcon: fxgl_icon.png
22:02:25.102 [FXGL Background Thread 3 ] DEBUG Engine               - applicationMode: DEVELOPER
22:02:25.102 [FXGL Background Thread 3 ] DEBUG Engine               - cSSList: [fxgl_dark.css]
22:02:25.102 [FXGL Background Thread 3 ] DEBUG Engine               - collisionDetectionStrategy: BRUTE_FORCE
22:02:25.102 [FXGL Background Thread 3 ] DEBUG Engine               - configClass: Optional.empty
22:02:25.102 [FXGL Background Thread 3 ] DEBUG Engine               - credits: []
22:02:25.103 [FXGL Background Thread 3 ] DEBUG Engine               - defaultCursor: CursorInfo(imageName=fxgl_default_cursor.png, hotspotX=7.0, hotspotY=6.0)
22:02:25.103 [FXGL Background Thread 3 ] DEBUG Engine               - devBBoxColorProperty: ObjectProperty [value: 0xff0000ff]
22:02:25.103 [FXGL Background Thread 3 ] DEBUG Engine               - devEnableDebugCameraProperty: BooleanProperty [value: false]
22:02:25.103 [FXGL Background Thread 3 ] DEBUG Engine               - devSensorColorProperty: ObjectProperty [value: 0xffff00ff]
22:02:25.103 [FXGL Background Thread 3 ] DEBUG Engine               - devShowBBoxProperty: BooleanProperty [value: false]
22:02:25.103 [FXGL Background Thread 3 ] DEBUG Engine               - devShowPositionProperty: BooleanProperty [value: false]
22:02:25.103 [FXGL Background Thread 3 ] DEBUG Engine               - enabledMenuItems: []
22:02:25.103 [FXGL Background Thread 3 ] DEBUG Engine               - engineServices: [class com.almasb.fxgl.app.services.FXGLAssetLoaderService, class com.almasb.fxgl.app.FXGLApplication$GameApplicationService, class com.almasb.fxgl.app.services.FXGLDialogService, class com.almasb.fxgl.app.services.IOTaskExecutorService, class com.almasb.fxgl.io.FileSystemService, class com.almasb.fxgl.localization.LocalizationService, class com.almasb.fxgl.app.services.SystemBundleService, class com.almasb.fxgl.profile.SaveLoadService, class com.almasb.fxgl.ui.FXGLUIFactoryServiceProvider, class com.almasb.fxgl.ui.FXGLDialogFactoryServiceProvider, class com.almasb.fxgl.audio.AudioPlayer, class com.almasb.fxgl.notification.impl.NotificationServiceProvider, class com.almasb.fxgl.achievement.AchievementService, class com.almasb.fxgl.cutscene.CutsceneService, class com.almasb.fxgl.minigames.MiniGameService, class com.almasb.fxgl.net.NetService, class com.almasb.fxgl.app.services.UpdaterService, class com.almasb.fxgl.dev.DevService]
22:02:25.103 [FXGL Background Thread 3 ] DEBUG Engine               - fontGame: Abel-Regular.ttf
22:02:25.104 [FXGL Background Thread 3 ] DEBUG Engine               - fontMono: TerminalLandMono-Regular.otf
22:02:25.104 [FXGL Background Thread 3 ] DEBUG Engine               - fontText: Courier-Prime.ttf
22:02:25.104 [FXGL Background Thread 3 ] DEBUG Engine               - fontUI: VarelaRound-Regular.ttf
22:02:25.104 [FXGL Background Thread 3 ] DEBUG Engine               - fullScreen: BooleanProperty [value: false]
22:02:25.104 [FXGL Background Thread 3 ] DEBUG Engine               - gameDifficulty: MEDIUM
22:02:25.104 [FXGL Background Thread 3 ] DEBUG Engine               - gameDifficultyProperty: ObjectProperty [value: MEDIUM]
22:02:25.104 [FXGL Background Thread 3 ] DEBUG Engine               - globalMusicVolume: 0.5
22:02:25.104 [FXGL Background Thread 3 ] DEBUG Engine               - globalMusicVolumeProperty: DoubleProperty [value: 0.5]
22:02:25.104 [FXGL Background Thread 3 ] DEBUG Engine               - globalSoundVolume: 0.5
22:02:25.104 [FXGL Background Thread 3 ] DEBUG Engine               - globalSoundVolumeProperty: DoubleProperty [value: 0.5]
22:02:25.104 [FXGL Background Thread 3 ] DEBUG Engine               - height: 720
22:02:25.104 [FXGL Background Thread 3 ] DEBUG Engine               - is3D: false
22:02:25.104 [FXGL Background Thread 3 ] DEBUG Engine               - isAndroid: false
22:02:25.104 [FXGL Background Thread 3 ] DEBUG Engine               - isBrowser: false
22:02:25.104 [FXGL Background Thread 3 ] DEBUG Engine               - isClickFeedbackEnabled: false
22:02:25.104 [FXGL Background Thread 3 ] DEBUG Engine               - isCloseConfirmation: false
22:02:25.104 [FXGL Background Thread 3 ] DEBUG Engine               - isDesktop: true
22:02:25.104 [FXGL Background Thread 3 ] DEBUG Engine               - isDeveloperMenuEnabled: false
22:02:25.104 [FXGL Background Thread 3 ] DEBUG Engine               - isEmbedded: false
22:02:25.104 [FXGL Background Thread 3 ] DEBUG Engine               - isEntityPreloadEnabled: true
22:02:25.104 [FXGL Background Thread 3 ] DEBUG Engine               - isExperimentalTiledLargeMap: false
22:02:25.104 [FXGL Background Thread 3 ] DEBUG Engine               - isFileSystemWriteAllowed: true
22:02:25.104 [FXGL Background Thread 3 ] DEBUG Engine               - isFullScreenAllowed: false
22:02:25.104 [FXGL Background Thread 3 ] DEBUG Engine               - isFullScreenFromStart: false
22:02:25.104 [FXGL Background Thread 3 ] DEBUG Engine               - isGameMenuEnabled: false
22:02:25.104 [FXGL Background Thread 3 ] DEBUG Engine               - isIOS: false
22:02:25.104 [FXGL Background Thread 3 ] DEBUG Engine               - isIntroEnabled: false
22:02:25.104 [FXGL Background Thread 3 ] DEBUG Engine               - isLinux: false
22:02:25.104 [FXGL Background Thread 3 ] DEBUG Engine               - isMac: false
22:02:25.104 [FXGL Background Thread 3 ] DEBUG Engine               - isMainMenuEnabled: true
22:02:25.104 [FXGL Background Thread 3 ] DEBUG Engine               - isManualResizeEnabled: false
22:02:25.104 [FXGL Background Thread 3 ] DEBUG Engine               - isMobile: false
22:02:25.104 [FXGL Background Thread 3 ] DEBUG Engine               - isNative: false
22:02:25.104 [FXGL Background Thread 3 ] DEBUG Engine               - isPauseMusicWhenMinimized: true
22:02:25.104 [FXGL Background Thread 3 ] DEBUG Engine               - isPreserveResizeRatio: false
22:02:25.104 [FXGL Background Thread 3 ] DEBUG Engine               - isProfilingEnabled: false
22:02:25.104 [FXGL Background Thread 3 ] DEBUG Engine               - isScaleAffectedOnResize: true
22:02:25.104 [FXGL Background Thread 3 ] DEBUG Engine               - isSingleStep: false
22:02:25.104 [FXGL Background Thread 3 ] DEBUG Engine               - isUserProfileEnabled: false
22:02:25.104 [FXGL Background Thread 3 ] DEBUG Engine               - isWindows: true
22:02:25.104 [FXGL Background Thread 3 ] DEBUG Engine               - language: ObjectProperty [value: ENGLISH]
22:02:25.104 [FXGL Background Thread 3 ] DEBUG Engine               - menuKey: ESCAPE
22:02:25.105 [FXGL Background Thread 3 ] DEBUG Engine               - mouseSensitivity: 0.2
22:02:25.105 [FXGL Background Thread 3 ] DEBUG Engine               - notificationViewClass: class com.almasb.fxgl.notification.view.XboxNotificationView
22:02:25.105 [FXGL Background Thread 3 ] DEBUG Engine               - pixelsPerMeter: 50.0
22:02:25.105 [FXGL Background Thread 3 ] DEBUG Engine               - platform: WINDOWS
22:02:25.105 [FXGL Background Thread 3 ] DEBUG Engine               - prefHeightProperty: ReadOnlyDoubleProperty [value: 720.0]
22:02:25.105 [FXGL Background Thread 3 ] DEBUG Engine               - prefWidthProperty: ReadOnlyDoubleProperty [value: 1080.0]
22:02:25.105 [FXGL Background Thread 3 ] DEBUG Engine               - profileDir: profiles/
22:02:25.105 [FXGL Background Thread 3 ] DEBUG Engine               - profileName: StringProperty [value: DEFAULT]
22:02:25.105 [FXGL Background Thread 3 ] DEBUG Engine               - randomSeed: -1
22:02:25.105 [FXGL Background Thread 3 ] DEBUG Engine               - runtimeInfo: RuntimeInfo(platform=WINDOWS, version=17.1, build=24.03.2022 17.34)
22:02:25.105 [FXGL Background Thread 3 ] DEBUG Engine               - saveFileExt: sav
22:02:25.105 [FXGL Background Thread 3 ] DEBUG Engine               - scaledHeightProp$fxgl: DoubleProperty [bound, value: 720.0]
22:02:25.105 [FXGL Background Thread 3 ] DEBUG Engine               - scaledWidthProp$fxgl: DoubleProperty [bound, value: 1080.0]
22:02:25.105 [FXGL Background Thread 3 ] DEBUG Engine               - sceneFactory: com.bomberman.bombermanplus.BombermanApp$1@76687468
22:02:25.105 [FXGL Background Thread 3 ] DEBUG Engine               - secondsIn24h: 60
22:02:25.105 [FXGL Background Thread 3 ] DEBUG Engine               - soundMenuBack: menu/back.wav
22:02:25.105 [FXGL Background Thread 3 ] DEBUG Engine               - soundMenuPress: menu/press.wav
22:02:25.105 [FXGL Background Thread 3 ] DEBUG Engine               - soundMenuSelect: menu/select.wav
22:02:25.105 [FXGL Background Thread 3 ] DEBUG Engine               - soundNotification: core/notification.wav
22:02:25.105 [FXGL Background Thread 3 ] DEBUG Engine               - stageStyle: DECORATED
22:02:25.105 [FXGL Background Thread 3 ] DEBUG Engine               - supportedLanguages: [ENGLISH, FRENCH, GERMAN, HUNGARIAN, RUSSIAN]
22:02:25.105 [FXGL Background Thread 3 ] DEBUG Engine               - ticksPerSecond: -1
22:02:25.105 [FXGL Background Thread 3 ] DEBUG Engine               - title: BOMBERMAN
22:02:25.105 [FXGL Background Thread 3 ] DEBUG Engine               - urlGithub: https://github.com/AlmasB/FXGL
22:02:25.105 [FXGL Background Thread 3 ] DEBUG Engine               - urlLeaderboard: http://fxgl-top.herokuapp.com/
22:02:25.105 [FXGL Background Thread 3 ] DEBUG Engine               - urlPOM: https://raw.githubusercontent.com/AlmasB/FXGL/release/README.md
22:02:25.105 [FXGL Background Thread 3 ] DEBUG Engine               - userAppClass: class com.bomberman.bombermanplus.BombermanApp
22:02:25.106 [FXGL Background Thread 3 ] DEBUG Engine               - version: 1.0
22:02:25.106 [FXGL Background Thread 3 ] DEBUG Engine               - versionCheckDays: 7
22:02:25.106 [FXGL Background Thread 3 ] DEBUG Engine               - width: 1080
22:02:25.106 [FXGL Background Thread 3 ] DEBUG Engine               - Logging services
22:02:25.106 [FXGL Background Thread 3 ] DEBUG Engine               - class com.almasb.fxgl.app.services.FXGLAssetLoaderService
22:02:25.106 [FXGL Background Thread 3 ] DEBUG Engine               - class com.almasb.fxgl.app.FXGLApplication$GameApplicationService
22:02:25.106 [FXGL Background Thread 3 ] DEBUG Engine               - class com.almasb.fxgl.app.services.FXGLDialogService
22:02:25.106 [FXGL Background Thread 3 ] DEBUG Engine               - class com.almasb.fxgl.app.services.IOTaskExecutorService
22:02:25.106 [FXGL Background Thread 3 ] DEBUG Engine               - class com.almasb.fxgl.io.FileSystemService
22:02:25.106 [FXGL Background Thread 3 ] DEBUG Engine               - class com.almasb.fxgl.localization.LocalizationService
22:02:25.106 [FXGL Background Thread 3 ] DEBUG Engine               - class com.almasb.fxgl.app.services.SystemBundleService
22:02:25.106 [FXGL Background Thread 3 ] DEBUG Engine               - class com.almasb.fxgl.profile.SaveLoadService
22:02:25.106 [FXGL Background Thread 3 ] DEBUG Engine               - class com.almasb.fxgl.ui.FXGLUIFactoryServiceProvider
22:02:25.106 [FXGL Background Thread 3 ] DEBUG Engine               - class com.almasb.fxgl.ui.FXGLDialogFactoryServiceProvider
22:02:25.106 [FXGL Background Thread 3 ] DEBUG Engine               - class com.almasb.fxgl.audio.AudioPlayer
22:02:25.106 [FXGL Background Thread 3 ] DEBUG Engine               - class com.almasb.fxgl.notification.impl.NotificationServiceProvider
22:02:25.106 [FXGL Background Thread 3 ] DEBUG Engine               - class com.almasb.fxgl.achievement.AchievementService
22:02:25.106 [FXGL Background Thread 3 ] DEBUG Engine               - class com.almasb.fxgl.cutscene.CutsceneService
22:02:25.106 [FXGL Background Thread 3 ] DEBUG Engine               - class com.almasb.fxgl.minigames.MiniGameService
22:02:25.106 [FXGL Background Thread 3 ] DEBUG Engine               - class com.almasb.fxgl.net.NetService
22:02:25.106 [FXGL Background Thread 3 ] DEBUG Engine               - class com.almasb.fxgl.app.services.UpdaterService
22:02:25.106 [FXGL Background Thread 3 ] DEBUG Engine               - class com.almasb.fxgl.dev.DevService
22:03:00.119 [JavaFX Application Thread] DEBUG FXGLApplication      - Exiting FXGL
22:03:00.119 [JavaFX Application Thread] DEBUG LoopRunner           - Stopping loop
22:03:00.119 [JavaFX Application Thread] DEBUG SystemBundleService  - Saving FXGL system data
22:03:00.123 [JavaFX Application Thread] DEBUG FileSystemAccess     - Writing to: C:\Users\ADMIN\IdeaProjects\BombermanPlus\system\fxgl.bundle
22:03:00.125 [JavaFX Application Thread] DEBUG Async                - Shutting down background threads
22:03:00.125 [JavaFX Application Thread] DEBUG PrimaryStageWindow   - Closing main window
22:03:00.133 [JavaFX Application Thread] DEBUG Logger               - Closing Logger
