22:12:56.278 [main                     ] DEBUG Logger               - Configured Logger
22:12:56.294 [main                     ] DEBUG GameApplication      - Logging settings
Title: BOMBERMAN
Version: 1.0
Width: 1080
Height: 720
Fullscreen: false
Intro: false
Profiling: false
Single step:false
App Mode: DEVELOPER
Menu Key: ESCAPE
Stage Style: DECORATED
Scene Factory: class com.bomberman.bombermanplus.BombermanApp$1

22:12:56.587 [JavaFX Application Thread] DEBUG FXGLApplication      - Initializing FXGL
22:12:56.590 [JavaFX Application Thread] INFO  Engine               - FXGL-17.1 (24.03.2022 17.34) on WINDOWS (J:19 FX:19-ea)
22:12:56.590 [JavaFX Application Thread] DEBUG Engine               - JRE Vendor Name: Oracle Corporation
22:12:56.590 [JavaFX Application Thread] DEBUG Engine               - Running on OS: Windows 11 version 10.0
22:12:56.591 [JavaFX Application Thread] DEBUG Engine               - Architecture: amd64
22:12:56.591 [JavaFX Application Thread] INFO  Engine               - Source code and latest versions at: https://github.com/AlmasB/FXGL
22:12:56.591 [JavaFX Application Thread] INFO  Engine               -       Ask questions and discuss at: https://github.com/AlmasB/FXGL/discussions
22:12:56.591 [JavaFX Application Thread] INFO  Engine               -              Join the FXGL chat at: https://gitter.im/AlmasB/FXGL
22:12:56.652 [JavaFX Application Thread] DEBUG PrimaryStageWindow   - Creating a JavaFX scene
22:12:56.683 [JavaFX Application Thread] DEBUG PrimaryStageWindow   - Target settings size: 1080.0 x 720.0
22:12:56.683 [JavaFX Application Thread] DEBUG PrimaryStageWindow   - Scaled scene size:    1080.0 x 720.0
22:12:56.684 [JavaFX Application Thread] DEBUG PrimaryStageWindow   - Scaled ratio: (1.0, 1.0)
22:12:56.684 [JavaFX Application Thread] DEBUG PrimaryStageWindow   - Set initial scene to FXGLStartupScene
22:12:56.689 [JavaFX Application Thread] DEBUG PrimaryStageWindow   - Opening main window
22:12:56.759 [JavaFX Application Thread] DEBUG PrimaryStageWindow   - Window border size: (14.4000244140625, 37.5999755859375)
22:12:56.760 [JavaFX Application Thread] DEBUG PrimaryStageWindow   - Scaled size: 1080.0 x 720.0
22:12:56.760 [JavaFX Application Thread] DEBUG PrimaryStageWindow   - Scaled ratio: (1.0, 1.0)
22:12:56.761 [JavaFX Application Thread] DEBUG PrimaryStageWindow   - Scene size: 1080.0 x 720.0
22:12:56.761 [JavaFX Application Thread] DEBUG PrimaryStageWindow   - Stage size: 1094.4000244140625 x 757.5999755859375
22:12:56.769 [FXGL Background Thread 1 ] DEBUG Engine               - Initializing environment variables
22:12:56.823 [FXGL Background Thread 1 ] DEBUG FXGLAssetLoaderServi - User app class for loading assets: class com.bomberman.bombermanplus.BombermanApp
22:12:56.823 [FXGL Background Thread 1 ] DEBUG GameApplicationServi - Applying CSS: fxgl_dark.css
22:12:56.824 [FXGL Background Thread 1 ] DEBUG FXGLAssetLoaderServi - Loading from file system: jar:file:///C:/Users/ADMIN/.m2/repository/com/github/almasb/fxgl/17.1/fxgl-17.1.jar!/fxglassets/ui/css/fxgl_dark.css
22:12:56.857 [FXGL Background Thread 1 ] DEBUG GameApplicationServi - Initializing application scenes
22:12:56.889 [FXGL Background Thread 1 ] DEBUG GameWorld            - Game world initialized
22:12:56.939 [FXGL Background Thread 1 ] DEBUG PhysicsWorld         - Physics world initialized: appHeight=720, physics.ppm=50.0
22:12:56.940 [FXGL Background Thread 1 ] DEBUG PhysicsWorld         - Using strategy: BRUTE_FORCE
22:12:56.944 [FXGL Background Thread 1 ] DEBUG GameScene            - Game scene initialized: 1080x720
22:12:56.963 [FXGL Background Thread 1 ] DEBUG GameApplicationServi - Application scenes initialized
22:12:56.972 [FXGL Background Thread 1 ] DEBUG SystemBundleService  - Loading FXGL system data
22:12:56.976 [FXGL Background Thread 1 ] DEBUG FileSystemAccess     - Reading from: C:\Users\ADMIN\IdeaProjects\BombermanPlus\system\fxgl.bundle
22:12:56.984 [FXGL Background Thread 1 ] DEBUG SystemBundleService  - Bundle FXGL: {}
22:12:56.984 [FXGL Background Thread 1 ] DEBUG UpdaterService       - Checking for updates
22:12:56.987 [FXGL Background Thread 4 ] DEBUG FXGLApplication      - Loading fonts
22:12:56.987 [FXGL Background Thread 1 ] DEBUG FXGLApplication      - Loading default localization
22:12:56.987 [FXGL Background Thread 4 ] DEBUG FXGLAssetLoaderServi - Loading from file system: jar:file:///C:/Users/ADMIN/.m2/repository/com/github/almasb/fxgl/17.1/fxgl-17.1.jar!/fxglassets/ui/fonts/VarelaRound-Regular.ttf
22:12:56.988 [FXGL Background Thread 1 ] DEBUG FXGLAssetLoaderServi - Loading from file system: jar:file:///C:/Users/ADMIN/.m2/repository/com/github/almasb/fxgl/17.1/fxgl-17.1.jar!/fxglassets/languages/english.lang
22:12:57.000 [FXGL Background Thread 1 ] INFO  FXGLApplication      - FXGL initialization took: 0.231 sec
22:12:57.006 [JavaFX Application Thread] DEBUG Input                - Registered new binding: Move Right - D
22:12:57.006 [JavaFX Application Thread] DEBUG Input                - Registered new binding: Move Up - W
22:12:57.006 [JavaFX Application Thread] DEBUG Input                - Registered new binding: Move Down - S
22:12:57.006 [JavaFX Application Thread] DEBUG Input                - Registered new binding: Move Left - A
22:12:57.007 [JavaFX Application Thread] DEBUG FXGLAssetLoaderServi - Loading from file system: jar:file:///C:/Users/ADMIN/.m2/repository/com/github/almasb/fxgl/17.1/fxgl-17.1.jar!/fxglassets/textures/fxgl_icon.png
22:12:57.046 [JavaFX Application Thread] DEBUG FXGLAssetLoaderServi - Loading from file system: jar:file:///C:/Users/ADMIN/.m2/repository/com/github/almasb/fxgl/17.1/fxgl-17.1.jar!/fxglassets/textures/fxgl_default_cursor.png
22:12:57.048 [JavaFX Application Thread] DEBUG Input                - Registered new binding: Screenshot - CTRL+8
22:12:57.049 [JavaFX Application Thread] DEBUG Input                - Registered new binding: System info dump - CTRL+9
22:12:57.049 [JavaFX Application Thread] DEBUG Input                - Registered new binding: Restart - CTRL+R
22:12:57.049 [JavaFX Application Thread] DEBUG Input                - Registered new binding: Toggle Debug Camera - CTRL+7
22:12:57.051 [JavaFX Application Thread] DEBUG LoopRunner           - Starting loop
22:12:57.051 [JavaFX Application Thread] DEBUG LoopRunner           - Initializing JavaFX AnimationTimerLoop
22:12:57.053 [JavaFX Application Thread] DEBUG Input                - Clearing active input actions
22:12:57.061 [JavaFX Application Thread] DEBUG GameApplicationServi - Removing overlay from FXGLStartupScene and adding to FXGLMainMenuDummyScene
22:12:57.061 [JavaFX Application Thread] DEBUG PrimaryStageWindow   - FXGLStartupScene -> FXGLMainMenuDummyScene
22:12:57.061 [JavaFX Application Thread] DEBUG PrimaryStageWindow   - Push state: BombermanMenu
22:12:57.062 [JavaFX Application Thread] DEBUG Input                - Clearing active input actions
22:12:57.067 [JavaFX Application Thread] DEBUG GameApplicationServi - Removing overlay from FXGLMainMenuDummyScene and adding to BombermanMenu
22:12:57.068 [JavaFX Application Thread] DEBUG PrimaryStageWindow   - FXGLMainMenuDummyScene -> BombermanMenu
22:12:57.077 [FXGL Background Thread 4 ] DEBUG FXGLAssetLoaderServi - Loading from file system: jar:file:///C:/Users/ADMIN/.m2/repository/com/github/almasb/fxgl/17.1/fxgl-17.1.jar!/fxglassets/ui/fonts/Abel-Regular.ttf
22:12:57.105 [FXGL Background Thread 4 ] DEBUG FXGLAssetLoaderServi - Loading from file system: jar:file:///C:/Users/ADMIN/.m2/repository/com/github/almasb/fxgl/17.1/fxgl-17.1.jar!/fxglassets/ui/fonts/TerminalLandMono-Regular.otf
22:12:57.121 [FXGL Background Thread 4 ] DEBUG FXGLAssetLoaderServi - Loading from file system: jar:file:///C:/Users/ADMIN/.m2/repository/com/github/almasb/fxgl/17.1/fxgl-17.1.jar!/fxglassets/ui/fonts/Courier-Prime.ttf
22:12:57.139 [JavaFX Application Thread] DEBUG FXGLApplication      - Registering font factories with UI factory
22:12:57.562 [FXGL Background Thread 2 ] INFO  UpdaterService       - Your current version:  17.1
22:12:57.562 [FXGL Background Thread 2 ] INFO  UpdaterService       - Latest stable version: 17.2
22:12:59.744 [JavaFX Application Thread] DEBUG Menu                 - fireNewGame()
22:12:59.744 [JavaFX Application Thread] DEBUG GameApplicationServi - Starting new game
22:12:59.744 [JavaFX Application Thread] DEBUG PrimaryStageWindow   - Pop state: BombermanMenu
22:12:59.744 [JavaFX Application Thread] DEBUG Input                - Clearing active input actions
22:12:59.745 [JavaFX Application Thread] DEBUG GameApplicationServi - Removing overlay from BombermanMenu and adding to FXGLMainMenuDummyScene
22:12:59.745 [JavaFX Application Thread] DEBUG PrimaryStageWindow   - FXGLMainMenuDummyScene <- BombermanMenu
22:12:59.745 [JavaFX Application Thread] DEBUG Input                - Clearing active input actions
22:12:59.752 [JavaFX Application Thread] DEBUG GameApplicationServi - Removing overlay from FXGLMainMenuDummyScene and adding to FXGLLoadingScene
22:12:59.753 [JavaFX Application Thread] DEBUG PrimaryStageWindow   - FXGLMainMenuDummyScene -> FXGLLoadingScene
22:12:59.753 [JavaFX Application Thread] DEBUG GameApplicationServi - Clearing previous game
22:12:59.753 [JavaFX Application Thread] DEBUG GameScene            - Clearing game scene
22:12:59.753 [JavaFX Application Thread] DEBUG GameWorld            - Clearing game world
22:12:59.753 [JavaFX Application Thread] DEBUG PhysicsWorld         - Clearing physics world
22:12:59.754 [FXGL Background Thread 2 ] DEBUG FXGLApplication      - Initializing game
22:12:59.774 [FXGL Background Thread 2 ] WARN  TMXLevelLoader       - TiledMap generated from 1.9.2. Supported version: 1.4.2. Some features may not be parsed fully.
22:12:59.778 [FXGL Background Thread 2 ] DEBUG TMXLevelLoader       - Parsed TiledMap: file:/C:/Users/ADMIN/IdeaProjects/BombermanPlus/target/classes/assets/levels/lv1demo.tmx
22:12:59.780 [FXGL Background Thread 2 ] DEBUG TMXLevelLoader       - Creating tile layer entities
22:12:59.781 [FXGL Background Thread 2 ] DEBUG TilesetLoader        - Loading view for layer Tile Layer 1
22:12:59.784 [FXGL Background Thread 2 ] DEBUG TilesetLoader        - Created buffer with size 1488.0x720.0
22:12:59.813 [FXGL Background Thread 2 ] DEBUG TMXLevelLoader       - Creating object layer entities
22:12:59.833 [FXGL Background Thread 2 ] DEBUG FXGLAssetLoaderServi - Loading from file system: file:/C:/Users/ADMIN/IdeaProjects/BombermanPlus/target/classes/assets/textures/sprites.png
22:12:59.872 [FXGL Background Thread 2 ] DEBUG GameWorld            - Clearing removable entities
22:12:59.873 [FXGL Background Thread 2 ] DEBUG GameWorld            - Setting level: com.almasb.fxgl.entity.level.Level@749524a0
22:12:59.879 [FXGL Background Thread 2 ] INFO  FXGLApplication      - Game initialization took: 0.126 sec
22:12:59.880 [JavaFX Application Thread] DEBUG Input                - Clearing active input actions
22:12:59.884 [JavaFX Application Thread] DEBUG GameApplicationServi - Removing overlay from FXGLLoadingScene and adding to GameScene
22:12:59.884 [JavaFX Application Thread] DEBUG PrimaryStageWindow   - FXGLLoadingScene -> GameScene
22:12:59.987 [FXGL Background Thread 3 ] DEBUG Engine               - Logging environment variables
22:12:59.988 [FXGL Background Thread 3 ] DEBUG Engine               - achievements: []
22:12:59.988 [FXGL Background Thread 3 ] DEBUG Engine               - actualHeight: 720.0
22:12:59.988 [FXGL Background Thread 3 ] DEBUG Engine               - actualHeightProperty: ReadOnlyDoubleProperty [value: 720.0]
22:12:59.988 [FXGL Background Thread 3 ] DEBUG Engine               - actualWidth: 1080.0
22:12:59.988 [FXGL Background Thread 3 ] DEBUG Engine               - actualWidthProperty: ReadOnlyDoubleProperty [value: 1080.0]
22:12:59.988 [FXGL Background Thread 3 ] DEBUG Engine               - appIcon: fxgl_icon.png
22:12:59.988 [FXGL Background Thread 3 ] DEBUG Engine               - applicationMode: DEVELOPER
22:12:59.988 [FXGL Background Thread 3 ] DEBUG Engine               - cSSList: [fxgl_dark.css]
22:12:59.988 [FXGL Background Thread 3 ] DEBUG Engine               - collisionDetectionStrategy: BRUTE_FORCE
22:12:59.988 [FXGL Background Thread 3 ] DEBUG Engine               - configClass: Optional.empty
22:12:59.988 [FXGL Background Thread 3 ] DEBUG Engine               - credits: []
22:12:59.989 [FXGL Background Thread 3 ] DEBUG Engine               - defaultCursor: CursorInfo(imageName=fxgl_default_cursor.png, hotspotX=7.0, hotspotY=6.0)
22:12:59.989 [FXGL Background Thread 3 ] DEBUG Engine               - devBBoxColorProperty: ObjectProperty [value: 0xff0000ff]
22:12:59.989 [FXGL Background Thread 3 ] DEBUG Engine               - devEnableDebugCameraProperty: BooleanProperty [value: false]
22:12:59.989 [FXGL Background Thread 3 ] DEBUG Engine               - devSensorColorProperty: ObjectProperty [value: 0xffff00ff]
22:12:59.989 [FXGL Background Thread 3 ] DEBUG Engine               - devShowBBoxProperty: BooleanProperty [value: false]
22:12:59.989 [FXGL Background Thread 3 ] DEBUG Engine               - devShowPositionProperty: BooleanProperty [value: false]
22:12:59.989 [FXGL Background Thread 3 ] DEBUG Engine               - enabledMenuItems: []
22:12:59.989 [FXGL Background Thread 3 ] DEBUG Engine               - engineServices: [class com.almasb.fxgl.app.services.FXGLAssetLoaderService, class com.almasb.fxgl.app.FXGLApplication$GameApplicationService, class com.almasb.fxgl.app.services.FXGLDialogService, class com.almasb.fxgl.app.services.IOTaskExecutorService, class com.almasb.fxgl.io.FileSystemService, class com.almasb.fxgl.localization.LocalizationService, class com.almasb.fxgl.app.services.SystemBundleService, class com.almasb.fxgl.profile.SaveLoadService, class com.almasb.fxgl.ui.FXGLUIFactoryServiceProvider, class com.almasb.fxgl.ui.FXGLDialogFactoryServiceProvider, class com.almasb.fxgl.audio.AudioPlayer, class com.almasb.fxgl.notification.impl.NotificationServiceProvider, class com.almasb.fxgl.achievement.AchievementService, class com.almasb.fxgl.cutscene.CutsceneService, class com.almasb.fxgl.minigames.MiniGameService, class com.almasb.fxgl.net.NetService, class com.almasb.fxgl.app.services.UpdaterService, class com.almasb.fxgl.dev.DevService]
22:12:59.989 [FXGL Background Thread 3 ] DEBUG Engine               - fontGame: Abel-Regular.ttf
22:12:59.990 [FXGL Background Thread 3 ] DEBUG Engine               - fontMono: TerminalLandMono-Regular.otf
22:12:59.990 [FXGL Background Thread 3 ] DEBUG Engine               - fontText: Courier-Prime.ttf
22:12:59.990 [FXGL Background Thread 3 ] DEBUG Engine               - fontUI: VarelaRound-Regular.ttf
22:12:59.990 [FXGL Background Thread 3 ] DEBUG Engine               - fullScreen: BooleanProperty [value: false]
22:12:59.990 [FXGL Background Thread 3 ] DEBUG Engine               - gameDifficulty: MEDIUM
22:12:59.990 [FXGL Background Thread 3 ] DEBUG Engine               - gameDifficultyProperty: ObjectProperty [value: MEDIUM]
22:12:59.990 [FXGL Background Thread 3 ] DEBUG Engine               - globalMusicVolume: 0.5
22:12:59.990 [FXGL Background Thread 3 ] DEBUG Engine               - globalMusicVolumeProperty: DoubleProperty [value: 0.5]
22:12:59.990 [FXGL Background Thread 3 ] DEBUG Engine               - globalSoundVolume: 0.5
22:12:59.990 [FXGL Background Thread 3 ] DEBUG Engine               - globalSoundVolumeProperty: DoubleProperty [value: 0.5]
22:12:59.990 [FXGL Background Thread 3 ] DEBUG Engine               - height: 720
22:12:59.990 [FXGL Background Thread 3 ] DEBUG Engine               - is3D: false
22:12:59.990 [FXGL Background Thread 3 ] DEBUG Engine               - isAndroid: false
22:12:59.990 [FXGL Background Thread 3 ] DEBUG Engine               - isBrowser: false
22:12:59.990 [FXGL Background Thread 3 ] DEBUG Engine               - isClickFeedbackEnabled: false
22:12:59.990 [FXGL Background Thread 3 ] DEBUG Engine               - isCloseConfirmation: false
22:12:59.990 [FXGL Background Thread 3 ] DEBUG Engine               - isDesktop: true
22:12:59.990 [FXGL Background Thread 3 ] DEBUG Engine               - isDeveloperMenuEnabled: false
22:12:59.990 [FXGL Background Thread 3 ] DEBUG Engine               - isEmbedded: false
22:12:59.990 [FXGL Background Thread 3 ] DEBUG Engine               - isEntityPreloadEnabled: true
22:12:59.990 [FXGL Background Thread 3 ] DEBUG Engine               - isExperimentalTiledLargeMap: false
22:12:59.990 [FXGL Background Thread 3 ] DEBUG Engine               - isFileSystemWriteAllowed: true
22:12:59.990 [FXGL Background Thread 3 ] DEBUG Engine               - isFullScreenAllowed: false
22:12:59.990 [FXGL Background Thread 3 ] DEBUG Engine               - isFullScreenFromStart: false
22:12:59.990 [FXGL Background Thread 3 ] DEBUG Engine               - isGameMenuEnabled: false
22:12:59.990 [FXGL Background Thread 3 ] DEBUG Engine               - isIOS: false
22:12:59.990 [FXGL Background Thread 3 ] DEBUG Engine               - isIntroEnabled: false
22:12:59.990 [FXGL Background Thread 3 ] DEBUG Engine               - isLinux: false
22:12:59.991 [FXGL Background Thread 3 ] DEBUG Engine               - isMac: false
22:12:59.991 [FXGL Background Thread 3 ] DEBUG Engine               - isMainMenuEnabled: true
22:12:59.991 [FXGL Background Thread 3 ] DEBUG Engine               - isManualResizeEnabled: false
22:12:59.991 [FXGL Background Thread 3 ] DEBUG Engine               - isMobile: false
22:12:59.991 [FXGL Background Thread 3 ] DEBUG Engine               - isNative: false
22:12:59.991 [FXGL Background Thread 3 ] DEBUG Engine               - isPauseMusicWhenMinimized: true
22:12:59.991 [FXGL Background Thread 3 ] DEBUG Engine               - isPreserveResizeRatio: false
22:12:59.991 [FXGL Background Thread 3 ] DEBUG Engine               - isProfilingEnabled: false
22:12:59.991 [FXGL Background Thread 3 ] DEBUG Engine               - isScaleAffectedOnResize: true
22:12:59.991 [FXGL Background Thread 3 ] DEBUG Engine               - isSingleStep: false
22:12:59.991 [FXGL Background Thread 3 ] DEBUG Engine               - isUserProfileEnabled: false
22:12:59.991 [FXGL Background Thread 3 ] DEBUG Engine               - isWindows: true
22:12:59.991 [FXGL Background Thread 3 ] DEBUG Engine               - language: ObjectProperty [value: ENGLISH]
22:12:59.991 [FXGL Background Thread 3 ] DEBUG Engine               - menuKey: ESCAPE
22:12:59.991 [FXGL Background Thread 3 ] DEBUG Engine               - mouseSensitivity: 0.2
22:12:59.991 [FXGL Background Thread 3 ] DEBUG Engine               - notificationViewClass: class com.almasb.fxgl.notification.view.XboxNotificationView
22:12:59.991 [FXGL Background Thread 3 ] DEBUG Engine               - pixelsPerMeter: 50.0
22:12:59.991 [FXGL Background Thread 3 ] DEBUG Engine               - platform: WINDOWS
22:12:59.991 [FXGL Background Thread 3 ] DEBUG Engine               - prefHeightProperty: ReadOnlyDoubleProperty [value: 720.0]
22:12:59.991 [FXGL Background Thread 3 ] DEBUG Engine               - prefWidthProperty: ReadOnlyDoubleProperty [value: 1080.0]
22:12:59.991 [FXGL Background Thread 3 ] DEBUG Engine               - profileDir: profiles/
22:12:59.991 [FXGL Background Thread 3 ] DEBUG Engine               - profileName: StringProperty [value: DEFAULT]
22:12:59.991 [FXGL Background Thread 3 ] DEBUG Engine               - randomSeed: -1
22:12:59.992 [FXGL Background Thread 3 ] DEBUG Engine               - runtimeInfo: RuntimeInfo(platform=WINDOWS, version=17.1, build=24.03.2022 17.34)
22:12:59.992 [FXGL Background Thread 3 ] DEBUG Engine               - saveFileExt: sav
22:12:59.992 [FXGL Background Thread 3 ] DEBUG Engine               - scaledHeightProp$fxgl: DoubleProperty [bound, value: 720.0]
22:12:59.992 [FXGL Background Thread 3 ] DEBUG Engine               - scaledWidthProp$fxgl: DoubleProperty [bound, value: 1080.0]
22:12:59.992 [FXGL Background Thread 3 ] DEBUG Engine               - sceneFactory: com.bomberman.bombermanplus.BombermanApp$1@1ed08cfe
22:12:59.992 [FXGL Background Thread 3 ] DEBUG Engine               - secondsIn24h: 60
22:12:59.992 [FXGL Background Thread 3 ] DEBUG Engine               - soundMenuBack: menu/back.wav
22:12:59.992 [FXGL Background Thread 3 ] DEBUG Engine               - soundMenuPress: menu/press.wav
22:12:59.992 [FXGL Background Thread 3 ] DEBUG Engine               - soundMenuSelect: menu/select.wav
22:12:59.992 [FXGL Background Thread 3 ] DEBUG Engine               - soundNotification: core/notification.wav
22:12:59.992 [FXGL Background Thread 3 ] DEBUG Engine               - stageStyle: DECORATED
22:12:59.992 [FXGL Background Thread 3 ] DEBUG Engine               - supportedLanguages: [ENGLISH, FRENCH, GERMAN, HUNGARIAN, RUSSIAN]
22:12:59.992 [FXGL Background Thread 3 ] DEBUG Engine               - ticksPerSecond: -1
22:12:59.992 [FXGL Background Thread 3 ] DEBUG Engine               - title: BOMBERMAN
22:12:59.992 [FXGL Background Thread 3 ] DEBUG Engine               - urlGithub: https://github.com/AlmasB/FXGL
22:12:59.992 [FXGL Background Thread 3 ] DEBUG Engine               - urlLeaderboard: http://fxgl-top.herokuapp.com/
22:12:59.992 [FXGL Background Thread 3 ] DEBUG Engine               - urlPOM: https://raw.githubusercontent.com/AlmasB/FXGL/release/README.md
22:12:59.992 [FXGL Background Thread 3 ] DEBUG Engine               - userAppClass: class com.bomberman.bombermanplus.BombermanApp
22:12:59.992 [FXGL Background Thread 3 ] DEBUG Engine               - version: 1.0
22:12:59.992 [FXGL Background Thread 3 ] DEBUG Engine               - versionCheckDays: 7
22:12:59.992 [FXGL Background Thread 3 ] DEBUG Engine               - width: 1080
22:12:59.992 [FXGL Background Thread 3 ] DEBUG Engine               - Logging services
22:12:59.992 [FXGL Background Thread 3 ] DEBUG Engine               - class com.almasb.fxgl.app.services.FXGLAssetLoaderService
22:12:59.992 [FXGL Background Thread 3 ] DEBUG Engine               - class com.almasb.fxgl.app.FXGLApplication$GameApplicationService
22:12:59.992 [FXGL Background Thread 3 ] DEBUG Engine               - class com.almasb.fxgl.app.services.FXGLDialogService
22:12:59.992 [FXGL Background Thread 3 ] DEBUG Engine               - class com.almasb.fxgl.app.services.IOTaskExecutorService
22:12:59.992 [FXGL Background Thread 3 ] DEBUG Engine               - class com.almasb.fxgl.io.FileSystemService
22:12:59.992 [FXGL Background Thread 3 ] DEBUG Engine               - class com.almasb.fxgl.localization.LocalizationService
22:12:59.992 [FXGL Background Thread 3 ] DEBUG Engine               - class com.almasb.fxgl.app.services.SystemBundleService
22:12:59.992 [FXGL Background Thread 3 ] DEBUG Engine               - class com.almasb.fxgl.profile.SaveLoadService
22:12:59.992 [FXGL Background Thread 3 ] DEBUG Engine               - class com.almasb.fxgl.ui.FXGLUIFactoryServiceProvider
22:12:59.992 [FXGL Background Thread 3 ] DEBUG Engine               - class com.almasb.fxgl.ui.FXGLDialogFactoryServiceProvider
22:12:59.992 [FXGL Background Thread 3 ] DEBUG Engine               - class com.almasb.fxgl.audio.AudioPlayer
22:12:59.992 [FXGL Background Thread 3 ] DEBUG Engine               - class com.almasb.fxgl.notification.impl.NotificationServiceProvider
22:12:59.992 [FXGL Background Thread 3 ] DEBUG Engine               - class com.almasb.fxgl.achievement.AchievementService
22:12:59.992 [FXGL Background Thread 3 ] DEBUG Engine               - class com.almasb.fxgl.cutscene.CutsceneService
22:12:59.992 [FXGL Background Thread 3 ] DEBUG Engine               - class com.almasb.fxgl.minigames.MiniGameService
22:12:59.993 [FXGL Background Thread 3 ] DEBUG Engine               - class com.almasb.fxgl.net.NetService
22:12:59.993 [FXGL Background Thread 3 ] DEBUG Engine               - class com.almasb.fxgl.app.services.UpdaterService
22:12:59.993 [FXGL Background Thread 3 ] DEBUG Engine               - class com.almasb.fxgl.dev.DevService
22:13:05.777 [JavaFX Application Thread] DEBUG FXGLApplication      - Exiting FXGL
22:13:05.778 [JavaFX Application Thread] DEBUG LoopRunner           - Stopping loop
22:13:05.778 [JavaFX Application Thread] DEBUG SystemBundleService  - Saving FXGL system data
22:13:05.780 [JavaFX Application Thread] DEBUG FileSystemAccess     - Writing to: C:\Users\ADMIN\IdeaProjects\BombermanPlus\system\fxgl.bundle
22:13:05.782 [JavaFX Application Thread] DEBUG Async                - Shutting down background threads
22:13:05.782 [JavaFX Application Thread] DEBUG PrimaryStageWindow   - Closing main window
22:13:05.789 [JavaFX Application Thread] DEBUG Logger               - Closing Logger
