01:55:34.821 [main                     ] DEBUG Logger               - Configured Logger
01:55:34.838 [main                     ] DEBUG GameApplication      - Logging settings
Title: BOMBERMAN
Version: 1.0
Width: 1080
Height: 720
Fullscreen: false
Intro: false
Profiling: false
Single step:false
App Mode: DEVELOPER
Menu Key: ESCAPE
Stage Style: DECORATED
Scene Factory: class com.almasb.fxgl.app.scene.SceneFactory

01:55:35.449 [JavaFX Application Thread] DEBUG FXGLApplication      - Initializing FXGL
01:55:35.454 [JavaFX Application Thread] INFO  Engine               - FXGL-17.1 (24.03.2022 17.34) on WINDOWS (J:19 FX:19-ea)
01:55:35.454 [JavaFX Application Thread] DEBUG Engine               - JRE Vendor Name: Oracle Corporation
01:55:35.454 [JavaFX Application Thread] DEBUG Engine               - Running on OS: Windows 11 version 10.0
01:55:35.454 [JavaFX Application Thread] DEBUG Engine               - Architecture: amd64
01:55:35.454 [JavaFX Application Thread] INFO  Engine               - Source code and latest versions at: https://github.com/AlmasB/FXGL
01:55:35.455 [JavaFX Application Thread] INFO  Engine               -       Ask questions and discuss at: https://github.com/AlmasB/FXGL/discussions
01:55:35.455 [JavaFX Application Thread] INFO  Engine               -              Join the FXGL chat at: https://gitter.im/AlmasB/FXGL
01:55:35.545 [JavaFX Application Thread] DEBUG PrimaryStageWindow   - Creating a JavaFX scene
01:55:35.605 [JavaFX Application Thread] DEBUG PrimaryStageWindow   - Target settings size: 1080.0 x 720.0
01:55:35.606 [JavaFX Application Thread] DEBUG PrimaryStageWindow   - Scaled scene size:    1080.0 x 720.0
01:55:35.606 [JavaFX Application Thread] DEBUG PrimaryStageWindow   - Scaled ratio: (1.0, 1.0)
01:55:35.608 [JavaFX Application Thread] DEBUG PrimaryStageWindow   - Set initial scene to FXGLStartupScene
01:55:35.615 [JavaFX Application Thread] DEBUG PrimaryStageWindow   - Opening main window
01:55:35.719 [JavaFX Application Thread] DEBUG PrimaryStageWindow   - Window border size: (14.4000244140625, 37.5999755859375)
01:55:35.720 [JavaFX Application Thread] DEBUG PrimaryStageWindow   - Scaled size: 1080.0 x 720.0
01:55:35.720 [JavaFX Application Thread] DEBUG PrimaryStageWindow   - Scaled ratio: (1.0, 1.0)
01:55:35.720 [JavaFX Application Thread] DEBUG PrimaryStageWindow   - Scene size: 1080.0 x 720.0
01:55:35.721 [JavaFX Application Thread] DEBUG PrimaryStageWindow   - Stage size: 1094.4000244140625 x 757.5999755859375
01:55:35.730 [FXGL Background Thread 1 ] DEBUG Engine               - Initializing environment variables
01:55:35.788 [FXGL Background Thread 1 ] DEBUG FXGLAssetLoaderServi - User app class for loading assets: class com.bomberman.bombermanplus.BombermanApp
01:55:35.788 [FXGL Background Thread 1 ] DEBUG GameApplicationServi - Applying CSS: fxgl_dark.css
01:55:35.789 [FXGL Background Thread 1 ] DEBUG FXGLAssetLoaderServi - Loading from file system: jar:file:///C:/Users/Gia%20Phong/.m2/repository/com/github/almasb/fxgl/17.1/fxgl-17.1.jar!/fxglassets/ui/css/fxgl_dark.css
01:55:35.824 [FXGL Background Thread 1 ] DEBUG GameApplicationServi - Initializing application scenes
01:55:35.860 [FXGL Background Thread 1 ] DEBUG GameWorld            - Game world initialized
01:55:35.916 [FXGL Background Thread 1 ] DEBUG PhysicsWorld         - Physics world initialized: appHeight=720, physics.ppm=50.0
01:55:35.917 [FXGL Background Thread 1 ] DEBUG PhysicsWorld         - Using strategy: BRUTE_FORCE
01:55:35.922 [FXGL Background Thread 1 ] DEBUG GameScene            - Game scene initialized: 1080x720
01:55:35.935 [FXGL Background Thread 1 ] DEBUG FXGL.DefaultMenu     - createMenuBodyMainMenu()
01:55:35.950 [FXGL Background Thread 1 ] DEBUG FXGL.DefaultMenu     - createOptionsMenu()
01:55:35.962 [FXGL Background Thread 1 ] DEBUG FXGLAssetLoaderServi - Loading from file system: jar:file:///C:/Users/Gia%20Phong/.m2/repository/com/github/almasb/fxgl/17.1/fxgl-17.1.jar!/fxglassets/textures/particles/smoke.png
01:55:36.077 [FXGL Background Thread 1 ] DEBUG FXGLAssetLoaderServi - Loading from file system: jar:file:///C:/Users/Gia%20Phong/.m2/repository/com/github/almasb/fxgl/17.1/fxgl-17.1.jar!/fxglassets/textures/particles/trace_horizontal.png
01:55:36.112 [FXGL Background Thread 1 ] DEBUG GameApplicationServi - Application scenes initialized
01:55:36.132 [FXGL Background Thread 1 ] DEBUG SystemBundleService  - Loading FXGL system data
01:55:36.139 [FXGL Background Thread 1 ] DEBUG FileSystemAccess     - Reading from: C:\Users\Gia Phong\Downloads\Java\src\BombermanPlus\system\fxgl.bundle
01:55:36.163 [FXGL Background Thread 1 ] DEBUG SystemBundleService  - Bundle FXGL: {}
01:55:36.163 [FXGL Background Thread 1 ] DEBUG UpdaterService       - Checking for updates
01:55:36.172 [FXGL Background Thread 4 ] DEBUG FXGLApplication      - Loading fonts
01:55:36.172 [FXGL Background Thread 1 ] DEBUG FXGLApplication      - Loading default localization
01:55:36.173 [FXGL Background Thread 4 ] DEBUG FXGLAssetLoaderServi - Loading from file system: jar:file:///C:/Users/Gia%20Phong/.m2/repository/com/github/almasb/fxgl/17.1/fxgl-17.1.jar!/fxglassets/ui/fonts/VarelaRound-Regular.ttf
01:55:36.173 [FXGL Background Thread 1 ] DEBUG FXGLAssetLoaderServi - Loading from file system: jar:file:///C:/Users/Gia%20Phong/.m2/repository/com/github/almasb/fxgl/17.1/fxgl-17.1.jar!/fxglassets/languages/english.lang
01:55:36.198 [FXGL Background Thread 1 ] INFO  FXGLApplication      - FXGL initialization took: 0.467 sec
01:55:36.211 [JavaFX Application Thread] DEBUG Input                - Registered new binding: Move Right - D
01:55:36.211 [JavaFX Application Thread] DEBUG Input                - Registered new binding: Move Up - W
01:55:36.211 [JavaFX Application Thread] DEBUG Input                - Registered new binding: Move Down - S
01:55:36.211 [JavaFX Application Thread] DEBUG Input                - Registered new binding: Move Left - A
01:55:36.212 [JavaFX Application Thread] DEBUG FXGLAssetLoaderServi - Loading from file system: jar:file:///C:/Users/Gia%20Phong/.m2/repository/com/github/almasb/fxgl/17.1/fxgl-17.1.jar!/fxglassets/textures/fxgl_icon.png
01:55:36.232 [JavaFX Application Thread] DEBUG FXGLAssetLoaderServi - Loading from file system: jar:file:///C:/Users/Gia%20Phong/.m2/repository/com/github/almasb/fxgl/17.1/fxgl-17.1.jar!/fxglassets/textures/fxgl_default_cursor.png
01:55:36.235 [JavaFX Application Thread] DEBUG Input                - Registered new binding: Screenshot - CTRL+8
01:55:36.236 [JavaFX Application Thread] DEBUG Input                - Registered new binding: System info dump - CTRL+9
01:55:36.236 [JavaFX Application Thread] DEBUG Input                - Registered new binding: Restart - CTRL+R
01:55:36.237 [JavaFX Application Thread] DEBUG Input                - Registered new binding: Toggle Debug Camera - CTRL+7
01:55:36.239 [JavaFX Application Thread] DEBUG LoopRunner           - Starting loop
01:55:36.239 [JavaFX Application Thread] DEBUG LoopRunner           - Initializing JavaFX AnimationTimerLoop
01:55:36.241 [JavaFX Application Thread] DEBUG Input                - Clearing active input actions
01:55:36.249 [JavaFX Application Thread] DEBUG GameApplicationServi - Removing overlay from FXGLStartupScene and adding to FXGLMainMenuDummyScene
01:55:36.249 [JavaFX Application Thread] DEBUG PrimaryStageWindow   - FXGLStartupScene -> FXGLMainMenuDummyScene
01:55:36.249 [JavaFX Application Thread] DEBUG PrimaryStageWindow   - Push state: FXGLDefaultMenu
01:55:36.254 [JavaFX Application Thread] DEBUG Input                - Clearing active input actions
01:55:36.263 [JavaFX Application Thread] DEBUG GameApplicationServi - Removing overlay from FXGLMainMenuDummyScene and adding to FXGLDefaultMenu
01:55:36.263 [JavaFX Application Thread] DEBUG PrimaryStageWindow   - FXGLMainMenuDummyScene -> FXGLDefaultMenu
01:55:36.289 [FXGL Background Thread 4 ] DEBUG FXGLAssetLoaderServi - Loading from file system: jar:file:///C:/Users/Gia%20Phong/.m2/repository/com/github/almasb/fxgl/17.1/fxgl-17.1.jar!/fxglassets/ui/fonts/Abel-Regular.ttf
01:55:36.300 [FXGL Background Thread 4 ] DEBUG FXGLAssetLoaderServi - Loading from file system: jar:file:///C:/Users/Gia%20Phong/.m2/repository/com/github/almasb/fxgl/17.1/fxgl-17.1.jar!/fxglassets/ui/fonts/TerminalLandMono-Regular.otf
01:55:36.309 [FXGL Background Thread 4 ] DEBUG FXGLAssetLoaderServi - Loading from file system: jar:file:///C:/Users/Gia%20Phong/.m2/repository/com/github/almasb/fxgl/17.1/fxgl-17.1.jar!/fxglassets/ui/fonts/Courier-Prime.ttf
01:55:36.338 [JavaFX Application Thread] DEBUG FXGLApplication      - Registering font factories with UI factory
01:55:37.334 [FXGL Background Thread 2 ] INFO  UpdaterService       - Your current version:  17.1
01:55:37.335 [FXGL Background Thread 2 ] INFO  UpdaterService       - Latest stable version: 17.2
01:55:38.917 [JavaFX Application Thread] DEBUG FXGL.DefaultMenu     - createContentGameplay()
01:55:39.169 [FXGL Background Thread 3 ] DEBUG Engine               - Logging environment variables
01:55:39.169 [FXGL Background Thread 3 ] DEBUG Engine               - achievements: []
01:55:39.169 [FXGL Background Thread 3 ] DEBUG Engine               - actualHeight: 720.0
01:55:39.169 [FXGL Background Thread 3 ] DEBUG Engine               - actualHeightProperty: ReadOnlyDoubleProperty [value: 720.0]
01:55:39.169 [FXGL Background Thread 3 ] DEBUG Engine               - actualWidth: 1080.0
01:55:39.169 [FXGL Background Thread 3 ] DEBUG Engine               - actualWidthProperty: ReadOnlyDoubleProperty [value: 1080.0]
01:55:39.169 [FXGL Background Thread 3 ] DEBUG Engine               - appIcon: fxgl_icon.png
01:55:39.169 [FXGL Background Thread 3 ] DEBUG Engine               - applicationMode: DEVELOPER
01:55:39.169 [FXGL Background Thread 3 ] DEBUG Engine               - cSSList: [fxgl_dark.css]
01:55:39.169 [FXGL Background Thread 3 ] DEBUG Engine               - collisionDetectionStrategy: BRUTE_FORCE
01:55:39.169 [FXGL Background Thread 3 ] DEBUG Engine               - configClass: Optional.empty
01:55:39.170 [FXGL Background Thread 3 ] DEBUG Engine               - credits: []
01:55:39.170 [FXGL Background Thread 3 ] DEBUG Engine               - defaultCursor: CursorInfo(imageName=fxgl_default_cursor.png, hotspotX=7.0, hotspotY=6.0)
01:55:39.170 [FXGL Background Thread 3 ] DEBUG Engine               - devBBoxColorProperty: ObjectProperty [value: 0xff0000ff]
01:55:39.170 [FXGL Background Thread 3 ] DEBUG Engine               - devEnableDebugCameraProperty: BooleanProperty [value: false]
01:55:39.170 [FXGL Background Thread 3 ] DEBUG Engine               - devSensorColorProperty: ObjectProperty [value: 0xffff00ff]
01:55:39.170 [FXGL Background Thread 3 ] DEBUG Engine               - devShowBBoxProperty: BooleanProperty [value: false]
01:55:39.170 [FXGL Background Thread 3 ] DEBUG Engine               - devShowPositionProperty: BooleanProperty [value: false]
01:55:39.170 [FXGL Background Thread 3 ] DEBUG Engine               - enabledMenuItems: []
01:55:39.170 [FXGL Background Thread 3 ] DEBUG Engine               - engineServices: [class com.almasb.fxgl.app.services.FXGLAssetLoaderService, class com.almasb.fxgl.app.FXGLApplication$GameApplicationService, class com.almasb.fxgl.app.services.FXGLDialogService, class com.almasb.fxgl.app.services.IOTaskExecutorService, class com.almasb.fxgl.io.FileSystemService, class com.almasb.fxgl.localization.LocalizationService, class com.almasb.fxgl.app.services.SystemBundleService, class com.almasb.fxgl.profile.SaveLoadService, class com.almasb.fxgl.ui.FXGLUIFactoryServiceProvider, class com.almasb.fxgl.ui.FXGLDialogFactoryServiceProvider, class com.almasb.fxgl.audio.AudioPlayer, class com.almasb.fxgl.notification.impl.NotificationServiceProvider, class com.almasb.fxgl.achievement.AchievementService, class com.almasb.fxgl.cutscene.CutsceneService, class com.almasb.fxgl.minigames.MiniGameService, class com.almasb.fxgl.net.NetService, class com.almasb.fxgl.app.services.UpdaterService, class com.almasb.fxgl.dev.DevService]
01:55:39.170 [FXGL Background Thread 3 ] DEBUG Engine               - fontGame: Abel-Regular.ttf
01:55:39.170 [FXGL Background Thread 3 ] DEBUG Engine               - fontMono: TerminalLandMono-Regular.otf
01:55:39.170 [FXGL Background Thread 3 ] DEBUG Engine               - fontText: Courier-Prime.ttf
01:55:39.170 [FXGL Background Thread 3 ] DEBUG Engine               - fontUI: VarelaRound-Regular.ttf
01:55:39.170 [FXGL Background Thread 3 ] DEBUG Engine               - fullScreen: BooleanProperty [value: false]
01:55:39.170 [FXGL Background Thread 3 ] DEBUG Engine               - gameDifficulty: MEDIUM
01:55:39.170 [FXGL Background Thread 3 ] DEBUG Engine               - gameDifficultyProperty: ObjectProperty [value: MEDIUM]
01:55:39.171 [FXGL Background Thread 3 ] DEBUG Engine               - globalMusicVolume: 0.5
01:55:39.171 [FXGL Background Thread 3 ] DEBUG Engine               - globalMusicVolumeProperty: DoubleProperty [value: 0.5]
01:55:39.171 [FXGL Background Thread 3 ] DEBUG Engine               - globalSoundVolume: 0.5
01:55:39.171 [FXGL Background Thread 3 ] DEBUG Engine               - globalSoundVolumeProperty: DoubleProperty [value: 0.5]
01:55:39.171 [FXGL Background Thread 3 ] DEBUG Engine               - height: 720
01:55:39.171 [FXGL Background Thread 3 ] DEBUG Engine               - is3D: false
01:55:39.171 [FXGL Background Thread 3 ] DEBUG Engine               - isAndroid: false
01:55:39.171 [FXGL Background Thread 3 ] DEBUG Engine               - isBrowser: false
01:55:39.171 [FXGL Background Thread 3 ] DEBUG Engine               - isClickFeedbackEnabled: false
01:55:39.171 [FXGL Background Thread 3 ] DEBUG Engine               - isCloseConfirmation: false
01:55:39.171 [FXGL Background Thread 3 ] DEBUG Engine               - isDesktop: true
01:55:39.171 [FXGL Background Thread 3 ] DEBUG Engine               - isDeveloperMenuEnabled: false
01:55:39.171 [FXGL Background Thread 3 ] DEBUG Engine               - isEmbedded: false
01:55:39.171 [FXGL Background Thread 3 ] DEBUG Engine               - isEntityPreloadEnabled: true
01:55:39.171 [FXGL Background Thread 3 ] DEBUG Engine               - isExperimentalTiledLargeMap: false
01:55:39.171 [FXGL Background Thread 3 ] DEBUG Engine               - isFileSystemWriteAllowed: true
01:55:39.171 [FXGL Background Thread 3 ] DEBUG Engine               - isFullScreenAllowed: false
01:55:39.171 [FXGL Background Thread 3 ] DEBUG Engine               - isFullScreenFromStart: false
01:55:39.171 [FXGL Background Thread 3 ] DEBUG Engine               - isGameMenuEnabled: false
01:55:39.171 [FXGL Background Thread 3 ] DEBUG Engine               - isIOS: false
01:55:39.171 [FXGL Background Thread 3 ] DEBUG Engine               - isIntroEnabled: false
01:55:39.171 [FXGL Background Thread 3 ] DEBUG Engine               - isLinux: false
01:55:39.171 [FXGL Background Thread 3 ] DEBUG Engine               - isMac: false
01:55:39.171 [FXGL Background Thread 3 ] DEBUG Engine               - isMainMenuEnabled: true
01:55:39.171 [FXGL Background Thread 3 ] DEBUG Engine               - isManualResizeEnabled: false
01:55:39.171 [FXGL Background Thread 3 ] DEBUG Engine               - isMobile: false
01:55:39.171 [FXGL Background Thread 3 ] DEBUG Engine               - isNative: false
01:55:39.171 [FXGL Background Thread 3 ] DEBUG Engine               - isPauseMusicWhenMinimized: true
01:55:39.171 [FXGL Background Thread 3 ] DEBUG Engine               - isPreserveResizeRatio: false
01:55:39.172 [FXGL Background Thread 3 ] DEBUG Engine               - isProfilingEnabled: false
01:55:39.172 [FXGL Background Thread 3 ] DEBUG Engine               - isScaleAffectedOnResize: true
01:55:39.172 [FXGL Background Thread 3 ] DEBUG Engine               - isSingleStep: false
01:55:39.172 [FXGL Background Thread 3 ] DEBUG Engine               - isUserProfileEnabled: false
01:55:39.172 [FXGL Background Thread 3 ] DEBUG Engine               - isWindows: true
01:55:39.172 [FXGL Background Thread 3 ] DEBUG Engine               - language: ObjectProperty [value: ENGLISH]
01:55:39.172 [FXGL Background Thread 3 ] DEBUG Engine               - menuKey: ESCAPE
01:55:39.172 [FXGL Background Thread 3 ] DEBUG Engine               - mouseSensitivity: 0.2
01:55:39.172 [FXGL Background Thread 3 ] DEBUG Engine               - notificationViewClass: class com.almasb.fxgl.notification.view.XboxNotificationView
01:55:39.172 [FXGL Background Thread 3 ] DEBUG Engine               - pixelsPerMeter: 50.0
01:55:39.172 [FXGL Background Thread 3 ] DEBUG Engine               - platform: WINDOWS
01:55:39.172 [FXGL Background Thread 3 ] DEBUG Engine               - prefHeightProperty: ReadOnlyDoubleProperty [value: 720.0]
01:55:39.172 [FXGL Background Thread 3 ] DEBUG Engine               - prefWidthProperty: ReadOnlyDoubleProperty [value: 1080.0]
01:55:39.172 [FXGL Background Thread 3 ] DEBUG Engine               - profileDir: profiles/
01:55:39.172 [FXGL Background Thread 3 ] DEBUG Engine               - profileName: StringProperty [value: DEFAULT]
01:55:39.172 [FXGL Background Thread 3 ] DEBUG Engine               - randomSeed: -1
01:55:39.172 [FXGL Background Thread 3 ] DEBUG Engine               - runtimeInfo: RuntimeInfo(platform=WINDOWS, version=17.1, build=24.03.2022 17.34)
01:55:39.172 [FXGL Background Thread 3 ] DEBUG Engine               - saveFileExt: sav
01:55:39.172 [FXGL Background Thread 3 ] DEBUG Engine               - scaledHeightProp$fxgl: DoubleProperty [bound, value: 720.0]
01:55:39.172 [FXGL Background Thread 3 ] DEBUG Engine               - scaledWidthProp$fxgl: DoubleProperty [bound, value: 1080.0]
01:55:39.172 [FXGL Background Thread 3 ] DEBUG Engine               - sceneFactory: com.almasb.fxgl.app.scene.SceneFactory@23e70243
01:55:39.172 [FXGL Background Thread 3 ] DEBUG Engine               - secondsIn24h: 60
01:55:39.173 [FXGL Background Thread 3 ] DEBUG Engine               - soundMenuBack: menu/back.wav
01:55:39.173 [FXGL Background Thread 3 ] DEBUG Engine               - soundMenuPress: menu/press.wav
01:55:39.173 [FXGL Background Thread 3 ] DEBUG Engine               - soundMenuSelect: menu/select.wav
01:55:39.173 [FXGL Background Thread 3 ] DEBUG Engine               - soundNotification: core/notification.wav
01:55:39.173 [FXGL Background Thread 3 ] DEBUG Engine               - stageStyle: DECORATED
01:55:39.173 [FXGL Background Thread 3 ] DEBUG Engine               - supportedLanguages: [ENGLISH, FRENCH, GERMAN, HUNGARIAN, RUSSIAN]
01:55:39.173 [FXGL Background Thread 3 ] DEBUG Engine               - ticksPerSecond: -1
01:55:39.173 [FXGL Background Thread 3 ] DEBUG Engine               - title: BOMBERMAN
01:55:39.173 [FXGL Background Thread 3 ] DEBUG Engine               - urlGithub: https://github.com/AlmasB/FXGL
01:55:39.173 [FXGL Background Thread 3 ] DEBUG Engine               - urlLeaderboard: http://fxgl-top.herokuapp.com/
01:55:39.173 [FXGL Background Thread 3 ] DEBUG Engine               - urlPOM: https://raw.githubusercontent.com/AlmasB/FXGL/release/README.md
01:55:39.173 [FXGL Background Thread 3 ] DEBUG Engine               - userAppClass: class com.bomberman.bombermanplus.BombermanApp
01:55:39.173 [FXGL Background Thread 3 ] DEBUG Engine               - version: 1.0
01:55:39.173 [FXGL Background Thread 3 ] DEBUG Engine               - versionCheckDays: 7
01:55:39.173 [FXGL Background Thread 3 ] DEBUG Engine               - width: 1080
01:55:39.173 [FXGL Background Thread 3 ] DEBUG Engine               - Logging services
01:55:39.173 [FXGL Background Thread 3 ] DEBUG Engine               - class com.almasb.fxgl.app.services.FXGLAssetLoaderService
01:55:39.173 [FXGL Background Thread 3 ] DEBUG Engine               - class com.almasb.fxgl.app.FXGLApplication$GameApplicationService
01:55:39.173 [FXGL Background Thread 3 ] DEBUG Engine               - class com.almasb.fxgl.app.services.FXGLDialogService
01:55:39.173 [FXGL Background Thread 3 ] DEBUG Engine               - class com.almasb.fxgl.app.services.IOTaskExecutorService
01:55:39.173 [FXGL Background Thread 3 ] DEBUG Engine               - class com.almasb.fxgl.io.FileSystemService
01:55:39.173 [FXGL Background Thread 3 ] DEBUG Engine               - class com.almasb.fxgl.localization.LocalizationService
01:55:39.173 [FXGL Background Thread 3 ] DEBUG Engine               - class com.almasb.fxgl.app.services.SystemBundleService
01:55:39.173 [FXGL Background Thread 3 ] DEBUG Engine               - class com.almasb.fxgl.profile.SaveLoadService
01:55:39.173 [FXGL Background Thread 3 ] DEBUG Engine               - class com.almasb.fxgl.ui.FXGLUIFactoryServiceProvider
01:55:39.173 [FXGL Background Thread 3 ] DEBUG Engine               - class com.almasb.fxgl.ui.FXGLDialogFactoryServiceProvider
01:55:39.173 [FXGL Background Thread 3 ] DEBUG Engine               - class com.almasb.fxgl.audio.AudioPlayer
01:55:39.174 [FXGL Background Thread 3 ] DEBUG Engine               - class com.almasb.fxgl.notification.impl.NotificationServiceProvider
01:55:39.174 [FXGL Background Thread 3 ] DEBUG Engine               - class com.almasb.fxgl.achievement.AchievementService
01:55:39.174 [FXGL Background Thread 3 ] DEBUG Engine               - class com.almasb.fxgl.cutscene.CutsceneService
01:55:39.174 [FXGL Background Thread 3 ] DEBUG Engine               - class com.almasb.fxgl.minigames.MiniGameService
01:55:39.174 [FXGL Background Thread 3 ] DEBUG Engine               - class com.almasb.fxgl.net.NetService
01:55:39.174 [FXGL Background Thread 3 ] DEBUG Engine               - class com.almasb.fxgl.app.services.UpdaterService
01:55:39.174 [FXGL Background Thread 3 ] DEBUG Engine               - class com.almasb.fxgl.dev.DevService
01:55:41.214 [JavaFX Application Thread] DEBUG FXGL.DefaultMenu     - createContentControls()
01:55:44.697 [JavaFX Application Thread] DEBUG FXGL.DefaultMenu     - createContentVideo()
01:55:52.621 [JavaFX Application Thread] DEBUG FXGL.DefaultMenu     - createContentAudio()
01:55:54.256 [JavaFX Application Thread] DEBUG PrimaryStageWindow   - Push state: DialogSubScene
01:55:54.256 [JavaFX Application Thread] DEBUG Input                - Clearing active input actions
01:55:54.256 [JavaFX Application Thread] DEBUG GameApplicationServi - Removing overlay from FXGLDefaultMenu and adding to DialogSubScene
01:55:54.257 [JavaFX Application Thread] DEBUG PrimaryStageWindow   - FXGLDefaultMenu -> DialogSubScene
01:55:57.268 [JavaFX Application Thread] DEBUG PrimaryStageWindow   - Pop state: DialogSubScene
01:55:57.268 [JavaFX Application Thread] DEBUG Input                - Clearing active input actions
01:55:57.269 [JavaFX Application Thread] DEBUG GameApplicationServi - Removing overlay from DialogSubScene and adding to FXGLDefaultMenu
01:55:57.269 [JavaFX Application Thread] DEBUG PrimaryStageWindow   - FXGLDefaultMenu <- DialogSubScene
01:55:57.269 [JavaFX Application Thread] DEBUG Menu                 - restoreDefaultSettings()
01:57:43.068 [JavaFX Application Thread] DEBUG FXGLApplication      - Exiting FXGL
01:57:43.069 [JavaFX Application Thread] DEBUG LoopRunner           - Stopping loop
01:57:43.069 [JavaFX Application Thread] DEBUG SystemBundleService  - Saving FXGL system data
01:57:43.081 [JavaFX Application Thread] DEBUG FileSystemAccess     - Writing to: C:\Users\Gia Phong\Downloads\Java\src\BombermanPlus\system\fxgl.bundle
01:57:43.083 [JavaFX Application Thread] DEBUG Async                - Shutting down background threads
01:57:43.084 [JavaFX Application Thread] DEBUG PrimaryStageWindow   - Closing main window
01:57:43.098 [JavaFX Application Thread] DEBUG Logger               - Closing Logger
