00:10:07.095 [main                     ] DEBUG Logger               - Configured Logger
00:10:07.113 [main                     ] DEBUG GameApplication      - Logging settings
Title: BOMBERMAN
Version: 1.0
Width: 1080
Height: 720
Fullscreen: false
Intro: false
Profiling: false
Single step:false
App Mode: DEVELOPER
Menu Key: ESCAPE
Stage Style: DECORATED
Scene Factory: class com.bomberman.bombermanplus.BombermanApp$1

00:10:07.397 [JavaFX Application Thread] DEBUG FXGLApplication      - Initializing FXGL
00:10:07.400 [JavaFX Application Thread] INFO  Engine               - FXGL-17.1 (24.03.2022 17.34) on WINDOWS (J:19 FX:19-ea)
00:10:07.400 [JavaFX Application Thread] DEBUG Engine               - JRE Vendor Name: Oracle Corporation
00:10:07.401 [JavaFX Application Thread] DEBUG Engine               - Running on OS: Windows 11 version 10.0
00:10:07.401 [JavaFX Application Thread] DEBUG Engine               - Architecture: amd64
00:10:07.401 [JavaFX Application Thread] INFO  Engine               - Source code and latest versions at: https://github.com/AlmasB/FXGL
00:10:07.401 [JavaFX Application Thread] INFO  Engine               -       Ask questions and discuss at: https://github.com/AlmasB/FXGL/discussions
00:10:07.401 [JavaFX Application Thread] INFO  Engine               -              Join the FXGL chat at: https://gitter.im/AlmasB/FXGL
00:10:07.460 [JavaFX Application Thread] DEBUG PrimaryStageWindow   - Creating a JavaFX scene
00:10:07.490 [JavaFX Application Thread] DEBUG PrimaryStageWindow   - Target settings size: 1080.0 x 720.0
00:10:07.491 [JavaFX Application Thread] DEBUG PrimaryStageWindow   - Scaled scene size:    1080.0 x 720.0
00:10:07.491 [JavaFX Application Thread] DEBUG PrimaryStageWindow   - Scaled ratio: (1.0, 1.0)
00:10:07.491 [JavaFX Application Thread] DEBUG PrimaryStageWindow   - Set initial scene to FXGLStartupScene
00:10:07.496 [JavaFX Application Thread] DEBUG PrimaryStageWindow   - Opening main window
00:10:07.559 [JavaFX Application Thread] DEBUG PrimaryStageWindow   - Window border size: (14.4000244140625, 37.5999755859375)
00:10:07.559 [JavaFX Application Thread] DEBUG PrimaryStageWindow   - Scaled size: 1080.0 x 720.0
00:10:07.559 [JavaFX Application Thread] DEBUG PrimaryStageWindow   - Scaled ratio: (1.0, 1.0)
00:10:07.560 [JavaFX Application Thread] DEBUG PrimaryStageWindow   - Scene size: 1080.0 x 720.0
00:10:07.560 [JavaFX Application Thread] DEBUG PrimaryStageWindow   - Stage size: 1094.4000244140625 x 757.5999755859375
00:10:07.568 [FXGL Background Thread 1 ] DEBUG Engine               - Initializing environment variables
00:10:07.614 [FXGL Background Thread 1 ] DEBUG FXGLAssetLoaderServi - User app class for loading assets: class com.bomberman.bombermanplus.BombermanApp
00:10:07.614 [FXGL Background Thread 1 ] DEBUG GameApplicationServi - Applying CSS: fxgl_dark.css
00:10:07.615 [FXGL Background Thread 1 ] DEBUG FXGLAssetLoaderServi - Loading from file system: jar:file:///C:/Users/ADMIN/.m2/repository/com/github/almasb/fxgl/17.1/fxgl-17.1.jar!/fxglassets/ui/css/fxgl_dark.css
00:10:07.645 [FXGL Background Thread 1 ] DEBUG GameApplicationServi - Initializing application scenes
00:10:07.676 [FXGL Background Thread 1 ] DEBUG GameWorld            - Game world initialized
00:10:07.730 [FXGL Background Thread 1 ] DEBUG PhysicsWorld         - Physics world initialized: appHeight=720, physics.ppm=50.0
00:10:07.730 [FXGL Background Thread 1 ] DEBUG PhysicsWorld         - Using strategy: BRUTE_FORCE
00:10:07.733 [FXGL Background Thread 1 ] DEBUG GameScene            - Game scene initialized: 1080x720
00:10:07.773 [FXGL Background Thread 1 ] DEBUG GameApplicationServi - Application scenes initialized
00:10:07.782 [FXGL Background Thread 1 ] DEBUG SystemBundleService  - Loading FXGL system data
00:10:07.786 [FXGL Background Thread 1 ] DEBUG FileSystemAccess     - Reading from: C:\Users\ADMIN\IdeaProjects\BombermanPlus\system\fxgl.bundle
00:10:07.793 [FXGL Background Thread 1 ] DEBUG SystemBundleService  - Bundle FXGL: {}
00:10:07.793 [FXGL Background Thread 1 ] DEBUG UpdaterService       - Checking for updates
00:10:07.811 [FXGL Background Thread 4 ] DEBUG FXGLApplication      - Loading fonts
00:10:07.812 [FXGL Background Thread 1 ] DEBUG FXGLApplication      - Loading default localization
00:10:07.813 [FXGL Background Thread 4 ] DEBUG FXGLAssetLoaderServi - Loading from file system: file:/C:/Users/ADMIN/IdeaProjects/BombermanPlus/target/classes/assets/ui/fonts/Retro%20Gaming.ttf
00:10:07.813 [FXGL Background Thread 1 ] DEBUG FXGLAssetLoaderServi - Loading from file system: jar:file:///C:/Users/ADMIN/.m2/repository/com/github/almasb/fxgl/17.1/fxgl-17.1.jar!/fxglassets/languages/english.lang
00:10:07.823 [FXGL Background Thread 1 ] INFO  FXGLApplication      - FXGL initialization took: 0.256 sec
00:10:07.829 [JavaFX Application Thread] DEBUG Input                - Registered new binding: Move Right - D
00:10:07.829 [JavaFX Application Thread] DEBUG Input                - Registered new binding: Move Up - W
00:10:07.830 [JavaFX Application Thread] DEBUG Input                - Registered new binding: Move Down - S
00:10:07.830 [JavaFX Application Thread] DEBUG Input                - Registered new binding: Move Left - A
00:10:07.830 [JavaFX Application Thread] DEBUG Input                - Registered new binding: Place bomb - Space
00:10:07.830 [JavaFX Application Thread] DEBUG FXGLAssetLoaderServi - Loading from file system: file:/C:/Users/ADMIN/IdeaProjects/BombermanPlus/target/classes/assets/music/title_screen.mp3
00:10:07.877 [FXGL Background Thread 4 ] DEBUG FXGLAssetLoaderServi - Loading from file system: jar:file:///C:/Users/ADMIN/.m2/repository/com/github/almasb/fxgl/17.1/fxgl-17.1.jar!/fxglassets/ui/fonts/Abel-Regular.ttf
00:10:07.894 [FXGL Background Thread 4 ] DEBUG FXGLAssetLoaderServi - Loading from file system: jar:file:///C:/Users/ADMIN/.m2/repository/com/github/almasb/fxgl/17.1/fxgl-17.1.jar!/fxglassets/ui/fonts/TerminalLandMono-Regular.otf
00:10:07.916 [FXGL Background Thread 4 ] DEBUG FXGLAssetLoaderServi - Loading from file system: jar:file:///C:/Users/ADMIN/.m2/repository/com/github/almasb/fxgl/17.1/fxgl-17.1.jar!/fxglassets/ui/fonts/Courier-Prime.ttf
00:10:08.180 [FXGL Background Thread 2 ] INFO  UpdaterService       - Your current version:  17.1
00:10:08.181 [FXGL Background Thread 2 ] INFO  UpdaterService       - Latest stable version: 17.2
00:10:08.438 [JavaFX Application Thread] DEBUG AudioPlayer          - Playing music com.almasb.fxgl.audio.Music@4b96123b
00:10:08.439 [JavaFX Application Thread] DEBUG FXGLAssetLoaderServi - Loading from file system: jar:file:///C:/Users/ADMIN/.m2/repository/com/github/almasb/fxgl/17.1/fxgl-17.1.jar!/fxglassets/textures/fxgl_icon.png
00:10:08.460 [JavaFX Application Thread] DEBUG FXGLAssetLoaderServi - Loading from file system: jar:file:///C:/Users/ADMIN/.m2/repository/com/github/almasb/fxgl/17.1/fxgl-17.1.jar!/fxglassets/textures/fxgl_default_cursor.png
00:10:08.461 [JavaFX Application Thread] DEBUG Input                - Registered new binding: Screenshot - CTRL+8
00:10:08.461 [JavaFX Application Thread] DEBUG Input                - Registered new binding: Dev Options - 1
00:10:08.462 [JavaFX Application Thread] DEBUG Input                - Registered new binding: Dev Console - 2
00:10:08.462 [JavaFX Application Thread] DEBUG Input                - Registered new binding: System info dump - CTRL+9
00:10:08.462 [JavaFX Application Thread] DEBUG Input                - Registered new binding: Restart - CTRL+R
00:10:08.462 [JavaFX Application Thread] DEBUG Input                - Registered new binding: Toggle Debug Camera - CTRL+7
00:10:08.463 [JavaFX Application Thread] DEBUG AchievementService   - Registered new achievement: Slayer
00:10:08.464 [JavaFX Application Thread] DEBUG AchievementService   - Registered new achievement: See the world
00:10:08.464 [JavaFX Application Thread] DEBUG AchievementService   - Registered new achievement: Score owner
00:10:08.464 [JavaFX Application Thread] DEBUG LoopRunner           - Starting loop
00:10:08.471 [JavaFX Application Thread] DEBUG LoopRunner           - Initializing JavaFX AnimationTimerLoop
00:10:08.472 [JavaFX Application Thread] DEBUG Input                - Clearing active input actions
00:10:08.479 [JavaFX Application Thread] DEBUG GameApplicationServi - Removing overlay from FXGLStartupScene and adding to FXGLMainMenuDummyScene
00:10:08.481 [JavaFX Application Thread] DEBUG PrimaryStageWindow   - FXGLStartupScene -> FXGLMainMenuDummyScene
00:10:08.481 [JavaFX Application Thread] DEBUG PrimaryStageWindow   - Push state: BombermanMenu
00:10:08.481 [JavaFX Application Thread] DEBUG Input                - Clearing active input actions
00:10:08.483 [JavaFX Application Thread] DEBUG GameApplicationServi - Removing overlay from FXGLMainMenuDummyScene and adding to BombermanMenu
00:10:08.483 [JavaFX Application Thread] DEBUG PrimaryStageWindow   - FXGLMainMenuDummyScene -> BombermanMenu
00:10:08.488 [JavaFX Application Thread] DEBUG FXGLApplication      - Registering font factories with UI factory
00:10:09.166 [JavaFX Application Thread] DEBUG Menu                 - fireNewGame()
00:10:09.166 [JavaFX Application Thread] DEBUG GameApplicationServi - Starting new game
00:10:09.166 [JavaFX Application Thread] DEBUG PrimaryStageWindow   - Pop state: BombermanMenu
00:10:09.167 [JavaFX Application Thread] DEBUG Input                - Clearing active input actions
00:10:09.167 [JavaFX Application Thread] DEBUG GameApplicationServi - Removing overlay from BombermanMenu and adding to FXGLMainMenuDummyScene
00:10:09.169 [JavaFX Application Thread] DEBUG PrimaryStageWindow   - FXGLMainMenuDummyScene <- BombermanMenu
00:10:09.169 [JavaFX Application Thread] DEBUG Input                - Clearing active input actions
00:10:09.173 [JavaFX Application Thread] DEBUG GameApplicationServi - Removing overlay from FXGLMainMenuDummyScene and adding to FXGLLoadingScene
00:10:09.173 [JavaFX Application Thread] DEBUG PrimaryStageWindow   - FXGLMainMenuDummyScene -> FXGLLoadingScene
00:10:09.173 [JavaFX Application Thread] DEBUG GameApplicationServi - Clearing previous game
00:10:09.173 [JavaFX Application Thread] DEBUG GameScene            - Clearing game scene
00:10:09.173 [JavaFX Application Thread] DEBUG GameWorld            - Clearing game world
00:10:09.173 [JavaFX Application Thread] DEBUG PhysicsWorld         - Clearing physics world
00:10:09.175 [FXGL Background Thread 2 ] DEBUG FXGLApplication      - Initializing game
00:10:09.181 [FXGL Background Thread 2 ] DEBUG FXGLAssetLoaderServi - Loading from file system: file:/C:/Users/ADMIN/IdeaProjects/BombermanPlus/target/classes/assets/sounds/stage_start.wav
00:10:09.208 [FXGL Background Thread 2 ] INFO  FXGLApplication      - Game initialization took: 0.033 sec
00:10:09.211 [JavaFX Application Thread] DEBUG Input                - Clearing active input actions
00:10:09.215 [JavaFX Application Thread] DEBUG GameApplicationServi - Removing overlay from FXGLLoadingScene and adding to GameScene
00:10:09.217 [JavaFX Application Thread] DEBUG PrimaryStageWindow   - FXGLLoadingScene -> GameScene
00:10:10.811 [FXGL Background Thread 3 ] DEBUG Engine               - Logging environment variables
00:10:10.811 [FXGL Background Thread 3 ] DEBUG Engine               - achievements: [Slayer:achieved(false), See the world:achieved(false), Score owner:achieved(false)]
00:10:10.812 [FXGL Background Thread 3 ] DEBUG Engine               - actualHeight: 720.0
00:10:10.812 [FXGL Background Thread 3 ] DEBUG Engine               - actualHeightProperty: ReadOnlyDoubleProperty [value: 720.0]
00:10:10.812 [FXGL Background Thread 3 ] DEBUG Engine               - actualWidth: 1080.0
00:10:10.812 [FXGL Background Thread 3 ] DEBUG Engine               - actualWidthProperty: ReadOnlyDoubleProperty [value: 1080.0]
00:10:10.812 [FXGL Background Thread 3 ] DEBUG Engine               - appIcon: fxgl_icon.png
00:10:10.812 [FXGL Background Thread 3 ] DEBUG Engine               - applicationMode: DEVELOPER
00:10:10.812 [FXGL Background Thread 3 ] DEBUG Engine               - cSSList: [fxgl_dark.css]
00:10:10.812 [FXGL Background Thread 3 ] DEBUG Engine               - collisionDetectionStrategy: BRUTE_FORCE
00:10:10.812 [FXGL Background Thread 3 ] DEBUG Engine               - configClass: Optional.empty
00:10:10.812 [FXGL Background Thread 3 ] DEBUG Engine               - credits: []
00:10:10.813 [FXGL Background Thread 3 ] DEBUG Engine               - defaultCursor: CursorInfo(imageName=fxgl_default_cursor.png, hotspotX=7.0, hotspotY=6.0)
00:10:10.813 [FXGL Background Thread 3 ] DEBUG Engine               - devBBoxColorProperty: ObjectProperty [value: 0xff0000ff]
00:10:10.813 [FXGL Background Thread 3 ] DEBUG Engine               - devEnableDebugCameraProperty: BooleanProperty [value: false]
00:10:10.813 [FXGL Background Thread 3 ] DEBUG Engine               - devSensorColorProperty: ObjectProperty [value: 0xffff00ff]
00:10:10.813 [FXGL Background Thread 3 ] DEBUG Engine               - devShowBBoxProperty: BooleanProperty [value: false]
00:10:10.813 [FXGL Background Thread 3 ] DEBUG Engine               - devShowPositionProperty: BooleanProperty [value: false]
00:10:10.814 [FXGL Background Thread 3 ] DEBUG Engine               - enabledMenuItems: []
00:10:10.814 [FXGL Background Thread 3 ] DEBUG Engine               - engineServices: [class com.almasb.fxgl.app.services.FXGLAssetLoaderService, class com.almasb.fxgl.app.FXGLApplication$GameApplicationService, class com.almasb.fxgl.app.services.FXGLDialogService, class com.almasb.fxgl.app.services.IOTaskExecutorService, class com.almasb.fxgl.io.FileSystemService, class com.almasb.fxgl.localization.LocalizationService, class com.almasb.fxgl.app.services.SystemBundleService, class com.almasb.fxgl.profile.SaveLoadService, class com.almasb.fxgl.ui.FXGLUIFactoryServiceProvider, class com.almasb.fxgl.ui.FXGLDialogFactoryServiceProvider, class com.almasb.fxgl.audio.AudioPlayer, class com.almasb.fxgl.notification.impl.NotificationServiceProvider, class com.almasb.fxgl.achievement.AchievementService, class com.almasb.fxgl.cutscene.CutsceneService, class com.almasb.fxgl.minigames.MiniGameService, class com.almasb.fxgl.net.NetService, class com.almasb.fxgl.app.services.UpdaterService, class com.almasb.fxgl.dev.DevService]
00:10:10.814 [FXGL Background Thread 3 ] DEBUG Engine               - fontGame: Abel-Regular.ttf
00:10:10.814 [FXGL Background Thread 3 ] DEBUG Engine               - fontMono: TerminalLandMono-Regular.otf
00:10:10.814 [FXGL Background Thread 3 ] DEBUG Engine               - fontText: Courier-Prime.ttf
00:10:10.814 [FXGL Background Thread 3 ] DEBUG Engine               - fontUI: Retro Gaming.ttf
00:10:10.814 [FXGL Background Thread 3 ] DEBUG Engine               - fullScreen: BooleanProperty [value: false]
00:10:10.814 [FXGL Background Thread 3 ] DEBUG Engine               - gameDifficulty: MEDIUM
00:10:10.814 [FXGL Background Thread 3 ] DEBUG Engine               - gameDifficultyProperty: ObjectProperty [value: MEDIUM]
00:10:10.814 [FXGL Background Thread 3 ] DEBUG Engine               - globalMusicVolume: 0.5
00:10:10.814 [FXGL Background Thread 3 ] DEBUG Engine               - globalMusicVolumeProperty: DoubleProperty [value: 0.0]
00:10:10.814 [FXGL Background Thread 3 ] DEBUG Engine               - globalSoundVolume: 0.5
00:10:10.814 [FXGL Background Thread 3 ] DEBUG Engine               - globalSoundVolumeProperty: DoubleProperty [value: 0.4]
00:10:10.814 [FXGL Background Thread 3 ] DEBUG Engine               - height: 720
00:10:10.814 [FXGL Background Thread 3 ] DEBUG Engine               - is3D: false
00:10:10.814 [FXGL Background Thread 3 ] DEBUG Engine               - isAndroid: false
00:10:10.814 [FXGL Background Thread 3 ] DEBUG Engine               - isBrowser: false
00:10:10.814 [FXGL Background Thread 3 ] DEBUG Engine               - isClickFeedbackEnabled: false
00:10:10.815 [FXGL Background Thread 3 ] DEBUG Engine               - isCloseConfirmation: false
00:10:10.815 [FXGL Background Thread 3 ] DEBUG Engine               - isDesktop: true
00:10:10.815 [FXGL Background Thread 3 ] DEBUG Engine               - isDeveloperMenuEnabled: true
00:10:10.815 [FXGL Background Thread 3 ] DEBUG Engine               - isEmbedded: false
00:10:10.815 [FXGL Background Thread 3 ] DEBUG Engine               - isEntityPreloadEnabled: true
00:10:10.815 [FXGL Background Thread 3 ] DEBUG Engine               - isExperimentalTiledLargeMap: false
00:10:10.815 [FXGL Background Thread 3 ] DEBUG Engine               - isFileSystemWriteAllowed: true
00:10:10.815 [FXGL Background Thread 3 ] DEBUG Engine               - isFullScreenAllowed: false
00:10:10.815 [FXGL Background Thread 3 ] DEBUG Engine               - isFullScreenFromStart: false
00:10:10.815 [FXGL Background Thread 3 ] DEBUG Engine               - isGameMenuEnabled: true
00:10:10.815 [FXGL Background Thread 3 ] DEBUG Engine               - isIOS: false
00:10:10.815 [FXGL Background Thread 3 ] DEBUG Engine               - isIntroEnabled: false
00:10:10.815 [FXGL Background Thread 3 ] DEBUG Engine               - isLinux: false
00:10:10.815 [FXGL Background Thread 3 ] DEBUG Engine               - isMac: false
00:10:10.815 [FXGL Background Thread 3 ] DEBUG Engine               - isMainMenuEnabled: true
00:10:10.815 [FXGL Background Thread 3 ] DEBUG Engine               - isManualResizeEnabled: true
00:10:10.815 [FXGL Background Thread 3 ] DEBUG Engine               - isMobile: false
00:10:10.815 [FXGL Background Thread 3 ] DEBUG Engine               - isNative: false
00:10:10.815 [FXGL Background Thread 3 ] DEBUG Engine               - isPauseMusicWhenMinimized: true
00:10:10.815 [FXGL Background Thread 3 ] DEBUG Engine               - isPreserveResizeRatio: true
00:10:10.815 [FXGL Background Thread 3 ] DEBUG Engine               - isProfilingEnabled: false
00:10:10.815 [FXGL Background Thread 3 ] DEBUG Engine               - isScaleAffectedOnResize: true
00:10:10.816 [FXGL Background Thread 3 ] DEBUG Engine               - isSingleStep: false
00:10:10.816 [FXGL Background Thread 3 ] DEBUG Engine               - isUserProfileEnabled: false
00:10:10.816 [FXGL Background Thread 3 ] DEBUG Engine               - isWindows: true
00:10:10.816 [FXGL Background Thread 3 ] DEBUG Engine               - language: ObjectProperty [value: ENGLISH]
00:10:10.816 [FXGL Background Thread 3 ] DEBUG Engine               - menuKey: ESCAPE
00:10:10.816 [FXGL Background Thread 3 ] DEBUG Engine               - mouseSensitivity: 0.2
00:10:10.816 [FXGL Background Thread 3 ] DEBUG Engine               - notificationViewClass: class com.almasb.fxgl.notification.view.XboxNotificationView
00:10:10.816 [FXGL Background Thread 3 ] DEBUG Engine               - pixelsPerMeter: 50.0
00:10:10.816 [FXGL Background Thread 3 ] DEBUG Engine               - platform: WINDOWS
00:10:10.816 [FXGL Background Thread 3 ] DEBUG Engine               - prefHeightProperty: ReadOnlyDoubleProperty [value: 720.0]
00:10:10.816 [FXGL Background Thread 3 ] DEBUG Engine               - prefWidthProperty: ReadOnlyDoubleProperty [value: 1080.0]
00:10:10.816 [FXGL Background Thread 3 ] DEBUG Engine               - profileDir: profiles/
00:10:10.816 [FXGL Background Thread 3 ] DEBUG Engine               - profileName: StringProperty [value: DEFAULT]
00:10:10.816 [FXGL Background Thread 3 ] DEBUG Engine               - randomSeed: -1
00:10:10.816 [FXGL Background Thread 3 ] DEBUG Engine               - runtimeInfo: RuntimeInfo(platform=WINDOWS, version=17.1, build=24.03.2022 17.34)
00:10:10.816 [FXGL Background Thread 3 ] DEBUG Engine               - saveFileExt: sav
00:10:10.816 [FXGL Background Thread 3 ] DEBUG Engine               - scaledHeightProp$fxgl: DoubleProperty [bound, value: 720.0]
00:10:10.816 [FXGL Background Thread 3 ] DEBUG Engine               - scaledWidthProp$fxgl: DoubleProperty [bound, value: 1080.0]
00:10:10.817 [FXGL Background Thread 3 ] DEBUG Engine               - sceneFactory: com.bomberman.bombermanplus.BombermanApp$1@372aebc6
00:10:10.817 [FXGL Background Thread 3 ] DEBUG Engine               - secondsIn24h: 60
00:10:10.817 [FXGL Background Thread 3 ] DEBUG Engine               - soundMenuBack: menu/back.wav
00:10:10.817 [FXGL Background Thread 3 ] DEBUG Engine               - soundMenuPress: menu/press.wav
00:10:10.817 [FXGL Background Thread 3 ] DEBUG Engine               - soundMenuSelect: menu/select.wav
00:10:10.817 [FXGL Background Thread 3 ] DEBUG Engine               - soundNotification: core/notification.wav
00:10:10.817 [FXGL Background Thread 3 ] DEBUG Engine               - stageStyle: DECORATED
00:10:10.817 [FXGL Background Thread 3 ] DEBUG Engine               - supportedLanguages: [ENGLISH, FRENCH, GERMAN, HUNGARIAN, RUSSIAN]
00:10:10.817 [FXGL Background Thread 3 ] DEBUG Engine               - ticksPerSecond: -1
00:10:10.817 [FXGL Background Thread 3 ] DEBUG Engine               - title: BOMBERMAN
00:10:10.817 [FXGL Background Thread 3 ] DEBUG Engine               - urlGithub: https://github.com/AlmasB/FXGL
00:10:10.817 [FXGL Background Thread 3 ] DEBUG Engine               - urlLeaderboard: http://fxgl-top.herokuapp.com/
00:10:10.817 [FXGL Background Thread 3 ] DEBUG Engine               - urlPOM: https://raw.githubusercontent.com/AlmasB/FXGL/release/README.md
00:10:10.817 [FXGL Background Thread 3 ] DEBUG Engine               - userAppClass: class com.bomberman.bombermanplus.BombermanApp
00:10:10.817 [FXGL Background Thread 3 ] DEBUG Engine               - version: 1.0
00:10:10.817 [FXGL Background Thread 3 ] DEBUG Engine               - versionCheckDays: 7
00:10:10.817 [FXGL Background Thread 3 ] DEBUG Engine               - width: 1080
00:10:10.817 [FXGL Background Thread 3 ] DEBUG Engine               - Logging services
00:10:10.817 [FXGL Background Thread 3 ] DEBUG Engine               - class com.almasb.fxgl.app.services.FXGLAssetLoaderService
00:10:10.817 [FXGL Background Thread 3 ] DEBUG Engine               - class com.almasb.fxgl.app.FXGLApplication$GameApplicationService
00:10:10.817 [FXGL Background Thread 3 ] DEBUG Engine               - class com.almasb.fxgl.app.services.FXGLDialogService
00:10:10.817 [FXGL Background Thread 3 ] DEBUG Engine               - class com.almasb.fxgl.app.services.IOTaskExecutorService
00:10:10.817 [FXGL Background Thread 3 ] DEBUG Engine               - class com.almasb.fxgl.io.FileSystemService
00:10:10.818 [FXGL Background Thread 3 ] DEBUG Engine               - class com.almasb.fxgl.localization.LocalizationService
00:10:10.818 [FXGL Background Thread 3 ] DEBUG Engine               - class com.almasb.fxgl.app.services.SystemBundleService
00:10:10.818 [FXGL Background Thread 3 ] DEBUG Engine               - class com.almasb.fxgl.profile.SaveLoadService
00:10:10.818 [FXGL Background Thread 3 ] DEBUG Engine               - class com.almasb.fxgl.ui.FXGLUIFactoryServiceProvider
00:10:10.818 [FXGL Background Thread 3 ] DEBUG Engine               - class com.almasb.fxgl.ui.FXGLDialogFactoryServiceProvider
00:10:10.818 [FXGL Background Thread 3 ] DEBUG Engine               - class com.almasb.fxgl.audio.AudioPlayer
00:10:10.818 [FXGL Background Thread 3 ] DEBUG Engine               - class com.almasb.fxgl.notification.impl.NotificationServiceProvider
00:10:10.818 [FXGL Background Thread 3 ] DEBUG Engine               - class com.almasb.fxgl.achievement.AchievementService
00:10:10.818 [FXGL Background Thread 3 ] DEBUG Engine               - class com.almasb.fxgl.cutscene.CutsceneService
00:10:10.818 [FXGL Background Thread 3 ] DEBUG Engine               - class com.almasb.fxgl.minigames.MiniGameService
00:10:10.818 [FXGL Background Thread 3 ] DEBUG Engine               - class com.almasb.fxgl.net.NetService
00:10:10.818 [FXGL Background Thread 3 ] DEBUG Engine               - class com.almasb.fxgl.app.services.UpdaterService
00:10:10.818 [FXGL Background Thread 3 ] DEBUG Engine               - class com.almasb.fxgl.dev.DevService
00:10:12.046 [JavaFX Application Thread] WARN  TMXLevelLoader       - TiledMap generated from 1.9.2. Supported version: 1.4.2. Some features may not be parsed fully.
00:10:12.064 [JavaFX Application Thread] DEBUG TMXLevelLoader       - Parsed TiledMap: file:/C:/Users/ADMIN/IdeaProjects/BombermanPlus/target/classes/assets/levels/bbm_level1.tmx
00:10:12.065 [JavaFX Application Thread] DEBUG TMXLevelLoader       - Creating tile layer entities
00:10:12.066 [JavaFX Application Thread] DEBUG TilesetLoader        - Loading view for layer Tile Layer 1
00:10:12.068 [JavaFX Application Thread] DEBUG TilesetLoader        - Created buffer with size 1488.0x720.0
00:10:12.148 [JavaFX Application Thread] DEBUG TMXLevelLoader       - Creating object layer entities
00:10:12.150 [JavaFX Application Thread] DEBUG FXGLAssetLoaderServi - Loading from file system: file:/C:/Users/ADMIN/IdeaProjects/BombermanPlus/target/classes/assets/textures/items/powerup_speed.png
00:10:12.155 [JavaFX Application Thread] DEBUG FXGLAssetLoaderServi - Loading from file system: file:/C:/Users/ADMIN/IdeaProjects/BombermanPlus/target/classes/assets/textures/items/powerup_flames.png
00:10:12.156 [JavaFX Application Thread] DEBUG FXGLAssetLoaderServi - Loading from file system: file:/C:/Users/ADMIN/IdeaProjects/BombermanPlus/target/classes/assets/textures/items/powerup_bombs.png
00:10:12.157 [JavaFX Application Thread] DEBUG FXGLAssetLoaderServi - Loading from file system: file:/C:/Users/ADMIN/IdeaProjects/BombermanPlus/target/classes/assets/textures/items/powerup_flamepass.png
00:10:12.160 [JavaFX Application Thread] DEBUG FXGLAssetLoaderServi - Loading from file system: file:/C:/Users/ADMIN/IdeaProjects/BombermanPlus/target/classes/assets/textures/items/portal.png
00:10:12.163 [JavaFX Application Thread] DEBUG FXGLAssetLoaderServi - Loading from file system: file:/C:/Users/ADMIN/IdeaProjects/BombermanPlus/target/classes/assets/textures/sprites.png
00:10:12.215 [JavaFX Application Thread] DEBUG FXGLAssetLoaderServi - Loading from file system: file:/C:/Users/ADMIN/IdeaProjects/BombermanPlus/target/classes/assets/textures/char2.png
00:10:12.250 [JavaFX Application Thread] DEBUG GameWorld            - Clearing removable entities
00:10:12.250 [JavaFX Application Thread] DEBUG GameWorld            - Setting level: com.almasb.fxgl.entity.level.Level@89a36fe
00:10:12.285 [JavaFX Application Thread] DEBUG FXGLAssetLoaderServi - Loading from file system: file:/C:/Users/ADMIN/IdeaProjects/BombermanPlus/target/classes/assets/sounds/walk_2.wav
00:10:13.786 [JavaFX Application Thread] DEBUG FXGLAssetLoaderServi - Loading from file system: file:/C:/Users/ADMIN/IdeaProjects/BombermanPlus/target/classes/assets/sounds/walk_1.wav
00:10:14.217 [JavaFX Application Thread] DEBUG FXGLAssetLoaderServi - Loading from file system: file:/C:/Users/ADMIN/IdeaProjects/BombermanPlus/target/classes/assets/sounds/placed_bomb.wav
00:10:14.858 [JavaFX Application Thread] DEBUG FXGLAssetLoaderServi - Loading from file system: file:/C:/Users/ADMIN/IdeaProjects/BombermanPlus/target/classes/assets/sounds/power_up.wav
00:10:16.380 [JavaFX Application Thread] DEBUG FXGLAssetLoaderServi - Loading from file system: file:/C:/Users/ADMIN/IdeaProjects/BombermanPlus/target/classes/assets/sounds/bomb_exploded.wav
00:10:21.117 [JavaFX Application Thread] DEBUG FXGLAssetLoaderServi - Loading from file system: file:/C:/Users/ADMIN/IdeaProjects/BombermanPlus/target/classes/assets/sounds/bomberman_die.wav
00:11:11.587 [JavaFX Application Thread] DEBUG FXGLAssetLoaderServi - Loading from file system: file:/C:/Users/ADMIN/IdeaProjects/BombermanPlus/target/classes/assets/sounds/enemy_die.wav
00:11:21.503 [JavaFX Application Thread] DEBUG EventBus             - Firing event: AchievementProgressEvent[value=2.0,max=5.0]
00:11:34.203 [JavaFX Application Thread] DEBUG PrimaryStageWindow   - Push state: DialogSubScene
00:11:34.203 [JavaFX Application Thread] DEBUG Input                - Clearing active input actions
00:11:34.204 [JavaFX Application Thread] DEBUG GameApplicationServi - Removing overlay from GameScene and adding to DialogSubScene
00:11:34.204 [JavaFX Application Thread] DEBUG PrimaryStageWindow   - GameScene -> DialogSubScene
00:11:34.206 [JavaFX Application Thread] WARN  TMXLevelLoader       - TiledMap generated from 1.9.2. Supported version: 1.4.2. Some features may not be parsed fully.
00:11:34.217 [JavaFX Application Thread] DEBUG TMXLevelLoader       - Parsed TiledMap: file:/C:/Users/ADMIN/IdeaProjects/BombermanPlus/target/classes/assets/levels/bbm_level1.tmx
00:11:34.217 [JavaFX Application Thread] DEBUG TMXLevelLoader       - Creating tile layer entities
00:11:34.217 [JavaFX Application Thread] DEBUG TilesetLoader        - Loading view for layer Tile Layer 1
00:11:34.218 [JavaFX Application Thread] DEBUG TilesetLoader        - Created buffer with size 1488.0x720.0
00:11:34.268 [JavaFX Application Thread] DEBUG TMXLevelLoader       - Creating object layer entities
00:11:34.293 [JavaFX Application Thread] DEBUG GameWorld            - Clearing removable entities
00:11:34.300 [JavaFX Application Thread] DEBUG GameWorld            - Setting level: com.almasb.fxgl.entity.level.Level@1a3c02fa
00:11:35.980 [JavaFX Application Thread] DEBUG PrimaryStageWindow   - Pop state: DialogSubScene
00:11:35.980 [JavaFX Application Thread] DEBUG Input                - Clearing active input actions
00:11:35.981 [JavaFX Application Thread] DEBUG GameApplicationServi - Removing overlay from DialogSubScene and adding to GameScene
00:11:35.981 [JavaFX Application Thread] DEBUG PrimaryStageWindow   - GameScene <- DialogSubScene
00:11:35.981 [JavaFX Application Thread] DEBUG Input                - Clearing active input actions
00:11:35.985 [JavaFX Application Thread] DEBUG GameApplicationServi - Removing overlay from GameScene and adding to FXGLMainMenuDummyScene
00:11:35.985 [JavaFX Application Thread] DEBUG PrimaryStageWindow   - GameScene -> FXGLMainMenuDummyScene
00:11:35.985 [JavaFX Application Thread] DEBUG PrimaryStageWindow   - Push state: BombermanMenu
00:11:35.986 [JavaFX Application Thread] DEBUG Input                - Clearing active input actions
00:11:35.986 [JavaFX Application Thread] DEBUG GameApplicationServi - Removing overlay from FXGLMainMenuDummyScene and adding to BombermanMenu
00:11:35.988 [JavaFX Application Thread] DEBUG PrimaryStageWindow   - FXGLMainMenuDummyScene -> BombermanMenu
00:11:37.302 [JavaFX Application Thread] DEBUG Menu                 - fireNewGame()
00:11:37.302 [JavaFX Application Thread] DEBUG GameApplicationServi - Starting new game
00:11:37.302 [JavaFX Application Thread] DEBUG PrimaryStageWindow   - Pop state: BombermanMenu
00:11:37.302 [JavaFX Application Thread] DEBUG Input                - Clearing active input actions
00:11:37.303 [JavaFX Application Thread] DEBUG GameApplicationServi - Removing overlay from BombermanMenu and adding to FXGLMainMenuDummyScene
00:11:37.303 [JavaFX Application Thread] DEBUG PrimaryStageWindow   - FXGLMainMenuDummyScene <- BombermanMenu
00:11:37.303 [JavaFX Application Thread] DEBUG Input                - Clearing active input actions
00:11:37.306 [JavaFX Application Thread] DEBUG GameApplicationServi - Removing overlay from FXGLMainMenuDummyScene and adding to FXGLLoadingScene
00:11:37.306 [JavaFX Application Thread] DEBUG PrimaryStageWindow   - FXGLMainMenuDummyScene -> FXGLLoadingScene
00:11:37.306 [JavaFX Application Thread] DEBUG GameApplicationServi - Clearing previous game
00:11:37.306 [JavaFX Application Thread] DEBUG GameScene            - Clearing game scene
00:11:37.306 [JavaFX Application Thread] DEBUG GameWorld            - Clearing game world
00:11:37.311 [JavaFX Application Thread] DEBUG PhysicsWorld         - Clearing physics world
00:11:37.312 [FXGL Background Thread 5 ] DEBUG FXGLApplication      - Initializing game
00:11:37.314 [FXGL Background Thread 5 ] INFO  FXGLApplication      - Game initialization took: 0.002 sec
00:11:37.324 [JavaFX Application Thread] DEBUG Input                - Clearing active input actions
00:11:37.327 [JavaFX Application Thread] DEBUG GameApplicationServi - Removing overlay from FXGLLoadingScene and adding to GameScene
00:11:37.328 [JavaFX Application Thread] DEBUG PrimaryStageWindow   - FXGLLoadingScene -> GameScene
00:11:39.070 [JavaFX Application Thread] WARN  TMXLevelLoader       - TiledMap generated from 1.9.2. Supported version: 1.4.2. Some features may not be parsed fully.
00:11:39.076 [JavaFX Application Thread] DEBUG TMXLevelLoader       - Parsed TiledMap: file:/C:/Users/ADMIN/IdeaProjects/BombermanPlus/target/classes/assets/levels/bbm_level1.tmx
00:11:39.076 [JavaFX Application Thread] DEBUG TMXLevelLoader       - Creating tile layer entities
00:11:39.076 [JavaFX Application Thread] DEBUG TilesetLoader        - Loading view for layer Tile Layer 1
00:11:39.077 [JavaFX Application Thread] DEBUG TilesetLoader        - Created buffer with size 1488.0x720.0
00:11:39.108 [JavaFX Application Thread] DEBUG TMXLevelLoader       - Creating object layer entities
00:11:39.130 [JavaFX Application Thread] DEBUG GameWorld            - Clearing removable entities
00:11:39.130 [JavaFX Application Thread] DEBUG GameWorld            - Setting level: com.almasb.fxgl.entity.level.Level@1f521ea4
00:12:08.010 [JavaFX Application Thread] DEBUG FXGLApplication      - Exiting FXGL
00:12:08.010 [JavaFX Application Thread] DEBUG LoopRunner           - Stopping loop
00:12:08.010 [JavaFX Application Thread] DEBUG SystemBundleService  - Saving FXGL system data
00:12:08.012 [JavaFX Application Thread] DEBUG FileSystemAccess     - Writing to: C:\Users\ADMIN\IdeaProjects\BombermanPlus\system\fxgl.bundle
00:12:08.014 [JavaFX Application Thread] DEBUG Async                - Shutting down background threads
00:12:08.014 [JavaFX Application Thread] DEBUG PrimaryStageWindow   - Closing main window
00:12:08.022 [JavaFX Application Thread] DEBUG Logger               - Closing Logger
