16:34:31.542 [main                     ] DEBUG Logger               - Configured Logger
16:34:31.562 [main                     ] DEBUG GameApplication      - Logging settings
Title: BOMBERMAN
Version: 1.0
Width: 1080
Height: 720
Fullscreen: false
Intro: false
Profiling: false
Single step:false
App Mode: DEVELOPER
Menu Key: ESCAPE
Stage Style: DECORATED
Scene Factory: class com.bomberman.bombermanplus.BombermanApp$1

16:34:32.070 [JavaFX Application Thread] DEBUG FXGLApplication      - Initializing FXGL
16:34:32.075 [JavaFX Application Thread] INFO  Engine               - FXGL-17.1 (24.03.2022 17.34) on WINDOWS (J:19 FX:19-ea)
16:34:32.076 [JavaFX Application Thread] DEBUG Engine               - JRE Vendor Name: Oracle Corporation
16:34:32.076 [JavaFX Application Thread] DEBUG Engine               - Running on OS: Windows 11 version 10.0
16:34:32.076 [JavaFX Application Thread] DEBUG Engine               - Architecture: amd64
16:34:32.076 [JavaFX Application Thread] INFO  Engine               - Source code and latest versions at: https://github.com/AlmasB/FXGL
16:34:32.077 [JavaFX Application Thread] INFO  Engine               -       Ask questions and discuss at: https://github.com/AlmasB/FXGL/discussions
16:34:32.077 [JavaFX Application Thread] INFO  Engine               -              Join the FXGL chat at: https://gitter.im/AlmasB/FXGL
16:34:32.197 [JavaFX Application Thread] DEBUG PrimaryStageWindow   - Creating a JavaFX scene
16:34:32.251 [JavaFX Application Thread] DEBUG PrimaryStageWindow   - Target settings size: 1080.0 x 720.0
16:34:32.251 [JavaFX Application Thread] DEBUG PrimaryStageWindow   - Scaled scene size:    1080.0 x 720.0
16:34:32.252 [JavaFX Application Thread] DEBUG PrimaryStageWindow   - Scaled ratio: (1.0, 1.0)
16:34:32.253 [JavaFX Application Thread] DEBUG PrimaryStageWindow   - Set initial scene to FXGLStartupScene
16:34:32.259 [JavaFX Application Thread] DEBUG PrimaryStageWindow   - Opening main window
16:34:32.374 [JavaFX Application Thread] DEBUG PrimaryStageWindow   - Window border size: (14.4000244140625, 37.5999755859375)
16:34:32.375 [JavaFX Application Thread] DEBUG PrimaryStageWindow   - Scaled size: 1080.0 x 720.0
16:34:32.375 [JavaFX Application Thread] DEBUG PrimaryStageWindow   - Scaled ratio: (1.0, 1.0)
16:34:32.375 [JavaFX Application Thread] DEBUG PrimaryStageWindow   - Scene size: 1080.0 x 720.0
16:34:32.375 [JavaFX Application Thread] DEBUG PrimaryStageWindow   - Stage size: 1094.4000244140625 x 757.5999755859375
16:34:32.386 [FXGL Background Thread 1 ] DEBUG Engine               - Initializing environment variables
16:34:32.456 [FXGL Background Thread 1 ] DEBUG FXGLAssetLoaderServi - User app class for loading assets: class com.bomberman.bombermanplus.BombermanApp
16:34:32.458 [FXGL Background Thread 1 ] DEBUG GameApplicationServi - Applying CSS: fxgl_dark.css
16:34:32.458 [FXGL Background Thread 1 ] DEBUG FXGLAssetLoaderServi - Loading from file system: jar:file:///C:/Users/ADMIN/.m2/repository/com/github/almasb/fxgl/17.1/fxgl-17.1.jar!/fxglassets/ui/css/fxgl_dark.css
16:34:32.505 [FXGL Background Thread 1 ] DEBUG GameApplicationServi - Initializing application scenes
16:34:32.552 [FXGL Background Thread 1 ] DEBUG GameWorld            - Game world initialized
16:34:32.623 [FXGL Background Thread 1 ] DEBUG PhysicsWorld         - Physics world initialized: appHeight=720, physics.ppm=50.0
16:34:32.624 [FXGL Background Thread 1 ] DEBUG PhysicsWorld         - Using strategy: BRUTE_FORCE
16:34:32.629 [FXGL Background Thread 1 ] DEBUG GameScene            - Game scene initialized: 1080x720
16:34:32.668 [FXGL Background Thread 1 ] DEBUG GameApplicationServi - Application scenes initialized
16:34:32.694 [FXGL Background Thread 1 ] DEBUG SystemBundleService  - Loading FXGL system data
16:34:32.710 [FXGL Background Thread 1 ] DEBUG FileSystemAccess     - Reading from: C:\Users\ADMIN\IdeaProjects\BombermanPlus\system\fxgl.bundle
16:34:32.745 [FXGL Background Thread 1 ] DEBUG SystemBundleService  - Bundle FXGL: {}
16:34:32.746 [FXGL Background Thread 1 ] DEBUG UpdaterService       - Checking for updates
16:34:32.760 [FXGL Background Thread 1 ] DEBUG FXGLApplication      - Loading default localization
16:34:32.762 [FXGL Background Thread 1 ] DEBUG FXGLAssetLoaderServi - Loading from file system: jar:file:///C:/Users/ADMIN/.m2/repository/com/github/almasb/fxgl/17.1/fxgl-17.1.jar!/fxglassets/languages/english.lang
16:34:32.765 [FXGL Background Thread 4 ] DEBUG FXGLApplication      - Loading fonts
16:34:32.766 [FXGL Background Thread 4 ] DEBUG FXGLAssetLoaderServi - Loading from file system: jar:file:///C:/Users/ADMIN/.m2/repository/com/github/almasb/fxgl/17.1/fxgl-17.1.jar!/fxglassets/ui/fonts/VarelaRound-Regular.ttf
16:34:32.793 [FXGL Background Thread 1 ] INFO  FXGLApplication      - FXGL initialization took: 0.406 sec
16:34:32.807 [JavaFX Application Thread] DEBUG Input                - Registered new binding: Move Right - D
16:34:32.808 [JavaFX Application Thread] DEBUG Input                - Registered new binding: Move Up - W
16:34:32.808 [JavaFX Application Thread] DEBUG Input                - Registered new binding: Move Down - S
16:34:32.808 [JavaFX Application Thread] DEBUG Input                - Registered new binding: Move Left - A
16:34:32.808 [JavaFX Application Thread] DEBUG Input                - Registered new binding: Place bomb - Space
16:34:32.810 [JavaFX Application Thread] DEBUG FXGLAssetLoaderServi - Loading from file system: jar:file:///C:/Users/ADMIN/.m2/repository/com/github/almasb/fxgl/17.1/fxgl-17.1.jar!/fxglassets/textures/fxgl_icon.png
16:34:32.860 [JavaFX Application Thread] DEBUG FXGLAssetLoaderServi - Loading from file system: jar:file:///C:/Users/ADMIN/.m2/repository/com/github/almasb/fxgl/17.1/fxgl-17.1.jar!/fxglassets/textures/fxgl_default_cursor.png
16:34:32.863 [JavaFX Application Thread] DEBUG Input                - Registered new binding: Screenshot - CTRL+8
16:34:32.865 [JavaFX Application Thread] DEBUG Input                - Registered new binding: System info dump - CTRL+9
16:34:32.866 [JavaFX Application Thread] DEBUG Input                - Registered new binding: Restart - CTRL+R
16:34:32.866 [JavaFX Application Thread] DEBUG Input                - Registered new binding: Toggle Debug Camera - CTRL+7
16:34:32.869 [JavaFX Application Thread] DEBUG LoopRunner           - Starting loop
16:34:32.870 [JavaFX Application Thread] DEBUG LoopRunner           - Initializing JavaFX AnimationTimerLoop
16:34:32.874 [JavaFX Application Thread] DEBUG Input                - Clearing active input actions
16:34:32.884 [JavaFX Application Thread] DEBUG GameApplicationServi - Removing overlay from FXGLStartupScene and adding to FXGLMainMenuDummyScene
16:34:32.885 [JavaFX Application Thread] DEBUG PrimaryStageWindow   - FXGLStartupScene -> FXGLMainMenuDummyScene
16:34:32.885 [JavaFX Application Thread] DEBUG PrimaryStageWindow   - Push state: BombermanMenu
16:34:32.885 [JavaFX Application Thread] DEBUG Input                - Clearing active input actions
16:34:32.889 [JavaFX Application Thread] DEBUG GameApplicationServi - Removing overlay from FXGLMainMenuDummyScene and adding to BombermanMenu
16:34:32.891 [JavaFX Application Thread] DEBUG PrimaryStageWindow   - FXGLMainMenuDummyScene -> BombermanMenu
16:34:32.916 [FXGL Background Thread 4 ] DEBUG FXGLAssetLoaderServi - Loading from file system: jar:file:///C:/Users/ADMIN/.m2/repository/com/github/almasb/fxgl/17.1/fxgl-17.1.jar!/fxglassets/ui/fonts/Abel-Regular.ttf
16:34:32.947 [FXGL Background Thread 4 ] DEBUG FXGLAssetLoaderServi - Loading from file system: jar:file:///C:/Users/ADMIN/.m2/repository/com/github/almasb/fxgl/17.1/fxgl-17.1.jar!/fxglassets/ui/fonts/TerminalLandMono-Regular.otf
16:34:32.972 [FXGL Background Thread 4 ] DEBUG FXGLAssetLoaderServi - Loading from file system: jar:file:///C:/Users/ADMIN/.m2/repository/com/github/almasb/fxgl/17.1/fxgl-17.1.jar!/fxglassets/ui/fonts/Courier-Prime.ttf
16:34:32.996 [JavaFX Application Thread] DEBUG FXGLApplication      - Registering font factories with UI factory
16:34:33.530 [FXGL Background Thread 2 ] INFO  UpdaterService       - Your current version:  17.1
16:34:33.530 [FXGL Background Thread 2 ] INFO  UpdaterService       - Latest stable version: 17.2
16:34:34.735 [JavaFX Application Thread] DEBUG Menu                 - fireNewGame()
16:34:34.735 [JavaFX Application Thread] DEBUG GameApplicationServi - Starting new game
16:34:34.735 [JavaFX Application Thread] DEBUG PrimaryStageWindow   - Pop state: BombermanMenu
16:34:34.735 [JavaFX Application Thread] DEBUG Input                - Clearing active input actions
16:34:34.736 [JavaFX Application Thread] DEBUG GameApplicationServi - Removing overlay from BombermanMenu and adding to FXGLMainMenuDummyScene
16:34:34.736 [JavaFX Application Thread] DEBUG PrimaryStageWindow   - FXGLMainMenuDummyScene <- BombermanMenu
16:34:34.736 [JavaFX Application Thread] DEBUG Input                - Clearing active input actions
16:34:34.744 [JavaFX Application Thread] DEBUG GameApplicationServi - Removing overlay from FXGLMainMenuDummyScene and adding to FXGLLoadingScene
16:34:34.745 [JavaFX Application Thread] DEBUG PrimaryStageWindow   - FXGLMainMenuDummyScene -> FXGLLoadingScene
16:34:34.745 [JavaFX Application Thread] DEBUG GameApplicationServi - Clearing previous game
16:34:34.745 [JavaFX Application Thread] DEBUG GameScene            - Clearing game scene
16:34:34.745 [JavaFX Application Thread] DEBUG GameWorld            - Clearing game world
16:34:34.745 [JavaFX Application Thread] DEBUG PhysicsWorld         - Clearing physics world
16:34:34.747 [FXGL Background Thread 2 ] DEBUG FXGLApplication      - Initializing game
16:34:34.803 [FXGL Background Thread 2 ] WARN  TMXLevelLoader       - TiledMap generated from 1.9.2. Supported version: 1.4.2. Some features may not be parsed fully.
16:34:34.831 [FXGL Background Thread 2 ] DEBUG TMXLevelLoader       - Parsed TiledMap: file:/C:/Users/ADMIN/IdeaProjects/BombermanPlus/target/classes/assets/levels/bbm_level1.tmx
16:34:34.833 [FXGL Background Thread 2 ] DEBUG TMXLevelLoader       - Creating tile layer entities
16:34:34.837 [FXGL Background Thread 2 ] DEBUG TilesetLoader        - Loading view for layer Tile Layer 1
16:34:34.841 [FXGL Background Thread 2 ] DEBUG TilesetLoader        - Created buffer with size 1488.0x720.0
16:34:35.010 [FXGL Background Thread 2 ] DEBUG TMXLevelLoader       - Creating object layer entities
16:34:35.020 [FXGL Background Thread 2 ] DEBUG FXGLAssetLoaderServi - Loading from file system: file:/C:/Users/ADMIN/IdeaProjects/BombermanPlus/target/classes/assets/textures/items/powerup_speed.png
16:34:35.057 [FXGL Background Thread 2 ] DEBUG FXGLAssetLoaderServi - Loading from file system: file:/C:/Users/ADMIN/IdeaProjects/BombermanPlus/target/classes/assets/textures/items/powerup_flames.png
16:34:35.063 [FXGL Background Thread 2 ] DEBUG FXGLAssetLoaderServi - Loading from file system: file:/C:/Users/ADMIN/IdeaProjects/BombermanPlus/target/classes/assets/textures/items/powerup_bombs.png
16:34:35.071 [FXGL Background Thread 2 ] DEBUG FXGLAssetLoaderServi - Loading from file system: file:/C:/Users/ADMIN/IdeaProjects/BombermanPlus/target/classes/assets/textures/items/powerup_flamepass.png
16:34:35.085 [FXGL Background Thread 2 ] DEBUG FXGLAssetLoaderServi - Loading from file system: file:/C:/Users/ADMIN/IdeaProjects/BombermanPlus/target/classes/assets/textures/items/portal.png
16:34:35.097 [FXGL Background Thread 2 ] DEBUG FXGLAssetLoaderServi - Loading from file system: file:/C:/Users/ADMIN/IdeaProjects/BombermanPlus/target/classes/assets/textures/sprites.png
16:34:35.304 [FXGL Background Thread 2 ] DEBUG GameWorld            - Clearing removable entities
16:34:35.305 [FXGL Background Thread 2 ] DEBUG GameWorld            - Setting level: com.almasb.fxgl.entity.level.Level@3b267a7a
16:34:35.371 [FXGL Background Thread 2 ] INFO  FXGLApplication      - Game initialization took: 0.623 sec
16:34:35.374 [JavaFX Application Thread] DEBUG Input                - Clearing active input actions
16:34:35.391 [JavaFX Application Thread] DEBUG GameApplicationServi - Removing overlay from FXGLLoadingScene and adding to GameScene
16:34:35.391 [JavaFX Application Thread] DEBUG PrimaryStageWindow   - FXGLLoadingScene -> GameScene
16:34:35.756 [FXGL Background Thread 3 ] DEBUG Engine               - Logging environment variables
16:34:35.757 [FXGL Background Thread 3 ] DEBUG Engine               - achievements: []
16:34:35.757 [FXGL Background Thread 3 ] DEBUG Engine               - actualHeight: 720.0
16:34:35.757 [FXGL Background Thread 3 ] DEBUG Engine               - actualHeightProperty: ReadOnlyDoubleProperty [value: 720.0]
16:34:35.758 [FXGL Background Thread 3 ] DEBUG Engine               - actualWidth: 1080.0
16:34:35.758 [FXGL Background Thread 3 ] DEBUG Engine               - actualWidthProperty: ReadOnlyDoubleProperty [value: 1080.0]
16:34:35.758 [FXGL Background Thread 3 ] DEBUG Engine               - appIcon: fxgl_icon.png
16:34:35.759 [FXGL Background Thread 3 ] DEBUG Engine               - applicationMode: DEVELOPER
16:34:35.759 [FXGL Background Thread 3 ] DEBUG Engine               - cSSList: [fxgl_dark.css]
16:34:35.759 [FXGL Background Thread 3 ] DEBUG Engine               - collisionDetectionStrategy: BRUTE_FORCE
16:34:35.759 [FXGL Background Thread 3 ] DEBUG Engine               - configClass: Optional.empty
16:34:35.759 [FXGL Background Thread 3 ] DEBUG Engine               - credits: []
16:34:35.763 [FXGL Background Thread 3 ] DEBUG Engine               - defaultCursor: CursorInfo(imageName=fxgl_default_cursor.png, hotspotX=7.0, hotspotY=6.0)
16:34:35.764 [FXGL Background Thread 3 ] DEBUG Engine               - devBBoxColorProperty: ObjectProperty [value: 0xff0000ff]
16:34:35.764 [FXGL Background Thread 3 ] DEBUG Engine               - devEnableDebugCameraProperty: BooleanProperty [value: false]
16:34:35.764 [FXGL Background Thread 3 ] DEBUG Engine               - devSensorColorProperty: ObjectProperty [value: 0xffff00ff]
16:34:35.764 [FXGL Background Thread 3 ] DEBUG Engine               - devShowBBoxProperty: BooleanProperty [value: false]
16:34:35.764 [FXGL Background Thread 3 ] DEBUG Engine               - devShowPositionProperty: BooleanProperty [value: false]
16:34:35.764 [FXGL Background Thread 3 ] DEBUG Engine               - enabledMenuItems: []
16:34:35.764 [FXGL Background Thread 3 ] DEBUG Engine               - engineServices: [class com.almasb.fxgl.app.services.FXGLAssetLoaderService, class com.almasb.fxgl.app.FXGLApplication$GameApplicationService, class com.almasb.fxgl.app.services.FXGLDialogService, class com.almasb.fxgl.app.services.IOTaskExecutorService, class com.almasb.fxgl.io.FileSystemService, class com.almasb.fxgl.localization.LocalizationService, class com.almasb.fxgl.app.services.SystemBundleService, class com.almasb.fxgl.profile.SaveLoadService, class com.almasb.fxgl.ui.FXGLUIFactoryServiceProvider, class com.almasb.fxgl.ui.FXGLDialogFactoryServiceProvider, class com.almasb.fxgl.audio.AudioPlayer, class com.almasb.fxgl.notification.impl.NotificationServiceProvider, class com.almasb.fxgl.achievement.AchievementService, class com.almasb.fxgl.cutscene.CutsceneService, class com.almasb.fxgl.minigames.MiniGameService, class com.almasb.fxgl.net.NetService, class com.almasb.fxgl.app.services.UpdaterService, class com.almasb.fxgl.dev.DevService]
16:34:35.764 [FXGL Background Thread 3 ] DEBUG Engine               - fontGame: Abel-Regular.ttf
16:34:35.764 [FXGL Background Thread 3 ] DEBUG Engine               - fontMono: TerminalLandMono-Regular.otf
16:34:35.764 [FXGL Background Thread 3 ] DEBUG Engine               - fontText: Courier-Prime.ttf
16:34:35.764 [FXGL Background Thread 3 ] DEBUG Engine               - fontUI: VarelaRound-Regular.ttf
16:34:35.764 [FXGL Background Thread 3 ] DEBUG Engine               - fullScreen: BooleanProperty [value: false]
16:34:35.765 [FXGL Background Thread 3 ] DEBUG Engine               - gameDifficulty: MEDIUM
16:34:35.765 [FXGL Background Thread 3 ] DEBUG Engine               - gameDifficultyProperty: ObjectProperty [value: MEDIUM]
16:34:35.765 [FXGL Background Thread 3 ] DEBUG Engine               - globalMusicVolume: 0.5
16:34:35.765 [FXGL Background Thread 3 ] DEBUG Engine               - globalMusicVolumeProperty: DoubleProperty [value: 0.5]
16:34:35.765 [FXGL Background Thread 3 ] DEBUG Engine               - globalSoundVolume: 0.5
16:34:35.765 [FXGL Background Thread 3 ] DEBUG Engine               - globalSoundVolumeProperty: DoubleProperty [value: 0.5]
16:34:35.765 [FXGL Background Thread 3 ] DEBUG Engine               - height: 720
16:34:35.765 [FXGL Background Thread 3 ] DEBUG Engine               - is3D: false
16:34:35.765 [FXGL Background Thread 3 ] DEBUG Engine               - isAndroid: false
16:34:35.765 [FXGL Background Thread 3 ] DEBUG Engine               - isBrowser: false
16:34:35.765 [FXGL Background Thread 3 ] DEBUG Engine               - isClickFeedbackEnabled: false
16:34:35.765 [FXGL Background Thread 3 ] DEBUG Engine               - isCloseConfirmation: false
16:34:35.765 [FXGL Background Thread 3 ] DEBUG Engine               - isDesktop: true
16:34:35.765 [FXGL Background Thread 3 ] DEBUG Engine               - isDeveloperMenuEnabled: false
16:34:35.765 [FXGL Background Thread 3 ] DEBUG Engine               - isEmbedded: false
16:34:35.765 [FXGL Background Thread 3 ] DEBUG Engine               - isEntityPreloadEnabled: true
16:34:35.765 [FXGL Background Thread 3 ] DEBUG Engine               - isExperimentalTiledLargeMap: false
16:34:35.765 [FXGL Background Thread 3 ] DEBUG Engine               - isFileSystemWriteAllowed: true
16:34:35.766 [FXGL Background Thread 3 ] DEBUG Engine               - isFullScreenAllowed: false
16:34:35.766 [FXGL Background Thread 3 ] DEBUG Engine               - isFullScreenFromStart: false
16:34:35.766 [FXGL Background Thread 3 ] DEBUG Engine               - isGameMenuEnabled: false
16:34:35.766 [FXGL Background Thread 3 ] DEBUG Engine               - isIOS: false
16:34:35.766 [FXGL Background Thread 3 ] DEBUG Engine               - isIntroEnabled: false
16:34:35.766 [FXGL Background Thread 3 ] DEBUG Engine               - isLinux: false
16:34:35.766 [FXGL Background Thread 3 ] DEBUG Engine               - isMac: false
16:34:35.766 [FXGL Background Thread 3 ] DEBUG Engine               - isMainMenuEnabled: true
16:34:35.766 [FXGL Background Thread 3 ] DEBUG Engine               - isManualResizeEnabled: false
16:34:35.766 [FXGL Background Thread 3 ] DEBUG Engine               - isMobile: false
16:34:35.766 [FXGL Background Thread 3 ] DEBUG Engine               - isNative: false
16:34:35.766 [FXGL Background Thread 3 ] DEBUG Engine               - isPauseMusicWhenMinimized: true
16:34:35.766 [FXGL Background Thread 3 ] DEBUG Engine               - isPreserveResizeRatio: false
16:34:35.766 [FXGL Background Thread 3 ] DEBUG Engine               - isProfilingEnabled: false
16:34:35.766 [FXGL Background Thread 3 ] DEBUG Engine               - isScaleAffectedOnResize: true
16:34:35.766 [FXGL Background Thread 3 ] DEBUG Engine               - isSingleStep: false
16:34:35.766 [FXGL Background Thread 3 ] DEBUG Engine               - isUserProfileEnabled: false
16:34:35.766 [FXGL Background Thread 3 ] DEBUG Engine               - isWindows: true
16:34:35.766 [FXGL Background Thread 3 ] DEBUG Engine               - language: ObjectProperty [value: ENGLISH]
16:34:35.766 [FXGL Background Thread 3 ] DEBUG Engine               - menuKey: ESCAPE
16:34:35.766 [FXGL Background Thread 3 ] DEBUG Engine               - mouseSensitivity: 0.2
16:34:35.766 [FXGL Background Thread 3 ] DEBUG Engine               - notificationViewClass: class com.almasb.fxgl.notification.view.XboxNotificationView
16:34:35.766 [FXGL Background Thread 3 ] DEBUG Engine               - pixelsPerMeter: 50.0
16:34:35.766 [FXGL Background Thread 3 ] DEBUG Engine               - platform: WINDOWS
16:34:35.766 [FXGL Background Thread 3 ] DEBUG Engine               - prefHeightProperty: ReadOnlyDoubleProperty [value: 720.0]
16:34:35.766 [FXGL Background Thread 3 ] DEBUG Engine               - prefWidthProperty: ReadOnlyDoubleProperty [value: 1080.0]
16:34:35.766 [FXGL Background Thread 3 ] DEBUG Engine               - profileDir: profiles/
16:34:35.767 [FXGL Background Thread 3 ] DEBUG Engine               - profileName: StringProperty [value: DEFAULT]
16:34:35.767 [FXGL Background Thread 3 ] DEBUG Engine               - randomSeed: -1
16:34:35.767 [FXGL Background Thread 3 ] DEBUG Engine               - runtimeInfo: RuntimeInfo(platform=WINDOWS, version=17.1, build=24.03.2022 17.34)
16:34:35.768 [FXGL Background Thread 3 ] DEBUG Engine               - saveFileExt: sav
16:34:35.768 [FXGL Background Thread 3 ] DEBUG Engine               - scaledHeightProp$fxgl: DoubleProperty [bound, value: 720.0]
16:34:35.768 [FXGL Background Thread 3 ] DEBUG Engine               - scaledWidthProp$fxgl: DoubleProperty [bound, value: 1080.0]
16:34:35.768 [FXGL Background Thread 3 ] DEBUG Engine               - sceneFactory: com.bomberman.bombermanplus.BombermanApp$1@218b63c5
16:34:35.768 [FXGL Background Thread 3 ] DEBUG Engine               - secondsIn24h: 60
16:34:35.768 [FXGL Background Thread 3 ] DEBUG Engine               - soundMenuBack: menu/back.wav
16:34:35.768 [FXGL Background Thread 3 ] DEBUG Engine               - soundMenuPress: menu/press.wav
16:34:35.768 [FXGL Background Thread 3 ] DEBUG Engine               - soundMenuSelect: menu/select.wav
16:34:35.768 [FXGL Background Thread 3 ] DEBUG Engine               - soundNotification: core/notification.wav
16:34:35.768 [FXGL Background Thread 3 ] DEBUG Engine               - stageStyle: DECORATED
16:34:35.768 [FXGL Background Thread 3 ] DEBUG Engine               - supportedLanguages: [ENGLISH, FRENCH, GERMAN, HUNGARIAN, RUSSIAN]
16:34:35.768 [FXGL Background Thread 3 ] DEBUG Engine               - ticksPerSecond: -1
16:34:35.768 [FXGL Background Thread 3 ] DEBUG Engine               - title: BOMBERMAN
16:34:35.768 [FXGL Background Thread 3 ] DEBUG Engine               - urlGithub: https://github.com/AlmasB/FXGL
16:34:35.768 [FXGL Background Thread 3 ] DEBUG Engine               - urlLeaderboard: http://fxgl-top.herokuapp.com/
16:34:35.768 [FXGL Background Thread 3 ] DEBUG Engine               - urlPOM: https://raw.githubusercontent.com/AlmasB/FXGL/release/README.md
16:34:35.768 [FXGL Background Thread 3 ] DEBUG Engine               - userAppClass: class com.bomberman.bombermanplus.BombermanApp
16:34:35.768 [FXGL Background Thread 3 ] DEBUG Engine               - version: 1.0
16:34:35.768 [FXGL Background Thread 3 ] DEBUG Engine               - versionCheckDays: 7
16:34:35.768 [FXGL Background Thread 3 ] DEBUG Engine               - width: 1080
16:34:35.768 [FXGL Background Thread 3 ] DEBUG Engine               - Logging services
16:34:35.768 [FXGL Background Thread 3 ] DEBUG Engine               - class com.almasb.fxgl.app.services.FXGLAssetLoaderService
16:34:35.768 [FXGL Background Thread 3 ] DEBUG Engine               - class com.almasb.fxgl.app.FXGLApplication$GameApplicationService
16:34:35.768 [FXGL Background Thread 3 ] DEBUG Engine               - class com.almasb.fxgl.app.services.FXGLDialogService
16:34:35.768 [FXGL Background Thread 3 ] DEBUG Engine               - class com.almasb.fxgl.app.services.IOTaskExecutorService
16:34:35.768 [FXGL Background Thread 3 ] DEBUG Engine               - class com.almasb.fxgl.io.FileSystemService
16:34:35.769 [FXGL Background Thread 3 ] DEBUG Engine               - class com.almasb.fxgl.localization.LocalizationService
16:34:35.769 [FXGL Background Thread 3 ] DEBUG Engine               - class com.almasb.fxgl.app.services.SystemBundleService
16:34:35.769 [FXGL Background Thread 3 ] DEBUG Engine               - class com.almasb.fxgl.profile.SaveLoadService
16:34:35.769 [FXGL Background Thread 3 ] DEBUG Engine               - class com.almasb.fxgl.ui.FXGLUIFactoryServiceProvider
16:34:35.769 [FXGL Background Thread 3 ] DEBUG Engine               - class com.almasb.fxgl.ui.FXGLDialogFactoryServiceProvider
16:34:35.769 [FXGL Background Thread 3 ] DEBUG Engine               - class com.almasb.fxgl.audio.AudioPlayer
16:34:35.769 [FXGL Background Thread 3 ] DEBUG Engine               - class com.almasb.fxgl.notification.impl.NotificationServiceProvider
16:34:35.769 [FXGL Background Thread 3 ] DEBUG Engine               - class com.almasb.fxgl.achievement.AchievementService
16:34:35.769 [FXGL Background Thread 3 ] DEBUG Engine               - class com.almasb.fxgl.cutscene.CutsceneService
16:34:35.769 [FXGL Background Thread 3 ] DEBUG Engine               - class com.almasb.fxgl.minigames.MiniGameService
16:34:35.769 [FXGL Background Thread 3 ] DEBUG Engine               - class com.almasb.fxgl.net.NetService
16:34:35.769 [FXGL Background Thread 3 ] DEBUG Engine               - class com.almasb.fxgl.app.services.UpdaterService
16:34:35.769 [FXGL Background Thread 3 ] DEBUG Engine               - class com.almasb.fxgl.dev.DevService
16:37:05.936 [JavaFX Application Thread] DEBUG FXGLApplication      - Exiting FXGL
16:37:05.936 [JavaFX Application Thread] DEBUG LoopRunner           - Stopping loop
16:37:05.936 [JavaFX Application Thread] DEBUG SystemBundleService  - Saving FXGL system data
16:37:05.940 [JavaFX Application Thread] DEBUG FileSystemAccess     - Writing to: C:\Users\ADMIN\IdeaProjects\BombermanPlus\system\fxgl.bundle
16:37:05.943 [JavaFX Application Thread] DEBUG Async                - Shutting down background threads
16:37:05.943 [JavaFX Application Thread] DEBUG PrimaryStageWindow   - Closing main window
16:37:05.955 [JavaFX Application Thread] DEBUG Logger               - Closing Logger
