15:57:48.716 [main                     ] DEBUG Logger               - Configured Logger
15:57:48.745 [main                     ] DEBUG GameApplication      - Logging settings
Title: BOMBERMAN
Version: 1.0
Width: 1080
Height: 720
Fullscreen: false
Intro: false
Profiling: false
Single step:false
App Mode: DEVELOPER
Menu Key: ESCAPE
Stage Style: DECORATED
Scene Factory: class com.bomberman.bombermanplus.BombermanApp$1

15:57:49.352 [JavaFX Application Thread] DEBUG FXGLApplication      - Initializing FXGL
15:57:49.359 [JavaFX Application Thread] INFO  Engine               - FXGL-17.1 (24.03.2022 17.34) on WINDOWS (J:19 FX:19-ea)
15:57:49.360 [JavaFX Application Thread] DEBUG Engine               - JRE Vendor Name: Oracle Corporation
15:57:49.360 [JavaFX Application Thread] DEBUG Engine               - Running on OS: Windows 11 version 10.0
15:57:49.360 [JavaFX Application Thread] DEBUG Engine               - Architecture: amd64
15:57:49.360 [JavaFX Application Thread] INFO  Engine               - Source code and latest versions at: https://github.com/AlmasB/FXGL
15:57:49.360 [JavaFX Application Thread] INFO  Engine               -       Ask questions and discuss at: https://github.com/AlmasB/FXGL/discussions
15:57:49.361 [JavaFX Application Thread] INFO  Engine               -              Join the FXGL chat at: https://gitter.im/AlmasB/FXGL
15:57:49.515 [JavaFX Application Thread] DEBUG PrimaryStageWindow   - Creating a JavaFX scene
15:57:49.594 [JavaFX Application Thread] DEBUG PrimaryStageWindow   - Target settings size: 1080.0 x 720.0
15:57:49.595 [JavaFX Application Thread] DEBUG PrimaryStageWindow   - Scaled scene size:    1080.0 x 720.0
15:57:49.595 [JavaFX Application Thread] DEBUG PrimaryStageWindow   - Scaled ratio: (1.0, 1.0)
15:57:49.596 [JavaFX Application Thread] DEBUG PrimaryStageWindow   - Set initial scene to FXGLStartupScene
15:57:49.604 [JavaFX Application Thread] DEBUG PrimaryStageWindow   - Opening main window
15:57:49.716 [JavaFX Application Thread] DEBUG PrimaryStageWindow   - Window border size: (14.4000244140625, 37.5999755859375)
15:57:49.716 [JavaFX Application Thread] DEBUG PrimaryStageWindow   - Scaled size: 1080.0 x 720.0
15:57:49.717 [JavaFX Application Thread] DEBUG PrimaryStageWindow   - Scaled ratio: (1.0, 1.0)
15:57:49.717 [JavaFX Application Thread] DEBUG PrimaryStageWindow   - Scene size: 1080.0 x 720.0
15:57:49.717 [JavaFX Application Thread] DEBUG PrimaryStageWindow   - Stage size: 1094.4000244140625 x 757.5999755859375
15:57:49.729 [FXGL Background Thread 1 ] DEBUG Engine               - Initializing environment variables
15:57:49.792 [FXGL Background Thread 1 ] DEBUG FXGLAssetLoaderServi - User app class for loading assets: class com.bomberman.bombermanplus.BombermanApp
15:57:49.792 [FXGL Background Thread 1 ] DEBUG GameApplicationServi - Applying CSS: fxgl_dark.css
15:57:49.793 [FXGL Background Thread 1 ] DEBUG FXGLAssetLoaderServi - Loading from file system: jar:file:///C:/Users/ADMIN/.m2/repository/com/github/almasb/fxgl/17.1/fxgl-17.1.jar!/fxglassets/ui/css/fxgl_dark.css
15:57:49.844 [FXGL Background Thread 1 ] DEBUG GameApplicationServi - Initializing application scenes
15:57:49.886 [FXGL Background Thread 1 ] DEBUG GameWorld            - Game world initialized
15:57:49.961 [FXGL Background Thread 1 ] DEBUG PhysicsWorld         - Physics world initialized: appHeight=720, physics.ppm=50.0
15:57:49.961 [FXGL Background Thread 1 ] DEBUG PhysicsWorld         - Using strategy: BRUTE_FORCE
15:57:49.965 [FXGL Background Thread 1 ] DEBUG GameScene            - Game scene initialized: 1080x720
15:57:49.995 [FXGL Background Thread 1 ] DEBUG GameApplicationServi - Application scenes initialized
15:57:50.009 [FXGL Background Thread 1 ] DEBUG SystemBundleService  - Loading FXGL system data
15:57:50.017 [FXGL Background Thread 1 ] DEBUG FileSystemAccess     - Reading from: C:\Users\ADMIN\IdeaProjects\BombermanPlus\system\fxgl.bundle
15:57:50.039 [FXGL Background Thread 1 ] DEBUG SystemBundleService  - Bundle FXGL: {}
15:57:50.039 [FXGL Background Thread 1 ] DEBUG UpdaterService       - Checking for updates
15:57:50.059 [FXGL Background Thread 4 ] DEBUG FXGLApplication      - Loading fonts
15:57:50.060 [FXGL Background Thread 1 ] DEBUG FXGLApplication      - Loading default localization
15:57:50.060 [FXGL Background Thread 4 ] DEBUG FXGLAssetLoaderServi - Loading from file system: jar:file:///C:/Users/ADMIN/.m2/repository/com/github/almasb/fxgl/17.1/fxgl-17.1.jar!/fxglassets/ui/fonts/VarelaRound-Regular.ttf
15:57:50.061 [FXGL Background Thread 1 ] DEBUG FXGLAssetLoaderServi - Loading from file system: jar:file:///C:/Users/ADMIN/.m2/repository/com/github/almasb/fxgl/17.1/fxgl-17.1.jar!/fxglassets/languages/english.lang
15:57:50.091 [FXGL Background Thread 1 ] INFO  FXGLApplication      - FXGL initialization took: 0.362 sec
15:57:50.104 [JavaFX Application Thread] DEBUG Input                - Registered new binding: Move Right - D
15:57:50.104 [JavaFX Application Thread] DEBUG Input                - Registered new binding: Move Up - W
15:57:50.105 [JavaFX Application Thread] DEBUG Input                - Registered new binding: Move Down - S
15:57:50.105 [JavaFX Application Thread] DEBUG Input                - Registered new binding: Move Left - A
15:57:50.105 [JavaFX Application Thread] DEBUG Input                - Registered new binding: Place bomb - Space
15:57:50.106 [JavaFX Application Thread] DEBUG FXGLAssetLoaderServi - Loading from file system: jar:file:///C:/Users/ADMIN/.m2/repository/com/github/almasb/fxgl/17.1/fxgl-17.1.jar!/fxglassets/textures/fxgl_icon.png
15:57:50.161 [JavaFX Application Thread] DEBUG FXGLAssetLoaderServi - Loading from file system: jar:file:///C:/Users/ADMIN/.m2/repository/com/github/almasb/fxgl/17.1/fxgl-17.1.jar!/fxglassets/textures/fxgl_default_cursor.png
15:57:50.164 [JavaFX Application Thread] DEBUG Input                - Registered new binding: Screenshot - CTRL+8
15:57:50.164 [JavaFX Application Thread] DEBUG Input                - Registered new binding: System info dump - CTRL+9
15:57:50.164 [JavaFX Application Thread] DEBUG Input                - Registered new binding: Restart - CTRL+R
15:57:50.165 [JavaFX Application Thread] DEBUG Input                - Registered new binding: Toggle Debug Camera - CTRL+7
15:57:50.166 [JavaFX Application Thread] DEBUG LoopRunner           - Starting loop
15:57:50.166 [JavaFX Application Thread] DEBUG LoopRunner           - Initializing JavaFX AnimationTimerLoop
15:57:50.170 [JavaFX Application Thread] DEBUG Input                - Clearing active input actions
15:57:50.176 [JavaFX Application Thread] DEBUG GameApplicationServi - Removing overlay from FXGLStartupScene and adding to FXGLMainMenuDummyScene
15:57:50.177 [JavaFX Application Thread] DEBUG PrimaryStageWindow   - FXGLStartupScene -> FXGLMainMenuDummyScene
15:57:50.177 [JavaFX Application Thread] DEBUG PrimaryStageWindow   - Push state: BombermanMenu
15:57:50.177 [JavaFX Application Thread] DEBUG Input                - Clearing active input actions
15:57:50.179 [JavaFX Application Thread] DEBUG GameApplicationServi - Removing overlay from FXGLMainMenuDummyScene and adding to BombermanMenu
15:57:50.179 [JavaFX Application Thread] DEBUG PrimaryStageWindow   - FXGLMainMenuDummyScene -> BombermanMenu
15:57:50.186 [FXGL Background Thread 4 ] DEBUG FXGLAssetLoaderServi - Loading from file system: jar:file:///C:/Users/ADMIN/.m2/repository/com/github/almasb/fxgl/17.1/fxgl-17.1.jar!/fxglassets/ui/fonts/Abel-Regular.ttf
15:57:50.199 [FXGL Background Thread 4 ] DEBUG FXGLAssetLoaderServi - Loading from file system: jar:file:///C:/Users/ADMIN/.m2/repository/com/github/almasb/fxgl/17.1/fxgl-17.1.jar!/fxglassets/ui/fonts/TerminalLandMono-Regular.otf
15:57:50.216 [FXGL Background Thread 4 ] DEBUG FXGLAssetLoaderServi - Loading from file system: jar:file:///C:/Users/ADMIN/.m2/repository/com/github/almasb/fxgl/17.1/fxgl-17.1.jar!/fxglassets/ui/fonts/Courier-Prime.ttf
15:57:50.360 [JavaFX Application Thread] DEBUG FXGLApplication      - Registering font factories with UI factory
15:57:50.967 [JavaFX Application Thread] DEBUG Menu                 - fireNewGame()
15:57:50.967 [JavaFX Application Thread] DEBUG GameApplicationServi - Starting new game
15:57:50.967 [JavaFX Application Thread] DEBUG PrimaryStageWindow   - Pop state: BombermanMenu
15:57:50.968 [JavaFX Application Thread] DEBUG Input                - Clearing active input actions
15:57:50.968 [JavaFX Application Thread] DEBUG GameApplicationServi - Removing overlay from BombermanMenu and adding to FXGLMainMenuDummyScene
15:57:50.968 [JavaFX Application Thread] DEBUG PrimaryStageWindow   - FXGLMainMenuDummyScene <- BombermanMenu
15:57:50.969 [JavaFX Application Thread] DEBUG Input                - Clearing active input actions
15:57:50.977 [JavaFX Application Thread] DEBUG GameApplicationServi - Removing overlay from FXGLMainMenuDummyScene and adding to FXGLLoadingScene
15:57:50.978 [JavaFX Application Thread] DEBUG PrimaryStageWindow   - FXGLMainMenuDummyScene -> FXGLLoadingScene
15:57:50.978 [JavaFX Application Thread] DEBUG GameApplicationServi - Clearing previous game
15:57:50.978 [JavaFX Application Thread] DEBUG GameScene            - Clearing game scene
15:57:50.978 [JavaFX Application Thread] DEBUG GameWorld            - Clearing game world
15:57:50.978 [JavaFX Application Thread] DEBUG PhysicsWorld         - Clearing physics world
15:57:50.979 [FXGL Background Thread 4 ] DEBUG FXGLApplication      - Initializing game
15:57:51.087 [FXGL Background Thread 4 ] WARN  TMXLevelLoader       - TiledMap generated from 1.9.2. Supported version: 1.4.2. Some features may not be parsed fully.
15:57:51.129 [FXGL Background Thread 4 ] DEBUG TMXLevelLoader       - Parsed TiledMap: file:/C:/Users/ADMIN/IdeaProjects/BombermanPlus/target/classes/assets/levels/bbm_level1.tmx
15:57:51.130 [FXGL Background Thread 4 ] DEBUG TMXLevelLoader       - Creating tile layer entities
15:57:51.132 [FXGL Background Thread 4 ] DEBUG TilesetLoader        - Loading view for layer Tile Layer 1
15:57:51.133 [FXGL Background Thread 2 ] INFO  UpdaterService       - Your current version:  17.1
15:57:51.133 [FXGL Background Thread 2 ] INFO  UpdaterService       - Latest stable version: 17.2
15:57:51.142 [FXGL Background Thread 4 ] DEBUG TilesetLoader        - Created buffer with size 1488.0x720.0
15:57:51.496 [FXGL Background Thread 4 ] DEBUG TMXLevelLoader       - Creating object layer entities
15:57:51.500 [FXGL Background Thread 4 ] DEBUG FXGLAssetLoaderServi - Loading from file system: file:/C:/Users/ADMIN/IdeaProjects/BombermanPlus/target/classes/assets/textures/items/powerup_speed.png
15:57:51.521 [FXGL Background Thread 4 ] DEBUG FXGLAssetLoaderServi - Loading from file system: file:/C:/Users/ADMIN/IdeaProjects/BombermanPlus/target/classes/assets/textures/items/powerup_flames.png
15:57:51.524 [FXGL Background Thread 4 ] DEBUG FXGLAssetLoaderServi - Loading from file system: file:/C:/Users/ADMIN/IdeaProjects/BombermanPlus/target/classes/assets/textures/items/powerup_bombs.png
15:57:51.529 [FXGL Background Thread 4 ] DEBUG FXGLAssetLoaderServi - Loading from file system: file:/C:/Users/ADMIN/IdeaProjects/BombermanPlus/target/classes/assets/textures/items/powerup_flamepass.png
15:57:51.536 [FXGL Background Thread 4 ] DEBUG FXGLAssetLoaderServi - Loading from file system: file:/C:/Users/ADMIN/IdeaProjects/BombermanPlus/target/classes/assets/textures/items/portal.png
15:57:51.540 [FXGL Background Thread 4 ] DEBUG FXGLAssetLoaderServi - Loading from file system: file:/C:/Users/ADMIN/IdeaProjects/BombermanPlus/target/classes/assets/textures/sprites.png
15:57:51.686 [FXGL Background Thread 4 ] DEBUG GameWorld            - Clearing removable entities
15:57:51.687 [FXGL Background Thread 4 ] DEBUG GameWorld            - Setting level: com.almasb.fxgl.entity.level.Level@62fba2c7
15:57:51.752 [FXGL Background Thread 4 ] INFO  FXGLApplication      - Game initialization took: 0.772 sec
15:57:51.757 [JavaFX Application Thread] DEBUG Input                - Clearing active input actions
15:57:51.768 [JavaFX Application Thread] DEBUG GameApplicationServi - Removing overlay from FXGLLoadingScene and adding to GameScene
15:57:51.768 [JavaFX Application Thread] DEBUG PrimaryStageWindow   - FXGLLoadingScene -> GameScene
15:57:53.058 [FXGL Background Thread 3 ] DEBUG Engine               - Logging environment variables
15:57:53.059 [FXGL Background Thread 3 ] DEBUG Engine               - achievements: []
15:57:53.059 [FXGL Background Thread 3 ] DEBUG Engine               - actualHeight: 720.0
15:57:53.059 [FXGL Background Thread 3 ] DEBUG Engine               - actualHeightProperty: ReadOnlyDoubleProperty [value: 720.0]
15:57:53.059 [FXGL Background Thread 3 ] DEBUG Engine               - actualWidth: 1080.0
15:57:53.059 [FXGL Background Thread 3 ] DEBUG Engine               - actualWidthProperty: ReadOnlyDoubleProperty [value: 1080.0]
15:57:53.059 [FXGL Background Thread 3 ] DEBUG Engine               - appIcon: fxgl_icon.png
15:57:53.059 [FXGL Background Thread 3 ] DEBUG Engine               - applicationMode: DEVELOPER
15:57:53.059 [FXGL Background Thread 3 ] DEBUG Engine               - cSSList: [fxgl_dark.css]
15:57:53.059 [FXGL Background Thread 3 ] DEBUG Engine               - collisionDetectionStrategy: BRUTE_FORCE
15:57:53.059 [FXGL Background Thread 3 ] DEBUG Engine               - configClass: Optional.empty
15:57:53.059 [FXGL Background Thread 3 ] DEBUG Engine               - credits: []
15:57:53.061 [FXGL Background Thread 3 ] DEBUG Engine               - defaultCursor: CursorInfo(imageName=fxgl_default_cursor.png, hotspotX=7.0, hotspotY=6.0)
15:57:53.061 [FXGL Background Thread 3 ] DEBUG Engine               - devBBoxColorProperty: ObjectProperty [value: 0xff0000ff]
15:57:53.061 [FXGL Background Thread 3 ] DEBUG Engine               - devEnableDebugCameraProperty: BooleanProperty [value: false]
15:57:53.061 [FXGL Background Thread 3 ] DEBUG Engine               - devSensorColorProperty: ObjectProperty [value: 0xffff00ff]
15:57:53.061 [FXGL Background Thread 3 ] DEBUG Engine               - devShowBBoxProperty: BooleanProperty [value: false]
15:57:53.061 [FXGL Background Thread 3 ] DEBUG Engine               - devShowPositionProperty: BooleanProperty [value: false]
15:57:53.061 [FXGL Background Thread 3 ] DEBUG Engine               - enabledMenuItems: []
15:57:53.061 [FXGL Background Thread 3 ] DEBUG Engine               - engineServices: [class com.almasb.fxgl.app.services.FXGLAssetLoaderService, class com.almasb.fxgl.app.FXGLApplication$GameApplicationService, class com.almasb.fxgl.app.services.FXGLDialogService, class com.almasb.fxgl.app.services.IOTaskExecutorService, class com.almasb.fxgl.io.FileSystemService, class com.almasb.fxgl.localization.LocalizationService, class com.almasb.fxgl.app.services.SystemBundleService, class com.almasb.fxgl.profile.SaveLoadService, class com.almasb.fxgl.ui.FXGLUIFactoryServiceProvider, class com.almasb.fxgl.ui.FXGLDialogFactoryServiceProvider, class com.almasb.fxgl.audio.AudioPlayer, class com.almasb.fxgl.notification.impl.NotificationServiceProvider, class com.almasb.fxgl.achievement.AchievementService, class com.almasb.fxgl.cutscene.CutsceneService, class com.almasb.fxgl.minigames.MiniGameService, class com.almasb.fxgl.net.NetService, class com.almasb.fxgl.app.services.UpdaterService, class com.almasb.fxgl.dev.DevService]
15:57:53.061 [FXGL Background Thread 3 ] DEBUG Engine               - fontGame: Abel-Regular.ttf
15:57:53.061 [FXGL Background Thread 3 ] DEBUG Engine               - fontMono: TerminalLandMono-Regular.otf
15:57:53.061 [FXGL Background Thread 3 ] DEBUG Engine               - fontText: Courier-Prime.ttf
15:57:53.061 [FXGL Background Thread 3 ] DEBUG Engine               - fontUI: VarelaRound-Regular.ttf
15:57:53.061 [FXGL Background Thread 3 ] DEBUG Engine               - fullScreen: BooleanProperty [value: false]
15:57:53.061 [FXGL Background Thread 3 ] DEBUG Engine               - gameDifficulty: MEDIUM
15:57:53.061 [FXGL Background Thread 3 ] DEBUG Engine               - gameDifficultyProperty: ObjectProperty [value: MEDIUM]
15:57:53.061 [FXGL Background Thread 3 ] DEBUG Engine               - globalMusicVolume: 0.5
15:57:53.061 [FXGL Background Thread 3 ] DEBUG Engine               - globalMusicVolumeProperty: DoubleProperty [value: 0.5]
15:57:53.061 [FXGL Background Thread 3 ] DEBUG Engine               - globalSoundVolume: 0.5
15:57:53.061 [FXGL Background Thread 3 ] DEBUG Engine               - globalSoundVolumeProperty: DoubleProperty [value: 0.5]
15:57:53.062 [FXGL Background Thread 3 ] DEBUG Engine               - height: 720
15:57:53.062 [FXGL Background Thread 3 ] DEBUG Engine               - is3D: false
15:57:53.062 [FXGL Background Thread 3 ] DEBUG Engine               - isAndroid: false
15:57:53.062 [FXGL Background Thread 3 ] DEBUG Engine               - isBrowser: false
15:57:53.062 [FXGL Background Thread 3 ] DEBUG Engine               - isClickFeedbackEnabled: false
15:57:53.062 [FXGL Background Thread 3 ] DEBUG Engine               - isCloseConfirmation: false
15:57:53.062 [FXGL Background Thread 3 ] DEBUG Engine               - isDesktop: true
15:57:53.062 [FXGL Background Thread 3 ] DEBUG Engine               - isDeveloperMenuEnabled: false
15:57:53.062 [FXGL Background Thread 3 ] DEBUG Engine               - isEmbedded: false
15:57:53.062 [FXGL Background Thread 3 ] DEBUG Engine               - isEntityPreloadEnabled: true
15:57:53.062 [FXGL Background Thread 3 ] DEBUG Engine               - isExperimentalTiledLargeMap: false
15:57:53.063 [FXGL Background Thread 3 ] DEBUG Engine               - isFileSystemWriteAllowed: true
15:57:53.063 [FXGL Background Thread 3 ] DEBUG Engine               - isFullScreenAllowed: false
15:57:53.063 [FXGL Background Thread 3 ] DEBUG Engine               - isFullScreenFromStart: false
15:57:53.063 [FXGL Background Thread 3 ] DEBUG Engine               - isGameMenuEnabled: false
15:57:53.063 [FXGL Background Thread 3 ] DEBUG Engine               - isIOS: false
15:57:53.063 [FXGL Background Thread 3 ] DEBUG Engine               - isIntroEnabled: false
15:57:53.063 [FXGL Background Thread 3 ] DEBUG Engine               - isLinux: false
15:57:53.063 [FXGL Background Thread 3 ] DEBUG Engine               - isMac: false
15:57:53.063 [FXGL Background Thread 3 ] DEBUG Engine               - isMainMenuEnabled: true
15:57:53.063 [FXGL Background Thread 3 ] DEBUG Engine               - isManualResizeEnabled: false
15:57:53.063 [FXGL Background Thread 3 ] DEBUG Engine               - isMobile: false
15:57:53.063 [FXGL Background Thread 3 ] DEBUG Engine               - isNative: false
15:57:53.063 [FXGL Background Thread 3 ] DEBUG Engine               - isPauseMusicWhenMinimized: true
15:57:53.063 [FXGL Background Thread 3 ] DEBUG Engine               - isPreserveResizeRatio: false
15:57:53.064 [FXGL Background Thread 3 ] DEBUG Engine               - isProfilingEnabled: false
15:57:53.064 [FXGL Background Thread 3 ] DEBUG Engine               - isScaleAffectedOnResize: true
15:57:53.064 [FXGL Background Thread 3 ] DEBUG Engine               - isSingleStep: false
15:57:53.064 [FXGL Background Thread 3 ] DEBUG Engine               - isUserProfileEnabled: false
15:57:53.064 [FXGL Background Thread 3 ] DEBUG Engine               - isWindows: true
15:57:53.064 [FXGL Background Thread 3 ] DEBUG Engine               - language: ObjectProperty [value: ENGLISH]
15:57:53.064 [FXGL Background Thread 3 ] DEBUG Engine               - menuKey: ESCAPE
15:57:53.064 [FXGL Background Thread 3 ] DEBUG Engine               - mouseSensitivity: 0.2
15:57:53.064 [FXGL Background Thread 3 ] DEBUG Engine               - notificationViewClass: class com.almasb.fxgl.notification.view.XboxNotificationView
15:57:53.064 [FXGL Background Thread 3 ] DEBUG Engine               - pixelsPerMeter: 50.0
15:57:53.064 [FXGL Background Thread 3 ] DEBUG Engine               - platform: WINDOWS
15:57:53.064 [FXGL Background Thread 3 ] DEBUG Engine               - prefHeightProperty: ReadOnlyDoubleProperty [value: 720.0]
15:57:53.064 [FXGL Background Thread 3 ] DEBUG Engine               - prefWidthProperty: ReadOnlyDoubleProperty [value: 1080.0]
15:57:53.064 [FXGL Background Thread 3 ] DEBUG Engine               - profileDir: profiles/
15:57:53.064 [FXGL Background Thread 3 ] DEBUG Engine               - profileName: StringProperty [value: DEFAULT]
15:57:53.064 [FXGL Background Thread 3 ] DEBUG Engine               - randomSeed: -1
15:57:53.064 [FXGL Background Thread 3 ] DEBUG Engine               - runtimeInfo: RuntimeInfo(platform=WINDOWS, version=17.1, build=24.03.2022 17.34)
15:57:53.064 [FXGL Background Thread 3 ] DEBUG Engine               - saveFileExt: sav
15:57:53.064 [FXGL Background Thread 3 ] DEBUG Engine               - scaledHeightProp$fxgl: DoubleProperty [bound, value: 720.0]
15:57:53.064 [FXGL Background Thread 3 ] DEBUG Engine               - scaledWidthProp$fxgl: DoubleProperty [bound, value: 1080.0]
15:57:53.064 [FXGL Background Thread 3 ] DEBUG Engine               - sceneFactory: com.bomberman.bombermanplus.BombermanApp$1@5a6ea7b
15:57:53.064 [FXGL Background Thread 3 ] DEBUG Engine               - secondsIn24h: 60
15:57:53.064 [FXGL Background Thread 3 ] DEBUG Engine               - soundMenuBack: menu/back.wav
15:57:53.064 [FXGL Background Thread 3 ] DEBUG Engine               - soundMenuPress: menu/press.wav
15:57:53.065 [FXGL Background Thread 3 ] DEBUG Engine               - soundMenuSelect: menu/select.wav
15:57:53.065 [FXGL Background Thread 3 ] DEBUG Engine               - soundNotification: core/notification.wav
15:57:53.065 [FXGL Background Thread 3 ] DEBUG Engine               - stageStyle: DECORATED
15:57:53.065 [FXGL Background Thread 3 ] DEBUG Engine               - supportedLanguages: [ENGLISH, FRENCH, GERMAN, HUNGARIAN, RUSSIAN]
15:57:53.065 [FXGL Background Thread 3 ] DEBUG Engine               - ticksPerSecond: -1
15:57:53.065 [FXGL Background Thread 3 ] DEBUG Engine               - title: BOMBERMAN
15:57:53.065 [FXGL Background Thread 3 ] DEBUG Engine               - urlGithub: https://github.com/AlmasB/FXGL
15:57:53.065 [FXGL Background Thread 3 ] DEBUG Engine               - urlLeaderboard: http://fxgl-top.herokuapp.com/
15:57:53.065 [FXGL Background Thread 3 ] DEBUG Engine               - urlPOM: https://raw.githubusercontent.com/AlmasB/FXGL/release/README.md
15:57:53.065 [FXGL Background Thread 3 ] DEBUG Engine               - userAppClass: class com.bomberman.bombermanplus.BombermanApp
15:57:53.065 [FXGL Background Thread 3 ] DEBUG Engine               - version: 1.0
15:57:53.065 [FXGL Background Thread 3 ] DEBUG Engine               - versionCheckDays: 7
15:57:53.065 [FXGL Background Thread 3 ] DEBUG Engine               - width: 1080
15:57:53.065 [FXGL Background Thread 3 ] DEBUG Engine               - Logging services
15:57:53.065 [FXGL Background Thread 3 ] DEBUG Engine               - class com.almasb.fxgl.app.services.FXGLAssetLoaderService
15:57:53.065 [FXGL Background Thread 3 ] DEBUG Engine               - class com.almasb.fxgl.app.FXGLApplication$GameApplicationService
15:57:53.065 [FXGL Background Thread 3 ] DEBUG Engine               - class com.almasb.fxgl.app.services.FXGLDialogService
15:57:53.065 [FXGL Background Thread 3 ] DEBUG Engine               - class com.almasb.fxgl.app.services.IOTaskExecutorService
15:57:53.065 [FXGL Background Thread 3 ] DEBUG Engine               - class com.almasb.fxgl.io.FileSystemService
15:57:53.065 [FXGL Background Thread 3 ] DEBUG Engine               - class com.almasb.fxgl.localization.LocalizationService
15:57:53.065 [FXGL Background Thread 3 ] DEBUG Engine               - class com.almasb.fxgl.app.services.SystemBundleService
15:57:53.065 [FXGL Background Thread 3 ] DEBUG Engine               - class com.almasb.fxgl.profile.SaveLoadService
15:57:53.065 [FXGL Background Thread 3 ] DEBUG Engine               - class com.almasb.fxgl.ui.FXGLUIFactoryServiceProvider
15:57:53.066 [FXGL Background Thread 3 ] DEBUG Engine               - class com.almasb.fxgl.ui.FXGLDialogFactoryServiceProvider
15:57:53.066 [FXGL Background Thread 3 ] DEBUG Engine               - class com.almasb.fxgl.audio.AudioPlayer
15:57:53.066 [FXGL Background Thread 3 ] DEBUG Engine               - class com.almasb.fxgl.notification.impl.NotificationServiceProvider
15:57:53.066 [FXGL Background Thread 3 ] DEBUG Engine               - class com.almasb.fxgl.achievement.AchievementService
15:57:53.066 [FXGL Background Thread 3 ] DEBUG Engine               - class com.almasb.fxgl.cutscene.CutsceneService
15:57:53.066 [FXGL Background Thread 3 ] DEBUG Engine               - class com.almasb.fxgl.minigames.MiniGameService
15:57:53.066 [FXGL Background Thread 3 ] DEBUG Engine               - class com.almasb.fxgl.net.NetService
15:57:53.066 [FXGL Background Thread 3 ] DEBUG Engine               - class com.almasb.fxgl.app.services.UpdaterService
15:57:53.066 [FXGL Background Thread 3 ] DEBUG Engine               - class com.almasb.fxgl.dev.DevService
15:59:37.587 [JavaFX Application Thread] WARN  GameWorld            - Attempted to remove entity which is not active
16:00:20.644 [JavaFX Application Thread] WARN  GameWorld            - Attempted to remove entity which is not active
16:01:08.219 [JavaFX Application Thread] DEBUG FXGLApplication      - Exiting FXGL
16:01:08.219 [JavaFX Application Thread] DEBUG LoopRunner           - Stopping loop
16:01:08.219 [JavaFX Application Thread] DEBUG SystemBundleService  - Saving FXGL system data
16:01:08.234 [JavaFX Application Thread] DEBUG FileSystemAccess     - Writing to: C:\Users\ADMIN\IdeaProjects\BombermanPlus\system\fxgl.bundle
16:01:08.237 [JavaFX Application Thread] DEBUG Async                - Shutting down background threads
16:01:08.237 [JavaFX Application Thread] DEBUG PrimaryStageWindow   - Closing main window
16:01:08.253 [JavaFX Application Thread] DEBUG Logger               - Closing Logger
